2026-04-25 22:46:48,542 - freqtrade - INFO - freqtrade 2026.3
2026-04-25 22:46:49,607 - freqtrade.configuration.load_config - INFO - Using config: /home/mohs/Desktop/ae/pyside6/user_data/config.json ...
2026-04-25 22:46:49,609 - freqtrade.loggers - INFO - Enabling colorized output.
2026-04-25 22:46:49,609 - freqtrade.loggers - INFO - Logfile configured
2026-04-25 22:46:49,610 - freqtrade.loggers - INFO - Verbosity set to 0
2026-04-25 22:46:49,610 - freqtrade.configuration.configuration - INFO - Using additional Strategy lookup path: 
/home/mohs/Desktop/ae/pyside6/user_data/optimizer/sessions/b8194b7f-3716-497e-8a17-833c28d4e223/trial_144/strategy_dir
2026-04-25 22:46:49,610 - freqtrade.configuration.configuration - WARNING - `force_entry_enable` RPC message enabled.
2026-04-25 22:46:49,610 - freqtrade.configuration.configuration - INFO - Parameter -i/--timeframe detected ... Using timeframe: 4h ...
2026-04-25 22:46:49,611 - freqtrade.configuration.configuration - INFO - Parameter --max-open-trades detected, overriding max_open_trades to: 3 ...
2026-04-25 22:46:49,611 - freqtrade.configuration.configuration - INFO - Parameter --dry-run-wallet detected, overriding dry_run_wallet to: 150.0 ...
2026-04-25 22:46:49,611 - freqtrade.configuration.configuration - INFO - Parameter --timerange detected: 20250422-20260417 ...
2026-04-25 22:46:49,612 - freqtrade.configuration.configuration - INFO - Using user-data directory: /home/mohs/Desktop/ae/pyside6/user_data ...
2026-04-25 22:46:49,612 - freqtrade.configuration.configuration - INFO - Using data directory: /home/mohs/Desktop/ae/pyside6/user_data/data/binance ...
2026-04-25 22:46:49,612 - freqtrade.configuration.configuration - INFO - Parameter --export detected: trades ...
2026-04-25 22:46:49,612 - freqtrade.configuration.configuration - INFO - Parameter --cache=day detected ...
2026-04-25 22:46:49,613 - freqtrade.configuration.configuration - INFO - Using pairs ['XRP/USDT', 'ETH/USDT', 'HOME/USDT']
2026-04-25 22:46:49,613 - freqtrade.configuration.configuration - INFO - Filter trades by timerange: 20250422-20260417
2026-04-25 22:46:49,613 - freqtrade.exchange.check_exchange - INFO - Checking exchange...
2026-04-25 22:46:49,619 - freqtrade.exchange.check_exchange - INFO - Exchange "binance" is officially supported by the Freqtrade development team.
2026-04-25 22:46:49,620 - freqtrade.configuration.config_validation - INFO - Validating configuration ...
2026-04-25 22:46:49,622 - freqtrade.commands.optimize_commands - INFO - Starting freqtrade in Backtesting mode
2026-04-25 22:46:49,622 - freqtrade.exchange.exchange - INFO - Instance is running with dry_run enabled
2026-04-25 22:46:49,622 - freqtrade.exchange.exchange - INFO - Using CCXT 4.5.50
2026-04-25 22:46:49,623 - freqtrade.exchange.exchange - INFO - Applying additional ccxt config: {'enableRateLimit': True, 'timeout': 120000}
2026-04-25 22:46:49,628 - freqtrade.exchange.exchange - INFO - Applying additional ccxt config: {'enableRateLimit': True, 'timeout': 120000}
2026-04-25 22:46:49,633 - freqtrade.exchange.exchange - INFO - Using Exchange "Binance"
2026-04-25 22:46:50,789 - freqtrade.resolvers.exchange_resolver - INFO - Using resolved exchange 'Binance'...
2026-04-25 22:46:50,797 - freqtrade.resolvers.iresolver - INFO - Using resolved strategy yes from 
'/home/mohs/Desktop/ae/pyside6/user_data/optimizer/sessions/b8194b7f-3716-497e-8a17-833c28d4e223/trial_144/strategy_dir/yes.py'...
2026-04-25 22:46:50,798 - freqtrade.strategy.hyper - INFO - Loading parameters from file 
/home/mohs/Desktop/ae/pyside6/user_data/optimizer/sessions/b8194b7f-3716-497e-8a17-833c28d4e223/trial_144/strategy_dir/yes.json
2026-04-25 22:46:50,798 - freqtrade.resolvers.strategy_resolver - INFO - Override strategy 'timeframe' with value from the configuration: 4h.
2026-04-25 22:46:50,798 - freqtrade.resolvers.strategy_resolver - INFO - Override strategy 'stake_currency' with value from the configuration: USDT.
2026-04-25 22:46:50,799 - freqtrade.resolvers.strategy_resolver - INFO - Override strategy 'stake_amount' with value from the configuration: unlimited.
2026-04-25 22:46:50,799 - freqtrade.resolvers.strategy_resolver - INFO - Override strategy 'use_exit_signal' with value from the configuration: True.
2026-04-25 22:46:50,799 - freqtrade.resolvers.strategy_resolver - INFO - Override strategy 'max_open_trades' with value from the configuration: 3.
2026-04-25 22:46:50,799 - freqtrade.resolvers.strategy_resolver - INFO - Strategy using minimal_roi: {'0': 1.4247814891153607, '13': 0.6938479958592972, '146': 0.10017618468350796, '38': 
0.06133948838581063}
2026-04-25 22:46:50,800 - freqtrade.resolvers.strategy_resolver - INFO - Strategy using timeframe: 4h
2026-04-25 22:46:50,800 - freqtrade.resolvers.strategy_resolver - INFO - Strategy using stoploss: -0.9642442208860778
2026-04-25 22:46:50,800 - freqtrade.resolvers.strategy_resolver - INFO - Strategy using trailing_stop: False
2026-04-25 22:46:50,800 - freqtrade.resolvers.strategy_resolver - INFO - Strategy using trailing_stop_positive: 0.4350905484043945
2026-04-25 22:46:50,801 - freqtrade.resolvers.strategy_resolver - INFO - Strategy using trailing_stop_positive_offset: 0.33349765197957015
2026-04-25 22:46:50,801 - freqtrade.resolvers.strategy_resolver - INFO - Strategy using trailing_only_offset_is_reached: True
2026-04-25 22:46:50,801 - freqtrade.resolvers.strategy_resolver - INFO - Strategy using use_custom_stoploss: False
2026-04-25 22:46:50,801 - freqtrade.resolvers.strategy_resolver - INFO - Strategy using process_only_new_candles: True
2026-04-25 22:46:50,802 - freqtrade.resolvers.strategy_resolver - INFO - Strategy using order_types: {'entry': 'limit', 'exit': 'limit', 'stoploss': 'limit', 'stoploss_on_exchange': False, 
'stoploss_on_exchange_interval': 60}
2026-04-25 22:46:50,802 - freqtrade.resolvers.strategy_resolver - INFO - Strategy using order_time_in_force: {'entry': 'GTC', 'exit': 'GTC'}
2026-04-25 22:46:50,802 - freqtrade.resolvers.strategy_resolver - INFO - Strategy using stake_currency: USDT
2026-04-25 22:46:50,802 - freqtrade.resolvers.strategy_resolver - INFO - Strategy using stake_amount: unlimited
2026-04-25 22:46:50,803 - freqtrade.resolvers.strategy_resolver - INFO - Strategy using startup_candle_count: 0
2026-04-25 22:46:50,803 - freqtrade.resolvers.strategy_resolver - INFO - Strategy using use_exit_signal: True
2026-04-25 22:46:50,803 - freqtrade.resolvers.strategy_resolver - INFO - Strategy using exit_profit_only: False
2026-04-25 22:46:50,803 - freqtrade.resolvers.strategy_resolver - INFO - Strategy using ignore_roi_if_entry_signal: False
2026-04-25 22:46:50,804 - freqtrade.resolvers.strategy_resolver - INFO - Strategy using exit_profit_offset: 0.0
2026-04-25 22:46:50,804 - freqtrade.resolvers.strategy_resolver - INFO - Strategy using disable_dataframe_checks: False
2026-04-25 22:46:50,804 - freqtrade.resolvers.strategy_resolver - INFO - Strategy using ignore_buying_expired_candle_after: 0
2026-04-25 22:46:50,804 - freqtrade.resolvers.strategy_resolver - INFO - Strategy using position_adjustment_enable: False
2026-04-25 22:46:50,804 - freqtrade.resolvers.strategy_resolver - INFO - Strategy using max_entry_position_adjustment: -1
2026-04-25 22:46:50,805 - freqtrade.resolvers.strategy_resolver - INFO - Strategy using max_open_trades: 3
2026-04-25 22:46:50,805 - freqtrade.configuration.config_validation - INFO - Validating configuration ...
2026-04-25 22:46:50,809 - freqtrade.resolvers.iresolver - INFO - Using resolved pairlist StaticPairList from 
'/home/mohs/Desktop/ae/pyside6/.venv/lib/python3.12/site-packages/freqtrade/plugins/pairlist/StaticPairList.py'...
2026-04-25 22:46:50,821 - freqtrade.optimize.backtesting - INFO - Using fee 0.1000% - worst case fee from exchange (lowest tier).
2026-04-25 22:46:50,857 - freqtrade.data.history.datahandlers.idatahandler - WARNING - HOME/USDT, spot, 4h, data starts at 2025-06-12 12:00:00
2026-04-25 22:46:50,864 - freqtrade.optimize.backtesting - INFO - Loading data from 2025-04-22 00:00:00 up to 2026-04-17 00:00:00 (360 days).
2026-04-25 22:46:50,921 - freqtrade.optimize.backtesting - INFO - Dataload complete. Calculating indicators
2026-04-25 22:46:50,931 - freqtrade.optimize.backtesting - INFO - Running backtesting for Strategy yes
2026-04-25 22:46:50,931 - freqtrade.strategy.hyper - INFO - Strategy Parameter: buy_ma_count = 3
2026-04-25 22:46:50,932 - freqtrade.strategy.hyper - INFO - Strategy Parameter: buy_ma_gap = 6
2026-04-25 22:46:50,932 - freqtrade.strategy.hyper - INFO - Strategy Parameter: sell_ma_count = 14
2026-04-25 22:46:50,932 - freqtrade.strategy.hyper - INFO - Strategy Parameter: sell_ma_gap = 47
2026-04-25 22:46:50,942 - freqtrade.optimize.backtesting - INFO - Backtesting with data from 2025-04-22 00:00:00 up to 2026-04-17 00:00:00 (360 days).
2026-04-25 22:46:51,593 - freqtrade.misc - INFO - dumping json to "/home/mohs/Desktop/ae/pyside6/user_data/backtest_results/backtest-result-2026-04-25_22-46-51.meta.json"
Result for strategy yes
                                                BACKTESTING REPORT                                                
┏━━━━━━━━━━━┳━━━━━━━━┳━━━━━━━━━━━━━━┳━━━━━━━━━━━━━━━━━┳━━━━━━━━━━━━━━┳━━━━━━━━━━━━━━━━━━┳━━━━━━━━━━━━━━━━━━━━━━━━┓
┃      Pair ┃ Trades ┃ Avg Profit % ┃ Tot Profit USDT ┃ Tot Profit % ┃     Avg Duration ┃  Win  Draw  Loss  Win% ┃
┡━━━━━━━━━━━╇━━━━━━━━╇━━━━━━━━━━━━━━╇━━━━━━━━━━━━━━━━━╇━━━━━━━━━━━━━━╇━━━━━━━━━━━━━━━━━━╇━━━━━━━━━━━━━━━━━━━━━━━━┩
│ HOME/USDT │     15 │         5.34 │          52.225 │        34.82 │ 3 days, 18:08:00 │   10     0     5  66.7 │
│  ETH/USDT │     13 │          4.2 │          29.739 │        19.83 │  5 days, 5:14:00 │    8     0     5  61.5 │
│  XRP/USDT │     10 │         3.39 │          20.953 │        13.97 │  7 days, 1:36:00 │    7     0     3  70.0 │
│     TOTAL │     38 │         4.43 │         102.917 │        68.61 │  5 days, 3:03:00 │   25     0    13  65.8 │
└───────────┴────────┴──────────────┴─────────────────┴──────────────┴──────────────────┴────────────────────────┘
                                             LEFT OPEN TRADES REPORT                                             
┏━━━━━━━━━━┳━━━━━━━━┳━━━━━━━━━━━━━━┳━━━━━━━━━━━━━━━━━┳━━━━━━━━━━━━━━┳━━━━━━━━━━━━━━━━━━┳━━━━━━━━━━━━━━━━━━━━━━━━┓
┃     Pair ┃ Trades ┃ Avg Profit % ┃ Tot Profit USDT ┃ Tot Profit % ┃     Avg Duration ┃  Win  Draw  Loss  Win% ┃
┡━━━━━━━━━━╇━━━━━━━━╇━━━━━━━━━━━━━━╇━━━━━━━━━━━━━━━━━╇━━━━━━━━━━━━━━╇━━━━━━━━━━━━━━━━━━╇━━━━━━━━━━━━━━━━━━━━━━━━┩
│ XRP/USDT │      1 │         3.11 │           2.578 │         1.72 │         20:00:00 │    1     0     0   100 │
│ ETH/USDT │      1 │         2.56 │           2.119 │         1.41 │  5 days, 0:00:00 │    1     0     0   100 │
│    TOTAL │      2 │         2.84 │           4.697 │         3.13 │ 2 days, 22:00:00 │    2     0     0   100 │
└──────────┴────────┴──────────────┴─────────────────┴──────────────┴──────────────────┴────────────────────────┘
                                                 ENTER TAG STATS                                                  
┏━━━━━━━━━━━┳━━━━━━━━━┳━━━━━━━━━━━━━━┳━━━━━━━━━━━━━━━━━┳━━━━━━━━━━━━━━┳━━━━━━━━━━━━━━━━━┳━━━━━━━━━━━━━━━━━━━━━━━━┓
┃ Enter Tag ┃ Entries ┃ Avg Profit % ┃ Tot Profit USDT ┃ Tot Profit % ┃    Avg Duration ┃  Win  Draw  Loss  Win% ┃
┡━━━━━━━━━━━╇━━━━━━━━━╇━━━━━━━━━━━━━━╇━━━━━━━━━━━━━━━━━╇━━━━━━━━━━━━━━╇━━━━━━━━━━━━━━━━━╇━━━━━━━━━━━━━━━━━━━━━━━━┩
│     OTHER │      38 │         4.43 │         102.917 │        68.61 │ 5 days, 3:03:00 │   25     0    13  65.8 │
│     TOTAL │      38 │         4.43 │         102.917 │        68.61 │ 5 days, 3:03:00 │   25     0    13  65.8 │
└───────────┴─────────┴──────────────┴─────────────────┴──────────────┴─────────────────┴────────────────────────┘
                                                 EXIT REASON STATS                                                 
┏━━━━━━━━━━━━━┳━━━━━━━┳━━━━━━━━━━━━━━┳━━━━━━━━━━━━━━━━━┳━━━━━━━━━━━━━━┳━━━━━━━━━━━━━━━━━━┳━━━━━━━━━━━━━━━━━━━━━━━━┓
┃ Exit Reason ┃ Exits ┃ Avg Profit % ┃ Tot Profit USDT ┃ Tot Profit % ┃     Avg Duration ┃  Win  Draw  Loss  Win% ┃
┡━━━━━━━━━━━━━╇━━━━━━━╇━━━━━━━━━━━━━━╇━━━━━━━━━━━━━━━━━╇━━━━━━━━━━━━━━╇━━━━━━━━━━━━━━━━━━╇━━━━━━━━━━━━━━━━━━━━━━━━┩
│         roi │    22 │        10.02 │         134.808 │        89.87 │  4 days, 3:49:00 │   22     0     0   100 │
│  force_exit │     2 │         2.84 │           4.697 │         3.13 │ 2 days, 22:00:00 │    2     0     0   100 │
│ exit_signal │    14 │        -4.11 │         -36.587 │       -24.39 │ 6 days, 23:09:00 │    1     0    13   7.1 │
│       TOTAL │    38 │         4.43 │         102.917 │        68.61 │  5 days, 3:03:00 │   25     0    13  65.8 │
└─────────────┴───────┴──────────────┴─────────────────┴──────────────┴──────────────────┴────────────────────────┘
                                                        MIXED TAG STATS                                                         
┏━━━━━━━━━━━┳━━━━━━━━━━━━━┳━━━━━━━━┳━━━━━━━━━━━━━━┳━━━━━━━━━━━━━━━━━┳━━━━━━━━━━━━━━┳━━━━━━━━━━━━━━━━━━┳━━━━━━━━━━━━━━━━━━━━━━━━┓
┃ Enter Tag ┃ Exit Reason ┃ Trades ┃ Avg Profit % ┃ Tot Profit USDT ┃ Tot Profit % ┃     Avg Duration ┃  Win  Draw  Loss  Win% ┃
┡━━━━━━━━━━━╇━━━━━━━━━━━━━╇━━━━━━━━╇━━━━━━━━━━━━━━╇━━━━━━━━━━━━━━━━━╇━━━━━━━━━━━━━━╇━━━━━━━━━━━━━━━━━━╇━━━━━━━━━━━━━━━━━━━━━━━━┩
│           │         roi │     22 │        10.02 │         134.808 │        89.87 │  4 days, 3:49:00 │   22     0     0   100 │
│           │  force_exit │      2 │         2.84 │           4.697 │         3.13 │ 2 days, 22:00:00 │    2     0     0   100 │
│           │ exit_signal │     14 │        -4.11 │         -36.587 │       -24.39 │ 6 days, 23:09:00 │    1     0    13   7.1 │
│     TOTAL │             │     38 │         4.43 │         102.917 │        68.61 │  5 days, 3:03:00 │   25     0    13  65.8 │
└───────────┴─────────────┴────────┴──────────────┴─────────────────┴──────────────┴──────────────────┴────────────────────────┘
                          SUMMARY METRICS                          
┏━━━━━━━━━━━━━━━━━━━━━━━━━━━━━━━┳━━━━━━━━━━━━━━━━━━━━━━━━━━━━━━━━━┓
┃ Metric                        ┃ Value                           ┃
┡━━━━━━━━━━━━━━━━━━━━━━━━━━━━━━━╇━━━━━━━━━━━━━━━━━━━━━━━━━━━━━━━━━┩
│ Backtesting from              │ 2025-04-22 00:00:00             │
│ Backtesting to                │ 2026-04-17 00:00:00             │
│ Trading Mode                  │ Spot                            │
│ Max open trades               │ 3                               │
│                               │                                 │
│ Total/Daily Avg Trades        │ 38 / 0.11                       │
│ Starting balance              │ 150 USDT                        │
│ Final balance                 │ 252.917 USDT                    │
│ Absolute profit               │ 102.917 USDT                    │
│ Total profit %                │ 68.61%                          │
│ CAGR %                        │ 69.84%                          │
│ Sortino                       │ 2.16                            │
│ Sharpe                        │ 1.16                            │
│ Calmar                        │ 28.39                           │
│ SQN                           │ 3.49                            │
│ Profit factor                 │ 3.41                            │
│ Expectancy (Ratio)            │ 2.71 (0.82)                     │
│ Avg. daily profit             │ 0.286 USDT                      │
│ Avg. stake amount             │ 66.019 USDT                     │
│ Total trade volume            │ 5130.621 USDT                   │
│                               │                                 │
│ Best Pair                     │ HOME/USDT 34.82%                │
│ Worst Pair                    │ XRP/USDT 13.97%                 │
│ Best trade                    │ HOME/USDT 10.03%                │
│ Worst trade                   │ XRP/USDT -18.32%                │
│ Best day                      │ 12.548 USDT                     │
│ Worst day                     │ -10.414 USDT                    │
│ Days win/draw/lose            │ 22 / 311 / 12                   │
│ Min/Max/Avg. Duration Winners │ 0d 04:00 / 17d 20:00 / 4d 04:38 │
│ Min/Max/Avg. Duration Losers  │ 0d 04:00 / 32d 04:00 / 6d 22:09 │
│ Max Consecutive Wins / Loss   │ 12 / 5                          │
│ Rejected Entry signals        │ 0                               │
│ Entry/Exit Timeouts           │ 0 / 0                           │
│                               │                                 │
│ Min balance                   │ 148.625 USDT                    │
│ Max balance                   │ 259.748 USDT                    │
│ Max % of account underwater   │ 12.83%                          │
│ Absolute drawdown             │ 21.87 USDT (12.83%)             │
│ Drawdown duration             │ 38 days 12:00:00                │
│ Profit at drawdown start      │ 20.496 USDT                     │
│ Profit at drawdown end        │ -1.375 USDT                     │
│ Drawdown start                │ 2025-05-11 00:00:00             │
│ Drawdown end                  │ 2025-06-18 12:00:00             │
│ Market change                 │ -9.22%                          │
└───────────────────────────────┴─────────────────────────────────┘

Backtested 2025-04-22 00:00:00 -> 2026-04-17 00:00:00 | Max open trades : 3
                                                          STRATEGY SUMMARY                                                           
┏━━━━━━━━━━┳━━━━━━━━┳━━━━━━━━━━━━━━┳━━━━━━━━━━━━━━━━━┳━━━━━━━━━━━━━━┳━━━━━━━━━━━━━━━━━┳━━━━━━━━━━━━━━━━━━━━━━━━┳━━━━━━━━━━━━━━━━━━━━┓
┃ Strategy ┃ Trades ┃ Avg Profit % ┃ Tot Profit USDT ┃ Tot Profit % ┃    Avg Duration ┃  Win  Draw  Loss  Win% ┃           Drawdown ┃
┡━━━━━━━━━━╇━━━━━━━━╇━━━━━━━━━━━━━━╇━━━━━━━━━━━━━━━━━╇━━━━━━━━━━━━━━╇━━━━━━━━━━━━━━━━━╇━━━━━━━━━━━━━━━━━━━━━━━━╇━━━━━━━━━━━━━━━━━━━━┩
│      yes │     38 │         4.43 │         102.917 │        68.61 │ 5 days, 3:03:00 │   25     0    13  65.8 │ 21.87 USDT  12.83% │
└──────────┴────────┴──────────────┴─────────────────┴──────────────┴─────────────────┴────────────────────────┴────────────────────┘