2026-04-25 21:56:09,037 - freqtrade - INFO - freqtrade 2026.3
2026-04-25 21:56:10,082 - freqtrade.configuration.load_config - INFO - Using config: /home/mohs/Desktop/ae/pyside6/user_data/config.json ...
2026-04-25 21:56:10,084 - freqtrade.loggers - INFO - Enabling colorized output.
2026-04-25 21:56:10,085 - freqtrade.loggers - INFO - Logfile configured
2026-04-25 21:56:10,085 - freqtrade.loggers - INFO - Verbosity set to 0
2026-04-25 21:56:10,085 - freqtrade.configuration.configuration - INFO - Using additional Strategy lookup path: 
/home/mohs/Desktop/ae/pyside6/user_data/optimizer/sessions/cc8d7aa3-4a01-4b96-b398-01484bd54a80/trial_008/strategy_dir
2026-04-25 21:56:10,085 - freqtrade.configuration.configuration - WARNING - `force_entry_enable` RPC message enabled.
2026-04-25 21:56:10,086 - freqtrade.configuration.configuration - INFO - Parameter -i/--timeframe detected ... Using timeframe: 5m ...
2026-04-25 21:56:10,086 - freqtrade.configuration.configuration - INFO - Parameter --max-open-trades detected, overriding max_open_trades to: 3 ...
2026-04-25 21:56:10,086 - freqtrade.configuration.configuration - INFO - Parameter --dry-run-wallet detected, overriding dry_run_wallet to: 150.0 ...
2026-04-25 21:56:10,087 - freqtrade.configuration.configuration - INFO - Parameter --timerange detected: 20250422-20260417 ...
2026-04-25 21:56:10,087 - freqtrade.configuration.configuration - INFO - Using user-data directory: /home/mohs/Desktop/ae/pyside6/user_data ...
2026-04-25 21:56:10,087 - freqtrade.configuration.configuration - INFO - Using data directory: /home/mohs/Desktop/ae/pyside6/user_data/data/binance ...
2026-04-25 21:56:10,087 - freqtrade.configuration.configuration - INFO - Parameter --export detected: trades ...
2026-04-25 21:56:10,088 - freqtrade.configuration.configuration - INFO - Parameter --cache=day detected ...
2026-04-25 21:56:10,088 - freqtrade.configuration.configuration - INFO - Using pairs ['XRP/USDT', 'ETH/USDT', 'HOME/USDT']
2026-04-25 21:56:10,088 - freqtrade.configuration.configuration - INFO - Filter trades by timerange: 20250422-20260417
2026-04-25 21:56:10,089 - freqtrade.exchange.check_exchange - INFO - Checking exchange...
2026-04-25 21:56:10,094 - freqtrade.exchange.check_exchange - INFO - Exchange "binance" is officially supported by the Freqtrade development team.
2026-04-25 21:56:10,095 - freqtrade.configuration.config_validation - INFO - Validating configuration ...
2026-04-25 21:56:10,097 - freqtrade.commands.optimize_commands - INFO - Starting freqtrade in Backtesting mode
2026-04-25 21:56:10,097 - freqtrade.exchange.exchange - INFO - Instance is running with dry_run enabled
2026-04-25 21:56:10,097 - freqtrade.exchange.exchange - INFO - Using CCXT 4.5.50
2026-04-25 21:56:10,098 - freqtrade.exchange.exchange - INFO - Applying additional ccxt config: {'enableRateLimit': True, 'timeout': 120000}
2026-04-25 21:56:10,103 - freqtrade.exchange.exchange - INFO - Applying additional ccxt config: {'enableRateLimit': True, 'timeout': 120000}
2026-04-25 21:56:10,108 - freqtrade.exchange.exchange - INFO - Using Exchange "Binance"
2026-04-25 21:56:11,287 - freqtrade.resolvers.exchange_resolver - INFO - Using resolved exchange 'Binance'...
2026-04-25 21:56:11,295 - freqtrade.resolvers.iresolver - INFO - Using resolved strategy yes from 
'/home/mohs/Desktop/ae/pyside6/user_data/optimizer/sessions/cc8d7aa3-4a01-4b96-b398-01484bd54a80/trial_008/strategy_dir/yes.py'...
2026-04-25 21:56:11,295 - freqtrade.strategy.hyper - INFO - Loading parameters from file 
/home/mohs/Desktop/ae/pyside6/user_data/optimizer/sessions/cc8d7aa3-4a01-4b96-b398-01484bd54a80/trial_008/strategy_dir/yes.json
2026-04-25 21:56:11,296 - freqtrade.resolvers.strategy_resolver - INFO - Override strategy 'timeframe' with value from the configuration: 5m.
2026-04-25 21:56:11,296 - freqtrade.resolvers.strategy_resolver - INFO - Override strategy 'stake_currency' with value from the configuration: USDT.
2026-04-25 21:56:11,297 - freqtrade.resolvers.strategy_resolver - INFO - Override strategy 'stake_amount' with value from the configuration: unlimited.
2026-04-25 21:56:11,297 - freqtrade.resolvers.strategy_resolver - INFO - Override strategy 'use_exit_signal' with value from the configuration: True.
2026-04-25 21:56:11,297 - freqtrade.resolvers.strategy_resolver - INFO - Override strategy 'max_open_trades' with value from the configuration: 3.
2026-04-25 21:56:11,297 - freqtrade.resolvers.strategy_resolver - INFO - Strategy using minimal_roi: {'0': 0.016403671111637916, '13': 1.5865634706448588, '146': 0.6374583380624763, '38': 
0.14171361977173735}
2026-04-25 21:56:11,298 - freqtrade.resolvers.strategy_resolver - INFO - Strategy using timeframe: 5m
2026-04-25 21:56:11,298 - freqtrade.resolvers.strategy_resolver - INFO - Strategy using stoploss: -0.33806759845210366
2026-04-25 21:56:11,298 - freqtrade.resolvers.strategy_resolver - INFO - Strategy using trailing_stop: False
2026-04-25 21:56:11,299 - freqtrade.resolvers.strategy_resolver - INFO - Strategy using trailing_stop_positive: 0.3885281219116688
2026-04-25 21:56:11,299 - freqtrade.resolvers.strategy_resolver - INFO - Strategy using trailing_stop_positive_offset: 0.02413744537637047
2026-04-25 21:56:11,299 - freqtrade.resolvers.strategy_resolver - INFO - Strategy using trailing_only_offset_is_reached: True
2026-04-25 21:56:11,299 - freqtrade.resolvers.strategy_resolver - INFO - Strategy using use_custom_stoploss: False
2026-04-25 21:56:11,300 - freqtrade.resolvers.strategy_resolver - INFO - Strategy using process_only_new_candles: True
2026-04-25 21:56:11,300 - freqtrade.resolvers.strategy_resolver - INFO - Strategy using order_types: {'entry': 'limit', 'exit': 'limit', 'stoploss': 'limit', 'stoploss_on_exchange': False, 
'stoploss_on_exchange_interval': 60}
2026-04-25 21:56:11,300 - freqtrade.resolvers.strategy_resolver - INFO - Strategy using order_time_in_force: {'entry': 'GTC', 'exit': 'GTC'}
2026-04-25 21:56:11,301 - freqtrade.resolvers.strategy_resolver - INFO - Strategy using stake_currency: USDT
2026-04-25 21:56:11,301 - freqtrade.resolvers.strategy_resolver - INFO - Strategy using stake_amount: unlimited
2026-04-25 21:56:11,301 - freqtrade.resolvers.strategy_resolver - INFO - Strategy using startup_candle_count: 0
2026-04-25 21:56:11,301 - freqtrade.resolvers.strategy_resolver - INFO - Strategy using use_exit_signal: True
2026-04-25 21:56:11,302 - freqtrade.resolvers.strategy_resolver - INFO - Strategy using exit_profit_only: False
2026-04-25 21:56:11,302 - freqtrade.resolvers.strategy_resolver - INFO - Strategy using ignore_roi_if_entry_signal: False
2026-04-25 21:56:11,302 - freqtrade.resolvers.strategy_resolver - INFO - Strategy using exit_profit_offset: 0.0
2026-04-25 21:56:11,302 - freqtrade.resolvers.strategy_resolver - INFO - Strategy using disable_dataframe_checks: False
2026-04-25 21:56:11,303 - freqtrade.resolvers.strategy_resolver - INFO - Strategy using ignore_buying_expired_candle_after: 0
2026-04-25 21:56:11,303 - freqtrade.resolvers.strategy_resolver - INFO - Strategy using position_adjustment_enable: False
2026-04-25 21:56:11,303 - freqtrade.resolvers.strategy_resolver - INFO - Strategy using max_entry_position_adjustment: -1
2026-04-25 21:56:11,304 - freqtrade.resolvers.strategy_resolver - INFO - Strategy using max_open_trades: 3
2026-04-25 21:56:11,304 - freqtrade.configuration.config_validation - INFO - Validating configuration ...
2026-04-25 21:56:11,308 - freqtrade.resolvers.iresolver - INFO - Using resolved pairlist StaticPairList from 
'/home/mohs/Desktop/ae/pyside6/.venv/lib/python3.12/site-packages/freqtrade/plugins/pairlist/StaticPairList.py'...
2026-04-25 21:56:11,320 - freqtrade.optimize.backtesting - INFO - Using fee 0.1000% - worst case fee from exchange (lowest tier).
2026-04-25 21:56:11,459 - freqtrade.data.history.datahandlers.idatahandler - WARNING - XRP/USDT, spot, 5m, data ends at 2026-04-11 01:45:00
2026-04-25 21:56:11,850 - freqtrade.data.history.datahandlers.idatahandler - WARNING - HOME/USDT, spot, 5m, data starts at 2025-06-12 15:00:00
2026-04-25 21:56:11,879 - freqtrade.optimize.backtesting - INFO - Loading data from 2025-04-22 00:00:00 up to 2026-04-17 00:00:00 (360 days).
2026-04-25 21:56:13,944 - freqtrade.optimize.backtesting - INFO - Dataload complete. Calculating indicators
2026-04-25 21:56:13,949 - freqtrade.optimize.backtesting - INFO - Running backtesting for Strategy yes
2026-04-25 21:56:13,950 - freqtrade.strategy.hyper - INFO - Strategy Parameter: buy_ma_count = 7
2026-04-25 21:56:13,950 - freqtrade.strategy.hyper - INFO - Strategy Parameter: buy_ma_gap = 20
2026-04-25 21:56:13,950 - freqtrade.strategy.hyper - INFO - Strategy Parameter: sell_ma_count = 2
2026-04-25 21:56:13,950 - freqtrade.strategy.hyper - INFO - Strategy Parameter: sell_ma_gap = 1
2026-04-25 21:56:14,030 - freqtrade.optimize.backtesting - INFO - Backtesting with data from 2025-04-22 00:00:00 up to 2026-04-17 00:00:00 (360 days).
/home/mohs/Desktop/ae/pyside6/.venv/lib/python3.12/site-packages/freqtrade/data/metrics.py:77: FutureWarning: The default fill_method='pad' in DataFrame.pct_change is deprecated and will be removed in a future version. Either fill in any non-leading NA values prior to calling pct_change or specify 'fill_method=None' to not fill NA values.
  rel_mean = df_comb.pct_change().mean(axis=1).fillna(0).cumsum()
2026-04-25 21:56:29,803 - freqtrade.misc - INFO - dumping json to "/home/mohs/Desktop/ae/pyside6/user_data/backtest_results/backtest-result-2026-04-25_21-56-29.meta.json"
Result for strategy yes
                                                BACKTESTING REPORT                                                 
┏━━━━━━━━━━━┳━━━━━━━━┳━━━━━━━━━━━━━━┳━━━━━━━━━━━━━━━━━┳━━━━━━━━━━━━━━┳━━━━━━━━━━━━━━━━━━━┳━━━━━━━━━━━━━━━━━━━━━━━━┓
┃      Pair ┃ Trades ┃ Avg Profit % ┃ Tot Profit USDT ┃ Tot Profit % ┃      Avg Duration ┃  Win  Draw  Loss  Win% ┃
┡━━━━━━━━━━━╇━━━━━━━━╇━━━━━━━━━━━━━━╇━━━━━━━━━━━━━━━━━╇━━━━━━━━━━━━━━╇━━━━━━━━━━━━━━━━━━━╇━━━━━━━━━━━━━━━━━━━━━━━━┩
│  ETH/USDT │      5 │        12.95 │          22.183 │        14.79 │  71 days, 9:36:00 │    3     0     2  60.0 │
│  XRP/USDT │      4 │        -4.88 │         -17.574 │       -11.72 │ 87 days, 22:02:00 │    1     0     3  25.0 │
│ HOME/USDT │     12 │        -3.86 │         -56.045 │       -37.36 │ 25 days, 10:48:00 │    6     0     6  50.0 │
│     TOTAL │     21 │        -0.05 │         -51.436 │       -34.29 │  48 days, 6:56:00 │   10     0    11  47.6 │
└───────────┴────────┴──────────────┴─────────────────┴──────────────┴───────────────────┴────────────────────────┘
                                              LEFT OPEN TRADES REPORT                                              
┏━━━━━━━━━━━┳━━━━━━━━┳━━━━━━━━━━━━━━┳━━━━━━━━━━━━━━━━━┳━━━━━━━━━━━━━━┳━━━━━━━━━━━━━━━━━━━┳━━━━━━━━━━━━━━━━━━━━━━━━┓
┃      Pair ┃ Trades ┃ Avg Profit % ┃ Tot Profit USDT ┃ Tot Profit % ┃      Avg Duration ┃  Win  Draw  Loss  Win% ┃
┡━━━━━━━━━━━╇━━━━━━━━╇━━━━━━━━━━━━━━╇━━━━━━━━━━━━━━━━━╇━━━━━━━━━━━━━━╇━━━━━━━━━━━━━━━━━━━╇━━━━━━━━━━━━━━━━━━━━━━━━┩
│  ETH/USDT │      1 │         5.14 │           1.754 │         1.17 │ 73 days, 16:00:00 │    1     0     0   100 │
│ HOME/USDT │      1 │       -10.86 │          -3.483 │        -2.32 │ 38 days, 20:45:00 │    0     0     1     0 │
│  XRP/USDT │      1 │        -15.4 │          -6.220 │        -4.15 │  69 days, 4:25:00 │    0     0     1     0 │
│     TOTAL │      3 │        -7.04 │          -7.949 │         -5.3 │ 60 days, 13:43:00 │    1     0     2  33.3 │
└───────────┴────────┴──────────────┴─────────────────┴──────────────┴───────────────────┴────────────────────────┘
                                                  ENTER TAG STATS                                                  
┏━━━━━━━━━━━┳━━━━━━━━━┳━━━━━━━━━━━━━━┳━━━━━━━━━━━━━━━━━┳━━━━━━━━━━━━━━┳━━━━━━━━━━━━━━━━━━┳━━━━━━━━━━━━━━━━━━━━━━━━┓
┃ Enter Tag ┃ Entries ┃ Avg Profit % ┃ Tot Profit USDT ┃ Tot Profit % ┃     Avg Duration ┃  Win  Draw  Loss  Win% ┃
┡━━━━━━━━━━━╇━━━━━━━━━╇━━━━━━━━━━━━━━╇━━━━━━━━━━━━━━━━━╇━━━━━━━━━━━━━━╇━━━━━━━━━━━━━━━━━━╇━━━━━━━━━━━━━━━━━━━━━━━━┩
│     OTHER │      21 │        -0.05 │         -51.436 │       -34.29 │ 48 days, 6:56:00 │   10     0    11  47.6 │
│     TOTAL │      21 │        -0.05 │         -51.436 │       -34.29 │ 48 days, 6:56:00 │   10     0    11  47.6 │
└───────────┴─────────┴──────────────┴─────────────────┴──────────────┴──────────────────┴────────────────────────┘
                                                 EXIT REASON STATS                                                  
┏━━━━━━━━━━━━━┳━━━━━━━┳━━━━━━━━━━━━━━┳━━━━━━━━━━━━━━━━━┳━━━━━━━━━━━━━━┳━━━━━━━━━━━━━━━━━━━┳━━━━━━━━━━━━━━━━━━━━━━━━┓
┃ Exit Reason ┃ Exits ┃ Avg Profit % ┃ Tot Profit USDT ┃ Tot Profit % ┃      Avg Duration ┃  Win  Draw  Loss  Win% ┃
┡━━━━━━━━━━━━━╇━━━━━━━╇━━━━━━━━━━━━━━╇━━━━━━━━━━━━━━━━━╇━━━━━━━━━━━━━━╇━━━━━━━━━━━━━━━━━━━╇━━━━━━━━━━━━━━━━━━━━━━━━┩
│         roi │     9 │        36.15 │         144.061 │        96.04 │ 29 days, 18:46:00 │    9     0     0   100 │
│  force_exit │     3 │        -7.04 │          -7.949 │         -5.3 │ 60 days, 13:43:00 │    1     0     2  33.3 │
│   stop_loss │     9 │       -33.92 │        -187.548 │      -125.03 │ 62 days, 16:51:00 │    0     0     9     0 │
│       TOTAL │    21 │        -0.05 │         -51.436 │       -34.29 │  48 days, 6:56:00 │   10     0    11  47.6 │
└─────────────┴───────┴──────────────┴─────────────────┴──────────────┴───────────────────┴────────────────────────┘
                                                         MIXED TAG STATS                                                         
┏━━━━━━━━━━━┳━━━━━━━━━━━━━┳━━━━━━━━┳━━━━━━━━━━━━━━┳━━━━━━━━━━━━━━━━━┳━━━━━━━━━━━━━━┳━━━━━━━━━━━━━━━━━━━┳━━━━━━━━━━━━━━━━━━━━━━━━┓
┃ Enter Tag ┃ Exit Reason ┃ Trades ┃ Avg Profit % ┃ Tot Profit USDT ┃ Tot Profit % ┃      Avg Duration ┃  Win  Draw  Loss  Win% ┃
┡━━━━━━━━━━━╇━━━━━━━━━━━━━╇━━━━━━━━╇━━━━━━━━━━━━━━╇━━━━━━━━━━━━━━━━━╇━━━━━━━━━━━━━━╇━━━━━━━━━━━━━━━━━━━╇━━━━━━━━━━━━━━━━━━━━━━━━┩
│           │         roi │      9 │        36.15 │         144.061 │        96.04 │ 29 days, 18:46:00 │    9     0     0   100 │
│           │  force_exit │      3 │        -7.04 │          -7.949 │         -5.3 │ 60 days, 13:43:00 │    1     0     2  33.3 │
│           │   stop_loss │      9 │       -33.92 │        -187.548 │      -125.03 │ 62 days, 16:51:00 │    0     0     9     0 │
│     TOTAL │             │     21 │        -0.05 │         -51.436 │       -34.29 │  48 days, 6:56:00 │   10     0    11  47.6 │
└───────────┴─────────────┴────────┴──────────────┴─────────────────┴──────────────┴───────────────────┴────────────────────────┘
                           SUMMARY METRICS                           
┏━━━━━━━━━━━━━━━━━━━━━━━━━━━━━━━┳━━━━━━━━━━━━━━━━━━━━━━━━━━━━━━━━━━━┓
┃ Metric                        ┃ Value                             ┃
┡━━━━━━━━━━━━━━━━━━━━━━━━━━━━━━━╇━━━━━━━━━━━━━━━━━━━━━━━━━━━━━━━━━━━┩
│ Backtesting from              │ 2025-04-22 00:00:00               │
│ Backtesting to                │ 2026-04-17 00:00:00               │
│ Trading Mode                  │ Spot                              │
│ Max open trades               │ 3                                 │
│                               │                                   │
│ Total/Daily Avg Trades        │ 21 / 0.06                         │
│ Starting balance              │ 150 USDT                          │
│ Final balance                 │ 98.564 USDT                       │
│ Absolute profit               │ -51.436 USDT                      │
│ Total profit %                │ -34.29%                           │
│ CAGR %                        │ -34.67%                           │
│ Sortino                       │ -0.35                             │
│ Sharpe                        │ -0.14                             │
│ Calmar                        │ -2.94                             │
│ SQN                           │ -0.55                             │
│ Profit factor                 │ 0.74                              │
│ Expectancy (Ratio)            │ -2.45 (-0.14)                     │
│ Avg. daily profit             │ -0.143 USDT                       │
│ Avg. stake amount             │ 53.601 USDT                       │
│ Total trade volume            │ 2204.21 USDT                      │
│                               │                                   │
│ Best Pair                     │ ETH/USDT 14.79%                   │
│ Worst Pair                    │ HOME/USDT -37.36%                 │
│ Best trade                    │ HOME/USDT 63.75%                  │
│ Worst trade                   │ ETH/USDT -33.94%                  │
│ Best day                      │ 35.32 USDT                        │
│ Worst day                     │ -48.683 USDT                      │
│ Days win/draw/lose            │ 6 / 292 / 10                      │
│ Min/Max/Avg. Duration Winners │ 0d 00:00 / 85d 01:35 / 34d 04:05  │
│ Min/Max/Avg. Duration Losers  │ 6d 09:25 / 112d 14:15 / 61d 02:59 │
│ Max Consecutive Wins / Loss   │ 6 / 5                             │
│ Rejected Entry signals        │ 0                                 │
│ Entry/Exit Timeouts           │ 0 / 0                             │
│                               │                                   │
│ Min balance                   │ 98.564 USDT                       │
│ Max balance                   │ 258.063 USDT                      │
│ Max % of account underwater   │ 61.81%                            │
│ Absolute drawdown             │ 159.499 USDT (61.81%)             │
│ Drawdown duration             │ 237 days 04:05:00                 │
│ Profit at drawdown start      │ 108.063 USDT                      │
│ Profit at drawdown end        │ -51.436 USDT                      │
│ Drawdown start                │ 2025-08-22 19:55:00               │
│ Drawdown end                  │ 2026-04-17 00:00:00               │
│ Market change                 │ -10.52%                           │
└───────────────────────────────┴───────────────────────────────────┘

Backtested 2025-04-22 00:00:00 -> 2026-04-17 00:00:00 | Max open trades : 3
                                                            STRATEGY SUMMARY                                                            
┏━━━━━━━━━━┳━━━━━━━━┳━━━━━━━━━━━━━━┳━━━━━━━━━━━━━━━━━┳━━━━━━━━━━━━━━┳━━━━━━━━━━━━━━━━━━┳━━━━━━━━━━━━━━━━━━━━━━━━┳━━━━━━━━━━━━━━━━━━━━━━┓
┃ Strategy ┃ Trades ┃ Avg Profit % ┃ Tot Profit USDT ┃ Tot Profit % ┃     Avg Duration ┃  Win  Draw  Loss  Win% ┃             Drawdown ┃
┡━━━━━━━━━━╇━━━━━━━━╇━━━━━━━━━━━━━━╇━━━━━━━━━━━━━━━━━╇━━━━━━━━━━━━━━╇━━━━━━━━━━━━━━━━━━╇━━━━━━━━━━━━━━━━━━━━━━━━╇━━━━━━━━━━━━━━━━━━━━━━┩
│      yes │     21 │        -0.05 │         -51.436 │       -34.29 │ 48 days, 6:56:00 │   10     0    11  47.6 │ 159.499 USDT  61.81% │
└──────────┴────────┴──────────────┴─────────────────┴──────────────┴──────────────────┴────────────────────────┴──────────────────────┘