2026-04-25 22:43:03,976 - freqtrade - INFO - freqtrade 2026.3
2026-04-25 22:43:05,017 - freqtrade.configuration.load_config - INFO - Using config: /home/mohs/Desktop/ae/pyside6/user_data/config.json ...
2026-04-25 22:43:05,019 - freqtrade.loggers - INFO - Enabling colorized output.
2026-04-25 22:43:05,019 - freqtrade.loggers - INFO - Logfile configured
2026-04-25 22:43:05,019 - freqtrade.loggers - INFO - Verbosity set to 0
2026-04-25 22:43:05,020 - freqtrade.configuration.configuration - INFO - Using additional Strategy lookup path: 
/home/mohs/Desktop/ae/pyside6/user_data/optimizer/sessions/b8194b7f-3716-497e-8a17-833c28d4e223/trial_083/strategy_dir
2026-04-25 22:43:05,020 - freqtrade.configuration.configuration - WARNING - `force_entry_enable` RPC message enabled.
2026-04-25 22:43:05,020 - freqtrade.configuration.configuration - INFO - Parameter -i/--timeframe detected ... Using timeframe: 4h ...
2026-04-25 22:43:05,021 - freqtrade.configuration.configuration - INFO - Parameter --max-open-trades detected, overriding max_open_trades to: 3 ...
2026-04-25 22:43:05,021 - freqtrade.configuration.configuration - INFO - Parameter --dry-run-wallet detected, overriding dry_run_wallet to: 150.0 ...
2026-04-25 22:43:05,021 - freqtrade.configuration.configuration - INFO - Parameter --timerange detected: 20250422-20260417 ...
2026-04-25 22:43:05,021 - freqtrade.configuration.configuration - INFO - Using user-data directory: /home/mohs/Desktop/ae/pyside6/user_data ...
2026-04-25 22:43:05,022 - freqtrade.configuration.configuration - INFO - Using data directory: /home/mohs/Desktop/ae/pyside6/user_data/data/binance ...
2026-04-25 22:43:05,022 - freqtrade.configuration.configuration - INFO - Parameter --export detected: trades ...
2026-04-25 22:43:05,022 - freqtrade.configuration.configuration - INFO - Parameter --cache=day detected ...
2026-04-25 22:43:05,022 - freqtrade.configuration.configuration - INFO - Using pairs ['XRP/USDT', 'ETH/USDT', 'HOME/USDT']
2026-04-25 22:43:05,023 - freqtrade.configuration.configuration - INFO - Filter trades by timerange: 20250422-20260417
2026-04-25 22:43:05,023 - freqtrade.exchange.check_exchange - INFO - Checking exchange...
2026-04-25 22:43:05,029 - freqtrade.exchange.check_exchange - INFO - Exchange "binance" is officially supported by the Freqtrade development team.
2026-04-25 22:43:05,030 - freqtrade.configuration.config_validation - INFO - Validating configuration ...
2026-04-25 22:43:05,032 - freqtrade.commands.optimize_commands - INFO - Starting freqtrade in Backtesting mode
2026-04-25 22:43:05,032 - freqtrade.exchange.exchange - INFO - Instance is running with dry_run enabled
2026-04-25 22:43:05,032 - freqtrade.exchange.exchange - INFO - Using CCXT 4.5.50
2026-04-25 22:43:05,033 - freqtrade.exchange.exchange - INFO - Applying additional ccxt config: {'enableRateLimit': True, 'timeout': 120000}
2026-04-25 22:43:05,038 - freqtrade.exchange.exchange - INFO - Applying additional ccxt config: {'enableRateLimit': True, 'timeout': 120000}
2026-04-25 22:43:05,043 - freqtrade.exchange.exchange - INFO - Using Exchange "Binance"
2026-04-25 22:43:06,148 - freqtrade.resolvers.exchange_resolver - INFO - Using resolved exchange 'Binance'...
2026-04-25 22:43:06,156 - freqtrade.resolvers.iresolver - INFO - Using resolved strategy yes from 
'/home/mohs/Desktop/ae/pyside6/user_data/optimizer/sessions/b8194b7f-3716-497e-8a17-833c28d4e223/trial_083/strategy_dir/yes.py'...
2026-04-25 22:43:06,157 - freqtrade.strategy.hyper - INFO - Loading parameters from file 
/home/mohs/Desktop/ae/pyside6/user_data/optimizer/sessions/b8194b7f-3716-497e-8a17-833c28d4e223/trial_083/strategy_dir/yes.json
2026-04-25 22:43:06,157 - freqtrade.resolvers.strategy_resolver - INFO - Override strategy 'timeframe' with value from the configuration: 4h.
2026-04-25 22:43:06,158 - freqtrade.resolvers.strategy_resolver - INFO - Override strategy 'stake_currency' with value from the configuration: USDT.
2026-04-25 22:43:06,158 - freqtrade.resolvers.strategy_resolver - INFO - Override strategy 'stake_amount' with value from the configuration: unlimited.
2026-04-25 22:43:06,158 - freqtrade.resolvers.strategy_resolver - INFO - Override strategy 'use_exit_signal' with value from the configuration: True.
2026-04-25 22:43:06,158 - freqtrade.resolvers.strategy_resolver - INFO - Override strategy 'max_open_trades' with value from the configuration: 3.
2026-04-25 22:43:06,159 - freqtrade.resolvers.strategy_resolver - INFO - Strategy using minimal_roi: {'0': 1.1913586487547387, '13': 0.9712992075330686, '146': 0.09997260266244348, '38': 
0.03770568306200361}
2026-04-25 22:43:06,159 - freqtrade.resolvers.strategy_resolver - INFO - Strategy using timeframe: 4h
2026-04-25 22:43:06,159 - freqtrade.resolvers.strategy_resolver - INFO - Strategy using stoploss: -0.9526419772259014
2026-04-25 22:43:06,160 - freqtrade.resolvers.strategy_resolver - INFO - Strategy using trailing_stop: False
2026-04-25 22:43:06,160 - freqtrade.resolvers.strategy_resolver - INFO - Strategy using trailing_stop_positive: 0.4613175760246836
2026-04-25 22:43:06,160 - freqtrade.resolvers.strategy_resolver - INFO - Strategy using trailing_stop_positive_offset: 0.24539471814216995
2026-04-25 22:43:06,160 - freqtrade.resolvers.strategy_resolver - INFO - Strategy using trailing_only_offset_is_reached: True
2026-04-25 22:43:06,161 - freqtrade.resolvers.strategy_resolver - INFO - Strategy using use_custom_stoploss: False
2026-04-25 22:43:06,161 - freqtrade.resolvers.strategy_resolver - INFO - Strategy using process_only_new_candles: True
2026-04-25 22:43:06,161 - freqtrade.resolvers.strategy_resolver - INFO - Strategy using order_types: {'entry': 'limit', 'exit': 'limit', 'stoploss': 'limit', 'stoploss_on_exchange': False, 
'stoploss_on_exchange_interval': 60}
2026-04-25 22:43:06,161 - freqtrade.resolvers.strategy_resolver - INFO - Strategy using order_time_in_force: {'entry': 'GTC', 'exit': 'GTC'}
2026-04-25 22:43:06,162 - freqtrade.resolvers.strategy_resolver - INFO - Strategy using stake_currency: USDT
2026-04-25 22:43:06,162 - freqtrade.resolvers.strategy_resolver - INFO - Strategy using stake_amount: unlimited
2026-04-25 22:43:06,162 - freqtrade.resolvers.strategy_resolver - INFO - Strategy using startup_candle_count: 0
2026-04-25 22:43:06,162 - freqtrade.resolvers.strategy_resolver - INFO - Strategy using use_exit_signal: True
2026-04-25 22:43:06,163 - freqtrade.resolvers.strategy_resolver - INFO - Strategy using exit_profit_only: False
2026-04-25 22:43:06,163 - freqtrade.resolvers.strategy_resolver - INFO - Strategy using ignore_roi_if_entry_signal: False
2026-04-25 22:43:06,163 - freqtrade.resolvers.strategy_resolver - INFO - Strategy using exit_profit_offset: 0.0
2026-04-25 22:43:06,163 - freqtrade.resolvers.strategy_resolver - INFO - Strategy using disable_dataframe_checks: False
2026-04-25 22:43:06,164 - freqtrade.resolvers.strategy_resolver - INFO - Strategy using ignore_buying_expired_candle_after: 0
2026-04-25 22:43:06,164 - freqtrade.resolvers.strategy_resolver - INFO - Strategy using position_adjustment_enable: False
2026-04-25 22:43:06,164 - freqtrade.resolvers.strategy_resolver - INFO - Strategy using max_entry_position_adjustment: -1
2026-04-25 22:43:06,164 - freqtrade.resolvers.strategy_resolver - INFO - Strategy using max_open_trades: 3
2026-04-25 22:43:06,165 - freqtrade.configuration.config_validation - INFO - Validating configuration ...
2026-04-25 22:43:06,168 - freqtrade.resolvers.iresolver - INFO - Using resolved pairlist StaticPairList from 
'/home/mohs/Desktop/ae/pyside6/.venv/lib/python3.12/site-packages/freqtrade/plugins/pairlist/StaticPairList.py'...
2026-04-25 22:43:06,181 - freqtrade.optimize.backtesting - INFO - Using fee 0.1000% - worst case fee from exchange (lowest tier).
2026-04-25 22:43:06,215 - freqtrade.data.history.datahandlers.idatahandler - WARNING - HOME/USDT, spot, 4h, data starts at 2025-06-12 12:00:00
2026-04-25 22:43:06,223 - freqtrade.optimize.backtesting - INFO - Loading data from 2025-04-22 00:00:00 up to 2026-04-17 00:00:00 (360 days).
2026-04-25 22:43:06,278 - freqtrade.optimize.backtesting - INFO - Dataload complete. Calculating indicators
2026-04-25 22:43:06,287 - freqtrade.optimize.backtesting - INFO - Running backtesting for Strategy yes
2026-04-25 22:43:06,287 - freqtrade.strategy.hyper - INFO - Strategy Parameter: buy_ma_count = 2
2026-04-25 22:43:06,287 - freqtrade.strategy.hyper - INFO - Strategy Parameter: buy_ma_gap = 7
2026-04-25 22:43:06,288 - freqtrade.strategy.hyper - INFO - Strategy Parameter: sell_ma_count = 12
2026-04-25 22:43:06,288 - freqtrade.strategy.hyper - INFO - Strategy Parameter: sell_ma_gap = 49
2026-04-25 22:43:06,296 - freqtrade.optimize.backtesting - INFO - Backtesting with data from 2025-04-22 00:00:00 up to 2026-04-17 00:00:00 (360 days).
2026-04-25 22:43:06,916 - freqtrade.misc - INFO - dumping json to "/home/mohs/Desktop/ae/pyside6/user_data/backtest_results/backtest-result-2026-04-25_22-43-06.meta.json"
Result for strategy yes
                                                BACKTESTING REPORT                                                
┏━━━━━━━━━━━┳━━━━━━━━┳━━━━━━━━━━━━━━┳━━━━━━━━━━━━━━━━━┳━━━━━━━━━━━━━━┳━━━━━━━━━━━━━━━━━━┳━━━━━━━━━━━━━━━━━━━━━━━━┓
┃      Pair ┃ Trades ┃ Avg Profit % ┃ Tot Profit USDT ┃ Tot Profit % ┃     Avg Duration ┃  Win  Draw  Loss  Win% ┃
┡━━━━━━━━━━━╇━━━━━━━━╇━━━━━━━━━━━━━━╇━━━━━━━━━━━━━━━━━╇━━━━━━━━━━━━━━╇━━━━━━━━━━━━━━━━━━╇━━━━━━━━━━━━━━━━━━━━━━━━┩
│ HOME/USDT │     16 │         4.31 │          50.054 │        33.37 │  5 days, 4:00:00 │   12     0     4  75.0 │
│  ETH/USDT │     12 │         6.48 │          44.582 │        29.72 │ 6 days, 13:40:00 │    9     0     3  75.0 │
│  XRP/USDT │     11 │         3.08 │          19.893 │        13.26 │ 7 days, 11:38:00 │    7     0     4  63.6 │
│     TOTAL │     39 │         4.63 │         114.528 │        76.35 │  6 days, 6:03:00 │   28     0    11  71.8 │
└───────────┴────────┴──────────────┴─────────────────┴──────────────┴──────────────────┴────────────────────────┘
                                             LEFT OPEN TRADES REPORT                                             
┏━━━━━━━━━━┳━━━━━━━━┳━━━━━━━━━━━━━━┳━━━━━━━━━━━━━━━━━┳━━━━━━━━━━━━━━┳━━━━━━━━━━━━━━━━━━┳━━━━━━━━━━━━━━━━━━━━━━━━┓
┃     Pair ┃ Trades ┃ Avg Profit % ┃ Tot Profit USDT ┃ Tot Profit % ┃     Avg Duration ┃  Win  Draw  Loss  Win% ┃
┡━━━━━━━━━━╇━━━━━━━━╇━━━━━━━━━━━━━━╇━━━━━━━━━━━━━━━━━╇━━━━━━━━━━━━━━╇━━━━━━━━━━━━━━━━━━╇━━━━━━━━━━━━━━━━━━━━━━━━┩
│ ETH/USDT │      1 │         5.36 │           4.593 │         3.06 │  6 days, 8:00:00 │    1     0     0   100 │
│ XRP/USDT │      1 │         3.11 │           2.670 │         1.78 │         20:00:00 │    1     0     0   100 │
│    TOTAL │      2 │         4.24 │           7.263 │         4.84 │ 3 days, 14:00:00 │    2     0     0   100 │
└──────────┴────────┴──────────────┴─────────────────┴──────────────┴──────────────────┴────────────────────────┘
                                                 ENTER TAG STATS                                                  
┏━━━━━━━━━━━┳━━━━━━━━━┳━━━━━━━━━━━━━━┳━━━━━━━━━━━━━━━━━┳━━━━━━━━━━━━━━┳━━━━━━━━━━━━━━━━━┳━━━━━━━━━━━━━━━━━━━━━━━━┓
┃ Enter Tag ┃ Entries ┃ Avg Profit % ┃ Tot Profit USDT ┃ Tot Profit % ┃    Avg Duration ┃  Win  Draw  Loss  Win% ┃
┡━━━━━━━━━━━╇━━━━━━━━━╇━━━━━━━━━━━━━━╇━━━━━━━━━━━━━━━━━╇━━━━━━━━━━━━━━╇━━━━━━━━━━━━━━━━━╇━━━━━━━━━━━━━━━━━━━━━━━━┩
│     OTHER │      39 │         4.63 │         114.528 │        76.35 │ 6 days, 6:03:00 │   28     0    11  71.8 │
│     TOTAL │      39 │         4.63 │         114.528 │        76.35 │ 6 days, 6:03:00 │   28     0    11  71.8 │
└───────────┴─────────┴──────────────┴─────────────────┴──────────────┴─────────────────┴────────────────────────┘
                                                 EXIT REASON STATS                                                 
┏━━━━━━━━━━━━━┳━━━━━━━┳━━━━━━━━━━━━━━┳━━━━━━━━━━━━━━━━━┳━━━━━━━━━━━━━━┳━━━━━━━━━━━━━━━━━━┳━━━━━━━━━━━━━━━━━━━━━━━━┓
┃ Exit Reason ┃ Exits ┃ Avg Profit % ┃ Tot Profit USDT ┃ Tot Profit % ┃     Avg Duration ┃  Win  Draw  Loss  Win% ┃
┡━━━━━━━━━━━━━╇━━━━━━━╇━━━━━━━━━━━━━━╇━━━━━━━━━━━━━━━━━╇━━━━━━━━━━━━━━╇━━━━━━━━━━━━━━━━━━╇━━━━━━━━━━━━━━━━━━━━━━━━┩
│         roi │    23 │         10.0 │         149.762 │        99.84 │ 6 days, 14:05:00 │   23     0     0   100 │
│  force_exit │     2 │         4.24 │           7.263 │         4.84 │ 3 days, 14:00:00 │    2     0     0   100 │
│ exit_signal │    14 │        -4.13 │         -42.497 │       -28.33 │  6 days, 2:00:00 │    3     0    11  21.4 │
│       TOTAL │    39 │         4.63 │         114.528 │        76.35 │  6 days, 6:03:00 │   28     0    11  71.8 │
└─────────────┴───────┴──────────────┴─────────────────┴──────────────┴──────────────────┴────────────────────────┘
                                                        MIXED TAG STATS                                                         
┏━━━━━━━━━━━┳━━━━━━━━━━━━━┳━━━━━━━━┳━━━━━━━━━━━━━━┳━━━━━━━━━━━━━━━━━┳━━━━━━━━━━━━━━┳━━━━━━━━━━━━━━━━━━┳━━━━━━━━━━━━━━━━━━━━━━━━┓
┃ Enter Tag ┃ Exit Reason ┃ Trades ┃ Avg Profit % ┃ Tot Profit USDT ┃ Tot Profit % ┃     Avg Duration ┃  Win  Draw  Loss  Win% ┃
┡━━━━━━━━━━━╇━━━━━━━━━━━━━╇━━━━━━━━╇━━━━━━━━━━━━━━╇━━━━━━━━━━━━━━━━━╇━━━━━━━━━━━━━━╇━━━━━━━━━━━━━━━━━━╇━━━━━━━━━━━━━━━━━━━━━━━━┩
│           │         roi │     23 │         10.0 │         149.762 │        99.84 │ 6 days, 14:05:00 │   23     0     0   100 │
│           │  force_exit │      2 │         4.24 │           7.263 │         4.84 │ 3 days, 14:00:00 │    2     0     0   100 │
│           │ exit_signal │     14 │        -4.13 │         -42.497 │       -28.33 │  6 days, 2:00:00 │    3     0    11  21.4 │
│     TOTAL │             │     39 │         4.63 │         114.528 │        76.35 │  6 days, 6:03:00 │   28     0    11  71.8 │
└───────────┴─────────────┴────────┴──────────────┴─────────────────┴──────────────┴──────────────────┴────────────────────────┘
                          SUMMARY METRICS                          
┏━━━━━━━━━━━━━━━━━━━━━━━━━━━━━━━┳━━━━━━━━━━━━━━━━━━━━━━━━━━━━━━━━━┓
┃ Metric                        ┃ Value                           ┃
┡━━━━━━━━━━━━━━━━━━━━━━━━━━━━━━━╇━━━━━━━━━━━━━━━━━━━━━━━━━━━━━━━━━┩
│ Backtesting from              │ 2025-04-22 00:00:00             │
│ Backtesting to                │ 2026-04-17 00:00:00             │
│ Trading Mode                  │ Spot                            │
│ Max open trades               │ 3                               │
│                               │                                 │
│ Total/Daily Avg Trades        │ 39 / 0.11                       │
│ Starting balance              │ 150 USDT                        │
│ Final balance                 │ 264.528 USDT                    │
│ Absolute profit               │ 114.528 USDT                    │
│ Total profit %                │ 76.35%                          │
│ CAGR %                        │ 77.75%                          │
│ Sortino                       │ 1.77                            │
│ Sharpe                        │ 1.19                            │
│ Calmar                        │ 65.53                           │
│ SQN                           │ 3.56                            │
│ Profit factor                 │ 3.56                            │
│ Expectancy (Ratio)            │ 2.94 (0.72)                     │
│ Avg. daily profit             │ 0.318 USDT                      │
│ Avg. stake amount             │ 70.435 USDT                     │
│ Total trade volume            │ 5619.687 USDT                   │
│                               │                                 │
│ Best Pair                     │ HOME/USDT 33.37%                │
│ Worst Pair                    │ XRP/USDT 13.26%                 │
│ Best trade                    │ HOME/USDT 10.02%                │
│ Worst trade                   │ XRP/USDT -17.55%                │
│ Best day                      │ 13.342 USDT                     │
│ Worst day                     │ -10.848 USDT                    │
│ Days win/draw/lose            │ 25 / 311 / 9                    │
│ Min/Max/Avg. Duration Winners │ 0d 04:00 / 28d 08:00 / 6d 02:51 │
│ Min/Max/Avg. Duration Losers  │ 1d 12:00 / 36d 20:00 / 6d 14:11 │
│ Max Consecutive Wins / Loss   │ 12 / 3                          │
│ Rejected Entry signals        │ 0                               │
│ Entry/Exit Timeouts           │ 0 / 0                           │
│                               │                                 │
│ Min balance                   │ 154.989 USDT                    │
│ Max balance                   │ 264.528 USDT                    │
│ Max % of account underwater   │ 6.18%                           │
│ Absolute drawdown             │ 10.89 USDT (6.18%)              │
│ Drawdown duration             │ 7 days 12:00:00                 │
│ Profit at drawdown start      │ 26.123 USDT                     │
│ Profit at drawdown end        │ 15.233 USDT                     │
│ Drawdown start                │ 2025-06-11 00:00:00             │
│ Drawdown end                  │ 2025-06-18 12:00:00             │
│ Market change                 │ -9.22%                          │
└───────────────────────────────┴─────────────────────────────────┘

Backtested 2025-04-22 00:00:00 -> 2026-04-17 00:00:00 | Max open trades : 3
                                                          STRATEGY SUMMARY                                                          
┏━━━━━━━━━━┳━━━━━━━━┳━━━━━━━━━━━━━━┳━━━━━━━━━━━━━━━━━┳━━━━━━━━━━━━━━┳━━━━━━━━━━━━━━━━━┳━━━━━━━━━━━━━━━━━━━━━━━━┳━━━━━━━━━━━━━━━━━━━┓
┃ Strategy ┃ Trades ┃ Avg Profit % ┃ Tot Profit USDT ┃ Tot Profit % ┃    Avg Duration ┃  Win  Draw  Loss  Win% ┃          Drawdown ┃
┡━━━━━━━━━━╇━━━━━━━━╇━━━━━━━━━━━━━━╇━━━━━━━━━━━━━━━━━╇━━━━━━━━━━━━━━╇━━━━━━━━━━━━━━━━━╇━━━━━━━━━━━━━━━━━━━━━━━━╇━━━━━━━━━━━━━━━━━━━┩
│      yes │     39 │         4.63 │         114.528 │        76.35 │ 6 days, 6:03:00 │   28     0    11  71.8 │ 10.89 USDT  6.18% │
└──────────┴────────┴──────────────┴─────────────────┴──────────────┴─────────────────┴────────────────────────┴───────────────────┘