2026-04-25 22:05:34,029 - freqtrade - INFO - freqtrade 2026.3
2026-04-25 22:05:35,067 - freqtrade.configuration.load_config - INFO - Using config: /home/mohs/Desktop/ae/pyside6/user_data/config.json ...
2026-04-25 22:05:35,069 - freqtrade.loggers - INFO - Enabling colorized output.
2026-04-25 22:05:35,070 - freqtrade.loggers - INFO - Logfile configured
2026-04-25 22:05:35,070 - freqtrade.loggers - INFO - Verbosity set to 0
2026-04-25 22:05:35,070 - freqtrade.configuration.configuration - INFO - Using additional Strategy lookup path: 
/home/mohs/Desktop/ae/pyside6/user_data/optimizer/sessions/cc8d7aa3-4a01-4b96-b398-01484bd54a80/trial_064/strategy_dir
2026-04-25 22:05:35,071 - freqtrade.configuration.configuration - WARNING - `force_entry_enable` RPC message enabled.
2026-04-25 22:05:35,071 - freqtrade.configuration.configuration - INFO - Parameter -i/--timeframe detected ... Using timeframe: 5m ...
2026-04-25 22:05:35,071 - freqtrade.configuration.configuration - INFO - Parameter --max-open-trades detected, overriding max_open_trades to: 3 ...
2026-04-25 22:05:35,072 - freqtrade.configuration.configuration - INFO - Parameter --dry-run-wallet detected, overriding dry_run_wallet to: 150.0 ...
2026-04-25 22:05:35,072 - freqtrade.configuration.configuration - INFO - Parameter --timerange detected: 20250422-20260417 ...
2026-04-25 22:05:35,072 - freqtrade.configuration.configuration - INFO - Using user-data directory: /home/mohs/Desktop/ae/pyside6/user_data ...
2026-04-25 22:05:35,073 - freqtrade.configuration.configuration - INFO - Using data directory: /home/mohs/Desktop/ae/pyside6/user_data/data/binance ...
2026-04-25 22:05:35,073 - freqtrade.configuration.configuration - INFO - Parameter --export detected: trades ...
2026-04-25 22:05:35,073 - freqtrade.configuration.configuration - INFO - Parameter --cache=day detected ...
2026-04-25 22:05:35,073 - freqtrade.configuration.configuration - INFO - Using pairs ['XRP/USDT', 'ETH/USDT', 'HOME/USDT']
2026-04-25 22:05:35,074 - freqtrade.configuration.configuration - INFO - Filter trades by timerange: 20250422-20260417
2026-04-25 22:05:35,074 - freqtrade.exchange.check_exchange - INFO - Checking exchange...
2026-04-25 22:05:35,080 - freqtrade.exchange.check_exchange - INFO - Exchange "binance" is officially supported by the Freqtrade development team.
2026-04-25 22:05:35,080 - freqtrade.configuration.config_validation - INFO - Validating configuration ...
2026-04-25 22:05:35,082 - freqtrade.commands.optimize_commands - INFO - Starting freqtrade in Backtesting mode
2026-04-25 22:05:35,083 - freqtrade.exchange.exchange - INFO - Instance is running with dry_run enabled
2026-04-25 22:05:35,083 - freqtrade.exchange.exchange - INFO - Using CCXT 4.5.50
2026-04-25 22:05:35,083 - freqtrade.exchange.exchange - INFO - Applying additional ccxt config: {'enableRateLimit': True, 'timeout': 120000}
2026-04-25 22:05:35,088 - freqtrade.exchange.exchange - INFO - Applying additional ccxt config: {'enableRateLimit': True, 'timeout': 120000}
2026-04-25 22:05:35,094 - freqtrade.exchange.exchange - INFO - Using Exchange "Binance"
2026-04-25 22:05:36,222 - freqtrade.resolvers.exchange_resolver - INFO - Using resolved exchange 'Binance'...
2026-04-25 22:05:36,230 - freqtrade.resolvers.iresolver - INFO - Using resolved strategy yes from 
'/home/mohs/Desktop/ae/pyside6/user_data/optimizer/sessions/cc8d7aa3-4a01-4b96-b398-01484bd54a80/trial_064/strategy_dir/yes.py'...
2026-04-25 22:05:36,231 - freqtrade.strategy.hyper - INFO - Loading parameters from file 
/home/mohs/Desktop/ae/pyside6/user_data/optimizer/sessions/cc8d7aa3-4a01-4b96-b398-01484bd54a80/trial_064/strategy_dir/yes.json
2026-04-25 22:05:36,231 - freqtrade.resolvers.strategy_resolver - INFO - Override strategy 'timeframe' with value from the configuration: 5m.
2026-04-25 22:05:36,231 - freqtrade.resolvers.strategy_resolver - INFO - Override strategy 'stake_currency' with value from the configuration: USDT.
2026-04-25 22:05:36,232 - freqtrade.resolvers.strategy_resolver - INFO - Override strategy 'stake_amount' with value from the configuration: unlimited.
2026-04-25 22:05:36,232 - freqtrade.resolvers.strategy_resolver - INFO - Override strategy 'use_exit_signal' with value from the configuration: True.
2026-04-25 22:05:36,232 - freqtrade.resolvers.strategy_resolver - INFO - Override strategy 'max_open_trades' with value from the configuration: 3.
2026-04-25 22:05:36,233 - freqtrade.resolvers.strategy_resolver - INFO - Strategy using minimal_roi: {'0': 0.08851736449350756, '13': 1.244820151711837, '146': 0.08399350327484137, '38': 
0.22524803254677828}
2026-04-25 22:05:36,233 - freqtrade.resolvers.strategy_resolver - INFO - Strategy using timeframe: 5m
2026-04-25 22:05:36,233 - freqtrade.resolvers.strategy_resolver - INFO - Strategy using stoploss: -0.3760719745069768
2026-04-25 22:05:36,233 - freqtrade.resolvers.strategy_resolver - INFO - Strategy using trailing_stop: False
2026-04-25 22:05:36,234 - freqtrade.resolvers.strategy_resolver - INFO - Strategy using trailing_stop_positive: 0.37225358882367826
2026-04-25 22:05:36,234 - freqtrade.resolvers.strategy_resolver - INFO - Strategy using trailing_stop_positive_offset: 0.02898053558867355
2026-04-25 22:05:36,234 - freqtrade.resolvers.strategy_resolver - INFO - Strategy using trailing_only_offset_is_reached: False
2026-04-25 22:05:36,234 - freqtrade.resolvers.strategy_resolver - INFO - Strategy using use_custom_stoploss: False
2026-04-25 22:05:36,235 - freqtrade.resolvers.strategy_resolver - INFO - Strategy using process_only_new_candles: True
2026-04-25 22:05:36,235 - freqtrade.resolvers.strategy_resolver - INFO - Strategy using order_types: {'entry': 'limit', 'exit': 'limit', 'stoploss': 'limit', 'stoploss_on_exchange': False, 
'stoploss_on_exchange_interval': 60}
2026-04-25 22:05:36,235 - freqtrade.resolvers.strategy_resolver - INFO - Strategy using order_time_in_force: {'entry': 'GTC', 'exit': 'GTC'}
2026-04-25 22:05:36,235 - freqtrade.resolvers.strategy_resolver - INFO - Strategy using stake_currency: USDT
2026-04-25 22:05:36,236 - freqtrade.resolvers.strategy_resolver - INFO - Strategy using stake_amount: unlimited
2026-04-25 22:05:36,236 - freqtrade.resolvers.strategy_resolver - INFO - Strategy using startup_candle_count: 0
2026-04-25 22:05:36,236 - freqtrade.resolvers.strategy_resolver - INFO - Strategy using use_exit_signal: True
2026-04-25 22:05:36,236 - freqtrade.resolvers.strategy_resolver - INFO - Strategy using exit_profit_only: False
2026-04-25 22:05:36,237 - freqtrade.resolvers.strategy_resolver - INFO - Strategy using ignore_roi_if_entry_signal: False
2026-04-25 22:05:36,237 - freqtrade.resolvers.strategy_resolver - INFO - Strategy using exit_profit_offset: 0.0
2026-04-25 22:05:36,237 - freqtrade.resolvers.strategy_resolver - INFO - Strategy using disable_dataframe_checks: False
2026-04-25 22:05:36,237 - freqtrade.resolvers.strategy_resolver - INFO - Strategy using ignore_buying_expired_candle_after: 0
2026-04-25 22:05:36,238 - freqtrade.resolvers.strategy_resolver - INFO - Strategy using position_adjustment_enable: False
2026-04-25 22:05:36,238 - freqtrade.resolvers.strategy_resolver - INFO - Strategy using max_entry_position_adjustment: -1
2026-04-25 22:05:36,238 - freqtrade.resolvers.strategy_resolver - INFO - Strategy using max_open_trades: 3
2026-04-25 22:05:36,239 - freqtrade.configuration.config_validation - INFO - Validating configuration ...
2026-04-25 22:05:36,242 - freqtrade.resolvers.iresolver - INFO - Using resolved pairlist StaticPairList from 
'/home/mohs/Desktop/ae/pyside6/.venv/lib/python3.12/site-packages/freqtrade/plugins/pairlist/StaticPairList.py'...
2026-04-25 22:05:36,254 - freqtrade.optimize.backtesting - INFO - Using fee 0.1000% - worst case fee from exchange (lowest tier).
2026-04-25 22:05:36,389 - freqtrade.data.history.datahandlers.idatahandler - WARNING - XRP/USDT, spot, 5m, data ends at 2026-04-11 01:45:00
2026-04-25 22:05:36,787 - freqtrade.data.history.datahandlers.idatahandler - WARNING - HOME/USDT, spot, 5m, data starts at 2025-06-12 15:00:00
2026-04-25 22:05:36,816 - freqtrade.optimize.backtesting - INFO - Loading data from 2025-04-22 00:00:00 up to 2026-04-17 00:00:00 (360 days).
2026-04-25 22:05:38,918 - freqtrade.optimize.backtesting - INFO - Dataload complete. Calculating indicators
2026-04-25 22:05:38,924 - freqtrade.optimize.backtesting - INFO - Running backtesting for Strategy yes
2026-04-25 22:05:38,925 - freqtrade.strategy.hyper - INFO - Strategy Parameter: buy_ma_count = 3
2026-04-25 22:05:38,925 - freqtrade.strategy.hyper - INFO - Strategy Parameter: buy_ma_gap = 46
2026-04-25 22:05:38,925 - freqtrade.strategy.hyper - INFO - Strategy Parameter: sell_ma_count = 15
2026-04-25 22:05:38,925 - freqtrade.strategy.hyper - INFO - Strategy Parameter: sell_ma_gap = 18
2026-04-25 22:05:39,143 - freqtrade.optimize.backtesting - INFO - Backtesting with data from 2025-04-22 00:00:00 up to 2026-04-17 00:00:00 (360 days).
/home/mohs/Desktop/ae/pyside6/.venv/lib/python3.12/site-packages/freqtrade/data/metrics.py:77: FutureWarning: The default fill_method='pad' in DataFrame.pct_change is deprecated and will be removed in a future version. Either fill in any non-leading NA values prior to calling pct_change or specify 'fill_method=None' to not fill NA values.
  rel_mean = df_comb.pct_change().mean(axis=1).fillna(0).cumsum()
2026-04-25 22:05:43,931 - freqtrade.misc - INFO - dumping json to "/home/mohs/Desktop/ae/pyside6/user_data/backtest_results/backtest-result-2026-04-25_22-05-43.meta.json"
Result for strategy yes
                                              BACKTESTING REPORT                                              
┏━━━━━━━━━━━┳━━━━━━━━┳━━━━━━━━━━━━━━┳━━━━━━━━━━━━━━━━━┳━━━━━━━━━━━━━━┳━━━━━━━━━━━━━━┳━━━━━━━━━━━━━━━━━━━━━━━━┓
┃      Pair ┃ Trades ┃ Avg Profit % ┃ Tot Profit USDT ┃ Tot Profit % ┃ Avg Duration ┃  Win  Draw  Loss  Win% ┃
┡━━━━━━━━━━━╇━━━━━━━━╇━━━━━━━━━━━━━━╇━━━━━━━━━━━━━━━━━╇━━━━━━━━━━━━━━╇━━━━━━━━━━━━━━╇━━━━━━━━━━━━━━━━━━━━━━━━┩
│ HOME/USDT │    348 │        -0.14 │         -18.535 │       -12.36 │      2:29:00 │  101     0   247  29.0 │
│  ETH/USDT │    384 │        -0.12 │         -19.741 │       -13.16 │      2:41:00 │  127     0   257  33.1 │
│  XRP/USDT │    392 │        -0.13 │         -22.634 │       -15.09 │      2:38:00 │  122     0   270  31.1 │
│     TOTAL │   1124 │        -0.13 │         -60.910 │       -40.61 │      2:36:00 │  350     0   774  31.1 │
└───────────┴────────┴──────────────┴─────────────────┴──────────────┴──────────────┴────────────────────────┘
                                           LEFT OPEN TRADES REPORT                                            
┏━━━━━━━━━━━┳━━━━━━━━┳━━━━━━━━━━━━━━┳━━━━━━━━━━━━━━━━━┳━━━━━━━━━━━━━━┳━━━━━━━━━━━━━━┳━━━━━━━━━━━━━━━━━━━━━━━━┓
┃      Pair ┃ Trades ┃ Avg Profit % ┃ Tot Profit USDT ┃ Tot Profit % ┃ Avg Duration ┃  Win  Draw  Loss  Win% ┃
┡━━━━━━━━━━━╇━━━━━━━━╇━━━━━━━━━━━━━━╇━━━━━━━━━━━━━━━━━╇━━━━━━━━━━━━━━╇━━━━━━━━━━━━━━╇━━━━━━━━━━━━━━━━━━━━━━━━┩
│ HOME/USDT │      1 │        -1.25 │          -0.374 │        -0.25 │      2:20:00 │    0     0     1     0 │
│     TOTAL │      1 │        -1.25 │          -0.374 │        -0.25 │      2:20:00 │    0     0     1     0 │
└───────────┴────────┴──────────────┴─────────────────┴──────────────┴──────────────┴────────────────────────┘
                                                ENTER TAG STATS                                                
┏━━━━━━━━━━━┳━━━━━━━━━┳━━━━━━━━━━━━━━┳━━━━━━━━━━━━━━━━━┳━━━━━━━━━━━━━━┳━━━━━━━━━━━━━━┳━━━━━━━━━━━━━━━━━━━━━━━━┓
┃ Enter Tag ┃ Entries ┃ Avg Profit % ┃ Tot Profit USDT ┃ Tot Profit % ┃ Avg Duration ┃  Win  Draw  Loss  Win% ┃
┡━━━━━━━━━━━╇━━━━━━━━━╇━━━━━━━━━━━━━━╇━━━━━━━━━━━━━━━━━╇━━━━━━━━━━━━━━╇━━━━━━━━━━━━━━╇━━━━━━━━━━━━━━━━━━━━━━━━┩
│     OTHER │    1124 │        -0.13 │         -60.910 │       -40.61 │      2:36:00 │  350     0   774  31.1 │
│     TOTAL │    1124 │        -0.13 │         -60.910 │       -40.61 │      2:36:00 │  350     0   774  31.1 │
└───────────┴─────────┴──────────────┴─────────────────┴──────────────┴──────────────┴────────────────────────┘
                                               EXIT REASON STATS                                               
┏━━━━━━━━━━━━━┳━━━━━━━┳━━━━━━━━━━━━━━┳━━━━━━━━━━━━━━━━━┳━━━━━━━━━━━━━━┳━━━━━━━━━━━━━━┳━━━━━━━━━━━━━━━━━━━━━━━━┓
┃ Exit Reason ┃ Exits ┃ Avg Profit % ┃ Tot Profit USDT ┃ Tot Profit % ┃ Avg Duration ┃  Win  Draw  Loss  Win% ┃
┡━━━━━━━━━━━━━╇━━━━━━━╇━━━━━━━━━━━━━━╇━━━━━━━━━━━━━━━━━╇━━━━━━━━━━━━━━╇━━━━━━━━━━━━━━╇━━━━━━━━━━━━━━━━━━━━━━━━┩
│         roi │    12 │        10.76 │          51.856 │        34.57 │      3:13:00 │   12     0     0   100 │
│  force_exit │     1 │        -1.25 │          -0.374 │        -0.25 │      2:20:00 │    0     0     1     0 │
│ exit_signal │  1111 │        -0.25 │        -112.391 │       -74.93 │      2:36:00 │  338     0   773  30.4 │
│       TOTAL │  1124 │        -0.13 │         -60.910 │       -40.61 │      2:36:00 │  350     0   774  31.1 │
└─────────────┴───────┴──────────────┴─────────────────┴──────────────┴──────────────┴────────────────────────┘
                                                      MIXED TAG STATS                                                       
┏━━━━━━━━━━━┳━━━━━━━━━━━━━┳━━━━━━━━┳━━━━━━━━━━━━━━┳━━━━━━━━━━━━━━━━━┳━━━━━━━━━━━━━━┳━━━━━━━━━━━━━━┳━━━━━━━━━━━━━━━━━━━━━━━━┓
┃ Enter Tag ┃ Exit Reason ┃ Trades ┃ Avg Profit % ┃ Tot Profit USDT ┃ Tot Profit % ┃ Avg Duration ┃  Win  Draw  Loss  Win% ┃
┡━━━━━━━━━━━╇━━━━━━━━━━━━━╇━━━━━━━━╇━━━━━━━━━━━━━━╇━━━━━━━━━━━━━━━━━╇━━━━━━━━━━━━━━╇━━━━━━━━━━━━━━╇━━━━━━━━━━━━━━━━━━━━━━━━┩
│           │         roi │     12 │        10.76 │          51.856 │        34.57 │      3:13:00 │   12     0     0   100 │
│           │  force_exit │      1 │        -1.25 │          -0.374 │        -0.25 │      2:20:00 │    0     0     1     0 │
│           │ exit_signal │   1111 │        -0.25 │        -112.391 │       -74.93 │      2:36:00 │  338     0   773  30.4 │
│     TOTAL │             │   1124 │        -0.13 │         -60.910 │       -40.61 │      2:36:00 │  350     0   774  31.1 │
└───────────┴─────────────┴────────┴──────────────┴─────────────────┴──────────────┴──────────────┴────────────────────────┘
                         SUMMARY METRICS                          
┏━━━━━━━━━━━━━━━━━━━━━━━━━━━━━━━┳━━━━━━━━━━━━━━━━━━━━━━━━━━━━━━━━┓
┃ Metric                        ┃ Value                          ┃
┡━━━━━━━━━━━━━━━━━━━━━━━━━━━━━━━╇━━━━━━━━━━━━━━━━━━━━━━━━━━━━━━━━┩
│ Backtesting from              │ 2025-04-22 00:00:00            │
│ Backtesting to                │ 2026-04-17 00:00:00            │
│ Trading Mode                  │ Spot                           │
│ Max open trades               │ 3                              │
│                               │                                │
│ Total/Daily Avg Trades        │ 1124 / 3.12                    │
│ Starting balance              │ 150 USDT                       │
│ Final balance                 │ 89.09 USDT                     │
│ Absolute profit               │ -60.91 USDT                    │
│ Total profit %                │ -40.61%                        │
│ CAGR %                        │ -41.03%                        │
│ Sortino                       │ -8.11                          │
│ Sharpe                        │ -4.17                          │
│ Calmar                        │ -5.10                          │
│ SQN                           │ -2.34                          │
│ Profit factor                 │ 0.78                           │
│ Expectancy (Ratio)            │ -0.05 (-0.15)                  │
│ Avg. daily profit             │ -0.169 USDT                    │
│ Avg. stake amount             │ 38.128 USDT                    │
│ Total trade volume            │ 85822.495 USDT                 │
│                               │                                │
│ Best Pair                     │ HOME/USDT -12.36%              │
│ Worst Pair                    │ XRP/USDT -15.09%               │
│ Best trade                    │ HOME/USDT 22.53%               │
│ Worst trade                   │ HOME/USDT -13.81%              │
│ Best day                      │ 5.902 USDT                     │
│ Worst day                     │ -5.448 USDT                    │
│ Days win/draw/lose            │ 111 / 40 / 207                 │
│ Min/Max/Avg. Duration Winners │ 0d 00:40 / 0d 07:50 / 0d 03:56 │
│ Min/Max/Avg. Duration Losers  │ 0d 00:05 / 0d 07:55 / 0d 02:00 │
│ Max Consecutive Wins / Loss   │ 8 / 15                         │
│ Rejected Entry signals        │ 0                              │
│ Entry/Exit Timeouts           │ 0 / 0                          │
│                               │                                │
│ Min balance                   │ 86.569 USDT                    │
│ Max balance                   │ 149.813 USDT                   │
│ Max % of account underwater   │ 42.29%                         │
│ Absolute drawdown             │ 63.431 USDT (42.29%)           │
│ Drawdown duration             │ 343 days 00:20:00              │
│ Profit at drawdown start      │ 0 USDT                         │
│ Profit at drawdown end        │ -63.431 USDT                   │
│ Drawdown start                │ 2025-04-25 09:15:00            │
│ Drawdown end                  │ 2026-04-03 09:35:00            │
│ Market change                 │ -10.52%                        │
└───────────────────────────────┴────────────────────────────────┘

Backtested 2025-04-22 00:00:00 -> 2026-04-17 00:00:00 | Max open trades : 3
                                                         STRATEGY SUMMARY                                                          
┏━━━━━━━━━━┳━━━━━━━━┳━━━━━━━━━━━━━━┳━━━━━━━━━━━━━━━━━┳━━━━━━━━━━━━━━┳━━━━━━━━━━━━━━┳━━━━━━━━━━━━━━━━━━━━━━━━┳━━━━━━━━━━━━━━━━━━━━━┓
┃ Strategy ┃ Trades ┃ Avg Profit % ┃ Tot Profit USDT ┃ Tot Profit % ┃ Avg Duration ┃  Win  Draw  Loss  Win% ┃            Drawdown ┃
┡━━━━━━━━━━╇━━━━━━━━╇━━━━━━━━━━━━━━╇━━━━━━━━━━━━━━━━━╇━━━━━━━━━━━━━━╇━━━━━━━━━━━━━━╇━━━━━━━━━━━━━━━━━━━━━━━━╇━━━━━━━━━━━━━━━━━━━━━┩
│      yes │   1124 │        -0.13 │         -60.910 │       -40.61 │      2:36:00 │  350     0   774  31.1 │ 63.431 USDT  42.29% │
└──────────┴────────┴──────────────┴─────────────────┴──────────────┴──────────────┴────────────────────────┴─────────────────────┘