2026-04-25 20:07:49,948 - freqtrade - INFO - freqtrade 2026.3
2026-04-25 20:07:51,122 - freqtrade.configuration.load_config - INFO - Using config: /home/mohs/Desktop/ae/pyside6/user_data/config.json ...
2026-04-25 20:07:51,125 - freqtrade.loggers - INFO - Enabling colorized output.
2026-04-25 20:07:51,125 - freqtrade.loggers - INFO - Logfile configured
2026-04-25 20:07:51,125 - freqtrade.loggers - INFO - Verbosity set to 0
2026-04-25 20:07:51,126 - freqtrade.configuration.configuration - INFO - Using additional Strategy lookup path: 
/home/mohs/Desktop/ae/pyside6/user_data/optimizer/sessions/2228f2cd-52d5-4133-b521-f7915a036afc/trial_040/strategy_dir
2026-04-25 20:07:51,126 - freqtrade.configuration.configuration - WARNING - `force_entry_enable` RPC message enabled.
2026-04-25 20:07:51,126 - freqtrade.configuration.configuration - INFO - Parameter -i/--timeframe detected ... Using timeframe: 4h ...
2026-04-25 20:07:51,127 - freqtrade.configuration.configuration - INFO - Parameter --max-open-trades detected, overriding max_open_trades to: 4 ...
2026-04-25 20:07:51,127 - freqtrade.configuration.configuration - INFO - Parameter --dry-run-wallet detected, overriding dry_run_wallet to: 150.0 ...
2026-04-25 20:07:51,127 - freqtrade.configuration.configuration - INFO - Parameter --timerange detected: 20250422-20260417 ...
2026-04-25 20:07:51,128 - freqtrade.configuration.configuration - INFO - Using user-data directory: /home/mohs/Desktop/ae/pyside6/user_data ...
2026-04-25 20:07:51,128 - freqtrade.configuration.configuration - INFO - Using data directory: /home/mohs/Desktop/ae/pyside6/user_data/data/binance ...
2026-04-25 20:07:51,128 - freqtrade.configuration.configuration - INFO - Parameter --export detected: trades ...
2026-04-25 20:07:51,128 - freqtrade.configuration.configuration - INFO - Parameter --cache=day detected ...
2026-04-25 20:07:51,129 - freqtrade.configuration.configuration - INFO - Using pairs ['ETH/USDT', 'XRP/USDT', 'HOME/USDT', 'ADA/USDT']
2026-04-25 20:07:51,129 - freqtrade.configuration.configuration - INFO - Filter trades by timerange: 20250422-20260417
2026-04-25 20:07:51,129 - freqtrade.exchange.check_exchange - INFO - Checking exchange...
2026-04-25 20:07:51,136 - freqtrade.exchange.check_exchange - INFO - Exchange "binance" is officially supported by the Freqtrade development team.
2026-04-25 20:07:51,136 - freqtrade.configuration.config_validation - INFO - Validating configuration ...
2026-04-25 20:07:51,138 - freqtrade.commands.optimize_commands - INFO - Starting freqtrade in Backtesting mode
2026-04-25 20:07:51,139 - freqtrade.exchange.exchange - INFO - Instance is running with dry_run enabled
2026-04-25 20:07:51,139 - freqtrade.exchange.exchange - INFO - Using CCXT 4.5.50
2026-04-25 20:07:51,139 - freqtrade.exchange.exchange - INFO - Applying additional ccxt config: {'enableRateLimit': True, 'timeout': 120000}
2026-04-25 20:07:51,145 - freqtrade.exchange.exchange - INFO - Applying additional ccxt config: {'enableRateLimit': True, 'timeout': 120000}
2026-04-25 20:07:51,151 - freqtrade.exchange.exchange - INFO - Using Exchange "Binance"
2026-04-25 20:07:52,329 - freqtrade.resolvers.exchange_resolver - INFO - Using resolved exchange 'Binance'...
2026-04-25 20:07:52,338 - freqtrade.resolvers.iresolver - INFO - Using resolved strategy yty from 
'/home/mohs/Desktop/ae/pyside6/user_data/optimizer/sessions/2228f2cd-52d5-4133-b521-f7915a036afc/trial_040/strategy_dir/yty.py'...
2026-04-25 20:07:52,339 - freqtrade.strategy.hyper - INFO - Loading parameters from file 
/home/mohs/Desktop/ae/pyside6/user_data/optimizer/sessions/2228f2cd-52d5-4133-b521-f7915a036afc/trial_040/strategy_dir/yty.json
2026-04-25 20:07:52,339 - freqtrade.resolvers.strategy_resolver - INFO - Override strategy 'timeframe' with value from the configuration: 4h.
2026-04-25 20:07:52,340 - freqtrade.resolvers.strategy_resolver - INFO - Override strategy 'stake_currency' with value from the configuration: USDT.
2026-04-25 20:07:52,340 - freqtrade.resolvers.strategy_resolver - INFO - Override strategy 'stake_amount' with value from the configuration: unlimited.
2026-04-25 20:07:52,340 - freqtrade.resolvers.strategy_resolver - INFO - Override strategy 'use_exit_signal' with value from the configuration: True.
2026-04-25 20:07:52,341 - freqtrade.resolvers.strategy_resolver - INFO - Override strategy 'max_open_trades' with value from the configuration: 4.
2026-04-25 20:07:52,341 - freqtrade.resolvers.strategy_resolver - INFO - Strategy using minimal_roi: {'0': 1.089596148763691, '1553': 0.015364924781529066, '2332': 0.10155142007024542, '3169': 
0.5284586006997708}
2026-04-25 20:07:52,341 - freqtrade.resolvers.strategy_resolver - INFO - Strategy using timeframe: 4h
2026-04-25 20:07:52,342 - freqtrade.resolvers.strategy_resolver - INFO - Strategy using stoploss: -0.840023723985136
2026-04-25 20:07:52,342 - freqtrade.resolvers.strategy_resolver - INFO - Strategy using trailing_stop: True
2026-04-25 20:07:52,342 - freqtrade.resolvers.strategy_resolver - INFO - Strategy using trailing_stop_positive_offset: 0.06149772552230032
2026-04-25 20:07:52,343 - freqtrade.resolvers.strategy_resolver - INFO - Strategy using trailing_only_offset_is_reached: False
2026-04-25 20:07:52,343 - freqtrade.resolvers.strategy_resolver - INFO - Strategy using use_custom_stoploss: False
2026-04-25 20:07:52,343 - freqtrade.resolvers.strategy_resolver - INFO - Strategy using process_only_new_candles: True
2026-04-25 20:07:52,343 - freqtrade.resolvers.strategy_resolver - INFO - Strategy using order_types: {'entry': 'limit', 'exit': 'limit', 'stoploss': 'limit', 'stoploss_on_exchange': False, 
'stoploss_on_exchange_interval': 60}
2026-04-25 20:07:52,344 - freqtrade.resolvers.strategy_resolver - INFO - Strategy using order_time_in_force: {'entry': 'GTC', 'exit': 'GTC'}
2026-04-25 20:07:52,344 - freqtrade.resolvers.strategy_resolver - INFO - Strategy using stake_currency: USDT
2026-04-25 20:07:52,344 - freqtrade.resolvers.strategy_resolver - INFO - Strategy using stake_amount: unlimited
2026-04-25 20:07:52,344 - freqtrade.resolvers.strategy_resolver - INFO - Strategy using startup_candle_count: 0
2026-04-25 20:07:52,345 - freqtrade.resolvers.strategy_resolver - INFO - Strategy using use_exit_signal: True
2026-04-25 20:07:52,345 - freqtrade.resolvers.strategy_resolver - INFO - Strategy using exit_profit_only: False
2026-04-25 20:07:52,345 - freqtrade.resolvers.strategy_resolver - INFO - Strategy using ignore_roi_if_entry_signal: False
2026-04-25 20:07:52,345 - freqtrade.resolvers.strategy_resolver - INFO - Strategy using exit_profit_offset: 0.0
2026-04-25 20:07:52,346 - freqtrade.resolvers.strategy_resolver - INFO - Strategy using disable_dataframe_checks: False
2026-04-25 20:07:52,346 - freqtrade.resolvers.strategy_resolver - INFO - Strategy using ignore_buying_expired_candle_after: 0
2026-04-25 20:07:52,346 - freqtrade.resolvers.strategy_resolver - INFO - Strategy using position_adjustment_enable: False
2026-04-25 20:07:52,346 - freqtrade.resolvers.strategy_resolver - INFO - Strategy using max_entry_position_adjustment: -1
2026-04-25 20:07:52,347 - freqtrade.resolvers.strategy_resolver - INFO - Strategy using max_open_trades: 4
2026-04-25 20:07:52,347 - freqtrade.configuration.config_validation - INFO - Validating configuration ...
2026-04-25 20:07:52,351 - freqtrade.resolvers.iresolver - INFO - Using resolved pairlist StaticPairList from 
'/home/mohs/Desktop/ae/pyside6/.venv/lib/python3.12/site-packages/freqtrade/plugins/pairlist/StaticPairList.py'...
2026-04-25 20:07:52,367 - freqtrade.optimize.backtesting - INFO - Using fee 0.1000% - worst case fee from exchange (lowest tier).
2026-04-25 20:07:52,375 - freqtrade.data.history.datahandlers.idatahandler - WARNING - ETH/USDT, spot, 4h, data starts at 2025-04-24 00:00:00
2026-04-25 20:07:52,388 - freqtrade.data.history.datahandlers.idatahandler - WARNING - XRP/USDT, spot, 4h, data starts at 2025-04-30 00:00:00
2026-04-25 20:07:52,402 - freqtrade.data.history.datahandlers.idatahandler - WARNING - HOME/USDT, spot, 4h, data starts at 2025-06-12 12:00:00
2026-04-25 20:07:52,415 - freqtrade.data.history.datahandlers.idatahandler - WARNING - ADA/USDT, spot, 4h, data starts at 2025-04-24 00:00:00
2026-04-25 20:07:52,423 - freqtrade.optimize.backtesting - INFO - Loading data from 2025-04-24 00:00:00 up to 2026-04-17 00:00:00 (358 days).
2026-04-25 20:07:52,508 - freqtrade.optimize.backtesting - INFO - Dataload complete. Calculating indicators
2026-04-25 20:07:52,512 - freqtrade.optimize.backtesting - INFO - Running backtesting for Strategy yty
2026-04-25 20:07:52,512 - freqtrade.strategy.hyper - INFO - Strategy Parameter: buy_ma_count = 12
2026-04-25 20:07:52,513 - freqtrade.strategy.hyper - INFO - Strategy Parameter: buy_ma_gap = 45
2026-04-25 20:07:52,513 - freqtrade.strategy.hyper - INFO - Strategy Parameter: sell_ma_count = 20
2026-04-25 20:07:52,513 - freqtrade.strategy.hyper - INFO - Strategy Parameter: sell_ma_gap = 55
2026-04-25 20:07:52,532 - freqtrade.optimize.backtesting - INFO - Backtesting with data from 2025-04-24 00:00:00 up to 2026-04-17 00:00:00 (358 days).
2026-04-25 20:07:52,919 - freqtrade.misc - INFO - dumping json to "/home/mohs/Desktop/ae/pyside6/user_data/backtest_results/backtest-result-2026-04-25_20-07-52.meta.json"
  ETH/USDT	
  XRP/USDT	
  HOME/USDT	
  ADA/USDT	
Result for strategy yty
                                                BACKTESTING REPORT                                                
┏━━━━━━━━━━━┳━━━━━━━━┳━━━━━━━━━━━━━━┳━━━━━━━━━━━━━━━━━┳━━━━━━━━━━━━━━┳━━━━━━━━━━━━━━━━━━┳━━━━━━━━━━━━━━━━━━━━━━━━┓
┃      Pair ┃ Trades ┃ Avg Profit % ┃ Tot Profit USDT ┃ Tot Profit % ┃     Avg Duration ┃  Win  Draw  Loss  Win% ┃
┡━━━━━━━━━━━╇━━━━━━━━╇━━━━━━━━━━━━━━╇━━━━━━━━━━━━━━━━━╇━━━━━━━━━━━━━━╇━━━━━━━━━━━━━━━━━━╇━━━━━━━━━━━━━━━━━━━━━━━━┩
│  XRP/USDT │      1 │         3.11 │           1.157 │         0.77 │         20:00:00 │    1     0     0   100 │
│  ADA/USDT │      3 │          0.2 │           0.162 │         0.11 │  1 day, 16:00:00 │    2     0     1  66.7 │
│ HOME/USDT │      0 │          0.0 │           0.000 │          0.0 │             0:00 │    0     0     0     0 │
│  ETH/USDT │      2 │        -0.25 │          -0.193 │        -0.13 │ 2 days, 22:00:00 │    1     0     1  50.0 │
│     TOTAL │      6 │         0.54 │           1.126 │         0.75 │  1 day, 22:40:00 │    4     0     2  66.7 │
└───────────┴────────┴──────────────┴─────────────────┴──────────────┴──────────────────┴────────────────────────┘
                                             LEFT OPEN TRADES REPORT                                             
┏━━━━━━━━━━┳━━━━━━━━┳━━━━━━━━━━━━━━┳━━━━━━━━━━━━━━━━━┳━━━━━━━━━━━━━━┳━━━━━━━━━━━━━━━━━━┳━━━━━━━━━━━━━━━━━━━━━━━━┓
┃     Pair ┃ Trades ┃ Avg Profit % ┃ Tot Profit USDT ┃ Tot Profit % ┃     Avg Duration ┃  Win  Draw  Loss  Win% ┃
┡━━━━━━━━━━╇━━━━━━━━╇━━━━━━━━━━━━━━╇━━━━━━━━━━━━━━━━━╇━━━━━━━━━━━━━━╇━━━━━━━━━━━━━━━━━━╇━━━━━━━━━━━━━━━━━━━━━━━━┩
│ XRP/USDT │      1 │         3.11 │           1.157 │         0.77 │         20:00:00 │    1     0     0   100 │
│ ETH/USDT │      1 │         2.56 │           0.954 │         0.64 │  5 days, 0:00:00 │    1     0     0   100 │
│    TOTAL │      2 │         2.84 │           2.111 │         1.41 │ 2 days, 22:00:00 │    2     0     0   100 │
└──────────┴────────┴──────────────┴─────────────────┴──────────────┴──────────────────┴────────────────────────┘
                                                 ENTER TAG STATS                                                  
┏━━━━━━━━━━━┳━━━━━━━━━┳━━━━━━━━━━━━━━┳━━━━━━━━━━━━━━━━━┳━━━━━━━━━━━━━━┳━━━━━━━━━━━━━━━━━┳━━━━━━━━━━━━━━━━━━━━━━━━┓
┃ Enter Tag ┃ Entries ┃ Avg Profit % ┃ Tot Profit USDT ┃ Tot Profit % ┃    Avg Duration ┃  Win  Draw  Loss  Win% ┃
┡━━━━━━━━━━━╇━━━━━━━━━╇━━━━━━━━━━━━━━╇━━━━━━━━━━━━━━━━━╇━━━━━━━━━━━━━━╇━━━━━━━━━━━━━━━━━╇━━━━━━━━━━━━━━━━━━━━━━━━┩
│     OTHER │       6 │         0.54 │           1.126 │         0.75 │ 1 day, 22:40:00 │    4     0     2  66.7 │
│     TOTAL │       6 │         0.54 │           1.126 │         0.75 │ 1 day, 22:40:00 │    4     0     2  66.7 │
└───────────┴─────────┴──────────────┴─────────────────┴──────────────┴─────────────────┴────────────────────────┘
                                                 EXIT REASON STATS                                                 
┏━━━━━━━━━━━━━┳━━━━━━━┳━━━━━━━━━━━━━━┳━━━━━━━━━━━━━━━━━┳━━━━━━━━━━━━━━┳━━━━━━━━━━━━━━━━━━┳━━━━━━━━━━━━━━━━━━━━━━━━┓
┃ Exit Reason ┃ Exits ┃ Avg Profit % ┃ Tot Profit USDT ┃ Tot Profit % ┃     Avg Duration ┃  Win  Draw  Loss  Win% ┃
┡━━━━━━━━━━━━━╇━━━━━━━╇━━━━━━━━━━━━━━╇━━━━━━━━━━━━━━━━━╇━━━━━━━━━━━━━━╇━━━━━━━━━━━━━━━━━━╇━━━━━━━━━━━━━━━━━━━━━━━━┩
│         roi │     2 │         4.64 │           3.466 │         2.31 │   1 day, 6:00:00 │    2     0     0   100 │
│  force_exit │     2 │         2.84 │           2.111 │         1.41 │ 2 days, 22:00:00 │    2     0     0   100 │
│ exit_signal │     2 │        -5.87 │          -4.452 │        -2.97 │  1 day, 16:00:00 │    0     0     2     0 │
│       TOTAL │     6 │         0.54 │           1.126 │         0.75 │  1 day, 22:40:00 │    4     0     2  66.7 │
└─────────────┴───────┴──────────────┴─────────────────┴──────────────┴──────────────────┴────────────────────────┘
                                                        MIXED TAG STATS                                                         
┏━━━━━━━━━━━┳━━━━━━━━━━━━━┳━━━━━━━━┳━━━━━━━━━━━━━━┳━━━━━━━━━━━━━━━━━┳━━━━━━━━━━━━━━┳━━━━━━━━━━━━━━━━━━┳━━━━━━━━━━━━━━━━━━━━━━━━┓
┃ Enter Tag ┃ Exit Reason ┃ Trades ┃ Avg Profit % ┃ Tot Profit USDT ┃ Tot Profit % ┃     Avg Duration ┃  Win  Draw  Loss  Win% ┃
┡━━━━━━━━━━━╇━━━━━━━━━━━━━╇━━━━━━━━╇━━━━━━━━━━━━━━╇━━━━━━━━━━━━━━━━━╇━━━━━━━━━━━━━━╇━━━━━━━━━━━━━━━━━━╇━━━━━━━━━━━━━━━━━━━━━━━━┩
│           │         roi │      2 │         4.64 │           3.466 │         2.31 │   1 day, 6:00:00 │    2     0     0   100 │
│           │  force_exit │      2 │         2.84 │           2.111 │         1.41 │ 2 days, 22:00:00 │    2     0     0   100 │
│           │ exit_signal │      2 │        -5.87 │          -4.452 │        -2.97 │  1 day, 16:00:00 │    0     0     2     0 │
│     TOTAL │             │      6 │         0.54 │           1.126 │         0.75 │  1 day, 22:40:00 │    4     0     2  66.7 │
└───────────┴─────────────┴────────┴──────────────┴─────────────────┴──────────────┴──────────────────┴────────────────────────┘
                         SUMMARY METRICS                          
┏━━━━━━━━━━━━━━━━━━━━━━━━━━━━━━━┳━━━━━━━━━━━━━━━━━━━━━━━━━━━━━━━━┓
┃ Metric                        ┃ Value                          ┃
┡━━━━━━━━━━━━━━━━━━━━━━━━━━━━━━━╇━━━━━━━━━━━━━━━━━━━━━━━━━━━━━━━━┩
│ Backtesting from              │ 2025-04-24 00:00:00            │
│ Backtesting to                │ 2026-04-17 00:00:00            │
│ Trading Mode                  │ Spot                           │
│ Max open trades               │ 4                              │
│                               │                                │
│ Total/Daily Avg Trades        │ 6 / 0.02                       │
│ Starting balance              │ 150 USDT                       │
│ Final balance                 │ 151.126 USDT                   │
│ Absolute profit               │ 1.126 USDT                     │
│ Total profit %                │ 0.75%                          │
│ CAGR %                        │ 0.77%                          │
│ Sortino                       │ 0.06                           │
│ Sharpe                        │ 0.03                           │
│ Calmar                        │ 1.85                           │
│ SQN                           │ 0.21                           │
│ Profit factor                 │ 1.25                           │
│ Expectancy (Ratio)            │ 0.19 (0.08)                    │
│ Avg. daily profit             │ 0.003 USDT                     │
│ Avg. stake amount             │ 37.489 USDT                    │
│ Total trade volume            │ 451.898 USDT                   │
│                               │                                │
│ Best Pair                     │ XRP/USDT 0.77%                 │
│ Worst Pair                    │ ETH/USDT -0.13%                │
│ Best trade                    │ ADA/USDT 7.73%                 │
│ Worst trade                   │ ADA/USDT -8.67%                │
│ Best day                      │ 2.877 USDT                     │
│ Worst day                     │ -3.304 USDT                    │
│ Days win/draw/lose            │ 3 / 84 / 2                     │
│ Min/Max/Avg. Duration Winners │ 0d 20:00 / 5d 00:00 / 2d 02:00 │
│ Min/Max/Avg. Duration Losers  │ 0d 20:00 / 2d 12:00 / 1d 16:00 │
│ Max Consecutive Wins / Loss   │ 2 / 1                          │
│ Rejected Entry signals        │ 0                              │
│ Entry/Exit Timeouts           │ 0 / 0                          │
│                               │                                │
│ Min balance                   │ 148.853 USDT                   │
│ Max balance                   │ 152.319 USDT                   │
│ Max % of account underwater   │ 2.17%                          │
│ Absolute drawdown             │ 3.304 USDT (2.17%)             │
│ Drawdown duration             │ 2 days 16:00:00                │
│ Profit at drawdown start      │ 2.319 USDT                     │
│ Profit at drawdown end        │ -0.986 USDT                    │
│ Drawdown start                │ 2026-03-18 04:00:00            │
│ Drawdown end                  │ 2026-03-20 20:00:00            │
│ Market change                 │ -27.75%                        │
└───────────────────────────────┴────────────────────────────────┘

Backtested 2025-04-24 00:00:00 -> 2026-04-17 00:00:00 | Max open trades : 4
                                                          STRATEGY SUMMARY                                                          
┏━━━━━━━━━━┳━━━━━━━━┳━━━━━━━━━━━━━━┳━━━━━━━━━━━━━━━━━┳━━━━━━━━━━━━━━┳━━━━━━━━━━━━━━━━━┳━━━━━━━━━━━━━━━━━━━━━━━━┳━━━━━━━━━━━━━━━━━━━┓
┃ Strategy ┃ Trades ┃ Avg Profit % ┃ Tot Profit USDT ┃ Tot Profit % ┃    Avg Duration ┃  Win  Draw  Loss  Win% ┃          Drawdown ┃
┡━━━━━━━━━━╇━━━━━━━━╇━━━━━━━━━━━━━━╇━━━━━━━━━━━━━━━━━╇━━━━━━━━━━━━━━╇━━━━━━━━━━━━━━━━━╇━━━━━━━━━━━━━━━━━━━━━━━━╇━━━━━━━━━━━━━━━━━━━┩
│      yty │      6 │         0.54 │           1.126 │         0.75 │ 1 day, 22:40:00 │    4     0     2  66.7 │ 3.304 USDT  2.17% │
└──────────┴────────┴──────────────┴─────────────────┴──────────────┴─────────────────┴────────────────────────┴───────────────────┘