2026-04-25 22:47:00,358 - freqtrade - INFO - freqtrade 2026.3
2026-04-25 22:47:01,407 - freqtrade.configuration.load_config - INFO - Using config: /home/mohs/Desktop/ae/pyside6/user_data/config.json ...
2026-04-25 22:47:01,410 - freqtrade.loggers - INFO - Enabling colorized output.
2026-04-25 22:47:01,410 - freqtrade.loggers - INFO - Logfile configured
2026-04-25 22:47:01,411 - freqtrade.loggers - INFO - Verbosity set to 0
2026-04-25 22:47:01,411 - freqtrade.configuration.configuration - INFO - Using additional Strategy lookup path: 
/home/mohs/Desktop/ae/pyside6/user_data/optimizer/sessions/b8194b7f-3716-497e-8a17-833c28d4e223/trial_147/strategy_dir
2026-04-25 22:47:01,411 - freqtrade.configuration.configuration - WARNING - `force_entry_enable` RPC message enabled.
2026-04-25 22:47:01,411 - freqtrade.configuration.configuration - INFO - Parameter -i/--timeframe detected ... Using timeframe: 4h ...
2026-04-25 22:47:01,412 - freqtrade.configuration.configuration - INFO - Parameter --max-open-trades detected, overriding max_open_trades to: 3 ...
2026-04-25 22:47:01,412 - freqtrade.configuration.configuration - INFO - Parameter --dry-run-wallet detected, overriding dry_run_wallet to: 150.0 ...
2026-04-25 22:47:01,412 - freqtrade.configuration.configuration - INFO - Parameter --timerange detected: 20250422-20260417 ...
2026-04-25 22:47:01,413 - freqtrade.configuration.configuration - INFO - Using user-data directory: /home/mohs/Desktop/ae/pyside6/user_data ...
2026-04-25 22:47:01,413 - freqtrade.configuration.configuration - INFO - Using data directory: /home/mohs/Desktop/ae/pyside6/user_data/data/binance ...
2026-04-25 22:47:01,413 - freqtrade.configuration.configuration - INFO - Parameter --export detected: trades ...
2026-04-25 22:47:01,413 - freqtrade.configuration.configuration - INFO - Parameter --cache=day detected ...
2026-04-25 22:47:01,414 - freqtrade.configuration.configuration - INFO - Using pairs ['XRP/USDT', 'ETH/USDT', 'HOME/USDT']
2026-04-25 22:47:01,414 - freqtrade.configuration.configuration - INFO - Filter trades by timerange: 20250422-20260417
2026-04-25 22:47:01,414 - freqtrade.exchange.check_exchange - INFO - Checking exchange...
2026-04-25 22:47:01,420 - freqtrade.exchange.check_exchange - INFO - Exchange "binance" is officially supported by the Freqtrade development team.
2026-04-25 22:47:01,421 - freqtrade.configuration.config_validation - INFO - Validating configuration ...
2026-04-25 22:47:01,423 - freqtrade.commands.optimize_commands - INFO - Starting freqtrade in Backtesting mode
2026-04-25 22:47:01,423 - freqtrade.exchange.exchange - INFO - Instance is running with dry_run enabled
2026-04-25 22:47:01,423 - freqtrade.exchange.exchange - INFO - Using CCXT 4.5.50
2026-04-25 22:47:01,424 - freqtrade.exchange.exchange - INFO - Applying additional ccxt config: {'enableRateLimit': True, 'timeout': 120000}
2026-04-25 22:47:01,429 - freqtrade.exchange.exchange - INFO - Applying additional ccxt config: {'enableRateLimit': True, 'timeout': 120000}
2026-04-25 22:47:01,435 - freqtrade.exchange.exchange - INFO - Using Exchange "Binance"
2026-04-25 22:47:02,600 - freqtrade.resolvers.exchange_resolver - INFO - Using resolved exchange 'Binance'...
2026-04-25 22:47:02,608 - freqtrade.resolvers.iresolver - INFO - Using resolved strategy yes from 
'/home/mohs/Desktop/ae/pyside6/user_data/optimizer/sessions/b8194b7f-3716-497e-8a17-833c28d4e223/trial_147/strategy_dir/yes.py'...
2026-04-25 22:47:02,608 - freqtrade.strategy.hyper - INFO - Loading parameters from file 
/home/mohs/Desktop/ae/pyside6/user_data/optimizer/sessions/b8194b7f-3716-497e-8a17-833c28d4e223/trial_147/strategy_dir/yes.json
2026-04-25 22:47:02,609 - freqtrade.resolvers.strategy_resolver - INFO - Override strategy 'timeframe' with value from the configuration: 4h.
2026-04-25 22:47:02,609 - freqtrade.resolvers.strategy_resolver - INFO - Override strategy 'stake_currency' with value from the configuration: USDT.
2026-04-25 22:47:02,609 - freqtrade.resolvers.strategy_resolver - INFO - Override strategy 'stake_amount' with value from the configuration: unlimited.
2026-04-25 22:47:02,609 - freqtrade.resolvers.strategy_resolver - INFO - Override strategy 'use_exit_signal' with value from the configuration: True.
2026-04-25 22:47:02,610 - freqtrade.resolvers.strategy_resolver - INFO - Override strategy 'max_open_trades' with value from the configuration: 3.
2026-04-25 22:47:02,610 - freqtrade.resolvers.strategy_resolver - INFO - Strategy using minimal_roi: {'0': 1.2741369076270936, '13': 0.8141357802722955, '146': 0.02437360248614375, '38': 
0.04882401915979957}
2026-04-25 22:47:02,610 - freqtrade.resolvers.strategy_resolver - INFO - Strategy using timeframe: 4h
2026-04-25 22:47:02,610 - freqtrade.resolvers.strategy_resolver - INFO - Strategy using stoploss: -0.9268963457931222
2026-04-25 22:47:02,611 - freqtrade.resolvers.strategy_resolver - INFO - Strategy using trailing_stop: False
2026-04-25 22:47:02,611 - freqtrade.resolvers.strategy_resolver - INFO - Strategy using trailing_stop_positive: 0.48373590943028905
2026-04-25 22:47:02,611 - freqtrade.resolvers.strategy_resolver - INFO - Strategy using trailing_stop_positive_offset: 0.3496555510019488
2026-04-25 22:47:02,611 - freqtrade.resolvers.strategy_resolver - INFO - Strategy using trailing_only_offset_is_reached: True
2026-04-25 22:47:02,612 - freqtrade.resolvers.strategy_resolver - INFO - Strategy using use_custom_stoploss: False
2026-04-25 22:47:02,612 - freqtrade.resolvers.strategy_resolver - INFO - Strategy using process_only_new_candles: True
2026-04-25 22:47:02,612 - freqtrade.resolvers.strategy_resolver - INFO - Strategy using order_types: {'entry': 'limit', 'exit': 'limit', 'stoploss': 'limit', 'stoploss_on_exchange': False, 
'stoploss_on_exchange_interval': 60}
2026-04-25 22:47:02,612 - freqtrade.resolvers.strategy_resolver - INFO - Strategy using order_time_in_force: {'entry': 'GTC', 'exit': 'GTC'}
2026-04-25 22:47:02,613 - freqtrade.resolvers.strategy_resolver - INFO - Strategy using stake_currency: USDT
2026-04-25 22:47:02,613 - freqtrade.resolvers.strategy_resolver - INFO - Strategy using stake_amount: unlimited
2026-04-25 22:47:02,613 - freqtrade.resolvers.strategy_resolver - INFO - Strategy using startup_candle_count: 0
2026-04-25 22:47:02,613 - freqtrade.resolvers.strategy_resolver - INFO - Strategy using use_exit_signal: True
2026-04-25 22:47:02,614 - freqtrade.resolvers.strategy_resolver - INFO - Strategy using exit_profit_only: False
2026-04-25 22:47:02,614 - freqtrade.resolvers.strategy_resolver - INFO - Strategy using ignore_roi_if_entry_signal: False
2026-04-25 22:47:02,614 - freqtrade.resolvers.strategy_resolver - INFO - Strategy using exit_profit_offset: 0.0
2026-04-25 22:47:02,614 - freqtrade.resolvers.strategy_resolver - INFO - Strategy using disable_dataframe_checks: False
2026-04-25 22:47:02,615 - freqtrade.resolvers.strategy_resolver - INFO - Strategy using ignore_buying_expired_candle_after: 0
2026-04-25 22:47:02,615 - freqtrade.resolvers.strategy_resolver - INFO - Strategy using position_adjustment_enable: False
2026-04-25 22:47:02,615 - freqtrade.resolvers.strategy_resolver - INFO - Strategy using max_entry_position_adjustment: -1
2026-04-25 22:47:02,615 - freqtrade.resolvers.strategy_resolver - INFO - Strategy using max_open_trades: 3
2026-04-25 22:47:02,616 - freqtrade.configuration.config_validation - INFO - Validating configuration ...
2026-04-25 22:47:02,619 - freqtrade.resolvers.iresolver - INFO - Using resolved pairlist StaticPairList from 
'/home/mohs/Desktop/ae/pyside6/.venv/lib/python3.12/site-packages/freqtrade/plugins/pairlist/StaticPairList.py'...
2026-04-25 22:47:02,632 - freqtrade.optimize.backtesting - INFO - Using fee 0.1000% - worst case fee from exchange (lowest tier).
2026-04-25 22:47:02,666 - freqtrade.data.history.datahandlers.idatahandler - WARNING - HOME/USDT, spot, 4h, data starts at 2025-06-12 12:00:00
2026-04-25 22:47:02,674 - freqtrade.optimize.backtesting - INFO - Loading data from 2025-04-22 00:00:00 up to 2026-04-17 00:00:00 (360 days).
2026-04-25 22:47:02,729 - freqtrade.optimize.backtesting - INFO - Dataload complete. Calculating indicators
2026-04-25 22:47:02,738 - freqtrade.optimize.backtesting - INFO - Running backtesting for Strategy yes
2026-04-25 22:47:02,739 - freqtrade.strategy.hyper - INFO - Strategy Parameter: buy_ma_count = 3
2026-04-25 22:47:02,739 - freqtrade.strategy.hyper - INFO - Strategy Parameter: buy_ma_gap = 10
2026-04-25 22:47:02,739 - freqtrade.strategy.hyper - INFO - Strategy Parameter: sell_ma_count = 12
2026-04-25 22:47:02,740 - freqtrade.strategy.hyper - INFO - Strategy Parameter: sell_ma_gap = 49
2026-04-25 22:47:02,748 - freqtrade.optimize.backtesting - INFO - Backtesting with data from 2025-04-22 00:00:00 up to 2026-04-17 00:00:00 (360 days).
2026-04-25 22:47:03,387 - freqtrade.misc - INFO - dumping json to "/home/mohs/Desktop/ae/pyside6/user_data/backtest_results/backtest-result-2026-04-25_22-47-03.meta.json"
Result for strategy yes
                                               BACKTESTING REPORT                                                
┏━━━━━━━━━━━┳━━━━━━━━┳━━━━━━━━━━━━━━┳━━━━━━━━━━━━━━━━━┳━━━━━━━━━━━━━━┳━━━━━━━━━━━━━━━━━┳━━━━━━━━━━━━━━━━━━━━━━━━┓
┃      Pair ┃ Trades ┃ Avg Profit % ┃ Tot Profit USDT ┃ Tot Profit % ┃    Avg Duration ┃  Win  Draw  Loss  Win% ┃
┡━━━━━━━━━━━╇━━━━━━━━╇━━━━━━━━━━━━━━╇━━━━━━━━━━━━━━━━━╇━━━━━━━━━━━━━━╇━━━━━━━━━━━━━━━━━╇━━━━━━━━━━━━━━━━━━━━━━━━┩
│ HOME/USDT │     36 │         1.26 │          26.812 │        17.87 │ 1 day, 10:20:00 │   32     0     4  88.9 │
│  ETH/USDT │     26 │         1.57 │          21.963 │        14.64 │ 1 day, 21:23:00 │   23     0     3  88.5 │
│  XRP/USDT │     20 │         0.24 │           2.584 │         1.72 │ 3 days, 3:12:00 │   15     0     5  75.0 │
│     TOTAL │     82 │         1.11 │          51.360 │        34.24 │ 1 day, 23:48:00 │   70     0    12  85.4 │
└───────────┴────────┴──────────────┴─────────────────┴──────────────┴─────────────────┴────────────────────────┘
                                             LEFT OPEN TRADES REPORT                                             
┏━━━━━━━━━━┳━━━━━━━━┳━━━━━━━━━━━━━━┳━━━━━━━━━━━━━━━━━┳━━━━━━━━━━━━━━┳━━━━━━━━━━━━━━━━━━┳━━━━━━━━━━━━━━━━━━━━━━━━┓
┃     Pair ┃ Trades ┃ Avg Profit % ┃ Tot Profit USDT ┃ Tot Profit % ┃     Avg Duration ┃  Win  Draw  Loss  Win% ┃
┡━━━━━━━━━━╇━━━━━━━━╇━━━━━━━━━━━━━━╇━━━━━━━━━━━━━━━━━╇━━━━━━━━━━━━━━╇━━━━━━━━━━━━━━━━━━╇━━━━━━━━━━━━━━━━━━━━━━━━┩
│ ETH/USDT │      1 │        -0.93 │          -0.624 │        -0.42 │ 2 days, 20:00:00 │    0     0     1     0 │
│ XRP/USDT │      1 │        -0.98 │          -0.665 │        -0.44 │          4:00:00 │    0     0     1     0 │
│    TOTAL │      2 │        -0.96 │          -1.289 │        -0.86 │  1 day, 12:00:00 │    0     0     2     0 │
└──────────┴────────┴──────────────┴─────────────────┴──────────────┴──────────────────┴────────────────────────┘
                                                 ENTER TAG STATS                                                  
┏━━━━━━━━━━━┳━━━━━━━━━┳━━━━━━━━━━━━━━┳━━━━━━━━━━━━━━━━━┳━━━━━━━━━━━━━━┳━━━━━━━━━━━━━━━━━┳━━━━━━━━━━━━━━━━━━━━━━━━┓
┃ Enter Tag ┃ Entries ┃ Avg Profit % ┃ Tot Profit USDT ┃ Tot Profit % ┃    Avg Duration ┃  Win  Draw  Loss  Win% ┃
┡━━━━━━━━━━━╇━━━━━━━━━╇━━━━━━━━━━━━━━╇━━━━━━━━━━━━━━━━━╇━━━━━━━━━━━━━━╇━━━━━━━━━━━━━━━━━╇━━━━━━━━━━━━━━━━━━━━━━━━┩
│     OTHER │      82 │         1.11 │          51.360 │        34.24 │ 1 day, 23:48:00 │   70     0    12  85.4 │
│     TOTAL │      82 │         1.11 │          51.360 │        34.24 │ 1 day, 23:48:00 │   70     0    12  85.4 │
└───────────┴─────────┴──────────────┴─────────────────┴──────────────┴─────────────────┴────────────────────────┘
                                                 EXIT REASON STATS                                                 
┏━━━━━━━━━━━━━┳━━━━━━━┳━━━━━━━━━━━━━━┳━━━━━━━━━━━━━━━━━┳━━━━━━━━━━━━━━┳━━━━━━━━━━━━━━━━━━┳━━━━━━━━━━━━━━━━━━━━━━━━┓
┃ Exit Reason ┃ Exits ┃ Avg Profit % ┃ Tot Profit USDT ┃ Tot Profit % ┃     Avg Duration ┃  Win  Draw  Loss  Win% ┃
┡━━━━━━━━━━━━━╇━━━━━━━╇━━━━━━━━━━━━━━╇━━━━━━━━━━━━━━━━━╇━━━━━━━━━━━━━━╇━━━━━━━━━━━━━━━━━━╇━━━━━━━━━━━━━━━━━━━━━━━━┩
│         roi │    70 │         2.53 │         104.440 │        69.63 │  1 day, 11:22:00 │   70     0     0   100 │
│  force_exit │     2 │        -0.96 │          -1.289 │        -0.86 │  1 day, 12:00:00 │    0     0     2     0 │
│ exit_signal │    10 │        -8.42 │         -51.791 │       -34.53 │ 5 days, 17:12:00 │    0     0    10     0 │
│       TOTAL │    82 │         1.11 │          51.360 │        34.24 │  1 day, 23:48:00 │   70     0    12  85.4 │
└─────────────┴───────┴──────────────┴─────────────────┴──────────────┴──────────────────┴────────────────────────┘
                                                        MIXED TAG STATS                                                         
┏━━━━━━━━━━━┳━━━━━━━━━━━━━┳━━━━━━━━┳━━━━━━━━━━━━━━┳━━━━━━━━━━━━━━━━━┳━━━━━━━━━━━━━━┳━━━━━━━━━━━━━━━━━━┳━━━━━━━━━━━━━━━━━━━━━━━━┓
┃ Enter Tag ┃ Exit Reason ┃ Trades ┃ Avg Profit % ┃ Tot Profit USDT ┃ Tot Profit % ┃     Avg Duration ┃  Win  Draw  Loss  Win% ┃
┡━━━━━━━━━━━╇━━━━━━━━━━━━━╇━━━━━━━━╇━━━━━━━━━━━━━━╇━━━━━━━━━━━━━━━━━╇━━━━━━━━━━━━━━╇━━━━━━━━━━━━━━━━━━╇━━━━━━━━━━━━━━━━━━━━━━━━┩
│           │         roi │     70 │         2.53 │         104.440 │        69.63 │  1 day, 11:22:00 │   70     0     0   100 │
│           │  force_exit │      2 │        -0.96 │          -1.289 │        -0.86 │  1 day, 12:00:00 │    0     0     2     0 │
│           │ exit_signal │     10 │        -8.42 │         -51.791 │       -34.53 │ 5 days, 17:12:00 │    0     0    10     0 │
│     TOTAL │             │     82 │         1.11 │          51.360 │        34.24 │  1 day, 23:48:00 │   70     0    12  85.4 │
└───────────┴─────────────┴────────┴──────────────┴─────────────────┴──────────────┴──────────────────┴────────────────────────┘
                          SUMMARY METRICS                          
┏━━━━━━━━━━━━━━━━━━━━━━━━━━━━━━━┳━━━━━━━━━━━━━━━━━━━━━━━━━━━━━━━━━┓
┃ Metric                        ┃ Value                           ┃
┡━━━━━━━━━━━━━━━━━━━━━━━━━━━━━━━╇━━━━━━━━━━━━━━━━━━━━━━━━━━━━━━━━━┩
│ Backtesting from              │ 2025-04-22 00:00:00             │
│ Backtesting to                │ 2026-04-17 00:00:00             │
│ Trading Mode                  │ Spot                            │
│ Max open trades               │ 3                               │
│                               │                                 │
│ Total/Daily Avg Trades        │ 82 / 0.23                       │
│ Starting balance              │ 150 USDT                        │
│ Final balance                 │ 201.36 USDT                     │
│ Absolute profit               │ 51.36 USDT                      │
│ Total profit %                │ 34.24%                          │
│ CAGR %                        │ 34.79%                          │
│ Sortino                       │ 0.86                            │
│ Sharpe                        │ 1.12                            │
│ Calmar                        │ 14.84                           │
│ SQN                           │ 2.32                            │
│ Profit factor                 │ 1.97                            │
│ Expectancy (Ratio)            │ 0.63 (0.14)                     │
│ Avg. daily profit             │ 0.143 USDT                      │
│ Avg. stake amount             │ 59.517 USDT                     │
│ Total trade volume            │ 9831.725 USDT                   │
│                               │                                 │
│ Best Pair                     │ HOME/USDT 17.87%                │
│ Worst Pair                    │ XRP/USDT 1.72%                  │
│ Best trade                    │ XRP/USDT 4.52%                  │
│ Worst trade                   │ XRP/USDT -18.32%                │
│ Best day                      │ 8.173 USDT                      │
│ Worst day                     │ -10.253 USDT                    │
│ Days win/draw/lose            │ 36 / 298 / 11                   │
│ Min/Max/Avg. Duration Winners │ 0d 04:00 / 18d 04:00 / 1d 11:22 │
│ Min/Max/Avg. Duration Losers  │ 0d 04:00 / 32d 04:00 / 5d 00:20 │
│ Max Consecutive Wins / Loss   │ 32 / 3                          │
│ Rejected Entry signals        │ 0                               │
│ Entry/Exit Timeouts           │ 0 / 0                           │
│                               │                                 │
│ Min balance                   │ 151.22 USDT                     │
│ Max balance                   │ 204.862 USDT                    │
│ Max % of account underwater   │ 12.25%                          │
│ Absolute drawdown             │ 21.122 USDT (12.25%)            │
│ Drawdown duration             │ 7 days 00:00:00                 │
│ Profit at drawdown start      │ 22.476 USDT                     │
│ Profit at drawdown end        │ 1.354 USDT                      │
│ Drawdown start                │ 2025-06-11 12:00:00             │
│ Drawdown end                  │ 2025-06-18 12:00:00             │
│ Market change                 │ -9.22%                          │
└───────────────────────────────┴─────────────────────────────────┘

Backtested 2025-04-22 00:00:00 -> 2026-04-17 00:00:00 | Max open trades : 3
                                                           STRATEGY SUMMARY                                                           
┏━━━━━━━━━━┳━━━━━━━━┳━━━━━━━━━━━━━━┳━━━━━━━━━━━━━━━━━┳━━━━━━━━━━━━━━┳━━━━━━━━━━━━━━━━━┳━━━━━━━━━━━━━━━━━━━━━━━━┳━━━━━━━━━━━━━━━━━━━━━┓
┃ Strategy ┃ Trades ┃ Avg Profit % ┃ Tot Profit USDT ┃ Tot Profit % ┃    Avg Duration ┃  Win  Draw  Loss  Win% ┃            Drawdown ┃
┡━━━━━━━━━━╇━━━━━━━━╇━━━━━━━━━━━━━━╇━━━━━━━━━━━━━━━━━╇━━━━━━━━━━━━━━╇━━━━━━━━━━━━━━━━━╇━━━━━━━━━━━━━━━━━━━━━━━━╇━━━━━━━━━━━━━━━━━━━━━┩
│      yes │     82 │         1.11 │          51.360 │        34.24 │ 1 day, 23:48:00 │   70     0    12  85.4 │ 21.122 USDT  12.25% │
└──────────┴────────┴──────────────┴─────────────────┴──────────────┴─────────────────┴────────────────────────┴─────────────────────┘