2026-04-25 22:30:34,818 - freqtrade - INFO - freqtrade 2026.3
2026-04-25 22:30:35,865 - freqtrade.configuration.load_config - INFO - Using config: /home/mohs/Desktop/ae/pyside6/user_data/config.json ...
2026-04-25 22:30:35,868 - freqtrade.loggers - INFO - Enabling colorized output.
2026-04-25 22:30:35,868 - freqtrade.loggers - INFO - Logfile configured
2026-04-25 22:30:35,869 - freqtrade.loggers - INFO - Verbosity set to 0
2026-04-25 22:30:35,869 - freqtrade.configuration.configuration - INFO - Using additional Strategy lookup path: 
/home/mohs/Desktop/ae/pyside6/user_data/optimizer/sessions/00d5d57f-9960-4dcc-ac23-ec438d4ba9c3/trial_049/strategy_dir
2026-04-25 22:30:35,869 - freqtrade.configuration.configuration - WARNING - `force_entry_enable` RPC message enabled.
2026-04-25 22:30:35,869 - freqtrade.configuration.configuration - INFO - Parameter -i/--timeframe detected ... Using timeframe: 5m ...
2026-04-25 22:30:35,870 - freqtrade.configuration.configuration - INFO - Parameter --max-open-trades detected, overriding max_open_trades to: 3 ...
2026-04-25 22:30:35,870 - freqtrade.configuration.configuration - INFO - Parameter --dry-run-wallet detected, overriding dry_run_wallet to: 150.0 ...
2026-04-25 22:30:35,870 - freqtrade.configuration.configuration - INFO - Parameter --timerange detected: 20250422-20260417 ...
2026-04-25 22:30:35,871 - freqtrade.configuration.configuration - INFO - Using user-data directory: /home/mohs/Desktop/ae/pyside6/user_data ...
2026-04-25 22:30:35,871 - freqtrade.configuration.configuration - INFO - Using data directory: /home/mohs/Desktop/ae/pyside6/user_data/data/binance ...
2026-04-25 22:30:35,871 - freqtrade.configuration.configuration - INFO - Parameter --export detected: trades ...
2026-04-25 22:30:35,871 - freqtrade.configuration.configuration - INFO - Parameter --cache=day detected ...
2026-04-25 22:30:35,872 - freqtrade.configuration.configuration - INFO - Using pairs ['XRP/USDT', 'ETH/USDT', 'HOME/USDT']
2026-04-25 22:30:35,872 - freqtrade.configuration.configuration - INFO - Filter trades by timerange: 20250422-20260417
2026-04-25 22:30:35,872 - freqtrade.exchange.check_exchange - INFO - Checking exchange...
2026-04-25 22:30:35,878 - freqtrade.exchange.check_exchange - INFO - Exchange "binance" is officially supported by the Freqtrade development team.
2026-04-25 22:30:35,878 - freqtrade.configuration.config_validation - INFO - Validating configuration ...
2026-04-25 22:30:35,880 - freqtrade.commands.optimize_commands - INFO - Starting freqtrade in Backtesting mode
2026-04-25 22:30:35,881 - freqtrade.exchange.exchange - INFO - Instance is running with dry_run enabled
2026-04-25 22:30:35,881 - freqtrade.exchange.exchange - INFO - Using CCXT 4.5.50
2026-04-25 22:30:35,881 - freqtrade.exchange.exchange - INFO - Applying additional ccxt config: {'enableRateLimit': True, 'timeout': 120000}
2026-04-25 22:30:35,886 - freqtrade.exchange.exchange - INFO - Applying additional ccxt config: {'enableRateLimit': True, 'timeout': 120000}
2026-04-25 22:30:35,892 - freqtrade.exchange.exchange - INFO - Using Exchange "Binance"
2026-04-25 22:30:37,427 - freqtrade.resolvers.exchange_resolver - INFO - Using resolved exchange 'Binance'...
2026-04-25 22:30:37,435 - freqtrade.resolvers.iresolver - INFO - Using resolved strategy yes from 
'/home/mohs/Desktop/ae/pyside6/user_data/optimizer/sessions/00d5d57f-9960-4dcc-ac23-ec438d4ba9c3/trial_049/strategy_dir/yes.py'...
2026-04-25 22:30:37,436 - freqtrade.strategy.hyper - INFO - Loading parameters from file 
/home/mohs/Desktop/ae/pyside6/user_data/optimizer/sessions/00d5d57f-9960-4dcc-ac23-ec438d4ba9c3/trial_049/strategy_dir/yes.json
2026-04-25 22:30:37,436 - freqtrade.resolvers.strategy_resolver - INFO - Override strategy 'timeframe' with value from the configuration: 5m.
2026-04-25 22:30:37,437 - freqtrade.resolvers.strategy_resolver - INFO - Override strategy 'stake_currency' with value from the configuration: USDT.
2026-04-25 22:30:37,437 - freqtrade.resolvers.strategy_resolver - INFO - Override strategy 'stake_amount' with value from the configuration: unlimited.
2026-04-25 22:30:37,437 - freqtrade.resolvers.strategy_resolver - INFO - Override strategy 'use_exit_signal' with value from the configuration: True.
2026-04-25 22:30:37,437 - freqtrade.resolvers.strategy_resolver - INFO - Override strategy 'max_open_trades' with value from the configuration: 3.
2026-04-25 22:30:37,438 - freqtrade.resolvers.strategy_resolver - INFO - Strategy using minimal_roi: {'0': 1.348297971692753, '13': 0.22251337093822324, '146': 0.6159205555229493, '38': 
0.9261254706176294}
2026-04-25 22:30:37,438 - freqtrade.resolvers.strategy_resolver - INFO - Strategy using timeframe: 5m
2026-04-25 22:30:37,438 - freqtrade.resolvers.strategy_resolver - INFO - Strategy using stoploss: -0.46899414713071097
2026-04-25 22:30:37,439 - freqtrade.resolvers.strategy_resolver - INFO - Strategy using trailing_stop: False
2026-04-25 22:30:37,439 - freqtrade.resolvers.strategy_resolver - INFO - Strategy using trailing_stop_positive: 0.29956977520982553
2026-04-25 22:30:37,439 - freqtrade.resolvers.strategy_resolver - INFO - Strategy using trailing_stop_positive_offset: 0.20660349228178543
2026-04-25 22:30:37,439 - freqtrade.resolvers.strategy_resolver - INFO - Strategy using trailing_only_offset_is_reached: True
2026-04-25 22:30:37,440 - freqtrade.resolvers.strategy_resolver - INFO - Strategy using use_custom_stoploss: False
2026-04-25 22:30:37,440 - freqtrade.resolvers.strategy_resolver - INFO - Strategy using process_only_new_candles: True
2026-04-25 22:30:37,440 - freqtrade.resolvers.strategy_resolver - INFO - Strategy using order_types: {'entry': 'limit', 'exit': 'limit', 'stoploss': 'limit', 'stoploss_on_exchange': False, 
'stoploss_on_exchange_interval': 60}
2026-04-25 22:30:37,440 - freqtrade.resolvers.strategy_resolver - INFO - Strategy using order_time_in_force: {'entry': 'GTC', 'exit': 'GTC'}
2026-04-25 22:30:37,441 - freqtrade.resolvers.strategy_resolver - INFO - Strategy using stake_currency: USDT
2026-04-25 22:30:37,441 - freqtrade.resolvers.strategy_resolver - INFO - Strategy using stake_amount: unlimited
2026-04-25 22:30:37,441 - freqtrade.resolvers.strategy_resolver - INFO - Strategy using startup_candle_count: 0
2026-04-25 22:30:37,441 - freqtrade.resolvers.strategy_resolver - INFO - Strategy using use_exit_signal: True
2026-04-25 22:30:37,442 - freqtrade.resolvers.strategy_resolver - INFO - Strategy using exit_profit_only: False
2026-04-25 22:30:37,442 - freqtrade.resolvers.strategy_resolver - INFO - Strategy using ignore_roi_if_entry_signal: False
2026-04-25 22:30:37,442 - freqtrade.resolvers.strategy_resolver - INFO - Strategy using exit_profit_offset: 0.0
2026-04-25 22:30:37,442 - freqtrade.resolvers.strategy_resolver - INFO - Strategy using disable_dataframe_checks: False
2026-04-25 22:30:37,443 - freqtrade.resolvers.strategy_resolver - INFO - Strategy using ignore_buying_expired_candle_after: 0
2026-04-25 22:30:37,443 - freqtrade.resolvers.strategy_resolver - INFO - Strategy using position_adjustment_enable: False
2026-04-25 22:30:37,443 - freqtrade.resolvers.strategy_resolver - INFO - Strategy using max_entry_position_adjustment: -1
2026-04-25 22:30:37,443 - freqtrade.resolvers.strategy_resolver - INFO - Strategy using max_open_trades: 3
2026-04-25 22:30:37,444 - freqtrade.configuration.config_validation - INFO - Validating configuration ...
2026-04-25 22:30:37,447 - freqtrade.resolvers.iresolver - INFO - Using resolved pairlist StaticPairList from 
'/home/mohs/Desktop/ae/pyside6/.venv/lib/python3.12/site-packages/freqtrade/plugins/pairlist/StaticPairList.py'...
2026-04-25 22:30:37,460 - freqtrade.optimize.backtesting - INFO - Using fee 0.1000% - worst case fee from exchange (lowest tier).
2026-04-25 22:30:37,604 - freqtrade.data.history.datahandlers.idatahandler - WARNING - XRP/USDT, spot, 5m, data ends at 2026-04-11 01:45:00
2026-04-25 22:30:38,003 - freqtrade.data.history.datahandlers.idatahandler - WARNING - HOME/USDT, spot, 5m, data starts at 2025-06-12 15:00:00
2026-04-25 22:30:38,033 - freqtrade.optimize.backtesting - INFO - Loading data from 2025-04-22 00:00:00 up to 2026-04-17 00:00:00 (360 days).
2026-04-25 22:30:40,067 - freqtrade.optimize.backtesting - INFO - Dataload complete. Calculating indicators
2026-04-25 22:30:40,074 - freqtrade.optimize.backtesting - INFO - Running backtesting for Strategy yes
2026-04-25 22:30:40,074 - freqtrade.strategy.hyper - INFO - Strategy Parameter: buy_ma_count = 12
2026-04-25 22:30:40,075 - freqtrade.strategy.hyper - INFO - Strategy Parameter: buy_ma_gap = 30
2026-04-25 22:30:40,075 - freqtrade.strategy.hyper - INFO - Strategy Parameter: sell_ma_count = 16
2026-04-25 22:30:40,075 - freqtrade.strategy.hyper - INFO - Strategy Parameter: sell_ma_gap = 45
2026-04-25 22:30:40,242 - freqtrade.optimize.backtesting - INFO - Backtesting with data from 2025-04-22 00:00:00 up to 2026-04-17 00:00:00 (360 days).
/home/mohs/Desktop/ae/pyside6/.venv/lib/python3.12/site-packages/freqtrade/data/metrics.py:77: FutureWarning: The default fill_method='pad' in DataFrame.pct_change is deprecated and will be removed in a future version. Either fill in any non-leading NA values prior to calling pct_change or specify 'fill_method=None' to not fill NA values.
  rel_mean = df_comb.pct_change().mean(axis=1).fillna(0).cumsum()
2026-04-25 22:30:43,320 - freqtrade.misc - INFO - dumping json to "/home/mohs/Desktop/ae/pyside6/user_data/backtest_results/backtest-result-2026-04-25_22-30-43.meta.json"
Result for strategy yes
                                              BACKTESTING REPORT                                              
┏━━━━━━━━━━━┳━━━━━━━━┳━━━━━━━━━━━━━━┳━━━━━━━━━━━━━━━━━┳━━━━━━━━━━━━━━┳━━━━━━━━━━━━━━┳━━━━━━━━━━━━━━━━━━━━━━━━┓
┃      Pair ┃ Trades ┃ Avg Profit % ┃ Tot Profit USDT ┃ Tot Profit % ┃ Avg Duration ┃  Win  Draw  Loss  Win% ┃
┡━━━━━━━━━━━╇━━━━━━━━╇━━━━━━━━━━━━━━╇━━━━━━━━━━━━━━━━━╇━━━━━━━━━━━━━━╇━━━━━━━━━━━━━━╇━━━━━━━━━━━━━━━━━━━━━━━━┩
│  XRP/USDT │    165 │         0.05 │           3.785 │         2.52 │      2:12:00 │   60     0   105  36.4 │
│  ETH/USDT │    168 │        -0.04 │          -3.389 │        -2.26 │      2:25:00 │   54     0   114  32.1 │
│ HOME/USDT │    156 │         -0.4 │         -28.757 │       -19.17 │      2:00:00 │   41     0   115  26.3 │
│     TOTAL │    489 │        -0.12 │         -28.361 │       -18.91 │      2:13:00 │  155     0   334  31.7 │
└───────────┴────────┴──────────────┴─────────────────┴──────────────┴──────────────┴────────────────────────┘
                                           LEFT OPEN TRADES REPORT                                            
┏━━━━━━━━━━━┳━━━━━━━━┳━━━━━━━━━━━━━━┳━━━━━━━━━━━━━━━━━┳━━━━━━━━━━━━━━┳━━━━━━━━━━━━━━┳━━━━━━━━━━━━━━━━━━━━━━━━┓
┃      Pair ┃ Trades ┃ Avg Profit % ┃ Tot Profit USDT ┃ Tot Profit % ┃ Avg Duration ┃  Win  Draw  Loss  Win% ┃
┡━━━━━━━━━━━╇━━━━━━━━╇━━━━━━━━━━━━━━╇━━━━━━━━━━━━━━━━━╇━━━━━━━━━━━━━━╇━━━━━━━━━━━━━━╇━━━━━━━━━━━━━━━━━━━━━━━━┩
│ HOME/USDT │      1 │        -1.25 │          -0.509 │        -0.34 │      2:20:00 │    0     0     1     0 │
│     TOTAL │      1 │        -1.25 │          -0.509 │        -0.34 │      2:20:00 │    0     0     1     0 │
└───────────┴────────┴──────────────┴─────────────────┴──────────────┴──────────────┴────────────────────────┘
                                                ENTER TAG STATS                                                
┏━━━━━━━━━━━┳━━━━━━━━━┳━━━━━━━━━━━━━━┳━━━━━━━━━━━━━━━━━┳━━━━━━━━━━━━━━┳━━━━━━━━━━━━━━┳━━━━━━━━━━━━━━━━━━━━━━━━┓
┃ Enter Tag ┃ Entries ┃ Avg Profit % ┃ Tot Profit USDT ┃ Tot Profit % ┃ Avg Duration ┃  Win  Draw  Loss  Win% ┃
┡━━━━━━━━━━━╇━━━━━━━━━╇━━━━━━━━━━━━━━╇━━━━━━━━━━━━━━━━━╇━━━━━━━━━━━━━━╇━━━━━━━━━━━━━━╇━━━━━━━━━━━━━━━━━━━━━━━━┩
│     OTHER │     489 │        -0.12 │         -28.361 │       -18.91 │      2:13:00 │  155     0   334  31.7 │
│     TOTAL │     489 │        -0.12 │         -28.361 │       -18.91 │      2:13:00 │  155     0   334  31.7 │
└───────────┴─────────┴──────────────┴─────────────────┴──────────────┴──────────────┴────────────────────────┘
                                               EXIT REASON STATS                                               
┏━━━━━━━━━━━━━┳━━━━━━━┳━━━━━━━━━━━━━━┳━━━━━━━━━━━━━━━━━┳━━━━━━━━━━━━━━┳━━━━━━━━━━━━━━┳━━━━━━━━━━━━━━━━━━━━━━━━┓
┃ Exit Reason ┃ Exits ┃ Avg Profit % ┃ Tot Profit USDT ┃ Tot Profit % ┃ Avg Duration ┃  Win  Draw  Loss  Win% ┃
┡━━━━━━━━━━━━━╇━━━━━━━╇━━━━━━━━━━━━━━╇━━━━━━━━━━━━━━━━━╇━━━━━━━━━━━━━━╇━━━━━━━━━━━━━━╇━━━━━━━━━━━━━━━━━━━━━━━━┩
│  force_exit │     1 │        -1.25 │          -0.509 │        -0.34 │      2:20:00 │    0     0     1     0 │
│ exit_signal │   488 │        -0.12 │         -27.852 │       -18.57 │      2:13:00 │  155     0   333  31.8 │
│       TOTAL │   489 │        -0.12 │         -28.361 │       -18.91 │      2:13:00 │  155     0   334  31.7 │
└─────────────┴───────┴──────────────┴─────────────────┴──────────────┴──────────────┴────────────────────────┘
                                                      MIXED TAG STATS                                                       
┏━━━━━━━━━━━┳━━━━━━━━━━━━━┳━━━━━━━━┳━━━━━━━━━━━━━━┳━━━━━━━━━━━━━━━━━┳━━━━━━━━━━━━━━┳━━━━━━━━━━━━━━┳━━━━━━━━━━━━━━━━━━━━━━━━┓
┃ Enter Tag ┃ Exit Reason ┃ Trades ┃ Avg Profit % ┃ Tot Profit USDT ┃ Tot Profit % ┃ Avg Duration ┃  Win  Draw  Loss  Win% ┃
┡━━━━━━━━━━━╇━━━━━━━━━━━━━╇━━━━━━━━╇━━━━━━━━━━━━━━╇━━━━━━━━━━━━━━━━━╇━━━━━━━━━━━━━━╇━━━━━━━━━━━━━━╇━━━━━━━━━━━━━━━━━━━━━━━━┩
│           │  force_exit │      1 │        -1.25 │          -0.509 │        -0.34 │      2:20:00 │    0     0     1     0 │
│           │ exit_signal │    488 │        -0.12 │         -27.852 │       -18.57 │      2:13:00 │  155     0   333  31.8 │
│     TOTAL │             │    489 │        -0.12 │         -28.361 │       -18.91 │      2:13:00 │  155     0   334  31.7 │
└───────────┴─────────────┴────────┴──────────────┴─────────────────┴──────────────┴──────────────┴────────────────────────┘
                         SUMMARY METRICS                          
┏━━━━━━━━━━━━━━━━━━━━━━━━━━━━━━━┳━━━━━━━━━━━━━━━━━━━━━━━━━━━━━━━━┓
┃ Metric                        ┃ Value                          ┃
┡━━━━━━━━━━━━━━━━━━━━━━━━━━━━━━━╇━━━━━━━━━━━━━━━━━━━━━━━━━━━━━━━━┩
│ Backtesting from              │ 2025-04-22 00:00:00            │
│ Backtesting to                │ 2026-04-17 00:00:00            │
│ Trading Mode                  │ Spot                           │
│ Max open trades               │ 3                              │
│                               │                                │
│ Total/Daily Avg Trades        │ 489 / 1.36                     │
│ Starting balance              │ 150 USDT                       │
│ Final balance                 │ 121.639 USDT                   │
│ Absolute profit               │ -28.361 USDT                   │
│ Total profit %                │ -18.91%                        │
│ CAGR %                        │ -19.14%                        │
│ Sortino                       │ -3.80                          │
│ Sharpe                        │ -2.03                          │
│ Calmar                        │ -4.93                          │
│ SQN                           │ -1.73                          │
│ Profit factor                 │ 0.79                           │
│ Expectancy (Ratio)            │ -0.06 (-0.15)                  │
│ Avg. daily profit             │ -0.079 USDT                    │
│ Avg. stake amount             │ 44.978 USDT                    │
│ Total trade volume            │ 44048.544 USDT                 │
│                               │                                │
│ Best Pair                     │ XRP/USDT 2.52%                 │
│ Worst Pair                    │ HOME/USDT -19.17%              │
│ Best trade                    │ HOME/USDT 11.19%               │
│ Worst trade                   │ HOME/USDT -8.00%               │
│ Best day                      │ 5.065 USDT                     │
│ Worst day                     │ -4.811 USDT                    │
│ Days win/draw/lose            │ 67 / 153 / 137                 │
│ Min/Max/Avg. Duration Winners │ 0d 01:25 / 0d 06:45 / 0d 03:27 │
│ Min/Max/Avg. Duration Losers  │ 0d 00:05 / 0d 03:40 / 0d 01:38 │
│ Max Consecutive Wins / Loss   │ 6 / 15                         │
│ Rejected Entry signals        │ 0                              │
│ Entry/Exit Timeouts           │ 0 / 0                          │
│                               │                                │
│ Min balance                   │ 119.456 USDT                   │
│ Max balance                   │ 150.013 USDT                   │
│ Max % of account underwater   │ 20.37%                         │
│ Absolute drawdown             │ 30.557 USDT (20.37%)           │
│ Drawdown duration             │ 257 days 01:15:00              │
│ Profit at drawdown start      │ 0.013 USDT                     │
│ Profit at drawdown end        │ -30.544 USDT                   │
│ Drawdown start                │ 2025-07-18 07:40:00            │
│ Drawdown end                  │ 2026-04-01 08:55:00            │
│ Market change                 │ -10.52%                        │
└───────────────────────────────┴────────────────────────────────┘

Backtested 2025-04-22 00:00:00 -> 2026-04-17 00:00:00 | Max open trades : 3
                                                         STRATEGY SUMMARY                                                          
┏━━━━━━━━━━┳━━━━━━━━┳━━━━━━━━━━━━━━┳━━━━━━━━━━━━━━━━━┳━━━━━━━━━━━━━━┳━━━━━━━━━━━━━━┳━━━━━━━━━━━━━━━━━━━━━━━━┳━━━━━━━━━━━━━━━━━━━━━┓
┃ Strategy ┃ Trades ┃ Avg Profit % ┃ Tot Profit USDT ┃ Tot Profit % ┃ Avg Duration ┃  Win  Draw  Loss  Win% ┃            Drawdown ┃
┡━━━━━━━━━━╇━━━━━━━━╇━━━━━━━━━━━━━━╇━━━━━━━━━━━━━━━━━╇━━━━━━━━━━━━━━╇━━━━━━━━━━━━━━╇━━━━━━━━━━━━━━━━━━━━━━━━╇━━━━━━━━━━━━━━━━━━━━━┩
│      yes │    489 │        -0.12 │         -28.361 │       -18.91 │      2:13:00 │  155     0   334  31.7 │ 30.557 USDT  20.37% │
└──────────┴────────┴──────────────┴─────────────────┴──────────────┴──────────────┴────────────────────────┴─────────────────────┘