2026-04-25 21:43:16,408 - freqtrade - INFO - freqtrade 2026.3
2026-04-25 21:43:17,468 - freqtrade.configuration.load_config - INFO - Using config: /home/mohs/Desktop/ae/pyside6/user_data/config.json ...
2026-04-25 21:43:17,470 - freqtrade.loggers - INFO - Enabling colorized output.
2026-04-25 21:43:17,470 - freqtrade.loggers - INFO - Logfile configured
2026-04-25 21:43:17,471 - freqtrade.loggers - INFO - Verbosity set to 0
2026-04-25 21:43:17,471 - freqtrade.configuration.configuration - INFO - Using additional Strategy lookup path: 
/home/mohs/Desktop/ae/pyside6/user_data/optimizer/sessions/cc004eff-0936-4112-8326-b124d8af6fd9/trial_006/strategy_dir
2026-04-25 21:43:17,471 - freqtrade.configuration.configuration - WARNING - `force_entry_enable` RPC message enabled.
2026-04-25 21:43:17,472 - freqtrade.configuration.configuration - INFO - Parameter -i/--timeframe detected ... Using timeframe: 5m ...
2026-04-25 21:43:17,472 - freqtrade.configuration.configuration - INFO - Parameter --max-open-trades detected, overriding max_open_trades to: 3 ...
2026-04-25 21:43:17,472 - freqtrade.configuration.configuration - INFO - Parameter --dry-run-wallet detected, overriding dry_run_wallet to: 150.0 ...
2026-04-25 21:43:17,472 - freqtrade.configuration.configuration - INFO - Parameter --timerange detected: 20250422-20260417 ...
2026-04-25 21:43:17,473 - freqtrade.configuration.configuration - INFO - Using user-data directory: /home/mohs/Desktop/ae/pyside6/user_data ...
2026-04-25 21:43:17,473 - freqtrade.configuration.configuration - INFO - Using data directory: /home/mohs/Desktop/ae/pyside6/user_data/data/binance ...
2026-04-25 21:43:17,473 - freqtrade.configuration.configuration - INFO - Parameter --export detected: trades ...
2026-04-25 21:43:17,473 - freqtrade.configuration.configuration - INFO - Parameter --cache=day detected ...
2026-04-25 21:43:17,474 - freqtrade.configuration.configuration - INFO - Using pairs ['XRP/USDT', 'ETH/USDT', 'HOME/USDT']
2026-04-25 21:43:17,474 - freqtrade.configuration.configuration - INFO - Filter trades by timerange: 20250422-20260417
2026-04-25 21:43:17,474 - freqtrade.exchange.check_exchange - INFO - Checking exchange...
2026-04-25 21:43:17,480 - freqtrade.exchange.check_exchange - INFO - Exchange "binance" is officially supported by the Freqtrade development team.
2026-04-25 21:43:17,481 - freqtrade.configuration.config_validation - INFO - Validating configuration ...
2026-04-25 21:43:17,483 - freqtrade.commands.optimize_commands - INFO - Starting freqtrade in Backtesting mode
2026-04-25 21:43:17,483 - freqtrade.exchange.exchange - INFO - Instance is running with dry_run enabled
2026-04-25 21:43:17,483 - freqtrade.exchange.exchange - INFO - Using CCXT 4.5.50
2026-04-25 21:43:17,484 - freqtrade.exchange.exchange - INFO - Applying additional ccxt config: {'enableRateLimit': True, 'timeout': 120000}
2026-04-25 21:43:17,489 - freqtrade.exchange.exchange - INFO - Applying additional ccxt config: {'enableRateLimit': True, 'timeout': 120000}
2026-04-25 21:43:17,495 - freqtrade.exchange.exchange - INFO - Using Exchange "Binance"
2026-04-25 21:43:18,633 - freqtrade.resolvers.exchange_resolver - INFO - Using resolved exchange 'Binance'...
2026-04-25 21:43:18,641 - freqtrade.resolvers.iresolver - INFO - Using resolved strategy yes from 
'/home/mohs/Desktop/ae/pyside6/user_data/optimizer/sessions/cc004eff-0936-4112-8326-b124d8af6fd9/trial_006/strategy_dir/yes.py'...
2026-04-25 21:43:18,642 - freqtrade.strategy.hyper - INFO - Loading parameters from file 
/home/mohs/Desktop/ae/pyside6/user_data/optimizer/sessions/cc004eff-0936-4112-8326-b124d8af6fd9/trial_006/strategy_dir/yes.json
2026-04-25 21:43:18,642 - freqtrade.resolvers.strategy_resolver - INFO - Override strategy 'timeframe' with value from the configuration: 5m.
2026-04-25 21:43:18,642 - freqtrade.resolvers.strategy_resolver - INFO - Override strategy 'stake_currency' with value from the configuration: USDT.
2026-04-25 21:43:18,643 - freqtrade.resolvers.strategy_resolver - INFO - Override strategy 'stake_amount' with value from the configuration: unlimited.
2026-04-25 21:43:18,643 - freqtrade.resolvers.strategy_resolver - INFO - Override strategy 'use_exit_signal' with value from the configuration: True.
2026-04-25 21:43:18,643 - freqtrade.resolvers.strategy_resolver - INFO - Override strategy 'max_open_trades' with value from the configuration: 3.
2026-04-25 21:43:18,643 - freqtrade.resolvers.strategy_resolver - INFO - Strategy using minimal_roi: {'0': 1.874701048559734, '13': 1.1745364643668128, '146': 0.7456553503831169, '38': 
0.043874476794894535}
2026-04-25 21:43:18,644 - freqtrade.resolvers.strategy_resolver - INFO - Strategy using timeframe: 5m
2026-04-25 21:43:18,644 - freqtrade.resolvers.strategy_resolver - INFO - Strategy using stoploss: -0.5853811243095549
2026-04-25 21:43:18,644 - freqtrade.resolvers.strategy_resolver - INFO - Strategy using trailing_stop: True
2026-04-25 21:43:18,644 - freqtrade.resolvers.strategy_resolver - INFO - Strategy using trailing_stop_positive: 0.07740286458409151
2026-04-25 21:43:18,645 - freqtrade.resolvers.strategy_resolver - INFO - Strategy using trailing_stop_positive_offset: 0.22976629207187987
2026-04-25 21:43:18,645 - freqtrade.resolvers.strategy_resolver - INFO - Strategy using trailing_only_offset_is_reached: True
2026-04-25 21:43:18,645 - freqtrade.resolvers.strategy_resolver - INFO - Strategy using use_custom_stoploss: False
2026-04-25 21:43:18,645 - freqtrade.resolvers.strategy_resolver - INFO - Strategy using process_only_new_candles: True
2026-04-25 21:43:18,646 - freqtrade.resolvers.strategy_resolver - INFO - Strategy using order_types: {'entry': 'limit', 'exit': 'limit', 'stoploss': 'limit', 'stoploss_on_exchange': False, 
'stoploss_on_exchange_interval': 60}
2026-04-25 21:43:18,646 - freqtrade.resolvers.strategy_resolver - INFO - Strategy using order_time_in_force: {'entry': 'GTC', 'exit': 'GTC'}
2026-04-25 21:43:18,646 - freqtrade.resolvers.strategy_resolver - INFO - Strategy using stake_currency: USDT
2026-04-25 21:43:18,646 - freqtrade.resolvers.strategy_resolver - INFO - Strategy using stake_amount: unlimited
2026-04-25 21:43:18,647 - freqtrade.resolvers.strategy_resolver - INFO - Strategy using startup_candle_count: 0
2026-04-25 21:43:18,647 - freqtrade.resolvers.strategy_resolver - INFO - Strategy using use_exit_signal: True
2026-04-25 21:43:18,647 - freqtrade.resolvers.strategy_resolver - INFO - Strategy using exit_profit_only: False
2026-04-25 21:43:18,647 - freqtrade.resolvers.strategy_resolver - INFO - Strategy using ignore_roi_if_entry_signal: False
2026-04-25 21:43:18,647 - freqtrade.resolvers.strategy_resolver - INFO - Strategy using exit_profit_offset: 0.0
2026-04-25 21:43:18,648 - freqtrade.resolvers.strategy_resolver - INFO - Strategy using disable_dataframe_checks: False
2026-04-25 21:43:18,648 - freqtrade.resolvers.strategy_resolver - INFO - Strategy using ignore_buying_expired_candle_after: 0
2026-04-25 21:43:18,648 - freqtrade.resolvers.strategy_resolver - INFO - Strategy using position_adjustment_enable: False
2026-04-25 21:43:18,648 - freqtrade.resolvers.strategy_resolver - INFO - Strategy using max_entry_position_adjustment: -1
2026-04-25 21:43:18,649 - freqtrade.resolvers.strategy_resolver - INFO - Strategy using max_open_trades: 3
2026-04-25 21:43:18,649 - freqtrade.configuration.config_validation - INFO - Validating configuration ...
2026-04-25 21:43:18,653 - freqtrade.resolvers.iresolver - INFO - Using resolved pairlist StaticPairList from 
'/home/mohs/Desktop/ae/pyside6/.venv/lib/python3.12/site-packages/freqtrade/plugins/pairlist/StaticPairList.py'...
2026-04-25 21:43:18,665 - freqtrade.optimize.backtesting - INFO - Using fee 0.1000% - worst case fee from exchange (lowest tier).
2026-04-25 21:43:18,807 - freqtrade.data.history.datahandlers.idatahandler - WARNING - XRP/USDT, spot, 5m, data ends at 2026-04-11 01:45:00
2026-04-25 21:43:19,219 - freqtrade.data.history.datahandlers.idatahandler - WARNING - HOME/USDT, spot, 5m, data starts at 2025-06-12 15:00:00
2026-04-25 21:43:19,250 - freqtrade.optimize.backtesting - INFO - Loading data from 2025-04-22 00:00:00 up to 2026-04-17 00:00:00 (360 days).
2026-04-25 21:43:21,401 - freqtrade.optimize.backtesting - INFO - Dataload complete. Calculating indicators
2026-04-25 21:43:21,405 - freqtrade.optimize.backtesting - INFO - Running backtesting for Strategy yes
2026-04-25 21:43:21,406 - freqtrade.strategy.hyper - INFO - Strategy Parameter: buy_ma_count = 14
2026-04-25 21:43:21,406 - freqtrade.strategy.hyper - INFO - Strategy Parameter: buy_ma_gap = 30
2026-04-25 21:43:21,407 - freqtrade.strategy.hyper - INFO - Strategy Parameter: sell_ma_count = 20
2026-04-25 21:43:21,407 - freqtrade.strategy.hyper - INFO - Strategy Parameter: sell_ma_gap = 34
2026-04-25 21:43:21,765 - freqtrade.optimize.backtesting - INFO - Backtesting with data from 2025-04-22 00:00:00 up to 2026-04-17 00:00:00 (360 days).
/home/mohs/Desktop/ae/pyside6/.venv/lib/python3.12/site-packages/freqtrade/data/metrics.py:77: FutureWarning: The default fill_method='pad' in DataFrame.pct_change is deprecated and will be removed in a future version. Either fill in any non-leading NA values prior to calling pct_change or specify 'fill_method=None' to not fill NA values.
  rel_mean = df_comb.pct_change().mean(axis=1).fillna(0).cumsum()
2026-04-25 21:43:25,204 - freqtrade.misc - INFO - dumping json to "/home/mohs/Desktop/ae/pyside6/user_data/backtest_results/backtest-result-2026-04-25_21-43-25.meta.json"
Result for strategy yes
                                              BACKTESTING REPORT                                              
┏━━━━━━━━━━━┳━━━━━━━━┳━━━━━━━━━━━━━━┳━━━━━━━━━━━━━━━━━┳━━━━━━━━━━━━━━┳━━━━━━━━━━━━━━┳━━━━━━━━━━━━━━━━━━━━━━━━┓
┃      Pair ┃ Trades ┃ Avg Profit % ┃ Tot Profit USDT ┃ Tot Profit % ┃ Avg Duration ┃  Win  Draw  Loss  Win% ┃
┡━━━━━━━━━━━╇━━━━━━━━╇━━━━━━━━━━━━━━╇━━━━━━━━━━━━━━━━━╇━━━━━━━━━━━━━━╇━━━━━━━━━━━━━━╇━━━━━━━━━━━━━━━━━━━━━━━━┩
│  ETH/USDT │    188 │        -0.01 │          -1.317 │        -0.88 │      1:40:00 │   65     0   123  34.6 │
│  XRP/USDT │    198 │        -0.09 │          -8.265 │        -5.51 │      1:28:00 │   57     0   141  28.8 │
│ HOME/USDT │    187 │        -0.45 │         -34.901 │       -23.27 │      1:18:00 │   48     0   139  25.7 │
│     TOTAL │    573 │        -0.18 │         -44.483 │       -29.66 │      1:28:00 │  170     0   403  29.7 │
└───────────┴────────┴──────────────┴─────────────────┴──────────────┴──────────────┴────────────────────────┘
                                         LEFT OPEN TRADES REPORT                                          
┏━━━━━━━┳━━━━━━━━┳━━━━━━━━━━━━━━┳━━━━━━━━━━━━━━━━━┳━━━━━━━━━━━━━━┳━━━━━━━━━━━━━━┳━━━━━━━━━━━━━━━━━━━━━━━━┓
┃  Pair ┃ Trades ┃ Avg Profit % ┃ Tot Profit USDT ┃ Tot Profit % ┃ Avg Duration ┃  Win  Draw  Loss  Win% ┃
┡━━━━━━━╇━━━━━━━━╇━━━━━━━━━━━━━━╇━━━━━━━━━━━━━━━━━╇━━━━━━━━━━━━━━╇━━━━━━━━━━━━━━╇━━━━━━━━━━━━━━━━━━━━━━━━┩
│ TOTAL │      0 │          0.0 │           0.000 │          0.0 │         0:00 │    0     0     0     0 │
└───────┴────────┴──────────────┴─────────────────┴──────────────┴──────────────┴────────────────────────┘
                                                ENTER TAG STATS                                                
┏━━━━━━━━━━━┳━━━━━━━━━┳━━━━━━━━━━━━━━┳━━━━━━━━━━━━━━━━━┳━━━━━━━━━━━━━━┳━━━━━━━━━━━━━━┳━━━━━━━━━━━━━━━━━━━━━━━━┓
┃ Enter Tag ┃ Entries ┃ Avg Profit % ┃ Tot Profit USDT ┃ Tot Profit % ┃ Avg Duration ┃  Win  Draw  Loss  Win% ┃
┡━━━━━━━━━━━╇━━━━━━━━━╇━━━━━━━━━━━━━━╇━━━━━━━━━━━━━━━━━╇━━━━━━━━━━━━━━╇━━━━━━━━━━━━━━╇━━━━━━━━━━━━━━━━━━━━━━━━┩
│     OTHER │     573 │        -0.18 │         -44.483 │       -29.66 │      1:28:00 │  170     0   403  29.7 │
│     TOTAL │     573 │        -0.18 │         -44.483 │       -29.66 │      1:28:00 │  170     0   403  29.7 │
└───────────┴─────────┴──────────────┴─────────────────┴──────────────┴──────────────┴────────────────────────┘
                                               EXIT REASON STATS                                               
┏━━━━━━━━━━━━━┳━━━━━━━┳━━━━━━━━━━━━━━┳━━━━━━━━━━━━━━━━━┳━━━━━━━━━━━━━━┳━━━━━━━━━━━━━━┳━━━━━━━━━━━━━━━━━━━━━━━━┓
┃ Exit Reason ┃ Exits ┃ Avg Profit % ┃ Tot Profit USDT ┃ Tot Profit % ┃ Avg Duration ┃  Win  Draw  Loss  Win% ┃
┡━━━━━━━━━━━━━╇━━━━━━━╇━━━━━━━━━━━━━━╇━━━━━━━━━━━━━━━━━╇━━━━━━━━━━━━━━╇━━━━━━━━━━━━━━╇━━━━━━━━━━━━━━━━━━━━━━━━┩
│         roi │    20 │          4.7 │          39.329 │        26.22 │      1:15:00 │   20     0     0   100 │
│ exit_signal │   553 │        -0.36 │         -83.812 │       -55.87 │      1:29:00 │  150     0   403  27.1 │
│       TOTAL │   573 │        -0.18 │         -44.483 │       -29.66 │      1:28:00 │  170     0   403  29.7 │
└─────────────┴───────┴──────────────┴─────────────────┴──────────────┴──────────────┴────────────────────────┘
                                                      MIXED TAG STATS                                                       
┏━━━━━━━━━━━┳━━━━━━━━━━━━━┳━━━━━━━━┳━━━━━━━━━━━━━━┳━━━━━━━━━━━━━━━━━┳━━━━━━━━━━━━━━┳━━━━━━━━━━━━━━┳━━━━━━━━━━━━━━━━━━━━━━━━┓
┃ Enter Tag ┃ Exit Reason ┃ Trades ┃ Avg Profit % ┃ Tot Profit USDT ┃ Tot Profit % ┃ Avg Duration ┃  Win  Draw  Loss  Win% ┃
┡━━━━━━━━━━━╇━━━━━━━━━━━━━╇━━━━━━━━╇━━━━━━━━━━━━━━╇━━━━━━━━━━━━━━━━━╇━━━━━━━━━━━━━━╇━━━━━━━━━━━━━━╇━━━━━━━━━━━━━━━━━━━━━━━━┩
│           │         roi │     20 │          4.7 │          39.329 │        26.22 │      1:15:00 │   20     0     0   100 │
│           │ exit_signal │    553 │        -0.36 │         -83.812 │       -55.87 │      1:29:00 │  150     0   403  27.1 │
│     TOTAL │             │    573 │        -0.18 │         -44.483 │       -29.66 │      1:28:00 │  170     0   403  29.7 │
└───────────┴─────────────┴────────┴──────────────┴─────────────────┴──────────────┴──────────────┴────────────────────────┘
                         SUMMARY METRICS                          
┏━━━━━━━━━━━━━━━━━━━━━━━━━━━━━━━┳━━━━━━━━━━━━━━━━━━━━━━━━━━━━━━━━┓
┃ Metric                        ┃ Value                          ┃
┡━━━━━━━━━━━━━━━━━━━━━━━━━━━━━━━╇━━━━━━━━━━━━━━━━━━━━━━━━━━━━━━━━┩
│ Backtesting from              │ 2025-04-22 00:00:00            │
│ Backtesting to                │ 2026-04-17 00:00:00            │
│ Trading Mode                  │ Spot                           │
│ Max open trades               │ 3                              │
│                               │                                │
│ Total/Daily Avg Trades        │ 573 / 1.59                     │
│ Starting balance              │ 150 USDT                       │
│ Final balance                 │ 105.517 USDT                   │
│ Absolute profit               │ -44.483 USDT                   │
│ Total profit %                │ -29.66%                        │
│ CAGR %                        │ -30.00%                        │
│ Sortino                       │ -4.22                          │
│ Sharpe                        │ -3.22                          │
│ Calmar                        │ -5.19                          │
│ SQN                           │ -2.53                          │
│ Profit factor                 │ 0.69                           │
│ Expectancy (Ratio)            │ -0.08 (-0.22)                  │
│ Avg. daily profit             │ -0.124 USDT                    │
│ Avg. stake amount             │ 41.017 USDT                    │
│ Total trade volume            │ 47055.243 USDT                 │
│                               │                                │
│ Best Pair                     │ ETH/USDT -0.88%                │
│ Worst Pair                    │ HOME/USDT -23.27%              │
│ Best trade                    │ HOME/USDT 9.08%                │
│ Worst trade                   │ HOME/USDT -15.58%              │
│ Best day                      │ 3.732 USDT                     │
│ Worst day                     │ -4.277 USDT                    │
│ Days win/draw/lose            │ 61 / 143 / 152                 │
│ Min/Max/Avg. Duration Winners │ 0d 00:30 / 0d 06:20 / 0d 02:15 │
│ Min/Max/Avg. Duration Losers  │ 0d 00:05 / 0d 02:55 / 0d 01:09 │
│ Max Consecutive Wins / Loss   │ 7 / 18                         │
│ Rejected Entry signals        │ 0                              │
│ Entry/Exit Timeouts           │ 0 / 0                          │
│                               │                                │
│ Min balance                   │ 104.471 USDT                   │
│ Max balance                   │ 149.852 USDT                   │
│ Max % of account underwater   │ 30.35%                         │
│ Absolute drawdown             │ 45.529 USDT (30.35%)           │
│ Drawdown duration             │ 351 days 21:55:00              │
│ Profit at drawdown start      │ 0 USDT                         │
│ Profit at drawdown end        │ -45.529 USDT                   │
│ Drawdown start                │ 2025-04-26 23:05:00            │
│ Drawdown end                  │ 2026-04-13 21:00:00            │
│ Market change                 │ -10.52%                        │
└───────────────────────────────┴────────────────────────────────┘

Backtested 2025-04-22 00:00:00 -> 2026-04-17 00:00:00 | Max open trades : 3
                                                         STRATEGY SUMMARY                                                          
┏━━━━━━━━━━┳━━━━━━━━┳━━━━━━━━━━━━━━┳━━━━━━━━━━━━━━━━━┳━━━━━━━━━━━━━━┳━━━━━━━━━━━━━━┳━━━━━━━━━━━━━━━━━━━━━━━━┳━━━━━━━━━━━━━━━━━━━━━┓
┃ Strategy ┃ Trades ┃ Avg Profit % ┃ Tot Profit USDT ┃ Tot Profit % ┃ Avg Duration ┃  Win  Draw  Loss  Win% ┃            Drawdown ┃
┡━━━━━━━━━━╇━━━━━━━━╇━━━━━━━━━━━━━━╇━━━━━━━━━━━━━━━━━╇━━━━━━━━━━━━━━╇━━━━━━━━━━━━━━╇━━━━━━━━━━━━━━━━━━━━━━━━╇━━━━━━━━━━━━━━━━━━━━━┩
│      yes │    573 │        -0.18 │         -44.483 │       -29.66 │      1:28:00 │  170     0   403  29.7 │ 45.529 USDT  30.35% │
└──────────┴────────┴──────────────┴─────────────────┴──────────────┴──────────────┴────────────────────────┴─────────────────────┘