2026-04-25 05:57:46,848 - freqtrade - INFO - freqtrade 2026.3
2026-04-25 05:57:47,872 - freqtrade.configuration.load_config - INFO - Using config: /home/mohs/Desktop/ae/pyside6/user_data/config.json ...
2026-04-25 05:57:47,874 - freqtrade.loggers - INFO - Enabling colorized output.
2026-04-25 05:57:47,874 - freqtrade.loggers - INFO - Logfile configured
2026-04-25 05:57:47,875 - freqtrade.loggers - INFO - Verbosity set to 0
2026-04-25 05:57:47,875 - freqtrade.configuration.configuration - INFO - Using additional Strategy lookup path: 
/home/mohs/Desktop/ae/pyside6/user_data/optimizer/sessions/39ae9442-8ff2-45a0-8950-bb48be8f34cb/trial_001/strategy_dir
2026-04-25 05:57:47,875 - freqtrade.configuration.configuration - WARNING - `force_entry_enable` RPC message enabled.
2026-04-25 05:57:47,876 - freqtrade.configuration.configuration - INFO - Parameter -i/--timeframe detected ... Using timeframe: 4h ...
2026-04-25 05:57:47,876 - freqtrade.configuration.configuration - INFO - Parameter --max-open-trades detected, overriding max_open_trades to: 2 ...
2026-04-25 05:57:47,876 - freqtrade.configuration.configuration - INFO - Parameter --dry-run-wallet detected, overriding dry_run_wallet to: 80.0 ...
2026-04-25 05:57:47,876 - freqtrade.configuration.configuration - INFO - Parameter --timerange detected: 20250422-20260417 ...
2026-04-25 05:57:47,877 - freqtrade.configuration.configuration - INFO - Using user-data directory: /home/mohs/Desktop/ae/pyside6/user_data ...
2026-04-25 05:57:47,877 - freqtrade.configuration.configuration - INFO - Using data directory: /home/mohs/Desktop/ae/pyside6/user_data/data/binance ...
2026-04-25 05:57:47,877 - freqtrade.configuration.configuration - INFO - Parameter --export detected: trades ...
2026-04-25 05:57:47,878 - freqtrade.configuration.configuration - INFO - Parameter --cache=day detected ...
2026-04-25 05:57:47,878 - freqtrade.configuration.configuration - INFO - Using pairs ['ADA/USDT', 'ETH/USDT']
2026-04-25 05:57:47,878 - freqtrade.configuration.configuration - INFO - Filter trades by timerange: 20250422-20260417
2026-04-25 05:57:47,879 - freqtrade.exchange.check_exchange - INFO - Checking exchange...
2026-04-25 05:57:47,885 - freqtrade.exchange.check_exchange - INFO - Exchange "binance" is officially supported by the Freqtrade development team.
2026-04-25 05:57:47,885 - freqtrade.configuration.config_validation - INFO - Validating configuration ...
2026-04-25 05:57:47,887 - freqtrade.commands.optimize_commands - INFO - Starting freqtrade in Backtesting mode
2026-04-25 05:57:47,888 - freqtrade.exchange.exchange - INFO - Instance is running with dry_run enabled
2026-04-25 05:57:47,888 - freqtrade.exchange.exchange - INFO - Using CCXT 4.5.50
2026-04-25 05:57:47,888 - freqtrade.exchange.exchange - INFO - Applying additional ccxt config: {'enableRateLimit': True, 'timeout': 120000}
2026-04-25 05:57:47,894 - freqtrade.exchange.exchange - INFO - Applying additional ccxt config: {'enableRateLimit': True, 'timeout': 120000}
2026-04-25 05:57:47,900 - freqtrade.exchange.exchange - INFO - Using Exchange "Binance"
2026-04-25 05:57:49,049 - freqtrade.resolvers.exchange_resolver - INFO - Using resolved exchange 'Binance'...
2026-04-25 05:57:49,057 - freqtrade.resolvers.iresolver - INFO - Using resolved strategy MultiMa from 
'/home/mohs/Desktop/ae/pyside6/user_data/optimizer/sessions/39ae9442-8ff2-45a0-8950-bb48be8f34cb/trial_001/strategy_dir/MultiMa.py'...
2026-04-25 05:57:49,058 - freqtrade.strategy.hyper - INFO - Loading parameters from file 
/home/mohs/Desktop/ae/pyside6/user_data/optimizer/sessions/39ae9442-8ff2-45a0-8950-bb48be8f34cb/trial_001/strategy_dir/MultiMa.json
2026-04-25 05:57:49,058 - freqtrade.resolvers.strategy_resolver - INFO - Override strategy 'timeframe' with value from the configuration: 4h.
2026-04-25 05:57:49,059 - freqtrade.resolvers.strategy_resolver - INFO - Override strategy 'stake_currency' with value from the configuration: USDT.
2026-04-25 05:57:49,059 - freqtrade.resolvers.strategy_resolver - INFO - Override strategy 'stake_amount' with value from the configuration: unlimited.
2026-04-25 05:57:49,059 - freqtrade.resolvers.strategy_resolver - INFO - Override strategy 'use_exit_signal' with value from the configuration: True.
2026-04-25 05:57:49,059 - freqtrade.resolvers.strategy_resolver - INFO - Override strategy 'max_open_trades' with value from the configuration: 2.
2026-04-25 05:57:49,060 - freqtrade.resolvers.strategy_resolver - INFO - Strategy using minimal_roi: {'0': 0.523, '1553': 0.123, '2332': 0.076, '3169': 0}
2026-04-25 05:57:49,060 - freqtrade.resolvers.strategy_resolver - INFO - Strategy using timeframe: 4h
2026-04-25 05:57:49,060 - freqtrade.resolvers.strategy_resolver - INFO - Strategy using stoploss: -0.345
2026-04-25 05:57:49,060 - freqtrade.resolvers.strategy_resolver - INFO - Strategy using trailing_stop: False
2026-04-25 05:57:49,061 - freqtrade.resolvers.strategy_resolver - INFO - Strategy using trailing_stop_positive_offset: 0.0
2026-04-25 05:57:49,061 - freqtrade.resolvers.strategy_resolver - INFO - Strategy using trailing_only_offset_is_reached: False
2026-04-25 05:57:49,061 - freqtrade.resolvers.strategy_resolver - INFO - Strategy using use_custom_stoploss: False
2026-04-25 05:57:49,061 - freqtrade.resolvers.strategy_resolver - INFO - Strategy using process_only_new_candles: True
2026-04-25 05:57:49,062 - freqtrade.resolvers.strategy_resolver - INFO - Strategy using order_types: {'entry': 'limit', 'exit': 'limit', 'stoploss': 'limit', 'stoploss_on_exchange': False, 
'stoploss_on_exchange_interval': 60}
2026-04-25 05:57:49,062 - freqtrade.resolvers.strategy_resolver - INFO - Strategy using order_time_in_force: {'entry': 'GTC', 'exit': 'GTC'}
2026-04-25 05:57:49,063 - freqtrade.resolvers.strategy_resolver - INFO - Strategy using stake_currency: USDT
2026-04-25 05:57:49,063 - freqtrade.resolvers.strategy_resolver - INFO - Strategy using stake_amount: unlimited
2026-04-25 05:57:49,063 - freqtrade.resolvers.strategy_resolver - INFO - Strategy using startup_candle_count: 0
2026-04-25 05:57:49,063 - freqtrade.resolvers.strategy_resolver - INFO - Strategy using use_exit_signal: True
2026-04-25 05:57:49,063 - freqtrade.resolvers.strategy_resolver - INFO - Strategy using exit_profit_only: False
2026-04-25 05:57:49,064 - freqtrade.resolvers.strategy_resolver - INFO - Strategy using ignore_roi_if_entry_signal: False
2026-04-25 05:57:49,064 - freqtrade.resolvers.strategy_resolver - INFO - Strategy using exit_profit_offset: 0.0
2026-04-25 05:57:49,064 - freqtrade.resolvers.strategy_resolver - INFO - Strategy using disable_dataframe_checks: False
2026-04-25 05:57:49,064 - freqtrade.resolvers.strategy_resolver - INFO - Strategy using ignore_buying_expired_candle_after: 0
2026-04-25 05:57:49,065 - freqtrade.resolvers.strategy_resolver - INFO - Strategy using position_adjustment_enable: False
2026-04-25 05:57:49,065 - freqtrade.resolvers.strategy_resolver - INFO - Strategy using max_entry_position_adjustment: -1
2026-04-25 05:57:49,065 - freqtrade.resolvers.strategy_resolver - INFO - Strategy using max_open_trades: 2
2026-04-25 05:57:49,066 - freqtrade.configuration.config_validation - INFO - Validating configuration ...
2026-04-25 05:57:49,070 - freqtrade.resolvers.iresolver - INFO - Using resolved pairlist StaticPairList from 
'/home/mohs/Desktop/ae/pyside6/.venv/lib/python3.12/site-packages/freqtrade/plugins/pairlist/StaticPairList.py'...
2026-04-25 05:57:49,080 - freqtrade.optimize.backtesting - INFO - Using fee 0.1000% - worst case fee from exchange (lowest tier).
2026-04-25 05:57:49,087 - freqtrade.data.history.datahandlers.idatahandler - WARNING - ADA/USDT, spot, 4h, data starts at 2025-04-24 00:00:00
2026-04-25 05:57:49,101 - freqtrade.data.history.datahandlers.idatahandler - WARNING - ETH/USDT, spot, 4h, data starts at 2025-04-24 00:00:00
2026-04-25 05:57:49,109 - freqtrade.optimize.backtesting - INFO - Loading data from 2025-04-24 00:00:00 up to 2026-04-17 00:00:00 (358 days).
2026-04-25 05:57:49,149 - freqtrade.optimize.backtesting - INFO - Dataload complete. Calculating indicators
2026-04-25 05:57:49,152 - freqtrade.optimize.backtesting - INFO - Running backtesting for Strategy MultiMa
2026-04-25 05:57:49,152 - freqtrade.strategy.hyper - INFO - Strategy Parameter: buy_ma_count = 7
2026-04-25 05:57:49,153 - freqtrade.strategy.hyper - INFO - Strategy Parameter: buy_ma_gap = 1
2026-04-25 05:57:49,153 - freqtrade.strategy.hyper - INFO - Strategy Parameter: sell_ma_count = 2
2026-04-25 05:57:49,153 - freqtrade.strategy.hyper - INFO - Strategy Parameter: sell_ma_gap = 16
2026-04-25 05:57:49,159 - freqtrade.optimize.backtesting - INFO - Backtesting with data from 2025-04-24 00:00:00 up to 2026-04-17 00:00:00 (358 days).
2026-04-25 05:57:49,987 - freqtrade.misc - INFO - dumping json to "/home/mohs/Desktop/ae/pyside6/user_data/backtest_results/backtest-result-2026-04-25_05-57-49.meta.json"
  ADA/USDT	
  ETH/USDT	
Result for strategy MultiMa
                                               BACKTESTING REPORT                                                
┏━━━━━━━━━━┳━━━━━━━━┳━━━━━━━━━━━━━━┳━━━━━━━━━━━━━━━━━┳━━━━━━━━━━━━━━┳━━━━━━━━━━━━━━━━━━┳━━━━━━━━━━━━━━━━━━━━━━━━┓
┃     Pair ┃ Trades ┃ Avg Profit % ┃ Tot Profit USDT ┃ Tot Profit % ┃     Avg Duration ┃  Win  Draw  Loss  Win% ┃
┡━━━━━━━━━━╇━━━━━━━━╇━━━━━━━━━━━━━━╇━━━━━━━━━━━━━━━━━╇━━━━━━━━━━━━━━╇━━━━━━━━━━━━━━━━━━╇━━━━━━━━━━━━━━━━━━━━━━━━┩
│ ETH/USDT │     57 │          0.3 │           5.132 │         6.42 │ 5 days, 15:18:00 │   33     0    24  57.9 │
│ ADA/USDT │     38 │        -2.02 │         -37.567 │       -46.96 │ 8 days, 15:03:00 │   26     0    12  68.4 │
│    TOTAL │     95 │        -0.62 │         -32.435 │       -40.54 │ 6 days, 20:00:00 │   59     0    36  62.1 │
└──────────┴────────┴──────────────┴─────────────────┴──────────────┴──────────────────┴────────────────────────┘
                                             LEFT OPEN TRADES REPORT                                              
┏━━━━━━━━━━┳━━━━━━━━┳━━━━━━━━━━━━━━┳━━━━━━━━━━━━━━━━━┳━━━━━━━━━━━━━━┳━━━━━━━━━━━━━━━━━━━┳━━━━━━━━━━━━━━━━━━━━━━━━┓
┃     Pair ┃ Trades ┃ Avg Profit % ┃ Tot Profit USDT ┃ Tot Profit % ┃      Avg Duration ┃  Win  Draw  Loss  Win% ┃
┡━━━━━━━━━━╇━━━━━━━━╇━━━━━━━━━━━━━━╇━━━━━━━━━━━━━━━━━╇━━━━━━━━━━━━━━╇━━━━━━━━━━━━━━━━━━━╇━━━━━━━━━━━━━━━━━━━━━━━━┩
│ ETH/USDT │      1 │        -1.33 │          -0.335 │        -0.42 │    1 day, 4:00:00 │    0     0     1     0 │
│ ADA/USDT │      1 │       -10.83 │          -2.639 │         -3.3 │ 31 days, 16:00:00 │    0     0     1     0 │
│    TOTAL │      2 │        -6.08 │          -2.974 │        -3.72 │ 16 days, 10:00:00 │    0     0     2     0 │
└──────────┴────────┴──────────────┴─────────────────┴──────────────┴───────────────────┴────────────────────────┘
                                                  ENTER TAG STATS                                                  
┏━━━━━━━━━━━┳━━━━━━━━━┳━━━━━━━━━━━━━━┳━━━━━━━━━━━━━━━━━┳━━━━━━━━━━━━━━┳━━━━━━━━━━━━━━━━━━┳━━━━━━━━━━━━━━━━━━━━━━━━┓
┃ Enter Tag ┃ Entries ┃ Avg Profit % ┃ Tot Profit USDT ┃ Tot Profit % ┃     Avg Duration ┃  Win  Draw  Loss  Win% ┃
┡━━━━━━━━━━━╇━━━━━━━━━╇━━━━━━━━━━━━━━╇━━━━━━━━━━━━━━━━━╇━━━━━━━━━━━━━━╇━━━━━━━━━━━━━━━━━━╇━━━━━━━━━━━━━━━━━━━━━━━━┩
│     OTHER │      95 │        -0.62 │         -32.435 │       -40.54 │ 6 days, 20:00:00 │   59     0    36  62.1 │
│     TOTAL │      95 │        -0.62 │         -32.435 │       -40.54 │ 6 days, 20:00:00 │   59     0    36  62.1 │
└───────────┴─────────┴──────────────┴─────────────────┴──────────────┴──────────────────┴────────────────────────┘
                                                 EXIT REASON STATS                                                  
┏━━━━━━━━━━━━━┳━━━━━━━┳━━━━━━━━━━━━━━┳━━━━━━━━━━━━━━━━━┳━━━━━━━━━━━━━━┳━━━━━━━━━━━━━━━━━━━┳━━━━━━━━━━━━━━━━━━━━━━━━┓
┃ Exit Reason ┃ Exits ┃ Avg Profit % ┃ Tot Profit USDT ┃ Tot Profit % ┃      Avg Duration ┃  Win  Draw  Loss  Win% ┃
┡━━━━━━━━━━━━━╇━━━━━━━╇━━━━━━━━━━━━━━╇━━━━━━━━━━━━━━━━━╇━━━━━━━━━━━━━━╇━━━━━━━━━━━━━━━━━━━╇━━━━━━━━━━━━━━━━━━━━━━━━┩
│         roi │    87 │         1.85 │          71.758 │         89.7 │   5 days, 1:09:00 │   59     0    28  67.8 │
│  force_exit │     2 │        -6.08 │          -2.974 │        -3.72 │ 16 days, 10:00:00 │    0     0     2     0 │
│   stop_loss │     6 │       -34.63 │        -101.220 │      -126.52 │ 29 days, 12:40:00 │    0     0     6     0 │
│       TOTAL │    95 │        -0.62 │         -32.435 │       -40.54 │  6 days, 20:00:00 │   59     0    36  62.1 │
└─────────────┴───────┴──────────────┴─────────────────┴──────────────┴───────────────────┴────────────────────────┘
                                                         MIXED TAG STATS                                                         
┏━━━━━━━━━━━┳━━━━━━━━━━━━━┳━━━━━━━━┳━━━━━━━━━━━━━━┳━━━━━━━━━━━━━━━━━┳━━━━━━━━━━━━━━┳━━━━━━━━━━━━━━━━━━━┳━━━━━━━━━━━━━━━━━━━━━━━━┓
┃ Enter Tag ┃ Exit Reason ┃ Trades ┃ Avg Profit % ┃ Tot Profit USDT ┃ Tot Profit % ┃      Avg Duration ┃  Win  Draw  Loss  Win% ┃
┡━━━━━━━━━━━╇━━━━━━━━━━━━━╇━━━━━━━━╇━━━━━━━━━━━━━━╇━━━━━━━━━━━━━━━━━╇━━━━━━━━━━━━━━╇━━━━━━━━━━━━━━━━━━━╇━━━━━━━━━━━━━━━━━━━━━━━━┩
│           │         roi │     87 │         1.85 │          71.758 │         89.7 │   5 days, 1:09:00 │   59     0    28  67.8 │
│           │  force_exit │      2 │        -6.08 │          -2.974 │        -3.72 │ 16 days, 10:00:00 │    0     0     2     0 │
│           │   stop_loss │      6 │       -34.63 │        -101.220 │      -126.52 │ 29 days, 12:40:00 │    0     0     6     0 │
│     TOTAL │             │     95 │        -0.62 │         -32.435 │       -40.54 │  6 days, 20:00:00 │   59     0    36  62.1 │
└───────────┴─────────────┴────────┴──────────────┴─────────────────┴──────────────┴───────────────────┴────────────────────────┘
                          SUMMARY METRICS                           
┏━━━━━━━━━━━━━━━━━━━━━━━━━━━━━━━┳━━━━━━━━━━━━━━━━━━━━━━━━━━━━━━━━━━┓
┃ Metric                        ┃ Value                            ┃
┡━━━━━━━━━━━━━━━━━━━━━━━━━━━━━━━╇━━━━━━━━━━━━━━━━━━━━━━━━━━━━━━━━━━┩
│ Backtesting from              │ 2025-04-24 00:00:00              │
│ Backtesting to                │ 2026-04-17 00:00:00              │
│ Trading Mode                  │ Spot                             │
│ Max open trades               │ 2                                │
│                               │                                  │
│ Total/Daily Avg Trades        │ 95 / 0.27                        │
│ Starting balance              │ 80 USDT                          │
│ Final balance                 │ 47.565 USDT                      │
│ Absolute profit               │ -32.435 USDT                     │
│ Total profit %                │ -40.54%                          │
│ CAGR %                        │ -41.15%                          │
│ Sortino                       │ -0.27                            │
│ Sharpe                        │ -0.37                            │
│ Calmar                        │ -3.46                            │
│ SQN                           │ -0.71                            │
│ Profit factor                 │ 0.69                             │
│ Expectancy (Ratio)            │ -0.34 (-0.12)                    │
│ Avg. daily profit             │ -0.091 USDT                      │
│ Avg. stake amount             │ 43.953 USDT                      │
│ Total trade volume            │ 8335.345 USDT                    │
│                               │                                  │
│ Best Pair                     │ ETH/USDT 6.42%                   │
│ Worst Pair                    │ ADA/USDT -46.96%                 │
│ Best trade                    │ ETH/USDT 20.33%                  │
│ Worst trade                   │ ETH/USDT -34.63%                 │
│ Best day                      │ 13.102 USDT                      │
│ Worst day                     │ -21.98 USDT                      │
│ Days win/draw/lose            │ 54 / 267 / 33                    │
│ Min/Max/Avg. Duration Winners │ 1d 04:00 / 21d 16:00 / 4d 06:26  │
│ Min/Max/Avg. Duration Losers  │ 1d 04:00 / 52d 20:00 / 11d 00:53 │
│ Max Consecutive Wins / Loss   │ 8 / 3                            │
│ Rejected Entry signals        │ 0                                │
│ Entry/Exit Timeouts           │ 0 / 0                            │
│                               │                                  │
│ Min balance                   │ 47.565 USDT                      │
│ Max balance                   │ 126.935 USDT                     │
│ Max % of account underwater   │ 62.53%                           │
│ Absolute drawdown             │ 79.37 USDT (62.53%)              │
│ Drawdown duration             │ 191 days 16:00:00                │
│ Profit at drawdown start      │ 46.935 USDT                      │
│ Profit at drawdown end        │ -32.435 USDT                     │
│ Drawdown start                │ 2025-10-07 08:00:00              │
│ Drawdown end                  │ 2026-04-17 00:00:00              │
│ Market change                 │ -15.50%                          │
└───────────────────────────────┴──────────────────────────────────┘

Backtested 2025-04-24 00:00:00 -> 2026-04-17 00:00:00 | Max open trades : 2
                                                           STRATEGY SUMMARY                                                           
┏━━━━━━━━━━┳━━━━━━━━┳━━━━━━━━━━━━━━┳━━━━━━━━━━━━━━━━━┳━━━━━━━━━━━━━━┳━━━━━━━━━━━━━━━━━━┳━━━━━━━━━━━━━━━━━━━━━━━━┳━━━━━━━━━━━━━━━━━━━━┓
┃ Strategy ┃ Trades ┃ Avg Profit % ┃ Tot Profit USDT ┃ Tot Profit % ┃     Avg Duration ┃  Win  Draw  Loss  Win% ┃           Drawdown ┃
┡━━━━━━━━━━╇━━━━━━━━╇━━━━━━━━━━━━━━╇━━━━━━━━━━━━━━━━━╇━━━━━━━━━━━━━━╇━━━━━━━━━━━━━━━━━━╇━━━━━━━━━━━━━━━━━━━━━━━━╇━━━━━━━━━━━━━━━━━━━━┩
│  MultiMa │     95 │        -0.62 │         -32.435 │       -40.54 │ 6 days, 20:00:00 │   59     0    36  62.1 │ 79.37 USDT  62.53% │
└──────────┴────────┴──────────────┴─────────────────┴──────────────┴──────────────────┴────────────────────────┴────────────────────┘