2026-04-25 05:59:03,244 - freqtrade - INFO - freqtrade 2026.3
2026-04-25 05:59:04,293 - freqtrade.configuration.load_config - INFO - Using config: /home/mohs/Desktop/ae/pyside6/user_data/config.json ...
2026-04-25 05:59:04,295 - freqtrade.loggers - INFO - Enabling colorized output.
2026-04-25 05:59:04,295 - freqtrade.loggers - INFO - Logfile configured
2026-04-25 05:59:04,295 - freqtrade.loggers - INFO - Verbosity set to 0
2026-04-25 05:59:04,296 - freqtrade.configuration.configuration - INFO - Using additional Strategy lookup path: 
/home/mohs/Desktop/ae/pyside6/user_data/optimizer/sessions/39ae9442-8ff2-45a0-8950-bb48be8f34cb/trial_023/strategy_dir
2026-04-25 05:59:04,296 - freqtrade.configuration.configuration - WARNING - `force_entry_enable` RPC message enabled.
2026-04-25 05:59:04,296 - freqtrade.configuration.configuration - INFO - Parameter -i/--timeframe detected ... Using timeframe: 4h ...
2026-04-25 05:59:04,297 - freqtrade.configuration.configuration - INFO - Parameter --max-open-trades detected, overriding max_open_trades to: 2 ...
2026-04-25 05:59:04,297 - freqtrade.configuration.configuration - INFO - Parameter --dry-run-wallet detected, overriding dry_run_wallet to: 80.0 ...
2026-04-25 05:59:04,297 - freqtrade.configuration.configuration - INFO - Parameter --timerange detected: 20250422-20260417 ...
2026-04-25 05:59:04,297 - freqtrade.configuration.configuration - INFO - Using user-data directory: /home/mohs/Desktop/ae/pyside6/user_data ...
2026-04-25 05:59:04,298 - freqtrade.configuration.configuration - INFO - Using data directory: /home/mohs/Desktop/ae/pyside6/user_data/data/binance ...
2026-04-25 05:59:04,298 - freqtrade.configuration.configuration - INFO - Parameter --export detected: trades ...
2026-04-25 05:59:04,298 - freqtrade.configuration.configuration - INFO - Parameter --cache=day detected ...
2026-04-25 05:59:04,299 - freqtrade.configuration.configuration - INFO - Using pairs ['ADA/USDT', 'ETH/USDT']
2026-04-25 05:59:04,299 - freqtrade.configuration.configuration - INFO - Filter trades by timerange: 20250422-20260417
2026-04-25 05:59:04,299 - freqtrade.exchange.check_exchange - INFO - Checking exchange...
2026-04-25 05:59:04,305 - freqtrade.exchange.check_exchange - INFO - Exchange "binance" is officially supported by the Freqtrade development team.
2026-04-25 05:59:04,305 - freqtrade.configuration.config_validation - INFO - Validating configuration ...
2026-04-25 05:59:04,307 - freqtrade.commands.optimize_commands - INFO - Starting freqtrade in Backtesting mode
2026-04-25 05:59:04,308 - freqtrade.exchange.exchange - INFO - Instance is running with dry_run enabled
2026-04-25 05:59:04,308 - freqtrade.exchange.exchange - INFO - Using CCXT 4.5.50
2026-04-25 05:59:04,308 - freqtrade.exchange.exchange - INFO - Applying additional ccxt config: {'enableRateLimit': True, 'timeout': 120000}
2026-04-25 05:59:04,314 - freqtrade.exchange.exchange - INFO - Applying additional ccxt config: {'enableRateLimit': True, 'timeout': 120000}
2026-04-25 05:59:04,319 - freqtrade.exchange.exchange - INFO - Using Exchange "Binance"
2026-04-25 05:59:05,492 - freqtrade.resolvers.exchange_resolver - INFO - Using resolved exchange 'Binance'...
2026-04-25 05:59:05,500 - freqtrade.resolvers.iresolver - INFO - Using resolved strategy MultiMa from 
'/home/mohs/Desktop/ae/pyside6/user_data/optimizer/sessions/39ae9442-8ff2-45a0-8950-bb48be8f34cb/trial_023/strategy_dir/MultiMa.py'...
2026-04-25 05:59:05,501 - freqtrade.strategy.hyper - INFO - Loading parameters from file 
/home/mohs/Desktop/ae/pyside6/user_data/optimizer/sessions/39ae9442-8ff2-45a0-8950-bb48be8f34cb/trial_023/strategy_dir/MultiMa.json
2026-04-25 05:59:05,501 - freqtrade.resolvers.strategy_resolver - INFO - Override strategy 'timeframe' with value from the configuration: 4h.
2026-04-25 05:59:05,502 - freqtrade.resolvers.strategy_resolver - INFO - Override strategy 'stake_currency' with value from the configuration: USDT.
2026-04-25 05:59:05,502 - freqtrade.resolvers.strategy_resolver - INFO - Override strategy 'stake_amount' with value from the configuration: unlimited.
2026-04-25 05:59:05,502 - freqtrade.resolvers.strategy_resolver - INFO - Override strategy 'use_exit_signal' with value from the configuration: True.
2026-04-25 05:59:05,502 - freqtrade.resolvers.strategy_resolver - INFO - Override strategy 'max_open_trades' with value from the configuration: 2.
2026-04-25 05:59:05,503 - freqtrade.resolvers.strategy_resolver - INFO - Strategy using minimal_roi: {'0': 0.523, '1553': 0.123, '2332': 0.076, '3169': 0}
2026-04-25 05:59:05,503 - freqtrade.resolvers.strategy_resolver - INFO - Strategy using timeframe: 4h
2026-04-25 05:59:05,503 - freqtrade.resolvers.strategy_resolver - INFO - Strategy using stoploss: -0.345
2026-04-25 05:59:05,504 - freqtrade.resolvers.strategy_resolver - INFO - Strategy using trailing_stop: False
2026-04-25 05:59:05,504 - freqtrade.resolvers.strategy_resolver - INFO - Strategy using trailing_stop_positive_offset: 0.0
2026-04-25 05:59:05,504 - freqtrade.resolvers.strategy_resolver - INFO - Strategy using trailing_only_offset_is_reached: False
2026-04-25 05:59:05,504 - freqtrade.resolvers.strategy_resolver - INFO - Strategy using use_custom_stoploss: False
2026-04-25 05:59:05,505 - freqtrade.resolvers.strategy_resolver - INFO - Strategy using process_only_new_candles: True
2026-04-25 05:59:05,505 - freqtrade.resolvers.strategy_resolver - INFO - Strategy using order_types: {'entry': 'limit', 'exit': 'limit', 'stoploss': 'limit', 'stoploss_on_exchange': False, 
'stoploss_on_exchange_interval': 60}
2026-04-25 05:59:05,505 - freqtrade.resolvers.strategy_resolver - INFO - Strategy using order_time_in_force: {'entry': 'GTC', 'exit': 'GTC'}
2026-04-25 05:59:05,505 - freqtrade.resolvers.strategy_resolver - INFO - Strategy using stake_currency: USDT
2026-04-25 05:59:05,506 - freqtrade.resolvers.strategy_resolver - INFO - Strategy using stake_amount: unlimited
2026-04-25 05:59:05,506 - freqtrade.resolvers.strategy_resolver - INFO - Strategy using startup_candle_count: 0
2026-04-25 05:59:05,506 - freqtrade.resolvers.strategy_resolver - INFO - Strategy using use_exit_signal: True
2026-04-25 05:59:05,506 - freqtrade.resolvers.strategy_resolver - INFO - Strategy using exit_profit_only: False
2026-04-25 05:59:05,507 - freqtrade.resolvers.strategy_resolver - INFO - Strategy using ignore_roi_if_entry_signal: False
2026-04-25 05:59:05,507 - freqtrade.resolvers.strategy_resolver - INFO - Strategy using exit_profit_offset: 0.0
2026-04-25 05:59:05,507 - freqtrade.resolvers.strategy_resolver - INFO - Strategy using disable_dataframe_checks: False
2026-04-25 05:59:05,507 - freqtrade.resolvers.strategy_resolver - INFO - Strategy using ignore_buying_expired_candle_after: 0
2026-04-25 05:59:05,508 - freqtrade.resolvers.strategy_resolver - INFO - Strategy using position_adjustment_enable: False
2026-04-25 05:59:05,508 - freqtrade.resolvers.strategy_resolver - INFO - Strategy using max_entry_position_adjustment: -1
2026-04-25 05:59:05,508 - freqtrade.resolvers.strategy_resolver - INFO - Strategy using max_open_trades: 2
2026-04-25 05:59:05,508 - freqtrade.configuration.config_validation - INFO - Validating configuration ...
2026-04-25 05:59:05,512 - freqtrade.resolvers.iresolver - INFO - Using resolved pairlist StaticPairList from 
'/home/mohs/Desktop/ae/pyside6/.venv/lib/python3.12/site-packages/freqtrade/plugins/pairlist/StaticPairList.py'...
2026-04-25 05:59:05,523 - freqtrade.optimize.backtesting - INFO - Using fee 0.1000% - worst case fee from exchange (lowest tier).
2026-04-25 05:59:05,530 - freqtrade.data.history.datahandlers.idatahandler - WARNING - ADA/USDT, spot, 4h, data starts at 2025-04-24 00:00:00
2026-04-25 05:59:05,544 - freqtrade.data.history.datahandlers.idatahandler - WARNING - ETH/USDT, spot, 4h, data starts at 2025-04-24 00:00:00
2026-04-25 05:59:05,552 - freqtrade.optimize.backtesting - INFO - Loading data from 2025-04-24 00:00:00 up to 2026-04-17 00:00:00 (358 days).
2026-04-25 05:59:05,592 - freqtrade.optimize.backtesting - INFO - Dataload complete. Calculating indicators
2026-04-25 05:59:05,595 - freqtrade.optimize.backtesting - INFO - Running backtesting for Strategy MultiMa
2026-04-25 05:59:05,596 - freqtrade.strategy.hyper - INFO - Strategy Parameter: buy_ma_count = 6
2026-04-25 05:59:05,596 - freqtrade.strategy.hyper - INFO - Strategy Parameter: buy_ma_gap = 23
2026-04-25 05:59:05,596 - freqtrade.strategy.hyper - INFO - Strategy Parameter: sell_ma_count = 18
2026-04-25 05:59:05,597 - freqtrade.strategy.hyper - INFO - Strategy Parameter: sell_ma_gap = 51
2026-04-25 05:59:05,605 - freqtrade.optimize.backtesting - INFO - Backtesting with data from 2025-04-24 00:00:00 up to 2026-04-17 00:00:00 (358 days).
2026-04-25 05:59:06,060 - freqtrade.misc - INFO - dumping json to "/home/mohs/Desktop/ae/pyside6/user_data/backtest_results/backtest-result-2026-04-25_05-59-06.meta.json"
  ADA/USDT	
  ETH/USDT	
Result for strategy MultiMa
                                               BACKTESTING REPORT                                                
┏━━━━━━━━━━┳━━━━━━━━┳━━━━━━━━━━━━━━┳━━━━━━━━━━━━━━━━━┳━━━━━━━━━━━━━━┳━━━━━━━━━━━━━━━━━━┳━━━━━━━━━━━━━━━━━━━━━━━━┓
┃     Pair ┃ Trades ┃ Avg Profit % ┃ Tot Profit USDT ┃ Tot Profit % ┃     Avg Duration ┃  Win  Draw  Loss  Win% ┃
┡━━━━━━━━━━╇━━━━━━━━╇━━━━━━━━━━━━━━╇━━━━━━━━━━━━━━━━━╇━━━━━━━━━━━━━━╇━━━━━━━━━━━━━━━━━━╇━━━━━━━━━━━━━━━━━━━━━━━━┩
│ ETH/USDT │     10 │         3.15 │          13.984 │        17.48 │  2 days, 7:36:00 │    7     0     3  70.0 │
│ ADA/USDT │     11 │         0.06 │          -1.640 │        -2.05 │ 2 days, 19:16:00 │    7     0     4  63.6 │
│    TOTAL │     21 │         1.53 │          12.344 │        15.43 │ 2 days, 13:43:00 │   14     0     7  66.7 │
└──────────┴────────┴──────────────┴─────────────────┴──────────────┴──────────────────┴────────────────────────┘
                                         LEFT OPEN TRADES REPORT                                          
┏━━━━━━━┳━━━━━━━━┳━━━━━━━━━━━━━━┳━━━━━━━━━━━━━━━━━┳━━━━━━━━━━━━━━┳━━━━━━━━━━━━━━┳━━━━━━━━━━━━━━━━━━━━━━━━┓
┃  Pair ┃ Trades ┃ Avg Profit % ┃ Tot Profit USDT ┃ Tot Profit % ┃ Avg Duration ┃  Win  Draw  Loss  Win% ┃
┡━━━━━━━╇━━━━━━━━╇━━━━━━━━━━━━━━╇━━━━━━━━━━━━━━━━━╇━━━━━━━━━━━━━━╇━━━━━━━━━━━━━━╇━━━━━━━━━━━━━━━━━━━━━━━━┩
│ TOTAL │      0 │          0.0 │           0.000 │          0.0 │         0:00 │    0     0     0     0 │
└───────┴────────┴──────────────┴─────────────────┴──────────────┴──────────────┴────────────────────────┘
                                                  ENTER TAG STATS                                                  
┏━━━━━━━━━━━┳━━━━━━━━━┳━━━━━━━━━━━━━━┳━━━━━━━━━━━━━━━━━┳━━━━━━━━━━━━━━┳━━━━━━━━━━━━━━━━━━┳━━━━━━━━━━━━━━━━━━━━━━━━┓
┃ Enter Tag ┃ Entries ┃ Avg Profit % ┃ Tot Profit USDT ┃ Tot Profit % ┃     Avg Duration ┃  Win  Draw  Loss  Win% ┃
┡━━━━━━━━━━━╇━━━━━━━━━╇━━━━━━━━━━━━━━╇━━━━━━━━━━━━━━━━━╇━━━━━━━━━━━━━━╇━━━━━━━━━━━━━━━━━━╇━━━━━━━━━━━━━━━━━━━━━━━━┩
│     OTHER │      21 │         1.53 │          12.344 │        15.43 │ 2 days, 13:43:00 │   14     0     7  66.7 │
│     TOTAL │      21 │         1.53 │          12.344 │        15.43 │ 2 days, 13:43:00 │   14     0     7  66.7 │
└───────────┴─────────┴──────────────┴─────────────────┴──────────────┴──────────────────┴────────────────────────┘
                                                 EXIT REASON STATS                                                 
┏━━━━━━━━━━━━━┳━━━━━━━┳━━━━━━━━━━━━━━┳━━━━━━━━━━━━━━━━━┳━━━━━━━━━━━━━━┳━━━━━━━━━━━━━━━━━━┳━━━━━━━━━━━━━━━━━━━━━━━━┓
┃ Exit Reason ┃ Exits ┃ Avg Profit % ┃ Tot Profit USDT ┃ Tot Profit % ┃     Avg Duration ┃  Win  Draw  Loss  Win% ┃
┡━━━━━━━━━━━━━╇━━━━━━━╇━━━━━━━━━━━━━━╇━━━━━━━━━━━━━━━━━╇━━━━━━━━━━━━━━╇━━━━━━━━━━━━━━━━━━╇━━━━━━━━━━━━━━━━━━━━━━━━┩
│         roi │    16 │          3.9 │          27.956 │        34.94 │ 2 days, 10:30:00 │   14     0     2  87.5 │
│ exit_signal │     5 │        -6.04 │         -15.612 │       -19.52 │  3 days, 0:00:00 │    0     0     5     0 │
│       TOTAL │    21 │         1.53 │          12.344 │        15.43 │ 2 days, 13:43:00 │   14     0     7  66.7 │
└─────────────┴───────┴──────────────┴─────────────────┴──────────────┴──────────────────┴────────────────────────┘
                                                        MIXED TAG STATS                                                         
┏━━━━━━━━━━━┳━━━━━━━━━━━━━┳━━━━━━━━┳━━━━━━━━━━━━━━┳━━━━━━━━━━━━━━━━━┳━━━━━━━━━━━━━━┳━━━━━━━━━━━━━━━━━━┳━━━━━━━━━━━━━━━━━━━━━━━━┓
┃ Enter Tag ┃ Exit Reason ┃ Trades ┃ Avg Profit % ┃ Tot Profit USDT ┃ Tot Profit % ┃     Avg Duration ┃  Win  Draw  Loss  Win% ┃
┡━━━━━━━━━━━╇━━━━━━━━━━━━━╇━━━━━━━━╇━━━━━━━━━━━━━━╇━━━━━━━━━━━━━━━━━╇━━━━━━━━━━━━━━╇━━━━━━━━━━━━━━━━━━╇━━━━━━━━━━━━━━━━━━━━━━━━┩
│           │         roi │     16 │          3.9 │          27.956 │        34.94 │ 2 days, 10:30:00 │   14     0     2  87.5 │
│           │ exit_signal │      5 │        -6.04 │         -15.612 │       -19.52 │  3 days, 0:00:00 │    0     0     5     0 │
│     TOTAL │             │     21 │         1.53 │          12.344 │        15.43 │ 2 days, 13:43:00 │   14     0     7  66.7 │
└───────────┴─────────────┴────────┴──────────────┴─────────────────┴──────────────┴──────────────────┴────────────────────────┘
                         SUMMARY METRICS                          
┏━━━━━━━━━━━━━━━━━━━━━━━━━━━━━━━┳━━━━━━━━━━━━━━━━━━━━━━━━━━━━━━━━┓
┃ Metric                        ┃ Value                          ┃
┡━━━━━━━━━━━━━━━━━━━━━━━━━━━━━━━╇━━━━━━━━━━━━━━━━━━━━━━━━━━━━━━━━┩
│ Backtesting from              │ 2025-04-24 00:00:00            │
│ Backtesting to                │ 2026-04-17 00:00:00            │
│ Trading Mode                  │ Spot                           │
│ Max open trades               │ 2                              │
│                               │                                │
│ Total/Daily Avg Trades        │ 21 / 0.06                      │
│ Starting balance              │ 80 USDT                        │
│ Final balance                 │ 92.344 USDT                    │
│ Absolute profit               │ 12.344 USDT                    │
│ Total profit %                │ 15.43%                         │
│ CAGR %                        │ 15.75%                         │
│ Sortino                       │ 0.25                           │
│ Sharpe                        │ 0.22                           │
│ Calmar                        │ 6.66                           │
│ SQN                           │ 0.88                           │
│ Profit factor                 │ 1.79                           │
│ Expectancy (Ratio)            │ 0.59 (0.26)                    │
│ Avg. daily profit             │ 0.034 USDT                     │
│ Avg. stake amount             │ 45.868 USDT                    │
│ Total trade volume            │ 1942.699 USDT                  │
│                               │                                │
│ Best Pair                     │ ETH/USDT 17.48%                │
│ Worst Pair                    │ ADA/USDT -2.05%                │
│ Best trade                    │ ETH/USDT 12.30%                │
│ Worst trade                   │ ADA/USDT -15.34%               │
│ Best day                      │ 5.139 USDT                     │
│ Worst day                     │ -8.076 USDT                    │
│ Days win/draw/lose            │ 12 / 272 / 7                   │
│ Min/Max/Avg. Duration Winners │ 1d 12:00 / 6d 08:00 / 2d 09:09 │
│ Min/Max/Avg. Duration Losers  │ 1d 16:00 / 5d 16:00 / 2d 22:51 │
│ Max Consecutive Wins / Loss   │ 7 / 2                          │
│ Rejected Entry signals        │ 0                              │
│ Entry/Exit Timeouts           │ 0 / 0                          │
│                               │                                │
│ Min balance                   │ 80.493 USDT                    │
│ Max balance                   │ 105.36 USDT                    │
│ Max % of account underwater   │ 12.35%                         │
│ Absolute drawdown             │ 13.017 USDT (12.35%)           │
│ Drawdown duration             │ 245 days 20:00:00              │
│ Profit at drawdown start      │ 25.36 USDT                     │
│ Profit at drawdown end        │ 12.344 USDT                    │
│ Drawdown start                │ 2025-08-13 16:00:00            │
│ Drawdown end                  │ 2026-04-16 12:00:00            │
│ Market change                 │ -15.50%                        │
└───────────────────────────────┴────────────────────────────────┘

Backtested 2025-04-24 00:00:00 -> 2026-04-17 00:00:00 | Max open trades : 2
                                                           STRATEGY SUMMARY                                                            
┏━━━━━━━━━━┳━━━━━━━━┳━━━━━━━━━━━━━━┳━━━━━━━━━━━━━━━━━┳━━━━━━━━━━━━━━┳━━━━━━━━━━━━━━━━━━┳━━━━━━━━━━━━━━━━━━━━━━━━┳━━━━━━━━━━━━━━━━━━━━━┓
┃ Strategy ┃ Trades ┃ Avg Profit % ┃ Tot Profit USDT ┃ Tot Profit % ┃     Avg Duration ┃  Win  Draw  Loss  Win% ┃            Drawdown ┃
┡━━━━━━━━━━╇━━━━━━━━╇━━━━━━━━━━━━━━╇━━━━━━━━━━━━━━━━━╇━━━━━━━━━━━━━━╇━━━━━━━━━━━━━━━━━━╇━━━━━━━━━━━━━━━━━━━━━━━━╇━━━━━━━━━━━━━━━━━━━━━┩
│  MultiMa │     21 │         1.53 │          12.344 │        15.43 │ 2 days, 13:43:00 │   14     0     7  66.7 │ 13.017 USDT  12.35% │
└──────────┴────────┴──────────────┴─────────────────┴──────────────┴──────────────────┴────────────────────────┴─────────────────────┘