2026-04-25 22:40:45,332 - freqtrade - INFO - freqtrade 2026.3
2026-04-25 22:40:46,456 - freqtrade.configuration.load_config - INFO - Using config: /home/mohs/Desktop/ae/pyside6/user_data/config.json ...
2026-04-25 22:40:46,458 - freqtrade.loggers - INFO - Enabling colorized output.
2026-04-25 22:40:46,458 - freqtrade.loggers - INFO - Logfile configured
2026-04-25 22:40:46,459 - freqtrade.loggers - INFO - Verbosity set to 0
2026-04-25 22:40:46,459 - freqtrade.configuration.configuration - INFO - Using additional Strategy lookup path: 
/home/mohs/Desktop/ae/pyside6/user_data/optimizer/sessions/b8194b7f-3716-497e-8a17-833c28d4e223/trial_045/strategy_dir
2026-04-25 22:40:46,459 - freqtrade.configuration.configuration - WARNING - `force_entry_enable` RPC message enabled.
2026-04-25 22:40:46,459 - freqtrade.configuration.configuration - INFO - Parameter -i/--timeframe detected ... Using timeframe: 4h ...
2026-04-25 22:40:46,460 - freqtrade.configuration.configuration - INFO - Parameter --max-open-trades detected, overriding max_open_trades to: 3 ...
2026-04-25 22:40:46,460 - freqtrade.configuration.configuration - INFO - Parameter --dry-run-wallet detected, overriding dry_run_wallet to: 150.0 ...
2026-04-25 22:40:46,460 - freqtrade.configuration.configuration - INFO - Parameter --timerange detected: 20250422-20260417 ...
2026-04-25 22:40:46,461 - freqtrade.configuration.configuration - INFO - Using user-data directory: /home/mohs/Desktop/ae/pyside6/user_data ...
2026-04-25 22:40:46,461 - freqtrade.configuration.configuration - INFO - Using data directory: /home/mohs/Desktop/ae/pyside6/user_data/data/binance ...
2026-04-25 22:40:46,461 - freqtrade.configuration.configuration - INFO - Parameter --export detected: trades ...
2026-04-25 22:40:46,461 - freqtrade.configuration.configuration - INFO - Parameter --cache=day detected ...
2026-04-25 22:40:46,462 - freqtrade.configuration.configuration - INFO - Using pairs ['XRP/USDT', 'ETH/USDT', 'HOME/USDT']
2026-04-25 22:40:46,462 - freqtrade.configuration.configuration - INFO - Filter trades by timerange: 20250422-20260417
2026-04-25 22:40:46,462 - freqtrade.exchange.check_exchange - INFO - Checking exchange...
2026-04-25 22:40:46,468 - freqtrade.exchange.check_exchange - INFO - Exchange "binance" is officially supported by the Freqtrade development team.
2026-04-25 22:40:46,469 - freqtrade.configuration.config_validation - INFO - Validating configuration ...
2026-04-25 22:40:46,470 - freqtrade.commands.optimize_commands - INFO - Starting freqtrade in Backtesting mode
2026-04-25 22:40:46,471 - freqtrade.exchange.exchange - INFO - Instance is running with dry_run enabled
2026-04-25 22:40:46,471 - freqtrade.exchange.exchange - INFO - Using CCXT 4.5.50
2026-04-25 22:40:46,471 - freqtrade.exchange.exchange - INFO - Applying additional ccxt config: {'enableRateLimit': True, 'timeout': 120000}
2026-04-25 22:40:46,477 - freqtrade.exchange.exchange - INFO - Applying additional ccxt config: {'enableRateLimit': True, 'timeout': 120000}
2026-04-25 22:40:46,482 - freqtrade.exchange.exchange - INFO - Using Exchange "Binance"
2026-04-25 22:40:48,261 - freqtrade.resolvers.exchange_resolver - INFO - Using resolved exchange 'Binance'...
2026-04-25 22:40:48,269 - freqtrade.resolvers.iresolver - INFO - Using resolved strategy yes from 
'/home/mohs/Desktop/ae/pyside6/user_data/optimizer/sessions/b8194b7f-3716-497e-8a17-833c28d4e223/trial_045/strategy_dir/yes.py'...
2026-04-25 22:40:48,269 - freqtrade.strategy.hyper - INFO - Loading parameters from file 
/home/mohs/Desktop/ae/pyside6/user_data/optimizer/sessions/b8194b7f-3716-497e-8a17-833c28d4e223/trial_045/strategy_dir/yes.json
2026-04-25 22:40:48,270 - freqtrade.resolvers.strategy_resolver - INFO - Override strategy 'timeframe' with value from the configuration: 4h.
2026-04-25 22:40:48,270 - freqtrade.resolvers.strategy_resolver - INFO - Override strategy 'stake_currency' with value from the configuration: USDT.
2026-04-25 22:40:48,270 - freqtrade.resolvers.strategy_resolver - INFO - Override strategy 'stake_amount' with value from the configuration: unlimited.
2026-04-25 22:40:48,271 - freqtrade.resolvers.strategy_resolver - INFO - Override strategy 'use_exit_signal' with value from the configuration: True.
2026-04-25 22:40:48,271 - freqtrade.resolvers.strategy_resolver - INFO - Override strategy 'max_open_trades' with value from the configuration: 3.
2026-04-25 22:40:48,271 - freqtrade.resolvers.strategy_resolver - INFO - Strategy using minimal_roi: {'0': 1.8484667940106143, '13': 0.004460237785592319, '146': 0.161363437075769, '38': 
0.7000200054483248}
2026-04-25 22:40:48,271 - freqtrade.resolvers.strategy_resolver - INFO - Strategy using timeframe: 4h
2026-04-25 22:40:48,272 - freqtrade.resolvers.strategy_resolver - INFO - Strategy using stoploss: -0.6846449085713848
2026-04-25 22:40:48,272 - freqtrade.resolvers.strategy_resolver - INFO - Strategy using trailing_stop: False
2026-04-25 22:40:48,272 - freqtrade.resolvers.strategy_resolver - INFO - Strategy using trailing_stop_positive: 0.3280599471752774
2026-04-25 22:40:48,272 - freqtrade.resolvers.strategy_resolver - INFO - Strategy using trailing_stop_positive_offset: 0.005751510352735901
2026-04-25 22:40:48,273 - freqtrade.resolvers.strategy_resolver - INFO - Strategy using trailing_only_offset_is_reached: False
2026-04-25 22:40:48,273 - freqtrade.resolvers.strategy_resolver - INFO - Strategy using use_custom_stoploss: False
2026-04-25 22:40:48,273 - freqtrade.resolvers.strategy_resolver - INFO - Strategy using process_only_new_candles: True
2026-04-25 22:40:48,273 - freqtrade.resolvers.strategy_resolver - INFO - Strategy using order_types: {'entry': 'limit', 'exit': 'limit', 'stoploss': 'limit', 'stoploss_on_exchange': False, 
'stoploss_on_exchange_interval': 60}
2026-04-25 22:40:48,274 - freqtrade.resolvers.strategy_resolver - INFO - Strategy using order_time_in_force: {'entry': 'GTC', 'exit': 'GTC'}
2026-04-25 22:40:48,274 - freqtrade.resolvers.strategy_resolver - INFO - Strategy using stake_currency: USDT
2026-04-25 22:40:48,274 - freqtrade.resolvers.strategy_resolver - INFO - Strategy using stake_amount: unlimited
2026-04-25 22:40:48,275 - freqtrade.resolvers.strategy_resolver - INFO - Strategy using startup_candle_count: 0
2026-04-25 22:40:48,275 - freqtrade.resolvers.strategy_resolver - INFO - Strategy using use_exit_signal: True
2026-04-25 22:40:48,275 - freqtrade.resolvers.strategy_resolver - INFO - Strategy using exit_profit_only: False
2026-04-25 22:40:48,275 - freqtrade.resolvers.strategy_resolver - INFO - Strategy using ignore_roi_if_entry_signal: False
2026-04-25 22:40:48,276 - freqtrade.resolvers.strategy_resolver - INFO - Strategy using exit_profit_offset: 0.0
2026-04-25 22:40:48,276 - freqtrade.resolvers.strategy_resolver - INFO - Strategy using disable_dataframe_checks: False
2026-04-25 22:40:48,276 - freqtrade.resolvers.strategy_resolver - INFO - Strategy using ignore_buying_expired_candle_after: 0
2026-04-25 22:40:48,276 - freqtrade.resolvers.strategy_resolver - INFO - Strategy using position_adjustment_enable: False
2026-04-25 22:40:48,277 - freqtrade.resolvers.strategy_resolver - INFO - Strategy using max_entry_position_adjustment: -1
2026-04-25 22:40:48,277 - freqtrade.resolvers.strategy_resolver - INFO - Strategy using max_open_trades: 3
2026-04-25 22:40:48,277 - freqtrade.configuration.config_validation - INFO - Validating configuration ...
2026-04-25 22:40:48,281 - freqtrade.resolvers.iresolver - INFO - Using resolved pairlist StaticPairList from 
'/home/mohs/Desktop/ae/pyside6/.venv/lib/python3.12/site-packages/freqtrade/plugins/pairlist/StaticPairList.py'...
2026-04-25 22:40:48,293 - freqtrade.optimize.backtesting - INFO - Using fee 0.1000% - worst case fee from exchange (lowest tier).
2026-04-25 22:40:48,328 - freqtrade.data.history.datahandlers.idatahandler - WARNING - HOME/USDT, spot, 4h, data starts at 2025-06-12 12:00:00
2026-04-25 22:40:48,336 - freqtrade.optimize.backtesting - INFO - Loading data from 2025-04-22 00:00:00 up to 2026-04-17 00:00:00 (360 days).
2026-04-25 22:40:48,391 - freqtrade.optimize.backtesting - INFO - Dataload complete. Calculating indicators
2026-04-25 22:40:48,400 - freqtrade.optimize.backtesting - INFO - Running backtesting for Strategy yes
2026-04-25 22:40:48,400 - freqtrade.strategy.hyper - INFO - Strategy Parameter: buy_ma_count = 7
2026-04-25 22:40:48,400 - freqtrade.strategy.hyper - INFO - Strategy Parameter: buy_ma_gap = 13
2026-04-25 22:40:48,401 - freqtrade.strategy.hyper - INFO - Strategy Parameter: sell_ma_count = 4
2026-04-25 22:40:48,401 - freqtrade.strategy.hyper - INFO - Strategy Parameter: sell_ma_gap = 34
2026-04-25 22:40:48,409 - freqtrade.optimize.backtesting - INFO - Backtesting with data from 2025-04-22 00:00:00 up to 2026-04-17 00:00:00 (360 days).
2026-04-25 22:40:49,010 - freqtrade.misc - INFO - dumping json to "/home/mohs/Desktop/ae/pyside6/user_data/backtest_results/backtest-result-2026-04-25_22-40-49.meta.json"
Result for strategy yes
                                                BACKTESTING REPORT                                                
┏━━━━━━━━━━━┳━━━━━━━━┳━━━━━━━━━━━━━━┳━━━━━━━━━━━━━━━━━┳━━━━━━━━━━━━━━┳━━━━━━━━━━━━━━━━━━┳━━━━━━━━━━━━━━━━━━━━━━━━┓
┃      Pair ┃ Trades ┃ Avg Profit % ┃ Tot Profit USDT ┃ Tot Profit % ┃     Avg Duration ┃  Win  Draw  Loss  Win% ┃
┡━━━━━━━━━━━╇━━━━━━━━╇━━━━━━━━━━━━━━╇━━━━━━━━━━━━━━━━━╇━━━━━━━━━━━━━━╇━━━━━━━━━━━━━━━━━━╇━━━━━━━━━━━━━━━━━━━━━━━━┩
│  XRP/USDT │     20 │         0.81 │           5.751 │         3.83 │  4 days, 5:36:00 │   10     0    10  50.0 │
│ HOME/USDT │     16 │        -0.94 │          -7.707 │        -5.14 │ 3 days, 10:45:00 │    6     0    10  37.5 │
│  ETH/USDT │     20 │        -2.21 │         -21.499 │       -14.33 │ 3 days, 19:24:00 │    4     0    16  20.0 │
│     TOTAL │     56 │        -0.77 │         -23.455 │       -15.64 │ 3 days, 20:34:00 │   20     0    36  35.7 │
└───────────┴────────┴──────────────┴─────────────────┴──────────────┴──────────────────┴────────────────────────┘
                                             LEFT OPEN TRADES REPORT                                             
┏━━━━━━━━━━┳━━━━━━━━┳━━━━━━━━━━━━━━┳━━━━━━━━━━━━━━━━━┳━━━━━━━━━━━━━━┳━━━━━━━━━━━━━━━━━━┳━━━━━━━━━━━━━━━━━━━━━━━━┓
┃     Pair ┃ Trades ┃ Avg Profit % ┃ Tot Profit USDT ┃ Tot Profit % ┃     Avg Duration ┃  Win  Draw  Loss  Win% ┃
┡━━━━━━━━━━╇━━━━━━━━╇━━━━━━━━━━━━━━╇━━━━━━━━━━━━━━━━━╇━━━━━━━━━━━━━━╇━━━━━━━━━━━━━━━━━━╇━━━━━━━━━━━━━━━━━━━━━━━━┩
│ XRP/USDT │      1 │         5.91 │           2.454 │         1.64 │ 2 days, 12:00:00 │    1     0     0   100 │
│ ETH/USDT │      1 │        -1.45 │          -0.600 │         -0.4 │ 2 days, 16:00:00 │    0     0     1     0 │
│    TOTAL │      2 │         2.23 │           1.854 │         1.24 │ 2 days, 14:00:00 │    1     0     1  50.0 │
└──────────┴────────┴──────────────┴─────────────────┴──────────────┴──────────────────┴────────────────────────┘
                                                  ENTER TAG STATS                                                  
┏━━━━━━━━━━━┳━━━━━━━━━┳━━━━━━━━━━━━━━┳━━━━━━━━━━━━━━━━━┳━━━━━━━━━━━━━━┳━━━━━━━━━━━━━━━━━━┳━━━━━━━━━━━━━━━━━━━━━━━━┓
┃ Enter Tag ┃ Entries ┃ Avg Profit % ┃ Tot Profit USDT ┃ Tot Profit % ┃     Avg Duration ┃  Win  Draw  Loss  Win% ┃
┡━━━━━━━━━━━╇━━━━━━━━━╇━━━━━━━━━━━━━━╇━━━━━━━━━━━━━━━━━╇━━━━━━━━━━━━━━╇━━━━━━━━━━━━━━━━━━╇━━━━━━━━━━━━━━━━━━━━━━━━┩
│     OTHER │      56 │        -0.77 │         -23.455 │       -15.64 │ 3 days, 20:34:00 │   20     0    36  35.7 │
│     TOTAL │      56 │        -0.77 │         -23.455 │       -15.64 │ 3 days, 20:34:00 │   20     0    36  35.7 │
└───────────┴─────────┴──────────────┴─────────────────┴──────────────┴──────────────────┴────────────────────────┘
                                                 EXIT REASON STATS                                                 
┏━━━━━━━━━━━━━┳━━━━━━━┳━━━━━━━━━━━━━━┳━━━━━━━━━━━━━━━━━┳━━━━━━━━━━━━━━┳━━━━━━━━━━━━━━━━━━┳━━━━━━━━━━━━━━━━━━━━━━━━┓
┃ Exit Reason ┃ Exits ┃ Avg Profit % ┃ Tot Profit USDT ┃ Tot Profit % ┃     Avg Duration ┃  Win  Draw  Loss  Win% ┃
┡━━━━━━━━━━━━━╇━━━━━━━╇━━━━━━━━━━━━━━╇━━━━━━━━━━━━━━━━━╇━━━━━━━━━━━━━━╇━━━━━━━━━━━━━━━━━━╇━━━━━━━━━━━━━━━━━━━━━━━━┩
│         roi │     6 │        16.14 │          46.624 │        31.08 │  3 days, 4:00:00 │    6     0     0   100 │
│  force_exit │     2 │         2.23 │           1.854 │         1.24 │ 2 days, 14:00:00 │    1     0     1  50.0 │
│ exit_signal │    48 │        -3.01 │         -71.933 │       -47.96 │ 3 days, 23:55:00 │   13     0    35  27.1 │
│       TOTAL │    56 │        -0.77 │         -23.455 │       -15.64 │ 3 days, 20:34:00 │   20     0    36  35.7 │
└─────────────┴───────┴──────────────┴─────────────────┴──────────────┴──────────────────┴────────────────────────┘
                                                        MIXED TAG STATS                                                         
┏━━━━━━━━━━━┳━━━━━━━━━━━━━┳━━━━━━━━┳━━━━━━━━━━━━━━┳━━━━━━━━━━━━━━━━━┳━━━━━━━━━━━━━━┳━━━━━━━━━━━━━━━━━━┳━━━━━━━━━━━━━━━━━━━━━━━━┓
┃ Enter Tag ┃ Exit Reason ┃ Trades ┃ Avg Profit % ┃ Tot Profit USDT ┃ Tot Profit % ┃     Avg Duration ┃  Win  Draw  Loss  Win% ┃
┡━━━━━━━━━━━╇━━━━━━━━━━━━━╇━━━━━━━━╇━━━━━━━━━━━━━━╇━━━━━━━━━━━━━━━━━╇━━━━━━━━━━━━━━╇━━━━━━━━━━━━━━━━━━╇━━━━━━━━━━━━━━━━━━━━━━━━┩
│           │         roi │      6 │        16.14 │          46.624 │        31.08 │  3 days, 4:00:00 │    6     0     0   100 │
│           │  force_exit │      2 │         2.23 │           1.854 │         1.24 │ 2 days, 14:00:00 │    1     0     1  50.0 │
│           │ exit_signal │     48 │        -3.01 │         -71.933 │       -47.96 │ 3 days, 23:55:00 │   13     0    35  27.1 │
│     TOTAL │             │     56 │        -0.77 │         -23.455 │       -15.64 │ 3 days, 20:34:00 │   20     0    36  35.7 │
└───────────┴─────────────┴────────┴──────────────┴─────────────────┴──────────────┴──────────────────┴────────────────────────┘
                          SUMMARY METRICS                          
┏━━━━━━━━━━━━━━━━━━━━━━━━━━━━━━━┳━━━━━━━━━━━━━━━━━━━━━━━━━━━━━━━━━┓
┃ Metric                        ┃ Value                           ┃
┡━━━━━━━━━━━━━━━━━━━━━━━━━━━━━━━╇━━━━━━━━━━━━━━━━━━━━━━━━━━━━━━━━━┩
│ Backtesting from              │ 2025-04-22 00:00:00             │
│ Backtesting to                │ 2026-04-17 00:00:00             │
│ Trading Mode                  │ Spot                            │
│ Max open trades               │ 3                               │
│                               │                                 │
│ Total/Daily Avg Trades        │ 56 / 0.16                       │
│ Starting balance              │ 150 USDT                        │
│ Final balance                 │ 126.545 USDT                    │
│ Absolute profit               │ -23.455 USDT                    │
│ Total profit %                │ -15.64%                         │
│ CAGR %                        │ -15.84%                         │
│ Sortino                       │ -0.74                           │
│ Sharpe                        │ -0.32                           │
│ Calmar                        │ -3.08                           │
│ SQN                           │ -0.80                           │
│ Profit factor                 │ 0.77                            │
│ Expectancy (Ratio)            │ -0.42 (-0.15)                   │
│ Avg. daily profit             │ -0.065 USDT                     │
│ Avg. stake amount             │ 49.109 USDT                     │
│ Total trade volume            │ 5487.756 USDT                   │
│                               │                                 │
│ Best Pair                     │ XRP/USDT 3.83%                  │
│ Worst Pair                    │ ETH/USDT -14.33%                │
│ Best trade                    │ HOME/USDT 16.15%                │
│ Worst trade                   │ XRP/USDT -14.75%                │
│ Best day                      │ 14.907 USDT                     │
│ Worst day                     │ -8.002 USDT                     │
│ Days win/draw/lose            │ 16 / 261 / 32                   │
│ Min/Max/Avg. Duration Winners │ 1d 00:00 / 11d 00:00 / 4d 15:12 │
│ Min/Max/Avg. Duration Losers  │ 0d 12:00 / 10d 16:00 / 3d 10:13 │
│ Max Consecutive Wins / Loss   │ 7 / 5                           │
│ Rejected Entry signals        │ 0                               │
│ Entry/Exit Timeouts           │ 0 / 0                           │
│                               │                                 │
│ Min balance                   │ 124.691 USDT                    │
│ Max balance                   │ 170.646 USDT                    │
│ Max % of account underwater   │ 26.93%                          │
│ Absolute drawdown             │ 45.955 USDT (26.93%)            │
│ Drawdown duration             │ 256 days 04:00:00               │
│ Profit at drawdown start      │ 20.646 USDT                     │
│ Profit at drawdown end        │ -25.309 USDT                    │
│ Drawdown start                │ 2025-07-30 16:00:00             │
│ Drawdown end                  │ 2026-04-12 20:00:00             │
│ Market change                 │ -9.22%                          │
└───────────────────────────────┴─────────────────────────────────┘

Backtested 2025-04-22 00:00:00 -> 2026-04-17 00:00:00 | Max open trades : 3
                                                           STRATEGY SUMMARY                                                            
┏━━━━━━━━━━┳━━━━━━━━┳━━━━━━━━━━━━━━┳━━━━━━━━━━━━━━━━━┳━━━━━━━━━━━━━━┳━━━━━━━━━━━━━━━━━━┳━━━━━━━━━━━━━━━━━━━━━━━━┳━━━━━━━━━━━━━━━━━━━━━┓
┃ Strategy ┃ Trades ┃ Avg Profit % ┃ Tot Profit USDT ┃ Tot Profit % ┃     Avg Duration ┃  Win  Draw  Loss  Win% ┃            Drawdown ┃
┡━━━━━━━━━━╇━━━━━━━━╇━━━━━━━━━━━━━━╇━━━━━━━━━━━━━━━━━╇━━━━━━━━━━━━━━╇━━━━━━━━━━━━━━━━━━╇━━━━━━━━━━━━━━━━━━━━━━━━╇━━━━━━━━━━━━━━━━━━━━━┩
│      yes │     56 │        -0.77 │         -23.455 │       -15.64 │ 3 days, 20:34:00 │   20     0    36  35.7 │ 45.955 USDT  26.93% │
└──────────┴────────┴──────────────┴─────────────────┴──────────────┴──────────────────┴────────────────────────┴─────────────────────┘