2026-04-25 22:39:21,316 - freqtrade - INFO - freqtrade 2026.3
2026-04-25 22:39:22,352 - freqtrade.configuration.load_config - INFO - Using config: /home/mohs/Desktop/ae/pyside6/user_data/config.json ...
2026-04-25 22:39:22,354 - freqtrade.loggers - INFO - Enabling colorized output.
2026-04-25 22:39:22,354 - freqtrade.loggers - INFO - Logfile configured
2026-04-25 22:39:22,355 - freqtrade.loggers - INFO - Verbosity set to 0
2026-04-25 22:39:22,355 - freqtrade.configuration.configuration - INFO - Using additional Strategy lookup path: 
/home/mohs/Desktop/ae/pyside6/user_data/optimizer/sessions/b8194b7f-3716-497e-8a17-833c28d4e223/trial_021/strategy_dir
2026-04-25 22:39:22,355 - freqtrade.configuration.configuration - WARNING - `force_entry_enable` RPC message enabled.
2026-04-25 22:39:22,356 - freqtrade.configuration.configuration - INFO - Parameter -i/--timeframe detected ... Using timeframe: 4h ...
2026-04-25 22:39:22,356 - freqtrade.configuration.configuration - INFO - Parameter --max-open-trades detected, overriding max_open_trades to: 3 ...
2026-04-25 22:39:22,356 - freqtrade.configuration.configuration - INFO - Parameter --dry-run-wallet detected, overriding dry_run_wallet to: 150.0 ...
2026-04-25 22:39:22,356 - freqtrade.configuration.configuration - INFO - Parameter --timerange detected: 20250422-20260417 ...
2026-04-25 22:39:22,357 - freqtrade.configuration.configuration - INFO - Using user-data directory: /home/mohs/Desktop/ae/pyside6/user_data ...
2026-04-25 22:39:22,357 - freqtrade.configuration.configuration - INFO - Using data directory: /home/mohs/Desktop/ae/pyside6/user_data/data/binance ...
2026-04-25 22:39:22,357 - freqtrade.configuration.configuration - INFO - Parameter --export detected: trades ...
2026-04-25 22:39:22,358 - freqtrade.configuration.configuration - INFO - Parameter --cache=day detected ...
2026-04-25 22:39:22,358 - freqtrade.configuration.configuration - INFO - Using pairs ['XRP/USDT', 'ETH/USDT', 'HOME/USDT']
2026-04-25 22:39:22,358 - freqtrade.configuration.configuration - INFO - Filter trades by timerange: 20250422-20260417
2026-04-25 22:39:22,359 - freqtrade.exchange.check_exchange - INFO - Checking exchange...
2026-04-25 22:39:22,364 - freqtrade.exchange.check_exchange - INFO - Exchange "binance" is officially supported by the Freqtrade development team.
2026-04-25 22:39:22,365 - freqtrade.configuration.config_validation - INFO - Validating configuration ...
2026-04-25 22:39:22,367 - freqtrade.commands.optimize_commands - INFO - Starting freqtrade in Backtesting mode
2026-04-25 22:39:22,367 - freqtrade.exchange.exchange - INFO - Instance is running with dry_run enabled
2026-04-25 22:39:22,367 - freqtrade.exchange.exchange - INFO - Using CCXT 4.5.50
2026-04-25 22:39:22,368 - freqtrade.exchange.exchange - INFO - Applying additional ccxt config: {'enableRateLimit': True, 'timeout': 120000}
2026-04-25 22:39:22,373 - freqtrade.exchange.exchange - INFO - Applying additional ccxt config: {'enableRateLimit': True, 'timeout': 120000}
2026-04-25 22:39:22,379 - freqtrade.exchange.exchange - INFO - Using Exchange "Binance"
2026-04-25 22:39:23,514 - freqtrade.resolvers.exchange_resolver - INFO - Using resolved exchange 'Binance'...
2026-04-25 22:39:23,522 - freqtrade.resolvers.iresolver - INFO - Using resolved strategy yes from 
'/home/mohs/Desktop/ae/pyside6/user_data/optimizer/sessions/b8194b7f-3716-497e-8a17-833c28d4e223/trial_021/strategy_dir/yes.py'...
2026-04-25 22:39:23,523 - freqtrade.strategy.hyper - INFO - Loading parameters from file 
/home/mohs/Desktop/ae/pyside6/user_data/optimizer/sessions/b8194b7f-3716-497e-8a17-833c28d4e223/trial_021/strategy_dir/yes.json
2026-04-25 22:39:23,523 - freqtrade.resolvers.strategy_resolver - INFO - Override strategy 'timeframe' with value from the configuration: 4h.
2026-04-25 22:39:23,524 - freqtrade.resolvers.strategy_resolver - INFO - Override strategy 'stake_currency' with value from the configuration: USDT.
2026-04-25 22:39:23,524 - freqtrade.resolvers.strategy_resolver - INFO - Override strategy 'stake_amount' with value from the configuration: unlimited.
2026-04-25 22:39:23,524 - freqtrade.resolvers.strategy_resolver - INFO - Override strategy 'use_exit_signal' with value from the configuration: True.
2026-04-25 22:39:23,524 - freqtrade.resolvers.strategy_resolver - INFO - Override strategy 'max_open_trades' with value from the configuration: 3.
2026-04-25 22:39:23,525 - freqtrade.resolvers.strategy_resolver - INFO - Strategy using minimal_roi: {'0': 1.215662817278127, '13': 1.627712474472784, '146': 0.1372144245031779, '38': 
0.8785175733978903}
2026-04-25 22:39:23,525 - freqtrade.resolvers.strategy_resolver - INFO - Strategy using timeframe: 4h
2026-04-25 22:39:23,525 - freqtrade.resolvers.strategy_resolver - INFO - Strategy using stoploss: -0.30200252344488054
2026-04-25 22:39:23,526 - freqtrade.resolvers.strategy_resolver - INFO - Strategy using trailing_stop: True
2026-04-25 22:39:23,526 - freqtrade.resolvers.strategy_resolver - INFO - Strategy using trailing_stop_positive: 0.36671719819175586
2026-04-25 22:39:23,526 - freqtrade.resolvers.strategy_resolver - INFO - Strategy using trailing_stop_positive_offset: 0.6850935454862482
2026-04-25 22:39:23,526 - freqtrade.resolvers.strategy_resolver - INFO - Strategy using trailing_only_offset_is_reached: True
2026-04-25 22:39:23,527 - freqtrade.resolvers.strategy_resolver - INFO - Strategy using use_custom_stoploss: False
2026-04-25 22:39:23,527 - freqtrade.resolvers.strategy_resolver - INFO - Strategy using process_only_new_candles: True
2026-04-25 22:39:23,527 - freqtrade.resolvers.strategy_resolver - INFO - Strategy using order_types: {'entry': 'limit', 'exit': 'limit', 'stoploss': 'limit', 'stoploss_on_exchange': False, 
'stoploss_on_exchange_interval': 60}
2026-04-25 22:39:23,527 - freqtrade.resolvers.strategy_resolver - INFO - Strategy using order_time_in_force: {'entry': 'GTC', 'exit': 'GTC'}
2026-04-25 22:39:23,528 - freqtrade.resolvers.strategy_resolver - INFO - Strategy using stake_currency: USDT
2026-04-25 22:39:23,528 - freqtrade.resolvers.strategy_resolver - INFO - Strategy using stake_amount: unlimited
2026-04-25 22:39:23,528 - freqtrade.resolvers.strategy_resolver - INFO - Strategy using startup_candle_count: 0
2026-04-25 22:39:23,528 - freqtrade.resolvers.strategy_resolver - INFO - Strategy using use_exit_signal: True
2026-04-25 22:39:23,529 - freqtrade.resolvers.strategy_resolver - INFO - Strategy using exit_profit_only: False
2026-04-25 22:39:23,529 - freqtrade.resolvers.strategy_resolver - INFO - Strategy using ignore_roi_if_entry_signal: False
2026-04-25 22:39:23,529 - freqtrade.resolvers.strategy_resolver - INFO - Strategy using exit_profit_offset: 0.0
2026-04-25 22:39:23,529 - freqtrade.resolvers.strategy_resolver - INFO - Strategy using disable_dataframe_checks: False
2026-04-25 22:39:23,529 - freqtrade.resolvers.strategy_resolver - INFO - Strategy using ignore_buying_expired_candle_after: 0
2026-04-25 22:39:23,530 - freqtrade.resolvers.strategy_resolver - INFO - Strategy using position_adjustment_enable: False
2026-04-25 22:39:23,530 - freqtrade.resolvers.strategy_resolver - INFO - Strategy using max_entry_position_adjustment: -1
2026-04-25 22:39:23,530 - freqtrade.resolvers.strategy_resolver - INFO - Strategy using max_open_trades: 3
2026-04-25 22:39:23,531 - freqtrade.configuration.config_validation - INFO - Validating configuration ...
2026-04-25 22:39:23,534 - freqtrade.resolvers.iresolver - INFO - Using resolved pairlist StaticPairList from 
'/home/mohs/Desktop/ae/pyside6/.venv/lib/python3.12/site-packages/freqtrade/plugins/pairlist/StaticPairList.py'...
2026-04-25 22:39:23,547 - freqtrade.optimize.backtesting - INFO - Using fee 0.1000% - worst case fee from exchange (lowest tier).
2026-04-25 22:39:23,580 - freqtrade.data.history.datahandlers.idatahandler - WARNING - HOME/USDT, spot, 4h, data starts at 2025-06-12 12:00:00
2026-04-25 22:39:23,588 - freqtrade.optimize.backtesting - INFO - Loading data from 2025-04-22 00:00:00 up to 2026-04-17 00:00:00 (360 days).
2026-04-25 22:39:23,642 - freqtrade.optimize.backtesting - INFO - Dataload complete. Calculating indicators
2026-04-25 22:39:23,650 - freqtrade.optimize.backtesting - INFO - Running backtesting for Strategy yes
2026-04-25 22:39:23,650 - freqtrade.strategy.hyper - INFO - Strategy Parameter: buy_ma_count = 16
2026-04-25 22:39:23,650 - freqtrade.strategy.hyper - INFO - Strategy Parameter: buy_ma_gap = 27
2026-04-25 22:39:23,651 - freqtrade.strategy.hyper - INFO - Strategy Parameter: sell_ma_count = 10
2026-04-25 22:39:23,651 - freqtrade.strategy.hyper - INFO - Strategy Parameter: sell_ma_gap = 32
2026-04-25 22:39:23,662 - freqtrade.optimize.backtesting - INFO - Backtesting with data from 2025-04-22 00:00:00 up to 2026-04-17 00:00:00 (360 days).
2026-04-25 22:39:23,983 - freqtrade.misc - INFO - dumping json to "/home/mohs/Desktop/ae/pyside6/user_data/backtest_results/backtest-result-2026-04-25_22-39-23.meta.json"
Result for strategy yes
                                                BACKTESTING REPORT                                                
┏━━━━━━━━━━━┳━━━━━━━━┳━━━━━━━━━━━━━━┳━━━━━━━━━━━━━━━━━┳━━━━━━━━━━━━━━┳━━━━━━━━━━━━━━━━━━┳━━━━━━━━━━━━━━━━━━━━━━━━┓
┃      Pair ┃ Trades ┃ Avg Profit % ┃ Tot Profit USDT ┃ Tot Profit % ┃     Avg Duration ┃  Win  Draw  Loss  Win% ┃
┡━━━━━━━━━━━╇━━━━━━━━╇━━━━━━━━━━━━━━╇━━━━━━━━━━━━━━━━━╇━━━━━━━━━━━━━━╇━━━━━━━━━━━━━━━━━━╇━━━━━━━━━━━━━━━━━━━━━━━━┩
│  XRP/USDT │      4 │          2.4 │           4.583 │         3.06 │ 2 days, 17:00:00 │    3     0     1  75.0 │
│ HOME/USDT │      0 │          0.0 │           0.000 │          0.0 │             0:00 │    0     0     0     0 │
│  ETH/USDT │      5 │        -1.84 │          -4.657 │         -3.1 │  3 days, 0:00:00 │    1     0     4  20.0 │
│     TOTAL │      9 │         0.04 │          -0.074 │        -0.05 │ 2 days, 20:53:00 │    4     0     5  44.4 │
└───────────┴────────┴──────────────┴─────────────────┴──────────────┴──────────────────┴────────────────────────┘
                                           LEFT OPEN TRADES REPORT                                           
┏━━━━━━━━━━┳━━━━━━━━┳━━━━━━━━━━━━━━┳━━━━━━━━━━━━━━━━━┳━━━━━━━━━━━━━━┳━━━━━━━━━━━━━━┳━━━━━━━━━━━━━━━━━━━━━━━━┓
┃     Pair ┃ Trades ┃ Avg Profit % ┃ Tot Profit USDT ┃ Tot Profit % ┃ Avg Duration ┃  Win  Draw  Loss  Win% ┃
┡━━━━━━━━━━╇━━━━━━━━╇━━━━━━━━━━━━━━╇━━━━━━━━━━━━━━━━━╇━━━━━━━━━━━━━━╇━━━━━━━━━━━━━━╇━━━━━━━━━━━━━━━━━━━━━━━━┩
│ XRP/USDT │      1 │         3.11 │           1.548 │         1.03 │     20:00:00 │    1     0     0   100 │
│    TOTAL │      1 │         3.11 │           1.548 │         1.03 │     20:00:00 │    1     0     0   100 │
└──────────┴────────┴──────────────┴─────────────────┴──────────────┴──────────────┴────────────────────────┘
                                                  ENTER TAG STATS                                                  
┏━━━━━━━━━━━┳━━━━━━━━━┳━━━━━━━━━━━━━━┳━━━━━━━━━━━━━━━━━┳━━━━━━━━━━━━━━┳━━━━━━━━━━━━━━━━━━┳━━━━━━━━━━━━━━━━━━━━━━━━┓
┃ Enter Tag ┃ Entries ┃ Avg Profit % ┃ Tot Profit USDT ┃ Tot Profit % ┃     Avg Duration ┃  Win  Draw  Loss  Win% ┃
┡━━━━━━━━━━━╇━━━━━━━━━╇━━━━━━━━━━━━━━╇━━━━━━━━━━━━━━━━━╇━━━━━━━━━━━━━━╇━━━━━━━━━━━━━━━━━━╇━━━━━━━━━━━━━━━━━━━━━━━━┩
│     OTHER │       9 │         0.04 │          -0.074 │        -0.05 │ 2 days, 20:53:00 │    4     0     5  44.4 │
│     TOTAL │       9 │         0.04 │          -0.074 │        -0.05 │ 2 days, 20:53:00 │    4     0     5  44.4 │
└───────────┴─────────┴──────────────┴─────────────────┴──────────────┴──────────────────┴────────────────────────┘
                                                 EXIT REASON STATS                                                 
┏━━━━━━━━━━━━━┳━━━━━━━┳━━━━━━━━━━━━━━┳━━━━━━━━━━━━━━━━━┳━━━━━━━━━━━━━━┳━━━━━━━━━━━━━━━━━━┳━━━━━━━━━━━━━━━━━━━━━━━━┓
┃ Exit Reason ┃ Exits ┃ Avg Profit % ┃ Tot Profit USDT ┃ Tot Profit % ┃     Avg Duration ┃  Win  Draw  Loss  Win% ┃
┡━━━━━━━━━━━━━╇━━━━━━━╇━━━━━━━━━━━━━━╇━━━━━━━━━━━━━━━━━╇━━━━━━━━━━━━━━╇━━━━━━━━━━━━━━━━━━╇━━━━━━━━━━━━━━━━━━━━━━━━┩
│         roi │     1 │        13.72 │           6.846 │         4.56 │  1 day, 20:00:00 │    1     0     0   100 │
│  force_exit │     1 │         3.11 │           1.548 │         1.03 │         20:00:00 │    1     0     0   100 │
│ exit_signal │     7 │        -2.35 │          -8.468 │        -5.65 │  3 days, 7:26:00 │    2     0     5  28.6 │
│       TOTAL │     9 │         0.04 │          -0.074 │        -0.05 │ 2 days, 20:53:00 │    4     0     5  44.4 │
└─────────────┴───────┴──────────────┴─────────────────┴──────────────┴──────────────────┴────────────────────────┘
                                                        MIXED TAG STATS                                                         
┏━━━━━━━━━━━┳━━━━━━━━━━━━━┳━━━━━━━━┳━━━━━━━━━━━━━━┳━━━━━━━━━━━━━━━━━┳━━━━━━━━━━━━━━┳━━━━━━━━━━━━━━━━━━┳━━━━━━━━━━━━━━━━━━━━━━━━┓
┃ Enter Tag ┃ Exit Reason ┃ Trades ┃ Avg Profit % ┃ Tot Profit USDT ┃ Tot Profit % ┃     Avg Duration ┃  Win  Draw  Loss  Win% ┃
┡━━━━━━━━━━━╇━━━━━━━━━━━━━╇━━━━━━━━╇━━━━━━━━━━━━━━╇━━━━━━━━━━━━━━━━━╇━━━━━━━━━━━━━━╇━━━━━━━━━━━━━━━━━━╇━━━━━━━━━━━━━━━━━━━━━━━━┩
│           │         roi │      1 │        13.72 │           6.846 │         4.56 │  1 day, 20:00:00 │    1     0     0   100 │
│           │  force_exit │      1 │         3.11 │           1.548 │         1.03 │         20:00:00 │    1     0     0   100 │
│           │ exit_signal │      7 │        -2.35 │          -8.468 │        -5.65 │  3 days, 7:26:00 │    2     0     5  28.6 │
│     TOTAL │             │      9 │         0.04 │          -0.074 │        -0.05 │ 2 days, 20:53:00 │    4     0     5  44.4 │
└───────────┴─────────────┴────────┴──────────────┴─────────────────┴──────────────┴──────────────────┴────────────────────────┘
                         SUMMARY METRICS                          
┏━━━━━━━━━━━━━━━━━━━━━━━━━━━━━━━┳━━━━━━━━━━━━━━━━━━━━━━━━━━━━━━━━┓
┃ Metric                        ┃ Value                          ┃
┡━━━━━━━━━━━━━━━━━━━━━━━━━━━━━━━╇━━━━━━━━━━━━━━━━━━━━━━━━━━━━━━━━┩
│ Backtesting from              │ 2025-04-22 00:00:00            │
│ Backtesting to                │ 2026-04-17 00:00:00            │
│ Trading Mode                  │ Spot                           │
│ Max open trades               │ 3                              │
│                               │                                │
│ Total/Daily Avg Trades        │ 9 / 0.03                       │
│ Starting balance              │ 150 USDT                       │
│ Final balance                 │ 149.926 USDT                   │
│ Absolute profit               │ -0.074 USDT                    │
│ Total profit %                │ -0.05%                         │
│ CAGR %                        │ -0.05%                         │
│ Sortino                       │ -0.00                          │
│ Sharpe                        │ -0.00                          │
│ Calmar                        │ -0.05                          │
│ SQN                           │ -0.01                          │
│ Profit factor                 │ 0.99                           │
│ Expectancy (Ratio)            │ -0.01 (-0.00)                  │
│ Avg. daily profit             │ -0 USDT                        │
│ Avg. stake amount             │ 50.312 USDT                    │
│ Total trade volume            │ 907.363 USDT                   │
│                               │                                │
│ Best Pair                     │ XRP/USDT 3.06%                 │
│ Worst Pair                    │ ETH/USDT -3.10%                │
│ Best trade                    │ XRP/USDT 13.72%                │
│ Worst trade                   │ XRP/USDT -9.90%                │
│ Best day                      │ 6.846 USDT                     │
│ Worst day                     │ -4.58 USDT                     │
│ Days win/draw/lose            │ 3 / 97 / 3                     │
│ Min/Max/Avg. Duration Winners │ 0d 20:00 / 5d 20:00 / 3d 09:00 │
│ Min/Max/Avg. Duration Losers  │ 0d 20:00 / 3d 16:00 / 2d 11:12 │
│ Max Consecutive Wins / Loss   │ 2 / 3                          │
│ Rejected Entry signals        │ 0                              │
│ Entry/Exit Timeouts           │ 0 / 0                          │
│                               │                                │
│ Min balance                   │ 148.379 USDT                   │
│ Max balance                   │ 157.434 USDT                   │
│ Max % of account underwater   │ 5.75%                          │
│ Absolute drawdown             │ 9.056 USDT (5.75%)             │
│ Drawdown duration             │ 99 days 00:00:00               │
│ Profit at drawdown start      │ 7.434 USDT                     │
│ Profit at drawdown end        │ -1.621 USDT                    │
│ Drawdown start                │ 2026-01-08 00:00:00            │
│ Drawdown end                  │ 2026-04-17 00:00:00            │
│ Market change                 │ -9.22%                         │
└───────────────────────────────┴────────────────────────────────┘

Backtested 2025-04-22 00:00:00 -> 2026-04-17 00:00:00 | Max open trades : 3
                                                          STRATEGY SUMMARY                                                           
┏━━━━━━━━━━┳━━━━━━━━┳━━━━━━━━━━━━━━┳━━━━━━━━━━━━━━━━━┳━━━━━━━━━━━━━━┳━━━━━━━━━━━━━━━━━━┳━━━━━━━━━━━━━━━━━━━━━━━━┳━━━━━━━━━━━━━━━━━━━┓
┃ Strategy ┃ Trades ┃ Avg Profit % ┃ Tot Profit USDT ┃ Tot Profit % ┃     Avg Duration ┃  Win  Draw  Loss  Win% ┃          Drawdown ┃
┡━━━━━━━━━━╇━━━━━━━━╇━━━━━━━━━━━━━━╇━━━━━━━━━━━━━━━━━╇━━━━━━━━━━━━━━╇━━━━━━━━━━━━━━━━━━╇━━━━━━━━━━━━━━━━━━━━━━━━╇━━━━━━━━━━━━━━━━━━━┩
│      yes │      9 │         0.04 │          -0.074 │        -0.05 │ 2 days, 20:53:00 │    4     0     5  44.4 │ 9.056 USDT  5.75% │
└──────────┴────────┴──────────────┴─────────────────┴──────────────┴──────────────────┴────────────────────────┴───────────────────┘