2026-04-25 20:06:21,890 - freqtrade - INFO - freqtrade 2026.3
2026-04-25 20:06:23,233 - freqtrade.configuration.load_config - INFO - Using config: /home/mohs/Desktop/ae/pyside6/user_data/config.json ...
2026-04-25 20:06:23,236 - freqtrade.loggers - INFO - Enabling colorized output.
2026-04-25 20:06:23,236 - freqtrade.loggers - INFO - Logfile configured
2026-04-25 20:06:23,236 - freqtrade.loggers - INFO - Verbosity set to 0
2026-04-25 20:06:23,237 - freqtrade.configuration.configuration - INFO - Using additional Strategy lookup path: 
/home/mohs/Desktop/ae/pyside6/user_data/optimizer/sessions/2228f2cd-52d5-4133-b521-f7915a036afc/trial_016/strategy_dir
2026-04-25 20:06:23,237 - freqtrade.configuration.configuration - WARNING - `force_entry_enable` RPC message enabled.
2026-04-25 20:06:23,237 - freqtrade.configuration.configuration - INFO - Parameter -i/--timeframe detected ... Using timeframe: 4h ...
2026-04-25 20:06:23,237 - freqtrade.configuration.configuration - INFO - Parameter --max-open-trades detected, overriding max_open_trades to: 4 ...
2026-04-25 20:06:23,238 - freqtrade.configuration.configuration - INFO - Parameter --dry-run-wallet detected, overriding dry_run_wallet to: 150.0 ...
2026-04-25 20:06:23,238 - freqtrade.configuration.configuration - INFO - Parameter --timerange detected: 20250422-20260417 ...
2026-04-25 20:06:23,239 - freqtrade.configuration.configuration - INFO - Using user-data directory: /home/mohs/Desktop/ae/pyside6/user_data ...
2026-04-25 20:06:23,239 - freqtrade.configuration.configuration - INFO - Using data directory: /home/mohs/Desktop/ae/pyside6/user_data/data/binance ...
2026-04-25 20:06:23,239 - freqtrade.configuration.configuration - INFO - Parameter --export detected: trades ...
2026-04-25 20:06:23,240 - freqtrade.configuration.configuration - INFO - Parameter --cache=day detected ...
2026-04-25 20:06:23,240 - freqtrade.configuration.configuration - INFO - Using pairs ['ETH/USDT', 'XRP/USDT', 'HOME/USDT', 'ADA/USDT']
2026-04-25 20:06:23,240 - freqtrade.configuration.configuration - INFO - Filter trades by timerange: 20250422-20260417
2026-04-25 20:06:23,241 - freqtrade.exchange.check_exchange - INFO - Checking exchange...
2026-04-25 20:06:23,247 - freqtrade.exchange.check_exchange - INFO - Exchange "binance" is officially supported by the Freqtrade development team.
2026-04-25 20:06:23,248 - freqtrade.configuration.config_validation - INFO - Validating configuration ...
2026-04-25 20:06:23,250 - freqtrade.commands.optimize_commands - INFO - Starting freqtrade in Backtesting mode
2026-04-25 20:06:23,251 - freqtrade.exchange.exchange - INFO - Instance is running with dry_run enabled
2026-04-25 20:06:23,251 - freqtrade.exchange.exchange - INFO - Using CCXT 4.5.50
2026-04-25 20:06:23,251 - freqtrade.exchange.exchange - INFO - Applying additional ccxt config: {'enableRateLimit': True, 'timeout': 120000}
2026-04-25 20:06:23,257 - freqtrade.exchange.exchange - INFO - Applying additional ccxt config: {'enableRateLimit': True, 'timeout': 120000}
2026-04-25 20:06:23,264 - freqtrade.exchange.exchange - INFO - Using Exchange "Binance"
2026-04-25 20:06:24,457 - freqtrade.resolvers.exchange_resolver - INFO - Using resolved exchange 'Binance'...
2026-04-25 20:06:24,467 - freqtrade.resolvers.iresolver - INFO - Using resolved strategy yty from 
'/home/mohs/Desktop/ae/pyside6/user_data/optimizer/sessions/2228f2cd-52d5-4133-b521-f7915a036afc/trial_016/strategy_dir/yty.py'...
2026-04-25 20:06:24,467 - freqtrade.strategy.hyper - INFO - Loading parameters from file 
/home/mohs/Desktop/ae/pyside6/user_data/optimizer/sessions/2228f2cd-52d5-4133-b521-f7915a036afc/trial_016/strategy_dir/yty.json
2026-04-25 20:06:24,468 - freqtrade.resolvers.strategy_resolver - INFO - Override strategy 'timeframe' with value from the configuration: 4h.
2026-04-25 20:06:24,468 - freqtrade.resolvers.strategy_resolver - INFO - Override strategy 'stake_currency' with value from the configuration: USDT.
2026-04-25 20:06:24,468 - freqtrade.resolvers.strategy_resolver - INFO - Override strategy 'stake_amount' with value from the configuration: unlimited.
2026-04-25 20:06:24,469 - freqtrade.resolvers.strategy_resolver - INFO - Override strategy 'use_exit_signal' with value from the configuration: True.
2026-04-25 20:06:24,469 - freqtrade.resolvers.strategy_resolver - INFO - Override strategy 'max_open_trades' with value from the configuration: 4.
2026-04-25 20:06:24,469 - freqtrade.resolvers.strategy_resolver - INFO - Strategy using minimal_roi: {'0': 1.0238698754442623, '1553': 0.9403871707477592, '2332': 0.5851983368753517, '3169': 
0.3155364686055054}
2026-04-25 20:06:24,469 - freqtrade.resolvers.strategy_resolver - INFO - Strategy using timeframe: 4h
2026-04-25 20:06:24,470 - freqtrade.resolvers.strategy_resolver - INFO - Strategy using stoploss: -0.5745406256975406
2026-04-25 20:06:24,470 - freqtrade.resolvers.strategy_resolver - INFO - Strategy using trailing_stop: False
2026-04-25 20:06:24,470 - freqtrade.resolvers.strategy_resolver - INFO - Strategy using trailing_stop_positive_offset: 0.4395622277596824
2026-04-25 20:06:24,471 - freqtrade.resolvers.strategy_resolver - INFO - Strategy using trailing_only_offset_is_reached: False
2026-04-25 20:06:24,471 - freqtrade.resolvers.strategy_resolver - INFO - Strategy using use_custom_stoploss: False
2026-04-25 20:06:24,471 - freqtrade.resolvers.strategy_resolver - INFO - Strategy using process_only_new_candles: True
2026-04-25 20:06:24,471 - freqtrade.resolvers.strategy_resolver - INFO - Strategy using order_types: {'entry': 'limit', 'exit': 'limit', 'stoploss': 'limit', 'stoploss_on_exchange': False, 
'stoploss_on_exchange_interval': 60}
2026-04-25 20:06:24,472 - freqtrade.resolvers.strategy_resolver - INFO - Strategy using order_time_in_force: {'entry': 'GTC', 'exit': 'GTC'}
2026-04-25 20:06:24,472 - freqtrade.resolvers.strategy_resolver - INFO - Strategy using stake_currency: USDT
2026-04-25 20:06:24,472 - freqtrade.resolvers.strategy_resolver - INFO - Strategy using stake_amount: unlimited
2026-04-25 20:06:24,472 - freqtrade.resolvers.strategy_resolver - INFO - Strategy using startup_candle_count: 0
2026-04-25 20:06:24,473 - freqtrade.resolvers.strategy_resolver - INFO - Strategy using use_exit_signal: True
2026-04-25 20:06:24,473 - freqtrade.resolvers.strategy_resolver - INFO - Strategy using exit_profit_only: False
2026-04-25 20:06:24,473 - freqtrade.resolvers.strategy_resolver - INFO - Strategy using ignore_roi_if_entry_signal: False
2026-04-25 20:06:24,473 - freqtrade.resolvers.strategy_resolver - INFO - Strategy using exit_profit_offset: 0.0
2026-04-25 20:06:24,473 - freqtrade.resolvers.strategy_resolver - INFO - Strategy using disable_dataframe_checks: False
2026-04-25 20:06:24,474 - freqtrade.resolvers.strategy_resolver - INFO - Strategy using ignore_buying_expired_candle_after: 0
2026-04-25 20:06:24,474 - freqtrade.resolvers.strategy_resolver - INFO - Strategy using position_adjustment_enable: False
2026-04-25 20:06:24,474 - freqtrade.resolvers.strategy_resolver - INFO - Strategy using max_entry_position_adjustment: -1
2026-04-25 20:06:24,474 - freqtrade.resolvers.strategy_resolver - INFO - Strategy using max_open_trades: 4
2026-04-25 20:06:24,475 - freqtrade.configuration.config_validation - INFO - Validating configuration ...
2026-04-25 20:06:24,479 - freqtrade.resolvers.iresolver - INFO - Using resolved pairlist StaticPairList from 
'/home/mohs/Desktop/ae/pyside6/.venv/lib/python3.12/site-packages/freqtrade/plugins/pairlist/StaticPairList.py'...
2026-04-25 20:06:24,496 - freqtrade.optimize.backtesting - INFO - Using fee 0.1000% - worst case fee from exchange (lowest tier).
2026-04-25 20:06:24,504 - freqtrade.data.history.datahandlers.idatahandler - WARNING - ETH/USDT, spot, 4h, data starts at 2025-04-24 00:00:00
2026-04-25 20:06:24,519 - freqtrade.data.history.datahandlers.idatahandler - WARNING - XRP/USDT, spot, 4h, data starts at 2025-04-30 00:00:00
2026-04-25 20:06:24,540 - freqtrade.data.history.datahandlers.idatahandler - WARNING - HOME/USDT, spot, 4h, data starts at 2025-06-12 12:00:00
2026-04-25 20:06:24,559 - freqtrade.data.history.datahandlers.idatahandler - WARNING - ADA/USDT, spot, 4h, data starts at 2025-04-24 00:00:00
2026-04-25 20:06:24,567 - freqtrade.optimize.backtesting - INFO - Loading data from 2025-04-24 00:00:00 up to 2026-04-17 00:00:00 (358 days).
2026-04-25 20:06:24,654 - freqtrade.optimize.backtesting - INFO - Dataload complete. Calculating indicators
2026-04-25 20:06:24,660 - freqtrade.optimize.backtesting - INFO - Running backtesting for Strategy yty
2026-04-25 20:06:24,661 - freqtrade.strategy.hyper - INFO - Strategy Parameter: buy_ma_count = 8
2026-04-25 20:06:24,661 - freqtrade.strategy.hyper - INFO - Strategy Parameter: buy_ma_gap = 86
2026-04-25 20:06:24,661 - freqtrade.strategy.hyper - INFO - Strategy Parameter: sell_ma_count = 9
2026-04-25 20:06:24,662 - freqtrade.strategy.hyper - INFO - Strategy Parameter: sell_ma_gap = 72
2026-04-25 20:06:24,675 - freqtrade.optimize.backtesting - INFO - Backtesting with data from 2025-04-24 00:00:00 up to 2026-04-17 00:00:00 (358 days).
2026-04-25 20:06:25,002 - freqtrade.misc - INFO - dumping json to "/home/mohs/Desktop/ae/pyside6/user_data/backtest_results/backtest-result-2026-04-25_20-06-24.meta.json"
  ETH/USDT	
  XRP/USDT	
  HOME/USDT	
  ADA/USDT	
Result for strategy yty
                                                BACKTESTING REPORT                                                
┏━━━━━━━━━━━┳━━━━━━━━┳━━━━━━━━━━━━━━┳━━━━━━━━━━━━━━━━━┳━━━━━━━━━━━━━━┳━━━━━━━━━━━━━━━━━━┳━━━━━━━━━━━━━━━━━━━━━━━━┓
┃      Pair ┃ Trades ┃ Avg Profit % ┃ Tot Profit USDT ┃ Tot Profit % ┃     Avg Duration ┃  Win  Draw  Loss  Win% ┃
┡━━━━━━━━━━━╇━━━━━━━━╇━━━━━━━━━━━━━━╇━━━━━━━━━━━━━━━━━╇━━━━━━━━━━━━━━╇━━━━━━━━━━━━━━━━━━╇━━━━━━━━━━━━━━━━━━━━━━━━┩
│  ETH/USDT │      1 │         7.49 │           2.696 │          1.8 │ 7 days, 12:00:00 │    1     0     0   100 │
│  XRP/USDT │      2 │         0.87 │           0.614 │         0.41 │  1 day, 20:00:00 │    1     0     1  50.0 │
│ HOME/USDT │      0 │          0.0 │           0.000 │          0.0 │             0:00 │    0     0     0     0 │
│  ADA/USDT │      2 │         -7.1 │          -5.281 │        -3.52 │  6 days, 6:00:00 │    0     0     2     0 │
│     TOTAL │      5 │        -0.99 │          -1.971 │        -1.31 │ 4 days, 17:36:00 │    2     0     3  40.0 │
└───────────┴────────┴──────────────┴─────────────────┴──────────────┴──────────────────┴────────────────────────┘
                                             LEFT OPEN TRADES REPORT                                             
┏━━━━━━━━━━┳━━━━━━━━┳━━━━━━━━━━━━━━┳━━━━━━━━━━━━━━━━━┳━━━━━━━━━━━━━━┳━━━━━━━━━━━━━━━━━━┳━━━━━━━━━━━━━━━━━━━━━━━━┓
┃     Pair ┃ Trades ┃ Avg Profit % ┃ Tot Profit USDT ┃ Tot Profit % ┃     Avg Duration ┃  Win  Draw  Loss  Win% ┃
┡━━━━━━━━━━╇━━━━━━━━╇━━━━━━━━━━━━━━╇━━━━━━━━━━━━━━━━━╇━━━━━━━━━━━━━━╇━━━━━━━━━━━━━━━━━━╇━━━━━━━━━━━━━━━━━━━━━━━━┩
│ ETH/USDT │      1 │         7.49 │           2.696 │          1.8 │ 7 days, 12:00:00 │    1     0     0   100 │
│ XRP/USDT │      1 │         3.58 │           1.289 │         0.86 │   1 day, 4:00:00 │    1     0     0   100 │
│    TOTAL │      2 │         5.53 │           3.984 │         2.66 │  4 days, 8:00:00 │    2     0     0   100 │
└──────────┴────────┴──────────────┴─────────────────┴──────────────┴──────────────────┴────────────────────────┘
                                                  ENTER TAG STATS                                                  
┏━━━━━━━━━━━┳━━━━━━━━━┳━━━━━━━━━━━━━━┳━━━━━━━━━━━━━━━━━┳━━━━━━━━━━━━━━┳━━━━━━━━━━━━━━━━━━┳━━━━━━━━━━━━━━━━━━━━━━━━┓
┃ Enter Tag ┃ Entries ┃ Avg Profit % ┃ Tot Profit USDT ┃ Tot Profit % ┃     Avg Duration ┃  Win  Draw  Loss  Win% ┃
┡━━━━━━━━━━━╇━━━━━━━━━╇━━━━━━━━━━━━━━╇━━━━━━━━━━━━━━━━━╇━━━━━━━━━━━━━━╇━━━━━━━━━━━━━━━━━━╇━━━━━━━━━━━━━━━━━━━━━━━━┩
│     OTHER │       5 │        -0.99 │          -1.971 │        -1.31 │ 4 days, 17:36:00 │    2     0     3  40.0 │
│     TOTAL │       5 │        -0.99 │          -1.971 │        -1.31 │ 4 days, 17:36:00 │    2     0     3  40.0 │
└───────────┴─────────┴──────────────┴─────────────────┴──────────────┴──────────────────┴────────────────────────┘
                                                 EXIT REASON STATS                                                 
┏━━━━━━━━━━━━━┳━━━━━━━┳━━━━━━━━━━━━━━┳━━━━━━━━━━━━━━━━━┳━━━━━━━━━━━━━━┳━━━━━━━━━━━━━━━━━━┳━━━━━━━━━━━━━━━━━━━━━━━━┓
┃ Exit Reason ┃ Exits ┃ Avg Profit % ┃ Tot Profit USDT ┃ Tot Profit % ┃     Avg Duration ┃  Win  Draw  Loss  Win% ┃
┡━━━━━━━━━━━━━╇━━━━━━━╇━━━━━━━━━━━━━━╇━━━━━━━━━━━━━━━━━╇━━━━━━━━━━━━━━╇━━━━━━━━━━━━━━━━━━╇━━━━━━━━━━━━━━━━━━━━━━━━┩
│  force_exit │     2 │         5.53 │           3.984 │         2.66 │  4 days, 8:00:00 │    2     0     0   100 │
│ exit_signal │     3 │        -5.34 │          -5.956 │        -3.97 │  5 days, 0:00:00 │    0     0     3     0 │
│       TOTAL │     5 │        -0.99 │          -1.971 │        -1.31 │ 4 days, 17:36:00 │    2     0     3  40.0 │
└─────────────┴───────┴──────────────┴─────────────────┴──────────────┴──────────────────┴────────────────────────┘
                                                        MIXED TAG STATS                                                         
┏━━━━━━━━━━━┳━━━━━━━━━━━━━┳━━━━━━━━┳━━━━━━━━━━━━━━┳━━━━━━━━━━━━━━━━━┳━━━━━━━━━━━━━━┳━━━━━━━━━━━━━━━━━━┳━━━━━━━━━━━━━━━━━━━━━━━━┓
┃ Enter Tag ┃ Exit Reason ┃ Trades ┃ Avg Profit % ┃ Tot Profit USDT ┃ Tot Profit % ┃     Avg Duration ┃  Win  Draw  Loss  Win% ┃
┡━━━━━━━━━━━╇━━━━━━━━━━━━━╇━━━━━━━━╇━━━━━━━━━━━━━━╇━━━━━━━━━━━━━━━━━╇━━━━━━━━━━━━━━╇━━━━━━━━━━━━━━━━━━╇━━━━━━━━━━━━━━━━━━━━━━━━┩
│           │  force_exit │      2 │         5.53 │           3.984 │         2.66 │  4 days, 8:00:00 │    2     0     0   100 │
│           │ exit_signal │      3 │        -5.34 │          -5.956 │        -3.97 │  5 days, 0:00:00 │    0     0     3     0 │
│     TOTAL │             │      5 │        -0.99 │          -1.971 │        -1.31 │ 4 days, 17:36:00 │    2     0     3  40.0 │
└───────────┴─────────────┴────────┴──────────────┴─────────────────┴──────────────┴──────────────────┴────────────────────────┘
                         SUMMARY METRICS                          
┏━━━━━━━━━━━━━━━━━━━━━━━━━━━━━━━┳━━━━━━━━━━━━━━━━━━━━━━━━━━━━━━━━┓
┃ Metric                        ┃ Value                          ┃
┡━━━━━━━━━━━━━━━━━━━━━━━━━━━━━━━╇━━━━━━━━━━━━━━━━━━━━━━━━━━━━━━━━┩
│ Backtesting from              │ 2025-04-24 00:00:00            │
│ Backtesting to                │ 2026-04-17 00:00:00            │
│ Trading Mode                  │ Spot                           │
│ Max open trades               │ 4                              │
│                               │                                │
│ Total/Daily Avg Trades        │ 5 / 0.01                       │
│ Starting balance              │ 150 USDT                       │
│ Final balance                 │ 148.029 USDT                   │
│ Absolute profit               │ -1.971 USDT                    │
│ Total profit %                │ -1.31%                         │
│ CAGR %                        │ -1.34%                         │
│ Sortino                       │ -0.09                          │
│ Sharpe                        │ -0.05                          │
│ Calmar                        │ -1.77                          │
│ SQN                           │ -0.36                          │
│ Profit factor                 │ 0.67                           │
│ Expectancy (Ratio)            │ -0.39 (-0.20)                  │
│ Avg. daily profit             │ -0.006 USDT                    │
│ Avg. stake amount             │ 36.509 USDT                    │
│ Total trade volume            │ 363.851 USDT                   │
│                               │                                │
│ Best Pair                     │ ETH/USDT 1.80%                 │
│ Worst Pair                    │ ADA/USDT -3.52%                │
│ Best trade                    │ ETH/USDT 7.49%                 │
│ Worst trade                   │ ADA/USDT -9.47%                │
│ Best day                      │ 3.984 USDT                     │
│ Worst day                     │ -3.553 USDT                    │
│ Days win/draw/lose            │ 1 / 37 / 3                     │
│ Min/Max/Avg. Duration Winners │ 1d 04:00 / 7d 12:00 / 4d 08:00 │
│ Min/Max/Avg. Duration Losers  │ 2d 12:00 / 8d 16:00 / 5d 00:00 │
│ Max Consecutive Wins / Loss   │ 2 / 3                          │
│ Rejected Entry signals        │ 0                              │
│ Entry/Exit Timeouts           │ 0 / 0                          │
│                               │                                │
│ Min balance                   │ 144.044 USDT                   │
│ Max balance                   │ 148.029 USDT                   │
│ Max % of account underwater   │ 3.97%                          │
│ Absolute drawdown             │ 5.956 USDT (3.97%)             │
│ Drawdown duration             │ 15 days 16:00:00               │
│ Profit at drawdown start      │ 0 USDT                         │
│ Profit at drawdown end        │ -5.956 USDT                    │
│ Drawdown start                │ 2026-03-08 12:00:00            │
│ Drawdown end                  │ 2026-03-24 04:00:00            │
│ Market change                 │ -27.75%                        │
└───────────────────────────────┴────────────────────────────────┘

Backtested 2025-04-24 00:00:00 -> 2026-04-17 00:00:00 | Max open trades : 4
                                                          STRATEGY SUMMARY                                                           
┏━━━━━━━━━━┳━━━━━━━━┳━━━━━━━━━━━━━━┳━━━━━━━━━━━━━━━━━┳━━━━━━━━━━━━━━┳━━━━━━━━━━━━━━━━━━┳━━━━━━━━━━━━━━━━━━━━━━━━┳━━━━━━━━━━━━━━━━━━━┓
┃ Strategy ┃ Trades ┃ Avg Profit % ┃ Tot Profit USDT ┃ Tot Profit % ┃     Avg Duration ┃  Win  Draw  Loss  Win% ┃          Drawdown ┃
┡━━━━━━━━━━╇━━━━━━━━╇━━━━━━━━━━━━━━╇━━━━━━━━━━━━━━━━━╇━━━━━━━━━━━━━━╇━━━━━━━━━━━━━━━━━━╇━━━━━━━━━━━━━━━━━━━━━━━━╇━━━━━━━━━━━━━━━━━━━┩
│      yty │      5 │        -0.99 │          -1.971 │        -1.31 │ 4 days, 17:36:00 │    2     0     3  40.0 │ 5.956 USDT  3.97% │
└──────────┴────────┴──────────────┴─────────────────┴──────────────┴──────────────────┴────────────────────────┴───────────────────┘