2026-04-25 22:47:07,844 - freqtrade - INFO - freqtrade 2026.3
2026-04-25 22:47:08,902 - freqtrade.configuration.load_config - INFO - Using config: /home/mohs/Desktop/ae/pyside6/user_data/config.json ...
2026-04-25 22:47:08,904 - freqtrade.loggers - INFO - Enabling colorized output.
2026-04-25 22:47:08,905 - freqtrade.loggers - INFO - Logfile configured
2026-04-25 22:47:08,905 - freqtrade.loggers - INFO - Verbosity set to 0
2026-04-25 22:47:08,905 - freqtrade.configuration.configuration - INFO - Using additional Strategy lookup path: 
/home/mohs/Desktop/ae/pyside6/user_data/optimizer/sessions/b8194b7f-3716-497e-8a17-833c28d4e223/trial_149/strategy_dir
2026-04-25 22:47:08,906 - freqtrade.configuration.configuration - WARNING - `force_entry_enable` RPC message enabled.
2026-04-25 22:47:08,906 - freqtrade.configuration.configuration - INFO - Parameter -i/--timeframe detected ... Using timeframe: 4h ...
2026-04-25 22:47:08,906 - freqtrade.configuration.configuration - INFO - Parameter --max-open-trades detected, overriding max_open_trades to: 3 ...
2026-04-25 22:47:08,906 - freqtrade.configuration.configuration - INFO - Parameter --dry-run-wallet detected, overriding dry_run_wallet to: 150.0 ...
2026-04-25 22:47:08,907 - freqtrade.configuration.configuration - INFO - Parameter --timerange detected: 20250422-20260417 ...
2026-04-25 22:47:08,907 - freqtrade.configuration.configuration - INFO - Using user-data directory: /home/mohs/Desktop/ae/pyside6/user_data ...
2026-04-25 22:47:08,907 - freqtrade.configuration.configuration - INFO - Using data directory: /home/mohs/Desktop/ae/pyside6/user_data/data/binance ...
2026-04-25 22:47:08,908 - freqtrade.configuration.configuration - INFO - Parameter --export detected: trades ...
2026-04-25 22:47:08,908 - freqtrade.configuration.configuration - INFO - Parameter --cache=day detected ...
2026-04-25 22:47:08,908 - freqtrade.configuration.configuration - INFO - Using pairs ['XRP/USDT', 'ETH/USDT', 'HOME/USDT']
2026-04-25 22:47:08,908 - freqtrade.configuration.configuration - INFO - Filter trades by timerange: 20250422-20260417
2026-04-25 22:47:08,909 - freqtrade.exchange.check_exchange - INFO - Checking exchange...
2026-04-25 22:47:08,915 - freqtrade.exchange.check_exchange - INFO - Exchange "binance" is officially supported by the Freqtrade development team.
2026-04-25 22:47:08,915 - freqtrade.configuration.config_validation - INFO - Validating configuration ...
2026-04-25 22:47:08,917 - freqtrade.commands.optimize_commands - INFO - Starting freqtrade in Backtesting mode
2026-04-25 22:47:08,917 - freqtrade.exchange.exchange - INFO - Instance is running with dry_run enabled
2026-04-25 22:47:08,918 - freqtrade.exchange.exchange - INFO - Using CCXT 4.5.50
2026-04-25 22:47:08,918 - freqtrade.exchange.exchange - INFO - Applying additional ccxt config: {'enableRateLimit': True, 'timeout': 120000}
2026-04-25 22:47:08,923 - freqtrade.exchange.exchange - INFO - Applying additional ccxt config: {'enableRateLimit': True, 'timeout': 120000}
2026-04-25 22:47:08,929 - freqtrade.exchange.exchange - INFO - Using Exchange "Binance"
2026-04-25 22:47:10,120 - freqtrade.resolvers.exchange_resolver - INFO - Using resolved exchange 'Binance'...
2026-04-25 22:47:10,128 - freqtrade.resolvers.iresolver - INFO - Using resolved strategy yes from 
'/home/mohs/Desktop/ae/pyside6/user_data/optimizer/sessions/b8194b7f-3716-497e-8a17-833c28d4e223/trial_149/strategy_dir/yes.py'...
2026-04-25 22:47:10,128 - freqtrade.strategy.hyper - INFO - Loading parameters from file 
/home/mohs/Desktop/ae/pyside6/user_data/optimizer/sessions/b8194b7f-3716-497e-8a17-833c28d4e223/trial_149/strategy_dir/yes.json
2026-04-25 22:47:10,129 - freqtrade.resolvers.strategy_resolver - INFO - Override strategy 'timeframe' with value from the configuration: 4h.
2026-04-25 22:47:10,129 - freqtrade.resolvers.strategy_resolver - INFO - Override strategy 'stake_currency' with value from the configuration: USDT.
2026-04-25 22:47:10,129 - freqtrade.resolvers.strategy_resolver - INFO - Override strategy 'stake_amount' with value from the configuration: unlimited.
2026-04-25 22:47:10,130 - freqtrade.resolvers.strategy_resolver - INFO - Override strategy 'use_exit_signal' with value from the configuration: True.
2026-04-25 22:47:10,130 - freqtrade.resolvers.strategy_resolver - INFO - Override strategy 'max_open_trades' with value from the configuration: 3.
2026-04-25 22:47:10,130 - freqtrade.resolvers.strategy_resolver - INFO - Strategy using minimal_roi: {'0': 1.393970503083672, '13': 1.063990591666649, '146': 0.04258987340348947, '38': 
0.12929701358412898}
2026-04-25 22:47:10,130 - freqtrade.resolvers.strategy_resolver - INFO - Strategy using timeframe: 4h
2026-04-25 22:47:10,131 - freqtrade.resolvers.strategy_resolver - INFO - Strategy using stoploss: -0.9443965141215916
2026-04-25 22:47:10,131 - freqtrade.resolvers.strategy_resolver - INFO - Strategy using trailing_stop: False
2026-04-25 22:47:10,131 - freqtrade.resolvers.strategy_resolver - INFO - Strategy using trailing_stop_positive: 0.4446511812247088
2026-04-25 22:47:10,131 - freqtrade.resolvers.strategy_resolver - INFO - Strategy using trailing_stop_positive_offset: 0.3098826215795606
2026-04-25 22:47:10,132 - freqtrade.resolvers.strategy_resolver - INFO - Strategy using trailing_only_offset_is_reached: True
2026-04-25 22:47:10,132 - freqtrade.resolvers.strategy_resolver - INFO - Strategy using use_custom_stoploss: False
2026-04-25 22:47:10,132 - freqtrade.resolvers.strategy_resolver - INFO - Strategy using process_only_new_candles: True
2026-04-25 22:47:10,133 - freqtrade.resolvers.strategy_resolver - INFO - Strategy using order_types: {'entry': 'limit', 'exit': 'limit', 'stoploss': 'limit', 'stoploss_on_exchange': False, 
'stoploss_on_exchange_interval': 60}
2026-04-25 22:47:10,133 - freqtrade.resolvers.strategy_resolver - INFO - Strategy using order_time_in_force: {'entry': 'GTC', 'exit': 'GTC'}
2026-04-25 22:47:10,133 - freqtrade.resolvers.strategy_resolver - INFO - Strategy using stake_currency: USDT
2026-04-25 22:47:10,133 - freqtrade.resolvers.strategy_resolver - INFO - Strategy using stake_amount: unlimited
2026-04-25 22:47:10,134 - freqtrade.resolvers.strategy_resolver - INFO - Strategy using startup_candle_count: 0
2026-04-25 22:47:10,134 - freqtrade.resolvers.strategy_resolver - INFO - Strategy using use_exit_signal: True
2026-04-25 22:47:10,134 - freqtrade.resolvers.strategy_resolver - INFO - Strategy using exit_profit_only: False
2026-04-25 22:47:10,134 - freqtrade.resolvers.strategy_resolver - INFO - Strategy using ignore_roi_if_entry_signal: False
2026-04-25 22:47:10,135 - freqtrade.resolvers.strategy_resolver - INFO - Strategy using exit_profit_offset: 0.0
2026-04-25 22:47:10,135 - freqtrade.resolvers.strategy_resolver - INFO - Strategy using disable_dataframe_checks: False
2026-04-25 22:47:10,135 - freqtrade.resolvers.strategy_resolver - INFO - Strategy using ignore_buying_expired_candle_after: 0
2026-04-25 22:47:10,135 - freqtrade.resolvers.strategy_resolver - INFO - Strategy using position_adjustment_enable: False
2026-04-25 22:47:10,136 - freqtrade.resolvers.strategy_resolver - INFO - Strategy using max_entry_position_adjustment: -1
2026-04-25 22:47:10,136 - freqtrade.resolvers.strategy_resolver - INFO - Strategy using max_open_trades: 3
2026-04-25 22:47:10,136 - freqtrade.configuration.config_validation - INFO - Validating configuration ...
2026-04-25 22:47:10,140 - freqtrade.resolvers.iresolver - INFO - Using resolved pairlist StaticPairList from 
'/home/mohs/Desktop/ae/pyside6/.venv/lib/python3.12/site-packages/freqtrade/plugins/pairlist/StaticPairList.py'...
2026-04-25 22:47:10,153 - freqtrade.optimize.backtesting - INFO - Using fee 0.1000% - worst case fee from exchange (lowest tier).
2026-04-25 22:47:10,188 - freqtrade.data.history.datahandlers.idatahandler - WARNING - HOME/USDT, spot, 4h, data starts at 2025-06-12 12:00:00
2026-04-25 22:47:10,196 - freqtrade.optimize.backtesting - INFO - Loading data from 2025-04-22 00:00:00 up to 2026-04-17 00:00:00 (360 days).
2026-04-25 22:47:10,253 - freqtrade.optimize.backtesting - INFO - Dataload complete. Calculating indicators
2026-04-25 22:47:10,263 - freqtrade.optimize.backtesting - INFO - Running backtesting for Strategy yes
2026-04-25 22:47:10,263 - freqtrade.strategy.hyper - INFO - Strategy Parameter: buy_ma_count = 3
2026-04-25 22:47:10,264 - freqtrade.strategy.hyper - INFO - Strategy Parameter: buy_ma_gap = 5
2026-04-25 22:47:10,264 - freqtrade.strategy.hyper - INFO - Strategy Parameter: sell_ma_count = 10
2026-04-25 22:47:10,264 - freqtrade.strategy.hyper - INFO - Strategy Parameter: sell_ma_gap = 47
2026-04-25 22:47:10,273 - freqtrade.optimize.backtesting - INFO - Backtesting with data from 2025-04-22 00:00:00 up to 2026-04-17 00:00:00 (360 days).
2026-04-25 22:47:10,924 - freqtrade.misc - INFO - dumping json to "/home/mohs/Desktop/ae/pyside6/user_data/backtest_results/backtest-result-2026-04-25_22-47-10.meta.json"
Result for strategy yes
                                                BACKTESTING REPORT                                                
┏━━━━━━━━━━━┳━━━━━━━━┳━━━━━━━━━━━━━━┳━━━━━━━━━━━━━━━━━┳━━━━━━━━━━━━━━┳━━━━━━━━━━━━━━━━━━┳━━━━━━━━━━━━━━━━━━━━━━━━┓
┃      Pair ┃ Trades ┃ Avg Profit % ┃ Tot Profit USDT ┃ Tot Profit % ┃     Avg Duration ┃  Win  Draw  Loss  Win% ┃
┡━━━━━━━━━━━╇━━━━━━━━╇━━━━━━━━━━━━━━╇━━━━━━━━━━━━━━━━━╇━━━━━━━━━━━━━━╇━━━━━━━━━━━━━━━━━━╇━━━━━━━━━━━━━━━━━━━━━━━━┩
│ HOME/USDT │     22 │         2.71 │          37.875 │        25.25 │ 2 days, 11:49:00 │   18     0     4  81.8 │
│  ETH/USDT │     24 │         2.06 │          25.999 │        17.33 │  3 days, 3:40:00 │   18     0     6  75.0 │
│  XRP/USDT │     20 │         1.25 │          16.718 │        11.15 │ 3 days, 16:48:00 │   15     0     5  75.0 │
│     TOTAL │     66 │         2.03 │          80.592 │        53.73 │  3 days, 2:22:00 │   51     0    15  77.3 │
└───────────┴────────┴──────────────┴─────────────────┴──────────────┴──────────────────┴────────────────────────┘
                                            LEFT OPEN TRADES REPORT                                             
┏━━━━━━━━━━┳━━━━━━━━┳━━━━━━━━━━━━━━┳━━━━━━━━━━━━━━━━━┳━━━━━━━━━━━━━━┳━━━━━━━━━━━━━━━━━┳━━━━━━━━━━━━━━━━━━━━━━━━┓
┃     Pair ┃ Trades ┃ Avg Profit % ┃ Tot Profit USDT ┃ Tot Profit % ┃    Avg Duration ┃  Win  Draw  Loss  Win% ┃
┡━━━━━━━━━━╇━━━━━━━━╇━━━━━━━━━━━━━━╇━━━━━━━━━━━━━━━━━╇━━━━━━━━━━━━━━╇━━━━━━━━━━━━━━━━━╇━━━━━━━━━━━━━━━━━━━━━━━━┩
│ XRP/USDT │      1 │         3.11 │           2.376 │         1.58 │        20:00:00 │    1     0     0   100 │
│ ETH/USDT │      1 │         -1.1 │          -0.838 │        -0.56 │ 3 days, 0:00:00 │    0     0     1     0 │
│    TOTAL │      2 │         1.01 │           1.538 │         1.03 │ 1 day, 22:00:00 │    1     0     1  50.0 │
└──────────┴────────┴──────────────┴─────────────────┴──────────────┴─────────────────┴────────────────────────┘
                                                 ENTER TAG STATS                                                  
┏━━━━━━━━━━━┳━━━━━━━━━┳━━━━━━━━━━━━━━┳━━━━━━━━━━━━━━━━━┳━━━━━━━━━━━━━━┳━━━━━━━━━━━━━━━━━┳━━━━━━━━━━━━━━━━━━━━━━━━┓
┃ Enter Tag ┃ Entries ┃ Avg Profit % ┃ Tot Profit USDT ┃ Tot Profit % ┃    Avg Duration ┃  Win  Draw  Loss  Win% ┃
┡━━━━━━━━━━━╇━━━━━━━━━╇━━━━━━━━━━━━━━╇━━━━━━━━━━━━━━━━━╇━━━━━━━━━━━━━━╇━━━━━━━━━━━━━━━━━╇━━━━━━━━━━━━━━━━━━━━━━━━┩
│     OTHER │      66 │         2.03 │          80.592 │        53.73 │ 3 days, 2:22:00 │   51     0    15  77.3 │
│     TOTAL │      66 │         2.03 │          80.592 │        53.73 │ 3 days, 2:22:00 │   51     0    15  77.3 │
└───────────┴─────────┴──────────────┴─────────────────┴──────────────┴─────────────────┴────────────────────────┘
                                                EXIT REASON STATS                                                 
┏━━━━━━━━━━━━━┳━━━━━━━┳━━━━━━━━━━━━━━┳━━━━━━━━━━━━━━━━━┳━━━━━━━━━━━━━━┳━━━━━━━━━━━━━━━━━┳━━━━━━━━━━━━━━━━━━━━━━━━┓
┃ Exit Reason ┃ Exits ┃ Avg Profit % ┃ Tot Profit USDT ┃ Tot Profit % ┃    Avg Duration ┃  Win  Draw  Loss  Win% ┃
┡━━━━━━━━━━━━━╇━━━━━━━╇━━━━━━━━━━━━━━╇━━━━━━━━━━━━━━━━━╇━━━━━━━━━━━━━━╇━━━━━━━━━━━━━━━━━╇━━━━━━━━━━━━━━━━━━━━━━━━┩
│         roi │    49 │         4.26 │         130.714 │        87.14 │ 2 days, 3:36:00 │   49     0     0   100 │
│  force_exit │     2 │         1.01 │           1.538 │         1.03 │ 1 day, 22:00:00 │    1     0     1  50.0 │
│ exit_signal │    15 │        -5.11 │         -51.660 │       -34.44 │ 6 days, 8:32:00 │    1     0    14   6.7 │
│       TOTAL │    66 │         2.03 │          80.592 │        53.73 │ 3 days, 2:22:00 │   51     0    15  77.3 │
└─────────────┴───────┴──────────────┴─────────────────┴──────────────┴─────────────────┴────────────────────────┘
                                                        MIXED TAG STATS                                                        
┏━━━━━━━━━━━┳━━━━━━━━━━━━━┳━━━━━━━━┳━━━━━━━━━━━━━━┳━━━━━━━━━━━━━━━━━┳━━━━━━━━━━━━━━┳━━━━━━━━━━━━━━━━━┳━━━━━━━━━━━━━━━━━━━━━━━━┓
┃ Enter Tag ┃ Exit Reason ┃ Trades ┃ Avg Profit % ┃ Tot Profit USDT ┃ Tot Profit % ┃    Avg Duration ┃  Win  Draw  Loss  Win% ┃
┡━━━━━━━━━━━╇━━━━━━━━━━━━━╇━━━━━━━━╇━━━━━━━━━━━━━━╇━━━━━━━━━━━━━━━━━╇━━━━━━━━━━━━━━╇━━━━━━━━━━━━━━━━━╇━━━━━━━━━━━━━━━━━━━━━━━━┩
│           │         roi │     49 │         4.26 │         130.714 │        87.14 │ 2 days, 3:36:00 │   49     0     0   100 │
│           │  force_exit │      2 │         1.01 │           1.538 │         1.03 │ 1 day, 22:00:00 │    1     0     1  50.0 │
│           │ exit_signal │     15 │        -5.11 │         -51.660 │       -34.44 │ 6 days, 8:32:00 │    1     0    14   6.7 │
│     TOTAL │             │     66 │         2.03 │          80.592 │        53.73 │ 3 days, 2:22:00 │   51     0    15  77.3 │
└───────────┴─────────────┴────────┴──────────────┴─────────────────┴──────────────┴─────────────────┴────────────────────────┘
                          SUMMARY METRICS                          
┏━━━━━━━━━━━━━━━━━━━━━━━━━━━━━━━┳━━━━━━━━━━━━━━━━━━━━━━━━━━━━━━━━━┓
┃ Metric                        ┃ Value                           ┃
┡━━━━━━━━━━━━━━━━━━━━━━━━━━━━━━━╇━━━━━━━━━━━━━━━━━━━━━━━━━━━━━━━━━┩
│ Backtesting from              │ 2025-04-22 00:00:00             │
│ Backtesting to                │ 2026-04-17 00:00:00             │
│ Trading Mode                  │ Spot                            │
│ Max open trades               │ 3                               │
│                               │                                 │
│ Total/Daily Avg Trades        │ 66 / 0.18                       │
│ Starting balance              │ 150 USDT                        │
│ Final balance                 │ 230.592 USDT                    │
│ Absolute profit               │ 80.592 USDT                     │
│ Total profit %                │ 53.73%                          │
│ CAGR %                        │ 54.65%                          │
│ Sortino                       │ 1.64                            │
│ Sharpe                        │ 1.47                            │
│ Calmar                        │ 34.39                           │
│ SQN                           │ 3.39                            │
│ Profit factor                 │ 2.51                            │
│ Expectancy (Ratio)            │ 1.22 (0.34)                     │
│ Avg. daily profit             │ 0.224 USDT                      │
│ Avg. stake amount             │ 64.613 USDT                     │
│ Total trade volume            │ 8626.802 USDT                   │
│                               │                                 │
│ Best Pair                     │ HOME/USDT 25.25%                │
│ Worst Pair                    │ XRP/USDT 11.15%                 │
│ Best trade                    │ HOME/USDT 4.27%                 │
│ Worst trade                   │ XRP/USDT -18.32%                │
│ Best day                      │ 9.707 USDT                      │
│ Worst day                     │ -10.081 USDT                    │
│ Days win/draw/lose            │ 35 / 298 / 12                   │
│ Min/Max/Avg. Duration Winners │ 0d 04:00 / 17d 00:00 / 2d 02:49 │
│ Min/Max/Avg. Duration Losers  │ 1d 04:00 / 32d 04:00 / 6d 10:24 │
│ Max Consecutive Wins / Loss   │ 26 / 3                          │
│ Rejected Entry signals        │ 0                               │
│ Entry/Exit Timeouts           │ 0 / 0                           │
│                               │                                 │
│ Min balance                   │ 151.67 USDT                     │
│ Max balance                   │ 238.795 USDT                    │
│ Max % of account underwater   │ 8.29%                           │
│ Absolute drawdown             │ 13.71 USDT (8.29%)              │
│ Drawdown duration             │ 38 days 20:00:00                │
│ Profit at drawdown start      │ 15.381 USDT                     │
│ Profit at drawdown end        │ 1.67 USDT                       │
│ Drawdown start                │ 2025-05-10 16:00:00             │
│ Drawdown end                  │ 2025-06-18 12:00:00             │
│ Market change                 │ -9.22%                          │
└───────────────────────────────┴─────────────────────────────────┘

Backtested 2025-04-22 00:00:00 -> 2026-04-17 00:00:00 | Max open trades : 3
                                                          STRATEGY SUMMARY                                                          
┏━━━━━━━━━━┳━━━━━━━━┳━━━━━━━━━━━━━━┳━━━━━━━━━━━━━━━━━┳━━━━━━━━━━━━━━┳━━━━━━━━━━━━━━━━━┳━━━━━━━━━━━━━━━━━━━━━━━━┳━━━━━━━━━━━━━━━━━━━┓
┃ Strategy ┃ Trades ┃ Avg Profit % ┃ Tot Profit USDT ┃ Tot Profit % ┃    Avg Duration ┃  Win  Draw  Loss  Win% ┃          Drawdown ┃
┡━━━━━━━━━━╇━━━━━━━━╇━━━━━━━━━━━━━━╇━━━━━━━━━━━━━━━━━╇━━━━━━━━━━━━━━╇━━━━━━━━━━━━━━━━━╇━━━━━━━━━━━━━━━━━━━━━━━━╇━━━━━━━━━━━━━━━━━━━┩
│      yes │     66 │         2.03 │          80.592 │        53.73 │ 3 days, 2:22:00 │   51     0    15  77.3 │ 13.71 USDT  8.29% │
└──────────┴────────┴──────────────┴─────────────────┴──────────────┴─────────────────┴────────────────────────┴───────────────────┘