2026-04-25 22:40:38,428 - freqtrade - INFO - freqtrade 2026.3
2026-04-25 22:40:39,471 - freqtrade.configuration.load_config - INFO - Using config: /home/mohs/Desktop/ae/pyside6/user_data/config.json ...
2026-04-25 22:40:39,473 - freqtrade.loggers - INFO - Enabling colorized output.
2026-04-25 22:40:39,473 - freqtrade.loggers - INFO - Logfile configured
2026-04-25 22:40:39,473 - freqtrade.loggers - INFO - Verbosity set to 0
2026-04-25 22:40:39,474 - freqtrade.configuration.configuration - INFO - Using additional Strategy lookup path: 
/home/mohs/Desktop/ae/pyside6/user_data/optimizer/sessions/b8194b7f-3716-497e-8a17-833c28d4e223/trial_043/strategy_dir
2026-04-25 22:40:39,474 - freqtrade.configuration.configuration - WARNING - `force_entry_enable` RPC message enabled.
2026-04-25 22:40:39,474 - freqtrade.configuration.configuration - INFO - Parameter -i/--timeframe detected ... Using timeframe: 4h ...
2026-04-25 22:40:39,475 - freqtrade.configuration.configuration - INFO - Parameter --max-open-trades detected, overriding max_open_trades to: 3 ...
2026-04-25 22:40:39,475 - freqtrade.configuration.configuration - INFO - Parameter --dry-run-wallet detected, overriding dry_run_wallet to: 150.0 ...
2026-04-25 22:40:39,475 - freqtrade.configuration.configuration - INFO - Parameter --timerange detected: 20250422-20260417 ...
2026-04-25 22:40:39,475 - freqtrade.configuration.configuration - INFO - Using user-data directory: /home/mohs/Desktop/ae/pyside6/user_data ...
2026-04-25 22:40:39,476 - freqtrade.configuration.configuration - INFO - Using data directory: /home/mohs/Desktop/ae/pyside6/user_data/data/binance ...
2026-04-25 22:40:39,476 - freqtrade.configuration.configuration - INFO - Parameter --export detected: trades ...
2026-04-25 22:40:39,476 - freqtrade.configuration.configuration - INFO - Parameter --cache=day detected ...
2026-04-25 22:40:39,477 - freqtrade.configuration.configuration - INFO - Using pairs ['XRP/USDT', 'ETH/USDT', 'HOME/USDT']
2026-04-25 22:40:39,477 - freqtrade.configuration.configuration - INFO - Filter trades by timerange: 20250422-20260417
2026-04-25 22:40:39,478 - freqtrade.exchange.check_exchange - INFO - Checking exchange...
2026-04-25 22:40:39,484 - freqtrade.exchange.check_exchange - INFO - Exchange "binance" is officially supported by the Freqtrade development team.
2026-04-25 22:40:39,484 - freqtrade.configuration.config_validation - INFO - Validating configuration ...
2026-04-25 22:40:39,486 - freqtrade.commands.optimize_commands - INFO - Starting freqtrade in Backtesting mode
2026-04-25 22:40:39,486 - freqtrade.exchange.exchange - INFO - Instance is running with dry_run enabled
2026-04-25 22:40:39,487 - freqtrade.exchange.exchange - INFO - Using CCXT 4.5.50
2026-04-25 22:40:39,487 - freqtrade.exchange.exchange - INFO - Applying additional ccxt config: {'enableRateLimit': True, 'timeout': 120000}
2026-04-25 22:40:39,492 - freqtrade.exchange.exchange - INFO - Applying additional ccxt config: {'enableRateLimit': True, 'timeout': 120000}
2026-04-25 22:40:39,498 - freqtrade.exchange.exchange - INFO - Using Exchange "Binance"
2026-04-25 22:40:40,650 - freqtrade.resolvers.exchange_resolver - INFO - Using resolved exchange 'Binance'...
2026-04-25 22:40:40,658 - freqtrade.resolvers.iresolver - INFO - Using resolved strategy yes from 
'/home/mohs/Desktop/ae/pyside6/user_data/optimizer/sessions/b8194b7f-3716-497e-8a17-833c28d4e223/trial_043/strategy_dir/yes.py'...
2026-04-25 22:40:40,658 - freqtrade.strategy.hyper - INFO - Loading parameters from file 
/home/mohs/Desktop/ae/pyside6/user_data/optimizer/sessions/b8194b7f-3716-497e-8a17-833c28d4e223/trial_043/strategy_dir/yes.json
2026-04-25 22:40:40,659 - freqtrade.resolvers.strategy_resolver - INFO - Override strategy 'timeframe' with value from the configuration: 4h.
2026-04-25 22:40:40,659 - freqtrade.resolvers.strategy_resolver - INFO - Override strategy 'stake_currency' with value from the configuration: USDT.
2026-04-25 22:40:40,659 - freqtrade.resolvers.strategy_resolver - INFO - Override strategy 'stake_amount' with value from the configuration: unlimited.
2026-04-25 22:40:40,660 - freqtrade.resolvers.strategy_resolver - INFO - Override strategy 'use_exit_signal' with value from the configuration: True.
2026-04-25 22:40:40,660 - freqtrade.resolvers.strategy_resolver - INFO - Override strategy 'max_open_trades' with value from the configuration: 3.
2026-04-25 22:40:40,660 - freqtrade.resolvers.strategy_resolver - INFO - Strategy using minimal_roi: {'0': 2.0259126643489695, '13': 0.29335804090145023, '146': 0.08823713776529335, '38': 
0.5638913531413023}
2026-04-25 22:40:40,661 - freqtrade.resolvers.strategy_resolver - INFO - Strategy using timeframe: 4h
2026-04-25 22:40:40,661 - freqtrade.resolvers.strategy_resolver - INFO - Strategy using stoploss: -0.5755252067650457
2026-04-25 22:40:40,661 - freqtrade.resolvers.strategy_resolver - INFO - Strategy using trailing_stop: False
2026-04-25 22:40:40,661 - freqtrade.resolvers.strategy_resolver - INFO - Strategy using trailing_stop_positive: 0.3625823232778784
2026-04-25 22:40:40,662 - freqtrade.resolvers.strategy_resolver - INFO - Strategy using trailing_stop_positive_offset: 0.10474552888667372
2026-04-25 22:40:40,662 - freqtrade.resolvers.strategy_resolver - INFO - Strategy using trailing_only_offset_is_reached: False
2026-04-25 22:40:40,662 - freqtrade.resolvers.strategy_resolver - INFO - Strategy using use_custom_stoploss: False
2026-04-25 22:40:40,662 - freqtrade.resolvers.strategy_resolver - INFO - Strategy using process_only_new_candles: True
2026-04-25 22:40:40,663 - freqtrade.resolvers.strategy_resolver - INFO - Strategy using order_types: {'entry': 'limit', 'exit': 'limit', 'stoploss': 'limit', 'stoploss_on_exchange': False, 
'stoploss_on_exchange_interval': 60}
2026-04-25 22:40:40,663 - freqtrade.resolvers.strategy_resolver - INFO - Strategy using order_time_in_force: {'entry': 'GTC', 'exit': 'GTC'}
2026-04-25 22:40:40,663 - freqtrade.resolvers.strategy_resolver - INFO - Strategy using stake_currency: USDT
2026-04-25 22:40:40,664 - freqtrade.resolvers.strategy_resolver - INFO - Strategy using stake_amount: unlimited
2026-04-25 22:40:40,664 - freqtrade.resolvers.strategy_resolver - INFO - Strategy using startup_candle_count: 0
2026-04-25 22:40:40,664 - freqtrade.resolvers.strategy_resolver - INFO - Strategy using use_exit_signal: True
2026-04-25 22:40:40,664 - freqtrade.resolvers.strategy_resolver - INFO - Strategy using exit_profit_only: False
2026-04-25 22:40:40,665 - freqtrade.resolvers.strategy_resolver - INFO - Strategy using ignore_roi_if_entry_signal: False
2026-04-25 22:40:40,665 - freqtrade.resolvers.strategy_resolver - INFO - Strategy using exit_profit_offset: 0.0
2026-04-25 22:40:40,665 - freqtrade.resolvers.strategy_resolver - INFO - Strategy using disable_dataframe_checks: False
2026-04-25 22:40:40,665 - freqtrade.resolvers.strategy_resolver - INFO - Strategy using ignore_buying_expired_candle_after: 0
2026-04-25 22:40:40,666 - freqtrade.resolvers.strategy_resolver - INFO - Strategy using position_adjustment_enable: False
2026-04-25 22:40:40,666 - freqtrade.resolvers.strategy_resolver - INFO - Strategy using max_entry_position_adjustment: -1
2026-04-25 22:40:40,666 - freqtrade.resolvers.strategy_resolver - INFO - Strategy using max_open_trades: 3
2026-04-25 22:40:40,667 - freqtrade.configuration.config_validation - INFO - Validating configuration ...
2026-04-25 22:40:40,671 - freqtrade.resolvers.iresolver - INFO - Using resolved pairlist StaticPairList from 
'/home/mohs/Desktop/ae/pyside6/.venv/lib/python3.12/site-packages/freqtrade/plugins/pairlist/StaticPairList.py'...
2026-04-25 22:40:40,682 - freqtrade.optimize.backtesting - INFO - Using fee 0.1000% - worst case fee from exchange (lowest tier).
2026-04-25 22:40:40,719 - freqtrade.data.history.datahandlers.idatahandler - WARNING - HOME/USDT, spot, 4h, data starts at 2025-06-12 12:00:00
2026-04-25 22:40:40,727 - freqtrade.optimize.backtesting - INFO - Loading data from 2025-04-22 00:00:00 up to 2026-04-17 00:00:00 (360 days).
2026-04-25 22:40:40,784 - freqtrade.optimize.backtesting - INFO - Dataload complete. Calculating indicators
2026-04-25 22:40:40,792 - freqtrade.optimize.backtesting - INFO - Running backtesting for Strategy yes
2026-04-25 22:40:40,793 - freqtrade.strategy.hyper - INFO - Strategy Parameter: buy_ma_count = 10
2026-04-25 22:40:40,793 - freqtrade.strategy.hyper - INFO - Strategy Parameter: buy_ma_gap = 17
2026-04-25 22:40:40,793 - freqtrade.strategy.hyper - INFO - Strategy Parameter: sell_ma_count = 9
2026-04-25 22:40:40,793 - freqtrade.strategy.hyper - INFO - Strategy Parameter: sell_ma_gap = 46
2026-04-25 22:40:40,803 - freqtrade.optimize.backtesting - INFO - Backtesting with data from 2025-04-22 00:00:00 up to 2026-04-17 00:00:00 (360 days).
2026-04-25 22:40:41,297 - freqtrade.misc - INFO - dumping json to "/home/mohs/Desktop/ae/pyside6/user_data/backtest_results/backtest-result-2026-04-25_22-40-41.meta.json"
Result for strategy yes
                                                BACKTESTING REPORT                                                
┏━━━━━━━━━━━┳━━━━━━━━┳━━━━━━━━━━━━━━┳━━━━━━━━━━━━━━━━━┳━━━━━━━━━━━━━━┳━━━━━━━━━━━━━━━━━━┳━━━━━━━━━━━━━━━━━━━━━━━━┓
┃      Pair ┃ Trades ┃ Avg Profit % ┃ Tot Profit USDT ┃ Tot Profit % ┃     Avg Duration ┃  Win  Draw  Loss  Win% ┃
┡━━━━━━━━━━━╇━━━━━━━━╇━━━━━━━━━━━━━━╇━━━━━━━━━━━━━━━━━╇━━━━━━━━━━━━━━╇━━━━━━━━━━━━━━━━━━╇━━━━━━━━━━━━━━━━━━━━━━━━┩
│  XRP/USDT │      8 │         3.16 │          12.881 │         8.59 │ 2 days, 21:30:00 │    5     0     3  62.5 │
│ HOME/USDT │      1 │         8.81 │           4.719 │         3.15 │  6 days, 8:00:00 │    1     0     0   100 │
│  ETH/USDT │      7 │        -1.53 │          -6.120 │        -4.08 │ 3 days, 20:34:00 │    2     0     5  28.6 │
│     TOTAL │     16 │         1.46 │          11.481 │         7.65 │ 3 days, 12:45:00 │    8     0     8  50.0 │
└───────────┴────────┴──────────────┴─────────────────┴──────────────┴──────────────────┴────────────────────────┘
                                             LEFT OPEN TRADES REPORT                                             
┏━━━━━━━━━━┳━━━━━━━━┳━━━━━━━━━━━━━━┳━━━━━━━━━━━━━━━━━┳━━━━━━━━━━━━━━┳━━━━━━━━━━━━━━━━━━┳━━━━━━━━━━━━━━━━━━━━━━━━┓
┃     Pair ┃ Trades ┃ Avg Profit % ┃ Tot Profit USDT ┃ Tot Profit % ┃     Avg Duration ┃  Win  Draw  Loss  Win% ┃
┡━━━━━━━━━━╇━━━━━━━━╇━━━━━━━━━━━━━━╇━━━━━━━━━━━━━━━━━╇━━━━━━━━━━━━━━╇━━━━━━━━━━━━━━━━━━╇━━━━━━━━━━━━━━━━━━━━━━━━┩
│ XRP/USDT │      1 │         3.15 │           1.672 │         1.11 │         16:00:00 │    1     0     0   100 │
│ ETH/USDT │      1 │         1.19 │           0.631 │         0.42 │  5 days, 4:00:00 │    1     0     0   100 │
│    TOTAL │      2 │         2.17 │           2.302 │         1.53 │ 2 days, 22:00:00 │    2     0     0   100 │
└──────────┴────────┴──────────────┴─────────────────┴──────────────┴──────────────────┴────────────────────────┘
                                                  ENTER TAG STATS                                                  
┏━━━━━━━━━━━┳━━━━━━━━━┳━━━━━━━━━━━━━━┳━━━━━━━━━━━━━━━━━┳━━━━━━━━━━━━━━┳━━━━━━━━━━━━━━━━━━┳━━━━━━━━━━━━━━━━━━━━━━━━┓
┃ Enter Tag ┃ Entries ┃ Avg Profit % ┃ Tot Profit USDT ┃ Tot Profit % ┃     Avg Duration ┃  Win  Draw  Loss  Win% ┃
┡━━━━━━━━━━━╇━━━━━━━━━╇━━━━━━━━━━━━━━╇━━━━━━━━━━━━━━━━━╇━━━━━━━━━━━━━━╇━━━━━━━━━━━━━━━━━━╇━━━━━━━━━━━━━━━━━━━━━━━━┩
│     OTHER │      16 │         1.46 │          11.481 │         7.65 │ 3 days, 12:45:00 │    8     0     8  50.0 │
│     TOTAL │      16 │         1.46 │          11.481 │         7.65 │ 3 days, 12:45:00 │    8     0     8  50.0 │
└───────────┴─────────┴──────────────┴─────────────────┴──────────────┴──────────────────┴────────────────────────┘
                                                 EXIT REASON STATS                                                 
┏━━━━━━━━━━━━━┳━━━━━━━┳━━━━━━━━━━━━━━┳━━━━━━━━━━━━━━━━━┳━━━━━━━━━━━━━━┳━━━━━━━━━━━━━━━━━━┳━━━━━━━━━━━━━━━━━━━━━━━━┓
┃ Exit Reason ┃ Exits ┃ Avg Profit % ┃ Tot Profit USDT ┃ Tot Profit % ┃     Avg Duration ┃  Win  Draw  Loss  Win% ┃
┡━━━━━━━━━━━━━╇━━━━━━━╇━━━━━━━━━━━━━━╇━━━━━━━━━━━━━━━━━╇━━━━━━━━━━━━━━╇━━━━━━━━━━━━━━━━━━╇━━━━━━━━━━━━━━━━━━━━━━━━┩
│         roi │     6 │         8.82 │          27.542 │        18.36 │ 3 days, 10:40:00 │    6     0     0   100 │
│  force_exit │     2 │         2.17 │           2.302 │         1.53 │ 2 days, 22:00:00 │    2     0     0   100 │
│ exit_signal │     8 │        -4.23 │         -18.363 │       -12.24 │ 3 days, 18:00:00 │    0     0     8     0 │
│       TOTAL │    16 │         1.46 │          11.481 │         7.65 │ 3 days, 12:45:00 │    8     0     8  50.0 │
└─────────────┴───────┴──────────────┴─────────────────┴──────────────┴──────────────────┴────────────────────────┘
                                                        MIXED TAG STATS                                                         
┏━━━━━━━━━━━┳━━━━━━━━━━━━━┳━━━━━━━━┳━━━━━━━━━━━━━━┳━━━━━━━━━━━━━━━━━┳━━━━━━━━━━━━━━┳━━━━━━━━━━━━━━━━━━┳━━━━━━━━━━━━━━━━━━━━━━━━┓
┃ Enter Tag ┃ Exit Reason ┃ Trades ┃ Avg Profit % ┃ Tot Profit USDT ┃ Tot Profit % ┃     Avg Duration ┃  Win  Draw  Loss  Win% ┃
┡━━━━━━━━━━━╇━━━━━━━━━━━━━╇━━━━━━━━╇━━━━━━━━━━━━━━╇━━━━━━━━━━━━━━━━━╇━━━━━━━━━━━━━━╇━━━━━━━━━━━━━━━━━━╇━━━━━━━━━━━━━━━━━━━━━━━━┩
│           │         roi │      6 │         8.82 │          27.542 │        18.36 │ 3 days, 10:40:00 │    6     0     0   100 │
│           │  force_exit │      2 │         2.17 │           2.302 │         1.53 │ 2 days, 22:00:00 │    2     0     0   100 │
│           │ exit_signal │      8 │        -4.23 │         -18.363 │       -12.24 │ 3 days, 18:00:00 │    0     0     8     0 │
│     TOTAL │             │     16 │         1.46 │          11.481 │         7.65 │ 3 days, 12:45:00 │    8     0     8  50.0 │
└───────────┴─────────────┴────────┴──────────────┴─────────────────┴──────────────┴──────────────────┴────────────────────────┘
                         SUMMARY METRICS                          
┏━━━━━━━━━━━━━━━━━━━━━━━━━━━━━━━┳━━━━━━━━━━━━━━━━━━━━━━━━━━━━━━━━┓
┃ Metric                        ┃ Value                          ┃
┡━━━━━━━━━━━━━━━━━━━━━━━━━━━━━━━╇━━━━━━━━━━━━━━━━━━━━━━━━━━━━━━━━┩
│ Backtesting from              │ 2025-04-22 00:00:00            │
│ Backtesting to                │ 2026-04-17 00:00:00            │
│ Trading Mode                  │ Spot                           │
│ Max open trades               │ 3                              │
│                               │                                │
│ Total/Daily Avg Trades        │ 16 / 0.04                      │
│ Starting balance              │ 150 USDT                       │
│ Final balance                 │ 161.481 USDT                   │
│ Absolute profit               │ 11.481 USDT                    │
│ Total profit %                │ 7.65%                          │
│ CAGR %                        │ 7.76%                          │
│ Sortino                       │ 0.49                           │
│ Sharpe                        │ 0.18                           │
│ Calmar                        │ 10.56                          │
│ SQN                           │ 0.84                           │
│ Profit factor                 │ 1.63                           │
│ Expectancy (Ratio)            │ 0.72 (0.31)                    │
│ Avg. daily profit             │ 0.032 USDT                     │
│ Avg. stake amount             │ 52.982 USDT                    │
│ Total trade volume            │ 1710.328 USDT                  │
│                               │                                │
│ Best Pair                     │ XRP/USDT 8.59%                 │
│ Worst Pair                    │ ETH/USDT -4.08%                │
│ Best trade                    │ XRP/USDT 8.83%                 │
│ Worst trade                   │ XRP/USDT -7.23%                │
│ Best day                      │ 4.729 USDT                     │
│ Worst day                     │ -4.402 USDT                    │
│ Days win/draw/lose            │ 7 / 261 / 7                    │
│ Min/Max/Avg. Duration Winners │ 0d 04:00 / 6d 08:00 / 3d 07:30 │
│ Min/Max/Avg. Duration Losers  │ 1d 04:00 / 6d 00:00 / 3d 18:00 │
│ Max Consecutive Wins / Loss   │ 2 / 2                          │
│ Rejected Entry signals        │ 0                              │
│ Entry/Exit Timeouts           │ 0 / 0                          │
│                               │                                │
│ Min balance                   │ 154.396 USDT                   │
│ Max balance                   │ 165.548 USDT                   │
│ Max % of account underwater   │ 3.85%                          │
│ Absolute drawdown             │ 6.369 USDT (3.85%)             │
│ Drawdown duration             │ 67 days 12:00:00               │
│ Profit at drawdown start      │ 15.548 USDT                    │
│ Profit at drawdown end        │ 9.178 USDT                     │
│ Drawdown start                │ 2026-01-11 12:00:00            │
│ Drawdown end                  │ 2026-03-20 00:00:00            │
│ Market change                 │ -9.22%                         │
└───────────────────────────────┴────────────────────────────────┘

Backtested 2025-04-22 00:00:00 -> 2026-04-17 00:00:00 | Max open trades : 3
                                                          STRATEGY SUMMARY                                                           
┏━━━━━━━━━━┳━━━━━━━━┳━━━━━━━━━━━━━━┳━━━━━━━━━━━━━━━━━┳━━━━━━━━━━━━━━┳━━━━━━━━━━━━━━━━━━┳━━━━━━━━━━━━━━━━━━━━━━━━┳━━━━━━━━━━━━━━━━━━━┓
┃ Strategy ┃ Trades ┃ Avg Profit % ┃ Tot Profit USDT ┃ Tot Profit % ┃     Avg Duration ┃  Win  Draw  Loss  Win% ┃          Drawdown ┃
┡━━━━━━━━━━╇━━━━━━━━╇━━━━━━━━━━━━━━╇━━━━━━━━━━━━━━━━━╇━━━━━━━━━━━━━━╇━━━━━━━━━━━━━━━━━━╇━━━━━━━━━━━━━━━━━━━━━━━━╇━━━━━━━━━━━━━━━━━━━┩
│      yes │     16 │         1.46 │          11.481 │         7.65 │ 3 days, 12:45:00 │    8     0     8  50.0 │ 6.369 USDT  3.85% │
└──────────┴────────┴──────────────┴─────────────────┴──────────────┴──────────────────┴────────────────────────┴───────────────────┘