2026-04-25 05:57:31,794 - freqtrade - INFO - freqtrade 2026.3
2026-04-25 05:57:32,896 - freqtrade.configuration.load_config - INFO - Using config: /home/mohs/Desktop/ae/pyside6/user_data/config.json ...
2026-04-25 05:57:32,898 - freqtrade.loggers - INFO - Enabling colorized output.
2026-04-25 05:57:32,899 - freqtrade.loggers - INFO - Logfile configured
2026-04-25 05:57:32,899 - freqtrade.loggers - INFO - Verbosity set to 0
2026-04-25 05:57:32,899 - freqtrade.configuration.configuration - INFO - Using additional Strategy lookup path: 
/home/mohs/Desktop/ae/pyside6/user_data/optimizer/sessions/44bce8eb-b32e-4f38-af4c-e15391f7fc1b/trial_001/strategy_dir
2026-04-25 05:57:32,900 - freqtrade.configuration.configuration - WARNING - `force_entry_enable` RPC message enabled.
2026-04-25 05:57:32,900 - freqtrade.configuration.configuration - INFO - Parameter -i/--timeframe detected ... Using timeframe: 4h ...
2026-04-25 05:57:32,900 - freqtrade.configuration.configuration - INFO - Parameter --max-open-trades detected, overriding max_open_trades to: 2 ...
2026-04-25 05:57:32,900 - freqtrade.configuration.configuration - INFO - Parameter --dry-run-wallet detected, overriding dry_run_wallet to: 80.0 ...
2026-04-25 05:57:32,901 - freqtrade.configuration.configuration - INFO - Parameter --timerange detected: 20250422-20260417 ...
2026-04-25 05:57:32,901 - freqtrade.configuration.configuration - INFO - Using user-data directory: /home/mohs/Desktop/ae/pyside6/user_data ...
2026-04-25 05:57:32,901 - freqtrade.configuration.configuration - INFO - Using data directory: /home/mohs/Desktop/ae/pyside6/user_data/data/binance ...
2026-04-25 05:57:32,902 - freqtrade.configuration.configuration - INFO - Parameter --export detected: trades ...
2026-04-25 05:57:32,902 - freqtrade.configuration.configuration - INFO - Parameter --cache=day detected ...
2026-04-25 05:57:32,902 - freqtrade.configuration.configuration - INFO - Using pairs ['ADA/USDT', 'ETH/USDT']
2026-04-25 05:57:32,902 - freqtrade.configuration.configuration - INFO - Filter trades by timerange: 20250422-20260417
2026-04-25 05:57:32,903 - freqtrade.exchange.check_exchange - INFO - Checking exchange...
2026-04-25 05:57:32,909 - freqtrade.exchange.check_exchange - INFO - Exchange "binance" is officially supported by the Freqtrade development team.
2026-04-25 05:57:32,909 - freqtrade.configuration.config_validation - INFO - Validating configuration ...
2026-04-25 05:57:32,911 - freqtrade.commands.optimize_commands - INFO - Starting freqtrade in Backtesting mode
2026-04-25 05:57:32,912 - freqtrade.exchange.exchange - INFO - Instance is running with dry_run enabled
2026-04-25 05:57:32,912 - freqtrade.exchange.exchange - INFO - Using CCXT 4.5.50
2026-04-25 05:57:32,912 - freqtrade.exchange.exchange - INFO - Applying additional ccxt config: {'enableRateLimit': True, 'timeout': 120000}
2026-04-25 05:57:32,918 - freqtrade.exchange.exchange - INFO - Applying additional ccxt config: {'enableRateLimit': True, 'timeout': 120000}
2026-04-25 05:57:32,924 - freqtrade.exchange.exchange - INFO - Using Exchange "Binance"