2026-04-25 20:15:35,936 - freqtrade - INFO - freqtrade 2026.3
2026-04-25 20:15:36,981 - freqtrade.configuration.load_config - INFO - Using config: /home/mohs/Desktop/ae/pyside6/user_data/config.json ...
2026-04-25 20:15:36,983 - freqtrade.loggers - INFO - Enabling colorized output.
2026-04-25 20:15:36,983 - freqtrade.loggers - INFO - Logfile configured
2026-04-25 20:15:36,983 - freqtrade.loggers - INFO - Verbosity set to 0
2026-04-25 20:15:36,984 - freqtrade.configuration.configuration - INFO - Using additional Strategy lookup path: 
/home/mohs/Desktop/ae/pyside6/user_data/optimizer/sessions/67b9b07d-6015-403e-8bdf-cb20b1ccc55d/trial_011/strategy_dir
2026-04-25 20:15:36,984 - freqtrade.configuration.configuration - WARNING - `force_entry_enable` RPC message enabled.
2026-04-25 20:15:36,984 - freqtrade.configuration.configuration - INFO - Parameter -i/--timeframe detected ... Using timeframe: 4h ...
2026-04-25 20:15:36,985 - freqtrade.configuration.configuration - INFO - Parameter --max-open-trades detected, overriding max_open_trades to: 2 ...
2026-04-25 20:15:36,985 - freqtrade.configuration.configuration - INFO - Parameter --dry-run-wallet detected, overriding dry_run_wallet to: 150.0 ...
2026-04-25 20:15:36,985 - freqtrade.configuration.configuration - INFO - Parameter --timerange detected: 20250422-20260417 ...
2026-04-25 20:15:36,986 - freqtrade.configuration.configuration - INFO - Using user-data directory: /home/mohs/Desktop/ae/pyside6/user_data ...
2026-04-25 20:15:36,986 - freqtrade.configuration.configuration - INFO - Using data directory: /home/mohs/Desktop/ae/pyside6/user_data/data/binance ...
2026-04-25 20:15:36,986 - freqtrade.configuration.configuration - INFO - Parameter --export detected: trades ...
2026-04-25 20:15:36,986 - freqtrade.configuration.configuration - INFO - Parameter --cache=day detected ...
2026-04-25 20:15:36,987 - freqtrade.configuration.configuration - INFO - Using pairs ['ETH/USDT', 'XRP/USDT', 'HOME/USDT']
2026-04-25 20:15:36,987 - freqtrade.configuration.configuration - INFO - Filter trades by timerange: 20250422-20260417
2026-04-25 20:15:36,987 - freqtrade.exchange.check_exchange - INFO - Checking exchange...
2026-04-25 20:15:36,993 - freqtrade.exchange.check_exchange - INFO - Exchange "binance" is officially supported by the Freqtrade development team.
2026-04-25 20:15:36,994 - freqtrade.configuration.config_validation - INFO - Validating configuration ...
2026-04-25 20:15:36,996 - freqtrade.commands.optimize_commands - INFO - Starting freqtrade in Backtesting mode
2026-04-25 20:15:36,996 - freqtrade.exchange.exchange - INFO - Instance is running with dry_run enabled
2026-04-25 20:15:36,997 - freqtrade.exchange.exchange - INFO - Using CCXT 4.5.50
2026-04-25 20:15:36,997 - freqtrade.exchange.exchange - INFO - Applying additional ccxt config: {'enableRateLimit': True, 'timeout': 120000}
2026-04-25 20:15:37,002 - freqtrade.exchange.exchange - INFO - Applying additional ccxt config: {'enableRateLimit': True, 'timeout': 120000}
2026-04-25 20:15:37,009 - freqtrade.exchange.exchange - INFO - Using Exchange "Binance"
2026-04-25 20:15:38,156 - freqtrade.resolvers.exchange_resolver - INFO - Using resolved exchange 'Binance'...
2026-04-25 20:15:38,165 - freqtrade.resolvers.iresolver - INFO - Using resolved strategy MultiMeee from 
'/home/mohs/Desktop/ae/pyside6/user_data/optimizer/sessions/67b9b07d-6015-403e-8bdf-cb20b1ccc55d/trial_011/strategy_dir/MultiMeee.py'...
2026-04-25 20:15:38,165 - freqtrade.strategy.hyper - INFO - Loading parameters from file 
/home/mohs/Desktop/ae/pyside6/user_data/optimizer/sessions/67b9b07d-6015-403e-8bdf-cb20b1ccc55d/trial_011/strategy_dir/MultiMeee.json
2026-04-25 20:15:38,165 - freqtrade.resolvers.strategy_resolver - INFO - Override strategy 'timeframe' with value from the configuration: 4h.
2026-04-25 20:15:38,166 - freqtrade.resolvers.strategy_resolver - INFO - Override strategy 'stake_currency' with value from the configuration: USDT.
2026-04-25 20:15:38,166 - freqtrade.resolvers.strategy_resolver - INFO - Override strategy 'stake_amount' with value from the configuration: unlimited.
2026-04-25 20:15:38,166 - freqtrade.resolvers.strategy_resolver - INFO - Override strategy 'use_exit_signal' with value from the configuration: True.
2026-04-25 20:15:38,166 - freqtrade.resolvers.strategy_resolver - INFO - Override strategy 'max_open_trades' with value from the configuration: 2.
2026-04-25 20:15:38,167 - freqtrade.resolvers.strategy_resolver - INFO - Strategy using minimal_roi: {'0': 0.007961605752782763, '13': 0.0204493146723293, '146': 0.011124698327216964, '38': 
0.6435910113483975}
2026-04-25 20:15:38,167 - freqtrade.resolvers.strategy_resolver - INFO - Strategy using timeframe: 4h
2026-04-25 20:15:38,167 - freqtrade.resolvers.strategy_resolver - INFO - Strategy using stoploss: -0.6000575525680519
2026-04-25 20:15:38,167 - freqtrade.resolvers.strategy_resolver - INFO - Strategy using trailing_stop: False
2026-04-25 20:15:38,168 - freqtrade.resolvers.strategy_resolver - INFO - Strategy using trailing_stop_positive: 0.03061937241563134
2026-04-25 20:15:38,168 - freqtrade.resolvers.strategy_resolver - INFO - Strategy using trailing_stop_positive_offset: 0.006784516907863525
2026-04-25 20:15:38,168 - freqtrade.resolvers.strategy_resolver - INFO - Strategy using trailing_only_offset_is_reached: False
2026-04-25 20:15:38,168 - freqtrade.resolvers.strategy_resolver - INFO - Strategy using use_custom_stoploss: False
2026-04-25 20:15:38,169 - freqtrade.resolvers.strategy_resolver - INFO - Strategy using process_only_new_candles: True
2026-04-25 20:15:38,169 - freqtrade.resolvers.strategy_resolver - INFO - Strategy using order_types: {'entry': 'limit', 'exit': 'limit', 'stoploss': 'limit', 'stoploss_on_exchange': False, 
'stoploss_on_exchange_interval': 60}
2026-04-25 20:15:38,169 - freqtrade.resolvers.strategy_resolver - INFO - Strategy using order_time_in_force: {'entry': 'GTC', 'exit': 'GTC'}
2026-04-25 20:15:38,169 - freqtrade.resolvers.strategy_resolver - INFO - Strategy using stake_currency: USDT
2026-04-25 20:15:38,170 - freqtrade.resolvers.strategy_resolver - INFO - Strategy using stake_amount: unlimited
2026-04-25 20:15:38,170 - freqtrade.resolvers.strategy_resolver - INFO - Strategy using startup_candle_count: 0
2026-04-25 20:15:38,170 - freqtrade.resolvers.strategy_resolver - INFO - Strategy using use_exit_signal: True
2026-04-25 20:15:38,170 - freqtrade.resolvers.strategy_resolver - INFO - Strategy using exit_profit_only: False
2026-04-25 20:15:38,171 - freqtrade.resolvers.strategy_resolver - INFO - Strategy using ignore_roi_if_entry_signal: False
2026-04-25 20:15:38,171 - freqtrade.resolvers.strategy_resolver - INFO - Strategy using exit_profit_offset: 0.0
2026-04-25 20:15:38,171 - freqtrade.resolvers.strategy_resolver - INFO - Strategy using disable_dataframe_checks: False
2026-04-25 20:15:38,171 - freqtrade.resolvers.strategy_resolver - INFO - Strategy using ignore_buying_expired_candle_after: 0
2026-04-25 20:15:38,172 - freqtrade.resolvers.strategy_resolver - INFO - Strategy using position_adjustment_enable: False
2026-04-25 20:15:38,172 - freqtrade.resolvers.strategy_resolver - INFO - Strategy using max_entry_position_adjustment: -1
2026-04-25 20:15:38,172 - freqtrade.resolvers.strategy_resolver - INFO - Strategy using max_open_trades: 2
2026-04-25 20:15:38,172 - freqtrade.configuration.config_validation - INFO - Validating configuration ...
2026-04-25 20:15:38,176 - freqtrade.resolvers.iresolver - INFO - Using resolved pairlist StaticPairList from 
'/home/mohs/Desktop/ae/pyside6/.venv/lib/python3.12/site-packages/freqtrade/plugins/pairlist/StaticPairList.py'...
2026-04-25 20:15:38,188 - freqtrade.optimize.backtesting - INFO - Using fee 0.1000% - worst case fee from exchange (lowest tier).
2026-04-25 20:15:38,195 - freqtrade.data.history.datahandlers.idatahandler - WARNING - ETH/USDT, spot, 4h, data starts at 2025-04-24 00:00:00
2026-04-25 20:15:38,208 - freqtrade.data.history.datahandlers.idatahandler - WARNING - XRP/USDT, spot, 4h, data starts at 2025-04-30 00:00:00
2026-04-25 20:15:38,220 - freqtrade.data.history.datahandlers.idatahandler - WARNING - HOME/USDT, spot, 4h, data starts at 2025-06-12 12:00:00
2026-04-25 20:15:38,228 - freqtrade.optimize.backtesting - INFO - Loading data from 2025-04-24 00:00:00 up to 2026-04-17 00:00:00 (358 days).
2026-04-25 20:15:38,284 - freqtrade.optimize.backtesting - INFO - Dataload complete. Calculating indicators
2026-04-25 20:15:38,289 - freqtrade.optimize.backtesting - INFO - Running backtesting for Strategy MultiMeee
2026-04-25 20:15:38,289 - freqtrade.strategy.hyper - INFO - Strategy Parameter: buy_ma_count = 6
2026-04-25 20:15:38,289 - freqtrade.strategy.hyper - INFO - Strategy Parameter: buy_ma_gap = 4
2026-04-25 20:15:38,290 - freqtrade.strategy.hyper - INFO - Strategy Parameter: sell_ma_count = 7
2026-04-25 20:15:38,290 - freqtrade.strategy.hyper - INFO - Strategy Parameter: sell_ma_gap = 33
2026-04-25 20:15:38,298 - freqtrade.optimize.backtesting - INFO - Backtesting with data from 2025-04-24 00:00:00 up to 2026-04-17 00:00:00 (358 days).
2026-04-25 20:15:38,961 - freqtrade.misc - INFO - dumping json to "/home/mohs/Desktop/ae/pyside6/user_data/backtest_results/backtest-result-2026-04-25_20-15-38.meta.json"
Result for strategy MultiMeee
                                               BACKTESTING REPORT                                               
┏━━━━━━━━━━━┳━━━━━━━━┳━━━━━━━━━━━━━━┳━━━━━━━━━━━━━━━━━┳━━━━━━━━━━━━━━┳━━━━━━━━━━━━━━━━┳━━━━━━━━━━━━━━━━━━━━━━━━┓
┃      Pair ┃ Trades ┃ Avg Profit % ┃ Tot Profit USDT ┃ Tot Profit % ┃   Avg Duration ┃  Win  Draw  Loss  Win% ┃
┡━━━━━━━━━━━╇━━━━━━━━╇━━━━━━━━━━━━━━╇━━━━━━━━━━━━━━━━━╇━━━━━━━━━━━━━━╇━━━━━━━━━━━━━━━━╇━━━━━━━━━━━━━━━━━━━━━━━━┩
│  ETH/USDT │     43 │        -0.05 │          -1.166 │        -0.78 │       12:11:00 │   37     0     6  86.0 │
│ HOME/USDT │     44 │        -0.05 │          -2.424 │        -1.62 │        8:33:00 │   39     0     5  88.6 │
│  XRP/USDT │     47 │        -0.79 │         -27.863 │       -18.58 │ 1 day, 6:38:00 │   36     0    11  76.6 │
│     TOTAL │    134 │        -0.31 │         -31.453 │       -20.97 │       17:28:00 │  112     0    22  83.6 │
└───────────┴────────┴──────────────┴─────────────────┴──────────────┴────────────────┴────────────────────────┘
                                           LEFT OPEN TRADES REPORT                                           
┏━━━━━━━━━━┳━━━━━━━━┳━━━━━━━━━━━━━━┳━━━━━━━━━━━━━━━━━┳━━━━━━━━━━━━━━┳━━━━━━━━━━━━━━┳━━━━━━━━━━━━━━━━━━━━━━━━┓
┃     Pair ┃ Trades ┃ Avg Profit % ┃ Tot Profit USDT ┃ Tot Profit % ┃ Avg Duration ┃  Win  Draw  Loss  Win% ┃
┡━━━━━━━━━━╇━━━━━━━━╇━━━━━━━━━━━━━━╇━━━━━━━━━━━━━━━━━╇━━━━━━━━━━━━━━╇━━━━━━━━━━━━━━╇━━━━━━━━━━━━━━━━━━━━━━━━┩
│ XRP/USDT │      1 │        -0.98 │          -0.585 │        -0.39 │      4:00:00 │    0     0     1     0 │
│    TOTAL │      1 │        -0.98 │          -0.585 │        -0.39 │      4:00:00 │    0     0     1     0 │
└──────────┴────────┴──────────────┴─────────────────┴──────────────┴──────────────┴────────────────────────┘
                                                ENTER TAG STATS                                                
┏━━━━━━━━━━━┳━━━━━━━━━┳━━━━━━━━━━━━━━┳━━━━━━━━━━━━━━━━━┳━━━━━━━━━━━━━━┳━━━━━━━━━━━━━━┳━━━━━━━━━━━━━━━━━━━━━━━━┓
┃ Enter Tag ┃ Entries ┃ Avg Profit % ┃ Tot Profit USDT ┃ Tot Profit % ┃ Avg Duration ┃  Win  Draw  Loss  Win% ┃
┡━━━━━━━━━━━╇━━━━━━━━━╇━━━━━━━━━━━━━━╇━━━━━━━━━━━━━━━━━╇━━━━━━━━━━━━━━╇━━━━━━━━━━━━━━╇━━━━━━━━━━━━━━━━━━━━━━━━┩
│     OTHER │     134 │        -0.31 │         -31.453 │       -20.97 │     17:28:00 │  112     0    22  83.6 │
│     TOTAL │     134 │        -0.31 │         -31.453 │       -20.97 │     17:28:00 │  112     0    22  83.6 │
└───────────┴─────────┴──────────────┴─────────────────┴──────────────┴──────────────┴────────────────────────┘
                                                 EXIT REASON STATS                                                 
┏━━━━━━━━━━━━━┳━━━━━━━┳━━━━━━━━━━━━━━┳━━━━━━━━━━━━━━━━━┳━━━━━━━━━━━━━━┳━━━━━━━━━━━━━━━━━━┳━━━━━━━━━━━━━━━━━━━━━━━━┓
┃ Exit Reason ┃ Exits ┃ Avg Profit % ┃ Tot Profit USDT ┃ Tot Profit % ┃     Avg Duration ┃  Win  Draw  Loss  Win% ┃
┡━━━━━━━━━━━━━╇━━━━━━━╇━━━━━━━━━━━━━━╇━━━━━━━━━━━━━━━━━╇━━━━━━━━━━━━━━╇━━━━━━━━━━━━━━━━━━╇━━━━━━━━━━━━━━━━━━━━━━━━┩
│         roi │   112 │         0.94 │          72.562 │        48.37 │          7:32:00 │  112     0     0   100 │
│  force_exit │     1 │        -0.98 │          -0.585 │        -0.39 │          4:00:00 │    0     0     1     0 │
│ exit_signal │    21 │        -6.94 │        -103.430 │       -68.95 │ 2 days, 23:03:00 │    0     0    21     0 │
│       TOTAL │   134 │        -0.31 │         -31.453 │       -20.97 │         17:28:00 │  112     0    22  83.6 │
└─────────────┴───────┴──────────────┴─────────────────┴──────────────┴──────────────────┴────────────────────────┘
                                                        MIXED TAG STATS                                                         
┏━━━━━━━━━━━┳━━━━━━━━━━━━━┳━━━━━━━━┳━━━━━━━━━━━━━━┳━━━━━━━━━━━━━━━━━┳━━━━━━━━━━━━━━┳━━━━━━━━━━━━━━━━━━┳━━━━━━━━━━━━━━━━━━━━━━━━┓
┃ Enter Tag ┃ Exit Reason ┃ Trades ┃ Avg Profit % ┃ Tot Profit USDT ┃ Tot Profit % ┃     Avg Duration ┃  Win  Draw  Loss  Win% ┃
┡━━━━━━━━━━━╇━━━━━━━━━━━━━╇━━━━━━━━╇━━━━━━━━━━━━━━╇━━━━━━━━━━━━━━━━━╇━━━━━━━━━━━━━━╇━━━━━━━━━━━━━━━━━━╇━━━━━━━━━━━━━━━━━━━━━━━━┩
│           │         roi │    112 │         0.94 │          72.562 │        48.37 │          7:32:00 │  112     0     0   100 │
│           │  force_exit │      1 │        -0.98 │          -0.585 │        -0.39 │          4:00:00 │    0     0     1     0 │
│           │ exit_signal │     21 │        -6.94 │        -103.430 │       -68.95 │ 2 days, 23:03:00 │    0     0    21     0 │
│     TOTAL │             │    134 │        -0.31 │         -31.453 │       -20.97 │         17:28:00 │  112     0    22  83.6 │
└───────────┴─────────────┴────────┴──────────────┴─────────────────┴──────────────┴──────────────────┴────────────────────────┘
                          SUMMARY METRICS                          
┏━━━━━━━━━━━━━━━━━━━━━━━━━━━━━━━┳━━━━━━━━━━━━━━━━━━━━━━━━━━━━━━━━━┓
┃ Metric                        ┃ Value                           ┃
┡━━━━━━━━━━━━━━━━━━━━━━━━━━━━━━━╇━━━━━━━━━━━━━━━━━━━━━━━━━━━━━━━━━┩
│ Backtesting from              │ 2025-04-24 00:00:00             │
│ Backtesting to                │ 2026-04-17 00:00:00             │
│ Trading Mode                  │ Spot                            │
│ Max open trades               │ 2                               │
│                               │                                 │
│ Total/Daily Avg Trades        │ 134 / 0.37                      │
│ Starting balance              │ 150 USDT                        │
│ Final balance                 │ 118.547 USDT                    │
│ Absolute profit               │ -31.453 USDT                    │
│ Total profit %                │ -20.97%                         │
│ CAGR %                        │ -21.33%                         │
│ Sortino                       │ -0.53                           │
│ Sharpe                        │ -0.71                           │
│ Calmar                        │ -4.12                           │
│ SQN                           │ -1.14                           │
│ Profit factor                 │ 0.70                            │
│ Expectancy (Ratio)            │ -0.23 (-0.05)                   │
│ Avg. daily profit             │ -0.088 USDT                     │
│ Avg. stake amount             │ 69.096 USDT                     │
│ Total trade volume            │ 18523.306 USDT                  │
│                               │                                 │
│ Best Pair                     │ ETH/USDT -0.78%                 │
│ Worst Pair                    │ XRP/USDT -18.58%                │
│ Best trade                    │ HOME/USDT 1.12%                 │
│ Worst trade                   │ XRP/USDT -17.84%                │
│ Best day                      │ 5.666 USDT                      │
│ Worst day                     │ -14.006 USDT                    │
│ Days win/draw/lose            │ 48 / 276 / 21                   │
│ Min/Max/Avg. Duration Winners │ 0d 00:00 / 4d 20:00 / 0d 07:32  │
│ Min/Max/Avg. Duration Losers  │ 0d 04:00 / 18d 04:00 / 2d 20:00 │
│ Max Consecutive Wins / Loss   │ 29 / 3                          │
│ Rejected Entry signals        │ 1                               │
│ Entry/Exit Timeouts           │ 0 / 0                           │
│                               │                                 │
│ Min balance                   │ 117.533 USDT                    │
│ Max balance                   │ 161.357 USDT                    │
│ Max % of account underwater   │ 27.16%                          │
│ Absolute drawdown             │ 43.824 USDT (27.16%)            │
│ Drawdown duration             │ 327 days 00:00:00               │
│ Profit at drawdown start      │ 11.357 USDT                     │
│ Profit at drawdown end        │ -32.467 USDT                    │
│ Drawdown start                │ 2025-05-23 00:00:00             │
│ Drawdown end                  │ 2026-04-15 00:00:00             │
│ Market change                 │ -16.15%                         │
└───────────────────────────────┴─────────────────────────────────┘

Backtested 2025-04-24 00:00:00 -> 2026-04-17 00:00:00 | Max open trades : 2
                                                          STRATEGY SUMMARY                                                          
┏━━━━━━━━━━━┳━━━━━━━━┳━━━━━━━━━━━━━━┳━━━━━━━━━━━━━━━━━┳━━━━━━━━━━━━━━┳━━━━━━━━━━━━━━┳━━━━━━━━━━━━━━━━━━━━━━━━┳━━━━━━━━━━━━━━━━━━━━━┓
┃  Strategy ┃ Trades ┃ Avg Profit % ┃ Tot Profit USDT ┃ Tot Profit % ┃ Avg Duration ┃  Win  Draw  Loss  Win% ┃            Drawdown ┃
┡━━━━━━━━━━━╇━━━━━━━━╇━━━━━━━━━━━━━━╇━━━━━━━━━━━━━━━━━╇━━━━━━━━━━━━━━╇━━━━━━━━━━━━━━╇━━━━━━━━━━━━━━━━━━━━━━━━╇━━━━━━━━━━━━━━━━━━━━━┩
│ MultiMeee │    134 │        -0.31 │         -31.453 │       -20.97 │     17:28:00 │  112     0    22  83.6 │ 43.824 USDT  27.16% │
└───────────┴────────┴──────────────┴─────────────────┴──────────────┴──────────────┴────────────────────────┴─────────────────────┘