2026-04-16 02:24:10 [INFO] freqtrade_gui: Application starting
2026-04-16 02:24:10 [DEBUG] freqtrade_gui: Settings loaded: user_data_path=T:\ae\pyside6\user_data
2026-04-16 02:24:10 [DEBUG] freqtrade_gui: Settings loaded from C:\Users\M4tie\.freqtrade_gui\settings.json
2026-04-16 02:24:10 [DEBUG] freqtrade_gui: Settings loaded from C:\Users\M4tie\.freqtrade_gui\settings.json
2026-04-16 02:24:10 [DEBUG] freqtrade_gui: Settings loaded from C:\Users\M4tie\.freqtrade_gui\settings.json
2026-04-16 02:24:11 [INFO] freqtrade_gui: Main window shown
2026-04-16 02:35:49 [INFO] freqtrade_gui: Settings saved to C:\Users\M4tie\.freqtrade_gui\settings.json
2026-04-16 02:35:49 [DEBUG] freqtrade_gui: Settings loaded from C:\Users\M4tie\.freqtrade_gui\settings.json
2026-04-16 02:35:49 [DEBUG] freqtrade_gui: Settings loaded from C:\Users\M4tie\.freqtrade_gui\settings.json
2026-04-16 02:35:49 [DEBUG] freqtrade_gui: Settings loaded from C:\Users\M4tie\.freqtrade_gui\settings.json
2026-04-16 02:35:49 [DEBUG] freqtrade_gui: Settings loaded from C:\Users\M4tie\.freqtrade_gui\settings.json
2026-04-16 02:35:49 [DEBUG] freqtrade_gui: Settings loaded from C:\Users\M4tie\.freqtrade_gui\settings.json
2026-04-16 02:35:49 [INFO] freqtrade_gui: Process started: T:\ae\pyside6\.venv\Scripts\python.exe -m freqtrade download-data --config T:\ae\pyside6\user_data\config.json --timeframe 5m --prepend -p ADA/USDT ETH/USDT
2026-04-16 02:35:59 [INFO] freqtrade_gui: Settings saved to C:\Users\M4tie\.freqtrade_gui\settings.json
2026-04-16 02:35:59 [DEBUG] freqtrade_gui: Settings loaded from C:\Users\M4tie\.freqtrade_gui\settings.json
2026-04-16 02:35:59 [DEBUG] freqtrade_gui: Settings loaded from C:\Users\M4tie\.freqtrade_gui\settings.json
2026-04-16 02:35:59 [DEBUG] freqtrade_gui: Settings loaded from C:\Users\M4tie\.freqtrade_gui\settings.json
2026-04-16 02:35:59 [DEBUG] freqtrade_gui: Settings loaded from C:\Users\M4tie\.freqtrade_gui\settings.json
2026-04-16 02:36:03 [INFO] freqtrade_gui: Settings saved to C:\Users\M4tie\.freqtrade_gui\settings.json
2026-04-16 02:36:03 [DEBUG] freqtrade_gui: Settings loaded from C:\Users\M4tie\.freqtrade_gui\settings.json
2026-04-16 02:36:03 [DEBUG] freqtrade_gui: Settings loaded from C:\Users\M4tie\.freqtrade_gui\settings.json
2026-04-16 02:36:03 [DEBUG] freqtrade_gui: Settings loaded from C:\Users\M4tie\.freqtrade_gui\settings.json
2026-04-16 02:36:03 [DEBUG] freqtrade_gui: Settings loaded from C:\Users\M4tie\.freqtrade_gui\settings.json
2026-04-16 02:36:03 [DEBUG] freqtrade_gui: Settings loaded from C:\Users\M4tie\.freqtrade_gui\settings.json
2026-04-16 02:36:03 [INFO] freqtrade_gui: Process started: T:\ae\pyside6\.venv\Scripts\python.exe -m freqtrade backtesting --user-data-dir T:\ae\pyside6\user_data --strategy-path T:\ae\pyside6\user_data\strategies --strategy MultiMeee --config T:\ae\pyside6\user_data\config.json --timeframe 5m --export trades --export-filename T:\ae\pyside6\user_data\backtest_results\MultiMeee\MultiMeee_20260416_023603.backtest.zip --timerange 20250421-20260416 -p ADA/USDT ETH/USDT --max-open-trades 2 --dry-run-wallet 80.0
2026-04-16 02:37:20 [INFO] freqtrade_gui: Application exiting with code 0
2026-04-16 02:40:49 [INFO] freqtrade_gui: Application starting
2026-04-16 02:40:49 [DEBUG] freqtrade_gui: Settings loaded: user_data_path=T:\ae\pyside6\user_data
2026-04-16 02:40:49 [DEBUG] freqtrade_gui: Settings loaded from C:\Users\M4tie\.freqtrade_gui\settings.json
2026-04-16 02:40:49 [DEBUG] freqtrade_gui: Settings loaded from C:\Users\M4tie\.freqtrade_gui\settings.json
2026-04-16 02:40:49 [INFO] freqtrade_gui: Main window shown
2026-04-16 02:40:53 [INFO] freqtrade_gui: Application exiting with code 0
2026-04-16 02:44:33 [INFO] freqtrade_gui: Application starting
2026-04-16 02:44:33 [DEBUG] freqtrade_gui: Settings loaded: user_data_path=T:\ae\pyside6\user_data
2026-04-16 02:44:33 [DEBUG] freqtrade_gui: Settings loaded from C:\Users\M4tie\.freqtrade_gui\settings.json
2026-04-16 02:44:33 [DEBUG] freqtrade_gui: Settings loaded from C:\Users\M4tie\.freqtrade_gui\settings.json
2026-04-16 02:44:34 [INFO] freqtrade_gui: Main window shown
2026-04-16 02:47:02 [INFO] freqtrade_gui: Application exiting with code 0
2026-04-16 02:50:48 [INFO] freqtrade_gui: Application starting
2026-04-16 02:50:48 [DEBUG] freqtrade_gui: Settings loaded: user_data_path=T:\ae\pyside6\user_data
2026-04-16 02:50:48 [DEBUG] freqtrade_gui: Settings loaded from C:\Users\M4tie\.freqtrade_gui\settings.json
2026-04-16 02:50:48 [DEBUG] freqtrade_gui: Settings loaded from C:\Users\M4tie\.freqtrade_gui\settings.json
2026-04-16 02:50:48 [INFO] freqtrade_gui: Main window shown
2026-04-16 02:50:59 [INFO] freqtrade_gui: Settings saved to C:\Users\M4tie\.freqtrade_gui\settings.json
2026-04-16 02:50:59 [DEBUG] freqtrade_gui: Settings loaded from C:\Users\M4tie\.freqtrade_gui\settings.json
2026-04-16 02:50:59 [DEBUG] freqtrade_gui: Settings loaded from C:\Users\M4tie\.freqtrade_gui\settings.json
2026-04-16 02:50:59 [DEBUG] freqtrade_gui: Settings loaded from C:\Users\M4tie\.freqtrade_gui\settings.json
2026-04-16 02:50:59 [INFO] freqtrade_gui: Process started: T:\ae\pyside6\.venv\Scripts\python.exe -m freqtrade backtesting --user-data-dir T:\ae\pyside6\user_data --strategy-path T:\ae\pyside6\user_data\strategies --strategy MultiMeee --config T:\ae\pyside6\user_data\config.json --timeframe 5m --export trades --export-filename T:\ae\pyside6\user_data\backtest_results\MultiMeee\MultiMeee_20260416_025059.backtest.zip --timerange 20250421-20260416 -p ADA/USDT ETH/USDT --max-open-trades 2 --dry-run-wallet 80.0
2026-04-16 02:52:00 [INFO] freqtrade_gui: Settings saved to C:\Users\M4tie\.freqtrade_gui\settings.json
2026-04-16 02:52:00 [DEBUG] freqtrade_gui: Settings loaded from C:\Users\M4tie\.freqtrade_gui\settings.json
2026-04-16 02:52:00 [DEBUG] freqtrade_gui: Settings loaded from C:\Users\M4tie\.freqtrade_gui\settings.json
2026-04-16 02:52:00 [DEBUG] freqtrade_gui: Settings loaded from C:\Users\M4tie\.freqtrade_gui\settings.json
2026-04-16 02:52:00 [INFO] freqtrade_gui: Process started: T:\ae\pyside6\.venv\Scripts\python.exe -m freqtrade backtesting --user-data-dir T:\ae\pyside6\user_data --strategy-path T:\ae\pyside6\user_data\strategies --strategy MultiMeee --config T:\ae\pyside6\user_data\config.json --timeframe 5m --export trades --export-filename T:\ae\pyside6\user_data\backtest_results\MultiMeee\MultiMeee_20260416_025200.backtest.zip --timerange 20250421-20260416 -p ADA/USDT ETH/USDT --max-open-trades 2 --dry-run-wallet 80.0
2026-04-16 02:53:00 [INFO] freqtrade_gui: Settings saved to C:\Users\M4tie\.freqtrade_gui\settings.json
2026-04-16 02:53:00 [DEBUG] freqtrade_gui: Settings loaded from C:\Users\M4tie\.freqtrade_gui\settings.json
2026-04-16 02:53:00 [DEBUG] freqtrade_gui: Settings loaded from C:\Users\M4tie\.freqtrade_gui\settings.json
2026-04-16 02:53:00 [DEBUG] freqtrade_gui: Settings loaded from C:\Users\M4tie\.freqtrade_gui\settings.json
2026-04-16 02:53:00 [INFO] freqtrade_gui: Process started: T:\ae\pyside6\.venv\Scripts\python.exe -m freqtrade backtesting --user-data-dir T:\ae\pyside6\user_data --strategy-path T:\ae\pyside6\user_data\strategies --strategy MultiMeee --config T:\ae\pyside6\user_data\config.json --timeframe 5m --export trades --export-filename T:\ae\pyside6\user_data\backtest_results\MultiMeee\MultiMeee_20260416_025300.backtest.zip --timerange 20250421-20260416 -p ADA/USDT ETH/USDT --max-open-trades 2 --dry-run-wallet 80.0
2026-04-16 03:28:22 [INFO] freqtrade_gui: Application starting
2026-04-16 03:28:22 [DEBUG] freqtrade_gui: Settings loaded: user_data_path=T:\ae\pyside6\user_data
2026-04-16 03:28:22 [DEBUG] freqtrade_gui: Settings loaded from C:\Users\M4tie\.freqtrade_gui\settings.json
2026-04-16 03:28:22 [DEBUG] freqtrade_gui: Settings loaded from C:\Users\M4tie\.freqtrade_gui\settings.json
2026-04-16 03:28:22 [INFO] freqtrade_gui: Main window shown
2026-04-16 03:28:29 [INFO] freqtrade_gui: Settings saved to C:\Users\M4tie\.freqtrade_gui\settings.json
2026-04-16 03:28:29 [DEBUG] freqtrade_gui: Settings loaded from C:\Users\M4tie\.freqtrade_gui\settings.json
2026-04-16 03:28:29 [DEBUG] freqtrade_gui: Settings loaded from C:\Users\M4tie\.freqtrade_gui\settings.json
2026-04-16 03:28:29 [DEBUG] freqtrade_gui: Settings loaded from C:\Users\M4tie\.freqtrade_gui\settings.json
2026-04-16 03:28:29 [INFO] freqtrade_gui: Process started: T:\ae\pyside6\.venv\Scripts\python.exe -m freqtrade backtesting --user-data-dir T:\ae\pyside6\user_data --strategy-path T:\ae\pyside6\user_data\strategies --strategy MultiMeee --config T:\ae\pyside6\user_data\config.json --timeframe 5m --export trades --export-filename T:\ae\pyside6\user_data\backtest_results\MultiMeee\MultiMeee_20260416_032829.backtest.zip --timerange 20250421-20260416 -p ADA/USDT ETH/USDT --max-open-trades 2 --dry-run-wallet 80.0
2026-04-16 03:29:32 [INFO] freqtrade_gui: Application exiting with code 0
2026-04-16 03:37:38 [INFO] freqtrade_gui: Application starting
2026-04-16 03:37:38 [DEBUG] freqtrade_gui: Settings loaded: user_data_path=T:\ae\pyside6\user_data
2026-04-16 03:37:38 [DEBUG] freqtrade_gui: Settings loaded from C:\Users\M4tie\.freqtrade_gui\settings.json
2026-04-16 03:37:38 [DEBUG] freqtrade_gui: Settings loaded from C:\Users\M4tie\.freqtrade_gui\settings.json
2026-04-16 03:37:39 [INFO] freqtrade_gui: Main window shown
2026-04-16 03:37:50 [INFO] freqtrade_gui: Settings saved to C:\Users\M4tie\.freqtrade_gui\settings.json
2026-04-16 03:37:50 [DEBUG] freqtrade_gui: Settings loaded from C:\Users\M4tie\.freqtrade_gui\settings.json
2026-04-16 03:37:50 [DEBUG] freqtrade_gui: Settings loaded from C:\Users\M4tie\.freqtrade_gui\settings.json
2026-04-16 03:37:52 [INFO] freqtrade_gui: Settings saved to C:\Users\M4tie\.freqtrade_gui\settings.json
2026-04-16 03:37:52 [DEBUG] freqtrade_gui: Settings loaded from C:\Users\M4tie\.freqtrade_gui\settings.json
2026-04-16 03:37:52 [DEBUG] freqtrade_gui: Settings loaded from C:\Users\M4tie\.freqtrade_gui\settings.json
2026-04-16 03:37:52 [DEBUG] freqtrade_gui: Settings loaded from C:\Users\M4tie\.freqtrade_gui\settings.json
2026-04-16 03:37:52 [INFO] freqtrade_gui: Process started: T:\ae\pyside6\.venv\Scripts\python.exe -m freqtrade backtesting --user-data-dir T:\ae\pyside6\user_data --strategy-path T:\ae\pyside6\user_data\strategies --strategy MultiMeee --config T:\ae\pyside6\user_data\config.json --timeframe 5m --export trades --export-filename T:\ae\pyside6\user_data\backtest_results\MultiMeee\MultiMeee_20260416_033752.backtest.zip --timerange 20250421-20260416 -p ADA/USDT ETH/USDT --max-open-trades 2 --dry-run-wallet 80.0
2026-04-16 03:56:53 [INFO] freqtrade_gui: Application starting
2026-04-16 03:56:53 [DEBUG] freqtrade_gui: Settings loaded: user_data_path=T:\ae\pyside6\user_data
2026-04-16 03:56:53 [DEBUG] freqtrade_gui: Settings loaded from C:\Users\M4tie\.freqtrade_gui\settings.json
2026-04-16 03:56:53 [DEBUG] freqtrade_gui: Settings loaded from C:\Users\M4tie\.freqtrade_gui\settings.json
2026-04-16 03:56:53 [INFO] freqtrade_gui: Main window shown
2026-04-16 03:57:51 [INFO] freqtrade_gui: Settings saved to C:\Users\M4tie\.freqtrade_gui\settings.json
2026-04-16 03:57:51 [DEBUG] freqtrade_gui: Settings loaded from C:\Users\M4tie\.freqtrade_gui\settings.json
2026-04-16 03:57:51 [DEBUG] freqtrade_gui: Settings loaded from C:\Users\M4tie\.freqtrade_gui\settings.json
2026-04-16 03:57:51 [DEBUG] freqtrade_gui: Settings loaded from C:\Users\M4tie\.freqtrade_gui\settings.json
2026-04-16 03:57:51 [INFO] freqtrade_gui: Process started: T:\ae\pyside6\.venv\Scripts\python.exe -m freqtrade backtesting --user-data-dir T:\ae\pyside6\user_data --strategy-path T:\ae\pyside6\user_data\strategies --strategy MultiMeee --config T:\ae\pyside6\user_data\config\config_MultiMeee.json --timeframe 5m --export trades --export-filename T:\ae\pyside6\user_data\backtest_results\MultiMeee\MultiMeee_20260416_035751.backtest.zip --timerange 20250421-20260416 -p ADA/USDT ETH/USDT --max-open-trades 2 --dry-run-wallet 80.0
2026-04-16 04:00:47 [INFO] freqtrade_gui: Application exiting with code 0
2026-04-16 04:03:56 [INFO] freqtrade_gui: Application starting
2026-04-16 04:03:56 [DEBUG] freqtrade_gui: Settings loaded: user_data_path=T:\ae\pyside6\user_data
2026-04-16 04:03:56 [DEBUG] freqtrade_gui: Settings loaded from C:\Users\M4tie\.freqtrade_gui\settings.json
2026-04-16 04:03:56 [DEBUG] freqtrade_gui: Settings loaded from C:\Users\M4tie\.freqtrade_gui\settings.json
2026-04-16 04:03:56 [INFO] freqtrade_gui: Main window shown
2026-04-16 04:04:02 [INFO] freqtrade_gui: Settings saved to C:\Users\M4tie\.freqtrade_gui\settings.json
2026-04-16 04:04:02 [DEBUG] freqtrade_gui: Settings loaded from C:\Users\M4tie\.freqtrade_gui\settings.json
2026-04-16 04:04:02 [DEBUG] freqtrade_gui: Settings loaded from C:\Users\M4tie\.freqtrade_gui\settings.json
2026-04-16 04:04:02 [DEBUG] freqtrade_gui: Settings loaded from C:\Users\M4tie\.freqtrade_gui\settings.json
2026-04-16 04:04:02 [INFO] freqtrade_gui: Process started: T:\ae\pyside6\.venv\Scripts\python.exe -m freqtrade backtesting --user-data-dir T:\ae\pyside6\user_data --strategy-path T:\ae\pyside6\user_data\strategies --strategy MultiMeee --config T:\ae\pyside6\user_data\config.json --timeframe 5m --export trades --export-filename T:\ae\pyside6\user_data\backtest_results\MultiMeee\MultiMeee_20260416_040402.backtest.zip --timerange 20250421-20260416 -p ADA/USDT ETH/USDT --max-open-trades 2 --dry-run-wallet 80.0
