2026-04-25 21:48:07,829 - freqtrade - INFO - freqtrade 2026.3
2026-04-25 21:48:08,889 - freqtrade.configuration.load_config - INFO - Using config: /home/mohs/Desktop/ae/pyside6/user_data/config.json ...
2026-04-25 21:48:08,892 - freqtrade.loggers - INFO - Enabling colorized output.
2026-04-25 21:48:08,892 - freqtrade.loggers - INFO - Logfile configured
2026-04-25 21:48:08,892 - freqtrade.loggers - INFO - Verbosity set to 0
2026-04-25 21:48:08,893 - freqtrade.configuration.configuration - INFO - Using additional Strategy lookup path: 
/home/mohs/Desktop/ae/pyside6/user_data/optimizer/sessions/cc004eff-0936-4112-8326-b124d8af6fd9/trial_038/strategy_dir
2026-04-25 21:48:08,893 - freqtrade.configuration.configuration - WARNING - `force_entry_enable` RPC message enabled.
2026-04-25 21:48:08,893 - freqtrade.configuration.configuration - INFO - Parameter -i/--timeframe detected ... Using timeframe: 5m ...
2026-04-25 21:48:08,894 - freqtrade.configuration.configuration - INFO - Parameter --max-open-trades detected, overriding max_open_trades to: 3 ...
2026-04-25 21:48:08,894 - freqtrade.configuration.configuration - INFO - Parameter --dry-run-wallet detected, overriding dry_run_wallet to: 150.0 ...
2026-04-25 21:48:08,894 - freqtrade.configuration.configuration - INFO - Parameter --timerange detected: 20250422-20260417 ...
2026-04-25 21:48:08,895 - freqtrade.configuration.configuration - INFO - Using user-data directory: /home/mohs/Desktop/ae/pyside6/user_data ...
2026-04-25 21:48:08,895 - freqtrade.configuration.configuration - INFO - Using data directory: /home/mohs/Desktop/ae/pyside6/user_data/data/binance ...
2026-04-25 21:48:08,895 - freqtrade.configuration.configuration - INFO - Parameter --export detected: trades ...
2026-04-25 21:48:08,895 - freqtrade.configuration.configuration - INFO - Parameter --cache=day detected ...
2026-04-25 21:48:08,896 - freqtrade.configuration.configuration - INFO - Using pairs ['XRP/USDT', 'ETH/USDT', 'HOME/USDT']
2026-04-25 21:48:08,896 - freqtrade.configuration.configuration - INFO - Filter trades by timerange: 20250422-20260417
2026-04-25 21:48:08,896 - freqtrade.exchange.check_exchange - INFO - Checking exchange...
2026-04-25 21:48:08,902 - freqtrade.exchange.check_exchange - INFO - Exchange "binance" is officially supported by the Freqtrade development team.
2026-04-25 21:48:08,902 - freqtrade.configuration.config_validation - INFO - Validating configuration ...
2026-04-25 21:48:08,904 - freqtrade.commands.optimize_commands - INFO - Starting freqtrade in Backtesting mode
2026-04-25 21:48:08,905 - freqtrade.exchange.exchange - INFO - Instance is running with dry_run enabled
2026-04-25 21:48:08,905 - freqtrade.exchange.exchange - INFO - Using CCXT 4.5.50
2026-04-25 21:48:08,905 - freqtrade.exchange.exchange - INFO - Applying additional ccxt config: {'enableRateLimit': True, 'timeout': 120000}
2026-04-25 21:48:08,910 - freqtrade.exchange.exchange - INFO - Applying additional ccxt config: {'enableRateLimit': True, 'timeout': 120000}
2026-04-25 21:48:08,916 - freqtrade.exchange.exchange - INFO - Using Exchange "Binance"
2026-04-25 21:48:10,713 - freqtrade.resolvers.exchange_resolver - INFO - Using resolved exchange 'Binance'...
2026-04-25 21:48:10,722 - freqtrade.resolvers.iresolver - INFO - Using resolved strategy yes from 
'/home/mohs/Desktop/ae/pyside6/user_data/optimizer/sessions/cc004eff-0936-4112-8326-b124d8af6fd9/trial_038/strategy_dir/yes.py'...
2026-04-25 21:48:10,722 - freqtrade.strategy.hyper - INFO - Loading parameters from file 
/home/mohs/Desktop/ae/pyside6/user_data/optimizer/sessions/cc004eff-0936-4112-8326-b124d8af6fd9/trial_038/strategy_dir/yes.json
2026-04-25 21:48:10,723 - freqtrade.resolvers.strategy_resolver - INFO - Override strategy 'timeframe' with value from the configuration: 5m.
2026-04-25 21:48:10,723 - freqtrade.resolvers.strategy_resolver - INFO - Override strategy 'stake_currency' with value from the configuration: USDT.
2026-04-25 21:48:10,723 - freqtrade.resolvers.strategy_resolver - INFO - Override strategy 'stake_amount' with value from the configuration: unlimited.
2026-04-25 21:48:10,723 - freqtrade.resolvers.strategy_resolver - INFO - Override strategy 'use_exit_signal' with value from the configuration: True.
2026-04-25 21:48:10,724 - freqtrade.resolvers.strategy_resolver - INFO - Override strategy 'max_open_trades' with value from the configuration: 3.
2026-04-25 21:48:10,724 - freqtrade.resolvers.strategy_resolver - INFO - Strategy using minimal_roi: {'0': 1.884855948176955, '13': 0.9831235150995816, '146': 0.10205888665209568, '38': 
0.36305014744305897}
2026-04-25 21:48:10,724 - freqtrade.resolvers.strategy_resolver - INFO - Strategy using timeframe: 5m
2026-04-25 21:48:10,725 - freqtrade.resolvers.strategy_resolver - INFO - Strategy using stoploss: -0.7163265490951073
2026-04-25 21:48:10,725 - freqtrade.resolvers.strategy_resolver - INFO - Strategy using trailing_stop: False
2026-04-25 21:48:10,725 - freqtrade.resolvers.strategy_resolver - INFO - Strategy using trailing_stop_positive: 0.11099733931700118
2026-04-25 21:48:10,725 - freqtrade.resolvers.strategy_resolver - INFO - Strategy using trailing_stop_positive_offset: 0.16516116314769128
2026-04-25 21:48:10,726 - freqtrade.resolvers.strategy_resolver - INFO - Strategy using trailing_only_offset_is_reached: True
2026-04-25 21:48:10,726 - freqtrade.resolvers.strategy_resolver - INFO - Strategy using use_custom_stoploss: False
2026-04-25 21:48:10,726 - freqtrade.resolvers.strategy_resolver - INFO - Strategy using process_only_new_candles: True
2026-04-25 21:48:10,726 - freqtrade.resolvers.strategy_resolver - INFO - Strategy using order_types: {'entry': 'limit', 'exit': 'limit', 'stoploss': 'limit', 'stoploss_on_exchange': False, 
'stoploss_on_exchange_interval': 60}
2026-04-25 21:48:10,727 - freqtrade.resolvers.strategy_resolver - INFO - Strategy using order_time_in_force: {'entry': 'GTC', 'exit': 'GTC'}
2026-04-25 21:48:10,727 - freqtrade.resolvers.strategy_resolver - INFO - Strategy using stake_currency: USDT
2026-04-25 21:48:10,727 - freqtrade.resolvers.strategy_resolver - INFO - Strategy using stake_amount: unlimited
2026-04-25 21:48:10,728 - freqtrade.resolvers.strategy_resolver - INFO - Strategy using startup_candle_count: 0
2026-04-25 21:48:10,728 - freqtrade.resolvers.strategy_resolver - INFO - Strategy using use_exit_signal: True
2026-04-25 21:48:10,728 - freqtrade.resolvers.strategy_resolver - INFO - Strategy using exit_profit_only: False
2026-04-25 21:48:10,728 - freqtrade.resolvers.strategy_resolver - INFO - Strategy using ignore_roi_if_entry_signal: False
2026-04-25 21:48:10,729 - freqtrade.resolvers.strategy_resolver - INFO - Strategy using exit_profit_offset: 0.0
2026-04-25 21:48:10,729 - freqtrade.resolvers.strategy_resolver - INFO - Strategy using disable_dataframe_checks: False
2026-04-25 21:48:10,729 - freqtrade.resolvers.strategy_resolver - INFO - Strategy using ignore_buying_expired_candle_after: 0
2026-04-25 21:48:10,729 - freqtrade.resolvers.strategy_resolver - INFO - Strategy using position_adjustment_enable: False
2026-04-25 21:48:10,730 - freqtrade.resolvers.strategy_resolver - INFO - Strategy using max_entry_position_adjustment: -1
2026-04-25 21:48:10,730 - freqtrade.resolvers.strategy_resolver - INFO - Strategy using max_open_trades: 3
2026-04-25 21:48:10,730 - freqtrade.configuration.config_validation - INFO - Validating configuration ...
2026-04-25 21:48:10,734 - freqtrade.resolvers.iresolver - INFO - Using resolved pairlist StaticPairList from 
'/home/mohs/Desktop/ae/pyside6/.venv/lib/python3.12/site-packages/freqtrade/plugins/pairlist/StaticPairList.py'...
2026-04-25 21:48:10,746 - freqtrade.optimize.backtesting - INFO - Using fee 0.1000% - worst case fee from exchange (lowest tier).
2026-04-25 21:48:10,883 - freqtrade.data.history.datahandlers.idatahandler - WARNING - XRP/USDT, spot, 5m, data ends at 2026-04-11 01:45:00
2026-04-25 21:48:11,282 - freqtrade.data.history.datahandlers.idatahandler - WARNING - HOME/USDT, spot, 5m, data starts at 2025-06-12 15:00:00
2026-04-25 21:48:11,311 - freqtrade.optimize.backtesting - INFO - Loading data from 2025-04-22 00:00:00 up to 2026-04-17 00:00:00 (360 days).
2026-04-25 21:48:13,381 - freqtrade.optimize.backtesting - INFO - Dataload complete. Calculating indicators
2026-04-25 21:48:13,386 - freqtrade.optimize.backtesting - INFO - Running backtesting for Strategy yes
2026-04-25 21:48:13,386 - freqtrade.strategy.hyper - INFO - Strategy Parameter: buy_ma_count = 18
2026-04-25 21:48:13,387 - freqtrade.strategy.hyper - INFO - Strategy Parameter: buy_ma_gap = 17
2026-04-25 21:48:13,387 - freqtrade.strategy.hyper - INFO - Strategy Parameter: sell_ma_count = 17
2026-04-25 21:48:13,387 - freqtrade.strategy.hyper - INFO - Strategy Parameter: sell_ma_gap = 7
2026-04-25 21:48:13,761 - freqtrade.optimize.backtesting - INFO - Backtesting with data from 2025-04-22 00:00:00 up to 2026-04-17 00:00:00 (360 days).
/home/mohs/Desktop/ae/pyside6/.venv/lib/python3.12/site-packages/freqtrade/data/metrics.py:77: FutureWarning: The default fill_method='pad' in DataFrame.pct_change is deprecated and will be removed in a future version. Either fill in any non-leading NA values prior to calling pct_change or specify 'fill_method=None' to not fill NA values.
  rel_mean = df_comb.pct_change().mean(axis=1).fillna(0).cumsum()
2026-04-25 21:48:17,411 - freqtrade.misc - INFO - dumping json to "/home/mohs/Desktop/ae/pyside6/user_data/backtest_results/backtest-result-2026-04-25_21-48-17.meta.json"
Result for strategy yes
                                              BACKTESTING REPORT                                              
┏━━━━━━━━━━━┳━━━━━━━━┳━━━━━━━━━━━━━━┳━━━━━━━━━━━━━━━━━┳━━━━━━━━━━━━━━┳━━━━━━━━━━━━━━┳━━━━━━━━━━━━━━━━━━━━━━━━┓
┃      Pair ┃ Trades ┃ Avg Profit % ┃ Tot Profit USDT ┃ Tot Profit % ┃ Avg Duration ┃  Win  Draw  Loss  Win% ┃
┡━━━━━━━━━━━╇━━━━━━━━╇━━━━━━━━━━━━━━╇━━━━━━━━━━━━━━━━━╇━━━━━━━━━━━━━━╇━━━━━━━━━━━━━━╇━━━━━━━━━━━━━━━━━━━━━━━━┩
│ HOME/USDT │    282 │        -0.05 │          -6.109 │        -4.07 │      0:54:00 │   91     0   191  32.3 │
│  XRP/USDT │    316 │        -0.09 │         -13.470 │        -8.98 │      0:53:00 │   87     0   229  27.5 │
│  ETH/USDT │    301 │        -0.13 │         -16.975 │       -11.32 │      0:53:00 │   91     0   210  30.2 │
│     TOTAL │    899 │        -0.09 │         -36.554 │       -24.37 │      0:53:00 │  269     0   630  29.9 │
└───────────┴────────┴──────────────┴─────────────────┴──────────────┴──────────────┴────────────────────────┘
                                         LEFT OPEN TRADES REPORT                                          
┏━━━━━━━┳━━━━━━━━┳━━━━━━━━━━━━━━┳━━━━━━━━━━━━━━━━━┳━━━━━━━━━━━━━━┳━━━━━━━━━━━━━━┳━━━━━━━━━━━━━━━━━━━━━━━━┓
┃  Pair ┃ Trades ┃ Avg Profit % ┃ Tot Profit USDT ┃ Tot Profit % ┃ Avg Duration ┃  Win  Draw  Loss  Win% ┃
┡━━━━━━━╇━━━━━━━━╇━━━━━━━━━━━━━━╇━━━━━━━━━━━━━━━━━╇━━━━━━━━━━━━━━╇━━━━━━━━━━━━━━╇━━━━━━━━━━━━━━━━━━━━━━━━┩
│ TOTAL │      0 │          0.0 │           0.000 │          0.0 │         0:00 │    0     0     0     0 │
└───────┴────────┴──────────────┴─────────────────┴──────────────┴──────────────┴────────────────────────┘
                                                ENTER TAG STATS                                                
┏━━━━━━━━━━━┳━━━━━━━━━┳━━━━━━━━━━━━━━┳━━━━━━━━━━━━━━━━━┳━━━━━━━━━━━━━━┳━━━━━━━━━━━━━━┳━━━━━━━━━━━━━━━━━━━━━━━━┓
┃ Enter Tag ┃ Entries ┃ Avg Profit % ┃ Tot Profit USDT ┃ Tot Profit % ┃ Avg Duration ┃  Win  Draw  Loss  Win% ┃
┡━━━━━━━━━━━╇━━━━━━━━━╇━━━━━━━━━━━━━━╇━━━━━━━━━━━━━━━━━╇━━━━━━━━━━━━━━╇━━━━━━━━━━━━━━╇━━━━━━━━━━━━━━━━━━━━━━━━┩
│     OTHER │     899 │        -0.09 │         -36.554 │       -24.37 │      0:53:00 │  269     0   630  29.9 │
│     TOTAL │     899 │        -0.09 │         -36.554 │       -24.37 │      0:53:00 │  269     0   630  29.9 │
└───────────┴─────────┴──────────────┴─────────────────┴──────────────┴──────────────┴────────────────────────┘
                                               EXIT REASON STATS                                               
┏━━━━━━━━━━━━━┳━━━━━━━┳━━━━━━━━━━━━━━┳━━━━━━━━━━━━━━━━━┳━━━━━━━━━━━━━━┳━━━━━━━━━━━━━━┳━━━━━━━━━━━━━━━━━━━━━━━━┓
┃ Exit Reason ┃ Exits ┃ Avg Profit % ┃ Tot Profit USDT ┃ Tot Profit % ┃ Avg Duration ┃  Win  Draw  Loss  Win% ┃
┡━━━━━━━━━━━━━╇━━━━━━━╇━━━━━━━━━━━━━━╇━━━━━━━━━━━━━━━━━╇━━━━━━━━━━━━━━╇━━━━━━━━━━━━━━╇━━━━━━━━━━━━━━━━━━━━━━━━┩
│         roi │     2 │        10.21 │           8.557 │          5.7 │      2:32:00 │    2     0     0   100 │
│ exit_signal │   897 │        -0.11 │         -45.111 │       -30.07 │      0:53:00 │  267     0   630  29.8 │
│       TOTAL │   899 │        -0.09 │         -36.554 │       -24.37 │      0:53:00 │  269     0   630  29.9 │
└─────────────┴───────┴──────────────┴─────────────────┴──────────────┴──────────────┴────────────────────────┘
                                                      MIXED TAG STATS                                                       
┏━━━━━━━━━━━┳━━━━━━━━━━━━━┳━━━━━━━━┳━━━━━━━━━━━━━━┳━━━━━━━━━━━━━━━━━┳━━━━━━━━━━━━━━┳━━━━━━━━━━━━━━┳━━━━━━━━━━━━━━━━━━━━━━━━┓
┃ Enter Tag ┃ Exit Reason ┃ Trades ┃ Avg Profit % ┃ Tot Profit USDT ┃ Tot Profit % ┃ Avg Duration ┃  Win  Draw  Loss  Win% ┃
┡━━━━━━━━━━━╇━━━━━━━━━━━━━╇━━━━━━━━╇━━━━━━━━━━━━━━╇━━━━━━━━━━━━━━━━━╇━━━━━━━━━━━━━━╇━━━━━━━━━━━━━━╇━━━━━━━━━━━━━━━━━━━━━━━━┩
│           │         roi │      2 │        10.21 │           8.557 │          5.7 │      2:32:00 │    2     0     0   100 │
│           │ exit_signal │    897 │        -0.11 │         -45.111 │       -30.07 │      0:53:00 │  267     0   630  29.8 │
│     TOTAL │             │    899 │        -0.09 │         -36.554 │       -24.37 │      0:53:00 │  269     0   630  29.9 │
└───────────┴─────────────┴────────┴──────────────┴─────────────────┴──────────────┴──────────────┴────────────────────────┘
                         SUMMARY METRICS                          
┏━━━━━━━━━━━━━━━━━━━━━━━━━━━━━━━┳━━━━━━━━━━━━━━━━━━━━━━━━━━━━━━━━┓
┃ Metric                        ┃ Value                          ┃
┡━━━━━━━━━━━━━━━━━━━━━━━━━━━━━━━╇━━━━━━━━━━━━━━━━━━━━━━━━━━━━━━━━┩
│ Backtesting from              │ 2025-04-22 00:00:00            │
│ Backtesting to                │ 2026-04-17 00:00:00            │
│ Trading Mode                  │ Spot                           │
│ Max open trades               │ 3                              │
│                               │                                │
│ Total/Daily Avg Trades        │ 899 / 2.5                      │
│ Starting balance              │ 150 USDT                       │
│ Final balance                 │ 113.446 USDT                   │
│ Absolute profit               │ -36.554 USDT                   │
│ Total profit %                │ -24.37%                        │
│ CAGR %                        │ -24.66%                        │
│ Sortino                       │ -8.70                          │
│ Sharpe                        │ -3.78                          │
│ Calmar                        │ -5.04                          │
│ SQN                           │ -2.37                          │
│ Profit factor                 │ 0.77                           │
│ Expectancy (Ratio)            │ -0.04 (-0.16)                  │
│ Avg. daily profit             │ -0.102 USDT                    │
│ Avg. stake amount             │ 41.539 USDT                    │
│ Total trade volume            │ 74799.52 USDT                  │
│                               │                                │
│ Best Pair                     │ HOME/USDT -4.07%               │
│ Worst Pair                    │ ETH/USDT -11.32%               │
│ Best trade                    │ HOME/USDT 10.21%               │
│ Worst trade                   │ HOME/USDT -4.35%               │
│ Best day                      │ 4.048 USDT                     │
│ Worst day                     │ -3.753 USDT                    │
│ Days win/draw/lose            │ 92 / 69 / 196                  │
│ Min/Max/Avg. Duration Winners │ 0d 00:25 / 0d 03:00 / 0d 01:25 │
│ Min/Max/Avg. Duration Losers  │ 0d 00:05 / 0d 02:00 / 0d 00:40 │
│ Max Consecutive Wins / Loss   │ 6 / 25                         │
│ Rejected Entry signals        │ 0                              │
│ Entry/Exit Timeouts           │ 0 / 0                          │
│                               │                                │
│ Min balance                   │ 111.506 USDT                   │
│ Max balance                   │ 149.846 USDT                   │
│ Max % of account underwater   │ 25.66%                         │
│ Absolute drawdown             │ 38.494 USDT (25.66%)           │
│ Drawdown duration             │ 342 days 20:00:00              │
│ Profit at drawdown start      │ 0 USDT                         │
│ Profit at drawdown end        │ -38.494 USDT                   │
│ Drawdown start                │ 2025-04-25 12:40:00            │
│ Drawdown end                  │ 2026-04-03 08:40:00            │
│ Market change                 │ -10.52%                        │
└───────────────────────────────┴────────────────────────────────┘

Backtested 2025-04-22 00:00:00 -> 2026-04-17 00:00:00 | Max open trades : 3
                                                         STRATEGY SUMMARY                                                          
┏━━━━━━━━━━┳━━━━━━━━┳━━━━━━━━━━━━━━┳━━━━━━━━━━━━━━━━━┳━━━━━━━━━━━━━━┳━━━━━━━━━━━━━━┳━━━━━━━━━━━━━━━━━━━━━━━━┳━━━━━━━━━━━━━━━━━━━━━┓
┃ Strategy ┃ Trades ┃ Avg Profit % ┃ Tot Profit USDT ┃ Tot Profit % ┃ Avg Duration ┃  Win  Draw  Loss  Win% ┃            Drawdown ┃
┡━━━━━━━━━━╇━━━━━━━━╇━━━━━━━━━━━━━━╇━━━━━━━━━━━━━━━━━╇━━━━━━━━━━━━━━╇━━━━━━━━━━━━━━╇━━━━━━━━━━━━━━━━━━━━━━━━╇━━━━━━━━━━━━━━━━━━━━━┩
│      yes │    899 │        -0.09 │         -36.554 │       -24.37 │      0:53:00 │  269     0   630  29.9 │ 38.494 USDT  25.66% │
└──────────┴────────┴──────────────┴─────────────────┴──────────────┴──────────────┴────────────────────────┴─────────────────────┘