2026-04-25 22:28:30,183 - freqtrade - INFO - freqtrade 2026.3
2026-04-25 22:28:31,225 - freqtrade.configuration.load_config - INFO - Using config: /home/mohs/Desktop/ae/pyside6/user_data/config.json ...
2026-04-25 22:28:31,228 - freqtrade.loggers - INFO - Enabling colorized output.
2026-04-25 22:28:31,228 - freqtrade.loggers - INFO - Logfile configured
2026-04-25 22:28:31,228 - freqtrade.loggers - INFO - Verbosity set to 0
2026-04-25 22:28:31,229 - freqtrade.configuration.configuration - INFO - Using additional Strategy lookup path: 
/home/mohs/Desktop/ae/pyside6/user_data/optimizer/sessions/00d5d57f-9960-4dcc-ac23-ec438d4ba9c3/trial_035/strategy_dir
2026-04-25 22:28:31,229 - freqtrade.configuration.configuration - WARNING - `force_entry_enable` RPC message enabled.
2026-04-25 22:28:31,229 - freqtrade.configuration.configuration - INFO - Parameter -i/--timeframe detected ... Using timeframe: 5m ...
2026-04-25 22:28:31,229 - freqtrade.configuration.configuration - INFO - Parameter --max-open-trades detected, overriding max_open_trades to: 3 ...
2026-04-25 22:28:31,230 - freqtrade.configuration.configuration - INFO - Parameter --dry-run-wallet detected, overriding dry_run_wallet to: 150.0 ...
2026-04-25 22:28:31,230 - freqtrade.configuration.configuration - INFO - Parameter --timerange detected: 20250422-20260417 ...
2026-04-25 22:28:31,230 - freqtrade.configuration.configuration - INFO - Using user-data directory: /home/mohs/Desktop/ae/pyside6/user_data ...
2026-04-25 22:28:31,231 - freqtrade.configuration.configuration - INFO - Using data directory: /home/mohs/Desktop/ae/pyside6/user_data/data/binance ...
2026-04-25 22:28:31,231 - freqtrade.configuration.configuration - INFO - Parameter --export detected: trades ...
2026-04-25 22:28:31,232 - freqtrade.configuration.configuration - INFO - Parameter --cache=day detected ...
2026-04-25 22:28:31,232 - freqtrade.configuration.configuration - INFO - Using pairs ['XRP/USDT', 'ETH/USDT', 'HOME/USDT']
2026-04-25 22:28:31,232 - freqtrade.configuration.configuration - INFO - Filter trades by timerange: 20250422-20260417
2026-04-25 22:28:31,233 - freqtrade.exchange.check_exchange - INFO - Checking exchange...
2026-04-25 22:28:31,238 - freqtrade.exchange.check_exchange - INFO - Exchange "binance" is officially supported by the Freqtrade development team.
2026-04-25 22:28:31,239 - freqtrade.configuration.config_validation - INFO - Validating configuration ...
2026-04-25 22:28:31,241 - freqtrade.commands.optimize_commands - INFO - Starting freqtrade in Backtesting mode
2026-04-25 22:28:31,241 - freqtrade.exchange.exchange - INFO - Instance is running with dry_run enabled
2026-04-25 22:28:31,241 - freqtrade.exchange.exchange - INFO - Using CCXT 4.5.50
2026-04-25 22:28:31,242 - freqtrade.exchange.exchange - INFO - Applying additional ccxt config: {'enableRateLimit': True, 'timeout': 120000}
2026-04-25 22:28:31,247 - freqtrade.exchange.exchange - INFO - Applying additional ccxt config: {'enableRateLimit': True, 'timeout': 120000}
2026-04-25 22:28:31,252 - freqtrade.exchange.exchange - INFO - Using Exchange "Binance"
2026-04-25 22:28:32,378 - freqtrade.resolvers.exchange_resolver - INFO - Using resolved exchange 'Binance'...
2026-04-25 22:28:32,386 - freqtrade.resolvers.iresolver - INFO - Using resolved strategy yes from 
'/home/mohs/Desktop/ae/pyside6/user_data/optimizer/sessions/00d5d57f-9960-4dcc-ac23-ec438d4ba9c3/trial_035/strategy_dir/yes.py'...
2026-04-25 22:28:32,386 - freqtrade.strategy.hyper - INFO - Loading parameters from file 
/home/mohs/Desktop/ae/pyside6/user_data/optimizer/sessions/00d5d57f-9960-4dcc-ac23-ec438d4ba9c3/trial_035/strategy_dir/yes.json
2026-04-25 22:28:32,387 - freqtrade.resolvers.strategy_resolver - INFO - Override strategy 'timeframe' with value from the configuration: 5m.
2026-04-25 22:28:32,387 - freqtrade.resolvers.strategy_resolver - INFO - Override strategy 'stake_currency' with value from the configuration: USDT.
2026-04-25 22:28:32,387 - freqtrade.resolvers.strategy_resolver - INFO - Override strategy 'stake_amount' with value from the configuration: unlimited.
2026-04-25 22:28:32,387 - freqtrade.resolvers.strategy_resolver - INFO - Override strategy 'use_exit_signal' with value from the configuration: True.
2026-04-25 22:28:32,388 - freqtrade.resolvers.strategy_resolver - INFO - Override strategy 'max_open_trades' with value from the configuration: 3.
2026-04-25 22:28:32,388 - freqtrade.resolvers.strategy_resolver - INFO - Strategy using minimal_roi: {'0': 0.7283848404872628, '13': 0.3858470125265347, '146': 0.12902309508971826, '38': 
0.6850604115920813}
2026-04-25 22:28:32,388 - freqtrade.resolvers.strategy_resolver - INFO - Strategy using timeframe: 5m
2026-04-25 22:28:32,389 - freqtrade.resolvers.strategy_resolver - INFO - Strategy using stoploss: -0.30594748716372877
2026-04-25 22:28:32,389 - freqtrade.resolvers.strategy_resolver - INFO - Strategy using trailing_stop: False
2026-04-25 22:28:32,389 - freqtrade.resolvers.strategy_resolver - INFO - Strategy using trailing_stop_positive: 0.09788385016502676
2026-04-25 22:28:32,389 - freqtrade.resolvers.strategy_resolver - INFO - Strategy using trailing_stop_positive_offset: 0.05198895249019238
2026-04-25 22:28:32,390 - freqtrade.resolvers.strategy_resolver - INFO - Strategy using trailing_only_offset_is_reached: True
2026-04-25 22:28:32,390 - freqtrade.resolvers.strategy_resolver - INFO - Strategy using use_custom_stoploss: False
2026-04-25 22:28:32,390 - freqtrade.resolvers.strategy_resolver - INFO - Strategy using process_only_new_candles: True
2026-04-25 22:28:32,391 - freqtrade.resolvers.strategy_resolver - INFO - Strategy using order_types: {'entry': 'limit', 'exit': 'limit', 'stoploss': 'limit', 'stoploss_on_exchange': False, 
'stoploss_on_exchange_interval': 60}
2026-04-25 22:28:32,391 - freqtrade.resolvers.strategy_resolver - INFO - Strategy using order_time_in_force: {'entry': 'GTC', 'exit': 'GTC'}
2026-04-25 22:28:32,391 - freqtrade.resolvers.strategy_resolver - INFO - Strategy using stake_currency: USDT
2026-04-25 22:28:32,391 - freqtrade.resolvers.strategy_resolver - INFO - Strategy using stake_amount: unlimited
2026-04-25 22:28:32,392 - freqtrade.resolvers.strategy_resolver - INFO - Strategy using startup_candle_count: 0
2026-04-25 22:28:32,392 - freqtrade.resolvers.strategy_resolver - INFO - Strategy using use_exit_signal: True
2026-04-25 22:28:32,392 - freqtrade.resolvers.strategy_resolver - INFO - Strategy using exit_profit_only: False
2026-04-25 22:28:32,392 - freqtrade.resolvers.strategy_resolver - INFO - Strategy using ignore_roi_if_entry_signal: False
2026-04-25 22:28:32,393 - freqtrade.resolvers.strategy_resolver - INFO - Strategy using exit_profit_offset: 0.0
2026-04-25 22:28:32,393 - freqtrade.resolvers.strategy_resolver - INFO - Strategy using disable_dataframe_checks: False
2026-04-25 22:28:32,393 - freqtrade.resolvers.strategy_resolver - INFO - Strategy using ignore_buying_expired_candle_after: 0
2026-04-25 22:28:32,393 - freqtrade.resolvers.strategy_resolver - INFO - Strategy using position_adjustment_enable: False
2026-04-25 22:28:32,394 - freqtrade.resolvers.strategy_resolver - INFO - Strategy using max_entry_position_adjustment: -1
2026-04-25 22:28:32,394 - freqtrade.resolvers.strategy_resolver - INFO - Strategy using max_open_trades: 3
2026-04-25 22:28:32,394 - freqtrade.configuration.config_validation - INFO - Validating configuration ...
2026-04-25 22:28:32,398 - freqtrade.resolvers.iresolver - INFO - Using resolved pairlist StaticPairList from 
'/home/mohs/Desktop/ae/pyside6/.venv/lib/python3.12/site-packages/freqtrade/plugins/pairlist/StaticPairList.py'...
2026-04-25 22:28:32,411 - freqtrade.optimize.backtesting - INFO - Using fee 0.1000% - worst case fee from exchange (lowest tier).
2026-04-25 22:28:32,547 - freqtrade.data.history.datahandlers.idatahandler - WARNING - XRP/USDT, spot, 5m, data ends at 2026-04-11 01:45:00
2026-04-25 22:28:32,942 - freqtrade.data.history.datahandlers.idatahandler - WARNING - HOME/USDT, spot, 5m, data starts at 2025-06-12 15:00:00
2026-04-25 22:28:32,971 - freqtrade.optimize.backtesting - INFO - Loading data from 2025-04-22 00:00:00 up to 2026-04-17 00:00:00 (360 days).
2026-04-25 22:28:35,099 - freqtrade.optimize.backtesting - INFO - Dataload complete. Calculating indicators
2026-04-25 22:28:35,106 - freqtrade.optimize.backtesting - INFO - Running backtesting for Strategy yes
2026-04-25 22:28:35,106 - freqtrade.strategy.hyper - INFO - Strategy Parameter: buy_ma_count = 2
2026-04-25 22:28:35,107 - freqtrade.strategy.hyper - INFO - Strategy Parameter: buy_ma_gap = 48
2026-04-25 22:28:35,107 - freqtrade.strategy.hyper - INFO - Strategy Parameter: sell_ma_count = 20
2026-04-25 22:28:35,107 - freqtrade.strategy.hyper - INFO - Strategy Parameter: sell_ma_gap = 47
2026-04-25 22:28:35,254 - freqtrade.optimize.backtesting - INFO - Backtesting with data from 2025-04-22 00:00:00 up to 2026-04-17 00:00:00 (360 days).
/home/mohs/Desktop/ae/pyside6/.venv/lib/python3.12/site-packages/freqtrade/data/metrics.py:77: FutureWarning: The default fill_method='pad' in DataFrame.pct_change is deprecated and will be removed in a future version. Either fill in any non-leading NA values prior to calling pct_change or specify 'fill_method=None' to not fill NA values.
  rel_mean = df_comb.pct_change().mean(axis=1).fillna(0).cumsum()
2026-04-25 22:28:38,217 - freqtrade.misc - INFO - dumping json to "/home/mohs/Desktop/ae/pyside6/user_data/backtest_results/backtest-result-2026-04-25_22-28-38.meta.json"
Result for strategy yes
                                              BACKTESTING REPORT                                              
┏━━━━━━━━━━━┳━━━━━━━━┳━━━━━━━━━━━━━━┳━━━━━━━━━━━━━━━━━┳━━━━━━━━━━━━━━┳━━━━━━━━━━━━━━┳━━━━━━━━━━━━━━━━━━━━━━━━┓
┃      Pair ┃ Trades ┃ Avg Profit % ┃ Tot Profit USDT ┃ Tot Profit % ┃ Avg Duration ┃  Win  Draw  Loss  Win% ┃
┡━━━━━━━━━━━╇━━━━━━━━╇━━━━━━━━━━━━━━╇━━━━━━━━━━━━━━━━━╇━━━━━━━━━━━━━━╇━━━━━━━━━━━━━━╇━━━━━━━━━━━━━━━━━━━━━━━━┩
│  XRP/USDT │    148 │         0.04 │           2.182 │         1.45 │      2:19:00 │   49     0    99  33.1 │
│  ETH/USDT │    147 │        -0.11 │          -7.990 │        -5.33 │      2:15:00 │   46     0   101  31.3 │
│ HOME/USDT │    152 │        -0.43 │         -29.217 │       -19.48 │      1:53:00 │   41     0   111  27.0 │
│     TOTAL │    447 │        -0.17 │         -35.025 │       -23.35 │      2:09:00 │  136     0   311  30.4 │
└───────────┴────────┴──────────────┴─────────────────┴──────────────┴──────────────┴────────────────────────┘
                                           LEFT OPEN TRADES REPORT                                            
┏━━━━━━━━━━━┳━━━━━━━━┳━━━━━━━━━━━━━━┳━━━━━━━━━━━━━━━━━┳━━━━━━━━━━━━━━┳━━━━━━━━━━━━━━┳━━━━━━━━━━━━━━━━━━━━━━━━┓
┃      Pair ┃ Trades ┃ Avg Profit % ┃ Tot Profit USDT ┃ Tot Profit % ┃ Avg Duration ┃  Win  Draw  Loss  Win% ┃
┡━━━━━━━━━━━╇━━━━━━━━╇━━━━━━━━━━━━━━╇━━━━━━━━━━━━━━━━━╇━━━━━━━━━━━━━━╇━━━━━━━━━━━━━━╇━━━━━━━━━━━━━━━━━━━━━━━━┩
│ HOME/USDT │      1 │        -0.15 │          -0.056 │        -0.04 │      0:10:00 │    0     0     1     0 │
│     TOTAL │      1 │        -0.15 │          -0.056 │        -0.04 │      0:10:00 │    0     0     1     0 │
└───────────┴────────┴──────────────┴─────────────────┴──────────────┴──────────────┴────────────────────────┘
                                                ENTER TAG STATS                                                
┏━━━━━━━━━━━┳━━━━━━━━━┳━━━━━━━━━━━━━━┳━━━━━━━━━━━━━━━━━┳━━━━━━━━━━━━━━┳━━━━━━━━━━━━━━┳━━━━━━━━━━━━━━━━━━━━━━━━┓
┃ Enter Tag ┃ Entries ┃ Avg Profit % ┃ Tot Profit USDT ┃ Tot Profit % ┃ Avg Duration ┃  Win  Draw  Loss  Win% ┃
┡━━━━━━━━━━━╇━━━━━━━━━╇━━━━━━━━━━━━━━╇━━━━━━━━━━━━━━━━━╇━━━━━━━━━━━━━━╇━━━━━━━━━━━━━━╇━━━━━━━━━━━━━━━━━━━━━━━━┩
│     OTHER │     447 │        -0.17 │         -35.025 │       -23.35 │      2:09:00 │  136     0   311  30.4 │
│     TOTAL │     447 │        -0.17 │         -35.025 │       -23.35 │      2:09:00 │  136     0   311  30.4 │
└───────────┴─────────┴──────────────┴─────────────────┴──────────────┴──────────────┴────────────────────────┘
                                               EXIT REASON STATS                                               
┏━━━━━━━━━━━━━┳━━━━━━━┳━━━━━━━━━━━━━━┳━━━━━━━━━━━━━━━━━┳━━━━━━━━━━━━━━┳━━━━━━━━━━━━━━┳━━━━━━━━━━━━━━━━━━━━━━━━┓
┃ Exit Reason ┃ Exits ┃ Avg Profit % ┃ Tot Profit USDT ┃ Tot Profit % ┃ Avg Duration ┃  Win  Draw  Loss  Win% ┃
┡━━━━━━━━━━━━━╇━━━━━━━╇━━━━━━━━━━━━━━╇━━━━━━━━━━━━━━━━━╇━━━━━━━━━━━━━━╇━━━━━━━━━━━━━━╇━━━━━━━━━━━━━━━━━━━━━━━━┩
│         roi │     1 │        12.89 │           5.314 │         3.54 │      2:40:00 │    1     0     0   100 │
│  force_exit │     1 │        -0.15 │          -0.056 │        -0.04 │      0:10:00 │    0     0     1     0 │
│ exit_signal │   445 │         -0.2 │         -40.282 │       -26.85 │      2:09:00 │  135     0   310  30.3 │
│       TOTAL │   447 │        -0.17 │         -35.025 │       -23.35 │      2:09:00 │  136     0   311  30.4 │
└─────────────┴───────┴──────────────┴─────────────────┴──────────────┴──────────────┴────────────────────────┘
                                                      MIXED TAG STATS                                                       
┏━━━━━━━━━━━┳━━━━━━━━━━━━━┳━━━━━━━━┳━━━━━━━━━━━━━━┳━━━━━━━━━━━━━━━━━┳━━━━━━━━━━━━━━┳━━━━━━━━━━━━━━┳━━━━━━━━━━━━━━━━━━━━━━━━┓
┃ Enter Tag ┃ Exit Reason ┃ Trades ┃ Avg Profit % ┃ Tot Profit USDT ┃ Tot Profit % ┃ Avg Duration ┃  Win  Draw  Loss  Win% ┃
┡━━━━━━━━━━━╇━━━━━━━━━━━━━╇━━━━━━━━╇━━━━━━━━━━━━━━╇━━━━━━━━━━━━━━━━━╇━━━━━━━━━━━━━━╇━━━━━━━━━━━━━━╇━━━━━━━━━━━━━━━━━━━━━━━━┩
│           │         roi │      1 │        12.89 │           5.314 │         3.54 │      2:40:00 │    1     0     0   100 │
│           │  force_exit │      1 │        -0.15 │          -0.056 │        -0.04 │      0:10:00 │    0     0     1     0 │
│           │ exit_signal │    445 │         -0.2 │         -40.282 │       -26.85 │      2:09:00 │  135     0   310  30.3 │
│     TOTAL │             │    447 │        -0.17 │         -35.025 │       -23.35 │      2:09:00 │  136     0   311  30.4 │
└───────────┴─────────────┴────────┴──────────────┴─────────────────┴──────────────┴──────────────┴────────────────────────┘
                         SUMMARY METRICS                          
┏━━━━━━━━━━━━━━━━━━━━━━━━━━━━━━━┳━━━━━━━━━━━━━━━━━━━━━━━━━━━━━━━━┓
┃ Metric                        ┃ Value                          ┃
┡━━━━━━━━━━━━━━━━━━━━━━━━━━━━━━━╇━━━━━━━━━━━━━━━━━━━━━━━━━━━━━━━━┩
│ Backtesting from              │ 2025-04-22 00:00:00            │
│ Backtesting to                │ 2026-04-17 00:00:00            │
│ Trading Mode                  │ Spot                           │
│ Max open trades               │ 3                              │
│                               │                                │
│ Total/Daily Avg Trades        │ 447 / 1.24                     │
│ Starting balance              │ 150 USDT                       │
│ Final balance                 │ 114.975 USDT                   │
│ Absolute profit               │ -35.025 USDT                   │
│ Total profit %                │ -23.35%                        │
│ CAGR %                        │ -23.63%                        │
│ Sortino                       │ -4.38                          │
│ Sharpe                        │ -2.57                          │
│ Calmar                        │ -5.12                          │
│ SQN                           │ -2.29                          │
│ Profit factor                 │ 0.71                           │
│ Expectancy (Ratio)            │ -0.08 (-0.20)                  │
│ Avg. daily profit             │ -0.097 USDT                    │
│ Avg. stake amount             │ 43.061 USDT                    │
│ Total trade volume            │ 38538.644 USDT                 │
│                               │                                │
│ Best Pair                     │ XRP/USDT 1.45%                 │
│ Worst Pair                    │ HOME/USDT -19.48%              │
│ Best trade                    │ HOME/USDT 12.89%               │
│ Worst trade                   │ HOME/USDT -9.30%               │
│ Best day                      │ 6.13 USDT                      │
│ Worst day                     │ -4.476 USDT                    │
│ Days win/draw/lose            │ 57 / 174 / 129                 │
│ Min/Max/Avg. Duration Winners │ 0d 00:15 / 0d 07:50 / 0d 03:26 │
│ Min/Max/Avg. Duration Losers  │ 0d 00:05 / 0d 05:55 / 0d 01:35 │
│ Max Consecutive Wins / Loss   │ 6 / 21                         │
│ Rejected Entry signals        │ 0                              │
│ Entry/Exit Timeouts           │ 0 / 0                          │
│                               │                                │
│ Min balance                   │ 113.662 USDT                   │
│ Max balance                   │ 149.539 USDT                   │
│ Max % of account underwater   │ 24.23%                         │
│ Absolute drawdown             │ 36.338 USDT (24.23%)           │
│ Drawdown duration             │ 343 days 08:10:00              │
│ Profit at drawdown start      │ 0 USDT                         │
│ Profit at drawdown end        │ -36.338 USDT                   │
│ Drawdown start                │ 2025-04-23 00:50:00            │
│ Drawdown end                  │ 2026-04-01 09:00:00            │
│ Market change                 │ -10.52%                        │
└───────────────────────────────┴────────────────────────────────┘

Backtested 2025-04-22 00:00:00 -> 2026-04-17 00:00:00 | Max open trades : 3
                                                         STRATEGY SUMMARY                                                          
┏━━━━━━━━━━┳━━━━━━━━┳━━━━━━━━━━━━━━┳━━━━━━━━━━━━━━━━━┳━━━━━━━━━━━━━━┳━━━━━━━━━━━━━━┳━━━━━━━━━━━━━━━━━━━━━━━━┳━━━━━━━━━━━━━━━━━━━━━┓
┃ Strategy ┃ Trades ┃ Avg Profit % ┃ Tot Profit USDT ┃ Tot Profit % ┃ Avg Duration ┃  Win  Draw  Loss  Win% ┃            Drawdown ┃
┡━━━━━━━━━━╇━━━━━━━━╇━━━━━━━━━━━━━━╇━━━━━━━━━━━━━━━━━╇━━━━━━━━━━━━━━╇━━━━━━━━━━━━━━╇━━━━━━━━━━━━━━━━━━━━━━━━╇━━━━━━━━━━━━━━━━━━━━━┩
│      yes │    447 │        -0.17 │         -35.025 │       -23.35 │      2:09:00 │  136     0   311  30.4 │ 36.338 USDT  24.23% │
└──────────┴────────┴──────────────┴─────────────────┴──────────────┴──────────────┴────────────────────────┴─────────────────────┘