2026-04-25 20:06:47,682 - freqtrade - INFO - freqtrade 2026.3
2026-04-25 20:06:48,808 - freqtrade.configuration.load_config - INFO - Using config: /home/mohs/Desktop/ae/pyside6/user_data/config.json ...
2026-04-25 20:06:48,811 - freqtrade.loggers - INFO - Enabling colorized output.
2026-04-25 20:06:48,811 - freqtrade.loggers - INFO - Logfile configured
2026-04-25 20:06:48,811 - freqtrade.loggers - INFO - Verbosity set to 0
2026-04-25 20:06:48,812 - freqtrade.configuration.configuration - INFO - Using additional Strategy lookup path: 
/home/mohs/Desktop/ae/pyside6/user_data/optimizer/sessions/2228f2cd-52d5-4133-b521-f7915a036afc/trial_023/strategy_dir
2026-04-25 20:06:48,812 - freqtrade.configuration.configuration - WARNING - `force_entry_enable` RPC message enabled.
2026-04-25 20:06:48,812 - freqtrade.configuration.configuration - INFO - Parameter -i/--timeframe detected ... Using timeframe: 4h ...
2026-04-25 20:06:48,813 - freqtrade.configuration.configuration - INFO - Parameter --max-open-trades detected, overriding max_open_trades to: 4 ...
2026-04-25 20:06:48,813 - freqtrade.configuration.configuration - INFO - Parameter --dry-run-wallet detected, overriding dry_run_wallet to: 150.0 ...
2026-04-25 20:06:48,813 - freqtrade.configuration.configuration - INFO - Parameter --timerange detected: 20250422-20260417 ...
2026-04-25 20:06:48,813 - freqtrade.configuration.configuration - INFO - Using user-data directory: /home/mohs/Desktop/ae/pyside6/user_data ...
2026-04-25 20:06:48,814 - freqtrade.configuration.configuration - INFO - Using data directory: /home/mohs/Desktop/ae/pyside6/user_data/data/binance ...
2026-04-25 20:06:48,814 - freqtrade.configuration.configuration - INFO - Parameter --export detected: trades ...
2026-04-25 20:06:48,814 - freqtrade.configuration.configuration - INFO - Parameter --cache=day detected ...
2026-04-25 20:06:48,815 - freqtrade.configuration.configuration - INFO - Using pairs ['ETH/USDT', 'XRP/USDT', 'HOME/USDT', 'ADA/USDT']
2026-04-25 20:06:48,815 - freqtrade.configuration.configuration - INFO - Filter trades by timerange: 20250422-20260417
2026-04-25 20:06:48,815 - freqtrade.exchange.check_exchange - INFO - Checking exchange...
2026-04-25 20:06:48,822 - freqtrade.exchange.check_exchange - INFO - Exchange "binance" is officially supported by the Freqtrade development team.
2026-04-25 20:06:48,822 - freqtrade.configuration.config_validation - INFO - Validating configuration ...
2026-04-25 20:06:48,824 - freqtrade.commands.optimize_commands - INFO - Starting freqtrade in Backtesting mode
2026-04-25 20:06:48,825 - freqtrade.exchange.exchange - INFO - Instance is running with dry_run enabled
2026-04-25 20:06:48,825 - freqtrade.exchange.exchange - INFO - Using CCXT 4.5.50
2026-04-25 20:06:48,826 - freqtrade.exchange.exchange - INFO - Applying additional ccxt config: {'enableRateLimit': True, 'timeout': 120000}
2026-04-25 20:06:48,836 - freqtrade.exchange.exchange - INFO - Applying additional ccxt config: {'enableRateLimit': True, 'timeout': 120000}
2026-04-25 20:06:48,844 - freqtrade.exchange.exchange - INFO - Using Exchange "Binance"
2026-04-25 20:06:50,012 - freqtrade.resolvers.exchange_resolver - INFO - Using resolved exchange 'Binance'...
2026-04-25 20:06:50,021 - freqtrade.resolvers.iresolver - INFO - Using resolved strategy yty from 
'/home/mohs/Desktop/ae/pyside6/user_data/optimizer/sessions/2228f2cd-52d5-4133-b521-f7915a036afc/trial_023/strategy_dir/yty.py'...
2026-04-25 20:06:50,021 - freqtrade.strategy.hyper - INFO - Loading parameters from file 
/home/mohs/Desktop/ae/pyside6/user_data/optimizer/sessions/2228f2cd-52d5-4133-b521-f7915a036afc/trial_023/strategy_dir/yty.json
2026-04-25 20:06:50,022 - freqtrade.resolvers.strategy_resolver - INFO - Override strategy 'timeframe' with value from the configuration: 4h.
2026-04-25 20:06:50,022 - freqtrade.resolvers.strategy_resolver - INFO - Override strategy 'stake_currency' with value from the configuration: USDT.
2026-04-25 20:06:50,022 - freqtrade.resolvers.strategy_resolver - INFO - Override strategy 'stake_amount' with value from the configuration: unlimited.
2026-04-25 20:06:50,023 - freqtrade.resolvers.strategy_resolver - INFO - Override strategy 'use_exit_signal' with value from the configuration: True.
2026-04-25 20:06:50,023 - freqtrade.resolvers.strategy_resolver - INFO - Override strategy 'max_open_trades' with value from the configuration: 4.
2026-04-25 20:06:50,023 - freqtrade.resolvers.strategy_resolver - INFO - Strategy using minimal_roi: {'0': 0.7153151004176279, '1553': 0.7034223102914919, '2332': 0.682561354088429, '3169': 
0.16284589904791907}
2026-04-25 20:06:50,023 - freqtrade.resolvers.strategy_resolver - INFO - Strategy using timeframe: 4h
2026-04-25 20:06:50,024 - freqtrade.resolvers.strategy_resolver - INFO - Strategy using stoploss: -0.3964910428941209
2026-04-25 20:06:50,024 - freqtrade.resolvers.strategy_resolver - INFO - Strategy using trailing_stop: True
2026-04-25 20:06:50,024 - freqtrade.resolvers.strategy_resolver - INFO - Strategy using trailing_stop_positive_offset: 0.32200116079711855
2026-04-25 20:06:50,024 - freqtrade.resolvers.strategy_resolver - INFO - Strategy using trailing_only_offset_is_reached: False
2026-04-25 20:06:50,025 - freqtrade.resolvers.strategy_resolver - INFO - Strategy using use_custom_stoploss: False
2026-04-25 20:06:50,025 - freqtrade.resolvers.strategy_resolver - INFO - Strategy using process_only_new_candles: True
2026-04-25 20:06:50,025 - freqtrade.resolvers.strategy_resolver - INFO - Strategy using order_types: {'entry': 'limit', 'exit': 'limit', 'stoploss': 'limit', 'stoploss_on_exchange': False, 
'stoploss_on_exchange_interval': 60}
2026-04-25 20:06:50,025 - freqtrade.resolvers.strategy_resolver - INFO - Strategy using order_time_in_force: {'entry': 'GTC', 'exit': 'GTC'}
2026-04-25 20:06:50,026 - freqtrade.resolvers.strategy_resolver - INFO - Strategy using stake_currency: USDT
2026-04-25 20:06:50,026 - freqtrade.resolvers.strategy_resolver - INFO - Strategy using stake_amount: unlimited
2026-04-25 20:06:50,026 - freqtrade.resolvers.strategy_resolver - INFO - Strategy using startup_candle_count: 0
2026-04-25 20:06:50,026 - freqtrade.resolvers.strategy_resolver - INFO - Strategy using use_exit_signal: True
2026-04-25 20:06:50,027 - freqtrade.resolvers.strategy_resolver - INFO - Strategy using exit_profit_only: False
2026-04-25 20:06:50,027 - freqtrade.resolvers.strategy_resolver - INFO - Strategy using ignore_roi_if_entry_signal: False
2026-04-25 20:06:50,027 - freqtrade.resolvers.strategy_resolver - INFO - Strategy using exit_profit_offset: 0.0
2026-04-25 20:06:50,027 - freqtrade.resolvers.strategy_resolver - INFO - Strategy using disable_dataframe_checks: False
2026-04-25 20:06:50,028 - freqtrade.resolvers.strategy_resolver - INFO - Strategy using ignore_buying_expired_candle_after: 0
2026-04-25 20:06:50,028 - freqtrade.resolvers.strategy_resolver - INFO - Strategy using position_adjustment_enable: False
2026-04-25 20:06:50,028 - freqtrade.resolvers.strategy_resolver - INFO - Strategy using max_entry_position_adjustment: -1
2026-04-25 20:06:50,028 - freqtrade.resolvers.strategy_resolver - INFO - Strategy using max_open_trades: 4
2026-04-25 20:06:50,029 - freqtrade.configuration.config_validation - INFO - Validating configuration ...
2026-04-25 20:06:50,032 - freqtrade.resolvers.iresolver - INFO - Using resolved pairlist StaticPairList from 
'/home/mohs/Desktop/ae/pyside6/.venv/lib/python3.12/site-packages/freqtrade/plugins/pairlist/StaticPairList.py'...
2026-04-25 20:06:50,049 - freqtrade.optimize.backtesting - INFO - Using fee 0.1000% - worst case fee from exchange (lowest tier).
2026-04-25 20:06:50,057 - freqtrade.data.history.datahandlers.idatahandler - WARNING - ETH/USDT, spot, 4h, data starts at 2025-04-24 00:00:00
2026-04-25 20:06:50,072 - freqtrade.data.history.datahandlers.idatahandler - WARNING - XRP/USDT, spot, 4h, data starts at 2025-04-30 00:00:00
2026-04-25 20:06:50,085 - freqtrade.data.history.datahandlers.idatahandler - WARNING - HOME/USDT, spot, 4h, data starts at 2025-06-12 12:00:00
2026-04-25 20:06:50,099 - freqtrade.data.history.datahandlers.idatahandler - WARNING - ADA/USDT, spot, 4h, data starts at 2025-04-24 00:00:00
2026-04-25 20:06:50,107 - freqtrade.optimize.backtesting - INFO - Loading data from 2025-04-24 00:00:00 up to 2026-04-17 00:00:00 (358 days).
2026-04-25 20:06:50,192 - freqtrade.optimize.backtesting - INFO - Dataload complete. Calculating indicators
2026-04-25 20:06:50,196 - freqtrade.optimize.backtesting - INFO - Running backtesting for Strategy yty
2026-04-25 20:06:50,197 - freqtrade.strategy.hyper - INFO - Strategy Parameter: buy_ma_count = 18
2026-04-25 20:06:50,197 - freqtrade.strategy.hyper - INFO - Strategy Parameter: buy_ma_gap = 4
2026-04-25 20:06:50,197 - freqtrade.strategy.hyper - INFO - Strategy Parameter: sell_ma_count = 11
2026-04-25 20:06:50,198 - freqtrade.strategy.hyper - INFO - Strategy Parameter: sell_ma_gap = 85
2026-04-25 20:06:50,215 - freqtrade.optimize.backtesting - INFO - Backtesting with data from 2025-04-24 00:00:00 up to 2026-04-17 00:00:00 (358 days).
2026-04-25 20:06:50,955 - freqtrade.misc - INFO - dumping json to "/home/mohs/Desktop/ae/pyside6/user_data/backtest_results/backtest-result-2026-04-25_20-06-50.meta.json"
  ETH/USDT	
  XRP/USDT	
  HOME/USDT	
  ADA/USDT	
Result for strategy yty
                                                BACKTESTING REPORT                                                
┏━━━━━━━━━━━┳━━━━━━━━┳━━━━━━━━━━━━━━┳━━━━━━━━━━━━━━━━━┳━━━━━━━━━━━━━━┳━━━━━━━━━━━━━━━━━━┳━━━━━━━━━━━━━━━━━━━━━━━━┓
┃      Pair ┃ Trades ┃ Avg Profit % ┃ Tot Profit USDT ┃ Tot Profit % ┃     Avg Duration ┃  Win  Draw  Loss  Win% ┃
┡━━━━━━━━━━━╇━━━━━━━━╇━━━━━━━━━━━━━━╇━━━━━━━━━━━━━━━━━╇━━━━━━━━━━━━━━╇━━━━━━━━━━━━━━━━━━╇━━━━━━━━━━━━━━━━━━━━━━━━┩
│  ETH/USDT │      5 │         7.77 │          15.392 │        10.26 │ 10 days, 9:36:00 │    4     0     1  80.0 │
│  XRP/USDT │      8 │         2.43 │           6.024 │         4.02 │  9 days, 4:30:00 │    4     0     4  50.0 │
│  ADA/USDT │      6 │        -2.79 │          -8.159 │        -5.44 │ 11 days, 7:20:00 │    2     0     4  33.3 │
│ HOME/USDT │      7 │        -4.31 │         -13.368 │        -8.91 │ 10 days, 5:43:00 │    3     0     4  42.9 │
│     TOTAL │     26 │         0.44 │          -0.111 │        -0.07 │ 10 days, 4:37:00 │   13     0    13  50.0 │
└───────────┴────────┴──────────────┴─────────────────┴──────────────┴──────────────────┴────────────────────────┘
                                             LEFT OPEN TRADES REPORT                                             
┏━━━━━━━━━━┳━━━━━━━━┳━━━━━━━━━━━━━━┳━━━━━━━━━━━━━━━━━┳━━━━━━━━━━━━━━┳━━━━━━━━━━━━━━━━━━┳━━━━━━━━━━━━━━━━━━━━━━━━┓
┃     Pair ┃ Trades ┃ Avg Profit % ┃ Tot Profit USDT ┃ Tot Profit % ┃     Avg Duration ┃  Win  Draw  Loss  Win% ┃
┡━━━━━━━━━━╇━━━━━━━━╇━━━━━━━━━━━━━━╇━━━━━━━━━━━━━━━━━╇━━━━━━━━━━━━━━╇━━━━━━━━━━━━━━━━━━╇━━━━━━━━━━━━━━━━━━━━━━━━┩
│ XRP/USDT │      1 │         3.58 │           1.334 │         0.89 │   1 day, 4:00:00 │    1     0     0   100 │
│ ETH/USDT │      1 │        -1.45 │          -0.538 │        -0.36 │ 2 days, 16:00:00 │    0     0     1     0 │
│    TOTAL │      2 │         1.06 │           0.796 │         0.53 │  1 day, 22:00:00 │    1     0     1  50.0 │
└──────────┴────────┴──────────────┴─────────────────┴──────────────┴──────────────────┴────────────────────────┘
                                                  ENTER TAG STATS                                                  
┏━━━━━━━━━━━┳━━━━━━━━━┳━━━━━━━━━━━━━━┳━━━━━━━━━━━━━━━━━┳━━━━━━━━━━━━━━┳━━━━━━━━━━━━━━━━━━┳━━━━━━━━━━━━━━━━━━━━━━━━┓
┃ Enter Tag ┃ Entries ┃ Avg Profit % ┃ Tot Profit USDT ┃ Tot Profit % ┃     Avg Duration ┃  Win  Draw  Loss  Win% ┃
┡━━━━━━━━━━━╇━━━━━━━━━╇━━━━━━━━━━━━━━╇━━━━━━━━━━━━━━━━━╇━━━━━━━━━━━━━━╇━━━━━━━━━━━━━━━━━━╇━━━━━━━━━━━━━━━━━━━━━━━━┩
│     OTHER │      26 │         0.44 │          -0.111 │        -0.07 │ 10 days, 4:37:00 │   13     0    13  50.0 │
│     TOTAL │      26 │         0.44 │          -0.111 │        -0.07 │ 10 days, 4:37:00 │   13     0    13  50.0 │
└───────────┴─────────┴──────────────┴─────────────────┴──────────────┴──────────────────┴────────────────────────┘
                                                     EXIT REASON STATS                                                     
┏━━━━━━━━━━━━━━━━━━━━┳━━━━━━━┳━━━━━━━━━━━━━━┳━━━━━━━━━━━━━━━━━┳━━━━━━━━━━━━━━┳━━━━━━━━━━━━━━━━━━━┳━━━━━━━━━━━━━━━━━━━━━━━━┓
┃        Exit Reason ┃ Exits ┃ Avg Profit % ┃ Tot Profit USDT ┃ Tot Profit % ┃      Avg Duration ┃  Win  Draw  Loss  Win% ┃
┡━━━━━━━━━━━━━━━━━━━━╇━━━━━━━╇━━━━━━━━━━━━━━╇━━━━━━━━━━━━━━━━━╇━━━━━━━━━━━━━━╇━━━━━━━━━━━━━━━━━━━╇━━━━━━━━━━━━━━━━━━━━━━━━┩
│                roi │     9 │        16.28 │          58.560 │        39.04 │ 16 days, 12:27:00 │    9     0     0   100 │
│         force_exit │     2 │         1.06 │           0.796 │         0.53 │   1 day, 22:00:00 │    1     0     1  50.0 │
│ trailing_stop_loss │     1 │       -39.12 │         -16.815 │       -11.21 │  3 days, 16:00:00 │    0     0     1     0 │
│        exit_signal │    14 │        -7.01 │         -42.652 │       -28.43 │  7 days, 18:34:00 │    3     0    11  21.4 │
│              TOTAL │    26 │         0.44 │          -0.111 │        -0.07 │  10 days, 4:37:00 │   13     0    13  50.0 │
└────────────────────┴───────┴──────────────┴─────────────────┴──────────────┴───────────────────┴────────────────────────┘
                                                            MIXED TAG STATS                                                             
┏━━━━━━━━━━━┳━━━━━━━━━━━━━━━━━━━━┳━━━━━━━━┳━━━━━━━━━━━━━━┳━━━━━━━━━━━━━━━━━┳━━━━━━━━━━━━━━┳━━━━━━━━━━━━━━━━━━━┳━━━━━━━━━━━━━━━━━━━━━━━━┓
┃ Enter Tag ┃        Exit Reason ┃ Trades ┃ Avg Profit % ┃ Tot Profit USDT ┃ Tot Profit % ┃      Avg Duration ┃  Win  Draw  Loss  Win% ┃
┡━━━━━━━━━━━╇━━━━━━━━━━━━━━━━━━━━╇━━━━━━━━╇━━━━━━━━━━━━━━╇━━━━━━━━━━━━━━━━━╇━━━━━━━━━━━━━━╇━━━━━━━━━━━━━━━━━━━╇━━━━━━━━━━━━━━━━━━━━━━━━┩
│           │                roi │      9 │        16.28 │          58.560 │        39.04 │ 16 days, 12:27:00 │    9     0     0   100 │
│           │         force_exit │      2 │         1.06 │           0.796 │         0.53 │   1 day, 22:00:00 │    1     0     1  50.0 │
│           │ trailing_stop_loss │      1 │       -39.12 │         -16.815 │       -11.21 │  3 days, 16:00:00 │    0     0     1     0 │
│           │        exit_signal │     14 │        -7.01 │         -42.652 │       -28.43 │  7 days, 18:34:00 │    3     0    11  21.4 │
│     TOTAL │                    │     26 │         0.44 │          -0.111 │        -0.07 │  10 days, 4:37:00 │   13     0    13  50.0 │
└───────────┴────────────────────┴────────┴──────────────┴─────────────────┴──────────────┴───────────────────┴────────────────────────┘
                          SUMMARY METRICS                           
┏━━━━━━━━━━━━━━━━━━━━━━━━━━━━━━━┳━━━━━━━━━━━━━━━━━━━━━━━━━━━━━━━━━━┓
┃ Metric                        ┃ Value                            ┃
┡━━━━━━━━━━━━━━━━━━━━━━━━━━━━━━━╇━━━━━━━━━━━━━━━━━━━━━━━━━━━━━━━━━━┩
│ Backtesting from              │ 2025-04-24 00:00:00              │
│ Backtesting to                │ 2026-04-17 00:00:00              │
│ Trading Mode                  │ Spot                             │
│ Max open trades               │ 4                                │
│                               │                                  │
│ Total/Daily Avg Trades        │ 26 / 0.07                        │
│ Starting balance              │ 150 USDT                         │
│ Final balance                 │ 149.889 USDT                     │
│ Absolute profit               │ -0.111 USDT                      │
│ Total profit %                │ -0.07%                           │
│ CAGR %                        │ -0.08%                           │
│ Sortino                       │ -0.00                            │
│ Sharpe                        │ -0.00                            │
│ Calmar                        │ -0.02                            │
│ SQN                           │ -0.00                            │
│ Profit factor                 │ 1.00                             │
│ Expectancy (Ratio)            │ -0.00 (-0.00)                    │
│ Avg. daily profit             │ -0 USDT                          │
│ Avg. stake amount             │ 40.702 USDT                      │
│ Total trade volume            │ 2120.622 USDT                    │
│                               │                                  │
│ Best Pair                     │ ETH/USDT 10.26%                  │
│ Worst Pair                    │ HOME/USDT -8.91%                 │
│ Best trade                    │ HOME/USDT 16.29%                 │
│ Worst trade                   │ HOME/USDT -39.12%                │
│ Best day                      │ 9.736 USDT                       │
│ Worst day                     │ -20.751 USDT                     │
│ Days win/draw/lose            │ 11 / 260 / 11                    │
│ Min/Max/Avg. Duration Winners │ 1d 00:00 / 39d 12:00 / 12d 12:37 │
│ Min/Max/Avg. Duration Losers  │ 2d 16:00 / 22d 04:00 / 7d 20:37  │
│ Max Consecutive Wins / Loss   │ 5 / 6                            │
│ Rejected Entry signals        │ 0                                │
│ Entry/Exit Timeouts           │ 0 / 0                            │
│                               │                                  │
│ Min balance                   │ 145.842 USDT                     │
│ Max balance                   │ 192.889 USDT                     │
│ Max % of account underwater   │ 24.39%                           │
│ Absolute drawdown             │ 47.046 USDT (24.39%)             │
│ Drawdown duration             │ 140 days 08:00:00                │
│ Profit at drawdown start      │ 42.889 USDT                      │
│ Profit at drawdown end        │ -4.158 USDT                      │
│ Drawdown start                │ 2025-08-13 16:00:00              │
│ Drawdown end                  │ 2026-01-01 00:00:00              │
│ Market change                 │ -27.75%                          │
└───────────────────────────────┴──────────────────────────────────┘

Backtested 2025-04-24 00:00:00 -> 2026-04-17 00:00:00 | Max open trades : 4
                                                           STRATEGY SUMMARY                                                            
┏━━━━━━━━━━┳━━━━━━━━┳━━━━━━━━━━━━━━┳━━━━━━━━━━━━━━━━━┳━━━━━━━━━━━━━━┳━━━━━━━━━━━━━━━━━━┳━━━━━━━━━━━━━━━━━━━━━━━━┳━━━━━━━━━━━━━━━━━━━━━┓
┃ Strategy ┃ Trades ┃ Avg Profit % ┃ Tot Profit USDT ┃ Tot Profit % ┃     Avg Duration ┃  Win  Draw  Loss  Win% ┃            Drawdown ┃
┡━━━━━━━━━━╇━━━━━━━━╇━━━━━━━━━━━━━━╇━━━━━━━━━━━━━━━━━╇━━━━━━━━━━━━━━╇━━━━━━━━━━━━━━━━━━╇━━━━━━━━━━━━━━━━━━━━━━━━╇━━━━━━━━━━━━━━━━━━━━━┩
│      yty │     26 │         0.44 │          -0.111 │        -0.07 │ 10 days, 4:37:00 │   13     0    13  50.0 │ 47.046 USDT  24.39% │
└──────────┴────────┴──────────────┴─────────────────┴──────────────┴──────────────────┴────────────────────────┴─────────────────────┘