2026-04-25 20:06:25,858 - freqtrade - INFO - freqtrade 2026.3
2026-04-25 20:06:27,072 - freqtrade.configuration.load_config - INFO - Using config: /home/mohs/Desktop/ae/pyside6/user_data/config.json ...
2026-04-25 20:06:27,074 - freqtrade.loggers - INFO - Enabling colorized output.
2026-04-25 20:06:27,075 - freqtrade.loggers - INFO - Logfile configured
2026-04-25 20:06:27,075 - freqtrade.loggers - INFO - Verbosity set to 0
2026-04-25 20:06:27,075 - freqtrade.configuration.configuration - INFO - Using additional Strategy lookup path: 
/home/mohs/Desktop/ae/pyside6/user_data/optimizer/sessions/2228f2cd-52d5-4133-b521-f7915a036afc/trial_017/strategy_dir
2026-04-25 20:06:27,076 - freqtrade.configuration.configuration - WARNING - `force_entry_enable` RPC message enabled.
2026-04-25 20:06:27,076 - freqtrade.configuration.configuration - INFO - Parameter -i/--timeframe detected ... Using timeframe: 4h ...
2026-04-25 20:06:27,076 - freqtrade.configuration.configuration - INFO - Parameter --max-open-trades detected, overriding max_open_trades to: 4 ...
2026-04-25 20:06:27,076 - freqtrade.configuration.configuration - INFO - Parameter --dry-run-wallet detected, overriding dry_run_wallet to: 150.0 ...
2026-04-25 20:06:27,077 - freqtrade.configuration.configuration - INFO - Parameter --timerange detected: 20250422-20260417 ...
2026-04-25 20:06:27,077 - freqtrade.configuration.configuration - INFO - Using user-data directory: /home/mohs/Desktop/ae/pyside6/user_data ...
2026-04-25 20:06:27,077 - freqtrade.configuration.configuration - INFO - Using data directory: /home/mohs/Desktop/ae/pyside6/user_data/data/binance ...
2026-04-25 20:06:27,078 - freqtrade.configuration.configuration - INFO - Parameter --export detected: trades ...
2026-04-25 20:06:27,078 - freqtrade.configuration.configuration - INFO - Parameter --cache=day detected ...
2026-04-25 20:06:27,078 - freqtrade.configuration.configuration - INFO - Using pairs ['ETH/USDT', 'XRP/USDT', 'HOME/USDT', 'ADA/USDT']
2026-04-25 20:06:27,079 - freqtrade.configuration.configuration - INFO - Filter trades by timerange: 20250422-20260417
2026-04-25 20:06:27,079 - freqtrade.exchange.check_exchange - INFO - Checking exchange...
2026-04-25 20:06:27,085 - freqtrade.exchange.check_exchange - INFO - Exchange "binance" is officially supported by the Freqtrade development team.
2026-04-25 20:06:27,086 - freqtrade.configuration.config_validation - INFO - Validating configuration ...
2026-04-25 20:06:27,088 - freqtrade.commands.optimize_commands - INFO - Starting freqtrade in Backtesting mode
2026-04-25 20:06:27,088 - freqtrade.exchange.exchange - INFO - Instance is running with dry_run enabled
2026-04-25 20:06:27,089 - freqtrade.exchange.exchange - INFO - Using CCXT 4.5.50
2026-04-25 20:06:27,089 - freqtrade.exchange.exchange - INFO - Applying additional ccxt config: {'enableRateLimit': True, 'timeout': 120000}
2026-04-25 20:06:27,094 - freqtrade.exchange.exchange - INFO - Applying additional ccxt config: {'enableRateLimit': True, 'timeout': 120000}
2026-04-25 20:06:27,101 - freqtrade.exchange.exchange - INFO - Using Exchange "Binance"
2026-04-25 20:06:28,257 - freqtrade.resolvers.exchange_resolver - INFO - Using resolved exchange 'Binance'...
2026-04-25 20:06:28,266 - freqtrade.resolvers.iresolver - INFO - Using resolved strategy yty from 
'/home/mohs/Desktop/ae/pyside6/user_data/optimizer/sessions/2228f2cd-52d5-4133-b521-f7915a036afc/trial_017/strategy_dir/yty.py'...
2026-04-25 20:06:28,267 - freqtrade.strategy.hyper - INFO - Loading parameters from file 
/home/mohs/Desktop/ae/pyside6/user_data/optimizer/sessions/2228f2cd-52d5-4133-b521-f7915a036afc/trial_017/strategy_dir/yty.json
2026-04-25 20:06:28,267 - freqtrade.resolvers.strategy_resolver - INFO - Override strategy 'timeframe' with value from the configuration: 4h.
2026-04-25 20:06:28,268 - freqtrade.resolvers.strategy_resolver - INFO - Override strategy 'stake_currency' with value from the configuration: USDT.
2026-04-25 20:06:28,268 - freqtrade.resolvers.strategy_resolver - INFO - Override strategy 'stake_amount' with value from the configuration: unlimited.
2026-04-25 20:06:28,268 - freqtrade.resolvers.strategy_resolver - INFO - Override strategy 'use_exit_signal' with value from the configuration: True.
2026-04-25 20:06:28,268 - freqtrade.resolvers.strategy_resolver - INFO - Override strategy 'max_open_trades' with value from the configuration: 4.
2026-04-25 20:06:28,269 - freqtrade.resolvers.strategy_resolver - INFO - Strategy using minimal_roi: {'0': 1.5189518923310357, '1553': 0.4202545654391887, '2332': 0.30746792183733707, '3169': 
0.815774562105296}
2026-04-25 20:06:28,269 - freqtrade.resolvers.strategy_resolver - INFO - Strategy using timeframe: 4h
2026-04-25 20:06:28,269 - freqtrade.resolvers.strategy_resolver - INFO - Strategy using stoploss: -0.8077748445538898
2026-04-25 20:06:28,270 - freqtrade.resolvers.strategy_resolver - INFO - Strategy using trailing_stop: False
2026-04-25 20:06:28,270 - freqtrade.resolvers.strategy_resolver - INFO - Strategy using trailing_stop_positive_offset: 0.3860474256075406
2026-04-25 20:06:28,270 - freqtrade.resolvers.strategy_resolver - INFO - Strategy using trailing_only_offset_is_reached: False
2026-04-25 20:06:28,270 - freqtrade.resolvers.strategy_resolver - INFO - Strategy using use_custom_stoploss: False
2026-04-25 20:06:28,270 - freqtrade.resolvers.strategy_resolver - INFO - Strategy using process_only_new_candles: True
2026-04-25 20:06:28,271 - freqtrade.resolvers.strategy_resolver - INFO - Strategy using order_types: {'entry': 'limit', 'exit': 'limit', 'stoploss': 'limit', 'stoploss_on_exchange': False, 
'stoploss_on_exchange_interval': 60}
2026-04-25 20:06:28,271 - freqtrade.resolvers.strategy_resolver - INFO - Strategy using order_time_in_force: {'entry': 'GTC', 'exit': 'GTC'}
2026-04-25 20:06:28,271 - freqtrade.resolvers.strategy_resolver - INFO - Strategy using stake_currency: USDT
2026-04-25 20:06:28,272 - freqtrade.resolvers.strategy_resolver - INFO - Strategy using stake_amount: unlimited
2026-04-25 20:06:28,272 - freqtrade.resolvers.strategy_resolver - INFO - Strategy using startup_candle_count: 0
2026-04-25 20:06:28,272 - freqtrade.resolvers.strategy_resolver - INFO - Strategy using use_exit_signal: True
2026-04-25 20:06:28,272 - freqtrade.resolvers.strategy_resolver - INFO - Strategy using exit_profit_only: False
2026-04-25 20:06:28,272 - freqtrade.resolvers.strategy_resolver - INFO - Strategy using ignore_roi_if_entry_signal: False
2026-04-25 20:06:28,273 - freqtrade.resolvers.strategy_resolver - INFO - Strategy using exit_profit_offset: 0.0
2026-04-25 20:06:28,273 - freqtrade.resolvers.strategy_resolver - INFO - Strategy using disable_dataframe_checks: False
2026-04-25 20:06:28,273 - freqtrade.resolvers.strategy_resolver - INFO - Strategy using ignore_buying_expired_candle_after: 0
2026-04-25 20:06:28,273 - freqtrade.resolvers.strategy_resolver - INFO - Strategy using position_adjustment_enable: False
2026-04-25 20:06:28,274 - freqtrade.resolvers.strategy_resolver - INFO - Strategy using max_entry_position_adjustment: -1
2026-04-25 20:06:28,274 - freqtrade.resolvers.strategy_resolver - INFO - Strategy using max_open_trades: 4
2026-04-25 20:06:28,274 - freqtrade.configuration.config_validation - INFO - Validating configuration ...
2026-04-25 20:06:28,278 - freqtrade.resolvers.iresolver - INFO - Using resolved pairlist StaticPairList from 
'/home/mohs/Desktop/ae/pyside6/.venv/lib/python3.12/site-packages/freqtrade/plugins/pairlist/StaticPairList.py'...
2026-04-25 20:06:28,295 - freqtrade.optimize.backtesting - INFO - Using fee 0.1000% - worst case fee from exchange (lowest tier).
2026-04-25 20:06:28,304 - freqtrade.data.history.datahandlers.idatahandler - WARNING - ETH/USDT, spot, 4h, data starts at 2025-04-24 00:00:00
2026-04-25 20:06:28,321 - freqtrade.data.history.datahandlers.idatahandler - WARNING - XRP/USDT, spot, 4h, data starts at 2025-04-30 00:00:00
2026-04-25 20:06:28,334 - freqtrade.data.history.datahandlers.idatahandler - WARNING - HOME/USDT, spot, 4h, data starts at 2025-06-12 12:00:00
2026-04-25 20:06:28,347 - freqtrade.data.history.datahandlers.idatahandler - WARNING - ADA/USDT, spot, 4h, data starts at 2025-04-24 00:00:00
2026-04-25 20:06:28,356 - freqtrade.optimize.backtesting - INFO - Loading data from 2025-04-24 00:00:00 up to 2026-04-17 00:00:00 (358 days).
2026-04-25 20:06:28,439 - freqtrade.optimize.backtesting - INFO - Dataload complete. Calculating indicators
2026-04-25 20:06:28,443 - freqtrade.optimize.backtesting - INFO - Running backtesting for Strategy yty
2026-04-25 20:06:28,444 - freqtrade.strategy.hyper - INFO - Strategy Parameter: buy_ma_count = 20
2026-04-25 20:06:28,444 - freqtrade.strategy.hyper - INFO - Strategy Parameter: buy_ma_gap = 32
2026-04-25 20:06:28,444 - freqtrade.strategy.hyper - INFO - Strategy Parameter: sell_ma_count = 5
2026-04-25 20:06:28,444 - freqtrade.strategy.hyper - INFO - Strategy Parameter: sell_ma_gap = 15
2026-04-25 20:06:28,460 - freqtrade.optimize.backtesting - INFO - Backtesting with data from 2025-04-24 00:00:00 up to 2026-04-17 00:00:00 (358 days).
2026-04-25 20:06:28,760 - freqtrade.misc - INFO - dumping json to "/home/mohs/Desktop/ae/pyside6/user_data/backtest_results/backtest-result-2026-04-25_20-06-28.meta.json"
  ETH/USDT	
  XRP/USDT	
  HOME/USDT	
  ADA/USDT	
Result for strategy yty
                                               BACKTESTING REPORT                                                
┏━━━━━━━━━━━┳━━━━━━━━┳━━━━━━━━━━━━━━┳━━━━━━━━━━━━━━━━━┳━━━━━━━━━━━━━━┳━━━━━━━━━━━━━━━━━┳━━━━━━━━━━━━━━━━━━━━━━━━┓
┃      Pair ┃ Trades ┃ Avg Profit % ┃ Tot Profit USDT ┃ Tot Profit % ┃    Avg Duration ┃  Win  Draw  Loss  Win% ┃
┡━━━━━━━━━━━╇━━━━━━━━╇━━━━━━━━━━━━━━╇━━━━━━━━━━━━━━━━━╇━━━━━━━━━━━━━━╇━━━━━━━━━━━━━━━━━╇━━━━━━━━━━━━━━━━━━━━━━━━┩
│  XRP/USDT │      1 │         3.11 │           1.140 │         0.76 │        20:00:00 │    1     0     0   100 │
│ HOME/USDT │      0 │          0.0 │           0.000 │          0.0 │            0:00 │    0     0     0     0 │
│  ADA/USDT │      1 │         -3.4 │          -1.276 │        -0.85 │ 3 days, 4:00:00 │    0     0     1     0 │
│  ETH/USDT │      2 │        -3.61 │          -2.675 │        -1.78 │ 1 day, 18:00:00 │    0     0     2     0 │
│     TOTAL │      4 │        -1.88 │          -2.811 │        -1.87 │ 1 day, 21:00:00 │    1     0     3  25.0 │
└───────────┴────────┴──────────────┴─────────────────┴──────────────┴─────────────────┴────────────────────────┘
                                           LEFT OPEN TRADES REPORT                                           
┏━━━━━━━━━━┳━━━━━━━━┳━━━━━━━━━━━━━━┳━━━━━━━━━━━━━━━━━┳━━━━━━━━━━━━━━┳━━━━━━━━━━━━━━┳━━━━━━━━━━━━━━━━━━━━━━━━┓
┃     Pair ┃ Trades ┃ Avg Profit % ┃ Tot Profit USDT ┃ Tot Profit % ┃ Avg Duration ┃  Win  Draw  Loss  Win% ┃
┡━━━━━━━━━━╇━━━━━━━━╇━━━━━━━━━━━━━━╇━━━━━━━━━━━━━━━━━╇━━━━━━━━━━━━━━╇━━━━━━━━━━━━━━╇━━━━━━━━━━━━━━━━━━━━━━━━┩
│ XRP/USDT │      1 │         3.11 │           1.140 │         0.76 │     20:00:00 │    1     0     0   100 │
│    TOTAL │      1 │         3.11 │           1.140 │         0.76 │     20:00:00 │    1     0     0   100 │
└──────────┴────────┴──────────────┴─────────────────┴──────────────┴──────────────┴────────────────────────┘
                                                 ENTER TAG STATS                                                  
┏━━━━━━━━━━━┳━━━━━━━━━┳━━━━━━━━━━━━━━┳━━━━━━━━━━━━━━━━━┳━━━━━━━━━━━━━━┳━━━━━━━━━━━━━━━━━┳━━━━━━━━━━━━━━━━━━━━━━━━┓
┃ Enter Tag ┃ Entries ┃ Avg Profit % ┃ Tot Profit USDT ┃ Tot Profit % ┃    Avg Duration ┃  Win  Draw  Loss  Win% ┃
┡━━━━━━━━━━━╇━━━━━━━━━╇━━━━━━━━━━━━━━╇━━━━━━━━━━━━━━━━━╇━━━━━━━━━━━━━━╇━━━━━━━━━━━━━━━━━╇━━━━━━━━━━━━━━━━━━━━━━━━┩
│     OTHER │       4 │        -1.88 │          -2.811 │        -1.87 │ 1 day, 21:00:00 │    1     0     3  25.0 │
│     TOTAL │       4 │        -1.88 │          -2.811 │        -1.87 │ 1 day, 21:00:00 │    1     0     3  25.0 │
└───────────┴─────────┴──────────────┴─────────────────┴──────────────┴─────────────────┴────────────────────────┘
                                                EXIT REASON STATS                                                 
┏━━━━━━━━━━━━━┳━━━━━━━┳━━━━━━━━━━━━━━┳━━━━━━━━━━━━━━━━━┳━━━━━━━━━━━━━━┳━━━━━━━━━━━━━━━━━┳━━━━━━━━━━━━━━━━━━━━━━━━┓
┃ Exit Reason ┃ Exits ┃ Avg Profit % ┃ Tot Profit USDT ┃ Tot Profit % ┃    Avg Duration ┃  Win  Draw  Loss  Win% ┃
┡━━━━━━━━━━━━━╇━━━━━━━╇━━━━━━━━━━━━━━╇━━━━━━━━━━━━━━━━━╇━━━━━━━━━━━━━━╇━━━━━━━━━━━━━━━━━╇━━━━━━━━━━━━━━━━━━━━━━━━┩
│  force_exit │     1 │         3.11 │           1.140 │         0.76 │        20:00:00 │    1     0     0   100 │
│ exit_signal │     3 │        -3.54 │          -3.951 │        -2.63 │ 2 days, 5:20:00 │    0     0     3     0 │
│       TOTAL │     4 │        -1.88 │          -2.811 │        -1.87 │ 1 day, 21:00:00 │    1     0     3  25.0 │
└─────────────┴───────┴──────────────┴─────────────────┴──────────────┴─────────────────┴────────────────────────┘
                                                        MIXED TAG STATS                                                        
┏━━━━━━━━━━━┳━━━━━━━━━━━━━┳━━━━━━━━┳━━━━━━━━━━━━━━┳━━━━━━━━━━━━━━━━━┳━━━━━━━━━━━━━━┳━━━━━━━━━━━━━━━━━┳━━━━━━━━━━━━━━━━━━━━━━━━┓
┃ Enter Tag ┃ Exit Reason ┃ Trades ┃ Avg Profit % ┃ Tot Profit USDT ┃ Tot Profit % ┃    Avg Duration ┃  Win  Draw  Loss  Win% ┃
┡━━━━━━━━━━━╇━━━━━━━━━━━━━╇━━━━━━━━╇━━━━━━━━━━━━━━╇━━━━━━━━━━━━━━━━━╇━━━━━━━━━━━━━━╇━━━━━━━━━━━━━━━━━╇━━━━━━━━━━━━━━━━━━━━━━━━┩
│           │  force_exit │      1 │         3.11 │           1.140 │         0.76 │        20:00:00 │    1     0     0   100 │
│           │ exit_signal │      3 │        -3.54 │          -3.951 │        -2.63 │ 2 days, 5:20:00 │    0     0     3     0 │
│     TOTAL │             │      4 │        -1.88 │          -2.811 │        -1.87 │ 1 day, 21:00:00 │    1     0     3  25.0 │
└───────────┴─────────────┴────────┴──────────────┴─────────────────┴──────────────┴─────────────────┴────────────────────────┘
                         SUMMARY METRICS                          
┏━━━━━━━━━━━━━━━━━━━━━━━━━━━━━━━┳━━━━━━━━━━━━━━━━━━━━━━━━━━━━━━━━┓
┃ Metric                        ┃ Value                          ┃
┡━━━━━━━━━━━━━━━━━━━━━━━━━━━━━━━╇━━━━━━━━━━━━━━━━━━━━━━━━━━━━━━━━┩
│ Backtesting from              │ 2025-04-24 00:00:00            │
│ Backtesting to                │ 2026-04-17 00:00:00            │
│ Trading Mode                  │ Spot                           │
│ Max open trades               │ 4                              │
│                               │                                │
│ Total/Daily Avg Trades        │ 4 / 0.01                       │
│ Starting balance              │ 150 USDT                       │
│ Final balance                 │ 147.189 USDT                   │
│ Absolute profit               │ -2.811 USDT                    │
│ Total profit %                │ -1.87%                         │
│ CAGR %                        │ -1.91%                         │
│ Sortino                       │ -0.23                          │
│ Sharpe                        │ -0.12                          │
│ Calmar                        │ -3.80                          │
│ SQN                           │ -1.01                          │
│ Profit factor                 │ 0.29                           │
│ Expectancy (Ratio)            │ -0.70 (-0.53)                  │
│ Avg. daily profit             │ -0.008 USDT                    │
│ Avg. stake amount             │ 36.929 USDT                    │
│ Total trade volume            │ 293.206 USDT                   │
│                               │                                │
│ Best Pair                     │ XRP/USDT 0.76%                 │
│ Worst Pair                    │ ETH/USDT -1.78%                │
│ Best trade                    │ XRP/USDT 3.11%                 │
│ Worst trade                   │ ETH/USDT -5.78%                │
│ Best day                      │ 0.609 USDT                     │
│ Worst day                     │ -2.144 USDT                    │
│ Days win/draw/lose            │ 1 / 27 / 2                     │
│ Min/Max/Avg. Duration Winners │ 0d 20:00 / 0d 20:00 / 0d 20:00 │
│ Min/Max/Avg. Duration Losers  │ 0d 20:00 / 3d 04:00 / 2d 05:20 │
│ Max Consecutive Wins / Loss   │ 1 / 3                          │
│ Rejected Entry signals        │ 0                              │
│ Entry/Exit Timeouts           │ 0 / 0                          │
│                               │                                │
│ Min balance                   │ 146.049 USDT                   │
│ Max balance                   │ 148.724 USDT                   │
│ Max % of account underwater   │ 2.63%                          │
│ Absolute drawdown             │ 3.951 USDT (2.63%)             │
│ Drawdown duration             │ 28 days 16:00:00               │
│ Profit at drawdown start      │ 0 USDT                         │
│ Profit at drawdown end        │ -3.951 USDT                    │
│ Drawdown start                │ 2026-03-19 08:00:00            │
│ Drawdown end                  │ 2026-04-17 00:00:00            │
│ Market change                 │ -27.75%                        │
└───────────────────────────────┴────────────────────────────────┘

Backtested 2025-04-24 00:00:00 -> 2026-04-17 00:00:00 | Max open trades : 4
                                                          STRATEGY SUMMARY                                                          
┏━━━━━━━━━━┳━━━━━━━━┳━━━━━━━━━━━━━━┳━━━━━━━━━━━━━━━━━┳━━━━━━━━━━━━━━┳━━━━━━━━━━━━━━━━━┳━━━━━━━━━━━━━━━━━━━━━━━━┳━━━━━━━━━━━━━━━━━━━┓
┃ Strategy ┃ Trades ┃ Avg Profit % ┃ Tot Profit USDT ┃ Tot Profit % ┃    Avg Duration ┃  Win  Draw  Loss  Win% ┃          Drawdown ┃
┡━━━━━━━━━━╇━━━━━━━━╇━━━━━━━━━━━━━━╇━━━━━━━━━━━━━━━━━╇━━━━━━━━━━━━━━╇━━━━━━━━━━━━━━━━━╇━━━━━━━━━━━━━━━━━━━━━━━━╇━━━━━━━━━━━━━━━━━━━┩
│      yty │      4 │        -1.88 │          -2.811 │        -1.87 │ 1 day, 21:00:00 │    1     0     3  25.0 │ 3.951 USDT  2.63% │
└──────────┴────────┴──────────────┴─────────────────┴──────────────┴─────────────────┴────────────────────────┴───────────────────┘