2026-04-25 22:32:55,986 - freqtrade - INFO - freqtrade 2026.3
2026-04-25 22:32:57,026 - freqtrade.configuration.load_config - INFO - Using config: /home/mohs/Desktop/ae/pyside6/user_data/config.json ...
2026-04-25 22:32:57,028 - freqtrade.loggers - INFO - Enabling colorized output.
2026-04-25 22:32:57,028 - freqtrade.loggers - INFO - Logfile configured
2026-04-25 22:32:57,028 - freqtrade.loggers - INFO - Verbosity set to 0
2026-04-25 22:32:57,029 - freqtrade.configuration.configuration - INFO - Using additional Strategy lookup path: 
/home/mohs/Desktop/ae/pyside6/user_data/optimizer/sessions/00d5d57f-9960-4dcc-ac23-ec438d4ba9c3/trial_065/strategy_dir
2026-04-25 22:32:57,029 - freqtrade.configuration.configuration - WARNING - `force_entry_enable` RPC message enabled.
2026-04-25 22:32:57,029 - freqtrade.configuration.configuration - INFO - Parameter -i/--timeframe detected ... Using timeframe: 5m ...
2026-04-25 22:32:57,030 - freqtrade.configuration.configuration - INFO - Parameter --max-open-trades detected, overriding max_open_trades to: 3 ...
2026-04-25 22:32:57,030 - freqtrade.configuration.configuration - INFO - Parameter --dry-run-wallet detected, overriding dry_run_wallet to: 150.0 ...
2026-04-25 22:32:57,030 - freqtrade.configuration.configuration - INFO - Parameter --timerange detected: 20250422-20260417 ...
2026-04-25 22:32:57,030 - freqtrade.configuration.configuration - INFO - Using user-data directory: /home/mohs/Desktop/ae/pyside6/user_data ...
2026-04-25 22:32:57,031 - freqtrade.configuration.configuration - INFO - Using data directory: /home/mohs/Desktop/ae/pyside6/user_data/data/binance ...
2026-04-25 22:32:57,031 - freqtrade.configuration.configuration - INFO - Parameter --export detected: trades ...
2026-04-25 22:32:57,031 - freqtrade.configuration.configuration - INFO - Parameter --cache=day detected ...
2026-04-25 22:32:57,031 - freqtrade.configuration.configuration - INFO - Using pairs ['XRP/USDT', 'ETH/USDT', 'HOME/USDT']
2026-04-25 22:32:57,032 - freqtrade.configuration.configuration - INFO - Filter trades by timerange: 20250422-20260417
2026-04-25 22:32:57,032 - freqtrade.exchange.check_exchange - INFO - Checking exchange...
2026-04-25 22:32:57,038 - freqtrade.exchange.check_exchange - INFO - Exchange "binance" is officially supported by the Freqtrade development team.
2026-04-25 22:32:57,039 - freqtrade.configuration.config_validation - INFO - Validating configuration ...
2026-04-25 22:32:57,041 - freqtrade.commands.optimize_commands - INFO - Starting freqtrade in Backtesting mode
2026-04-25 22:32:57,041 - freqtrade.exchange.exchange - INFO - Instance is running with dry_run enabled
2026-04-25 22:32:57,041 - freqtrade.exchange.exchange - INFO - Using CCXT 4.5.50
2026-04-25 22:32:57,042 - freqtrade.exchange.exchange - INFO - Applying additional ccxt config: {'enableRateLimit': True, 'timeout': 120000}
2026-04-25 22:32:57,047 - freqtrade.exchange.exchange - INFO - Applying additional ccxt config: {'enableRateLimit': True, 'timeout': 120000}
2026-04-25 22:32:57,052 - freqtrade.exchange.exchange - INFO - Using Exchange "Binance"
2026-04-25 22:32:58,226 - freqtrade.resolvers.exchange_resolver - INFO - Using resolved exchange 'Binance'...
2026-04-25 22:32:58,234 - freqtrade.resolvers.iresolver - INFO - Using resolved strategy yes from 
'/home/mohs/Desktop/ae/pyside6/user_data/optimizer/sessions/00d5d57f-9960-4dcc-ac23-ec438d4ba9c3/trial_065/strategy_dir/yes.py'...
2026-04-25 22:32:58,234 - freqtrade.strategy.hyper - INFO - Loading parameters from file 
/home/mohs/Desktop/ae/pyside6/user_data/optimizer/sessions/00d5d57f-9960-4dcc-ac23-ec438d4ba9c3/trial_065/strategy_dir/yes.json
2026-04-25 22:32:58,235 - freqtrade.resolvers.strategy_resolver - INFO - Override strategy 'timeframe' with value from the configuration: 5m.
2026-04-25 22:32:58,235 - freqtrade.resolvers.strategy_resolver - INFO - Override strategy 'stake_currency' with value from the configuration: USDT.
2026-04-25 22:32:58,235 - freqtrade.resolvers.strategy_resolver - INFO - Override strategy 'stake_amount' with value from the configuration: unlimited.
2026-04-25 22:32:58,236 - freqtrade.resolvers.strategy_resolver - INFO - Override strategy 'use_exit_signal' with value from the configuration: True.
2026-04-25 22:32:58,236 - freqtrade.resolvers.strategy_resolver - INFO - Override strategy 'max_open_trades' with value from the configuration: 3.
2026-04-25 22:32:58,236 - freqtrade.resolvers.strategy_resolver - INFO - Strategy using minimal_roi: {'0': 1.2081427247084302, '13': 0.2048049772114902, '146': 0.008715601758704464, '38': 
0.50798568663265}
2026-04-25 22:32:58,236 - freqtrade.resolvers.strategy_resolver - INFO - Strategy using timeframe: 5m
2026-04-25 22:32:58,237 - freqtrade.resolvers.strategy_resolver - INFO - Strategy using stoploss: -0.5030496163397504
2026-04-25 22:32:58,237 - freqtrade.resolvers.strategy_resolver - INFO - Strategy using trailing_stop: False
2026-04-25 22:32:58,237 - freqtrade.resolvers.strategy_resolver - INFO - Strategy using trailing_stop_positive: 0.48922472904073017
2026-04-25 22:32:58,237 - freqtrade.resolvers.strategy_resolver - INFO - Strategy using trailing_stop_positive_offset: 0.0542974543934507
2026-04-25 22:32:58,238 - freqtrade.resolvers.strategy_resolver - INFO - Strategy using trailing_only_offset_is_reached: True
2026-04-25 22:32:58,238 - freqtrade.resolvers.strategy_resolver - INFO - Strategy using use_custom_stoploss: False
2026-04-25 22:32:58,238 - freqtrade.resolvers.strategy_resolver - INFO - Strategy using process_only_new_candles: True
2026-04-25 22:32:58,238 - freqtrade.resolvers.strategy_resolver - INFO - Strategy using order_types: {'entry': 'limit', 'exit': 'limit', 'stoploss': 'limit', 'stoploss_on_exchange': False, 
'stoploss_on_exchange_interval': 60}
2026-04-25 22:32:58,239 - freqtrade.resolvers.strategy_resolver - INFO - Strategy using order_time_in_force: {'entry': 'GTC', 'exit': 'GTC'}
2026-04-25 22:32:58,239 - freqtrade.resolvers.strategy_resolver - INFO - Strategy using stake_currency: USDT
2026-04-25 22:32:58,239 - freqtrade.resolvers.strategy_resolver - INFO - Strategy using stake_amount: unlimited
2026-04-25 22:32:58,239 - freqtrade.resolvers.strategy_resolver - INFO - Strategy using startup_candle_count: 0
2026-04-25 22:32:58,240 - freqtrade.resolvers.strategy_resolver - INFO - Strategy using use_exit_signal: True
2026-04-25 22:32:58,240 - freqtrade.resolvers.strategy_resolver - INFO - Strategy using exit_profit_only: False
2026-04-25 22:32:58,240 - freqtrade.resolvers.strategy_resolver - INFO - Strategy using ignore_roi_if_entry_signal: False
2026-04-25 22:32:58,241 - freqtrade.resolvers.strategy_resolver - INFO - Strategy using exit_profit_offset: 0.0
2026-04-25 22:32:58,241 - freqtrade.resolvers.strategy_resolver - INFO - Strategy using disable_dataframe_checks: False
2026-04-25 22:32:58,241 - freqtrade.resolvers.strategy_resolver - INFO - Strategy using ignore_buying_expired_candle_after: 0
2026-04-25 22:32:58,241 - freqtrade.resolvers.strategy_resolver - INFO - Strategy using position_adjustment_enable: False
2026-04-25 22:32:58,242 - freqtrade.resolvers.strategy_resolver - INFO - Strategy using max_entry_position_adjustment: -1
2026-04-25 22:32:58,242 - freqtrade.resolvers.strategy_resolver - INFO - Strategy using max_open_trades: 3
2026-04-25 22:32:58,242 - freqtrade.configuration.config_validation - INFO - Validating configuration ...
2026-04-25 22:32:58,246 - freqtrade.resolvers.iresolver - INFO - Using resolved pairlist StaticPairList from 
'/home/mohs/Desktop/ae/pyside6/.venv/lib/python3.12/site-packages/freqtrade/plugins/pairlist/StaticPairList.py'...
2026-04-25 22:32:58,258 - freqtrade.optimize.backtesting - INFO - Using fee 0.1000% - worst case fee from exchange (lowest tier).
2026-04-25 22:32:58,395 - freqtrade.data.history.datahandlers.idatahandler - WARNING - XRP/USDT, spot, 5m, data ends at 2026-04-11 01:45:00
2026-04-25 22:32:58,795 - freqtrade.data.history.datahandlers.idatahandler - WARNING - HOME/USDT, spot, 5m, data starts at 2025-06-12 15:00:00
2026-04-25 22:32:58,824 - freqtrade.optimize.backtesting - INFO - Loading data from 2025-04-22 00:00:00 up to 2026-04-17 00:00:00 (360 days).
2026-04-25 22:33:00,883 - freqtrade.optimize.backtesting - INFO - Dataload complete. Calculating indicators
2026-04-25 22:33:00,890 - freqtrade.optimize.backtesting - INFO - Running backtesting for Strategy yes
2026-04-25 22:33:00,891 - freqtrade.strategy.hyper - INFO - Strategy Parameter: buy_ma_count = 2
2026-04-25 22:33:00,891 - freqtrade.strategy.hyper - INFO - Strategy Parameter: buy_ma_gap = 13
2026-04-25 22:33:00,891 - freqtrade.strategy.hyper - INFO - Strategy Parameter: sell_ma_count = 20
2026-04-25 22:33:00,891 - freqtrade.strategy.hyper - INFO - Strategy Parameter: sell_ma_gap = 23
2026-04-25 22:33:01,040 - freqtrade.optimize.backtesting - INFO - Backtesting with data from 2025-04-22 00:00:00 up to 2026-04-17 00:00:00 (360 days).
/home/mohs/Desktop/ae/pyside6/.venv/lib/python3.12/site-packages/freqtrade/data/metrics.py:77: FutureWarning: The default fill_method='pad' in DataFrame.pct_change is deprecated and will be removed in a future version. Either fill in any non-leading NA values prior to calling pct_change or specify 'fill_method=None' to not fill NA values.
  rel_mean = df_comb.pct_change().mean(axis=1).fillna(0).cumsum()
2026-04-25 22:33:04,223 - freqtrade.misc - INFO - dumping json to "/home/mohs/Desktop/ae/pyside6/user_data/backtest_results/backtest-result-2026-04-25_22-33-04.meta.json"
Result for strategy yes
                                              BACKTESTING REPORT                                              
┏━━━━━━━━━━━┳━━━━━━━━┳━━━━━━━━━━━━━━┳━━━━━━━━━━━━━━━━━┳━━━━━━━━━━━━━━┳━━━━━━━━━━━━━━┳━━━━━━━━━━━━━━━━━━━━━━━━┓
┃      Pair ┃ Trades ┃ Avg Profit % ┃ Tot Profit USDT ┃ Tot Profit % ┃ Avg Duration ┃  Win  Draw  Loss  Win% ┃
┡━━━━━━━━━━━╇━━━━━━━━╇━━━━━━━━━━━━━━╇━━━━━━━━━━━━━━━━━╇━━━━━━━━━━━━━━╇━━━━━━━━━━━━━━╇━━━━━━━━━━━━━━━━━━━━━━━━┩
│  ETH/USDT │    246 │        -0.07 │          -7.624 │        -5.08 │      1:10:00 │   83     0   163  33.7 │
│  XRP/USDT │    258 │        -0.13 │         -13.691 │        -9.13 │      1:06:00 │   77     0   181  29.8 │
│ HOME/USDT │    239 │        -0.22 │         -22.716 │       -15.14 │      1:07:00 │   72     0   167  30.1 │
│     TOTAL │    743 │        -0.14 │         -44.031 │       -29.35 │      1:08:00 │  232     0   511  31.2 │
└───────────┴────────┴──────────────┴─────────────────┴──────────────┴──────────────┴────────────────────────┘
                                         LEFT OPEN TRADES REPORT                                          
┏━━━━━━━┳━━━━━━━━┳━━━━━━━━━━━━━━┳━━━━━━━━━━━━━━━━━┳━━━━━━━━━━━━━━┳━━━━━━━━━━━━━━┳━━━━━━━━━━━━━━━━━━━━━━━━┓
┃  Pair ┃ Trades ┃ Avg Profit % ┃ Tot Profit USDT ┃ Tot Profit % ┃ Avg Duration ┃  Win  Draw  Loss  Win% ┃
┡━━━━━━━╇━━━━━━━━╇━━━━━━━━━━━━━━╇━━━━━━━━━━━━━━━━━╇━━━━━━━━━━━━━━╇━━━━━━━━━━━━━━╇━━━━━━━━━━━━━━━━━━━━━━━━┩
│ TOTAL │      0 │          0.0 │           0.000 │          0.0 │         0:00 │    0     0     0     0 │
└───────┴────────┴──────────────┴─────────────────┴──────────────┴──────────────┴────────────────────────┘
                                                ENTER TAG STATS                                                
┏━━━━━━━━━━━┳━━━━━━━━━┳━━━━━━━━━━━━━━┳━━━━━━━━━━━━━━━━━┳━━━━━━━━━━━━━━┳━━━━━━━━━━━━━━┳━━━━━━━━━━━━━━━━━━━━━━━━┓
┃ Enter Tag ┃ Entries ┃ Avg Profit % ┃ Tot Profit USDT ┃ Tot Profit % ┃ Avg Duration ┃  Win  Draw  Loss  Win% ┃
┡━━━━━━━━━━━╇━━━━━━━━━╇━━━━━━━━━━━━━━╇━━━━━━━━━━━━━━━━━╇━━━━━━━━━━━━━━╇━━━━━━━━━━━━━━╇━━━━━━━━━━━━━━━━━━━━━━━━┩
│     OTHER │     743 │        -0.14 │         -44.031 │       -29.35 │      1:08:00 │  232     0   511  31.2 │
│     TOTAL │     743 │        -0.14 │         -44.031 │       -29.35 │      1:08:00 │  232     0   511  31.2 │
└───────────┴─────────┴──────────────┴─────────────────┴──────────────┴──────────────┴────────────────────────┘
                                               EXIT REASON STATS                                               
┏━━━━━━━━━━━━━┳━━━━━━━┳━━━━━━━━━━━━━━┳━━━━━━━━━━━━━━━━━┳━━━━━━━━━━━━━━┳━━━━━━━━━━━━━━┳━━━━━━━━━━━━━━━━━━━━━━━━┓
┃ Exit Reason ┃ Exits ┃ Avg Profit % ┃ Tot Profit USDT ┃ Tot Profit % ┃ Avg Duration ┃  Win  Draw  Loss  Win% ┃
┡━━━━━━━━━━━━━╇━━━━━━━╇━━━━━━━━━━━━━━╇━━━━━━━━━━━━━━━━━╇━━━━━━━━━━━━━━╇━━━━━━━━━━━━━━╇━━━━━━━━━━━━━━━━━━━━━━━━┩
│         roi │    24 │         3.25 │          33.115 │        22.08 │      2:31:00 │   24     0     0   100 │
│ exit_signal │   719 │        -0.25 │         -77.146 │       -51.43 │      1:05:00 │  208     0   511  28.9 │
│       TOTAL │   743 │        -0.14 │         -44.031 │       -29.35 │      1:08:00 │  232     0   511  31.2 │
└─────────────┴───────┴──────────────┴─────────────────┴──────────────┴──────────────┴────────────────────────┘
                                                      MIXED TAG STATS                                                       
┏━━━━━━━━━━━┳━━━━━━━━━━━━━┳━━━━━━━━┳━━━━━━━━━━━━━━┳━━━━━━━━━━━━━━━━━┳━━━━━━━━━━━━━━┳━━━━━━━━━━━━━━┳━━━━━━━━━━━━━━━━━━━━━━━━┓
┃ Enter Tag ┃ Exit Reason ┃ Trades ┃ Avg Profit % ┃ Tot Profit USDT ┃ Tot Profit % ┃ Avg Duration ┃  Win  Draw  Loss  Win% ┃
┡━━━━━━━━━━━╇━━━━━━━━━━━━━╇━━━━━━━━╇━━━━━━━━━━━━━━╇━━━━━━━━━━━━━━━━━╇━━━━━━━━━━━━━━╇━━━━━━━━━━━━━━╇━━━━━━━━━━━━━━━━━━━━━━━━┩
│           │         roi │     24 │         3.25 │          33.115 │        22.08 │      2:31:00 │   24     0     0   100 │
│           │ exit_signal │    719 │        -0.25 │         -77.146 │       -51.43 │      1:05:00 │  208     0   511  28.9 │
│     TOTAL │             │    743 │        -0.14 │         -44.031 │       -29.35 │      1:08:00 │  232     0   511  31.2 │
└───────────┴─────────────┴────────┴──────────────┴─────────────────┴──────────────┴──────────────┴────────────────────────┘
                         SUMMARY METRICS                          
┏━━━━━━━━━━━━━━━━━━━━━━━━━━━━━━━┳━━━━━━━━━━━━━━━━━━━━━━━━━━━━━━━━┓
┃ Metric                        ┃ Value                          ┃
┡━━━━━━━━━━━━━━━━━━━━━━━━━━━━━━━╇━━━━━━━━━━━━━━━━━━━━━━━━━━━━━━━━┩
│ Backtesting from              │ 2025-04-22 00:00:00            │
│ Backtesting to                │ 2026-04-17 00:00:00            │
│ Trading Mode                  │ Spot                           │
│ Max open trades               │ 3                              │
│                               │                                │
│ Total/Daily Avg Trades        │ 743 / 2.06                     │
│ Starting balance              │ 150 USDT                       │
│ Final balance                 │ 105.969 USDT                   │
│ Absolute profit               │ -44.031 USDT                   │
│ Total profit %                │ -29.35%                        │
│ CAGR %                        │ -29.69%                        │
│ Sortino                       │ -6.99                          │
│ Sharpe                        │ -4.26                          │
│ Calmar                        │ -4.97                          │
│ SQN                           │ -2.95                          │
│ Profit factor                 │ 0.70                           │
│ Expectancy (Ratio)            │ -0.06 (-0.21)                  │
│ Avg. daily profit             │ -0.122 USDT                    │
│ Avg. stake amount             │ 41.959 USDT                    │
│ Total trade volume            │ 62432.108 USDT                 │
│                               │                                │
│ Best Pair                     │ ETH/USDT -5.08%                │
│ Worst Pair                    │ HOME/USDT -15.14%              │
│ Best trade                    │ HOME/USDT 8.82%                │
│ Worst trade                   │ HOME/USDT -7.31%               │
│ Best day                      │ 3.69 USDT                      │
│ Worst day                     │ -2.522 USDT                    │
│ Days win/draw/lose            │ 77 / 119 / 164                 │
│ Min/Max/Avg. Duration Winners │ 0d 00:20 / 0d 03:05 / 0d 01:44 │
│ Min/Max/Avg. Duration Losers  │ 0d 00:05 / 0d 03:25 / 0d 00:51 │
│ Max Consecutive Wins / Loss   │ 7 / 12                         │
│ Rejected Entry signals        │ 0                              │
│ Entry/Exit Timeouts           │ 0 / 0                          │
│                               │                                │
│ Min balance                   │ 105.652 USDT                   │
│ Max balance                   │ 153.923 USDT                   │
│ Max % of account underwater   │ 31.36%                         │
│ Absolute drawdown             │ 48.272 USDT (31.36%)           │
│ Drawdown duration             │ 355 days 21:35:00              │
│ Profit at drawdown start      │ 3.923 USDT                     │
│ Profit at drawdown end        │ -44.348 USDT                   │
│ Drawdown start                │ 2025-04-22 23:20:00            │
│ Drawdown end                  │ 2026-04-13 20:55:00            │
│ Market change                 │ -10.52%                        │
└───────────────────────────────┴────────────────────────────────┘

Backtested 2025-04-22 00:00:00 -> 2026-04-17 00:00:00 | Max open trades : 3
                                                         STRATEGY SUMMARY                                                          
┏━━━━━━━━━━┳━━━━━━━━┳━━━━━━━━━━━━━━┳━━━━━━━━━━━━━━━━━┳━━━━━━━━━━━━━━┳━━━━━━━━━━━━━━┳━━━━━━━━━━━━━━━━━━━━━━━━┳━━━━━━━━━━━━━━━━━━━━━┓
┃ Strategy ┃ Trades ┃ Avg Profit % ┃ Tot Profit USDT ┃ Tot Profit % ┃ Avg Duration ┃  Win  Draw  Loss  Win% ┃            Drawdown ┃
┡━━━━━━━━━━╇━━━━━━━━╇━━━━━━━━━━━━━━╇━━━━━━━━━━━━━━━━━╇━━━━━━━━━━━━━━╇━━━━━━━━━━━━━━╇━━━━━━━━━━━━━━━━━━━━━━━━╇━━━━━━━━━━━━━━━━━━━━━┩
│      yes │    743 │        -0.14 │         -44.031 │       -29.35 │      1:08:00 │  232     0   511  31.2 │ 48.272 USDT  31.36% │
└──────────┴────────┴──────────────┴─────────────────┴──────────────┴──────────────┴────────────────────────┴─────────────────────┘