2026-04-25 22:38:30,841 - freqtrade - INFO - freqtrade 2026.3
2026-04-25 22:38:31,885 - freqtrade.configuration.load_config - INFO - Using config: /home/mohs/Desktop/ae/pyside6/user_data/config.json ...
2026-04-25 22:38:31,887 - freqtrade.loggers - INFO - Enabling colorized output.
2026-04-25 22:38:31,887 - freqtrade.loggers - INFO - Logfile configured
2026-04-25 22:38:31,887 - freqtrade.loggers - INFO - Verbosity set to 0
2026-04-25 22:38:31,888 - freqtrade.configuration.configuration - INFO - Using additional Strategy lookup path: 
/home/mohs/Desktop/ae/pyside6/user_data/optimizer/sessions/b8194b7f-3716-497e-8a17-833c28d4e223/trial_007/strategy_dir
2026-04-25 22:38:31,888 - freqtrade.configuration.configuration - WARNING - `force_entry_enable` RPC message enabled.
2026-04-25 22:38:31,888 - freqtrade.configuration.configuration - INFO - Parameter -i/--timeframe detected ... Using timeframe: 4h ...
2026-04-25 22:38:31,889 - freqtrade.configuration.configuration - INFO - Parameter --max-open-trades detected, overriding max_open_trades to: 3 ...
2026-04-25 22:38:31,889 - freqtrade.configuration.configuration - INFO - Parameter --dry-run-wallet detected, overriding dry_run_wallet to: 150.0 ...
2026-04-25 22:38:31,889 - freqtrade.configuration.configuration - INFO - Parameter --timerange detected: 20250422-20260417 ...
2026-04-25 22:38:31,889 - freqtrade.configuration.configuration - INFO - Using user-data directory: /home/mohs/Desktop/ae/pyside6/user_data ...
2026-04-25 22:38:31,890 - freqtrade.configuration.configuration - INFO - Using data directory: /home/mohs/Desktop/ae/pyside6/user_data/data/binance ...
2026-04-25 22:38:31,890 - freqtrade.configuration.configuration - INFO - Parameter --export detected: trades ...
2026-04-25 22:38:31,890 - freqtrade.configuration.configuration - INFO - Parameter --cache=day detected ...
2026-04-25 22:38:31,891 - freqtrade.configuration.configuration - INFO - Using pairs ['XRP/USDT', 'ETH/USDT', 'HOME/USDT']
2026-04-25 22:38:31,891 - freqtrade.configuration.configuration - INFO - Filter trades by timerange: 20250422-20260417
2026-04-25 22:38:31,891 - freqtrade.exchange.check_exchange - INFO - Checking exchange...
2026-04-25 22:38:31,897 - freqtrade.exchange.check_exchange - INFO - Exchange "binance" is officially supported by the Freqtrade development team.
2026-04-25 22:38:31,898 - freqtrade.configuration.config_validation - INFO - Validating configuration ...
2026-04-25 22:38:31,900 - freqtrade.commands.optimize_commands - INFO - Starting freqtrade in Backtesting mode
2026-04-25 22:38:31,900 - freqtrade.exchange.exchange - INFO - Instance is running with dry_run enabled
2026-04-25 22:38:31,900 - freqtrade.exchange.exchange - INFO - Using CCXT 4.5.50
2026-04-25 22:38:31,901 - freqtrade.exchange.exchange - INFO - Applying additional ccxt config: {'enableRateLimit': True, 'timeout': 120000}
2026-04-25 22:38:31,906 - freqtrade.exchange.exchange - INFO - Applying additional ccxt config: {'enableRateLimit': True, 'timeout': 120000}
2026-04-25 22:38:31,911 - freqtrade.exchange.exchange - INFO - Using Exchange "Binance"
2026-04-25 22:38:33,199 - freqtrade.resolvers.exchange_resolver - INFO - Using resolved exchange 'Binance'...
2026-04-25 22:38:33,207 - freqtrade.resolvers.iresolver - INFO - Using resolved strategy yes from 
'/home/mohs/Desktop/ae/pyside6/user_data/optimizer/sessions/b8194b7f-3716-497e-8a17-833c28d4e223/trial_007/strategy_dir/yes.py'...
2026-04-25 22:38:33,208 - freqtrade.strategy.hyper - INFO - Loading parameters from file 
/home/mohs/Desktop/ae/pyside6/user_data/optimizer/sessions/b8194b7f-3716-497e-8a17-833c28d4e223/trial_007/strategy_dir/yes.json
2026-04-25 22:38:33,208 - freqtrade.resolvers.strategy_resolver - INFO - Override strategy 'timeframe' with value from the configuration: 4h.
2026-04-25 22:38:33,209 - freqtrade.resolvers.strategy_resolver - INFO - Override strategy 'stake_currency' with value from the configuration: USDT.
2026-04-25 22:38:33,209 - freqtrade.resolvers.strategy_resolver - INFO - Override strategy 'stake_amount' with value from the configuration: unlimited.
2026-04-25 22:38:33,209 - freqtrade.resolvers.strategy_resolver - INFO - Override strategy 'use_exit_signal' with value from the configuration: True.
2026-04-25 22:38:33,210 - freqtrade.resolvers.strategy_resolver - INFO - Override strategy 'max_open_trades' with value from the configuration: 3.
2026-04-25 22:38:33,210 - freqtrade.resolvers.strategy_resolver - INFO - Strategy using minimal_roi: {'0': 1.5145624606672683, '13': 1.1912063051498447, '146': 0.8123489567155271, '38': 
0.09996119980761133}
2026-04-25 22:38:33,210 - freqtrade.resolvers.strategy_resolver - INFO - Strategy using timeframe: 4h
2026-04-25 22:38:33,210 - freqtrade.resolvers.strategy_resolver - INFO - Strategy using stoploss: -0.7050398596809733
2026-04-25 22:38:33,211 - freqtrade.resolvers.strategy_resolver - INFO - Strategy using trailing_stop: True
2026-04-25 22:38:33,211 - freqtrade.resolvers.strategy_resolver - INFO - Strategy using trailing_stop_positive: 0.07268324501880628
2026-04-25 22:38:33,211 - freqtrade.resolvers.strategy_resolver - INFO - Strategy using trailing_stop_positive_offset: 0.21249652922095863
2026-04-25 22:38:33,211 - freqtrade.resolvers.strategy_resolver - INFO - Strategy using trailing_only_offset_is_reached: True
2026-04-25 22:38:33,212 - freqtrade.resolvers.strategy_resolver - INFO - Strategy using use_custom_stoploss: False
2026-04-25 22:38:33,212 - freqtrade.resolvers.strategy_resolver - INFO - Strategy using process_only_new_candles: True
2026-04-25 22:38:33,212 - freqtrade.resolvers.strategy_resolver - INFO - Strategy using order_types: {'entry': 'limit', 'exit': 'limit', 'stoploss': 'limit', 'stoploss_on_exchange': False, 
'stoploss_on_exchange_interval': 60}
2026-04-25 22:38:33,213 - freqtrade.resolvers.strategy_resolver - INFO - Strategy using order_time_in_force: {'entry': 'GTC', 'exit': 'GTC'}
2026-04-25 22:38:33,213 - freqtrade.resolvers.strategy_resolver - INFO - Strategy using stake_currency: USDT
2026-04-25 22:38:33,213 - freqtrade.resolvers.strategy_resolver - INFO - Strategy using stake_amount: unlimited
2026-04-25 22:38:33,213 - freqtrade.resolvers.strategy_resolver - INFO - Strategy using startup_candle_count: 0
2026-04-25 22:38:33,213 - freqtrade.resolvers.strategy_resolver - INFO - Strategy using use_exit_signal: True
2026-04-25 22:38:33,214 - freqtrade.resolvers.strategy_resolver - INFO - Strategy using exit_profit_only: False
2026-04-25 22:38:33,214 - freqtrade.resolvers.strategy_resolver - INFO - Strategy using ignore_roi_if_entry_signal: False
2026-04-25 22:38:33,214 - freqtrade.resolvers.strategy_resolver - INFO - Strategy using exit_profit_offset: 0.0
2026-04-25 22:38:33,215 - freqtrade.resolvers.strategy_resolver - INFO - Strategy using disable_dataframe_checks: False
2026-04-25 22:38:33,215 - freqtrade.resolvers.strategy_resolver - INFO - Strategy using ignore_buying_expired_candle_after: 0
2026-04-25 22:38:33,215 - freqtrade.resolvers.strategy_resolver - INFO - Strategy using position_adjustment_enable: False
2026-04-25 22:38:33,215 - freqtrade.resolvers.strategy_resolver - INFO - Strategy using max_entry_position_adjustment: -1
2026-04-25 22:38:33,216 - freqtrade.resolvers.strategy_resolver - INFO - Strategy using max_open_trades: 3
2026-04-25 22:38:33,216 - freqtrade.configuration.config_validation - INFO - Validating configuration ...
2026-04-25 22:38:33,220 - freqtrade.resolvers.iresolver - INFO - Using resolved pairlist StaticPairList from 
'/home/mohs/Desktop/ae/pyside6/.venv/lib/python3.12/site-packages/freqtrade/plugins/pairlist/StaticPairList.py'...
2026-04-25 22:38:33,232 - freqtrade.optimize.backtesting - INFO - Using fee 0.1000% - worst case fee from exchange (lowest tier).
2026-04-25 22:38:33,268 - freqtrade.data.history.datahandlers.idatahandler - WARNING - HOME/USDT, spot, 4h, data starts at 2025-06-12 12:00:00
2026-04-25 22:38:33,275 - freqtrade.optimize.backtesting - INFO - Loading data from 2025-04-22 00:00:00 up to 2026-04-17 00:00:00 (360 days).
2026-04-25 22:38:33,330 - freqtrade.optimize.backtesting - INFO - Dataload complete. Calculating indicators
2026-04-25 22:38:33,338 - freqtrade.optimize.backtesting - INFO - Running backtesting for Strategy yes
2026-04-25 22:38:33,339 - freqtrade.strategy.hyper - INFO - Strategy Parameter: buy_ma_count = 11
2026-04-25 22:38:33,339 - freqtrade.strategy.hyper - INFO - Strategy Parameter: buy_ma_gap = 43
2026-04-25 22:38:33,339 - freqtrade.strategy.hyper - INFO - Strategy Parameter: sell_ma_count = 7
2026-04-25 22:38:33,340 - freqtrade.strategy.hyper - INFO - Strategy Parameter: sell_ma_gap = 26
2026-04-25 22:38:33,349 - freqtrade.optimize.backtesting - INFO - Backtesting with data from 2025-04-22 00:00:00 up to 2026-04-17 00:00:00 (360 days).
2026-04-25 22:38:33,648 - freqtrade.misc - INFO - dumping json to "/home/mohs/Desktop/ae/pyside6/user_data/backtest_results/backtest-result-2026-04-25_22-38-33.meta.json"
Result for strategy yes
                                                BACKTESTING REPORT                                                
┏━━━━━━━━━━━┳━━━━━━━━┳━━━━━━━━━━━━━━┳━━━━━━━━━━━━━━━━━┳━━━━━━━━━━━━━━┳━━━━━━━━━━━━━━━━━━┳━━━━━━━━━━━━━━━━━━━━━━━━┓
┃      Pair ┃ Trades ┃ Avg Profit % ┃ Tot Profit USDT ┃ Tot Profit % ┃     Avg Duration ┃  Win  Draw  Loss  Win% ┃
┡━━━━━━━━━━━╇━━━━━━━━╇━━━━━━━━━━━━━━╇━━━━━━━━━━━━━━━━━╇━━━━━━━━━━━━━━╇━━━━━━━━━━━━━━━━━━╇━━━━━━━━━━━━━━━━━━━━━━━━┩
│  XRP/USDT │      2 │         2.52 │           2.489 │         1.66 │ 3 days, 14:00:00 │    2     0     0   100 │
│ HOME/USDT │      0 │          0.0 │           0.000 │          0.0 │             0:00 │    0     0     0     0 │
│  ETH/USDT │      3 │        -1.37 │          -2.057 │        -1.37 │  4 days, 6:40:00 │    1     0     2  33.3 │
│     TOTAL │      5 │         0.18 │           0.432 │         0.29 │  4 days, 0:00:00 │    3     0     2  60.0 │
└───────────┴────────┴──────────────┴─────────────────┴──────────────┴──────────────────┴────────────────────────┘
                                             LEFT OPEN TRADES REPORT                                             
┏━━━━━━━━━━┳━━━━━━━━┳━━━━━━━━━━━━━━┳━━━━━━━━━━━━━━━━━┳━━━━━━━━━━━━━━┳━━━━━━━━━━━━━━━━━━┳━━━━━━━━━━━━━━━━━━━━━━━━┓
┃     Pair ┃ Trades ┃ Avg Profit % ┃ Tot Profit USDT ┃ Tot Profit % ┃     Avg Duration ┃  Win  Draw  Loss  Win% ┃
┡━━━━━━━━━━╇━━━━━━━━╇━━━━━━━━━━━━━━╇━━━━━━━━━━━━━━━━━╇━━━━━━━━━━━━━━╇━━━━━━━━━━━━━━━━━━╇━━━━━━━━━━━━━━━━━━━━━━━━┩
│ XRP/USDT │      1 │         3.15 │           1.556 │         1.04 │         16:00:00 │    1     0     0   100 │
│ ETH/USDT │      1 │         1.19 │           0.587 │         0.39 │  5 days, 4:00:00 │    1     0     0   100 │
│    TOTAL │      2 │         2.17 │           2.143 │         1.43 │ 2 days, 22:00:00 │    2     0     0   100 │
└──────────┴────────┴──────────────┴─────────────────┴──────────────┴──────────────────┴────────────────────────┘
                                                 ENTER TAG STATS                                                  
┏━━━━━━━━━━━┳━━━━━━━━━┳━━━━━━━━━━━━━━┳━━━━━━━━━━━━━━━━━┳━━━━━━━━━━━━━━┳━━━━━━━━━━━━━━━━━┳━━━━━━━━━━━━━━━━━━━━━━━━┓
┃ Enter Tag ┃ Entries ┃ Avg Profit % ┃ Tot Profit USDT ┃ Tot Profit % ┃    Avg Duration ┃  Win  Draw  Loss  Win% ┃
┡━━━━━━━━━━━╇━━━━━━━━━╇━━━━━━━━━━━━━━╇━━━━━━━━━━━━━━━━━╇━━━━━━━━━━━━━━╇━━━━━━━━━━━━━━━━━╇━━━━━━━━━━━━━━━━━━━━━━━━┩
│     OTHER │       5 │         0.18 │           0.432 │         0.29 │ 4 days, 0:00:00 │    3     0     2  60.0 │
│     TOTAL │       5 │         0.18 │           0.432 │         0.29 │ 4 days, 0:00:00 │    3     0     2  60.0 │
└───────────┴─────────┴──────────────┴─────────────────┴──────────────┴─────────────────┴────────────────────────┘
                                                 EXIT REASON STATS                                                 
┏━━━━━━━━━━━━━┳━━━━━━━┳━━━━━━━━━━━━━━┳━━━━━━━━━━━━━━━━━┳━━━━━━━━━━━━━━┳━━━━━━━━━━━━━━━━━━┳━━━━━━━━━━━━━━━━━━━━━━━━┓
┃ Exit Reason ┃ Exits ┃ Avg Profit % ┃ Tot Profit USDT ┃ Tot Profit % ┃     Avg Duration ┃  Win  Draw  Loss  Win% ┃
┡━━━━━━━━━━━━━╇━━━━━━━╇━━━━━━━━━━━━━━╇━━━━━━━━━━━━━━━━━╇━━━━━━━━━━━━━━╇━━━━━━━━━━━━━━━━━━╇━━━━━━━━━━━━━━━━━━━━━━━━┩
│  force_exit │     2 │         2.17 │           2.143 │         1.43 │ 2 days, 22:00:00 │    2     0     0   100 │
│ exit_signal │     3 │        -1.14 │          -1.711 │        -1.14 │ 4 days, 17:20:00 │    1     0     2  33.3 │
│       TOTAL │     5 │         0.18 │           0.432 │         0.29 │  4 days, 0:00:00 │    3     0     2  60.0 │
└─────────────┴───────┴──────────────┴─────────────────┴──────────────┴──────────────────┴────────────────────────┘
                                                        MIXED TAG STATS                                                         
┏━━━━━━━━━━━┳━━━━━━━━━━━━━┳━━━━━━━━┳━━━━━━━━━━━━━━┳━━━━━━━━━━━━━━━━━┳━━━━━━━━━━━━━━┳━━━━━━━━━━━━━━━━━━┳━━━━━━━━━━━━━━━━━━━━━━━━┓
┃ Enter Tag ┃ Exit Reason ┃ Trades ┃ Avg Profit % ┃ Tot Profit USDT ┃ Tot Profit % ┃     Avg Duration ┃  Win  Draw  Loss  Win% ┃
┡━━━━━━━━━━━╇━━━━━━━━━━━━━╇━━━━━━━━╇━━━━━━━━━━━━━━╇━━━━━━━━━━━━━━━━━╇━━━━━━━━━━━━━━╇━━━━━━━━━━━━━━━━━━╇━━━━━━━━━━━━━━━━━━━━━━━━┩
│           │  force_exit │      2 │         2.17 │           2.143 │         1.43 │ 2 days, 22:00:00 │    2     0     0   100 │
│           │ exit_signal │      3 │        -1.14 │          -1.711 │        -1.14 │ 4 days, 17:20:00 │    1     0     2  33.3 │
│     TOTAL │             │      5 │         0.18 │           0.432 │         0.29 │  4 days, 0:00:00 │    3     0     2  60.0 │
└───────────┴─────────────┴────────┴──────────────┴─────────────────┴──────────────┴──────────────────┴────────────────────────┘
                         SUMMARY METRICS                          
┏━━━━━━━━━━━━━━━━━━━━━━━━━━━━━━━┳━━━━━━━━━━━━━━━━━━━━━━━━━━━━━━━━┓
┃ Metric                        ┃ Value                          ┃
┡━━━━━━━━━━━━━━━━━━━━━━━━━━━━━━━╇━━━━━━━━━━━━━━━━━━━━━━━━━━━━━━━━┩
│ Backtesting from              │ 2025-04-22 00:00:00            │
│ Backtesting to                │ 2026-04-17 00:00:00            │
│ Trading Mode                  │ Spot                           │
│ Max open trades               │ 3                              │
│                               │                                │
│ Total/Daily Avg Trades        │ 5 / 0.01                       │
│ Starting balance              │ 150 USDT                       │
│ Final balance                 │ 150.432 USDT                   │
│ Absolute profit               │ 0.432 USDT                     │
│ Total profit %                │ 0.29%                          │
│ CAGR %                        │ 0.29%                          │
│ Sortino                       │ 0.08                           │
│ Sharpe                        │ 0.02                           │
│ Calmar                        │ 0.87                           │
│ SQN                           │ 0.14                           │
│ Profit factor                 │ 1.16                           │
│ Expectancy (Ratio)            │ 0.09 (0.07)                    │
│ Avg. daily profit             │ 0.001 USDT                     │
│ Avg. stake amount             │ 49.539 USDT                    │
│ Total trade volume            │ 496.812 USDT                   │
│                               │                                │
│ Best Pair                     │ XRP/USDT 1.66%                 │
│ Worst Pair                    │ ETH/USDT -1.37%                │
│ Best trade                    │ XRP/USDT 3.15%                 │
│ Worst trade                   │ ETH/USDT -3.27%                │
│ Best day                      │ 2.143 USDT                     │
│ Worst day                     │ -1.019 USDT                    │
│ Days win/draw/lose            │ 1 / 86 / 2                     │
│ Min/Max/Avg. Duration Winners │ 0d 16:00 / 6d 12:00 / 4d 02:40 │
│ Min/Max/Avg. Duration Losers  │ 3d 08:00 / 4d 08:00 / 3d 20:00 │
│ Max Consecutive Wins / Loss   │ 3 / 2                          │
│ Rejected Entry signals        │ 0                              │
│ Entry/Exit Timeouts           │ 0 / 0                          │
│                               │                                │
│ Min balance                   │ 147.357 USDT                   │
│ Max balance                   │ 150.432 USDT                   │
│ Max % of account underwater   │ 1.76%                          │
│ Absolute drawdown             │ 2.643 USDT (1.76%)             │
│ Drawdown duration             │ 59 days 12:00:00               │
│ Profit at drawdown start      │ 0 USDT                         │
│ Profit at drawdown end        │ -2.643 USDT                    │
│ Drawdown start                │ 2026-01-19 00:00:00            │
│ Drawdown end                  │ 2026-03-19 12:00:00            │
│ Market change                 │ -9.22%                         │
└───────────────────────────────┴────────────────────────────────┘

Backtested 2025-04-22 00:00:00 -> 2026-04-17 00:00:00 | Max open trades : 3
                                                          STRATEGY SUMMARY                                                          
┏━━━━━━━━━━┳━━━━━━━━┳━━━━━━━━━━━━━━┳━━━━━━━━━━━━━━━━━┳━━━━━━━━━━━━━━┳━━━━━━━━━━━━━━━━━┳━━━━━━━━━━━━━━━━━━━━━━━━┳━━━━━━━━━━━━━━━━━━━┓
┃ Strategy ┃ Trades ┃ Avg Profit % ┃ Tot Profit USDT ┃ Tot Profit % ┃    Avg Duration ┃  Win  Draw  Loss  Win% ┃          Drawdown ┃
┡━━━━━━━━━━╇━━━━━━━━╇━━━━━━━━━━━━━━╇━━━━━━━━━━━━━━━━━╇━━━━━━━━━━━━━━╇━━━━━━━━━━━━━━━━━╇━━━━━━━━━━━━━━━━━━━━━━━━╇━━━━━━━━━━━━━━━━━━━┩
│      yes │      5 │         0.18 │           0.432 │         0.29 │ 4 days, 0:00:00 │    3     0     2  60.0 │ 2.643 USDT  1.76% │
└──────────┴────────┴──────────────┴─────────────────┴──────────────┴─────────────────┴────────────────────────┴───────────────────┘