2026-04-25 20:05:35,626 - freqtrade - INFO - freqtrade 2026.3
2026-04-25 20:05:36,674 - freqtrade.configuration.load_config - INFO - Using config: /home/mohs/Desktop/ae/pyside6/user_data/config.json ...
2026-04-25 20:05:36,677 - freqtrade.loggers - INFO - Enabling colorized output.
2026-04-25 20:05:36,677 - freqtrade.loggers - INFO - Logfile configured
2026-04-25 20:05:36,677 - freqtrade.loggers - INFO - Verbosity set to 0
2026-04-25 20:05:36,678 - freqtrade.configuration.configuration - INFO - Using additional Strategy lookup path: 
/home/mohs/Desktop/ae/pyside6/user_data/optimizer/sessions/2228f2cd-52d5-4133-b521-f7915a036afc/trial_003/strategy_dir
2026-04-25 20:05:36,678 - freqtrade.configuration.configuration - WARNING - `force_entry_enable` RPC message enabled.
2026-04-25 20:05:36,678 - freqtrade.configuration.configuration - INFO - Parameter -i/--timeframe detected ... Using timeframe: 4h ...
2026-04-25 20:05:36,678 - freqtrade.configuration.configuration - INFO - Parameter --max-open-trades detected, overriding max_open_trades to: 4 ...
2026-04-25 20:05:36,679 - freqtrade.configuration.configuration - INFO - Parameter --dry-run-wallet detected, overriding dry_run_wallet to: 150.0 ...
2026-04-25 20:05:36,679 - freqtrade.configuration.configuration - INFO - Parameter --timerange detected: 20250422-20260417 ...
2026-04-25 20:05:36,679 - freqtrade.configuration.configuration - INFO - Using user-data directory: /home/mohs/Desktop/ae/pyside6/user_data ...
2026-04-25 20:05:36,680 - freqtrade.configuration.configuration - INFO - Using data directory: /home/mohs/Desktop/ae/pyside6/user_data/data/binance ...
2026-04-25 20:05:36,680 - freqtrade.configuration.configuration - INFO - Parameter --export detected: trades ...
2026-04-25 20:05:36,680 - freqtrade.configuration.configuration - INFO - Parameter --cache=day detected ...
2026-04-25 20:05:36,680 - freqtrade.configuration.configuration - INFO - Using pairs ['ETH/USDT', 'XRP/USDT', 'HOME/USDT', 'ADA/USDT']
2026-04-25 20:05:36,681 - freqtrade.configuration.configuration - INFO - Filter trades by timerange: 20250422-20260417
2026-04-25 20:05:36,681 - freqtrade.exchange.check_exchange - INFO - Checking exchange...
2026-04-25 20:05:36,687 - freqtrade.exchange.check_exchange - INFO - Exchange "binance" is officially supported by the Freqtrade development team.
2026-04-25 20:05:36,688 - freqtrade.configuration.config_validation - INFO - Validating configuration ...
2026-04-25 20:05:36,690 - freqtrade.commands.optimize_commands - INFO - Starting freqtrade in Backtesting mode
2026-04-25 20:05:36,691 - freqtrade.exchange.exchange - INFO - Instance is running with dry_run enabled
2026-04-25 20:05:36,691 - freqtrade.exchange.exchange - INFO - Using CCXT 4.5.50
2026-04-25 20:05:36,691 - freqtrade.exchange.exchange - INFO - Applying additional ccxt config: {'enableRateLimit': True, 'timeout': 120000}
2026-04-25 20:05:36,697 - freqtrade.exchange.exchange - INFO - Applying additional ccxt config: {'enableRateLimit': True, 'timeout': 120000}
2026-04-25 20:05:36,702 - freqtrade.exchange.exchange - INFO - Using Exchange "Binance"
2026-04-25 20:05:37,863 - freqtrade.resolvers.exchange_resolver - INFO - Using resolved exchange 'Binance'...
2026-04-25 20:05:37,872 - freqtrade.resolvers.iresolver - INFO - Using resolved strategy yty from 
'/home/mohs/Desktop/ae/pyside6/user_data/optimizer/sessions/2228f2cd-52d5-4133-b521-f7915a036afc/trial_003/strategy_dir/yty.py'...
2026-04-25 20:05:37,872 - freqtrade.strategy.hyper - INFO - Loading parameters from file 
/home/mohs/Desktop/ae/pyside6/user_data/optimizer/sessions/2228f2cd-52d5-4133-b521-f7915a036afc/trial_003/strategy_dir/yty.json
2026-04-25 20:05:37,873 - freqtrade.resolvers.strategy_resolver - INFO - Override strategy 'timeframe' with value from the configuration: 4h.
2026-04-25 20:05:37,873 - freqtrade.resolvers.strategy_resolver - INFO - Override strategy 'stake_currency' with value from the configuration: USDT.
2026-04-25 20:05:37,873 - freqtrade.resolvers.strategy_resolver - INFO - Override strategy 'stake_amount' with value from the configuration: unlimited.
2026-04-25 20:05:37,874 - freqtrade.resolvers.strategy_resolver - INFO - Override strategy 'use_exit_signal' with value from the configuration: True.
2026-04-25 20:05:37,874 - freqtrade.resolvers.strategy_resolver - INFO - Override strategy 'max_open_trades' with value from the configuration: 4.
2026-04-25 20:05:37,874 - freqtrade.resolvers.strategy_resolver - INFO - Strategy using minimal_roi: {'0': 0.3041312129058652, '1553': 0.4670255188836092, '2332': 0.4579771991952273, '3169': 
0.6927413835380235}
2026-04-25 20:05:37,875 - freqtrade.resolvers.strategy_resolver - INFO - Strategy using timeframe: 4h
2026-04-25 20:05:37,875 - freqtrade.resolvers.strategy_resolver - INFO - Strategy using stoploss: -0.8689847807244994
2026-04-25 20:05:37,875 - freqtrade.resolvers.strategy_resolver - INFO - Strategy using trailing_stop: True
2026-04-25 20:05:37,875 - freqtrade.resolvers.strategy_resolver - INFO - Strategy using trailing_stop_positive_offset: 0.10431000119534288
2026-04-25 20:05:37,876 - freqtrade.resolvers.strategy_resolver - INFO - Strategy using trailing_only_offset_is_reached: False
2026-04-25 20:05:37,876 - freqtrade.resolvers.strategy_resolver - INFO - Strategy using use_custom_stoploss: False
2026-04-25 20:05:37,876 - freqtrade.resolvers.strategy_resolver - INFO - Strategy using process_only_new_candles: True
2026-04-25 20:05:37,876 - freqtrade.resolvers.strategy_resolver - INFO - Strategy using order_types: {'entry': 'limit', 'exit': 'limit', 'stoploss': 'limit', 'stoploss_on_exchange': False, 
'stoploss_on_exchange_interval': 60}
2026-04-25 20:05:37,877 - freqtrade.resolvers.strategy_resolver - INFO - Strategy using order_time_in_force: {'entry': 'GTC', 'exit': 'GTC'}
2026-04-25 20:05:37,877 - freqtrade.resolvers.strategy_resolver - INFO - Strategy using stake_currency: USDT
2026-04-25 20:05:37,877 - freqtrade.resolvers.strategy_resolver - INFO - Strategy using stake_amount: unlimited
2026-04-25 20:05:37,878 - freqtrade.resolvers.strategy_resolver - INFO - Strategy using startup_candle_count: 0
2026-04-25 20:05:37,878 - freqtrade.resolvers.strategy_resolver - INFO - Strategy using use_exit_signal: True
2026-04-25 20:05:37,878 - freqtrade.resolvers.strategy_resolver - INFO - Strategy using exit_profit_only: False
2026-04-25 20:05:37,878 - freqtrade.resolvers.strategy_resolver - INFO - Strategy using ignore_roi_if_entry_signal: False
2026-04-25 20:05:37,879 - freqtrade.resolvers.strategy_resolver - INFO - Strategy using exit_profit_offset: 0.0
2026-04-25 20:05:37,879 - freqtrade.resolvers.strategy_resolver - INFO - Strategy using disable_dataframe_checks: False
2026-04-25 20:05:37,879 - freqtrade.resolvers.strategy_resolver - INFO - Strategy using ignore_buying_expired_candle_after: 0
2026-04-25 20:05:37,879 - freqtrade.resolvers.strategy_resolver - INFO - Strategy using position_adjustment_enable: False
2026-04-25 20:05:37,880 - freqtrade.resolvers.strategy_resolver - INFO - Strategy using max_entry_position_adjustment: -1
2026-04-25 20:05:37,880 - freqtrade.resolvers.strategy_resolver - INFO - Strategy using max_open_trades: 4
2026-04-25 20:05:37,880 - freqtrade.configuration.config_validation - INFO - Validating configuration ...
2026-04-25 20:05:37,884 - freqtrade.resolvers.iresolver - INFO - Using resolved pairlist StaticPairList from 
'/home/mohs/Desktop/ae/pyside6/.venv/lib/python3.12/site-packages/freqtrade/plugins/pairlist/StaticPairList.py'...
2026-04-25 20:05:37,901 - freqtrade.optimize.backtesting - INFO - Using fee 0.1000% - worst case fee from exchange (lowest tier).
2026-04-25 20:05:37,908 - freqtrade.data.history.datahandlers.idatahandler - WARNING - ETH/USDT, spot, 4h, data starts at 2025-04-24 00:00:00
2026-04-25 20:05:37,922 - freqtrade.data.history.datahandlers.idatahandler - WARNING - XRP/USDT, spot, 4h, data starts at 2025-04-30 00:00:00
2026-04-25 20:05:37,934 - freqtrade.data.history.datahandlers.idatahandler - WARNING - HOME/USDT, spot, 4h, data starts at 2025-06-12 12:00:00
2026-04-25 20:05:37,946 - freqtrade.data.history.datahandlers.idatahandler - WARNING - ADA/USDT, spot, 4h, data starts at 2025-04-24 00:00:00
2026-04-25 20:05:37,954 - freqtrade.optimize.backtesting - INFO - Loading data from 2025-04-24 00:00:00 up to 2026-04-17 00:00:00 (358 days).
2026-04-25 20:05:38,037 - freqtrade.optimize.backtesting - INFO - Dataload complete. Calculating indicators
2026-04-25 20:05:38,041 - freqtrade.optimize.backtesting - INFO - Running backtesting for Strategy yty
2026-04-25 20:05:38,042 - freqtrade.strategy.hyper - INFO - Strategy Parameter: buy_ma_count = 11
2026-04-25 20:05:38,042 - freqtrade.strategy.hyper - INFO - Strategy Parameter: buy_ma_gap = 45
2026-04-25 20:05:38,042 - freqtrade.strategy.hyper - INFO - Strategy Parameter: sell_ma_count = 17
2026-04-25 20:05:38,042 - freqtrade.strategy.hyper - INFO - Strategy Parameter: sell_ma_gap = 76
2026-04-25 20:05:38,059 - freqtrade.optimize.backtesting - INFO - Backtesting with data from 2025-04-24 00:00:00 up to 2026-04-17 00:00:00 (358 days).
2026-04-25 20:05:38,428 - freqtrade.misc - INFO - dumping json to "/home/mohs/Desktop/ae/pyside6/user_data/backtest_results/backtest-result-2026-04-25_20-05-38.meta.json"
  ETH/USDT	
  XRP/USDT	
  HOME/USDT	
  ADA/USDT	
Result for strategy yty
                                                BACKTESTING REPORT                                                
┏━━━━━━━━━━━┳━━━━━━━━┳━━━━━━━━━━━━━━┳━━━━━━━━━━━━━━━━━┳━━━━━━━━━━━━━━┳━━━━━━━━━━━━━━━━━━┳━━━━━━━━━━━━━━━━━━━━━━━━┓
┃      Pair ┃ Trades ┃ Avg Profit % ┃ Tot Profit USDT ┃ Tot Profit % ┃     Avg Duration ┃  Win  Draw  Loss  Win% ┃
┡━━━━━━━━━━━╇━━━━━━━━╇━━━━━━━━━━━━━━╇━━━━━━━━━━━━━━━━━╇━━━━━━━━━━━━━━╇━━━━━━━━━━━━━━━━━━╇━━━━━━━━━━━━━━━━━━━━━━━━┩
│  ADA/USDT │      2 │         2.18 │           1.661 │         1.11 │ 8 days, 14:00:00 │    1     0     1  50.0 │
│ HOME/USDT │      0 │          0.0 │           0.000 │          0.0 │             0:00 │    0     0     0     0 │
│  ETH/USDT │      3 │        -0.71 │          -0.776 │        -0.52 │ 4 days, 17:20:00 │    1     0     2  33.3 │
│  XRP/USDT │      2 │        -4.48 │          -3.368 │        -2.25 │ 3 days, 22:00:00 │    1     0     1  50.0 │
│     TOTAL │      7 │        -0.96 │          -2.484 │        -1.66 │ 5 days, 14:17:00 │    3     0     4  42.9 │
└───────────┴────────┴──────────────┴─────────────────┴──────────────┴──────────────────┴────────────────────────┘
                                            LEFT OPEN TRADES REPORT                                             
┏━━━━━━━━━━┳━━━━━━━━┳━━━━━━━━━━━━━━┳━━━━━━━━━━━━━━━━━┳━━━━━━━━━━━━━━┳━━━━━━━━━━━━━━━━━┳━━━━━━━━━━━━━━━━━━━━━━━━┓
┃     Pair ┃ Trades ┃ Avg Profit % ┃ Tot Profit USDT ┃ Tot Profit % ┃    Avg Duration ┃  Win  Draw  Loss  Win% ┃
┡━━━━━━━━━━╇━━━━━━━━╇━━━━━━━━━━━━━━╇━━━━━━━━━━━━━━━━━╇━━━━━━━━━━━━━━╇━━━━━━━━━━━━━━━━━╇━━━━━━━━━━━━━━━━━━━━━━━━┩
│ XRP/USDT │      1 │         3.11 │           1.135 │         0.76 │        20:00:00 │    1     0     0   100 │
│ ETH/USDT │      1 │         0.63 │           0.229 │         0.15 │ 1 day, 20:00:00 │    1     0     0   100 │
│    TOTAL │      2 │         1.87 │           1.364 │         0.91 │  1 day, 8:00:00 │    2     0     0   100 │
└──────────┴────────┴──────────────┴─────────────────┴──────────────┴─────────────────┴────────────────────────┘
                                                  ENTER TAG STATS                                                  
┏━━━━━━━━━━━┳━━━━━━━━━┳━━━━━━━━━━━━━━┳━━━━━━━━━━━━━━━━━┳━━━━━━━━━━━━━━┳━━━━━━━━━━━━━━━━━━┳━━━━━━━━━━━━━━━━━━━━━━━━┓
┃ Enter Tag ┃ Entries ┃ Avg Profit % ┃ Tot Profit USDT ┃ Tot Profit % ┃     Avg Duration ┃  Win  Draw  Loss  Win% ┃
┡━━━━━━━━━━━╇━━━━━━━━━╇━━━━━━━━━━━━━━╇━━━━━━━━━━━━━━━━━╇━━━━━━━━━━━━━━╇━━━━━━━━━━━━━━━━━━╇━━━━━━━━━━━━━━━━━━━━━━━━┩
│     OTHER │       7 │        -0.96 │          -2.484 │        -1.66 │ 5 days, 14:17:00 │    3     0     4  42.9 │
│     TOTAL │       7 │        -0.96 │          -2.484 │        -1.66 │ 5 days, 14:17:00 │    3     0     4  42.9 │
└───────────┴─────────┴──────────────┴─────────────────┴──────────────┴──────────────────┴────────────────────────┘
                                                 EXIT REASON STATS                                                 
┏━━━━━━━━━━━━━┳━━━━━━━┳━━━━━━━━━━━━━━┳━━━━━━━━━━━━━━━━━┳━━━━━━━━━━━━━━┳━━━━━━━━━━━━━━━━━━┳━━━━━━━━━━━━━━━━━━━━━━━━┓
┃ Exit Reason ┃ Exits ┃ Avg Profit % ┃ Tot Profit USDT ┃ Tot Profit % ┃     Avg Duration ┃  Win  Draw  Loss  Win% ┃
┡━━━━━━━━━━━━━╇━━━━━━━╇━━━━━━━━━━━━━━╇━━━━━━━━━━━━━━━━━╇━━━━━━━━━━━━━━╇━━━━━━━━━━━━━━━━━━╇━━━━━━━━━━━━━━━━━━━━━━━━┩
│  force_exit │     2 │         1.87 │           1.364 │         0.91 │   1 day, 8:00:00 │    2     0     0   100 │
│ exit_signal │     5 │        -2.09 │          -3.848 │        -2.57 │  7 days, 7:12:00 │    1     0     4  20.0 │
│       TOTAL │     7 │        -0.96 │          -2.484 │        -1.66 │ 5 days, 14:17:00 │    3     0     4  42.9 │
└─────────────┴───────┴──────────────┴─────────────────┴──────────────┴──────────────────┴────────────────────────┘
                                                        MIXED TAG STATS                                                         
┏━━━━━━━━━━━┳━━━━━━━━━━━━━┳━━━━━━━━┳━━━━━━━━━━━━━━┳━━━━━━━━━━━━━━━━━┳━━━━━━━━━━━━━━┳━━━━━━━━━━━━━━━━━━┳━━━━━━━━━━━━━━━━━━━━━━━━┓
┃ Enter Tag ┃ Exit Reason ┃ Trades ┃ Avg Profit % ┃ Tot Profit USDT ┃ Tot Profit % ┃     Avg Duration ┃  Win  Draw  Loss  Win% ┃
┡━━━━━━━━━━━╇━━━━━━━━━━━━━╇━━━━━━━━╇━━━━━━━━━━━━━━╇━━━━━━━━━━━━━━━━━╇━━━━━━━━━━━━━━╇━━━━━━━━━━━━━━━━━━╇━━━━━━━━━━━━━━━━━━━━━━━━┩
│           │  force_exit │      2 │         1.87 │           1.364 │         0.91 │   1 day, 8:00:00 │    2     0     0   100 │
│           │ exit_signal │      5 │        -2.09 │          -3.848 │        -2.57 │  7 days, 7:12:00 │    1     0     4  20.0 │
│     TOTAL │             │      7 │        -0.96 │          -2.484 │        -1.66 │ 5 days, 14:17:00 │    3     0     4  42.9 │
└───────────┴─────────────┴────────┴──────────────┴─────────────────┴──────────────┴──────────────────┴────────────────────────┘
                          SUMMARY METRICS                          
┏━━━━━━━━━━━━━━━━━━━━━━━━━━━━━━━┳━━━━━━━━━━━━━━━━━━━━━━━━━━━━━━━━━┓
┃ Metric                        ┃ Value                           ┃
┡━━━━━━━━━━━━━━━━━━━━━━━━━━━━━━━╇━━━━━━━━━━━━━━━━━━━━━━━━━━━━━━━━━┩
│ Backtesting from              │ 2025-04-24 00:00:00             │
│ Backtesting to                │ 2026-04-17 00:00:00             │
│ Trading Mode                  │ Spot                            │
│ Max open trades               │ 4                               │
│                               │                                 │
│ Total/Daily Avg Trades        │ 7 / 0.02                        │
│ Starting balance              │ 150 USDT                        │
│ Final balance                 │ 147.516 USDT                    │
│ Absolute profit               │ -2.484 USDT                     │
│ Total profit %                │ -1.66%                          │
│ CAGR %                        │ -1.69%                          │
│ Sortino                       │ -0.08                           │
│ Sharpe                        │ -0.06                           │
│ Calmar                        │ -2.87                           │
│ SQN                           │ -0.41                           │
│ Profit factor                 │ 0.63                            │
│ Expectancy (Ratio)            │ -0.35 (-0.21)                   │
│ Avg. daily profit             │ -0.007 USDT                     │
│ Avg. stake amount             │ 36.843 USDT                     │
│ Total trade volume            │ 514.34 USDT                     │
│                               │                                 │
│ Best Pair                     │ ADA/USDT 1.11%                  │
│ Worst Pair                    │ XRP/USDT -2.25%                 │
│ Best trade                    │ ADA/USDT 7.72%                  │
│ Worst trade                   │ XRP/USDT -12.07%                │
│ Best day                      │ 2.898 USDT                      │
│ Worst day                     │ -4.504 USDT                     │
│ Days win/draw/lose            │ 2 / 91 / 4                      │
│ Min/Max/Avg. Duration Winners │ 0d 20:00 / 10d 16:00 / 4d 10:40 │
│ Min/Max/Avg. Duration Losers  │ 4d 16:00 / 7d 16:00 / 6d 11:00  │
│ Max Consecutive Wins / Loss   │ 2 / 2                           │
│ Rejected Entry signals        │ 0                               │
│ Entry/Exit Timeouts           │ 0 / 0                           │
│                               │                                 │
│ Min balance                   │ 145.376 USDT                    │
│ Max balance                   │ 149.88 USDT                     │
│ Max % of account underwater   │ 3.08%                           │
│ Absolute drawdown             │ 4.624 USDT (3.08%)              │
│ Drawdown duration             │ 2 days 08:00:00                 │
│ Profit at drawdown start      │ 0 USDT                          │
│ Profit at drawdown end        │ -4.624 USDT                     │
│ Drawdown start                │ 2026-01-11 00:00:00             │
│ Drawdown end                  │ 2026-01-13 08:00:00             │
│ Market change                 │ -27.75%                         │
└───────────────────────────────┴─────────────────────────────────┘

Backtested 2025-04-24 00:00:00 -> 2026-04-17 00:00:00 | Max open trades : 4
                                                          STRATEGY SUMMARY                                                           
┏━━━━━━━━━━┳━━━━━━━━┳━━━━━━━━━━━━━━┳━━━━━━━━━━━━━━━━━┳━━━━━━━━━━━━━━┳━━━━━━━━━━━━━━━━━━┳━━━━━━━━━━━━━━━━━━━━━━━━┳━━━━━━━━━━━━━━━━━━━┓
┃ Strategy ┃ Trades ┃ Avg Profit % ┃ Tot Profit USDT ┃ Tot Profit % ┃     Avg Duration ┃  Win  Draw  Loss  Win% ┃          Drawdown ┃
┡━━━━━━━━━━╇━━━━━━━━╇━━━━━━━━━━━━━━╇━━━━━━━━━━━━━━━━━╇━━━━━━━━━━━━━━╇━━━━━━━━━━━━━━━━━━╇━━━━━━━━━━━━━━━━━━━━━━━━╇━━━━━━━━━━━━━━━━━━━┩
│      yty │      7 │        -0.96 │          -2.484 │        -1.66 │ 5 days, 14:17:00 │    3     0     4  42.9 │ 4.624 USDT  3.08% │
└──────────┴────────┴──────────────┴─────────────────┴──────────────┴──────────────────┴────────────────────────┴───────────────────┘