2026-04-25 22:41:33,663 - freqtrade - INFO - freqtrade 2026.3
2026-04-25 22:41:34,699 - freqtrade.configuration.load_config - INFO - Using config: /home/mohs/Desktop/ae/pyside6/user_data/config.json ...
2026-04-25 22:41:34,701 - freqtrade.loggers - INFO - Enabling colorized output.
2026-04-25 22:41:34,701 - freqtrade.loggers - INFO - Logfile configured
2026-04-25 22:41:34,702 - freqtrade.loggers - INFO - Verbosity set to 0
2026-04-25 22:41:34,702 - freqtrade.configuration.configuration - INFO - Using additional Strategy lookup path: 
/home/mohs/Desktop/ae/pyside6/user_data/optimizer/sessions/b8194b7f-3716-497e-8a17-833c28d4e223/trial_058/strategy_dir
2026-04-25 22:41:34,702 - freqtrade.configuration.configuration - WARNING - `force_entry_enable` RPC message enabled.
2026-04-25 22:41:34,703 - freqtrade.configuration.configuration - INFO - Parameter -i/--timeframe detected ... Using timeframe: 4h ...
2026-04-25 22:41:34,703 - freqtrade.configuration.configuration - INFO - Parameter --max-open-trades detected, overriding max_open_trades to: 3 ...
2026-04-25 22:41:34,703 - freqtrade.configuration.configuration - INFO - Parameter --dry-run-wallet detected, overriding dry_run_wallet to: 150.0 ...
2026-04-25 22:41:34,703 - freqtrade.configuration.configuration - INFO - Parameter --timerange detected: 20250422-20260417 ...
2026-04-25 22:41:34,704 - freqtrade.configuration.configuration - INFO - Using user-data directory: /home/mohs/Desktop/ae/pyside6/user_data ...
2026-04-25 22:41:34,704 - freqtrade.configuration.configuration - INFO - Using data directory: /home/mohs/Desktop/ae/pyside6/user_data/data/binance ...
2026-04-25 22:41:34,704 - freqtrade.configuration.configuration - INFO - Parameter --export detected: trades ...
2026-04-25 22:41:34,705 - freqtrade.configuration.configuration - INFO - Parameter --cache=day detected ...
2026-04-25 22:41:34,705 - freqtrade.configuration.configuration - INFO - Using pairs ['XRP/USDT', 'ETH/USDT', 'HOME/USDT']
2026-04-25 22:41:34,705 - freqtrade.configuration.configuration - INFO - Filter trades by timerange: 20250422-20260417
2026-04-25 22:41:34,705 - freqtrade.exchange.check_exchange - INFO - Checking exchange...
2026-04-25 22:41:34,712 - freqtrade.exchange.check_exchange - INFO - Exchange "binance" is officially supported by the Freqtrade development team.
2026-04-25 22:41:34,712 - freqtrade.configuration.config_validation - INFO - Validating configuration ...
2026-04-25 22:41:34,714 - freqtrade.commands.optimize_commands - INFO - Starting freqtrade in Backtesting mode
2026-04-25 22:41:34,714 - freqtrade.exchange.exchange - INFO - Instance is running with dry_run enabled
2026-04-25 22:41:34,715 - freqtrade.exchange.exchange - INFO - Using CCXT 4.5.50
2026-04-25 22:41:34,715 - freqtrade.exchange.exchange - INFO - Applying additional ccxt config: {'enableRateLimit': True, 'timeout': 120000}
2026-04-25 22:41:34,720 - freqtrade.exchange.exchange - INFO - Applying additional ccxt config: {'enableRateLimit': True, 'timeout': 120000}
2026-04-25 22:41:34,726 - freqtrade.exchange.exchange - INFO - Using Exchange "Binance"
2026-04-25 22:41:35,890 - freqtrade.resolvers.exchange_resolver - INFO - Using resolved exchange 'Binance'...
2026-04-25 22:41:35,898 - freqtrade.resolvers.iresolver - INFO - Using resolved strategy yes from 
'/home/mohs/Desktop/ae/pyside6/user_data/optimizer/sessions/b8194b7f-3716-497e-8a17-833c28d4e223/trial_058/strategy_dir/yes.py'...
2026-04-25 22:41:35,898 - freqtrade.strategy.hyper - INFO - Loading parameters from file 
/home/mohs/Desktop/ae/pyside6/user_data/optimizer/sessions/b8194b7f-3716-497e-8a17-833c28d4e223/trial_058/strategy_dir/yes.json
2026-04-25 22:41:35,899 - freqtrade.resolvers.strategy_resolver - INFO - Override strategy 'timeframe' with value from the configuration: 4h.
2026-04-25 22:41:35,899 - freqtrade.resolvers.strategy_resolver - INFO - Override strategy 'stake_currency' with value from the configuration: USDT.
2026-04-25 22:41:35,899 - freqtrade.resolvers.strategy_resolver - INFO - Override strategy 'stake_amount' with value from the configuration: unlimited.
2026-04-25 22:41:35,899 - freqtrade.resolvers.strategy_resolver - INFO - Override strategy 'use_exit_signal' with value from the configuration: True.
2026-04-25 22:41:35,900 - freqtrade.resolvers.strategy_resolver - INFO - Override strategy 'max_open_trades' with value from the configuration: 3.
2026-04-25 22:41:35,900 - freqtrade.resolvers.strategy_resolver - INFO - Strategy using minimal_roi: {'0': 1.3050700885928492, '13': 0.5592569709410504, '146': 0.12807776350598366, '38': 
0.1581976054665062}
2026-04-25 22:41:35,900 - freqtrade.resolvers.strategy_resolver - INFO - Strategy using timeframe: 4h
2026-04-25 22:41:35,901 - freqtrade.resolvers.strategy_resolver - INFO - Strategy using stoploss: -0.930051728224772
2026-04-25 22:41:35,901 - freqtrade.resolvers.strategy_resolver - INFO - Strategy using trailing_stop: False
2026-04-25 22:41:35,901 - freqtrade.resolvers.strategy_resolver - INFO - Strategy using trailing_stop_positive: 0.4797513790276149
2026-04-25 22:41:35,901 - freqtrade.resolvers.strategy_resolver - INFO - Strategy using trailing_stop_positive_offset: 0.23377304966526505
2026-04-25 22:41:35,902 - freqtrade.resolvers.strategy_resolver - INFO - Strategy using trailing_only_offset_is_reached: True
2026-04-25 22:41:35,902 - freqtrade.resolvers.strategy_resolver - INFO - Strategy using use_custom_stoploss: False
2026-04-25 22:41:35,902 - freqtrade.resolvers.strategy_resolver - INFO - Strategy using process_only_new_candles: True
2026-04-25 22:41:35,902 - freqtrade.resolvers.strategy_resolver - INFO - Strategy using order_types: {'entry': 'limit', 'exit': 'limit', 'stoploss': 'limit', 'stoploss_on_exchange': False, 
'stoploss_on_exchange_interval': 60}
2026-04-25 22:41:35,903 - freqtrade.resolvers.strategy_resolver - INFO - Strategy using order_time_in_force: {'entry': 'GTC', 'exit': 'GTC'}
2026-04-25 22:41:35,903 - freqtrade.resolvers.strategy_resolver - INFO - Strategy using stake_currency: USDT
2026-04-25 22:41:35,903 - freqtrade.resolvers.strategy_resolver - INFO - Strategy using stake_amount: unlimited
2026-04-25 22:41:35,903 - freqtrade.resolvers.strategy_resolver - INFO - Strategy using startup_candle_count: 0
2026-04-25 22:41:35,904 - freqtrade.resolvers.strategy_resolver - INFO - Strategy using use_exit_signal: True
2026-04-25 22:41:35,904 - freqtrade.resolvers.strategy_resolver - INFO - Strategy using exit_profit_only: False
2026-04-25 22:41:35,904 - freqtrade.resolvers.strategy_resolver - INFO - Strategy using ignore_roi_if_entry_signal: False
2026-04-25 22:41:35,905 - freqtrade.resolvers.strategy_resolver - INFO - Strategy using exit_profit_offset: 0.0
2026-04-25 22:41:35,905 - freqtrade.resolvers.strategy_resolver - INFO - Strategy using disable_dataframe_checks: False
2026-04-25 22:41:35,905 - freqtrade.resolvers.strategy_resolver - INFO - Strategy using ignore_buying_expired_candle_after: 0
2026-04-25 22:41:35,905 - freqtrade.resolvers.strategy_resolver - INFO - Strategy using position_adjustment_enable: False
2026-04-25 22:41:35,906 - freqtrade.resolvers.strategy_resolver - INFO - Strategy using max_entry_position_adjustment: -1
2026-04-25 22:41:35,906 - freqtrade.resolvers.strategy_resolver - INFO - Strategy using max_open_trades: 3
2026-04-25 22:41:35,906 - freqtrade.configuration.config_validation - INFO - Validating configuration ...
2026-04-25 22:41:35,910 - freqtrade.resolvers.iresolver - INFO - Using resolved pairlist StaticPairList from 
'/home/mohs/Desktop/ae/pyside6/.venv/lib/python3.12/site-packages/freqtrade/plugins/pairlist/StaticPairList.py'...
2026-04-25 22:41:35,922 - freqtrade.optimize.backtesting - INFO - Using fee 0.1000% - worst case fee from exchange (lowest tier).
2026-04-25 22:41:35,956 - freqtrade.data.history.datahandlers.idatahandler - WARNING - HOME/USDT, spot, 4h, data starts at 2025-06-12 12:00:00
2026-04-25 22:41:35,964 - freqtrade.optimize.backtesting - INFO - Loading data from 2025-04-22 00:00:00 up to 2026-04-17 00:00:00 (360 days).
2026-04-25 22:41:36,021 - freqtrade.optimize.backtesting - INFO - Dataload complete. Calculating indicators
2026-04-25 22:41:36,030 - freqtrade.optimize.backtesting - INFO - Running backtesting for Strategy yes
2026-04-25 22:41:36,030 - freqtrade.strategy.hyper - INFO - Strategy Parameter: buy_ma_count = 2
2026-04-25 22:41:36,030 - freqtrade.strategy.hyper - INFO - Strategy Parameter: buy_ma_gap = 3
2026-04-25 22:41:36,031 - freqtrade.strategy.hyper - INFO - Strategy Parameter: sell_ma_count = 13
2026-04-25 22:41:36,031 - freqtrade.strategy.hyper - INFO - Strategy Parameter: sell_ma_gap = 39
2026-04-25 22:41:36,039 - freqtrade.optimize.backtesting - INFO - Backtesting with data from 2025-04-22 00:00:00 up to 2026-04-17 00:00:00 (360 days).
2026-04-25 22:41:36,644 - freqtrade.misc - INFO - dumping json to "/home/mohs/Desktop/ae/pyside6/user_data/backtest_results/backtest-result-2026-04-25_22-41-36.meta.json"
Result for strategy yes
                                                BACKTESTING REPORT                                                
┏━━━━━━━━━━━┳━━━━━━━━┳━━━━━━━━━━━━━━┳━━━━━━━━━━━━━━━━━┳━━━━━━━━━━━━━━┳━━━━━━━━━━━━━━━━━━┳━━━━━━━━━━━━━━━━━━━━━━━━┓
┃      Pair ┃ Trades ┃ Avg Profit % ┃ Tot Profit USDT ┃ Tot Profit % ┃     Avg Duration ┃  Win  Draw  Loss  Win% ┃
┡━━━━━━━━━━━╇━━━━━━━━╇━━━━━━━━━━━━━━╇━━━━━━━━━━━━━━━━━╇━━━━━━━━━━━━━━╇━━━━━━━━━━━━━━━━━━╇━━━━━━━━━━━━━━━━━━━━━━━━┩
│  ETH/USDT │     14 │         4.76 │          34.945 │         23.3 │ 5 days, 19:43:00 │    9     0     5  64.3 │
│  XRP/USDT │     12 │          2.8 │          19.346 │         12.9 │ 6 days, 12:40:00 │    8     0     4  66.7 │
│ HOME/USDT │     10 │          2.8 │          16.705 │        11.14 │ 6 days, 16:00:00 │    5     0     5  50.0 │
│     TOTAL │     36 │         3.56 │          70.997 │        47.33 │  6 days, 7:00:00 │   22     0    14  61.1 │
└───────────┴────────┴──────────────┴─────────────────┴──────────────┴──────────────────┴────────────────────────┘
                                            LEFT OPEN TRADES REPORT                                             
┏━━━━━━━━━━┳━━━━━━━━┳━━━━━━━━━━━━━━┳━━━━━━━━━━━━━━━━━┳━━━━━━━━━━━━━━┳━━━━━━━━━━━━━━━━━┳━━━━━━━━━━━━━━━━━━━━━━━━┓
┃     Pair ┃ Trades ┃ Avg Profit % ┃ Tot Profit USDT ┃ Tot Profit % ┃    Avg Duration ┃  Win  Draw  Loss  Win% ┃
┡━━━━━━━━━━╇━━━━━━━━╇━━━━━━━━━━━━━━╇━━━━━━━━━━━━━━━━━╇━━━━━━━━━━━━━━╇━━━━━━━━━━━━━━━━━╇━━━━━━━━━━━━━━━━━━━━━━━━┩
│ XRP/USDT │      1 │         3.11 │           2.262 │         1.51 │        20:00:00 │    1     0     0   100 │
│ ETH/USDT │      1 │         1.19 │           0.862 │         0.57 │ 5 days, 4:00:00 │    1     0     0   100 │
│    TOTAL │      2 │         2.15 │           3.124 │         2.08 │ 3 days, 0:00:00 │    2     0     0   100 │
└──────────┴────────┴──────────────┴─────────────────┴──────────────┴─────────────────┴────────────────────────┘
                                                 ENTER TAG STATS                                                  
┏━━━━━━━━━━━┳━━━━━━━━━┳━━━━━━━━━━━━━━┳━━━━━━━━━━━━━━━━━┳━━━━━━━━━━━━━━┳━━━━━━━━━━━━━━━━━┳━━━━━━━━━━━━━━━━━━━━━━━━┓
┃ Enter Tag ┃ Entries ┃ Avg Profit % ┃ Tot Profit USDT ┃ Tot Profit % ┃    Avg Duration ┃  Win  Draw  Loss  Win% ┃
┡━━━━━━━━━━━╇━━━━━━━━━╇━━━━━━━━━━━━━━╇━━━━━━━━━━━━━━━━━╇━━━━━━━━━━━━━━╇━━━━━━━━━━━━━━━━━╇━━━━━━━━━━━━━━━━━━━━━━━━┩
│     OTHER │      36 │         3.56 │          70.997 │        47.33 │ 6 days, 7:00:00 │   22     0    14  61.1 │
│     TOTAL │      36 │         3.56 │          70.997 │        47.33 │ 6 days, 7:00:00 │   22     0    14  61.1 │
└───────────┴─────────┴──────────────┴─────────────────┴──────────────┴─────────────────┴────────────────────────┘
                                                 EXIT REASON STATS                                                 
┏━━━━━━━━━━━━━┳━━━━━━━┳━━━━━━━━━━━━━━┳━━━━━━━━━━━━━━━━━┳━━━━━━━━━━━━━━┳━━━━━━━━━━━━━━━━━━┳━━━━━━━━━━━━━━━━━━━━━━━━┓
┃ Exit Reason ┃ Exits ┃ Avg Profit % ┃ Tot Profit USDT ┃ Tot Profit % ┃     Avg Duration ┃  Win  Draw  Loss  Win% ┃
┡━━━━━━━━━━━━━╇━━━━━━━╇━━━━━━━━━━━━━━╇━━━━━━━━━━━━━━━━━╇━━━━━━━━━━━━━━╇━━━━━━━━━━━━━━━━━━╇━━━━━━━━━━━━━━━━━━━━━━━━┩
│         roi │    16 │        12.81 │         118.896 │        79.26 │ 7 days, 16:45:00 │   16     0     0   100 │
│  force_exit │     2 │         2.15 │           3.124 │         2.08 │  3 days, 0:00:00 │    2     0     0   100 │
│ exit_signal │    18 │         -4.5 │         -51.024 │       -34.02 │  5 days, 9:47:00 │    4     0    14  22.2 │
│       TOTAL │    36 │         3.56 │          70.997 │        47.33 │  6 days, 7:00:00 │   22     0    14  61.1 │
└─────────────┴───────┴──────────────┴─────────────────┴──────────────┴──────────────────┴────────────────────────┘
                                                        MIXED TAG STATS                                                         
┏━━━━━━━━━━━┳━━━━━━━━━━━━━┳━━━━━━━━┳━━━━━━━━━━━━━━┳━━━━━━━━━━━━━━━━━┳━━━━━━━━━━━━━━┳━━━━━━━━━━━━━━━━━━┳━━━━━━━━━━━━━━━━━━━━━━━━┓
┃ Enter Tag ┃ Exit Reason ┃ Trades ┃ Avg Profit % ┃ Tot Profit USDT ┃ Tot Profit % ┃     Avg Duration ┃  Win  Draw  Loss  Win% ┃
┡━━━━━━━━━━━╇━━━━━━━━━━━━━╇━━━━━━━━╇━━━━━━━━━━━━━━╇━━━━━━━━━━━━━━━━━╇━━━━━━━━━━━━━━╇━━━━━━━━━━━━━━━━━━╇━━━━━━━━━━━━━━━━━━━━━━━━┩
│           │         roi │     16 │        12.81 │         118.896 │        79.26 │ 7 days, 16:45:00 │   16     0     0   100 │
│           │  force_exit │      2 │         2.15 │           3.124 │         2.08 │  3 days, 0:00:00 │    2     0     0   100 │
│           │ exit_signal │     18 │         -4.5 │         -51.024 │       -34.02 │  5 days, 9:47:00 │    4     0    14  22.2 │
│     TOTAL │             │     36 │         3.56 │          70.997 │        47.33 │  6 days, 7:00:00 │   22     0    14  61.1 │
└───────────┴─────────────┴────────┴──────────────┴─────────────────┴──────────────┴──────────────────┴────────────────────────┘
                          SUMMARY METRICS                          
┏━━━━━━━━━━━━━━━━━━━━━━━━━━━━━━━┳━━━━━━━━━━━━━━━━━━━━━━━━━━━━━━━━━┓
┃ Metric                        ┃ Value                           ┃
┡━━━━━━━━━━━━━━━━━━━━━━━━━━━━━━━╇━━━━━━━━━━━━━━━━━━━━━━━━━━━━━━━━━┩
│ Backtesting from              │ 2025-04-22 00:00:00             │
│ Backtesting to                │ 2026-04-17 00:00:00             │
│ Trading Mode                  │ Spot                            │
│ Max open trades               │ 3                               │
│                               │                                 │
│ Total/Daily Avg Trades        │ 36 / 0.1                        │
│ Starting balance              │ 150 USDT                        │
│ Final balance                 │ 220.997 USDT                    │
│ Absolute profit               │ 70.997 USDT                     │
│ Total profit %                │ 47.33%                          │
│ CAGR %                        │ 48.13%                          │
│ Sortino                       │ 1.61                            │
│ Sharpe                        │ 0.69                            │
│ Calmar                        │ 20.41                           │
│ SQN                           │ 2.13                            │
│ Profit factor                 │ 2.26                            │
│ Expectancy (Ratio)            │ 1.97 (0.49)                     │
│ Avg. daily profit             │ 0.197 USDT                      │
│ Avg. stake amount             │ 62.433 USDT                     │
│ Total trade volume            │ 4575.328 USDT                   │
│                               │                                 │
│ Best Pair                     │ ETH/USDT 23.30%                 │
│ Worst Pair                    │ HOME/USDT 11.14%                │
│ Best trade                    │ HOME/USDT 12.82%                │
│ Worst trade                   │ XRP/USDT -17.64%                │
│ Best day                      │ 9.215 USDT                      │
│ Worst day                     │ -9.937 USDT                     │
│ Days win/draw/lose            │ 20 / 314 / 11                   │
│ Min/Max/Avg. Duration Winners │ 0d 12:00 / 36d 16:00 / 6d 21:27 │
│ Min/Max/Avg. Duration Losers  │ 0d 16:00 / 18d 08:00 / 5d 08:17 │
│ Max Consecutive Wins / Loss   │ 11 / 5                          │
│ Rejected Entry signals        │ 0                               │
│ Entry/Exit Timeouts           │ 0 / 0                           │
│                               │                                 │
│ Min balance                   │ 154.695 USDT                    │
│ Max balance                   │ 231 USDT                        │
│ Max % of account underwater   │ 12.30%                          │
│ Absolute drawdown             │ 21.706 USDT (12.30%)            │
│ Drawdown duration             │ 36 days 16:00:00                │
│ Profit at drawdown start      │ 26.401 USDT                     │
│ Profit at drawdown end        │ 4.695 USDT                      │
│ Drawdown start                │ 2025-05-13 16:00:00             │
│ Drawdown end                  │ 2025-06-19 08:00:00             │
│ Market change                 │ -9.22%                          │
└───────────────────────────────┴─────────────────────────────────┘

Backtested 2025-04-22 00:00:00 -> 2026-04-17 00:00:00 | Max open trades : 3
                                                           STRATEGY SUMMARY                                                           
┏━━━━━━━━━━┳━━━━━━━━┳━━━━━━━━━━━━━━┳━━━━━━━━━━━━━━━━━┳━━━━━━━━━━━━━━┳━━━━━━━━━━━━━━━━━┳━━━━━━━━━━━━━━━━━━━━━━━━┳━━━━━━━━━━━━━━━━━━━━━┓
┃ Strategy ┃ Trades ┃ Avg Profit % ┃ Tot Profit USDT ┃ Tot Profit % ┃    Avg Duration ┃  Win  Draw  Loss  Win% ┃            Drawdown ┃
┡━━━━━━━━━━╇━━━━━━━━╇━━━━━━━━━━━━━━╇━━━━━━━━━━━━━━━━━╇━━━━━━━━━━━━━━╇━━━━━━━━━━━━━━━━━╇━━━━━━━━━━━━━━━━━━━━━━━━╇━━━━━━━━━━━━━━━━━━━━━┩
│      yes │     36 │         3.56 │          70.997 │        47.33 │ 6 days, 7:00:00 │   22     0    14  61.1 │ 21.706 USDT  12.30% │
└──────────┴────────┴──────────────┴─────────────────┴──────────────┴─────────────────┴────────────────────────┴─────────────────────┘