2026-04-25 22:45:26,894 - freqtrade - INFO - freqtrade 2026.3
2026-04-25 22:45:27,950 - freqtrade.configuration.load_config - INFO - Using config: /home/mohs/Desktop/ae/pyside6/user_data/config.json ...
2026-04-25 22:45:27,952 - freqtrade.loggers - INFO - Enabling colorized output.
2026-04-25 22:45:27,952 - freqtrade.loggers - INFO - Logfile configured
2026-04-25 22:45:27,953 - freqtrade.loggers - INFO - Verbosity set to 0
2026-04-25 22:45:27,953 - freqtrade.configuration.configuration - INFO - Using additional Strategy lookup path: 
/home/mohs/Desktop/ae/pyside6/user_data/optimizer/sessions/b8194b7f-3716-497e-8a17-833c28d4e223/trial_122/strategy_dir
2026-04-25 22:45:27,953 - freqtrade.configuration.configuration - WARNING - `force_entry_enable` RPC message enabled.
2026-04-25 22:45:27,954 - freqtrade.configuration.configuration - INFO - Parameter -i/--timeframe detected ... Using timeframe: 4h ...
2026-04-25 22:45:27,954 - freqtrade.configuration.configuration - INFO - Parameter --max-open-trades detected, overriding max_open_trades to: 3 ...
2026-04-25 22:45:27,954 - freqtrade.configuration.configuration - INFO - Parameter --dry-run-wallet detected, overriding dry_run_wallet to: 150.0 ...
2026-04-25 22:45:27,955 - freqtrade.configuration.configuration - INFO - Parameter --timerange detected: 20250422-20260417 ...
2026-04-25 22:45:27,955 - freqtrade.configuration.configuration - INFO - Using user-data directory: /home/mohs/Desktop/ae/pyside6/user_data ...
2026-04-25 22:45:27,955 - freqtrade.configuration.configuration - INFO - Using data directory: /home/mohs/Desktop/ae/pyside6/user_data/data/binance ...
2026-04-25 22:45:27,956 - freqtrade.configuration.configuration - INFO - Parameter --export detected: trades ...
2026-04-25 22:45:27,956 - freqtrade.configuration.configuration - INFO - Parameter --cache=day detected ...
2026-04-25 22:45:27,956 - freqtrade.configuration.configuration - INFO - Using pairs ['XRP/USDT', 'ETH/USDT', 'HOME/USDT']
2026-04-25 22:45:27,956 - freqtrade.configuration.configuration - INFO - Filter trades by timerange: 20250422-20260417
2026-04-25 22:45:27,957 - freqtrade.exchange.check_exchange - INFO - Checking exchange...
2026-04-25 22:45:27,963 - freqtrade.exchange.check_exchange - INFO - Exchange "binance" is officially supported by the Freqtrade development team.
2026-04-25 22:45:27,963 - freqtrade.configuration.config_validation - INFO - Validating configuration ...
2026-04-25 22:45:27,965 - freqtrade.commands.optimize_commands - INFO - Starting freqtrade in Backtesting mode
2026-04-25 22:45:27,965 - freqtrade.exchange.exchange - INFO - Instance is running with dry_run enabled
2026-04-25 22:45:27,966 - freqtrade.exchange.exchange - INFO - Using CCXT 4.5.50
2026-04-25 22:45:27,966 - freqtrade.exchange.exchange - INFO - Applying additional ccxt config: {'enableRateLimit': True, 'timeout': 120000}
2026-04-25 22:45:27,971 - freqtrade.exchange.exchange - INFO - Applying additional ccxt config: {'enableRateLimit': True, 'timeout': 120000}
2026-04-25 22:45:27,977 - freqtrade.exchange.exchange - INFO - Using Exchange "Binance"
2026-04-25 22:45:29,116 - freqtrade.resolvers.exchange_resolver - INFO - Using resolved exchange 'Binance'...
2026-04-25 22:45:29,124 - freqtrade.resolvers.iresolver - INFO - Using resolved strategy yes from 
'/home/mohs/Desktop/ae/pyside6/user_data/optimizer/sessions/b8194b7f-3716-497e-8a17-833c28d4e223/trial_122/strategy_dir/yes.py'...
2026-04-25 22:45:29,124 - freqtrade.strategy.hyper - INFO - Loading parameters from file 
/home/mohs/Desktop/ae/pyside6/user_data/optimizer/sessions/b8194b7f-3716-497e-8a17-833c28d4e223/trial_122/strategy_dir/yes.json
2026-04-25 22:45:29,125 - freqtrade.resolvers.strategy_resolver - INFO - Override strategy 'timeframe' with value from the configuration: 4h.
2026-04-25 22:45:29,125 - freqtrade.resolvers.strategy_resolver - INFO - Override strategy 'stake_currency' with value from the configuration: USDT.
2026-04-25 22:45:29,126 - freqtrade.resolvers.strategy_resolver - INFO - Override strategy 'stake_amount' with value from the configuration: unlimited.
2026-04-25 22:45:29,126 - freqtrade.resolvers.strategy_resolver - INFO - Override strategy 'use_exit_signal' with value from the configuration: True.
2026-04-25 22:45:29,126 - freqtrade.resolvers.strategy_resolver - INFO - Override strategy 'max_open_trades' with value from the configuration: 3.
2026-04-25 22:45:29,126 - freqtrade.resolvers.strategy_resolver - INFO - Strategy using minimal_roi: {'0': 1.4689242415286397, '13': 0.6479062323793761, '146': 0.02918974904744069, '38': 
0.02251421345384024}
2026-04-25 22:45:29,127 - freqtrade.resolvers.strategy_resolver - INFO - Strategy using timeframe: 4h
2026-04-25 22:45:29,127 - freqtrade.resolvers.strategy_resolver - INFO - Strategy using stoploss: -0.886513569668588
2026-04-25 22:45:29,127 - freqtrade.resolvers.strategy_resolver - INFO - Strategy using trailing_stop: False
2026-04-25 22:45:29,127 - freqtrade.resolvers.strategy_resolver - INFO - Strategy using trailing_stop_positive: 0.45706879376210185
2026-04-25 22:45:29,128 - freqtrade.resolvers.strategy_resolver - INFO - Strategy using trailing_stop_positive_offset: 0.3226334863414942
2026-04-25 22:45:29,128 - freqtrade.resolvers.strategy_resolver - INFO - Strategy using trailing_only_offset_is_reached: True
2026-04-25 22:45:29,128 - freqtrade.resolvers.strategy_resolver - INFO - Strategy using use_custom_stoploss: False
2026-04-25 22:45:29,128 - freqtrade.resolvers.strategy_resolver - INFO - Strategy using process_only_new_candles: True
2026-04-25 22:45:29,129 - freqtrade.resolvers.strategy_resolver - INFO - Strategy using order_types: {'entry': 'limit', 'exit': 'limit', 'stoploss': 'limit', 'stoploss_on_exchange': False, 
'stoploss_on_exchange_interval': 60}
2026-04-25 22:45:29,129 - freqtrade.resolvers.strategy_resolver - INFO - Strategy using order_time_in_force: {'entry': 'GTC', 'exit': 'GTC'}
2026-04-25 22:45:29,129 - freqtrade.resolvers.strategy_resolver - INFO - Strategy using stake_currency: USDT
2026-04-25 22:45:29,130 - freqtrade.resolvers.strategy_resolver - INFO - Strategy using stake_amount: unlimited
2026-04-25 22:45:29,130 - freqtrade.resolvers.strategy_resolver - INFO - Strategy using startup_candle_count: 0
2026-04-25 22:45:29,130 - freqtrade.resolvers.strategy_resolver - INFO - Strategy using use_exit_signal: True
2026-04-25 22:45:29,130 - freqtrade.resolvers.strategy_resolver - INFO - Strategy using exit_profit_only: False
2026-04-25 22:45:29,131 - freqtrade.resolvers.strategy_resolver - INFO - Strategy using ignore_roi_if_entry_signal: False
2026-04-25 22:45:29,131 - freqtrade.resolvers.strategy_resolver - INFO - Strategy using exit_profit_offset: 0.0
2026-04-25 22:45:29,131 - freqtrade.resolvers.strategy_resolver - INFO - Strategy using disable_dataframe_checks: False
2026-04-25 22:45:29,131 - freqtrade.resolvers.strategy_resolver - INFO - Strategy using ignore_buying_expired_candle_after: 0
2026-04-25 22:45:29,132 - freqtrade.resolvers.strategy_resolver - INFO - Strategy using position_adjustment_enable: False
2026-04-25 22:45:29,132 - freqtrade.resolvers.strategy_resolver - INFO - Strategy using max_entry_position_adjustment: -1
2026-04-25 22:45:29,132 - freqtrade.resolvers.strategy_resolver - INFO - Strategy using max_open_trades: 3
2026-04-25 22:45:29,133 - freqtrade.configuration.config_validation - INFO - Validating configuration ...
2026-04-25 22:45:29,136 - freqtrade.resolvers.iresolver - INFO - Using resolved pairlist StaticPairList from 
'/home/mohs/Desktop/ae/pyside6/.venv/lib/python3.12/site-packages/freqtrade/plugins/pairlist/StaticPairList.py'...
2026-04-25 22:45:29,148 - freqtrade.optimize.backtesting - INFO - Using fee 0.1000% - worst case fee from exchange (lowest tier).
2026-04-25 22:45:29,183 - freqtrade.data.history.datahandlers.idatahandler - WARNING - HOME/USDT, spot, 4h, data starts at 2025-06-12 12:00:00
2026-04-25 22:45:29,191 - freqtrade.optimize.backtesting - INFO - Loading data from 2025-04-22 00:00:00 up to 2026-04-17 00:00:00 (360 days).
2026-04-25 22:45:29,245 - freqtrade.optimize.backtesting - INFO - Dataload complete. Calculating indicators
2026-04-25 22:45:29,255 - freqtrade.optimize.backtesting - INFO - Running backtesting for Strategy yes
2026-04-25 22:45:29,256 - freqtrade.strategy.hyper - INFO - Strategy Parameter: buy_ma_count = 4
2026-04-25 22:45:29,256 - freqtrade.strategy.hyper - INFO - Strategy Parameter: buy_ma_gap = 8
2026-04-25 22:45:29,256 - freqtrade.strategy.hyper - INFO - Strategy Parameter: sell_ma_count = 12
2026-04-25 22:45:29,256 - freqtrade.strategy.hyper - INFO - Strategy Parameter: sell_ma_gap = 48
2026-04-25 22:45:29,266 - freqtrade.optimize.backtesting - INFO - Backtesting with data from 2025-04-22 00:00:00 up to 2026-04-17 00:00:00 (360 days).
2026-04-25 22:45:29,903 - freqtrade.misc - INFO - dumping json to "/home/mohs/Desktop/ae/pyside6/user_data/backtest_results/backtest-result-2026-04-25_22-45-29.meta.json"
Result for strategy yes
                                               BACKTESTING REPORT                                                
┏━━━━━━━━━━━┳━━━━━━━━┳━━━━━━━━━━━━━━┳━━━━━━━━━━━━━━━━━┳━━━━━━━━━━━━━━┳━━━━━━━━━━━━━━━━━┳━━━━━━━━━━━━━━━━━━━━━━━━┓
┃      Pair ┃ Trades ┃ Avg Profit % ┃ Tot Profit USDT ┃ Tot Profit % ┃    Avg Duration ┃  Win  Draw  Loss  Win% ┃
┡━━━━━━━━━━━╇━━━━━━━━╇━━━━━━━━━━━━━━╇━━━━━━━━━━━━━━━━━╇━━━━━━━━━━━━━━╇━━━━━━━━━━━━━━━━━╇━━━━━━━━━━━━━━━━━━━━━━━━┩
│ HOME/USDT │     30 │         1.63 │          29.198 │        19.47 │  1 day, 6:40:00 │   26     0     4  86.7 │
│  ETH/USDT │     21 │         1.61 │          17.581 │        11.72 │ 2 days, 7:49:00 │   17     0     4  81.0 │
│  XRP/USDT │     19 │         0.95 │          10.911 │         7.27 │ 3 days, 1:03:00 │   16     0     3  84.2 │
│     TOTAL │     70 │         1.44 │          57.691 │        38.46 │ 2 days, 1:43:00 │   59     0    11  84.3 │
└───────────┴────────┴──────────────┴─────────────────┴──────────────┴─────────────────┴────────────────────────┘
                                             LEFT OPEN TRADES REPORT                                             
┏━━━━━━━━━━┳━━━━━━━━┳━━━━━━━━━━━━━━┳━━━━━━━━━━━━━━━━━┳━━━━━━━━━━━━━━┳━━━━━━━━━━━━━━━━━━┳━━━━━━━━━━━━━━━━━━━━━━━━┓
┃     Pair ┃ Trades ┃ Avg Profit % ┃ Tot Profit USDT ┃ Tot Profit % ┃     Avg Duration ┃  Win  Draw  Loss  Win% ┃
┡━━━━━━━━━━╇━━━━━━━━╇━━━━━━━━━━━━━━╇━━━━━━━━━━━━━━━━━╇━━━━━━━━━━━━━━╇━━━━━━━━━━━━━━━━━━╇━━━━━━━━━━━━━━━━━━━━━━━━┩
│ ETH/USDT │      1 │        -0.93 │          -0.642 │        -0.43 │ 2 days, 20:00:00 │    0     0     1     0 │
│ XRP/USDT │      1 │        -0.98 │          -0.685 │        -0.46 │          4:00:00 │    0     0     1     0 │
│    TOTAL │      2 │        -0.96 │          -1.327 │        -0.88 │  1 day, 12:00:00 │    0     0     2     0 │
└──────────┴────────┴──────────────┴─────────────────┴──────────────┴──────────────────┴────────────────────────┘
                                                 ENTER TAG STATS                                                  
┏━━━━━━━━━━━┳━━━━━━━━━┳━━━━━━━━━━━━━━┳━━━━━━━━━━━━━━━━━┳━━━━━━━━━━━━━━┳━━━━━━━━━━━━━━━━━┳━━━━━━━━━━━━━━━━━━━━━━━━┓
┃ Enter Tag ┃ Entries ┃ Avg Profit % ┃ Tot Profit USDT ┃ Tot Profit % ┃    Avg Duration ┃  Win  Draw  Loss  Win% ┃
┡━━━━━━━━━━━╇━━━━━━━━━╇━━━━━━━━━━━━━━╇━━━━━━━━━━━━━━━━━╇━━━━━━━━━━━━━━╇━━━━━━━━━━━━━━━━━╇━━━━━━━━━━━━━━━━━━━━━━━━┩
│     OTHER │      70 │         1.44 │          57.691 │        38.46 │ 2 days, 1:43:00 │   59     0    11  84.3 │
│     TOTAL │      70 │         1.44 │          57.691 │        38.46 │ 2 days, 1:43:00 │   59     0    11  84.3 │
└───────────┴─────────┴──────────────┴─────────────────┴──────────────┴─────────────────┴────────────────────────┘
                                                 EXIT REASON STATS                                                 
┏━━━━━━━━━━━━━┳━━━━━━━┳━━━━━━━━━━━━━━┳━━━━━━━━━━━━━━━━━┳━━━━━━━━━━━━━━┳━━━━━━━━━━━━━━━━━━┳━━━━━━━━━━━━━━━━━━━━━━━━┓
┃ Exit Reason ┃ Exits ┃ Avg Profit % ┃ Tot Profit USDT ┃ Tot Profit % ┃     Avg Duration ┃  Win  Draw  Loss  Win% ┃
┡━━━━━━━━━━━━━╇━━━━━━━╇━━━━━━━━━━━━━━╇━━━━━━━━━━━━━━━━━╇━━━━━━━━━━━━━━╇━━━━━━━━━━━━━━━━━━╇━━━━━━━━━━━━━━━━━━━━━━━━┩
│         roi │    59 │         2.95 │         102.901 │         68.6 │   1 day, 8:12:00 │   59     0     0   100 │
│  force_exit │     2 │        -0.96 │          -1.327 │        -0.88 │  1 day, 12:00:00 │    0     0     2     0 │
│ exit_signal │     9 │         -7.9 │         -43.884 │       -29.26 │ 6 days, 23:33:00 │    0     0     9     0 │
│       TOTAL │    70 │         1.44 │          57.691 │        38.46 │  2 days, 1:43:00 │   59     0    11  84.3 │
└─────────────┴───────┴──────────────┴─────────────────┴──────────────┴──────────────────┴────────────────────────┘
                                                        MIXED TAG STATS                                                         
┏━━━━━━━━━━━┳━━━━━━━━━━━━━┳━━━━━━━━┳━━━━━━━━━━━━━━┳━━━━━━━━━━━━━━━━━┳━━━━━━━━━━━━━━┳━━━━━━━━━━━━━━━━━━┳━━━━━━━━━━━━━━━━━━━━━━━━┓
┃ Enter Tag ┃ Exit Reason ┃ Trades ┃ Avg Profit % ┃ Tot Profit USDT ┃ Tot Profit % ┃     Avg Duration ┃  Win  Draw  Loss  Win% ┃
┡━━━━━━━━━━━╇━━━━━━━━━━━━━╇━━━━━━━━╇━━━━━━━━━━━━━━╇━━━━━━━━━━━━━━━━━╇━━━━━━━━━━━━━━╇━━━━━━━━━━━━━━━━━━╇━━━━━━━━━━━━━━━━━━━━━━━━┩
│           │         roi │     59 │         2.95 │         102.901 │         68.6 │   1 day, 8:12:00 │   59     0     0   100 │
│           │  force_exit │      2 │        -0.96 │          -1.327 │        -0.88 │  1 day, 12:00:00 │    0     0     2     0 │
│           │ exit_signal │      9 │         -7.9 │         -43.884 │       -29.26 │ 6 days, 23:33:00 │    0     0     9     0 │
│     TOTAL │             │     70 │         1.44 │          57.691 │        38.46 │  2 days, 1:43:00 │   59     0    11  84.3 │
└───────────┴─────────────┴────────┴──────────────┴─────────────────┴──────────────┴──────────────────┴────────────────────────┘
                          SUMMARY METRICS                          
┏━━━━━━━━━━━━━━━━━━━━━━━━━━━━━━━┳━━━━━━━━━━━━━━━━━━━━━━━━━━━━━━━━━┓
┃ Metric                        ┃ Value                           ┃
┡━━━━━━━━━━━━━━━━━━━━━━━━━━━━━━━╇━━━━━━━━━━━━━━━━━━━━━━━━━━━━━━━━━┩
│ Backtesting from              │ 2025-04-22 00:00:00             │
│ Backtesting to                │ 2026-04-17 00:00:00             │
│ Trading Mode                  │ Spot                            │
│ Max open trades               │ 3                               │
│                               │                                 │
│ Total/Daily Avg Trades        │ 70 / 0.19                       │
│ Starting balance              │ 150 USDT                        │
│ Final balance                 │ 207.691 USDT                    │
│ Absolute profit               │ 57.691 USDT                     │
│ Total profit %                │ 38.46%                          │
│ CAGR %                        │ 39.09%                          │
│ Sortino                       │ 1.07                            │
│ Sharpe                        │ 1.26                            │
│ Calmar                        │ 20.71                           │
│ SQN                           │ 2.83                            │
│ Profit factor                 │ 2.28                            │
│ Expectancy (Ratio)            │ 0.82 (0.20)                     │
│ Avg. daily profit             │ 0.16 USDT                       │
│ Avg. stake amount             │ 59.895 USDT                     │
│ Total trade volume            │ 8459.829 USDT                   │
│                               │                                 │
│ Best Pair                     │ HOME/USDT 19.47%                │
│ Worst Pair                    │ XRP/USDT 7.27%                  │
│ Best trade                    │ ETH/USDT 3.83%                  │
│ Worst trade                   │ XRP/USDT -19.14%                │
│ Best day                      │ 9.643 USDT                      │
│ Worst day                     │ -10.589 USDT                    │
│ Days win/draw/lose            │ 31 / 304 / 10                   │
│ Min/Max/Avg. Duration Winners │ 0d 04:00 / 8d 16:00 / 1d 08:12  │
│ Min/Max/Avg. Duration Losers  │ 0d 04:00 / 30d 12:00 / 5d 23:38 │
│ Max Consecutive Wins / Loss   │ 27 / 2                          │
│ Rejected Entry signals        │ 0                               │
│ Entry/Exit Timeouts           │ 0 / 0                           │
│                               │                                 │
│ Min balance                   │ 151.461 USDT                    │
│ Max balance                   │ 209.826 USDT                    │
│ Max % of account underwater   │ 9.86%                           │
│ Absolute drawdown             │ 16.694 USDT (9.86%)             │
│ Drawdown duration             │ 26 days 12:00:00                │
│ Profit at drawdown start      │ 19.378 USDT                     │
│ Profit at drawdown end        │ 2.684 USDT                      │
│ Drawdown start                │ 2025-05-23 00:00:00             │
│ Drawdown end                  │ 2025-06-18 12:00:00             │
│ Market change                 │ -9.22%                          │
└───────────────────────────────┴─────────────────────────────────┘

Backtested 2025-04-22 00:00:00 -> 2026-04-17 00:00:00 | Max open trades : 3
                                                          STRATEGY SUMMARY                                                           
┏━━━━━━━━━━┳━━━━━━━━┳━━━━━━━━━━━━━━┳━━━━━━━━━━━━━━━━━┳━━━━━━━━━━━━━━┳━━━━━━━━━━━━━━━━━┳━━━━━━━━━━━━━━━━━━━━━━━━┳━━━━━━━━━━━━━━━━━━━━┓
┃ Strategy ┃ Trades ┃ Avg Profit % ┃ Tot Profit USDT ┃ Tot Profit % ┃    Avg Duration ┃  Win  Draw  Loss  Win% ┃           Drawdown ┃
┡━━━━━━━━━━╇━━━━━━━━╇━━━━━━━━━━━━━━╇━━━━━━━━━━━━━━━━━╇━━━━━━━━━━━━━━╇━━━━━━━━━━━━━━━━━╇━━━━━━━━━━━━━━━━━━━━━━━━╇━━━━━━━━━━━━━━━━━━━━┩
│      yes │     70 │         1.44 │          57.691 │        38.46 │ 2 days, 1:43:00 │   59     0    11  84.3 │ 16.694 USDT  9.86% │
└──────────┴────────┴──────────────┴─────────────────┴──────────────┴─────────────────┴────────────────────────┴────────────────────┘