2026-04-25 20:15:18,602 - freqtrade - INFO - freqtrade 2026.3
2026-04-25 20:15:19,671 - freqtrade.configuration.load_config - INFO - Using config: /home/mohs/Desktop/ae/pyside6/user_data/config.json ...
2026-04-25 20:15:19,673 - freqtrade.loggers - INFO - Enabling colorized output.
2026-04-25 20:15:19,673 - freqtrade.loggers - INFO - Logfile configured
2026-04-25 20:15:19,674 - freqtrade.loggers - INFO - Verbosity set to 0
2026-04-25 20:15:19,674 - freqtrade.configuration.configuration - INFO - Using additional Strategy lookup path: 
/home/mohs/Desktop/ae/pyside6/user_data/optimizer/sessions/67b9b07d-6015-403e-8bdf-cb20b1ccc55d/trial_006/strategy_dir
2026-04-25 20:15:19,674 - freqtrade.configuration.configuration - WARNING - `force_entry_enable` RPC message enabled.
2026-04-25 20:15:19,674 - freqtrade.configuration.configuration - INFO - Parameter -i/--timeframe detected ... Using timeframe: 4h ...
2026-04-25 20:15:19,675 - freqtrade.configuration.configuration - INFO - Parameter --max-open-trades detected, overriding max_open_trades to: 2 ...
2026-04-25 20:15:19,675 - freqtrade.configuration.configuration - INFO - Parameter --dry-run-wallet detected, overriding dry_run_wallet to: 150.0 ...
2026-04-25 20:15:19,675 - freqtrade.configuration.configuration - INFO - Parameter --timerange detected: 20250422-20260417 ...
2026-04-25 20:15:19,676 - freqtrade.configuration.configuration - INFO - Using user-data directory: /home/mohs/Desktop/ae/pyside6/user_data ...
2026-04-25 20:15:19,676 - freqtrade.configuration.configuration - INFO - Using data directory: /home/mohs/Desktop/ae/pyside6/user_data/data/binance ...
2026-04-25 20:15:19,676 - freqtrade.configuration.configuration - INFO - Parameter --export detected: trades ...
2026-04-25 20:15:19,676 - freqtrade.configuration.configuration - INFO - Parameter --cache=day detected ...
2026-04-25 20:15:19,677 - freqtrade.configuration.configuration - INFO - Using pairs ['ETH/USDT', 'XRP/USDT', 'HOME/USDT']
2026-04-25 20:15:19,677 - freqtrade.configuration.configuration - INFO - Filter trades by timerange: 20250422-20260417
2026-04-25 20:15:19,677 - freqtrade.exchange.check_exchange - INFO - Checking exchange...
2026-04-25 20:15:19,683 - freqtrade.exchange.check_exchange - INFO - Exchange "binance" is officially supported by the Freqtrade development team.
2026-04-25 20:15:19,684 - freqtrade.configuration.config_validation - INFO - Validating configuration ...
2026-04-25 20:15:19,686 - freqtrade.commands.optimize_commands - INFO - Starting freqtrade in Backtesting mode
2026-04-25 20:15:19,686 - freqtrade.exchange.exchange - INFO - Instance is running with dry_run enabled
2026-04-25 20:15:19,686 - freqtrade.exchange.exchange - INFO - Using CCXT 4.5.50
2026-04-25 20:15:19,687 - freqtrade.exchange.exchange - INFO - Applying additional ccxt config: {'enableRateLimit': True, 'timeout': 120000}
2026-04-25 20:15:19,692 - freqtrade.exchange.exchange - INFO - Applying additional ccxt config: {'enableRateLimit': True, 'timeout': 120000}
2026-04-25 20:15:19,698 - freqtrade.exchange.exchange - INFO - Using Exchange "Binance"
2026-04-25 20:15:20,909 - freqtrade.resolvers.exchange_resolver - INFO - Using resolved exchange 'Binance'...
2026-04-25 20:15:20,917 - freqtrade.resolvers.iresolver - INFO - Using resolved strategy MultiMeee from 
'/home/mohs/Desktop/ae/pyside6/user_data/optimizer/sessions/67b9b07d-6015-403e-8bdf-cb20b1ccc55d/trial_006/strategy_dir/MultiMeee.py'...
2026-04-25 20:15:20,918 - freqtrade.strategy.hyper - INFO - Loading parameters from file 
/home/mohs/Desktop/ae/pyside6/user_data/optimizer/sessions/67b9b07d-6015-403e-8bdf-cb20b1ccc55d/trial_006/strategy_dir/MultiMeee.json
2026-04-25 20:15:20,918 - freqtrade.resolvers.strategy_resolver - INFO - Override strategy 'timeframe' with value from the configuration: 4h.
2026-04-25 20:15:20,918 - freqtrade.resolvers.strategy_resolver - INFO - Override strategy 'stake_currency' with value from the configuration: USDT.
2026-04-25 20:15:20,919 - freqtrade.resolvers.strategy_resolver - INFO - Override strategy 'stake_amount' with value from the configuration: unlimited.
2026-04-25 20:15:20,919 - freqtrade.resolvers.strategy_resolver - INFO - Override strategy 'use_exit_signal' with value from the configuration: True.
2026-04-25 20:15:20,919 - freqtrade.resolvers.strategy_resolver - INFO - Override strategy 'max_open_trades' with value from the configuration: 2.
2026-04-25 20:15:20,919 - freqtrade.resolvers.strategy_resolver - INFO - Strategy using minimal_roi: {'0': 0.27981559638801135, '13': 0.9794012929997764, '146': 0.37662828020240713, '38': 
0.046417040909333296}
2026-04-25 20:15:20,920 - freqtrade.resolvers.strategy_resolver - INFO - Strategy using timeframe: 4h
2026-04-25 20:15:20,920 - freqtrade.resolvers.strategy_resolver - INFO - Strategy using stoploss: -0.3996520134488568
2026-04-25 20:15:20,920 - freqtrade.resolvers.strategy_resolver - INFO - Strategy using trailing_stop: False
2026-04-25 20:15:20,920 - freqtrade.resolvers.strategy_resolver - INFO - Strategy using trailing_stop_positive: 0.33916596863616794
2026-04-25 20:15:20,921 - freqtrade.resolvers.strategy_resolver - INFO - Strategy using trailing_stop_positive_offset: 0.18841179406941824
2026-04-25 20:15:20,921 - freqtrade.resolvers.strategy_resolver - INFO - Strategy using trailing_only_offset_is_reached: True
2026-04-25 20:15:20,921 - freqtrade.resolvers.strategy_resolver - INFO - Strategy using use_custom_stoploss: False
2026-04-25 20:15:20,921 - freqtrade.resolvers.strategy_resolver - INFO - Strategy using process_only_new_candles: True
2026-04-25 20:15:20,922 - freqtrade.resolvers.strategy_resolver - INFO - Strategy using order_types: {'entry': 'limit', 'exit': 'limit', 'stoploss': 'limit', 'stoploss_on_exchange': False, 
'stoploss_on_exchange_interval': 60}
2026-04-25 20:15:20,922 - freqtrade.resolvers.strategy_resolver - INFO - Strategy using order_time_in_force: {'entry': 'GTC', 'exit': 'GTC'}
2026-04-25 20:15:20,922 - freqtrade.resolvers.strategy_resolver - INFO - Strategy using stake_currency: USDT
2026-04-25 20:15:20,922 - freqtrade.resolvers.strategy_resolver - INFO - Strategy using stake_amount: unlimited
2026-04-25 20:15:20,923 - freqtrade.resolvers.strategy_resolver - INFO - Strategy using startup_candle_count: 0
2026-04-25 20:15:20,923 - freqtrade.resolvers.strategy_resolver - INFO - Strategy using use_exit_signal: True
2026-04-25 20:15:20,923 - freqtrade.resolvers.strategy_resolver - INFO - Strategy using exit_profit_only: False
2026-04-25 20:15:20,923 - freqtrade.resolvers.strategy_resolver - INFO - Strategy using ignore_roi_if_entry_signal: False
2026-04-25 20:15:20,924 - freqtrade.resolvers.strategy_resolver - INFO - Strategy using exit_profit_offset: 0.0
2026-04-25 20:15:20,924 - freqtrade.resolvers.strategy_resolver - INFO - Strategy using disable_dataframe_checks: False
2026-04-25 20:15:20,924 - freqtrade.resolvers.strategy_resolver - INFO - Strategy using ignore_buying_expired_candle_after: 0
2026-04-25 20:15:20,924 - freqtrade.resolvers.strategy_resolver - INFO - Strategy using position_adjustment_enable: False
2026-04-25 20:15:20,925 - freqtrade.resolvers.strategy_resolver - INFO - Strategy using max_entry_position_adjustment: -1
2026-04-25 20:15:20,925 - freqtrade.resolvers.strategy_resolver - INFO - Strategy using max_open_trades: 2
2026-04-25 20:15:20,925 - freqtrade.configuration.config_validation - INFO - Validating configuration ...
2026-04-25 20:15:20,929 - freqtrade.resolvers.iresolver - INFO - Using resolved pairlist StaticPairList from 
'/home/mohs/Desktop/ae/pyside6/.venv/lib/python3.12/site-packages/freqtrade/plugins/pairlist/StaticPairList.py'...
2026-04-25 20:15:20,941 - freqtrade.optimize.backtesting - INFO - Using fee 0.1000% - worst case fee from exchange (lowest tier).
2026-04-25 20:15:20,949 - freqtrade.data.history.datahandlers.idatahandler - WARNING - ETH/USDT, spot, 4h, data starts at 2025-04-24 00:00:00
2026-04-25 20:15:20,962 - freqtrade.data.history.datahandlers.idatahandler - WARNING - XRP/USDT, spot, 4h, data starts at 2025-04-30 00:00:00
2026-04-25 20:15:20,974 - freqtrade.data.history.datahandlers.idatahandler - WARNING - HOME/USDT, spot, 4h, data starts at 2025-06-12 12:00:00
2026-04-25 20:15:20,981 - freqtrade.optimize.backtesting - INFO - Loading data from 2025-04-24 00:00:00 up to 2026-04-17 00:00:00 (358 days).
2026-04-25 20:15:21,039 - freqtrade.optimize.backtesting - INFO - Dataload complete. Calculating indicators
2026-04-25 20:15:21,043 - freqtrade.optimize.backtesting - INFO - Running backtesting for Strategy MultiMeee
2026-04-25 20:15:21,043 - freqtrade.strategy.hyper - INFO - Strategy Parameter: buy_ma_count = 8
2026-04-25 20:15:21,044 - freqtrade.strategy.hyper - INFO - Strategy Parameter: buy_ma_gap = 15
2026-04-25 20:15:21,044 - freqtrade.strategy.hyper - INFO - Strategy Parameter: sell_ma_count = 4
2026-04-25 20:15:21,044 - freqtrade.strategy.hyper - INFO - Strategy Parameter: sell_ma_gap = 14
2026-04-25 20:15:21,052 - freqtrade.optimize.backtesting - INFO - Backtesting with data from 2025-04-24 00:00:00 up to 2026-04-17 00:00:00 (358 days).
2026-04-25 20:15:21,661 - freqtrade.misc - INFO - dumping json to "/home/mohs/Desktop/ae/pyside6/user_data/backtest_results/backtest-result-2026-04-25_20-15-21.meta.json"
Result for strategy MultiMeee
                                               BACKTESTING REPORT                                                
┏━━━━━━━━━━━┳━━━━━━━━┳━━━━━━━━━━━━━━┳━━━━━━━━━━━━━━━━━┳━━━━━━━━━━━━━━┳━━━━━━━━━━━━━━━━━┳━━━━━━━━━━━━━━━━━━━━━━━━┓
┃      Pair ┃ Trades ┃ Avg Profit % ┃ Tot Profit USDT ┃ Tot Profit % ┃    Avg Duration ┃  Win  Draw  Loss  Win% ┃
┡━━━━━━━━━━━╇━━━━━━━━╇━━━━━━━━━━━━━━╇━━━━━━━━━━━━━━━━━╇━━━━━━━━━━━━━━╇━━━━━━━━━━━━━━━━━╇━━━━━━━━━━━━━━━━━━━━━━━━┩
│  XRP/USDT │     22 │         1.67 │          28.140 │        18.76 │ 1 day, 18:00:00 │    9     0    13  40.9 │
│  ETH/USDT │     24 │         0.17 │           0.477 │         0.32 │ 1 day, 10:20:00 │    8     0    16  33.3 │
│ HOME/USDT │     15 │        -0.65 │          -8.718 │        -5.81 │ 1 day, 20:16:00 │    6     0     9  40.0 │
│     TOTAL │     61 │         0.51 │          19.900 │        13.27 │ 1 day, 15:32:00 │   23     0    38  37.7 │
└───────────┴────────┴──────────────┴─────────────────┴──────────────┴─────────────────┴────────────────────────┘
                                             LEFT OPEN TRADES REPORT                                             
┏━━━━━━━━━━┳━━━━━━━━┳━━━━━━━━━━━━━━┳━━━━━━━━━━━━━━━━━┳━━━━━━━━━━━━━━┳━━━━━━━━━━━━━━━━━━┳━━━━━━━━━━━━━━━━━━━━━━━━┓
┃     Pair ┃ Trades ┃ Avg Profit % ┃ Tot Profit USDT ┃ Tot Profit % ┃     Avg Duration ┃  Win  Draw  Loss  Win% ┃
┡━━━━━━━━━━╇━━━━━━━━╇━━━━━━━━━━━━━━╇━━━━━━━━━━━━━━━━━╇━━━━━━━━━━━━━━╇━━━━━━━━━━━━━━━━━━╇━━━━━━━━━━━━━━━━━━━━━━━━┩
│ XRP/USDT │      1 │         5.91 │           4.915 │         3.28 │ 2 days, 12:00:00 │    1     0     0   100 │
│    TOTAL │      1 │         5.91 │           4.915 │         3.28 │ 2 days, 12:00:00 │    1     0     0   100 │
└──────────┴────────┴──────────────┴─────────────────┴──────────────┴──────────────────┴────────────────────────┘
                                                 ENTER TAG STATS                                                  
┏━━━━━━━━━━━┳━━━━━━━━━┳━━━━━━━━━━━━━━┳━━━━━━━━━━━━━━━━━┳━━━━━━━━━━━━━━┳━━━━━━━━━━━━━━━━━┳━━━━━━━━━━━━━━━━━━━━━━━━┓
┃ Enter Tag ┃ Entries ┃ Avg Profit % ┃ Tot Profit USDT ┃ Tot Profit % ┃    Avg Duration ┃  Win  Draw  Loss  Win% ┃
┡━━━━━━━━━━━╇━━━━━━━━━╇━━━━━━━━━━━━━━╇━━━━━━━━━━━━━━━━━╇━━━━━━━━━━━━━━╇━━━━━━━━━━━━━━━━━╇━━━━━━━━━━━━━━━━━━━━━━━━┩
│     OTHER │      61 │         0.51 │          19.900 │        13.27 │ 1 day, 15:32:00 │   23     0    38  37.7 │
│     TOTAL │      61 │         0.51 │          19.900 │        13.27 │ 1 day, 15:32:00 │   23     0    38  37.7 │
└───────────┴─────────┴──────────────┴─────────────────┴──────────────┴─────────────────┴────────────────────────┘
                                                 EXIT REASON STATS                                                 
┏━━━━━━━━━━━━━┳━━━━━━━┳━━━━━━━━━━━━━━┳━━━━━━━━━━━━━━━━━┳━━━━━━━━━━━━━━┳━━━━━━━━━━━━━━━━━━┳━━━━━━━━━━━━━━━━━━━━━━━━┓
┃ Exit Reason ┃ Exits ┃ Avg Profit % ┃ Tot Profit USDT ┃ Tot Profit % ┃     Avg Duration ┃  Win  Draw  Loss  Win% ┃
┡━━━━━━━━━━━━━╇━━━━━━━╇━━━━━━━━━━━━━━╇━━━━━━━━━━━━━━━━━╇━━━━━━━━━━━━━━╇━━━━━━━━━━━━━━━━━━╇━━━━━━━━━━━━━━━━━━━━━━━━┩
│ exit_signal │    60 │         0.42 │          14.985 │         9.99 │  1 day, 15:12:00 │   22     0    38  36.7 │
│  force_exit │     1 │         5.91 │           4.915 │         3.28 │ 2 days, 12:00:00 │    1     0     0   100 │
│       TOTAL │    61 │         0.51 │          19.900 │        13.27 │  1 day, 15:32:00 │   23     0    38  37.7 │
└─────────────┴───────┴──────────────┴─────────────────┴──────────────┴──────────────────┴────────────────────────┘
                                                        MIXED TAG STATS                                                         
┏━━━━━━━━━━━┳━━━━━━━━━━━━━┳━━━━━━━━┳━━━━━━━━━━━━━━┳━━━━━━━━━━━━━━━━━┳━━━━━━━━━━━━━━┳━━━━━━━━━━━━━━━━━━┳━━━━━━━━━━━━━━━━━━━━━━━━┓
┃ Enter Tag ┃ Exit Reason ┃ Trades ┃ Avg Profit % ┃ Tot Profit USDT ┃ Tot Profit % ┃     Avg Duration ┃  Win  Draw  Loss  Win% ┃
┡━━━━━━━━━━━╇━━━━━━━━━━━━━╇━━━━━━━━╇━━━━━━━━━━━━━━╇━━━━━━━━━━━━━━━━━╇━━━━━━━━━━━━━━╇━━━━━━━━━━━━━━━━━━╇━━━━━━━━━━━━━━━━━━━━━━━━┩
│           │ exit_signal │     60 │         0.42 │          14.985 │         9.99 │  1 day, 15:12:00 │   22     0    38  36.7 │
│           │  force_exit │      1 │         5.91 │           4.915 │         3.28 │ 2 days, 12:00:00 │    1     0     0   100 │
│     TOTAL │             │     61 │         0.51 │          19.900 │        13.27 │  1 day, 15:32:00 │   23     0    38  37.7 │
└───────────┴─────────────┴────────┴──────────────┴─────────────────┴──────────────┴──────────────────┴────────────────────────┘
                         SUMMARY METRICS                          
┏━━━━━━━━━━━━━━━━━━━━━━━━━━━━━━━┳━━━━━━━━━━━━━━━━━━━━━━━━━━━━━━━━┓
┃ Metric                        ┃ Value                          ┃
┡━━━━━━━━━━━━━━━━━━━━━━━━━━━━━━━╇━━━━━━━━━━━━━━━━━━━━━━━━━━━━━━━━┩
│ Backtesting from              │ 2025-04-24 00:00:00            │
│ Backtesting to                │ 2026-04-17 00:00:00            │
│ Trading Mode                  │ Spot                           │
│ Max open trades               │ 2                              │
│                               │                                │
│ Total/Daily Avg Trades        │ 61 / 0.17                      │
│ Starting balance              │ 150 USDT                       │
│ Final balance                 │ 169.9 USDT                     │
│ Absolute profit               │ 19.9 USDT                      │
│ Total profit %                │ 13.27%                         │
│ CAGR %                        │ 13.54%                         │
│ Sortino                       │ 0.59                           │
│ Sharpe                        │ 0.25                           │
│ Calmar                        │ 5.90                           │
│ SQN                           │ 0.60                           │
│ Profit factor                 │ 1.23                           │
│ Expectancy (Ratio)            │ 0.33 (0.15)                    │
│ Avg. daily profit             │ 0.056 USDT                     │
│ Avg. stake amount             │ 80.402 USDT                    │
│ Total trade volume            │ 9848.647 USDT                  │
│                               │                                │
│ Best Pair                     │ XRP/USDT 18.76%                │
│ Worst Pair                    │ HOME/USDT -5.81%               │
│ Best trade                    │ XRP/USDT 19.76%                │
│ Worst trade                   │ HOME/USDT -9.24%               │
│ Best day                      │ 14.771 USDT                    │
│ Worst day                     │ -7.367 USDT                    │
│ Days win/draw/lose            │ 20 / 244 / 28                  │
│ Min/Max/Avg. Duration Winners │ 1d 08:00 / 5d 00:00 / 2d 15:50 │
│ Min/Max/Avg. Duration Losers  │ 0d 04:00 / 3d 04:00 / 1d 00:51 │
│ Max Consecutive Wins / Loss   │ 6 / 7                          │
│ Rejected Entry signals        │ 13                             │
│ Entry/Exit Timeouts           │ 0 / 0                          │
│                               │                                │
│ Min balance                   │ 138.531 USDT                   │
│ Max balance                   │ 180.494 USDT                   │
│ Max % of account underwater   │ 12.00%                         │
│ Absolute drawdown             │ 20.455 USDT (12.00%)           │
│ Drawdown duration             │ 61 days 12:00:00               │
│ Profit at drawdown start      │ 20.474 USDT                    │
│ Profit at drawdown end        │ 0.019 USDT                     │
│ Drawdown start                │ 2025-08-15 00:00:00            │
│ Drawdown end                  │ 2025-10-15 12:00:00            │
│ Market change                 │ -16.15%                        │
└───────────────────────────────┴────────────────────────────────┘

Backtested 2025-04-24 00:00:00 -> 2026-04-17 00:00:00 | Max open trades : 2
                                                           STRATEGY SUMMARY                                                            
┏━━━━━━━━━━━┳━━━━━━━━┳━━━━━━━━━━━━━━┳━━━━━━━━━━━━━━━━━┳━━━━━━━━━━━━━━┳━━━━━━━━━━━━━━━━━┳━━━━━━━━━━━━━━━━━━━━━━━━┳━━━━━━━━━━━━━━━━━━━━━┓
┃  Strategy ┃ Trades ┃ Avg Profit % ┃ Tot Profit USDT ┃ Tot Profit % ┃    Avg Duration ┃  Win  Draw  Loss  Win% ┃            Drawdown ┃
┡━━━━━━━━━━━╇━━━━━━━━╇━━━━━━━━━━━━━━╇━━━━━━━━━━━━━━━━━╇━━━━━━━━━━━━━━╇━━━━━━━━━━━━━━━━━╇━━━━━━━━━━━━━━━━━━━━━━━━╇━━━━━━━━━━━━━━━━━━━━━┩
│ MultiMeee │     61 │         0.51 │          19.900 │        13.27 │ 1 day, 15:32:00 │   23     0    38  37.7 │ 20.455 USDT  12.00% │
└───────────┴────────┴──────────────┴─────────────────┴──────────────┴─────────────────┴────────────────────────┴─────────────────────┘