2026-04-25 22:41:55,301 - freqtrade - INFO - freqtrade 2026.3
2026-04-25 22:41:56,340 - freqtrade.configuration.load_config - INFO - Using config: /home/mohs/Desktop/ae/pyside6/user_data/config.json ...
2026-04-25 22:41:56,342 - freqtrade.loggers - INFO - Enabling colorized output.
2026-04-25 22:41:56,342 - freqtrade.loggers - INFO - Logfile configured
2026-04-25 22:41:56,343 - freqtrade.loggers - INFO - Verbosity set to 0
2026-04-25 22:41:56,343 - freqtrade.configuration.configuration - INFO - Using additional Strategy lookup path: 
/home/mohs/Desktop/ae/pyside6/user_data/optimizer/sessions/b8194b7f-3716-497e-8a17-833c28d4e223/trial_064/strategy_dir
2026-04-25 22:41:56,343 - freqtrade.configuration.configuration - WARNING - `force_entry_enable` RPC message enabled.
2026-04-25 22:41:56,344 - freqtrade.configuration.configuration - INFO - Parameter -i/--timeframe detected ... Using timeframe: 4h ...
2026-04-25 22:41:56,344 - freqtrade.configuration.configuration - INFO - Parameter --max-open-trades detected, overriding max_open_trades to: 3 ...
2026-04-25 22:41:56,344 - freqtrade.configuration.configuration - INFO - Parameter --dry-run-wallet detected, overriding dry_run_wallet to: 150.0 ...
2026-04-25 22:41:56,344 - freqtrade.configuration.configuration - INFO - Parameter --timerange detected: 20250422-20260417 ...
2026-04-25 22:41:56,345 - freqtrade.configuration.configuration - INFO - Using user-data directory: /home/mohs/Desktop/ae/pyside6/user_data ...
2026-04-25 22:41:56,345 - freqtrade.configuration.configuration - INFO - Using data directory: /home/mohs/Desktop/ae/pyside6/user_data/data/binance ...
2026-04-25 22:41:56,345 - freqtrade.configuration.configuration - INFO - Parameter --export detected: trades ...
2026-04-25 22:41:56,346 - freqtrade.configuration.configuration - INFO - Parameter --cache=day detected ...
2026-04-25 22:41:56,346 - freqtrade.configuration.configuration - INFO - Using pairs ['XRP/USDT', 'ETH/USDT', 'HOME/USDT']
2026-04-25 22:41:56,346 - freqtrade.configuration.configuration - INFO - Filter trades by timerange: 20250422-20260417
2026-04-25 22:41:56,347 - freqtrade.exchange.check_exchange - INFO - Checking exchange...
2026-04-25 22:41:56,353 - freqtrade.exchange.check_exchange - INFO - Exchange "binance" is officially supported by the Freqtrade development team.
2026-04-25 22:41:56,354 - freqtrade.configuration.config_validation - INFO - Validating configuration ...
2026-04-25 22:41:56,356 - freqtrade.commands.optimize_commands - INFO - Starting freqtrade in Backtesting mode
2026-04-25 22:41:56,356 - freqtrade.exchange.exchange - INFO - Instance is running with dry_run enabled
2026-04-25 22:41:56,356 - freqtrade.exchange.exchange - INFO - Using CCXT 4.5.50
2026-04-25 22:41:56,357 - freqtrade.exchange.exchange - INFO - Applying additional ccxt config: {'enableRateLimit': True, 'timeout': 120000}
2026-04-25 22:41:56,362 - freqtrade.exchange.exchange - INFO - Applying additional ccxt config: {'enableRateLimit': True, 'timeout': 120000}
2026-04-25 22:41:56,367 - freqtrade.exchange.exchange - INFO - Using Exchange "Binance"
2026-04-25 22:41:57,573 - freqtrade.resolvers.exchange_resolver - INFO - Using resolved exchange 'Binance'...
2026-04-25 22:41:57,582 - freqtrade.resolvers.iresolver - INFO - Using resolved strategy yes from 
'/home/mohs/Desktop/ae/pyside6/user_data/optimizer/sessions/b8194b7f-3716-497e-8a17-833c28d4e223/trial_064/strategy_dir/yes.py'...
2026-04-25 22:41:57,582 - freqtrade.strategy.hyper - INFO - Loading parameters from file 
/home/mohs/Desktop/ae/pyside6/user_data/optimizer/sessions/b8194b7f-3716-497e-8a17-833c28d4e223/trial_064/strategy_dir/yes.json
2026-04-25 22:41:57,583 - freqtrade.resolvers.strategy_resolver - INFO - Override strategy 'timeframe' with value from the configuration: 4h.
2026-04-25 22:41:57,583 - freqtrade.resolvers.strategy_resolver - INFO - Override strategy 'stake_currency' with value from the configuration: USDT.
2026-04-25 22:41:57,583 - freqtrade.resolvers.strategy_resolver - INFO - Override strategy 'stake_amount' with value from the configuration: unlimited.
2026-04-25 22:41:57,583 - freqtrade.resolvers.strategy_resolver - INFO - Override strategy 'use_exit_signal' with value from the configuration: True.
2026-04-25 22:41:57,584 - freqtrade.resolvers.strategy_resolver - INFO - Override strategy 'max_open_trades' with value from the configuration: 3.
2026-04-25 22:41:57,584 - freqtrade.resolvers.strategy_resolver - INFO - Strategy using minimal_roi: {'0': 1.1747825113453314, '13': 0.7882941427044909, '146': 0.002117787664314183, '38': 
0.08095338209357031}
2026-04-25 22:41:57,584 - freqtrade.resolvers.strategy_resolver - INFO - Strategy using timeframe: 4h
2026-04-25 22:41:57,584 - freqtrade.resolvers.strategy_resolver - INFO - Strategy using stoploss: -0.9316473742973738
2026-04-25 22:41:57,585 - freqtrade.resolvers.strategy_resolver - INFO - Strategy using trailing_stop: False
2026-04-25 22:41:57,585 - freqtrade.resolvers.strategy_resolver - INFO - Strategy using trailing_stop_positive: 0.44400457357315737
2026-04-25 22:41:57,585 - freqtrade.resolvers.strategy_resolver - INFO - Strategy using trailing_stop_positive_offset: 0.12931791203247722
2026-04-25 22:41:57,585 - freqtrade.resolvers.strategy_resolver - INFO - Strategy using trailing_only_offset_is_reached: True
2026-04-25 22:41:57,586 - freqtrade.resolvers.strategy_resolver - INFO - Strategy using use_custom_stoploss: False
2026-04-25 22:41:57,586 - freqtrade.resolvers.strategy_resolver - INFO - Strategy using process_only_new_candles: True
2026-04-25 22:41:57,586 - freqtrade.resolvers.strategy_resolver - INFO - Strategy using order_types: {'entry': 'limit', 'exit': 'limit', 'stoploss': 'limit', 'stoploss_on_exchange': False, 
'stoploss_on_exchange_interval': 60}
2026-04-25 22:41:57,587 - freqtrade.resolvers.strategy_resolver - INFO - Strategy using order_time_in_force: {'entry': 'GTC', 'exit': 'GTC'}
2026-04-25 22:41:57,587 - freqtrade.resolvers.strategy_resolver - INFO - Strategy using stake_currency: USDT
2026-04-25 22:41:57,587 - freqtrade.resolvers.strategy_resolver - INFO - Strategy using stake_amount: unlimited
2026-04-25 22:41:57,587 - freqtrade.resolvers.strategy_resolver - INFO - Strategy using startup_candle_count: 0
2026-04-25 22:41:57,588 - freqtrade.resolvers.strategy_resolver - INFO - Strategy using use_exit_signal: True
2026-04-25 22:41:57,588 - freqtrade.resolvers.strategy_resolver - INFO - Strategy using exit_profit_only: False
2026-04-25 22:41:57,588 - freqtrade.resolvers.strategy_resolver - INFO - Strategy using ignore_roi_if_entry_signal: False
2026-04-25 22:41:57,588 - freqtrade.resolvers.strategy_resolver - INFO - Strategy using exit_profit_offset: 0.0
2026-04-25 22:41:57,589 - freqtrade.resolvers.strategy_resolver - INFO - Strategy using disable_dataframe_checks: False
2026-04-25 22:41:57,589 - freqtrade.resolvers.strategy_resolver - INFO - Strategy using ignore_buying_expired_candle_after: 0
2026-04-25 22:41:57,589 - freqtrade.resolvers.strategy_resolver - INFO - Strategy using position_adjustment_enable: False
2026-04-25 22:41:57,589 - freqtrade.resolvers.strategy_resolver - INFO - Strategy using max_entry_position_adjustment: -1
2026-04-25 22:41:57,589 - freqtrade.resolvers.strategy_resolver - INFO - Strategy using max_open_trades: 3
2026-04-25 22:41:57,590 - freqtrade.configuration.config_validation - INFO - Validating configuration ...
2026-04-25 22:41:57,593 - freqtrade.resolvers.iresolver - INFO - Using resolved pairlist StaticPairList from 
'/home/mohs/Desktop/ae/pyside6/.venv/lib/python3.12/site-packages/freqtrade/plugins/pairlist/StaticPairList.py'...
2026-04-25 22:41:57,606 - freqtrade.optimize.backtesting - INFO - Using fee 0.1000% - worst case fee from exchange (lowest tier).
2026-04-25 22:41:57,641 - freqtrade.data.history.datahandlers.idatahandler - WARNING - HOME/USDT, spot, 4h, data starts at 2025-06-12 12:00:00
2026-04-25 22:41:57,648 - freqtrade.optimize.backtesting - INFO - Loading data from 2025-04-22 00:00:00 up to 2026-04-17 00:00:00 (360 days).
2026-04-25 22:41:57,702 - freqtrade.optimize.backtesting - INFO - Dataload complete. Calculating indicators
2026-04-25 22:41:57,711 - freqtrade.optimize.backtesting - INFO - Running backtesting for Strategy yes
2026-04-25 22:41:57,712 - freqtrade.strategy.hyper - INFO - Strategy Parameter: buy_ma_count = 2
2026-04-25 22:41:57,712 - freqtrade.strategy.hyper - INFO - Strategy Parameter: buy_ma_gap = 11
2026-04-25 22:41:57,712 - freqtrade.strategy.hyper - INFO - Strategy Parameter: sell_ma_count = 11
2026-04-25 22:41:57,713 - freqtrade.strategy.hyper - INFO - Strategy Parameter: sell_ma_gap = 50
2026-04-25 22:41:57,721 - freqtrade.optimize.backtesting - INFO - Backtesting with data from 2025-04-22 00:00:00 up to 2026-04-17 00:00:00 (360 days).
2026-04-25 22:41:58,450 - freqtrade.misc - INFO - dumping json to "/home/mohs/Desktop/ae/pyside6/user_data/backtest_results/backtest-result-2026-04-25_22-41-58.meta.json"
Result for strategy yes
                                               BACKTESTING REPORT                                                
┏━━━━━━━━━━━┳━━━━━━━━┳━━━━━━━━━━━━━━┳━━━━━━━━━━━━━━━━━┳━━━━━━━━━━━━━━┳━━━━━━━━━━━━━━━━━┳━━━━━━━━━━━━━━━━━━━━━━━━┓
┃      Pair ┃ Trades ┃ Avg Profit % ┃ Tot Profit USDT ┃ Tot Profit % ┃    Avg Duration ┃  Win  Draw  Loss  Win% ┃
┡━━━━━━━━━━━╇━━━━━━━━╇━━━━━━━━━━━━━━╇━━━━━━━━━━━━━━━━━╇━━━━━━━━━━━━━━╇━━━━━━━━━━━━━━━━━╇━━━━━━━━━━━━━━━━━━━━━━━━┩
│ HOME/USDT │     74 │         0.27 │           9.351 │         6.23 │        17:28:00 │   69     0     5  93.2 │
│  ETH/USDT │     55 │         0.09 │           1.731 │         1.15 │  1 day, 1:05:00 │   52     0     3  94.5 │
│  XRP/USDT │     37 │        -0.38 │          -7.159 │        -4.77 │ 1 day, 18:49:00 │   33     0     4  89.2 │
│     TOTAL │    166 │         0.07 │           3.922 │         2.61 │  1 day, 1:38:00 │  154     0    12  92.8 │
└───────────┴────────┴──────────────┴─────────────────┴──────────────┴─────────────────┴────────────────────────┘
                                           LEFT OPEN TRADES REPORT                                           
┏━━━━━━━━━━┳━━━━━━━━┳━━━━━━━━━━━━━━┳━━━━━━━━━━━━━━━━━┳━━━━━━━━━━━━━━┳━━━━━━━━━━━━━━┳━━━━━━━━━━━━━━━━━━━━━━━━┓
┃     Pair ┃ Trades ┃ Avg Profit % ┃ Tot Profit USDT ┃ Tot Profit % ┃ Avg Duration ┃  Win  Draw  Loss  Win% ┃
┡━━━━━━━━━━╇━━━━━━━━╇━━━━━━━━━━━━━━╇━━━━━━━━━━━━━━━━━╇━━━━━━━━━━━━━━╇━━━━━━━━━━━━━━╇━━━━━━━━━━━━━━━━━━━━━━━━┩
│ XRP/USDT │      1 │        -0.98 │          -0.506 │        -0.34 │      4:00:00 │    0     0     1     0 │
│    TOTAL │      1 │        -0.98 │          -0.506 │        -0.34 │      4:00:00 │    0     0     1     0 │
└──────────┴────────┴──────────────┴─────────────────┴──────────────┴──────────────┴────────────────────────┘
                                                 ENTER TAG STATS                                                 
┏━━━━━━━━━━━┳━━━━━━━━━┳━━━━━━━━━━━━━━┳━━━━━━━━━━━━━━━━━┳━━━━━━━━━━━━━━┳━━━━━━━━━━━━━━━━┳━━━━━━━━━━━━━━━━━━━━━━━━┓
┃ Enter Tag ┃ Entries ┃ Avg Profit % ┃ Tot Profit USDT ┃ Tot Profit % ┃   Avg Duration ┃  Win  Draw  Loss  Win% ┃
┡━━━━━━━━━━━╇━━━━━━━━━╇━━━━━━━━━━━━━━╇━━━━━━━━━━━━━━━━━╇━━━━━━━━━━━━━━╇━━━━━━━━━━━━━━━━╇━━━━━━━━━━━━━━━━━━━━━━━━┩
│     OTHER │     166 │         0.07 │           3.922 │         2.61 │ 1 day, 1:38:00 │  154     0    12  92.8 │
│     TOTAL │     166 │         0.07 │           3.922 │         2.61 │ 1 day, 1:38:00 │  154     0    12  92.8 │
└───────────┴─────────┴──────────────┴─────────────────┴──────────────┴────────────────┴────────────────────────┘
                                                 EXIT REASON STATS                                                 
┏━━━━━━━━━━━━━┳━━━━━━━┳━━━━━━━━━━━━━━┳━━━━━━━━━━━━━━━━━┳━━━━━━━━━━━━━━┳━━━━━━━━━━━━━━━━━━┳━━━━━━━━━━━━━━━━━━━━━━━━┓
┃ Exit Reason ┃ Exits ┃ Avg Profit % ┃ Tot Profit USDT ┃ Tot Profit % ┃     Avg Duration ┃  Win  Draw  Loss  Win% ┃
┡━━━━━━━━━━━━━╇━━━━━━━╇━━━━━━━━━━━━━━╇━━━━━━━━━━━━━━━━━╇━━━━━━━━━━━━━━╇━━━━━━━━━━━━━━━━━━╇━━━━━━━━━━━━━━━━━━━━━━━━┩
│         roi │   154 │         0.67 │          52.489 │        34.99 │         19:40:00 │  154     0     0   100 │
│  force_exit │     1 │        -0.98 │          -0.506 │        -0.34 │          4:00:00 │    0     0     1     0 │
│ exit_signal │    11 │        -8.31 │         -48.061 │       -32.04 │ 4 days, 15:16:00 │    0     0    11     0 │
│       TOTAL │   166 │         0.07 │           3.922 │         2.61 │   1 day, 1:38:00 │  154     0    12  92.8 │
└─────────────┴───────┴──────────────┴─────────────────┴──────────────┴──────────────────┴────────────────────────┘
                                                        MIXED TAG STATS                                                         
┏━━━━━━━━━━━┳━━━━━━━━━━━━━┳━━━━━━━━┳━━━━━━━━━━━━━━┳━━━━━━━━━━━━━━━━━┳━━━━━━━━━━━━━━┳━━━━━━━━━━━━━━━━━━┳━━━━━━━━━━━━━━━━━━━━━━━━┓
┃ Enter Tag ┃ Exit Reason ┃ Trades ┃ Avg Profit % ┃ Tot Profit USDT ┃ Tot Profit % ┃     Avg Duration ┃  Win  Draw  Loss  Win% ┃
┡━━━━━━━━━━━╇━━━━━━━━━━━━━╇━━━━━━━━╇━━━━━━━━━━━━━━╇━━━━━━━━━━━━━━━━━╇━━━━━━━━━━━━━━╇━━━━━━━━━━━━━━━━━━╇━━━━━━━━━━━━━━━━━━━━━━━━┩
│           │         roi │    154 │         0.67 │          52.489 │        34.99 │         19:40:00 │  154     0     0   100 │
│           │  force_exit │      1 │        -0.98 │          -0.506 │        -0.34 │          4:00:00 │    0     0     1     0 │
│           │ exit_signal │     11 │        -8.31 │         -48.061 │       -32.04 │ 4 days, 15:16:00 │    0     0    11     0 │
│     TOTAL │             │    166 │         0.07 │           3.922 │         2.61 │   1 day, 1:38:00 │  154     0    12  92.8 │
└───────────┴─────────────┴────────┴──────────────┴─────────────────┴──────────────┴──────────────────┴────────────────────────┘
                          SUMMARY METRICS                          
┏━━━━━━━━━━━━━━━━━━━━━━━━━━━━━━━┳━━━━━━━━━━━━━━━━━━━━━━━━━━━━━━━━━┓
┃ Metric                        ┃ Value                           ┃
┡━━━━━━━━━━━━━━━━━━━━━━━━━━━━━━━╇━━━━━━━━━━━━━━━━━━━━━━━━━━━━━━━━━┩
│ Backtesting from              │ 2025-04-22 00:00:00             │
│ Backtesting to                │ 2026-04-17 00:00:00             │
│ Trading Mode                  │ Spot                            │
│ Max open trades               │ 3                               │
│                               │                                 │
│ Total/Daily Avg Trades        │ 166 / 0.46                      │
│ Starting balance              │ 150 USDT                        │
│ Final balance                 │ 153.922 USDT                    │
│ Absolute profit               │ 3.922 USDT                      │
│ Total profit %                │ 2.61%                           │
│ CAGR %                        │ 2.65%                           │
│ Sortino                       │ 0.09                            │
│ Sharpe                        │ 0.14                            │
│ Calmar                        │ 1.17                            │
│ SQN                           │ 0.20                            │
│ Profit factor                 │ 1.08                            │
│ Expectancy (Ratio)            │ 0.02 (0.01)                     │
│ Avg. daily profit             │ 0.011 USDT                      │
│ Avg. stake amount             │ 51.621 USDT                     │
│ Total trade volume            │ 17176.378 USDT                  │
│                               │                                 │
│ Best Pair                     │ HOME/USDT 6.23%                 │
│ Worst Pair                    │ XRP/USDT -4.77%                 │
│ Best trade                    │ HOME/USDT 13.61%                │
│ Worst trade                   │ XRP/USDT -18.18%                │
│ Best day                      │ 6.318 USDT                      │
│ Worst day                     │ -15.692 USDT                    │
│ Days win/draw/lose            │ 69 / 270 / 10                   │
│ Min/Max/Avg. Duration Winners │ 0d 04:00 / 12d 04:00 / 0d 19:40 │
│ Min/Max/Avg. Duration Losers  │ 0d 04:00 / 30d 16:00 / 4d 06:20 │
│ Max Consecutive Wins / Loss   │ 88 / 3                          │
│ Rejected Entry signals        │ 0                               │
│ Entry/Exit Timeouts           │ 0 / 0                           │
│                               │                                 │
│ Min balance                   │ 139.165 USDT                    │
│ Max balance                   │ 168.363 USDT                    │
│ Max % of account underwater   │ 12.42%                          │
│ Absolute drawdown             │ 19.946 USDT (11.85%)            │
│ Drawdown duration             │ 55 days 12:00:00                │
│ Profit at drawdown start      │ 18.363 USDT                     │
│ Profit at drawdown end        │ -1.583 USDT                     │
│ Drawdown start                │ 2025-08-17 16:00:00             │
│ Drawdown end                  │ 2025-10-12 04:00:00             │
│ Market change                 │ -9.22%                          │
└───────────────────────────────┴─────────────────────────────────┘

Backtested 2025-04-22 00:00:00 -> 2026-04-17 00:00:00 | Max open trades : 3
                                                          STRATEGY SUMMARY                                                           
┏━━━━━━━━━━┳━━━━━━━━┳━━━━━━━━━━━━━━┳━━━━━━━━━━━━━━━━━┳━━━━━━━━━━━━━━┳━━━━━━━━━━━━━━━━┳━━━━━━━━━━━━━━━━━━━━━━━━┳━━━━━━━━━━━━━━━━━━━━━┓
┃ Strategy ┃ Trades ┃ Avg Profit % ┃ Tot Profit USDT ┃ Tot Profit % ┃   Avg Duration ┃  Win  Draw  Loss  Win% ┃            Drawdown ┃
┡━━━━━━━━━━╇━━━━━━━━╇━━━━━━━━━━━━━━╇━━━━━━━━━━━━━━━━━╇━━━━━━━━━━━━━━╇━━━━━━━━━━━━━━━━╇━━━━━━━━━━━━━━━━━━━━━━━━╇━━━━━━━━━━━━━━━━━━━━━┩
│      yes │    166 │         0.07 │           3.922 │         2.61 │ 1 day, 1:38:00 │  154     0    12  92.8 │ 19.946 USDT  11.85% │
└──────────┴────────┴──────────────┴─────────────────┴──────────────┴────────────────┴────────────────────────┴─────────────────────┘