2026-04-25 22:36:54,120 - freqtrade - INFO - freqtrade 2026.3
2026-04-25 22:36:55,155 - freqtrade.configuration.load_config - INFO - Using config: /home/mohs/Desktop/ae/pyside6/user_data/config.json ...
2026-04-25 22:36:55,157 - freqtrade.loggers - INFO - Enabling colorized output.
2026-04-25 22:36:55,158 - freqtrade.loggers - INFO - Logfile configured
2026-04-25 22:36:55,158 - freqtrade.loggers - INFO - Verbosity set to 0
2026-04-25 22:36:55,158 - freqtrade.configuration.configuration - INFO - Using additional Strategy lookup path: 
/home/mohs/Desktop/ae/pyside6/user_data/optimizer/sessions/00d5d57f-9960-4dcc-ac23-ec438d4ba9c3/trial_098/strategy_dir
2026-04-25 22:36:55,158 - freqtrade.configuration.configuration - WARNING - `force_entry_enable` RPC message enabled.
2026-04-25 22:36:55,159 - freqtrade.configuration.configuration - INFO - Parameter -i/--timeframe detected ... Using timeframe: 5m ...
2026-04-25 22:36:55,159 - freqtrade.configuration.configuration - INFO - Parameter --max-open-trades detected, overriding max_open_trades to: 3 ...
2026-04-25 22:36:55,159 - freqtrade.configuration.configuration - INFO - Parameter --dry-run-wallet detected, overriding dry_run_wallet to: 150.0 ...
2026-04-25 22:36:55,159 - freqtrade.configuration.configuration - INFO - Parameter --timerange detected: 20250422-20260417 ...
2026-04-25 22:36:55,160 - freqtrade.configuration.configuration - INFO - Using user-data directory: /home/mohs/Desktop/ae/pyside6/user_data ...
2026-04-25 22:36:55,160 - freqtrade.configuration.configuration - INFO - Using data directory: /home/mohs/Desktop/ae/pyside6/user_data/data/binance ...
2026-04-25 22:36:55,160 - freqtrade.configuration.configuration - INFO - Parameter --export detected: trades ...
2026-04-25 22:36:55,161 - freqtrade.configuration.configuration - INFO - Parameter --cache=day detected ...
2026-04-25 22:36:55,161 - freqtrade.configuration.configuration - INFO - Using pairs ['XRP/USDT', 'ETH/USDT', 'HOME/USDT']
2026-04-25 22:36:55,161 - freqtrade.configuration.configuration - INFO - Filter trades by timerange: 20250422-20260417
2026-04-25 22:36:55,161 - freqtrade.exchange.check_exchange - INFO - Checking exchange...
2026-04-25 22:36:55,167 - freqtrade.exchange.check_exchange - INFO - Exchange "binance" is officially supported by the Freqtrade development team.
2026-04-25 22:36:55,168 - freqtrade.configuration.config_validation - INFO - Validating configuration ...
2026-04-25 22:36:55,170 - freqtrade.commands.optimize_commands - INFO - Starting freqtrade in Backtesting mode
2026-04-25 22:36:55,170 - freqtrade.exchange.exchange - INFO - Instance is running with dry_run enabled
2026-04-25 22:36:55,171 - freqtrade.exchange.exchange - INFO - Using CCXT 4.5.50
2026-04-25 22:36:55,171 - freqtrade.exchange.exchange - INFO - Applying additional ccxt config: {'enableRateLimit': True, 'timeout': 120000}
2026-04-25 22:36:55,176 - freqtrade.exchange.exchange - INFO - Applying additional ccxt config: {'enableRateLimit': True, 'timeout': 120000}
2026-04-25 22:36:55,182 - freqtrade.exchange.exchange - INFO - Using Exchange "Binance"
2026-04-25 22:36:56,381 - freqtrade.resolvers.exchange_resolver - INFO - Using resolved exchange 'Binance'...
2026-04-25 22:36:56,389 - freqtrade.resolvers.iresolver - INFO - Using resolved strategy yes from 
'/home/mohs/Desktop/ae/pyside6/user_data/optimizer/sessions/00d5d57f-9960-4dcc-ac23-ec438d4ba9c3/trial_098/strategy_dir/yes.py'...
2026-04-25 22:36:56,389 - freqtrade.strategy.hyper - INFO - Loading parameters from file 
/home/mohs/Desktop/ae/pyside6/user_data/optimizer/sessions/00d5d57f-9960-4dcc-ac23-ec438d4ba9c3/trial_098/strategy_dir/yes.json
2026-04-25 22:36:56,390 - freqtrade.resolvers.strategy_resolver - INFO - Override strategy 'timeframe' with value from the configuration: 5m.
2026-04-25 22:36:56,390 - freqtrade.resolvers.strategy_resolver - INFO - Override strategy 'stake_currency' with value from the configuration: USDT.
2026-04-25 22:36:56,390 - freqtrade.resolvers.strategy_resolver - INFO - Override strategy 'stake_amount' with value from the configuration: unlimited.
2026-04-25 22:36:56,391 - freqtrade.resolvers.strategy_resolver - INFO - Override strategy 'use_exit_signal' with value from the configuration: True.
2026-04-25 22:36:56,391 - freqtrade.resolvers.strategy_resolver - INFO - Override strategy 'max_open_trades' with value from the configuration: 3.
2026-04-25 22:36:56,391 - freqtrade.resolvers.strategy_resolver - INFO - Strategy using minimal_roi: {'0': 1.547484148234609, '13': 0.4208849110216916, '146': 0.024991601350811316, '38': 
0.8544095528276718}
2026-04-25 22:36:56,392 - freqtrade.resolvers.strategy_resolver - INFO - Strategy using timeframe: 5m
2026-04-25 22:36:56,392 - freqtrade.resolvers.strategy_resolver - INFO - Strategy using stoploss: -0.837171066244146
2026-04-25 22:36:56,392 - freqtrade.resolvers.strategy_resolver - INFO - Strategy using trailing_stop: False
2026-04-25 22:36:56,392 - freqtrade.resolvers.strategy_resolver - INFO - Strategy using trailing_stop_positive: 0.1435121777324919
2026-04-25 22:36:56,392 - freqtrade.resolvers.strategy_resolver - INFO - Strategy using trailing_stop_positive_offset: 0.19513158227556163
2026-04-25 22:36:56,393 - freqtrade.resolvers.strategy_resolver - INFO - Strategy using trailing_only_offset_is_reached: True
2026-04-25 22:36:56,393 - freqtrade.resolvers.strategy_resolver - INFO - Strategy using use_custom_stoploss: False
2026-04-25 22:36:56,393 - freqtrade.resolvers.strategy_resolver - INFO - Strategy using process_only_new_candles: True
2026-04-25 22:36:56,393 - freqtrade.resolvers.strategy_resolver - INFO - Strategy using order_types: {'entry': 'limit', 'exit': 'limit', 'stoploss': 'limit', 'stoploss_on_exchange': False, 
'stoploss_on_exchange_interval': 60}
2026-04-25 22:36:56,394 - freqtrade.resolvers.strategy_resolver - INFO - Strategy using order_time_in_force: {'entry': 'GTC', 'exit': 'GTC'}
2026-04-25 22:36:56,394 - freqtrade.resolvers.strategy_resolver - INFO - Strategy using stake_currency: USDT
2026-04-25 22:36:56,394 - freqtrade.resolvers.strategy_resolver - INFO - Strategy using stake_amount: unlimited
2026-04-25 22:36:56,394 - freqtrade.resolvers.strategy_resolver - INFO - Strategy using startup_candle_count: 0
2026-04-25 22:36:56,395 - freqtrade.resolvers.strategy_resolver - INFO - Strategy using use_exit_signal: True
2026-04-25 22:36:56,395 - freqtrade.resolvers.strategy_resolver - INFO - Strategy using exit_profit_only: False
2026-04-25 22:36:56,395 - freqtrade.resolvers.strategy_resolver - INFO - Strategy using ignore_roi_if_entry_signal: False
2026-04-25 22:36:56,395 - freqtrade.resolvers.strategy_resolver - INFO - Strategy using exit_profit_offset: 0.0
2026-04-25 22:36:56,396 - freqtrade.resolvers.strategy_resolver - INFO - Strategy using disable_dataframe_checks: False
2026-04-25 22:36:56,396 - freqtrade.resolvers.strategy_resolver - INFO - Strategy using ignore_buying_expired_candle_after: 0
2026-04-25 22:36:56,396 - freqtrade.resolvers.strategy_resolver - INFO - Strategy using position_adjustment_enable: False
2026-04-25 22:36:56,396 - freqtrade.resolvers.strategy_resolver - INFO - Strategy using max_entry_position_adjustment: -1
2026-04-25 22:36:56,396 - freqtrade.resolvers.strategy_resolver - INFO - Strategy using max_open_trades: 3
2026-04-25 22:36:56,397 - freqtrade.configuration.config_validation - INFO - Validating configuration ...
2026-04-25 22:36:56,400 - freqtrade.resolvers.iresolver - INFO - Using resolved pairlist StaticPairList from 
'/home/mohs/Desktop/ae/pyside6/.venv/lib/python3.12/site-packages/freqtrade/plugins/pairlist/StaticPairList.py'...
2026-04-25 22:36:56,412 - freqtrade.optimize.backtesting - INFO - Using fee 0.1000% - worst case fee from exchange (lowest tier).
2026-04-25 22:36:56,552 - freqtrade.data.history.datahandlers.idatahandler - WARNING - XRP/USDT, spot, 5m, data ends at 2026-04-11 01:45:00
2026-04-25 22:36:56,953 - freqtrade.data.history.datahandlers.idatahandler - WARNING - HOME/USDT, spot, 5m, data starts at 2025-06-12 15:00:00
2026-04-25 22:36:56,982 - freqtrade.optimize.backtesting - INFO - Loading data from 2025-04-22 00:00:00 up to 2026-04-17 00:00:00 (360 days).
2026-04-25 22:36:59,030 - freqtrade.optimize.backtesting - INFO - Dataload complete. Calculating indicators
2026-04-25 22:36:59,037 - freqtrade.optimize.backtesting - INFO - Running backtesting for Strategy yes
2026-04-25 22:36:59,038 - freqtrade.strategy.hyper - INFO - Strategy Parameter: buy_ma_count = 2
2026-04-25 22:36:59,038 - freqtrade.strategy.hyper - INFO - Strategy Parameter: buy_ma_gap = 34
2026-04-25 22:36:59,038 - freqtrade.strategy.hyper - INFO - Strategy Parameter: sell_ma_count = 20
2026-04-25 22:36:59,039 - freqtrade.strategy.hyper - INFO - Strategy Parameter: sell_ma_gap = 29
2026-04-25 22:36:59,186 - freqtrade.optimize.backtesting - INFO - Backtesting with data from 2025-04-22 00:00:00 up to 2026-04-17 00:00:00 (360 days).
/home/mohs/Desktop/ae/pyside6/.venv/lib/python3.12/site-packages/freqtrade/data/metrics.py:77: FutureWarning: The default fill_method='pad' in DataFrame.pct_change is deprecated and will be removed in a future version. Either fill in any non-leading NA values prior to calling pct_change or specify 'fill_method=None' to not fill NA values.
  rel_mean = df_comb.pct_change().mean(axis=1).fillna(0).cumsum()
2026-04-25 22:37:02,546 - freqtrade.misc - INFO - dumping json to "/home/mohs/Desktop/ae/pyside6/user_data/backtest_results/backtest-result-2026-04-25_22-37-02.meta.json"
Result for strategy yes
                                              BACKTESTING REPORT                                              
┏━━━━━━━━━━━┳━━━━━━━━┳━━━━━━━━━━━━━━┳━━━━━━━━━━━━━━━━━┳━━━━━━━━━━━━━━┳━━━━━━━━━━━━━━┳━━━━━━━━━━━━━━━━━━━━━━━━┓
┃      Pair ┃ Trades ┃ Avg Profit % ┃ Tot Profit USDT ┃ Tot Profit % ┃ Avg Duration ┃  Win  Draw  Loss  Win% ┃
┡━━━━━━━━━━━╇━━━━━━━━╇━━━━━━━━━━━━━━╇━━━━━━━━━━━━━━━━━╇━━━━━━━━━━━━━━╇━━━━━━━━━━━━━━╇━━━━━━━━━━━━━━━━━━━━━━━━┩
│  ETH/USDT │    231 │        -0.05 │          -5.304 │        -3.54 │      1:36:00 │   75     0   156  32.5 │
│  XRP/USDT │    236 │        -0.09 │          -9.273 │        -6.18 │      1:33:00 │   70     0   166  29.7 │
│ HOME/USDT │    220 │         -0.4 │         -35.801 │       -23.87 │      1:27:00 │   59     0   161  26.8 │
│     TOTAL │    687 │        -0.18 │         -50.377 │       -33.58 │      1:32:00 │  204     0   483  29.7 │
└───────────┴────────┴──────────────┴─────────────────┴──────────────┴──────────────┴────────────────────────┘
                                         LEFT OPEN TRADES REPORT                                          
┏━━━━━━━┳━━━━━━━━┳━━━━━━━━━━━━━━┳━━━━━━━━━━━━━━━━━┳━━━━━━━━━━━━━━┳━━━━━━━━━━━━━━┳━━━━━━━━━━━━━━━━━━━━━━━━┓
┃  Pair ┃ Trades ┃ Avg Profit % ┃ Tot Profit USDT ┃ Tot Profit % ┃ Avg Duration ┃  Win  Draw  Loss  Win% ┃
┡━━━━━━━╇━━━━━━━━╇━━━━━━━━━━━━━━╇━━━━━━━━━━━━━━━━━╇━━━━━━━━━━━━━━╇━━━━━━━━━━━━━━╇━━━━━━━━━━━━━━━━━━━━━━━━┩
│ TOTAL │      0 │          0.0 │           0.000 │          0.0 │         0:00 │    0     0     0     0 │
└───────┴────────┴──────────────┴─────────────────┴──────────────┴──────────────┴────────────────────────┘
                                                ENTER TAG STATS                                                
┏━━━━━━━━━━━┳━━━━━━━━━┳━━━━━━━━━━━━━━┳━━━━━━━━━━━━━━━━━┳━━━━━━━━━━━━━━┳━━━━━━━━━━━━━━┳━━━━━━━━━━━━━━━━━━━━━━━━┓
┃ Enter Tag ┃ Entries ┃ Avg Profit % ┃ Tot Profit USDT ┃ Tot Profit % ┃ Avg Duration ┃  Win  Draw  Loss  Win% ┃
┡━━━━━━━━━━━╇━━━━━━━━━╇━━━━━━━━━━━━━━╇━━━━━━━━━━━━━━━━━╇━━━━━━━━━━━━━━╇━━━━━━━━━━━━━━╇━━━━━━━━━━━━━━━━━━━━━━━━┩
│     OTHER │     687 │        -0.18 │         -50.377 │       -33.58 │      1:32:00 │  204     0   483  29.7 │
│     TOTAL │     687 │        -0.18 │         -50.377 │       -33.58 │      1:32:00 │  204     0   483  29.7 │
└───────────┴─────────┴──────────────┴─────────────────┴──────────────┴──────────────┴────────────────────────┘
                                               EXIT REASON STATS                                               
┏━━━━━━━━━━━━━┳━━━━━━━┳━━━━━━━━━━━━━━┳━━━━━━━━━━━━━━━━━┳━━━━━━━━━━━━━━┳━━━━━━━━━━━━━━┳━━━━━━━━━━━━━━━━━━━━━━━━┓
┃ Exit Reason ┃ Exits ┃ Avg Profit % ┃ Tot Profit USDT ┃ Tot Profit % ┃ Avg Duration ┃  Win  Draw  Loss  Win% ┃
┡━━━━━━━━━━━━━╇━━━━━━━╇━━━━━━━━━━━━━━╇━━━━━━━━━━━━━━━━━╇━━━━━━━━━━━━━━╇━━━━━━━━━━━━━━╇━━━━━━━━━━━━━━━━━━━━━━━━┩
│         roi │    43 │         3.43 │          57.552 │        38.37 │      2:39:00 │   43     0     0   100 │
│ exit_signal │   644 │        -0.42 │        -107.929 │       -71.95 │      1:28:00 │  161     0   483  25.0 │
│       TOTAL │   687 │        -0.18 │         -50.377 │       -33.58 │      1:32:00 │  204     0   483  29.7 │
└─────────────┴───────┴──────────────┴─────────────────┴──────────────┴──────────────┴────────────────────────┘
                                                      MIXED TAG STATS                                                       
┏━━━━━━━━━━━┳━━━━━━━━━━━━━┳━━━━━━━━┳━━━━━━━━━━━━━━┳━━━━━━━━━━━━━━━━━┳━━━━━━━━━━━━━━┳━━━━━━━━━━━━━━┳━━━━━━━━━━━━━━━━━━━━━━━━┓
┃ Enter Tag ┃ Exit Reason ┃ Trades ┃ Avg Profit % ┃ Tot Profit USDT ┃ Tot Profit % ┃ Avg Duration ┃  Win  Draw  Loss  Win% ┃
┡━━━━━━━━━━━╇━━━━━━━━━━━━━╇━━━━━━━━╇━━━━━━━━━━━━━━╇━━━━━━━━━━━━━━━━━╇━━━━━━━━━━━━━━╇━━━━━━━━━━━━━━╇━━━━━━━━━━━━━━━━━━━━━━━━┩
│           │         roi │     43 │         3.43 │          57.552 │        38.37 │      2:39:00 │   43     0     0   100 │
│           │ exit_signal │    644 │        -0.42 │        -107.929 │       -71.95 │      1:28:00 │  161     0   483  25.0 │
│     TOTAL │             │    687 │        -0.18 │         -50.377 │       -33.58 │      1:32:00 │  204     0   483  29.7 │
└───────────┴─────────────┴────────┴──────────────┴─────────────────┴──────────────┴──────────────┴────────────────────────┘
                         SUMMARY METRICS                          
┏━━━━━━━━━━━━━━━━━━━━━━━━━━━━━━━┳━━━━━━━━━━━━━━━━━━━━━━━━━━━━━━━━┓
┃ Metric                        ┃ Value                          ┃
┡━━━━━━━━━━━━━━━━━━━━━━━━━━━━━━━╇━━━━━━━━━━━━━━━━━━━━━━━━━━━━━━━━┩
│ Backtesting from              │ 2025-04-22 00:00:00            │
│ Backtesting to                │ 2026-04-17 00:00:00            │
│ Trading Mode                  │ Spot                           │
│ Max open trades               │ 3                              │
│                               │                                │
│ Total/Daily Avg Trades        │ 687 / 1.91                     │
│ Starting balance              │ 150 USDT                       │
│ Final balance                 │ 99.623 USDT                    │
│ Absolute profit               │ -50.377 USDT                   │
│ Total profit %                │ -33.58%                        │
│ CAGR %                        │ -33.96%                        │
│ Sortino                       │ -8.29                          │
│ Sharpe                        │ -4.83                          │
│ Calmar                        │ -5.22                          │
│ SQN                           │ -3.47                          │
│ Profit factor                 │ 0.67                           │
│ Expectancy (Ratio)            │ -0.07 (-0.23)                  │
│ Avg. daily profit             │ -0.14 USDT                     │
│ Avg. stake amount             │ 40.152 USDT                    │
│ Total trade volume            │ 55229.253 USDT                 │
│                               │                                │
│ Best Pair                     │ ETH/USDT -3.54%                │
│ Worst Pair                    │ HOME/USDT -23.87%              │
│ Best trade                    │ HOME/USDT 8.78%                │
│ Worst trade                   │ HOME/USDT -6.42%               │
│ Best day                      │ 4.392 USDT                     │
│ Worst day                     │ -3.802 USDT                    │
│ Days win/draw/lose            │ 70 / 123 / 166                 │
│ Min/Max/Avg. Duration Winners │ 0d 00:25 / 0d 04:20 / 0d 02:16 │
│ Min/Max/Avg. Duration Losers  │ 0d 00:05 / 0d 03:45 / 0d 01:14 │
│ Max Consecutive Wins / Loss   │ 7 / 16                         │
│ Rejected Entry signals        │ 0                              │
│ Entry/Exit Timeouts           │ 0 / 0                          │
│                               │                                │
│ Min balance                   │ 98.752 USDT                    │
│ Max balance                   │ 150.012 USDT                   │
│ Max % of account underwater   │ 34.17%                         │
│ Absolute drawdown             │ 51.261 USDT (34.17%)           │
│ Drawdown duration             │ 355 days 20:40:00              │
│ Profit at drawdown start      │ 0.012 USDT                     │
│ Profit at drawdown end        │ -51.248 USDT                   │
│ Drawdown start                │ 2025-04-23 00:20:00            │
│ Drawdown end                  │ 2026-04-13 21:00:00            │
│ Market change                 │ -10.52%                        │
└───────────────────────────────┴────────────────────────────────┘

Backtested 2025-04-22 00:00:00 -> 2026-04-17 00:00:00 | Max open trades : 3
                                                         STRATEGY SUMMARY                                                          
┏━━━━━━━━━━┳━━━━━━━━┳━━━━━━━━━━━━━━┳━━━━━━━━━━━━━━━━━┳━━━━━━━━━━━━━━┳━━━━━━━━━━━━━━┳━━━━━━━━━━━━━━━━━━━━━━━━┳━━━━━━━━━━━━━━━━━━━━━┓
┃ Strategy ┃ Trades ┃ Avg Profit % ┃ Tot Profit USDT ┃ Tot Profit % ┃ Avg Duration ┃  Win  Draw  Loss  Win% ┃            Drawdown ┃
┡━━━━━━━━━━╇━━━━━━━━╇━━━━━━━━━━━━━━╇━━━━━━━━━━━━━━━━━╇━━━━━━━━━━━━━━╇━━━━━━━━━━━━━━╇━━━━━━━━━━━━━━━━━━━━━━━━╇━━━━━━━━━━━━━━━━━━━━━┩
│      yes │    687 │        -0.18 │         -50.377 │       -33.58 │      1:32:00 │  204     0   483  29.7 │ 51.261 USDT  34.17% │
└──────────┴────────┴──────────────┴─────────────────┴──────────────┴──────────────┴────────────────────────┴─────────────────────┘