2026-04-25 22:39:46,954 - freqtrade - INFO - freqtrade 2026.3
2026-04-25 22:39:48,015 - freqtrade.configuration.load_config - INFO - Using config: /home/mohs/Desktop/ae/pyside6/user_data/config.json ...
2026-04-25 22:39:48,018 - freqtrade.loggers - INFO - Enabling colorized output.
2026-04-25 22:39:48,018 - freqtrade.loggers - INFO - Logfile configured
2026-04-25 22:39:48,018 - freqtrade.loggers - INFO - Verbosity set to 0
2026-04-25 22:39:48,018 - freqtrade.configuration.configuration - INFO - Using additional Strategy lookup path: 
/home/mohs/Desktop/ae/pyside6/user_data/optimizer/sessions/b8194b7f-3716-497e-8a17-833c28d4e223/trial_028/strategy_dir
2026-04-25 22:39:48,019 - freqtrade.configuration.configuration - WARNING - `force_entry_enable` RPC message enabled.
2026-04-25 22:39:48,019 - freqtrade.configuration.configuration - INFO - Parameter -i/--timeframe detected ... Using timeframe: 4h ...
2026-04-25 22:39:48,019 - freqtrade.configuration.configuration - INFO - Parameter --max-open-trades detected, overriding max_open_trades to: 3 ...
2026-04-25 22:39:48,019 - freqtrade.configuration.configuration - INFO - Parameter --dry-run-wallet detected, overriding dry_run_wallet to: 150.0 ...
2026-04-25 22:39:48,020 - freqtrade.configuration.configuration - INFO - Parameter --timerange detected: 20250422-20260417 ...
2026-04-25 22:39:48,020 - freqtrade.configuration.configuration - INFO - Using user-data directory: /home/mohs/Desktop/ae/pyside6/user_data ...
2026-04-25 22:39:48,020 - freqtrade.configuration.configuration - INFO - Using data directory: /home/mohs/Desktop/ae/pyside6/user_data/data/binance ...
2026-04-25 22:39:48,021 - freqtrade.configuration.configuration - INFO - Parameter --export detected: trades ...
2026-04-25 22:39:48,021 - freqtrade.configuration.configuration - INFO - Parameter --cache=day detected ...
2026-04-25 22:39:48,021 - freqtrade.configuration.configuration - INFO - Using pairs ['XRP/USDT', 'ETH/USDT', 'HOME/USDT']
2026-04-25 22:39:48,021 - freqtrade.configuration.configuration - INFO - Filter trades by timerange: 20250422-20260417
2026-04-25 22:39:48,022 - freqtrade.exchange.check_exchange - INFO - Checking exchange...
2026-04-25 22:39:48,028 - freqtrade.exchange.check_exchange - INFO - Exchange "binance" is officially supported by the Freqtrade development team.
2026-04-25 22:39:48,028 - freqtrade.configuration.config_validation - INFO - Validating configuration ...
2026-04-25 22:39:48,030 - freqtrade.commands.optimize_commands - INFO - Starting freqtrade in Backtesting mode
2026-04-25 22:39:48,031 - freqtrade.exchange.exchange - INFO - Instance is running with dry_run enabled
2026-04-25 22:39:48,031 - freqtrade.exchange.exchange - INFO - Using CCXT 4.5.50
2026-04-25 22:39:48,031 - freqtrade.exchange.exchange - INFO - Applying additional ccxt config: {'enableRateLimit': True, 'timeout': 120000}
2026-04-25 22:39:48,037 - freqtrade.exchange.exchange - INFO - Applying additional ccxt config: {'enableRateLimit': True, 'timeout': 120000}
2026-04-25 22:39:48,042 - freqtrade.exchange.exchange - INFO - Using Exchange "Binance"
2026-04-25 22:39:49,181 - freqtrade.resolvers.exchange_resolver - INFO - Using resolved exchange 'Binance'...
2026-04-25 22:39:49,189 - freqtrade.resolvers.iresolver - INFO - Using resolved strategy yes from 
'/home/mohs/Desktop/ae/pyside6/user_data/optimizer/sessions/b8194b7f-3716-497e-8a17-833c28d4e223/trial_028/strategy_dir/yes.py'...
2026-04-25 22:39:49,189 - freqtrade.strategy.hyper - INFO - Loading parameters from file 
/home/mohs/Desktop/ae/pyside6/user_data/optimizer/sessions/b8194b7f-3716-497e-8a17-833c28d4e223/trial_028/strategy_dir/yes.json
2026-04-25 22:39:49,190 - freqtrade.resolvers.strategy_resolver - INFO - Override strategy 'timeframe' with value from the configuration: 4h.
2026-04-25 22:39:49,190 - freqtrade.resolvers.strategy_resolver - INFO - Override strategy 'stake_currency' with value from the configuration: USDT.
2026-04-25 22:39:49,191 - freqtrade.resolvers.strategy_resolver - INFO - Override strategy 'stake_amount' with value from the configuration: unlimited.
2026-04-25 22:39:49,191 - freqtrade.resolvers.strategy_resolver - INFO - Override strategy 'use_exit_signal' with value from the configuration: True.
2026-04-25 22:39:49,191 - freqtrade.resolvers.strategy_resolver - INFO - Override strategy 'max_open_trades' with value from the configuration: 3.
2026-04-25 22:39:49,191 - freqtrade.resolvers.strategy_resolver - INFO - Strategy using minimal_roi: {'0': 0.389839551261457, '13': 1.5796435407191871, '146': 0.6140758219418505, '38': 
0.6598103773621496}
2026-04-25 22:39:49,192 - freqtrade.resolvers.strategy_resolver - INFO - Strategy using timeframe: 4h
2026-04-25 22:39:49,192 - freqtrade.resolvers.strategy_resolver - INFO - Strategy using stoploss: -0.6595711581405787
2026-04-25 22:39:49,192 - freqtrade.resolvers.strategy_resolver - INFO - Strategy using trailing_stop: True
2026-04-25 22:39:49,193 - freqtrade.resolvers.strategy_resolver - INFO - Strategy using trailing_stop_positive: 0.2970412276397772
2026-04-25 22:39:49,193 - freqtrade.resolvers.strategy_resolver - INFO - Strategy using trailing_stop_positive_offset: 0.4586233262744961
2026-04-25 22:39:49,193 - freqtrade.resolvers.strategy_resolver - INFO - Strategy using trailing_only_offset_is_reached: True
2026-04-25 22:39:49,193 - freqtrade.resolvers.strategy_resolver - INFO - Strategy using use_custom_stoploss: False
2026-04-25 22:39:49,194 - freqtrade.resolvers.strategy_resolver - INFO - Strategy using process_only_new_candles: True
2026-04-25 22:39:49,194 - freqtrade.resolvers.strategy_resolver - INFO - Strategy using order_types: {'entry': 'limit', 'exit': 'limit', 'stoploss': 'limit', 'stoploss_on_exchange': False, 
'stoploss_on_exchange_interval': 60}
2026-04-25 22:39:49,194 - freqtrade.resolvers.strategy_resolver - INFO - Strategy using order_time_in_force: {'entry': 'GTC', 'exit': 'GTC'}
2026-04-25 22:39:49,194 - freqtrade.resolvers.strategy_resolver - INFO - Strategy using stake_currency: USDT
2026-04-25 22:39:49,195 - freqtrade.resolvers.strategy_resolver - INFO - Strategy using stake_amount: unlimited
2026-04-25 22:39:49,195 - freqtrade.resolvers.strategy_resolver - INFO - Strategy using startup_candle_count: 0
2026-04-25 22:39:49,195 - freqtrade.resolvers.strategy_resolver - INFO - Strategy using use_exit_signal: True
2026-04-25 22:39:49,195 - freqtrade.resolvers.strategy_resolver - INFO - Strategy using exit_profit_only: False
2026-04-25 22:39:49,196 - freqtrade.resolvers.strategy_resolver - INFO - Strategy using ignore_roi_if_entry_signal: False
2026-04-25 22:39:49,196 - freqtrade.resolvers.strategy_resolver - INFO - Strategy using exit_profit_offset: 0.0
2026-04-25 22:39:49,196 - freqtrade.resolvers.strategy_resolver - INFO - Strategy using disable_dataframe_checks: False
2026-04-25 22:39:49,197 - freqtrade.resolvers.strategy_resolver - INFO - Strategy using ignore_buying_expired_candle_after: 0
2026-04-25 22:39:49,197 - freqtrade.resolvers.strategy_resolver - INFO - Strategy using position_adjustment_enable: False
2026-04-25 22:39:49,197 - freqtrade.resolvers.strategy_resolver - INFO - Strategy using max_entry_position_adjustment: -1
2026-04-25 22:39:49,197 - freqtrade.resolvers.strategy_resolver - INFO - Strategy using max_open_trades: 3
2026-04-25 22:39:49,198 - freqtrade.configuration.config_validation - INFO - Validating configuration ...
2026-04-25 22:39:49,201 - freqtrade.resolvers.iresolver - INFO - Using resolved pairlist StaticPairList from 
'/home/mohs/Desktop/ae/pyside6/.venv/lib/python3.12/site-packages/freqtrade/plugins/pairlist/StaticPairList.py'...
2026-04-25 22:39:49,213 - freqtrade.optimize.backtesting - INFO - Using fee 0.1000% - worst case fee from exchange (lowest tier).
2026-04-25 22:39:49,248 - freqtrade.data.history.datahandlers.idatahandler - WARNING - HOME/USDT, spot, 4h, data starts at 2025-06-12 12:00:00
2026-04-25 22:39:49,256 - freqtrade.optimize.backtesting - INFO - Loading data from 2025-04-22 00:00:00 up to 2026-04-17 00:00:00 (360 days).
2026-04-25 22:39:49,312 - freqtrade.optimize.backtesting - INFO - Dataload complete. Calculating indicators
2026-04-25 22:39:49,321 - freqtrade.optimize.backtesting - INFO - Running backtesting for Strategy yes
2026-04-25 22:39:49,321 - freqtrade.strategy.hyper - INFO - Strategy Parameter: buy_ma_count = 19
2026-04-25 22:39:49,321 - freqtrade.strategy.hyper - INFO - Strategy Parameter: buy_ma_gap = 12
2026-04-25 22:39:49,322 - freqtrade.strategy.hyper - INFO - Strategy Parameter: sell_ma_count = 20
2026-04-25 22:39:49,322 - freqtrade.strategy.hyper - INFO - Strategy Parameter: sell_ma_gap = 30
2026-04-25 22:39:49,335 - freqtrade.optimize.backtesting - INFO - Backtesting with data from 2025-04-22 00:00:00 up to 2026-04-17 00:00:00 (360 days).
2026-04-25 22:39:49,761 - freqtrade.misc - INFO - dumping json to "/home/mohs/Desktop/ae/pyside6/user_data/backtest_results/backtest-result-2026-04-25_22-39-49.meta.json"
Result for strategy yes
                                               BACKTESTING REPORT                                                
┏━━━━━━━━━━━┳━━━━━━━━┳━━━━━━━━━━━━━━┳━━━━━━━━━━━━━━━━━┳━━━━━━━━━━━━━━┳━━━━━━━━━━━━━━━━━┳━━━━━━━━━━━━━━━━━━━━━━━━┓
┃      Pair ┃ Trades ┃ Avg Profit % ┃ Tot Profit USDT ┃ Tot Profit % ┃    Avg Duration ┃  Win  Draw  Loss  Win% ┃
┡━━━━━━━━━━━╇━━━━━━━━╇━━━━━━━━━━━━━━╇━━━━━━━━━━━━━━━━━╇━━━━━━━━━━━━━━╇━━━━━━━━━━━━━━━━━╇━━━━━━━━━━━━━━━━━━━━━━━━┩
│  XRP/USDT │      1 │         3.15 │           1.548 │         1.03 │        16:00:00 │    1     0     0   100 │
│ HOME/USDT │      0 │          0.0 │           0.000 │          0.0 │            0:00 │    0     0     0     0 │
│  ETH/USDT │      3 │        -2.39 │          -3.567 │        -2.38 │ 1 day, 14:40:00 │    0     0     3     0 │
│     TOTAL │      4 │        -1.01 │          -2.019 │        -1.35 │  1 day, 9:00:00 │    1     0     3  25.0 │
└───────────┴────────┴──────────────┴─────────────────┴──────────────┴─────────────────┴────────────────────────┘
                                           LEFT OPEN TRADES REPORT                                           
┏━━━━━━━━━━┳━━━━━━━━┳━━━━━━━━━━━━━━┳━━━━━━━━━━━━━━━━━┳━━━━━━━━━━━━━━┳━━━━━━━━━━━━━━┳━━━━━━━━━━━━━━━━━━━━━━━━┓
┃     Pair ┃ Trades ┃ Avg Profit % ┃ Tot Profit USDT ┃ Tot Profit % ┃ Avg Duration ┃  Win  Draw  Loss  Win% ┃
┡━━━━━━━━━━╇━━━━━━━━╇━━━━━━━━━━━━━━╇━━━━━━━━━━━━━━━━━╇━━━━━━━━━━━━━━╇━━━━━━━━━━━━━━╇━━━━━━━━━━━━━━━━━━━━━━━━┩
│ XRP/USDT │      1 │         3.15 │           1.548 │         1.03 │     16:00:00 │    1     0     0   100 │
│    TOTAL │      1 │         3.15 │           1.548 │         1.03 │     16:00:00 │    1     0     0   100 │
└──────────┴────────┴──────────────┴─────────────────┴──────────────┴──────────────┴────────────────────────┘
                                                 ENTER TAG STATS                                                 
┏━━━━━━━━━━━┳━━━━━━━━━┳━━━━━━━━━━━━━━┳━━━━━━━━━━━━━━━━━┳━━━━━━━━━━━━━━┳━━━━━━━━━━━━━━━━┳━━━━━━━━━━━━━━━━━━━━━━━━┓
┃ Enter Tag ┃ Entries ┃ Avg Profit % ┃ Tot Profit USDT ┃ Tot Profit % ┃   Avg Duration ┃  Win  Draw  Loss  Win% ┃
┡━━━━━━━━━━━╇━━━━━━━━━╇━━━━━━━━━━━━━━╇━━━━━━━━━━━━━━━━━╇━━━━━━━━━━━━━━╇━━━━━━━━━━━━━━━━╇━━━━━━━━━━━━━━━━━━━━━━━━┩
│     OTHER │       4 │        -1.01 │          -2.019 │        -1.35 │ 1 day, 9:00:00 │    1     0     3  25.0 │
│     TOTAL │       4 │        -1.01 │          -2.019 │        -1.35 │ 1 day, 9:00:00 │    1     0     3  25.0 │
└───────────┴─────────┴──────────────┴─────────────────┴──────────────┴────────────────┴────────────────────────┘
                                                EXIT REASON STATS                                                 
┏━━━━━━━━━━━━━┳━━━━━━━┳━━━━━━━━━━━━━━┳━━━━━━━━━━━━━━━━━┳━━━━━━━━━━━━━━┳━━━━━━━━━━━━━━━━━┳━━━━━━━━━━━━━━━━━━━━━━━━┓
┃ Exit Reason ┃ Exits ┃ Avg Profit % ┃ Tot Profit USDT ┃ Tot Profit % ┃    Avg Duration ┃  Win  Draw  Loss  Win% ┃
┡━━━━━━━━━━━━━╇━━━━━━━╇━━━━━━━━━━━━━━╇━━━━━━━━━━━━━━━━━╇━━━━━━━━━━━━━━╇━━━━━━━━━━━━━━━━━╇━━━━━━━━━━━━━━━━━━━━━━━━┩
│  force_exit │     1 │         3.15 │           1.548 │         1.03 │        16:00:00 │    1     0     0   100 │
│ exit_signal │     3 │        -2.39 │          -3.567 │        -2.38 │ 1 day, 14:40:00 │    0     0     3     0 │
│       TOTAL │     4 │        -1.01 │          -2.019 │        -1.35 │  1 day, 9:00:00 │    1     0     3  25.0 │
└─────────────┴───────┴──────────────┴─────────────────┴──────────────┴─────────────────┴────────────────────────┘
                                                        MIXED TAG STATS                                                        
┏━━━━━━━━━━━┳━━━━━━━━━━━━━┳━━━━━━━━┳━━━━━━━━━━━━━━┳━━━━━━━━━━━━━━━━━┳━━━━━━━━━━━━━━┳━━━━━━━━━━━━━━━━━┳━━━━━━━━━━━━━━━━━━━━━━━━┓
┃ Enter Tag ┃ Exit Reason ┃ Trades ┃ Avg Profit % ┃ Tot Profit USDT ┃ Tot Profit % ┃    Avg Duration ┃  Win  Draw  Loss  Win% ┃
┡━━━━━━━━━━━╇━━━━━━━━━━━━━╇━━━━━━━━╇━━━━━━━━━━━━━━╇━━━━━━━━━━━━━━━━━╇━━━━━━━━━━━━━━╇━━━━━━━━━━━━━━━━━╇━━━━━━━━━━━━━━━━━━━━━━━━┩
│           │  force_exit │      1 │         3.15 │           1.548 │         1.03 │        16:00:00 │    1     0     0   100 │
│           │ exit_signal │      3 │        -2.39 │          -3.567 │        -2.38 │ 1 day, 14:40:00 │    0     0     3     0 │
│     TOTAL │             │      4 │        -1.01 │          -2.019 │        -1.35 │  1 day, 9:00:00 │    1     0     3  25.0 │
└───────────┴─────────────┴────────┴──────────────┴─────────────────┴──────────────┴─────────────────┴────────────────────────┘
                         SUMMARY METRICS                          
┏━━━━━━━━━━━━━━━━━━━━━━━━━━━━━━━┳━━━━━━━━━━━━━━━━━━━━━━━━━━━━━━━━┓
┃ Metric                        ┃ Value                          ┃
┡━━━━━━━━━━━━━━━━━━━━━━━━━━━━━━━╇━━━━━━━━━━━━━━━━━━━━━━━━━━━━━━━━┩
│ Backtesting from              │ 2025-04-22 00:00:00            │
│ Backtesting to                │ 2026-04-17 00:00:00            │
│ Trading Mode                  │ Spot                           │
│ Max open trades               │ 3                              │
│                               │                                │
│ Total/Daily Avg Trades        │ 4 / 0.01                       │
│ Starting balance              │ 150 USDT                       │
│ Final balance                 │ 147.981 USDT                   │
│ Absolute profit               │ -2.019 USDT                    │
│ Total profit %                │ -1.35%                         │
│ CAGR %                        │ -1.36%                         │
│ Sortino                       │ -0.14                          │
│ Sharpe                        │ -0.08                          │
│ Calmar                        │ -3.00                          │
│ SQN                           │ -0.64                          │
│ Profit factor                 │ 0.43                           │
│ Expectancy (Ratio)            │ -0.50 (-0.42)                  │
│ Avg. daily profit             │ -0.006 USDT                    │
│ Avg. stake amount             │ 49.442 USDT                    │
│ Total trade volume            │ 394.307 USDT                   │
│                               │                                │
│ Best Pair                     │ XRP/USDT 1.03%                 │
│ Worst Pair                    │ ETH/USDT -2.38%                │
│ Best trade                    │ XRP/USDT 3.15%                 │
│ Worst trade                   │ ETH/USDT -4.50%                │
│ Best day                      │ 1.548 USDT                     │
│ Worst day                     │ -2.245 USDT                    │
│ Days win/draw/lose            │ 1 / 242 / 3                    │
│ Min/Max/Avg. Duration Winners │ 0d 16:00 / 0d 16:00 / 0d 16:00 │
│ Min/Max/Avg. Duration Losers  │ 0d 16:00 / 2d 08:00 / 1d 14:40 │
│ Max Consecutive Wins / Loss   │ 1 / 3                          │
│ Rejected Entry signals        │ 0                              │
│ Entry/Exit Timeouts           │ 0 / 0                          │
│                               │                                │
│ Min balance                   │ 146.433 USDT                   │
│ Max balance                   │ 149.577 USDT                   │
│ Max % of account underwater   │ 2.38%                          │
│ Absolute drawdown             │ 3.567 USDT (2.38%)             │
│ Drawdown duration             │ 244 days 04:00:00              │
│ Profit at drawdown start      │ 0 USDT                         │
│ Profit at drawdown end        │ -3.567 USDT                    │
│ Drawdown start                │ 2025-08-15 12:00:00            │
│ Drawdown end                  │ 2026-04-16 16:00:00            │
│ Market change                 │ -9.22%                         │
└───────────────────────────────┴────────────────────────────────┘

Backtested 2025-04-22 00:00:00 -> 2026-04-17 00:00:00 | Max open trades : 3
                                                         STRATEGY SUMMARY                                                          
┏━━━━━━━━━━┳━━━━━━━━┳━━━━━━━━━━━━━━┳━━━━━━━━━━━━━━━━━┳━━━━━━━━━━━━━━┳━━━━━━━━━━━━━━━━┳━━━━━━━━━━━━━━━━━━━━━━━━┳━━━━━━━━━━━━━━━━━━━┓
┃ Strategy ┃ Trades ┃ Avg Profit % ┃ Tot Profit USDT ┃ Tot Profit % ┃   Avg Duration ┃  Win  Draw  Loss  Win% ┃          Drawdown ┃
┡━━━━━━━━━━╇━━━━━━━━╇━━━━━━━━━━━━━━╇━━━━━━━━━━━━━━━━━╇━━━━━━━━━━━━━━╇━━━━━━━━━━━━━━━━╇━━━━━━━━━━━━━━━━━━━━━━━━╇━━━━━━━━━━━━━━━━━━━┩
│      yes │      4 │        -1.01 │          -2.019 │        -1.35 │ 1 day, 9:00:00 │    1     0     3  25.0 │ 3.567 USDT  2.38% │
└──────────┴────────┴──────────────┴─────────────────┴──────────────┴────────────────┴────────────────────────┴───────────────────┘