2026-04-25 22:01:29,261 - freqtrade - INFO - freqtrade 2026.3
2026-04-25 22:01:30,320 - freqtrade.configuration.load_config - INFO - Using config: /home/mohs/Desktop/ae/pyside6/user_data/config.json ...
2026-04-25 22:01:30,322 - freqtrade.loggers - INFO - Enabling colorized output.
2026-04-25 22:01:30,323 - freqtrade.loggers - INFO - Logfile configured
2026-04-25 22:01:30,323 - freqtrade.loggers - INFO - Verbosity set to 0
2026-04-25 22:01:30,323 - freqtrade.configuration.configuration - INFO - Using additional Strategy lookup path: 
/home/mohs/Desktop/ae/pyside6/user_data/optimizer/sessions/cc8d7aa3-4a01-4b96-b398-01484bd54a80/trial_040/strategy_dir
2026-04-25 22:01:30,324 - freqtrade.configuration.configuration - WARNING - `force_entry_enable` RPC message enabled.
2026-04-25 22:01:30,324 - freqtrade.configuration.configuration - INFO - Parameter -i/--timeframe detected ... Using timeframe: 5m ...
2026-04-25 22:01:30,324 - freqtrade.configuration.configuration - INFO - Parameter --max-open-trades detected, overriding max_open_trades to: 3 ...
2026-04-25 22:01:30,324 - freqtrade.configuration.configuration - INFO - Parameter --dry-run-wallet detected, overriding dry_run_wallet to: 150.0 ...
2026-04-25 22:01:30,325 - freqtrade.configuration.configuration - INFO - Parameter --timerange detected: 20250422-20260417 ...
2026-04-25 22:01:30,325 - freqtrade.configuration.configuration - INFO - Using user-data directory: /home/mohs/Desktop/ae/pyside6/user_data ...
2026-04-25 22:01:30,325 - freqtrade.configuration.configuration - INFO - Using data directory: /home/mohs/Desktop/ae/pyside6/user_data/data/binance ...
2026-04-25 22:01:30,326 - freqtrade.configuration.configuration - INFO - Parameter --export detected: trades ...
2026-04-25 22:01:30,326 - freqtrade.configuration.configuration - INFO - Parameter --cache=day detected ...
2026-04-25 22:01:30,326 - freqtrade.configuration.configuration - INFO - Using pairs ['XRP/USDT', 'ETH/USDT', 'HOME/USDT']
2026-04-25 22:01:30,326 - freqtrade.configuration.configuration - INFO - Filter trades by timerange: 20250422-20260417
2026-04-25 22:01:30,327 - freqtrade.exchange.check_exchange - INFO - Checking exchange...
2026-04-25 22:01:30,333 - freqtrade.exchange.check_exchange - INFO - Exchange "binance" is officially supported by the Freqtrade development team.
2026-04-25 22:01:30,333 - freqtrade.configuration.config_validation - INFO - Validating configuration ...
2026-04-25 22:01:30,335 - freqtrade.commands.optimize_commands - INFO - Starting freqtrade in Backtesting mode
2026-04-25 22:01:30,335 - freqtrade.exchange.exchange - INFO - Instance is running with dry_run enabled
2026-04-25 22:01:30,336 - freqtrade.exchange.exchange - INFO - Using CCXT 4.5.50
2026-04-25 22:01:30,336 - freqtrade.exchange.exchange - INFO - Applying additional ccxt config: {'enableRateLimit': True, 'timeout': 120000}
2026-04-25 22:01:30,341 - freqtrade.exchange.exchange - INFO - Applying additional ccxt config: {'enableRateLimit': True, 'timeout': 120000}
2026-04-25 22:01:30,347 - freqtrade.exchange.exchange - INFO - Using Exchange "Binance"
2026-04-25 22:01:31,705 - freqtrade.resolvers.exchange_resolver - INFO - Using resolved exchange 'Binance'...
2026-04-25 22:01:31,713 - freqtrade.resolvers.iresolver - INFO - Using resolved strategy yes from 
'/home/mohs/Desktop/ae/pyside6/user_data/optimizer/sessions/cc8d7aa3-4a01-4b96-b398-01484bd54a80/trial_040/strategy_dir/yes.py'...
2026-04-25 22:01:31,713 - freqtrade.strategy.hyper - INFO - Loading parameters from file 
/home/mohs/Desktop/ae/pyside6/user_data/optimizer/sessions/cc8d7aa3-4a01-4b96-b398-01484bd54a80/trial_040/strategy_dir/yes.json
2026-04-25 22:01:31,714 - freqtrade.resolvers.strategy_resolver - INFO - Override strategy 'timeframe' with value from the configuration: 5m.
2026-04-25 22:01:31,714 - freqtrade.resolvers.strategy_resolver - INFO - Override strategy 'stake_currency' with value from the configuration: USDT.
2026-04-25 22:01:31,715 - freqtrade.resolvers.strategy_resolver - INFO - Override strategy 'stake_amount' with value from the configuration: unlimited.
2026-04-25 22:01:31,715 - freqtrade.resolvers.strategy_resolver - INFO - Override strategy 'use_exit_signal' with value from the configuration: True.
2026-04-25 22:01:31,715 - freqtrade.resolvers.strategy_resolver - INFO - Override strategy 'max_open_trades' with value from the configuration: 3.
2026-04-25 22:01:31,716 - freqtrade.resolvers.strategy_resolver - INFO - Strategy using minimal_roi: {'0': 1.8151025975583537, '13': 0.4649701047182509, '146': 0.7075228166605156, '38': 
0.10759420922984436}
2026-04-25 22:01:31,716 - freqtrade.resolvers.strategy_resolver - INFO - Strategy using timeframe: 5m
2026-04-25 22:01:31,716 - freqtrade.resolvers.strategy_resolver - INFO - Strategy using stoploss: -0.330212526708607
2026-04-25 22:01:31,716 - freqtrade.resolvers.strategy_resolver - INFO - Strategy using trailing_stop: False
2026-04-25 22:01:31,717 - freqtrade.resolvers.strategy_resolver - INFO - Strategy using trailing_stop_positive: 0.4213651117078394
2026-04-25 22:01:31,717 - freqtrade.resolvers.strategy_resolver - INFO - Strategy using trailing_stop_positive_offset: 0.16957356455873515
2026-04-25 22:01:31,717 - freqtrade.resolvers.strategy_resolver - INFO - Strategy using trailing_only_offset_is_reached: True
2026-04-25 22:01:31,717 - freqtrade.resolvers.strategy_resolver - INFO - Strategy using use_custom_stoploss: False
2026-04-25 22:01:31,718 - freqtrade.resolvers.strategy_resolver - INFO - Strategy using process_only_new_candles: True
2026-04-25 22:01:31,718 - freqtrade.resolvers.strategy_resolver - INFO - Strategy using order_types: {'entry': 'limit', 'exit': 'limit', 'stoploss': 'limit', 'stoploss_on_exchange': False, 
'stoploss_on_exchange_interval': 60}
2026-04-25 22:01:31,718 - freqtrade.resolvers.strategy_resolver - INFO - Strategy using order_time_in_force: {'entry': 'GTC', 'exit': 'GTC'}
2026-04-25 22:01:31,718 - freqtrade.resolvers.strategy_resolver - INFO - Strategy using stake_currency: USDT
2026-04-25 22:01:31,719 - freqtrade.resolvers.strategy_resolver - INFO - Strategy using stake_amount: unlimited
2026-04-25 22:01:31,719 - freqtrade.resolvers.strategy_resolver - INFO - Strategy using startup_candle_count: 0
2026-04-25 22:01:31,719 - freqtrade.resolvers.strategy_resolver - INFO - Strategy using use_exit_signal: True
2026-04-25 22:01:31,719 - freqtrade.resolvers.strategy_resolver - INFO - Strategy using exit_profit_only: False
2026-04-25 22:01:31,720 - freqtrade.resolvers.strategy_resolver - INFO - Strategy using ignore_roi_if_entry_signal: False
2026-04-25 22:01:31,720 - freqtrade.resolvers.strategy_resolver - INFO - Strategy using exit_profit_offset: 0.0
2026-04-25 22:01:31,720 - freqtrade.resolvers.strategy_resolver - INFO - Strategy using disable_dataframe_checks: False
2026-04-25 22:01:31,720 - freqtrade.resolvers.strategy_resolver - INFO - Strategy using ignore_buying_expired_candle_after: 0
2026-04-25 22:01:31,721 - freqtrade.resolvers.strategy_resolver - INFO - Strategy using position_adjustment_enable: False
2026-04-25 22:01:31,721 - freqtrade.resolvers.strategy_resolver - INFO - Strategy using max_entry_position_adjustment: -1
2026-04-25 22:01:31,721 - freqtrade.resolvers.strategy_resolver - INFO - Strategy using max_open_trades: 3
2026-04-25 22:01:31,722 - freqtrade.configuration.config_validation - INFO - Validating configuration ...
2026-04-25 22:01:31,726 - freqtrade.resolvers.iresolver - INFO - Using resolved pairlist StaticPairList from 
'/home/mohs/Desktop/ae/pyside6/.venv/lib/python3.12/site-packages/freqtrade/plugins/pairlist/StaticPairList.py'...
2026-04-25 22:01:31,738 - freqtrade.optimize.backtesting - INFO - Using fee 0.1000% - worst case fee from exchange (lowest tier).
2026-04-25 22:01:31,878 - freqtrade.data.history.datahandlers.idatahandler - WARNING - XRP/USDT, spot, 5m, data ends at 2026-04-11 01:45:00
2026-04-25 22:01:32,273 - freqtrade.data.history.datahandlers.idatahandler - WARNING - HOME/USDT, spot, 5m, data starts at 2025-06-12 15:00:00
2026-04-25 22:01:32,301 - freqtrade.optimize.backtesting - INFO - Loading data from 2025-04-22 00:00:00 up to 2026-04-17 00:00:00 (360 days).
2026-04-25 22:01:34,359 - freqtrade.optimize.backtesting - INFO - Dataload complete. Calculating indicators
2026-04-25 22:01:34,365 - freqtrade.optimize.backtesting - INFO - Running backtesting for Strategy yes
2026-04-25 22:01:34,365 - freqtrade.strategy.hyper - INFO - Strategy Parameter: buy_ma_count = 4
2026-04-25 22:01:34,365 - freqtrade.strategy.hyper - INFO - Strategy Parameter: buy_ma_gap = 15
2026-04-25 22:01:34,366 - freqtrade.strategy.hyper - INFO - Strategy Parameter: sell_ma_count = 6
2026-04-25 22:01:34,366 - freqtrade.strategy.hyper - INFO - Strategy Parameter: sell_ma_gap = 4
2026-04-25 22:01:34,453 - freqtrade.optimize.backtesting - INFO - Backtesting with data from 2025-04-22 00:00:00 up to 2026-04-17 00:00:00 (360 days).
/home/mohs/Desktop/ae/pyside6/.venv/lib/python3.12/site-packages/freqtrade/data/metrics.py:77: FutureWarning: The default fill_method='pad' in DataFrame.pct_change is deprecated and will be removed in a future version. Either fill in any non-leading NA values prior to calling pct_change or specify 'fill_method=None' to not fill NA values.
  rel_mean = df_comb.pct_change().mean(axis=1).fillna(0).cumsum()
2026-04-25 22:01:43,098 - freqtrade.misc - INFO - dumping json to "/home/mohs/Desktop/ae/pyside6/user_data/backtest_results/backtest-result-2026-04-25_22-01-43.meta.json"
Result for strategy yes
                                              BACKTESTING REPORT                                              
┏━━━━━━━━━━━┳━━━━━━━━┳━━━━━━━━━━━━━━┳━━━━━━━━━━━━━━━━━┳━━━━━━━━━━━━━━┳━━━━━━━━━━━━━━┳━━━━━━━━━━━━━━━━━━━━━━━━┓
┃      Pair ┃ Trades ┃ Avg Profit % ┃ Tot Profit USDT ┃ Tot Profit % ┃ Avg Duration ┃  Win  Draw  Loss  Win% ┃
┡━━━━━━━━━━━╇━━━━━━━━╇━━━━━━━━━━━━━━╇━━━━━━━━━━━━━━━━━╇━━━━━━━━━━━━━━╇━━━━━━━━━━━━━━╇━━━━━━━━━━━━━━━━━━━━━━━━┩
│ HOME/USDT │   1268 │        -0.13 │         -26.898 │       -17.93 │      1:01:00 │  406     0   862  32.0 │
│  ETH/USDT │   1466 │        -0.19 │         -51.936 │       -34.62 │      1:00:00 │  405     0  1061  27.6 │
│  XRP/USDT │   1485 │        -0.19 │         -58.417 │       -38.94 │      1:00:00 │  394     1  1090  26.5 │
│     TOTAL │   4219 │        -0.17 │        -137.250 │        -91.5 │      1:00:00 │ 1205     1  3013  28.6 │
└───────────┴────────┴──────────────┴─────────────────┴──────────────┴──────────────┴────────────────────────┘
                                         LEFT OPEN TRADES REPORT                                          
┏━━━━━━━┳━━━━━━━━┳━━━━━━━━━━━━━━┳━━━━━━━━━━━━━━━━━┳━━━━━━━━━━━━━━┳━━━━━━━━━━━━━━┳━━━━━━━━━━━━━━━━━━━━━━━━┓
┃  Pair ┃ Trades ┃ Avg Profit % ┃ Tot Profit USDT ┃ Tot Profit % ┃ Avg Duration ┃  Win  Draw  Loss  Win% ┃
┡━━━━━━━╇━━━━━━━━╇━━━━━━━━━━━━━━╇━━━━━━━━━━━━━━━━━╇━━━━━━━━━━━━━━╇━━━━━━━━━━━━━━╇━━━━━━━━━━━━━━━━━━━━━━━━┩
│ TOTAL │      0 │          0.0 │           0.000 │          0.0 │         0:00 │    0     0     0     0 │
└───────┴────────┴──────────────┴─────────────────┴──────────────┴──────────────┴────────────────────────┘
                                                ENTER TAG STATS                                                
┏━━━━━━━━━━━┳━━━━━━━━━┳━━━━━━━━━━━━━━┳━━━━━━━━━━━━━━━━━┳━━━━━━━━━━━━━━┳━━━━━━━━━━━━━━┳━━━━━━━━━━━━━━━━━━━━━━━━┓
┃ Enter Tag ┃ Entries ┃ Avg Profit % ┃ Tot Profit USDT ┃ Tot Profit % ┃ Avg Duration ┃  Win  Draw  Loss  Win% ┃
┡━━━━━━━━━━━╇━━━━━━━━━╇━━━━━━━━━━━━━━╇━━━━━━━━━━━━━━━━━╇━━━━━━━━━━━━━━╇━━━━━━━━━━━━━━╇━━━━━━━━━━━━━━━━━━━━━━━━┩
│     OTHER │    4219 │        -0.17 │        -137.250 │        -91.5 │      1:00:00 │ 1205     1  3013  28.6 │
│     TOTAL │    4219 │        -0.17 │        -137.250 │        -91.5 │      1:00:00 │ 1205     1  3013  28.6 │
└───────────┴─────────┴──────────────┴─────────────────┴──────────────┴──────────────┴────────────────────────┘
                                               EXIT REASON STATS                                               
┏━━━━━━━━━━━━━┳━━━━━━━┳━━━━━━━━━━━━━━┳━━━━━━━━━━━━━━━━━┳━━━━━━━━━━━━━━┳━━━━━━━━━━━━━━┳━━━━━━━━━━━━━━━━━━━━━━━━┓
┃ Exit Reason ┃ Exits ┃ Avg Profit % ┃ Tot Profit USDT ┃ Tot Profit % ┃ Avg Duration ┃  Win  Draw  Loss  Win% ┃
┡━━━━━━━━━━━━━╇━━━━━━━╇━━━━━━━━━━━━━━╇━━━━━━━━━━━━━━━━━╇━━━━━━━━━━━━━━╇━━━━━━━━━━━━━━╇━━━━━━━━━━━━━━━━━━━━━━━━┩
│         roi │     5 │        10.75 │          15.107 │        10.07 │      1:11:00 │    5     0     0   100 │
│ exit_signal │  4214 │        -0.19 │        -152.357 │      -101.57 │      1:00:00 │ 1200     1  3013  28.5 │
│       TOTAL │  4219 │        -0.17 │        -137.250 │        -91.5 │      1:00:00 │ 1205     1  3013  28.6 │
└─────────────┴───────┴──────────────┴─────────────────┴──────────────┴──────────────┴────────────────────────┘
                                                      MIXED TAG STATS                                                       
┏━━━━━━━━━━━┳━━━━━━━━━━━━━┳━━━━━━━━┳━━━━━━━━━━━━━━┳━━━━━━━━━━━━━━━━━┳━━━━━━━━━━━━━━┳━━━━━━━━━━━━━━┳━━━━━━━━━━━━━━━━━━━━━━━━┓
┃ Enter Tag ┃ Exit Reason ┃ Trades ┃ Avg Profit % ┃ Tot Profit USDT ┃ Tot Profit % ┃ Avg Duration ┃  Win  Draw  Loss  Win% ┃
┡━━━━━━━━━━━╇━━━━━━━━━━━━━╇━━━━━━━━╇━━━━━━━━━━━━━━╇━━━━━━━━━━━━━━━━━╇━━━━━━━━━━━━━━╇━━━━━━━━━━━━━━╇━━━━━━━━━━━━━━━━━━━━━━━━┩
│           │         roi │      5 │        10.75 │          15.107 │        10.07 │      1:11:00 │    5     0     0   100 │
│           │ exit_signal │   4214 │        -0.19 │        -152.357 │      -101.57 │      1:00:00 │ 1200     1  3013  28.5 │
│     TOTAL │             │   4219 │        -0.17 │        -137.250 │        -91.5 │      1:00:00 │ 1205     1  3013  28.6 │
└───────────┴─────────────┴────────┴──────────────┴─────────────────┴──────────────┴──────────────┴────────────────────────┘
                         SUMMARY METRICS                          
┏━━━━━━━━━━━━━━━━━━━━━━━━━━━━━━━┳━━━━━━━━━━━━━━━━━━━━━━━━━━━━━━━━┓
┃ Metric                        ┃ Value                          ┃
┡━━━━━━━━━━━━━━━━━━━━━━━━━━━━━━━╇━━━━━━━━━━━━━━━━━━━━━━━━━━━━━━━━┩
│ Backtesting from              │ 2025-04-22 00:00:00            │
│ Backtesting to                │ 2026-04-17 00:00:00            │
│ Trading Mode                  │ Spot                           │
│ Max open trades               │ 3                              │
│                               │                                │
│ Total/Daily Avg Trades        │ 4219 / 11.72                   │
│ Starting balance              │ 150 USDT                       │
│ Final balance                 │ 12.75 USDT                     │
│ Absolute profit               │ -137.25 USDT                   │
│ Total profit %                │ -91.50%                        │
│ CAGR %                        │ -91.79%                        │
│ Sortino                       │ -58.76                         │
│ Sharpe                        │ -33.73                         │
│ Calmar                        │ -5.30                          │
│ SQN                           │ -9.78                          │
│ Profit factor                 │ 0.56                           │
│ Expectancy (Ratio)            │ -0.03 (-0.31)                  │
│ Avg. daily profit             │ -0.381 USDT                    │
│ Avg. stake amount             │ 17.873 USDT                    │
│ Total trade volume            │ 150976.099 USDT                │
│                               │                                │
│ Best Pair                     │ HOME/USDT -17.93%              │
│ Worst Pair                    │ XRP/USDT -38.94%               │
│ Best trade                    │ ETH/USDT 10.76%                │
│ Worst trade                   │ HOME/USDT -9.05%               │
│ Best day                      │ 4.408 USDT                     │
│ Worst day                     │ -4.519 USDT                    │
│ Days win/draw/lose            │ 68 / 0 / 234                   │
│ Min/Max/Avg. Duration Winners │ 0d 00:20 / 0d 04:20 / 0d 01:34 │
│ Min/Max/Avg. Duration Losers  │ 0d 00:05 / 0d 03:55 / 0d 00:47 │
│ Max Consecutive Wins / Loss   │ 7 / 40                         │
│ Rejected Entry signals        │ 0                              │
│ Entry/Exit Timeouts           │ 0 / 0                          │
│                               │                                │
│ Min balance                   │ 12.75 USDT                     │
│ Max balance                   │ 151.003 USDT                   │
│ Max % of account underwater   │ 91.56%                         │
│ Absolute drawdown             │ 138.253 USDT (91.56%)          │
│ Drawdown duration             │ 300 days 14:30:00              │
│ Profit at drawdown start      │ 1.003 USDT                     │
│ Profit at drawdown end        │ -137.25 USDT                   │
│ Drawdown start                │ 2025-04-22 22:40:00            │
│ Drawdown end                  │ 2026-02-17 13:10:00            │
│ Market change                 │ -10.52%                        │
└───────────────────────────────┴────────────────────────────────┘

Backtested 2025-04-22 00:00:00 -> 2026-04-17 00:00:00 | Max open trades : 3
                                                          STRATEGY SUMMARY                                                          
┏━━━━━━━━━━┳━━━━━━━━┳━━━━━━━━━━━━━━┳━━━━━━━━━━━━━━━━━┳━━━━━━━━━━━━━━┳━━━━━━━━━━━━━━┳━━━━━━━━━━━━━━━━━━━━━━━━┳━━━━━━━━━━━━━━━━━━━━━━┓
┃ Strategy ┃ Trades ┃ Avg Profit % ┃ Tot Profit USDT ┃ Tot Profit % ┃ Avg Duration ┃  Win  Draw  Loss  Win% ┃             Drawdown ┃
┡━━━━━━━━━━╇━━━━━━━━╇━━━━━━━━━━━━━━╇━━━━━━━━━━━━━━━━━╇━━━━━━━━━━━━━━╇━━━━━━━━━━━━━━╇━━━━━━━━━━━━━━━━━━━━━━━━╇━━━━━━━━━━━━━━━━━━━━━━┩
│      yes │   4219 │        -0.17 │        -137.250 │        -91.5 │      1:00:00 │ 1205     1  3013  28.6 │ 138.253 USDT  91.56% │
└──────────┴────────┴──────────────┴─────────────────┴──────────────┴──────────────┴────────────────────────┴──────────────────────┘