2026-04-25 05:21:26,798 - freqtrade - INFO - freqtrade 2026.3
2026-04-25 05:21:27,810 - freqtrade.configuration.load_config - INFO - Using config: /home/mohs/Desktop/ae/pyside6/user_data/config.json ...
2026-04-25 05:21:27,812 - freqtrade.loggers - INFO - Enabling colorized output.
2026-04-25 05:21:27,812 - freqtrade.loggers - INFO - Logfile configured
2026-04-25 05:21:27,813 - freqtrade.loggers - INFO - Verbosity set to 0
2026-04-25 05:21:27,813 - freqtrade.configuration.configuration - INFO - Using additional Strategy lookup path: 
/home/mohs/Desktop/ae/pyside6/user_data/optimizer/sessions/abd0593c-38f2-4bae-9eb1-68a8f3de76ec/trial_005/strategy_dir
2026-04-25 05:21:27,813 - freqtrade.configuration.configuration - WARNING - `force_entry_enable` RPC message enabled.
2026-04-25 05:21:27,814 - freqtrade.configuration.configuration - INFO - Parameter -i/--timeframe detected ... Using timeframe: 4h ...
2026-04-25 05:21:27,814 - freqtrade.configuration.configuration - INFO - Parameter --max-open-trades detected, overriding max_open_trades to: 2 ...
2026-04-25 05:21:27,814 - freqtrade.configuration.configuration - INFO - Parameter --dry-run-wallet detected, overriding dry_run_wallet to: 80.0 ...
2026-04-25 05:21:27,814 - freqtrade.configuration.configuration - INFO - Parameter --timerange detected: 20250422-20260417 ...
2026-04-25 05:21:27,815 - freqtrade.configuration.configuration - INFO - Using user-data directory: /home/mohs/Desktop/ae/pyside6/user_data ...
2026-04-25 05:21:27,815 - freqtrade.configuration.configuration - INFO - Using data directory: /home/mohs/Desktop/ae/pyside6/user_data/data/binance ...
2026-04-25 05:21:27,815 - freqtrade.configuration.configuration - INFO - Parameter --export detected: trades ...
2026-04-25 05:21:27,816 - freqtrade.configuration.configuration - INFO - Parameter --cache=day detected ...
2026-04-25 05:21:27,816 - freqtrade.configuration.configuration - INFO - Using pairs ['ADA/USDT', 'ETH/USDT']
2026-04-25 05:21:27,816 - freqtrade.configuration.configuration - INFO - Filter trades by timerange: 20250422-20260417
2026-04-25 05:21:27,816 - freqtrade.exchange.check_exchange - INFO - Checking exchange...
2026-04-25 05:21:27,822 - freqtrade.exchange.check_exchange - INFO - Exchange "binance" is officially supported by the Freqtrade development team.
2026-04-25 05:21:27,823 - freqtrade.configuration.config_validation - INFO - Validating configuration ...
2026-04-25 05:21:27,825 - freqtrade.commands.optimize_commands - INFO - Starting freqtrade in Backtesting mode
2026-04-25 05:21:27,825 - freqtrade.exchange.exchange - INFO - Instance is running with dry_run enabled
2026-04-25 05:21:27,825 - freqtrade.exchange.exchange - INFO - Using CCXT 4.5.50
2026-04-25 05:21:27,826 - freqtrade.exchange.exchange - INFO - Applying additional ccxt config: {'enableRateLimit': True, 'timeout': 120000}
2026-04-25 05:21:27,831 - freqtrade.exchange.exchange - INFO - Applying additional ccxt config: {'enableRateLimit': True, 'timeout': 120000}
2026-04-25 05:21:27,837 - freqtrade.exchange.exchange - INFO - Using Exchange "Binance"