2026-04-25 20:17:16,945 - freqtrade - INFO - freqtrade 2026.3
2026-04-25 20:17:17,995 - freqtrade.configuration.load_config - INFO - Using config: /home/mohs/Desktop/ae/pyside6/user_data/config.json ...
2026-04-25 20:17:17,997 - freqtrade.loggers - INFO - Enabling colorized output.
2026-04-25 20:17:17,997 - freqtrade.loggers - INFO - Logfile configured
2026-04-25 20:17:17,998 - freqtrade.loggers - INFO - Verbosity set to 0
2026-04-25 20:17:17,998 - freqtrade.configuration.configuration - INFO - Using additional Strategy lookup path: 
/home/mohs/Desktop/ae/pyside6/user_data/optimizer/sessions/67b9b07d-6015-403e-8bdf-cb20b1ccc55d/trial_040/strategy_dir
2026-04-25 20:17:17,998 - freqtrade.configuration.configuration - WARNING - `force_entry_enable` RPC message enabled.
2026-04-25 20:17:17,999 - freqtrade.configuration.configuration - INFO - Parameter -i/--timeframe detected ... Using timeframe: 4h ...
2026-04-25 20:17:17,999 - freqtrade.configuration.configuration - INFO - Parameter --max-open-trades detected, overriding max_open_trades to: 2 ...
2026-04-25 20:17:17,999 - freqtrade.configuration.configuration - INFO - Parameter --dry-run-wallet detected, overriding dry_run_wallet to: 150.0 ...
2026-04-25 20:17:17,999 - freqtrade.configuration.configuration - INFO - Parameter --timerange detected: 20250422-20260417 ...
2026-04-25 20:17:18,000 - freqtrade.configuration.configuration - INFO - Using user-data directory: /home/mohs/Desktop/ae/pyside6/user_data ...
2026-04-25 20:17:18,000 - freqtrade.configuration.configuration - INFO - Using data directory: /home/mohs/Desktop/ae/pyside6/user_data/data/binance ...
2026-04-25 20:17:18,000 - freqtrade.configuration.configuration - INFO - Parameter --export detected: trades ...
2026-04-25 20:17:18,001 - freqtrade.configuration.configuration - INFO - Parameter --cache=day detected ...
2026-04-25 20:17:18,001 - freqtrade.configuration.configuration - INFO - Using pairs ['ETH/USDT', 'XRP/USDT', 'HOME/USDT']
2026-04-25 20:17:18,001 - freqtrade.configuration.configuration - INFO - Filter trades by timerange: 20250422-20260417
2026-04-25 20:17:18,002 - freqtrade.exchange.check_exchange - INFO - Checking exchange...
2026-04-25 20:17:18,007 - freqtrade.exchange.check_exchange - INFO - Exchange "binance" is officially supported by the Freqtrade development team.
2026-04-25 20:17:18,008 - freqtrade.configuration.config_validation - INFO - Validating configuration ...
2026-04-25 20:17:18,010 - freqtrade.commands.optimize_commands - INFO - Starting freqtrade in Backtesting mode
2026-04-25 20:17:18,010 - freqtrade.exchange.exchange - INFO - Instance is running with dry_run enabled
2026-04-25 20:17:18,011 - freqtrade.exchange.exchange - INFO - Using CCXT 4.5.50
2026-04-25 20:17:18,011 - freqtrade.exchange.exchange - INFO - Applying additional ccxt config: {'enableRateLimit': True, 'timeout': 120000}
2026-04-25 20:17:18,017 - freqtrade.exchange.exchange - INFO - Applying additional ccxt config: {'enableRateLimit': True, 'timeout': 120000}
2026-04-25 20:17:18,023 - freqtrade.exchange.exchange - INFO - Using Exchange "Binance"
2026-04-25 20:17:19,607 - freqtrade.resolvers.exchange_resolver - INFO - Using resolved exchange 'Binance'...
2026-04-25 20:17:19,616 - freqtrade.resolvers.iresolver - INFO - Using resolved strategy MultiMeee from 
'/home/mohs/Desktop/ae/pyside6/user_data/optimizer/sessions/67b9b07d-6015-403e-8bdf-cb20b1ccc55d/trial_040/strategy_dir/MultiMeee.py'...
2026-04-25 20:17:19,616 - freqtrade.strategy.hyper - INFO - Loading parameters from file 
/home/mohs/Desktop/ae/pyside6/user_data/optimizer/sessions/67b9b07d-6015-403e-8bdf-cb20b1ccc55d/trial_040/strategy_dir/MultiMeee.json
2026-04-25 20:17:19,616 - freqtrade.resolvers.strategy_resolver - INFO - Override strategy 'timeframe' with value from the configuration: 4h.
2026-04-25 20:17:19,617 - freqtrade.resolvers.strategy_resolver - INFO - Override strategy 'stake_currency' with value from the configuration: USDT.
2026-04-25 20:17:19,617 - freqtrade.resolvers.strategy_resolver - INFO - Override strategy 'stake_amount' with value from the configuration: unlimited.
2026-04-25 20:17:19,617 - freqtrade.resolvers.strategy_resolver - INFO - Override strategy 'use_exit_signal' with value from the configuration: True.
2026-04-25 20:17:19,618 - freqtrade.resolvers.strategy_resolver - INFO - Override strategy 'max_open_trades' with value from the configuration: 2.
2026-04-25 20:17:19,618 - freqtrade.resolvers.strategy_resolver - INFO - Strategy using minimal_roi: {'0': 0.9288382483113604, '13': 0.8118923007034865, '146': 0.09339125427976765, '38': 
0.2563372047786188}
2026-04-25 20:17:19,618 - freqtrade.resolvers.strategy_resolver - INFO - Strategy using timeframe: 4h
2026-04-25 20:17:19,618 - freqtrade.resolvers.strategy_resolver - INFO - Strategy using stoploss: -0.17259599672733264
2026-04-25 20:17:19,619 - freqtrade.resolvers.strategy_resolver - INFO - Strategy using trailing_stop: True
2026-04-25 20:17:19,619 - freqtrade.resolvers.strategy_resolver - INFO - Strategy using trailing_stop_positive: 0.37428499889292965
2026-04-25 20:17:19,619 - freqtrade.resolvers.strategy_resolver - INFO - Strategy using trailing_stop_positive_offset: 0.6717174398891826
2026-04-25 20:17:19,619 - freqtrade.resolvers.strategy_resolver - INFO - Strategy using trailing_only_offset_is_reached: True
2026-04-25 20:17:19,619 - freqtrade.resolvers.strategy_resolver - INFO - Strategy using use_custom_stoploss: False
2026-04-25 20:17:19,620 - freqtrade.resolvers.strategy_resolver - INFO - Strategy using process_only_new_candles: True
2026-04-25 20:17:19,620 - freqtrade.resolvers.strategy_resolver - INFO - Strategy using order_types: {'entry': 'limit', 'exit': 'limit', 'stoploss': 'limit', 'stoploss_on_exchange': False, 
'stoploss_on_exchange_interval': 60}
2026-04-25 20:17:19,620 - freqtrade.resolvers.strategy_resolver - INFO - Strategy using order_time_in_force: {'entry': 'GTC', 'exit': 'GTC'}
2026-04-25 20:17:19,620 - freqtrade.resolvers.strategy_resolver - INFO - Strategy using stake_currency: USDT
2026-04-25 20:17:19,621 - freqtrade.resolvers.strategy_resolver - INFO - Strategy using stake_amount: unlimited
2026-04-25 20:17:19,621 - freqtrade.resolvers.strategy_resolver - INFO - Strategy using startup_candle_count: 0
2026-04-25 20:17:19,621 - freqtrade.resolvers.strategy_resolver - INFO - Strategy using use_exit_signal: True
2026-04-25 20:17:19,621 - freqtrade.resolvers.strategy_resolver - INFO - Strategy using exit_profit_only: False
2026-04-25 20:17:19,622 - freqtrade.resolvers.strategy_resolver - INFO - Strategy using ignore_roi_if_entry_signal: False
2026-04-25 20:17:19,622 - freqtrade.resolvers.strategy_resolver - INFO - Strategy using exit_profit_offset: 0.0
2026-04-25 20:17:19,622 - freqtrade.resolvers.strategy_resolver - INFO - Strategy using disable_dataframe_checks: False
2026-04-25 20:17:19,622 - freqtrade.resolvers.strategy_resolver - INFO - Strategy using ignore_buying_expired_candle_after: 0
2026-04-25 20:17:19,623 - freqtrade.resolvers.strategy_resolver - INFO - Strategy using position_adjustment_enable: False
2026-04-25 20:17:19,623 - freqtrade.resolvers.strategy_resolver - INFO - Strategy using max_entry_position_adjustment: -1
2026-04-25 20:17:19,623 - freqtrade.resolvers.strategy_resolver - INFO - Strategy using max_open_trades: 2
2026-04-25 20:17:19,623 - freqtrade.configuration.config_validation - INFO - Validating configuration ...
2026-04-25 20:17:19,627 - freqtrade.resolvers.iresolver - INFO - Using resolved pairlist StaticPairList from 
'/home/mohs/Desktop/ae/pyside6/.venv/lib/python3.12/site-packages/freqtrade/plugins/pairlist/StaticPairList.py'...
2026-04-25 20:17:19,640 - freqtrade.optimize.backtesting - INFO - Using fee 0.1000% - worst case fee from exchange (lowest tier).
2026-04-25 20:17:19,647 - freqtrade.data.history.datahandlers.idatahandler - WARNING - ETH/USDT, spot, 4h, data starts at 2025-04-24 00:00:00
2026-04-25 20:17:19,660 - freqtrade.data.history.datahandlers.idatahandler - WARNING - XRP/USDT, spot, 4h, data starts at 2025-04-30 00:00:00
2026-04-25 20:17:19,672 - freqtrade.data.history.datahandlers.idatahandler - WARNING - HOME/USDT, spot, 4h, data starts at 2025-06-12 12:00:00
2026-04-25 20:17:19,679 - freqtrade.optimize.backtesting - INFO - Loading data from 2025-04-24 00:00:00 up to 2026-04-17 00:00:00 (358 days).
2026-04-25 20:17:19,735 - freqtrade.optimize.backtesting - INFO - Dataload complete. Calculating indicators
2026-04-25 20:17:19,739 - freqtrade.optimize.backtesting - INFO - Running backtesting for Strategy MultiMeee
2026-04-25 20:17:19,740 - freqtrade.strategy.hyper - INFO - Strategy Parameter: buy_ma_count = 13
2026-04-25 20:17:19,740 - freqtrade.strategy.hyper - INFO - Strategy Parameter: buy_ma_gap = 13
2026-04-25 20:17:19,740 - freqtrade.strategy.hyper - INFO - Strategy Parameter: sell_ma_count = 15
2026-04-25 20:17:19,741 - freqtrade.strategy.hyper - INFO - Strategy Parameter: sell_ma_gap = 41
2026-04-25 20:17:19,752 - freqtrade.optimize.backtesting - INFO - Backtesting with data from 2025-04-24 00:00:00 up to 2026-04-17 00:00:00 (358 days).
2026-04-25 20:17:20,221 - freqtrade.misc - INFO - dumping json to "/home/mohs/Desktop/ae/pyside6/user_data/backtest_results/backtest-result-2026-04-25_20-17-20.meta.json"
Result for strategy MultiMeee
                                                BACKTESTING REPORT                                                
┏━━━━━━━━━━━┳━━━━━━━━┳━━━━━━━━━━━━━━┳━━━━━━━━━━━━━━━━━┳━━━━━━━━━━━━━━┳━━━━━━━━━━━━━━━━━━┳━━━━━━━━━━━━━━━━━━━━━━━━┓
┃      Pair ┃ Trades ┃ Avg Profit % ┃ Tot Profit USDT ┃ Tot Profit % ┃     Avg Duration ┃  Win  Draw  Loss  Win% ┃
┡━━━━━━━━━━━╇━━━━━━━━╇━━━━━━━━━━━━━━╇━━━━━━━━━━━━━━━━━╇━━━━━━━━━━━━━━╇━━━━━━━━━━━━━━━━━━╇━━━━━━━━━━━━━━━━━━━━━━━━┩
│  XRP/USDT │      1 │         3.15 │           2.377 │         1.58 │         16:00:00 │    1     0     0   100 │
│ HOME/USDT │      0 │          0.0 │           0.000 │          0.0 │             0:00 │    0     0     0     0 │
│  ETH/USDT │      5 │        -0.01 │          -0.336 │        -0.22 │ 2 days, 14:24:00 │    2     0     3  40.0 │
│     TOTAL │      6 │         0.51 │           2.040 │         1.36 │  2 days, 6:40:00 │    3     0     3  50.0 │
└───────────┴────────┴──────────────┴─────────────────┴──────────────┴──────────────────┴────────────────────────┘
                                             LEFT OPEN TRADES REPORT                                             
┏━━━━━━━━━━┳━━━━━━━━┳━━━━━━━━━━━━━━┳━━━━━━━━━━━━━━━━━┳━━━━━━━━━━━━━━┳━━━━━━━━━━━━━━━━━━┳━━━━━━━━━━━━━━━━━━━━━━━━┓
┃     Pair ┃ Trades ┃ Avg Profit % ┃ Tot Profit USDT ┃ Tot Profit % ┃     Avg Duration ┃  Win  Draw  Loss  Win% ┃
┡━━━━━━━━━━╇━━━━━━━━╇━━━━━━━━━━━━━━╇━━━━━━━━━━━━━━━━━╇━━━━━━━━━━━━━━╇━━━━━━━━━━━━━━━━━━╇━━━━━━━━━━━━━━━━━━━━━━━━┩
│ XRP/USDT │      1 │         3.15 │           2.377 │         1.58 │         16:00:00 │    1     0     0   100 │
│ ETH/USDT │      1 │        -1.45 │          -1.090 │        -0.73 │ 2 days, 16:00:00 │    0     0     1     0 │
│    TOTAL │      2 │         0.85 │           1.287 │         0.86 │  1 day, 16:00:00 │    1     0     1  50.0 │
└──────────┴────────┴──────────────┴─────────────────┴──────────────┴──────────────────┴────────────────────────┘
                                                 ENTER TAG STATS                                                  
┏━━━━━━━━━━━┳━━━━━━━━━┳━━━━━━━━━━━━━━┳━━━━━━━━━━━━━━━━━┳━━━━━━━━━━━━━━┳━━━━━━━━━━━━━━━━━┳━━━━━━━━━━━━━━━━━━━━━━━━┓
┃ Enter Tag ┃ Entries ┃ Avg Profit % ┃ Tot Profit USDT ┃ Tot Profit % ┃    Avg Duration ┃  Win  Draw  Loss  Win% ┃
┡━━━━━━━━━━━╇━━━━━━━━━╇━━━━━━━━━━━━━━╇━━━━━━━━━━━━━━━━━╇━━━━━━━━━━━━━━╇━━━━━━━━━━━━━━━━━╇━━━━━━━━━━━━━━━━━━━━━━━━┩
│     OTHER │       6 │         0.51 │           2.040 │         1.36 │ 2 days, 6:40:00 │    3     0     3  50.0 │
│     TOTAL │       6 │         0.51 │           2.040 │         1.36 │ 2 days, 6:40:00 │    3     0     3  50.0 │
└───────────┴─────────┴──────────────┴─────────────────┴──────────────┴─────────────────┴────────────────────────┘
                                                EXIT REASON STATS                                                 
┏━━━━━━━━━━━━━┳━━━━━━━┳━━━━━━━━━━━━━━┳━━━━━━━━━━━━━━━━━┳━━━━━━━━━━━━━━┳━━━━━━━━━━━━━━━━━┳━━━━━━━━━━━━━━━━━━━━━━━━┓
┃ Exit Reason ┃ Exits ┃ Avg Profit % ┃ Tot Profit USDT ┃ Tot Profit % ┃    Avg Duration ┃  Win  Draw  Loss  Win% ┃
┡━━━━━━━━━━━━━╇━━━━━━━╇━━━━━━━━━━━━━━╇━━━━━━━━━━━━━━━━━╇━━━━━━━━━━━━━━╇━━━━━━━━━━━━━━━━━╇━━━━━━━━━━━━━━━━━━━━━━━━┩
│         roi │     1 │         9.34 │           7.005 │         4.67 │  1 day, 0:00:00 │    1     0     0   100 │
│  force_exit │     2 │         0.85 │           1.287 │         0.86 │ 1 day, 16:00:00 │    1     0     1  50.0 │
│ exit_signal │     3 │        -2.65 │          -6.251 │        -4.17 │ 3 days, 2:40:00 │    1     0     2  33.3 │
│       TOTAL │     6 │         0.51 │           2.040 │         1.36 │ 2 days, 6:40:00 │    3     0     3  50.0 │
└─────────────┴───────┴──────────────┴─────────────────┴──────────────┴─────────────────┴────────────────────────┘
                                                        MIXED TAG STATS                                                        
┏━━━━━━━━━━━┳━━━━━━━━━━━━━┳━━━━━━━━┳━━━━━━━━━━━━━━┳━━━━━━━━━━━━━━━━━┳━━━━━━━━━━━━━━┳━━━━━━━━━━━━━━━━━┳━━━━━━━━━━━━━━━━━━━━━━━━┓
┃ Enter Tag ┃ Exit Reason ┃ Trades ┃ Avg Profit % ┃ Tot Profit USDT ┃ Tot Profit % ┃    Avg Duration ┃  Win  Draw  Loss  Win% ┃
┡━━━━━━━━━━━╇━━━━━━━━━━━━━╇━━━━━━━━╇━━━━━━━━━━━━━━╇━━━━━━━━━━━━━━━━━╇━━━━━━━━━━━━━━╇━━━━━━━━━━━━━━━━━╇━━━━━━━━━━━━━━━━━━━━━━━━┩
│           │         roi │      1 │         9.34 │           7.005 │         4.67 │  1 day, 0:00:00 │    1     0     0   100 │
│           │  force_exit │      2 │         0.85 │           1.287 │         0.86 │ 1 day, 16:00:00 │    1     0     1  50.0 │
│           │ exit_signal │      3 │        -2.65 │          -6.251 │        -4.17 │ 3 days, 2:40:00 │    1     0     2  33.3 │
│     TOTAL │             │      6 │         0.51 │           2.040 │         1.36 │ 2 days, 6:40:00 │    3     0     3  50.0 │
└───────────┴─────────────┴────────┴──────────────┴─────────────────┴──────────────┴─────────────────┴────────────────────────┘
                         SUMMARY METRICS                          
┏━━━━━━━━━━━━━━━━━━━━━━━━━━━━━━━┳━━━━━━━━━━━━━━━━━━━━━━━━━━━━━━━━┓
┃ Metric                        ┃ Value                          ┃
┡━━━━━━━━━━━━━━━━━━━━━━━━━━━━━━━╇━━━━━━━━━━━━━━━━━━━━━━━━━━━━━━━━┩
│ Backtesting from              │ 2025-04-24 00:00:00            │
│ Backtesting to                │ 2026-04-17 00:00:00            │
│ Trading Mode                  │ Spot                           │
│ Max open trades               │ 2                              │
│                               │                                │
│ Total/Daily Avg Trades        │ 6 / 0.02                       │
│ Starting balance              │ 150 USDT                       │
│ Final balance                 │ 152.04 USDT                    │
│ Absolute profit               │ 2.04 USDT                      │
│ Total profit %                │ 1.36%                          │
│ CAGR %                        │ 1.39%                          │
│ Sortino                       │ 0.07                           │
│ Sharpe                        │ 0.03                           │
│ Calmar                        │ 1.23                           │
│ SQN                           │ 0.19                           │
│ Profit factor                 │ 1.22                           │
│ Expectancy (Ratio)            │ 0.34 (0.11)                    │
│ Avg. daily profit             │ 0.006 USDT                     │
│ Avg. stake amount             │ 76.703 USDT                    │
│ Total trade volume            │ 924.317 USDT                   │
│                               │                                │
│ Best Pair                     │ XRP/USDT 1.58%                 │
│ Worst Pair                    │ ETH/USDT -0.22%                │
│ Best trade                    │ ETH/USDT 9.34%                 │
│ Worst trade                   │ ETH/USDT -5.76%                │
│ Best day                      │ 7.005 USDT                     │
│ Worst day                     │ -4.585 USDT                    │
│ Days win/draw/lose            │ 3 / 269 / 2                    │
│ Min/Max/Avg. Duration Winners │ 0d 16:00 / 4d 04:00 / 1d 22:40 │
│ Min/Max/Avg. Duration Losers  │ 1d 20:00 / 3d 08:00 / 2d 14:40 │
│ Max Consecutive Wins / Loss   │ 2 / 3                          │
│ Rejected Entry signals        │ 0                              │
│ Entry/Exit Timeouts           │ 0 / 0                          │
│                               │                                │
│ Min balance                   │ 149.664 USDT                   │
│ Max balance                   │ 159.042 USDT                   │
│ Max % of account underwater   │ 5.90%                          │
│ Absolute drawdown             │ 9.378 USDT (5.90%)             │
│ Drawdown duration             │ 268 days 12:00:00              │
│ Profit at drawdown start      │ 9.042 USDT                     │
│ Profit at drawdown end        │ -0.336 USDT                    │
│ Drawdown start                │ 2025-07-22 12:00:00            │
│ Drawdown end                  │ 2026-04-17 00:00:00            │
│ Market change                 │ -16.15%                        │
└───────────────────────────────┴────────────────────────────────┘

Backtested 2025-04-24 00:00:00 -> 2026-04-17 00:00:00 | Max open trades : 2
                                                          STRATEGY SUMMARY                                                           
┏━━━━━━━━━━━┳━━━━━━━━┳━━━━━━━━━━━━━━┳━━━━━━━━━━━━━━━━━┳━━━━━━━━━━━━━━┳━━━━━━━━━━━━━━━━━┳━━━━━━━━━━━━━━━━━━━━━━━━┳━━━━━━━━━━━━━━━━━━━┓
┃  Strategy ┃ Trades ┃ Avg Profit % ┃ Tot Profit USDT ┃ Tot Profit % ┃    Avg Duration ┃  Win  Draw  Loss  Win% ┃          Drawdown ┃
┡━━━━━━━━━━━╇━━━━━━━━╇━━━━━━━━━━━━━━╇━━━━━━━━━━━━━━━━━╇━━━━━━━━━━━━━━╇━━━━━━━━━━━━━━━━━╇━━━━━━━━━━━━━━━━━━━━━━━━╇━━━━━━━━━━━━━━━━━━━┩
│ MultiMeee │      6 │         0.51 │           2.040 │         1.36 │ 2 days, 6:40:00 │    3     0     3  50.0 │ 9.378 USDT  5.90% │
└───────────┴────────┴──────────────┴─────────────────┴──────────────┴─────────────────┴────────────────────────┴───────────────────┘