2026-04-25 22:24:33,014 - freqtrade - INFO - freqtrade 2026.3
2026-04-25 22:24:34,039 - freqtrade.configuration.load_config - INFO - Using config: /home/mohs/Desktop/ae/pyside6/user_data/config.json ...
2026-04-25 22:24:34,041 - freqtrade.loggers - INFO - Enabling colorized output.
2026-04-25 22:24:34,041 - freqtrade.loggers - INFO - Logfile configured
2026-04-25 22:24:34,041 - freqtrade.loggers - INFO - Verbosity set to 0
2026-04-25 22:24:34,042 - freqtrade.configuration.configuration - INFO - Using additional Strategy lookup path: 
/home/mohs/Desktop/ae/pyside6/user_data/optimizer/sessions/00d5d57f-9960-4dcc-ac23-ec438d4ba9c3/trial_009/strategy_dir
2026-04-25 22:24:34,042 - freqtrade.configuration.configuration - WARNING - `force_entry_enable` RPC message enabled.
2026-04-25 22:24:34,042 - freqtrade.configuration.configuration - INFO - Parameter -i/--timeframe detected ... Using timeframe: 5m ...
2026-04-25 22:24:34,043 - freqtrade.configuration.configuration - INFO - Parameter --max-open-trades detected, overriding max_open_trades to: 3 ...
2026-04-25 22:24:34,043 - freqtrade.configuration.configuration - INFO - Parameter --dry-run-wallet detected, overriding dry_run_wallet to: 150.0 ...
2026-04-25 22:24:34,043 - freqtrade.configuration.configuration - INFO - Parameter --timerange detected: 20250422-20260417 ...
2026-04-25 22:24:34,043 - freqtrade.configuration.configuration - INFO - Using user-data directory: /home/mohs/Desktop/ae/pyside6/user_data ...
2026-04-25 22:24:34,044 - freqtrade.configuration.configuration - INFO - Using data directory: /home/mohs/Desktop/ae/pyside6/user_data/data/binance ...
2026-04-25 22:24:34,044 - freqtrade.configuration.configuration - INFO - Parameter --export detected: trades ...
2026-04-25 22:24:34,044 - freqtrade.configuration.configuration - INFO - Parameter --cache=day detected ...
2026-04-25 22:24:34,044 - freqtrade.configuration.configuration - INFO - Using pairs ['XRP/USDT', 'ETH/USDT', 'HOME/USDT']
2026-04-25 22:24:34,045 - freqtrade.configuration.configuration - INFO - Filter trades by timerange: 20250422-20260417
2026-04-25 22:24:34,045 - freqtrade.exchange.check_exchange - INFO - Checking exchange...
2026-04-25 22:24:34,051 - freqtrade.exchange.check_exchange - INFO - Exchange "binance" is officially supported by the Freqtrade development team.
2026-04-25 22:24:34,051 - freqtrade.configuration.config_validation - INFO - Validating configuration ...
2026-04-25 22:24:34,053 - freqtrade.commands.optimize_commands - INFO - Starting freqtrade in Backtesting mode
2026-04-25 22:24:34,054 - freqtrade.exchange.exchange - INFO - Instance is running with dry_run enabled
2026-04-25 22:24:34,054 - freqtrade.exchange.exchange - INFO - Using CCXT 4.5.50
2026-04-25 22:24:34,054 - freqtrade.exchange.exchange - INFO - Applying additional ccxt config: {'enableRateLimit': True, 'timeout': 120000}
2026-04-25 22:24:34,059 - freqtrade.exchange.exchange - INFO - Applying additional ccxt config: {'enableRateLimit': True, 'timeout': 120000}
2026-04-25 22:24:34,065 - freqtrade.exchange.exchange - INFO - Using Exchange "Binance"
2026-04-25 22:24:35,204 - freqtrade.resolvers.exchange_resolver - INFO - Using resolved exchange 'Binance'...
2026-04-25 22:24:35,212 - freqtrade.resolvers.iresolver - INFO - Using resolved strategy yes from 
'/home/mohs/Desktop/ae/pyside6/user_data/optimizer/sessions/00d5d57f-9960-4dcc-ac23-ec438d4ba9c3/trial_009/strategy_dir/yes.py'...
2026-04-25 22:24:35,212 - freqtrade.strategy.hyper - INFO - Loading parameters from file 
/home/mohs/Desktop/ae/pyside6/user_data/optimizer/sessions/00d5d57f-9960-4dcc-ac23-ec438d4ba9c3/trial_009/strategy_dir/yes.json
2026-04-25 22:24:35,213 - freqtrade.resolvers.strategy_resolver - INFO - Override strategy 'timeframe' with value from the configuration: 5m.
2026-04-25 22:24:35,213 - freqtrade.resolvers.strategy_resolver - INFO - Override strategy 'stake_currency' with value from the configuration: USDT.
2026-04-25 22:24:35,213 - freqtrade.resolvers.strategy_resolver - INFO - Override strategy 'stake_amount' with value from the configuration: unlimited.
2026-04-25 22:24:35,214 - freqtrade.resolvers.strategy_resolver - INFO - Override strategy 'use_exit_signal' with value from the configuration: True.
2026-04-25 22:24:35,214 - freqtrade.resolvers.strategy_resolver - INFO - Override strategy 'max_open_trades' with value from the configuration: 3.
2026-04-25 22:24:35,214 - freqtrade.resolvers.strategy_resolver - INFO - Strategy using minimal_roi: {'0': 0.8818751340810157, '13': 1.0690827794247548, '146': 0.579837045092117, '38': 
0.8257567549156954}
2026-04-25 22:24:35,214 - freqtrade.resolvers.strategy_resolver - INFO - Strategy using timeframe: 5m
2026-04-25 22:24:35,215 - freqtrade.resolvers.strategy_resolver - INFO - Strategy using stoploss: -0.4755864632646065
2026-04-25 22:24:35,215 - freqtrade.resolvers.strategy_resolver - INFO - Strategy using trailing_stop: False
2026-04-25 22:24:35,215 - freqtrade.resolvers.strategy_resolver - INFO - Strategy using trailing_stop_positive: 0.07216504636828641
2026-04-25 22:24:35,215 - freqtrade.resolvers.strategy_resolver - INFO - Strategy using trailing_stop_positive_offset: 0.6145512768406309
2026-04-25 22:24:35,216 - freqtrade.resolvers.strategy_resolver - INFO - Strategy using trailing_only_offset_is_reached: False
2026-04-25 22:24:35,216 - freqtrade.resolvers.strategy_resolver - INFO - Strategy using use_custom_stoploss: False
2026-04-25 22:24:35,216 - freqtrade.resolvers.strategy_resolver - INFO - Strategy using process_only_new_candles: True
2026-04-25 22:24:35,216 - freqtrade.resolvers.strategy_resolver - INFO - Strategy using order_types: {'entry': 'limit', 'exit': 'limit', 'stoploss': 'limit', 'stoploss_on_exchange': False, 
'stoploss_on_exchange_interval': 60}
2026-04-25 22:24:35,216 - freqtrade.resolvers.strategy_resolver - INFO - Strategy using order_time_in_force: {'entry': 'GTC', 'exit': 'GTC'}
2026-04-25 22:24:35,217 - freqtrade.resolvers.strategy_resolver - INFO - Strategy using stake_currency: USDT
2026-04-25 22:24:35,217 - freqtrade.resolvers.strategy_resolver - INFO - Strategy using stake_amount: unlimited
2026-04-25 22:24:35,217 - freqtrade.resolvers.strategy_resolver - INFO - Strategy using startup_candle_count: 0
2026-04-25 22:24:35,217 - freqtrade.resolvers.strategy_resolver - INFO - Strategy using use_exit_signal: True
2026-04-25 22:24:35,218 - freqtrade.resolvers.strategy_resolver - INFO - Strategy using exit_profit_only: False
2026-04-25 22:24:35,218 - freqtrade.resolvers.strategy_resolver - INFO - Strategy using ignore_roi_if_entry_signal: False
2026-04-25 22:24:35,218 - freqtrade.resolvers.strategy_resolver - INFO - Strategy using exit_profit_offset: 0.0
2026-04-25 22:24:35,218 - freqtrade.resolvers.strategy_resolver - INFO - Strategy using disable_dataframe_checks: False
2026-04-25 22:24:35,219 - freqtrade.resolvers.strategy_resolver - INFO - Strategy using ignore_buying_expired_candle_after: 0
2026-04-25 22:24:35,219 - freqtrade.resolvers.strategy_resolver - INFO - Strategy using position_adjustment_enable: False
2026-04-25 22:24:35,219 - freqtrade.resolvers.strategy_resolver - INFO - Strategy using max_entry_position_adjustment: -1
2026-04-25 22:24:35,219 - freqtrade.resolvers.strategy_resolver - INFO - Strategy using max_open_trades: 3
2026-04-25 22:24:35,220 - freqtrade.configuration.config_validation - INFO - Validating configuration ...
2026-04-25 22:24:35,223 - freqtrade.resolvers.iresolver - INFO - Using resolved pairlist StaticPairList from 
'/home/mohs/Desktop/ae/pyside6/.venv/lib/python3.12/site-packages/freqtrade/plugins/pairlist/StaticPairList.py'...
2026-04-25 22:24:35,235 - freqtrade.optimize.backtesting - INFO - Using fee 0.1000% - worst case fee from exchange (lowest tier).
2026-04-25 22:24:35,374 - freqtrade.data.history.datahandlers.idatahandler - WARNING - XRP/USDT, spot, 5m, data ends at 2026-04-11 01:45:00
2026-04-25 22:24:35,767 - freqtrade.data.history.datahandlers.idatahandler - WARNING - HOME/USDT, spot, 5m, data starts at 2025-06-12 15:00:00
2026-04-25 22:24:35,796 - freqtrade.optimize.backtesting - INFO - Loading data from 2025-04-22 00:00:00 up to 2026-04-17 00:00:00 (360 days).
2026-04-25 22:24:37,827 - freqtrade.optimize.backtesting - INFO - Dataload complete. Calculating indicators
2026-04-25 22:24:37,833 - freqtrade.optimize.backtesting - INFO - Running backtesting for Strategy yes
2026-04-25 22:24:37,834 - freqtrade.strategy.hyper - INFO - Strategy Parameter: buy_ma_count = 11
2026-04-25 22:24:37,834 - freqtrade.strategy.hyper - INFO - Strategy Parameter: buy_ma_gap = 46
2026-04-25 22:24:37,834 - freqtrade.strategy.hyper - INFO - Strategy Parameter: sell_ma_count = 10
2026-04-25 22:24:37,834 - freqtrade.strategy.hyper - INFO - Strategy Parameter: sell_ma_gap = 23
2026-04-25 22:24:37,953 - freqtrade.optimize.backtesting - INFO - Backtesting with data from 2025-04-22 00:00:00 up to 2026-04-17 00:00:00 (360 days).
/home/mohs/Desktop/ae/pyside6/.venv/lib/python3.12/site-packages/freqtrade/data/metrics.py:77: FutureWarning: The default fill_method='pad' in DataFrame.pct_change is deprecated and will be removed in a future version. Either fill in any non-leading NA values prior to calling pct_change or specify 'fill_method=None' to not fill NA values.
  rel_mean = df_comb.pct_change().mean(axis=1).fillna(0).cumsum()
2026-04-25 22:24:41,494 - freqtrade.misc - INFO - dumping json to "/home/mohs/Desktop/ae/pyside6/user_data/backtest_results/backtest-result-2026-04-25_22-24-41.meta.json"
Result for strategy yes
                                              BACKTESTING REPORT                                              
┏━━━━━━━━━━━┳━━━━━━━━┳━━━━━━━━━━━━━━┳━━━━━━━━━━━━━━━━━┳━━━━━━━━━━━━━━┳━━━━━━━━━━━━━━┳━━━━━━━━━━━━━━━━━━━━━━━━┓
┃      Pair ┃ Trades ┃ Avg Profit % ┃ Tot Profit USDT ┃ Tot Profit % ┃ Avg Duration ┃  Win  Draw  Loss  Win% ┃
┡━━━━━━━━━━━╇━━━━━━━━╇━━━━━━━━━━━━━━╇━━━━━━━━━━━━━━━━━╇━━━━━━━━━━━━━━╇━━━━━━━━━━━━━━╇━━━━━━━━━━━━━━━━━━━━━━━━┩
│  ETH/USDT │    218 │         -0.0 │          -0.698 │        -0.47 │      2:32:00 │   79     0   139  36.2 │
│  XRP/USDT │    214 │        -0.03 │          -2.629 │        -1.75 │      2:25:00 │   68     0   146  31.8 │
│ HOME/USDT │    207 │        -0.36 │         -33.559 │       -22.37 │      2:18:00 │   54     0   153  26.1 │
│     TOTAL │    639 │        -0.13 │         -36.886 │       -24.59 │      2:25:00 │  201     0   438  31.5 │
└───────────┴────────┴──────────────┴─────────────────┴──────────────┴──────────────┴────────────────────────┘
                                           LEFT OPEN TRADES REPORT                                            
┏━━━━━━━━━━━┳━━━━━━━━┳━━━━━━━━━━━━━━┳━━━━━━━━━━━━━━━━━┳━━━━━━━━━━━━━━┳━━━━━━━━━━━━━━┳━━━━━━━━━━━━━━━━━━━━━━━━┓
┃      Pair ┃ Trades ┃ Avg Profit % ┃ Tot Profit USDT ┃ Tot Profit % ┃ Avg Duration ┃  Win  Draw  Loss  Win% ┃
┡━━━━━━━━━━━╇━━━━━━━━╇━━━━━━━━━━━━━━╇━━━━━━━━━━━━━━━━━╇━━━━━━━━━━━━━━╇━━━━━━━━━━━━━━╇━━━━━━━━━━━━━━━━━━━━━━━━┩
│ HOME/USDT │      1 │        -1.25 │          -0.473 │        -0.32 │      2:20:00 │    0     0     1     0 │
│     TOTAL │      1 │        -1.25 │          -0.473 │        -0.32 │      2:20:00 │    0     0     1     0 │
└───────────┴────────┴──────────────┴─────────────────┴──────────────┴──────────────┴────────────────────────┘
                                                ENTER TAG STATS                                                
┏━━━━━━━━━━━┳━━━━━━━━━┳━━━━━━━━━━━━━━┳━━━━━━━━━━━━━━━━━┳━━━━━━━━━━━━━━┳━━━━━━━━━━━━━━┳━━━━━━━━━━━━━━━━━━━━━━━━┓
┃ Enter Tag ┃ Entries ┃ Avg Profit % ┃ Tot Profit USDT ┃ Tot Profit % ┃ Avg Duration ┃  Win  Draw  Loss  Win% ┃
┡━━━━━━━━━━━╇━━━━━━━━━╇━━━━━━━━━━━━━━╇━━━━━━━━━━━━━━━━━╇━━━━━━━━━━━━━━╇━━━━━━━━━━━━━━╇━━━━━━━━━━━━━━━━━━━━━━━━┩
│     OTHER │     639 │        -0.13 │         -36.886 │       -24.59 │      2:25:00 │  201     0   438  31.5 │
│     TOTAL │     639 │        -0.13 │         -36.886 │       -24.59 │      2:25:00 │  201     0   438  31.5 │
└───────────┴─────────┴──────────────┴─────────────────┴──────────────┴──────────────┴────────────────────────┘
                                               EXIT REASON STATS                                               
┏━━━━━━━━━━━━━┳━━━━━━━┳━━━━━━━━━━━━━━┳━━━━━━━━━━━━━━━━━┳━━━━━━━━━━━━━━┳━━━━━━━━━━━━━━┳━━━━━━━━━━━━━━━━━━━━━━━━┓
┃ Exit Reason ┃ Exits ┃ Avg Profit % ┃ Tot Profit USDT ┃ Tot Profit % ┃ Avg Duration ┃  Win  Draw  Loss  Win% ┃
┡━━━━━━━━━━━━━╇━━━━━━━╇━━━━━━━━━━━━━━╇━━━━━━━━━━━━━━━━━╇━━━━━━━━━━━━━━╇━━━━━━━━━━━━━━╇━━━━━━━━━━━━━━━━━━━━━━━━┩
│  force_exit │     1 │        -1.25 │          -0.473 │        -0.32 │      2:20:00 │    0     0     1     0 │
│ exit_signal │   638 │        -0.12 │         -36.413 │       -24.28 │      2:25:00 │  201     0   437  31.5 │
│       TOTAL │   639 │        -0.13 │         -36.886 │       -24.59 │      2:25:00 │  201     0   438  31.5 │
└─────────────┴───────┴──────────────┴─────────────────┴──────────────┴──────────────┴────────────────────────┘
                                                      MIXED TAG STATS                                                       
┏━━━━━━━━━━━┳━━━━━━━━━━━━━┳━━━━━━━━┳━━━━━━━━━━━━━━┳━━━━━━━━━━━━━━━━━┳━━━━━━━━━━━━━━┳━━━━━━━━━━━━━━┳━━━━━━━━━━━━━━━━━━━━━━━━┓
┃ Enter Tag ┃ Exit Reason ┃ Trades ┃ Avg Profit % ┃ Tot Profit USDT ┃ Tot Profit % ┃ Avg Duration ┃  Win  Draw  Loss  Win% ┃
┡━━━━━━━━━━━╇━━━━━━━━━━━━━╇━━━━━━━━╇━━━━━━━━━━━━━━╇━━━━━━━━━━━━━━━━━╇━━━━━━━━━━━━━━╇━━━━━━━━━━━━━━╇━━━━━━━━━━━━━━━━━━━━━━━━┩
│           │  force_exit │      1 │        -1.25 │          -0.473 │        -0.32 │      2:20:00 │    0     0     1     0 │
│           │ exit_signal │    638 │        -0.12 │         -36.413 │       -24.28 │      2:25:00 │  201     0   437  31.5 │
│     TOTAL │             │    639 │        -0.13 │         -36.886 │       -24.59 │      2:25:00 │  201     0   438  31.5 │
└───────────┴─────────────┴────────┴──────────────┴─────────────────┴──────────────┴──────────────┴────────────────────────┘
                         SUMMARY METRICS                          
┏━━━━━━━━━━━━━━━━━━━━━━━━━━━━━━━┳━━━━━━━━━━━━━━━━━━━━━━━━━━━━━━━━┓
┃ Metric                        ┃ Value                          ┃
┡━━━━━━━━━━━━━━━━━━━━━━━━━━━━━━━╇━━━━━━━━━━━━━━━━━━━━━━━━━━━━━━━━┩
│ Backtesting from              │ 2025-04-22 00:00:00            │
│ Backtesting to                │ 2026-04-17 00:00:00            │
│ Trading Mode                  │ Spot                           │
│ Max open trades               │ 3                              │
│                               │                                │
│ Total/Daily Avg Trades        │ 639 / 1.77                     │
│ Starting balance              │ 150 USDT                       │
│ Final balance                 │ 113.114 USDT                   │
│ Absolute profit               │ -36.886 USDT                   │
│ Total profit %                │ -24.59%                        │
│ CAGR %                        │ -24.89%                        │
│ Sortino                       │ -4.84                          │
│ Sharpe                        │ -2.63                          │
│ Calmar                        │ -4.72                          │
│ SQN                           │ -1.96                          │
│ Profit factor                 │ 0.79                           │
│ Expectancy (Ratio)            │ -0.06 (-0.15)                  │
│ Avg. daily profit             │ -0.102 USDT                    │
│ Avg. stake amount             │ 43.699 USDT                    │
│ Total trade volume            │ 55922.057 USDT                 │
│                               │                                │
│ Best Pair                     │ ETH/USDT -0.47%                │
│ Worst Pair                    │ HOME/USDT -22.37%              │
│ Best trade                    │ HOME/USDT 10.39%               │
│ Worst trade                   │ HOME/USDT -8.96%               │
│ Best day                      │ 4.569 USDT                     │
│ Worst day                     │ -5.017 USDT                    │
│ Days win/draw/lose            │ 84 / 116 / 156                 │
│ Min/Max/Avg. Duration Winners │ 0d 01:25 / 0d 08:05 / 0d 03:46 │
│ Min/Max/Avg. Duration Losers  │ 0d 00:05 / 0d 04:50 / 0d 01:48 │
│ Max Consecutive Wins / Loss   │ 5 / 14                         │
│ Rejected Entry signals        │ 0                              │
│ Entry/Exit Timeouts           │ 0 / 0                          │
│                               │                                │
│ Min balance                   │ 111.553 USDT                   │
│ Max balance                   │ 154.237 USDT                   │
│ Max % of account underwater   │ 27.67%                         │
│ Absolute drawdown             │ 42.683 USDT (27.67%)           │
│ Drawdown duration             │ 283 days 09:00:00              │
│ Profit at drawdown start      │ 4.237 USDT                     │
│ Profit at drawdown end        │ -38.447 USDT                   │
│ Drawdown start                │ 2025-06-24 00:35:00            │
│ Drawdown end                  │ 2026-04-03 09:35:00            │
│ Market change                 │ -10.52%                        │
└───────────────────────────────┴────────────────────────────────┘

Backtested 2025-04-22 00:00:00 -> 2026-04-17 00:00:00 | Max open trades : 3
                                                         STRATEGY SUMMARY                                                          
┏━━━━━━━━━━┳━━━━━━━━┳━━━━━━━━━━━━━━┳━━━━━━━━━━━━━━━━━┳━━━━━━━━━━━━━━┳━━━━━━━━━━━━━━┳━━━━━━━━━━━━━━━━━━━━━━━━┳━━━━━━━━━━━━━━━━━━━━━┓
┃ Strategy ┃ Trades ┃ Avg Profit % ┃ Tot Profit USDT ┃ Tot Profit % ┃ Avg Duration ┃  Win  Draw  Loss  Win% ┃            Drawdown ┃
┡━━━━━━━━━━╇━━━━━━━━╇━━━━━━━━━━━━━━╇━━━━━━━━━━━━━━━━━╇━━━━━━━━━━━━━━╇━━━━━━━━━━━━━━╇━━━━━━━━━━━━━━━━━━━━━━━━╇━━━━━━━━━━━━━━━━━━━━━┩
│      yes │    639 │        -0.13 │         -36.886 │       -24.59 │      2:25:00 │  201     0   438  31.5 │ 42.683 USDT  27.67% │
└──────────┴────────┴──────────────┴─────────────────┴──────────────┴──────────────┴────────────────────────┴─────────────────────┘