2026-04-25 22:45:37,921 - freqtrade - INFO - freqtrade 2026.3
2026-04-25 22:45:38,975 - freqtrade.configuration.load_config - INFO - Using config: /home/mohs/Desktop/ae/pyside6/user_data/config.json ...
2026-04-25 22:45:38,978 - freqtrade.loggers - INFO - Enabling colorized output.
2026-04-25 22:45:38,978 - freqtrade.loggers - INFO - Logfile configured
2026-04-25 22:45:38,978 - freqtrade.loggers - INFO - Verbosity set to 0
2026-04-25 22:45:38,978 - freqtrade.configuration.configuration - INFO - Using additional Strategy lookup path: 
/home/mohs/Desktop/ae/pyside6/user_data/optimizer/sessions/b8194b7f-3716-497e-8a17-833c28d4e223/trial_125/strategy_dir
2026-04-25 22:45:38,979 - freqtrade.configuration.configuration - WARNING - `force_entry_enable` RPC message enabled.
2026-04-25 22:45:38,979 - freqtrade.configuration.configuration - INFO - Parameter -i/--timeframe detected ... Using timeframe: 4h ...
2026-04-25 22:45:38,979 - freqtrade.configuration.configuration - INFO - Parameter --max-open-trades detected, overriding max_open_trades to: 3 ...
2026-04-25 22:45:38,979 - freqtrade.configuration.configuration - INFO - Parameter --dry-run-wallet detected, overriding dry_run_wallet to: 150.0 ...
2026-04-25 22:45:38,980 - freqtrade.configuration.configuration - INFO - Parameter --timerange detected: 20250422-20260417 ...
2026-04-25 22:45:38,980 - freqtrade.configuration.configuration - INFO - Using user-data directory: /home/mohs/Desktop/ae/pyside6/user_data ...
2026-04-25 22:45:38,980 - freqtrade.configuration.configuration - INFO - Using data directory: /home/mohs/Desktop/ae/pyside6/user_data/data/binance ...
2026-04-25 22:45:38,981 - freqtrade.configuration.configuration - INFO - Parameter --export detected: trades ...
2026-04-25 22:45:38,981 - freqtrade.configuration.configuration - INFO - Parameter --cache=day detected ...
2026-04-25 22:45:38,981 - freqtrade.configuration.configuration - INFO - Using pairs ['XRP/USDT', 'ETH/USDT', 'HOME/USDT']
2026-04-25 22:45:38,981 - freqtrade.configuration.configuration - INFO - Filter trades by timerange: 20250422-20260417
2026-04-25 22:45:38,982 - freqtrade.exchange.check_exchange - INFO - Checking exchange...
2026-04-25 22:45:38,988 - freqtrade.exchange.check_exchange - INFO - Exchange "binance" is officially supported by the Freqtrade development team.
2026-04-25 22:45:38,988 - freqtrade.configuration.config_validation - INFO - Validating configuration ...
2026-04-25 22:45:38,990 - freqtrade.commands.optimize_commands - INFO - Starting freqtrade in Backtesting mode
2026-04-25 22:45:38,991 - freqtrade.exchange.exchange - INFO - Instance is running with dry_run enabled
2026-04-25 22:45:38,991 - freqtrade.exchange.exchange - INFO - Using CCXT 4.5.50
2026-04-25 22:45:38,991 - freqtrade.exchange.exchange - INFO - Applying additional ccxt config: {'enableRateLimit': True, 'timeout': 120000}
2026-04-25 22:45:38,996 - freqtrade.exchange.exchange - INFO - Applying additional ccxt config: {'enableRateLimit': True, 'timeout': 120000}
2026-04-25 22:45:39,002 - freqtrade.exchange.exchange - INFO - Using Exchange "Binance"
2026-04-25 22:45:40,130 - freqtrade.resolvers.exchange_resolver - INFO - Using resolved exchange 'Binance'...
2026-04-25 22:45:40,138 - freqtrade.resolvers.iresolver - INFO - Using resolved strategy yes from 
'/home/mohs/Desktop/ae/pyside6/user_data/optimizer/sessions/b8194b7f-3716-497e-8a17-833c28d4e223/trial_125/strategy_dir/yes.py'...
2026-04-25 22:45:40,138 - freqtrade.strategy.hyper - INFO - Loading parameters from file 
/home/mohs/Desktop/ae/pyside6/user_data/optimizer/sessions/b8194b7f-3716-497e-8a17-833c28d4e223/trial_125/strategy_dir/yes.json
2026-04-25 22:45:40,139 - freqtrade.resolvers.strategy_resolver - INFO - Override strategy 'timeframe' with value from the configuration: 4h.
2026-04-25 22:45:40,139 - freqtrade.resolvers.strategy_resolver - INFO - Override strategy 'stake_currency' with value from the configuration: USDT.
2026-04-25 22:45:40,139 - freqtrade.resolvers.strategy_resolver - INFO - Override strategy 'stake_amount' with value from the configuration: unlimited.
2026-04-25 22:45:40,140 - freqtrade.resolvers.strategy_resolver - INFO - Override strategy 'use_exit_signal' with value from the configuration: True.
2026-04-25 22:45:40,140 - freqtrade.resolvers.strategy_resolver - INFO - Override strategy 'max_open_trades' with value from the configuration: 3.
2026-04-25 22:45:40,140 - freqtrade.resolvers.strategy_resolver - INFO - Strategy using minimal_roi: {'0': 1.55845434272841, '13': 0.6992777231904941, '146': 0.030236211524282346, '38': 
0.07669870091328704}
2026-04-25 22:45:40,141 - freqtrade.resolvers.strategy_resolver - INFO - Strategy using timeframe: 4h
2026-04-25 22:45:40,141 - freqtrade.resolvers.strategy_resolver - INFO - Strategy using stoploss: -0.9072468168710716
2026-04-25 22:45:40,141 - freqtrade.resolvers.strategy_resolver - INFO - Strategy using trailing_stop: False
2026-04-25 22:45:40,141 - freqtrade.resolvers.strategy_resolver - INFO - Strategy using trailing_stop_positive: 0.456167146233231
2026-04-25 22:45:40,142 - freqtrade.resolvers.strategy_resolver - INFO - Strategy using trailing_stop_positive_offset: 0.256183184017188
2026-04-25 22:45:40,142 - freqtrade.resolvers.strategy_resolver - INFO - Strategy using trailing_only_offset_is_reached: True
2026-04-25 22:45:40,142 - freqtrade.resolvers.strategy_resolver - INFO - Strategy using use_custom_stoploss: False
2026-04-25 22:45:40,142 - freqtrade.resolvers.strategy_resolver - INFO - Strategy using process_only_new_candles: True
2026-04-25 22:45:40,143 - freqtrade.resolvers.strategy_resolver - INFO - Strategy using order_types: {'entry': 'limit', 'exit': 'limit', 'stoploss': 'limit', 'stoploss_on_exchange': False, 
'stoploss_on_exchange_interval': 60}
2026-04-25 22:45:40,143 - freqtrade.resolvers.strategy_resolver - INFO - Strategy using order_time_in_force: {'entry': 'GTC', 'exit': 'GTC'}
2026-04-25 22:45:40,143 - freqtrade.resolvers.strategy_resolver - INFO - Strategy using stake_currency: USDT
2026-04-25 22:45:40,143 - freqtrade.resolvers.strategy_resolver - INFO - Strategy using stake_amount: unlimited
2026-04-25 22:45:40,144 - freqtrade.resolvers.strategy_resolver - INFO - Strategy using startup_candle_count: 0
2026-04-25 22:45:40,144 - freqtrade.resolvers.strategy_resolver - INFO - Strategy using use_exit_signal: True
2026-04-25 22:45:40,144 - freqtrade.resolvers.strategy_resolver - INFO - Strategy using exit_profit_only: False
2026-04-25 22:45:40,145 - freqtrade.resolvers.strategy_resolver - INFO - Strategy using ignore_roi_if_entry_signal: False
2026-04-25 22:45:40,145 - freqtrade.resolvers.strategy_resolver - INFO - Strategy using exit_profit_offset: 0.0
2026-04-25 22:45:40,145 - freqtrade.resolvers.strategy_resolver - INFO - Strategy using disable_dataframe_checks: False
2026-04-25 22:45:40,145 - freqtrade.resolvers.strategy_resolver - INFO - Strategy using ignore_buying_expired_candle_after: 0
2026-04-25 22:45:40,146 - freqtrade.resolvers.strategy_resolver - INFO - Strategy using position_adjustment_enable: False
2026-04-25 22:45:40,146 - freqtrade.resolvers.strategy_resolver - INFO - Strategy using max_entry_position_adjustment: -1
2026-04-25 22:45:40,146 - freqtrade.resolvers.strategy_resolver - INFO - Strategy using max_open_trades: 3
2026-04-25 22:45:40,146 - freqtrade.configuration.config_validation - INFO - Validating configuration ...
2026-04-25 22:45:40,150 - freqtrade.resolvers.iresolver - INFO - Using resolved pairlist StaticPairList from 
'/home/mohs/Desktop/ae/pyside6/.venv/lib/python3.12/site-packages/freqtrade/plugins/pairlist/StaticPairList.py'...
2026-04-25 22:45:40,162 - freqtrade.optimize.backtesting - INFO - Using fee 0.1000% - worst case fee from exchange (lowest tier).
2026-04-25 22:45:40,196 - freqtrade.data.history.datahandlers.idatahandler - WARNING - HOME/USDT, spot, 4h, data starts at 2025-06-12 12:00:00
2026-04-25 22:45:40,204 - freqtrade.optimize.backtesting - INFO - Loading data from 2025-04-22 00:00:00 up to 2026-04-17 00:00:00 (360 days).
2026-04-25 22:45:40,258 - freqtrade.optimize.backtesting - INFO - Dataload complete. Calculating indicators
2026-04-25 22:45:40,267 - freqtrade.optimize.backtesting - INFO - Running backtesting for Strategy yes
2026-04-25 22:45:40,268 - freqtrade.strategy.hyper - INFO - Strategy Parameter: buy_ma_count = 5
2026-04-25 22:45:40,268 - freqtrade.strategy.hyper - INFO - Strategy Parameter: buy_ma_gap = 8
2026-04-25 22:45:40,268 - freqtrade.strategy.hyper - INFO - Strategy Parameter: sell_ma_count = 12
2026-04-25 22:45:40,269 - freqtrade.strategy.hyper - INFO - Strategy Parameter: sell_ma_gap = 45
2026-04-25 22:45:40,278 - freqtrade.optimize.backtesting - INFO - Backtesting with data from 2025-04-22 00:00:00 up to 2026-04-17 00:00:00 (360 days).
2026-04-25 22:45:40,876 - freqtrade.misc - INFO - dumping json to "/home/mohs/Desktop/ae/pyside6/user_data/backtest_results/backtest-result-2026-04-25_22-45-40.meta.json"
Result for strategy yes
                                                BACKTESTING REPORT                                                
┏━━━━━━━━━━━┳━━━━━━━━┳━━━━━━━━━━━━━━┳━━━━━━━━━━━━━━━━━┳━━━━━━━━━━━━━━┳━━━━━━━━━━━━━━━━━━┳━━━━━━━━━━━━━━━━━━━━━━━━┓
┃      Pair ┃ Trades ┃ Avg Profit % ┃ Tot Profit USDT ┃ Tot Profit % ┃     Avg Duration ┃  Win  Draw  Loss  Win% ┃
┡━━━━━━━━━━━╇━━━━━━━━╇━━━━━━━━━━━━━━╇━━━━━━━━━━━━━━━━━╇━━━━━━━━━━━━━━╇━━━━━━━━━━━━━━━━━━╇━━━━━━━━━━━━━━━━━━━━━━━━┩
│ HOME/USDT │     16 │         1.55 │          13.007 │         8.67 │  1 day, 15:30:00 │   13     0     3  81.2 │
│  ETH/USDT │     16 │         1.25 │           9.732 │         6.49 │ 2 days, 12:45:00 │   12     0     4  75.0 │
│  XRP/USDT │     16 │        -0.26 │          -2.026 │        -1.35 │ 3 days, 17:45:00 │   11     0     5  68.8 │
│     TOTAL │     48 │         0.85 │          20.713 │        13.81 │ 2 days, 15:20:00 │   36     0    12  75.0 │
└───────────┴────────┴──────────────┴─────────────────┴──────────────┴──────────────────┴────────────────────────┘
                                             LEFT OPEN TRADES REPORT                                             
┏━━━━━━━━━━┳━━━━━━━━┳━━━━━━━━━━━━━━┳━━━━━━━━━━━━━━━━━┳━━━━━━━━━━━━━━┳━━━━━━━━━━━━━━━━━━┳━━━━━━━━━━━━━━━━━━━━━━━━┓
┃     Pair ┃ Trades ┃ Avg Profit % ┃ Tot Profit USDT ┃ Tot Profit % ┃     Avg Duration ┃  Win  Draw  Loss  Win% ┃
┡━━━━━━━━━━╇━━━━━━━━╇━━━━━━━━━━━━━━╇━━━━━━━━━━━━━━━━━╇━━━━━━━━━━━━━━╇━━━━━━━━━━━━━━━━━━╇━━━━━━━━━━━━━━━━━━━━━━━━┩
│ XRP/USDT │      1 │        -0.98 │          -0.564 │        -0.38 │          4:00:00 │    0     0     1     0 │
│ ETH/USDT │      1 │        -1.45 │          -0.821 │        -0.55 │ 2 days, 16:00:00 │    0     0     1     0 │
│    TOTAL │      2 │        -1.22 │          -1.384 │        -0.92 │  1 day, 10:00:00 │    0     0     2     0 │
└──────────┴────────┴──────────────┴─────────────────┴──────────────┴──────────────────┴────────────────────────┘
                                                  ENTER TAG STATS                                                  
┏━━━━━━━━━━━┳━━━━━━━━━┳━━━━━━━━━━━━━━┳━━━━━━━━━━━━━━━━━┳━━━━━━━━━━━━━━┳━━━━━━━━━━━━━━━━━━┳━━━━━━━━━━━━━━━━━━━━━━━━┓
┃ Enter Tag ┃ Entries ┃ Avg Profit % ┃ Tot Profit USDT ┃ Tot Profit % ┃     Avg Duration ┃  Win  Draw  Loss  Win% ┃
┡━━━━━━━━━━━╇━━━━━━━━━╇━━━━━━━━━━━━━━╇━━━━━━━━━━━━━━━━━╇━━━━━━━━━━━━━━╇━━━━━━━━━━━━━━━━━━╇━━━━━━━━━━━━━━━━━━━━━━━━┩
│     OTHER │      48 │         0.85 │          20.713 │        13.81 │ 2 days, 15:20:00 │   36     0    12  75.0 │
│     TOTAL │      48 │         0.85 │          20.713 │        13.81 │ 2 days, 15:20:00 │   36     0    12  75.0 │
└───────────┴─────────┴──────────────┴─────────────────┴──────────────┴──────────────────┴────────────────────────┘
                                                 EXIT REASON STATS                                                 
┏━━━━━━━━━━━━━┳━━━━━━━┳━━━━━━━━━━━━━━┳━━━━━━━━━━━━━━━━━┳━━━━━━━━━━━━━━┳━━━━━━━━━━━━━━━━━━┳━━━━━━━━━━━━━━━━━━━━━━━━┓
┃ Exit Reason ┃ Exits ┃ Avg Profit % ┃ Tot Profit USDT ┃ Tot Profit % ┃     Avg Duration ┃  Win  Draw  Loss  Win% ┃
┡━━━━━━━━━━━━━╇━━━━━━━╇━━━━━━━━━━━━━━╇━━━━━━━━━━━━━━━━━╇━━━━━━━━━━━━━━╇━━━━━━━━━━━━━━━━━━╇━━━━━━━━━━━━━━━━━━━━━━━━┩
│         roi │    36 │         3.07 │          58.362 │        38.91 │  1 day, 18:40:00 │   36     0     0   100 │
│  force_exit │     2 │        -1.22 │          -1.384 │        -0.92 │  1 day, 10:00:00 │    0     0     2     0 │
│ exit_signal │    10 │        -6.72 │         -36.265 │       -24.18 │ 5 days, 23:36:00 │    0     0    10     0 │
│       TOTAL │    48 │         0.85 │          20.713 │        13.81 │ 2 days, 15:20:00 │   36     0    12  75.0 │
└─────────────┴───────┴──────────────┴─────────────────┴──────────────┴──────────────────┴────────────────────────┘
                                                        MIXED TAG STATS                                                         
┏━━━━━━━━━━━┳━━━━━━━━━━━━━┳━━━━━━━━┳━━━━━━━━━━━━━━┳━━━━━━━━━━━━━━━━━┳━━━━━━━━━━━━━━┳━━━━━━━━━━━━━━━━━━┳━━━━━━━━━━━━━━━━━━━━━━━━┓
┃ Enter Tag ┃ Exit Reason ┃ Trades ┃ Avg Profit % ┃ Tot Profit USDT ┃ Tot Profit % ┃     Avg Duration ┃  Win  Draw  Loss  Win% ┃
┡━━━━━━━━━━━╇━━━━━━━━━━━━━╇━━━━━━━━╇━━━━━━━━━━━━━━╇━━━━━━━━━━━━━━━━━╇━━━━━━━━━━━━━━╇━━━━━━━━━━━━━━━━━━╇━━━━━━━━━━━━━━━━━━━━━━━━┩
│           │         roi │     36 │         3.07 │          58.362 │        38.91 │  1 day, 18:40:00 │   36     0     0   100 │
│           │  force_exit │      2 │        -1.22 │          -1.384 │        -0.92 │  1 day, 10:00:00 │    0     0     2     0 │
│           │ exit_signal │     10 │        -6.72 │         -36.265 │       -24.18 │ 5 days, 23:36:00 │    0     0    10     0 │
│     TOTAL │             │     48 │         0.85 │          20.713 │        13.81 │ 2 days, 15:20:00 │   36     0    12  75.0 │
└───────────┴─────────────┴────────┴──────────────┴─────────────────┴──────────────┴──────────────────┴────────────────────────┘
                          SUMMARY METRICS                          
┏━━━━━━━━━━━━━━━━━━━━━━━━━━━━━━━┳━━━━━━━━━━━━━━━━━━━━━━━━━━━━━━━━━┓
┃ Metric                        ┃ Value                           ┃
┡━━━━━━━━━━━━━━━━━━━━━━━━━━━━━━━╇━━━━━━━━━━━━━━━━━━━━━━━━━━━━━━━━━┩
│ Backtesting from              │ 2025-04-22 00:00:00             │
│ Backtesting to                │ 2026-04-17 00:00:00             │
│ Trading Mode                  │ Spot                            │
│ Max open trades               │ 3                               │
│                               │                                 │
│ Total/Daily Avg Trades        │ 48 / 0.13                       │
│ Starting balance              │ 150 USDT                        │
│ Final balance                 │ 170.713 USDT                    │
│ Absolute profit               │ 20.713 USDT                     │
│ Total profit %                │ 13.81%                          │
│ CAGR %                        │ 14.01%                          │
│ Sortino                       │ 0.47                            │
│ Sharpe                        │ 0.46                            │
│ Calmar                        │ 7.80                            │
│ SQN                           │ 1.24                            │
│ Profit factor                 │ 1.55                            │
│ Expectancy (Ratio)            │ 0.43 (0.14)                     │
│ Avg. daily profit             │ 0.058 USDT                      │
│ Avg. stake amount             │ 53.322 USDT                     │
│ Total trade volume            │ 5149.877 USDT                   │
│                               │                                 │
│ Best Pair                     │ HOME/USDT 8.67%                 │
│ Worst Pair                    │ XRP/USDT -1.35%                 │
│ Best trade                    │ XRP/USDT 4.52%                  │
│ Worst trade                   │ XRP/USDT -19.14%                │
│ Best day                      │ 8.961 USDT                      │
│ Worst day                     │ -9.635 USDT                     │
│ Days win/draw/lose            │ 22 / 306 / 11                   │
│ Min/Max/Avg. Duration Winners │ 0d 04:00 / 8d 16:00 / 1d 18:40  │
│ Min/Max/Avg. Duration Losers  │ 0d 04:00 / 30d 12:00 / 5d 05:20 │
│ Max Consecutive Wins / Loss   │ 22 / 3                          │
│ Rejected Entry signals        │ 0                               │
│ Entry/Exit Timeouts           │ 0 / 0                           │
│                               │                                 │
│ Min balance                   │ 140.057 USDT                    │
│ Max balance                   │ 178.624 USDT                    │
│ Max % of account underwater   │ 9.39%                           │
│ Absolute drawdown             │ 14.516 USDT (9.39%)             │
│ Drawdown duration             │ 30 days 04:00:00                │
│ Profit at drawdown start      │ 4.573 USDT                      │
│ Profit at drawdown end        │ -9.943 USDT                     │
│ Drawdown start                │ 2025-05-29 00:00:00             │
│ Drawdown end                  │ 2025-06-28 04:00:00             │
│ Market change                 │ -9.22%                          │
└───────────────────────────────┴─────────────────────────────────┘

Backtested 2025-04-22 00:00:00 -> 2026-04-17 00:00:00 | Max open trades : 3
                                                           STRATEGY SUMMARY                                                           
┏━━━━━━━━━━┳━━━━━━━━┳━━━━━━━━━━━━━━┳━━━━━━━━━━━━━━━━━┳━━━━━━━━━━━━━━┳━━━━━━━━━━━━━━━━━━┳━━━━━━━━━━━━━━━━━━━━━━━━┳━━━━━━━━━━━━━━━━━━━━┓
┃ Strategy ┃ Trades ┃ Avg Profit % ┃ Tot Profit USDT ┃ Tot Profit % ┃     Avg Duration ┃  Win  Draw  Loss  Win% ┃           Drawdown ┃
┡━━━━━━━━━━╇━━━━━━━━╇━━━━━━━━━━━━━━╇━━━━━━━━━━━━━━━━━╇━━━━━━━━━━━━━━╇━━━━━━━━━━━━━━━━━━╇━━━━━━━━━━━━━━━━━━━━━━━━╇━━━━━━━━━━━━━━━━━━━━┩
│      yes │     48 │         0.85 │          20.713 │        13.81 │ 2 days, 15:20:00 │   36     0    12  75.0 │ 14.516 USDT  9.39% │
└──────────┴────────┴──────────────┴─────────────────┴──────────────┴──────────────────┴────────────────────────┴────────────────────┘