2026-04-25 21:47:32,845 - freqtrade - INFO - freqtrade 2026.3
2026-04-25 21:47:33,900 - freqtrade.configuration.load_config - INFO - Using config: /home/mohs/Desktop/ae/pyside6/user_data/config.json ...
2026-04-25 21:47:33,903 - freqtrade.loggers - INFO - Enabling colorized output.
2026-04-25 21:47:33,903 - freqtrade.loggers - INFO - Logfile configured
2026-04-25 21:47:33,903 - freqtrade.loggers - INFO - Verbosity set to 0
2026-04-25 21:47:33,904 - freqtrade.configuration.configuration - INFO - Using additional Strategy lookup path: 
/home/mohs/Desktop/ae/pyside6/user_data/optimizer/sessions/cc004eff-0936-4112-8326-b124d8af6fd9/trial_033/strategy_dir
2026-04-25 21:47:33,904 - freqtrade.configuration.configuration - WARNING - `force_entry_enable` RPC message enabled.
2026-04-25 21:47:33,904 - freqtrade.configuration.configuration - INFO - Parameter -i/--timeframe detected ... Using timeframe: 5m ...
2026-04-25 21:47:33,904 - freqtrade.configuration.configuration - INFO - Parameter --max-open-trades detected, overriding max_open_trades to: 3 ...
2026-04-25 21:47:33,905 - freqtrade.configuration.configuration - INFO - Parameter --dry-run-wallet detected, overriding dry_run_wallet to: 150.0 ...
2026-04-25 21:47:33,905 - freqtrade.configuration.configuration - INFO - Parameter --timerange detected: 20250422-20260417 ...
2026-04-25 21:47:33,905 - freqtrade.configuration.configuration - INFO - Using user-data directory: /home/mohs/Desktop/ae/pyside6/user_data ...
2026-04-25 21:47:33,906 - freqtrade.configuration.configuration - INFO - Using data directory: /home/mohs/Desktop/ae/pyside6/user_data/data/binance ...
2026-04-25 21:47:33,906 - freqtrade.configuration.configuration - INFO - Parameter --export detected: trades ...
2026-04-25 21:47:33,906 - freqtrade.configuration.configuration - INFO - Parameter --cache=day detected ...
2026-04-25 21:47:33,907 - freqtrade.configuration.configuration - INFO - Using pairs ['XRP/USDT', 'ETH/USDT', 'HOME/USDT']
2026-04-25 21:47:33,907 - freqtrade.configuration.configuration - INFO - Filter trades by timerange: 20250422-20260417
2026-04-25 21:47:33,907 - freqtrade.exchange.check_exchange - INFO - Checking exchange...
2026-04-25 21:47:33,913 - freqtrade.exchange.check_exchange - INFO - Exchange "binance" is officially supported by the Freqtrade development team.
2026-04-25 21:47:33,913 - freqtrade.configuration.config_validation - INFO - Validating configuration ...
2026-04-25 21:47:33,915 - freqtrade.commands.optimize_commands - INFO - Starting freqtrade in Backtesting mode
2026-04-25 21:47:33,916 - freqtrade.exchange.exchange - INFO - Instance is running with dry_run enabled
2026-04-25 21:47:33,916 - freqtrade.exchange.exchange - INFO - Using CCXT 4.5.50
2026-04-25 21:47:33,916 - freqtrade.exchange.exchange - INFO - Applying additional ccxt config: {'enableRateLimit': True, 'timeout': 120000}
2026-04-25 21:47:33,921 - freqtrade.exchange.exchange - INFO - Applying additional ccxt config: {'enableRateLimit': True, 'timeout': 120000}
2026-04-25 21:47:33,927 - freqtrade.exchange.exchange - INFO - Using Exchange "Binance"
2026-04-25 21:47:35,114 - freqtrade.resolvers.exchange_resolver - INFO - Using resolved exchange 'Binance'...
2026-04-25 21:47:35,122 - freqtrade.resolvers.iresolver - INFO - Using resolved strategy yes from 
'/home/mohs/Desktop/ae/pyside6/user_data/optimizer/sessions/cc004eff-0936-4112-8326-b124d8af6fd9/trial_033/strategy_dir/yes.py'...
2026-04-25 21:47:35,123 - freqtrade.strategy.hyper - INFO - Loading parameters from file 
/home/mohs/Desktop/ae/pyside6/user_data/optimizer/sessions/cc004eff-0936-4112-8326-b124d8af6fd9/trial_033/strategy_dir/yes.json
2026-04-25 21:47:35,123 - freqtrade.resolvers.strategy_resolver - INFO - Override strategy 'timeframe' with value from the configuration: 5m.
2026-04-25 21:47:35,124 - freqtrade.resolvers.strategy_resolver - INFO - Override strategy 'stake_currency' with value from the configuration: USDT.
2026-04-25 21:47:35,124 - freqtrade.resolvers.strategy_resolver - INFO - Override strategy 'stake_amount' with value from the configuration: unlimited.
2026-04-25 21:47:35,124 - freqtrade.resolvers.strategy_resolver - INFO - Override strategy 'use_exit_signal' with value from the configuration: True.
2026-04-25 21:47:35,124 - freqtrade.resolvers.strategy_resolver - INFO - Override strategy 'max_open_trades' with value from the configuration: 3.
2026-04-25 21:47:35,125 - freqtrade.resolvers.strategy_resolver - INFO - Strategy using minimal_roi: {'0': 1.2725689338169388, '13': 1.8293752540676604, '146': 0.44870418408986673, '38': 
0.1268784375675132}
2026-04-25 21:47:35,125 - freqtrade.resolvers.strategy_resolver - INFO - Strategy using timeframe: 5m
2026-04-25 21:47:35,125 - freqtrade.resolvers.strategy_resolver - INFO - Strategy using stoploss: -0.6816719134100826
2026-04-25 21:47:35,126 - freqtrade.resolvers.strategy_resolver - INFO - Strategy using trailing_stop: False
2026-04-25 21:47:35,126 - freqtrade.resolvers.strategy_resolver - INFO - Strategy using trailing_stop_positive: 0.15128715448374586
2026-04-25 21:47:35,126 - freqtrade.resolvers.strategy_resolver - INFO - Strategy using trailing_stop_positive_offset: 0.08403992488371877
2026-04-25 21:47:35,126 - freqtrade.resolvers.strategy_resolver - INFO - Strategy using trailing_only_offset_is_reached: True
2026-04-25 21:47:35,126 - freqtrade.resolvers.strategy_resolver - INFO - Strategy using use_custom_stoploss: False
2026-04-25 21:47:35,127 - freqtrade.resolvers.strategy_resolver - INFO - Strategy using process_only_new_candles: True
2026-04-25 21:47:35,127 - freqtrade.resolvers.strategy_resolver - INFO - Strategy using order_types: {'entry': 'limit', 'exit': 'limit', 'stoploss': 'limit', 'stoploss_on_exchange': False, 
'stoploss_on_exchange_interval': 60}
2026-04-25 21:47:35,127 - freqtrade.resolvers.strategy_resolver - INFO - Strategy using order_time_in_force: {'entry': 'GTC', 'exit': 'GTC'}
2026-04-25 21:47:35,127 - freqtrade.resolvers.strategy_resolver - INFO - Strategy using stake_currency: USDT
2026-04-25 21:47:35,128 - freqtrade.resolvers.strategy_resolver - INFO - Strategy using stake_amount: unlimited
2026-04-25 21:47:35,128 - freqtrade.resolvers.strategy_resolver - INFO - Strategy using startup_candle_count: 0
2026-04-25 21:47:35,128 - freqtrade.resolvers.strategy_resolver - INFO - Strategy using use_exit_signal: True
2026-04-25 21:47:35,128 - freqtrade.resolvers.strategy_resolver - INFO - Strategy using exit_profit_only: False
2026-04-25 21:47:35,129 - freqtrade.resolvers.strategy_resolver - INFO - Strategy using ignore_roi_if_entry_signal: False
2026-04-25 21:47:35,129 - freqtrade.resolvers.strategy_resolver - INFO - Strategy using exit_profit_offset: 0.0
2026-04-25 21:47:35,129 - freqtrade.resolvers.strategy_resolver - INFO - Strategy using disable_dataframe_checks: False
2026-04-25 21:47:35,129 - freqtrade.resolvers.strategy_resolver - INFO - Strategy using ignore_buying_expired_candle_after: 0
2026-04-25 21:47:35,130 - freqtrade.resolvers.strategy_resolver - INFO - Strategy using position_adjustment_enable: False
2026-04-25 21:47:35,130 - freqtrade.resolvers.strategy_resolver - INFO - Strategy using max_entry_position_adjustment: -1
2026-04-25 21:47:35,130 - freqtrade.resolvers.strategy_resolver - INFO - Strategy using max_open_trades: 3
2026-04-25 21:47:35,130 - freqtrade.configuration.config_validation - INFO - Validating configuration ...
2026-04-25 21:47:35,134 - freqtrade.resolvers.iresolver - INFO - Using resolved pairlist StaticPairList from 
'/home/mohs/Desktop/ae/pyside6/.venv/lib/python3.12/site-packages/freqtrade/plugins/pairlist/StaticPairList.py'...
2026-04-25 21:47:35,147 - freqtrade.optimize.backtesting - INFO - Using fee 0.1000% - worst case fee from exchange (lowest tier).
2026-04-25 21:47:35,289 - freqtrade.data.history.datahandlers.idatahandler - WARNING - XRP/USDT, spot, 5m, data ends at 2026-04-11 01:45:00
2026-04-25 21:47:35,692 - freqtrade.data.history.datahandlers.idatahandler - WARNING - HOME/USDT, spot, 5m, data starts at 2025-06-12 15:00:00
2026-04-25 21:47:35,721 - freqtrade.optimize.backtesting - INFO - Loading data from 2025-04-22 00:00:00 up to 2026-04-17 00:00:00 (360 days).
2026-04-25 21:47:37,772 - freqtrade.optimize.backtesting - INFO - Dataload complete. Calculating indicators
2026-04-25 21:47:37,777 - freqtrade.optimize.backtesting - INFO - Running backtesting for Strategy yes
2026-04-25 21:47:37,778 - freqtrade.strategy.hyper - INFO - Strategy Parameter: buy_ma_count = 12
2026-04-25 21:47:37,778 - freqtrade.strategy.hyper - INFO - Strategy Parameter: buy_ma_gap = 32
2026-04-25 21:47:37,778 - freqtrade.strategy.hyper - INFO - Strategy Parameter: sell_ma_count = 17
2026-04-25 21:47:37,779 - freqtrade.strategy.hyper - INFO - Strategy Parameter: sell_ma_gap = 46
2026-04-25 21:47:38,045 - freqtrade.optimize.backtesting - INFO - Backtesting with data from 2025-04-22 00:00:00 up to 2026-04-17 00:00:00 (360 days).
/home/mohs/Desktop/ae/pyside6/.venv/lib/python3.12/site-packages/freqtrade/data/metrics.py:77: FutureWarning: The default fill_method='pad' in DataFrame.pct_change is deprecated and will be removed in a future version. Either fill in any non-leading NA values prior to calling pct_change or specify 'fill_method=None' to not fill NA values.
  rel_mean = df_comb.pct_change().mean(axis=1).fillna(0).cumsum()
2026-04-25 21:47:41,242 - freqtrade.misc - INFO - dumping json to "/home/mohs/Desktop/ae/pyside6/user_data/backtest_results/backtest-result-2026-04-25_21-47-41.meta.json"
Result for strategy yes
                                              BACKTESTING REPORT                                              
┏━━━━━━━━━━━┳━━━━━━━━┳━━━━━━━━━━━━━━┳━━━━━━━━━━━━━━━━━┳━━━━━━━━━━━━━━┳━━━━━━━━━━━━━━┳━━━━━━━━━━━━━━━━━━━━━━━━┓
┃      Pair ┃ Trades ┃ Avg Profit % ┃ Tot Profit USDT ┃ Tot Profit % ┃ Avg Duration ┃  Win  Draw  Loss  Win% ┃
┡━━━━━━━━━━━╇━━━━━━━━╇━━━━━━━━━━━━━━╇━━━━━━━━━━━━━━━━━╇━━━━━━━━━━━━━━╇━━━━━━━━━━━━━━╇━━━━━━━━━━━━━━━━━━━━━━━━┩
│  XRP/USDT │    153 │         0.03 │           1.788 │         1.19 │      2:16:00 │   54     0    99  35.3 │
│  ETH/USDT │    156 │        -0.03 │          -2.888 │        -1.93 │      2:23:00 │   54     0   102  34.6 │
│ HOME/USDT │    150 │        -0.45 │         -30.670 │       -20.45 │      1:59:00 │   34     0   116  22.7 │
│     TOTAL │    459 │        -0.15 │         -31.770 │       -21.18 │      2:13:00 │  142     0   317  30.9 │
└───────────┴────────┴──────────────┴─────────────────┴──────────────┴──────────────┴────────────────────────┘
                                           LEFT OPEN TRADES REPORT                                            
┏━━━━━━━━━━━┳━━━━━━━━┳━━━━━━━━━━━━━━┳━━━━━━━━━━━━━━━━━┳━━━━━━━━━━━━━━┳━━━━━━━━━━━━━━┳━━━━━━━━━━━━━━━━━━━━━━━━┓
┃      Pair ┃ Trades ┃ Avg Profit % ┃ Tot Profit USDT ┃ Tot Profit % ┃ Avg Duration ┃  Win  Draw  Loss  Win% ┃
┡━━━━━━━━━━━╇━━━━━━━━╇━━━━━━━━━━━━━━╇━━━━━━━━━━━━━━━━━╇━━━━━━━━━━━━━━╇━━━━━━━━━━━━━━╇━━━━━━━━━━━━━━━━━━━━━━━━┩
│ HOME/USDT │      1 │        -0.88 │          -0.350 │        -0.23 │      2:10:00 │    0     0     1     0 │
│     TOTAL │      1 │        -0.88 │          -0.350 │        -0.23 │      2:10:00 │    0     0     1     0 │
└───────────┴────────┴──────────────┴─────────────────┴──────────────┴──────────────┴────────────────────────┘
                                                ENTER TAG STATS                                                
┏━━━━━━━━━━━┳━━━━━━━━━┳━━━━━━━━━━━━━━┳━━━━━━━━━━━━━━━━━┳━━━━━━━━━━━━━━┳━━━━━━━━━━━━━━┳━━━━━━━━━━━━━━━━━━━━━━━━┓
┃ Enter Tag ┃ Entries ┃ Avg Profit % ┃ Tot Profit USDT ┃ Tot Profit % ┃ Avg Duration ┃  Win  Draw  Loss  Win% ┃
┡━━━━━━━━━━━╇━━━━━━━━━╇━━━━━━━━━━━━━━╇━━━━━━━━━━━━━━━━━╇━━━━━━━━━━━━━━╇━━━━━━━━━━━━━━╇━━━━━━━━━━━━━━━━━━━━━━━━┩
│     OTHER │     459 │        -0.15 │         -31.770 │       -21.18 │      2:13:00 │  142     0   317  30.9 │
│     TOTAL │     459 │        -0.15 │         -31.770 │       -21.18 │      2:13:00 │  142     0   317  30.9 │
└───────────┴─────────┴──────────────┴─────────────────┴──────────────┴──────────────┴────────────────────────┘
                                               EXIT REASON STATS                                               
┏━━━━━━━━━━━━━┳━━━━━━━┳━━━━━━━━━━━━━━┳━━━━━━━━━━━━━━━━━┳━━━━━━━━━━━━━━┳━━━━━━━━━━━━━━┳━━━━━━━━━━━━━━━━━━━━━━━━┓
┃ Exit Reason ┃ Exits ┃ Avg Profit % ┃ Tot Profit USDT ┃ Tot Profit % ┃ Avg Duration ┃  Win  Draw  Loss  Win% ┃
┡━━━━━━━━━━━━━╇━━━━━━━╇━━━━━━━━━━━━━━╇━━━━━━━━━━━━━━━━━╇━━━━━━━━━━━━━━╇━━━━━━━━━━━━━━╇━━━━━━━━━━━━━━━━━━━━━━━━┩
│         roi │     2 │        12.68 │          11.467 │         7.64 │      1:18:00 │    2     0     0   100 │
│  force_exit │     1 │        -0.88 │          -0.350 │        -0.23 │      2:10:00 │    0     0     1     0 │
│ exit_signal │   456 │         -0.2 │         -42.887 │       -28.59 │      2:13:00 │  140     0   316  30.7 │
│       TOTAL │   459 │        -0.15 │         -31.770 │       -21.18 │      2:13:00 │  142     0   317  30.9 │
└─────────────┴───────┴──────────────┴─────────────────┴──────────────┴──────────────┴────────────────────────┘
                                                      MIXED TAG STATS                                                       
┏━━━━━━━━━━━┳━━━━━━━━━━━━━┳━━━━━━━━┳━━━━━━━━━━━━━━┳━━━━━━━━━━━━━━━━━┳━━━━━━━━━━━━━━┳━━━━━━━━━━━━━━┳━━━━━━━━━━━━━━━━━━━━━━━━┓
┃ Enter Tag ┃ Exit Reason ┃ Trades ┃ Avg Profit % ┃ Tot Profit USDT ┃ Tot Profit % ┃ Avg Duration ┃  Win  Draw  Loss  Win% ┃
┡━━━━━━━━━━━╇━━━━━━━━━━━━━╇━━━━━━━━╇━━━━━━━━━━━━━━╇━━━━━━━━━━━━━━━━━╇━━━━━━━━━━━━━━╇━━━━━━━━━━━━━━╇━━━━━━━━━━━━━━━━━━━━━━━━┩
│           │         roi │      2 │        12.68 │          11.467 │         7.64 │      1:18:00 │    2     0     0   100 │
│           │  force_exit │      1 │        -0.88 │          -0.350 │        -0.23 │      2:10:00 │    0     0     1     0 │
│           │ exit_signal │    456 │         -0.2 │         -42.887 │       -28.59 │      2:13:00 │  140     0   316  30.7 │
│     TOTAL │             │    459 │        -0.15 │         -31.770 │       -21.18 │      2:13:00 │  142     0   317  30.9 │
└───────────┴─────────────┴────────┴──────────────┴─────────────────┴──────────────┴──────────────┴────────────────────────┘
                         SUMMARY METRICS                          
┏━━━━━━━━━━━━━━━━━━━━━━━━━━━━━━━┳━━━━━━━━━━━━━━━━━━━━━━━━━━━━━━━━┓
┃ Metric                        ┃ Value                          ┃
┡━━━━━━━━━━━━━━━━━━━━━━━━━━━━━━━╇━━━━━━━━━━━━━━━━━━━━━━━━━━━━━━━━┩
│ Backtesting from              │ 2025-04-22 00:00:00            │
│ Backtesting to                │ 2026-04-17 00:00:00            │
│ Trading Mode                  │ Spot                           │
│ Max open trades               │ 3                              │
│                               │                                │
│ Total/Daily Avg Trades        │ 459 / 1.27                     │
│ Starting balance              │ 150 USDT                       │
│ Final balance                 │ 118.23 USDT                    │
│ Absolute profit               │ -31.77 USDT                    │
│ Total profit %                │ -21.18%                        │
│ CAGR %                        │ -21.44%                        │
│ Sortino                       │ -4.07                          │
│ Sharpe                        │ -2.13                          │
│ Calmar                        │ -4.96                          │
│ SQN                           │ -1.87                          │
│ Profit factor                 │ 0.76                           │
│ Expectancy (Ratio)            │ -0.07 (-0.17)                  │
│ Avg. daily profit             │ -0.088 USDT                    │
│ Avg. stake amount             │ 44.252 USDT                    │
│ Total trade volume            │ 40672.64 USDT                  │
│                               │                                │
│ Best Pair                     │ XRP/USDT 1.19%                 │
│ Worst Pair                    │ HOME/USDT -20.45%              │
│ Best trade                    │ HOME/USDT 12.69%               │
│ Worst trade                   │ HOME/USDT -7.54%               │
│ Best day                      │ 4.751 USDT                     │
│ Worst day                     │ -4.945 USDT                    │
│ Days win/draw/lose            │ 67 / 161 / 129                 │
│ Min/Max/Avg. Duration Winners │ 0d 00:40 / 0d 07:30 / 0d 03:29 │
│ Min/Max/Avg. Duration Losers  │ 0d 00:05 / 0d 04:30 / 0d 01:39 │
│ Max Consecutive Wins / Loss   │ 6 / 16                         │
│ Rejected Entry signals        │ 0                              │
│ Entry/Exit Timeouts           │ 0 / 0                          │
│                               │                                │
│ Min balance                   │ 116.006 USDT                   │
│ Max balance                   │ 149.646 USDT                   │
│ Max % of account underwater   │ 22.66%                         │
│ Absolute drawdown             │ 33.994 USDT (22.66%)           │
│ Drawdown duration             │ 323 days 16:20:00              │
│ Profit at drawdown start      │ 0 USDT                         │
│ Profit at drawdown end        │ -33.994 USDT                   │
│ Drawdown start                │ 2025-04-26 09:10:00            │
│ Drawdown end                  │ 2026-03-16 01:30:00            │
│ Market change                 │ -10.52%                        │
└───────────────────────────────┴────────────────────────────────┘

Backtested 2025-04-22 00:00:00 -> 2026-04-17 00:00:00 | Max open trades : 3
                                                         STRATEGY SUMMARY                                                          
┏━━━━━━━━━━┳━━━━━━━━┳━━━━━━━━━━━━━━┳━━━━━━━━━━━━━━━━━┳━━━━━━━━━━━━━━┳━━━━━━━━━━━━━━┳━━━━━━━━━━━━━━━━━━━━━━━━┳━━━━━━━━━━━━━━━━━━━━━┓
┃ Strategy ┃ Trades ┃ Avg Profit % ┃ Tot Profit USDT ┃ Tot Profit % ┃ Avg Duration ┃  Win  Draw  Loss  Win% ┃            Drawdown ┃
┡━━━━━━━━━━╇━━━━━━━━╇━━━━━━━━━━━━━━╇━━━━━━━━━━━━━━━━━╇━━━━━━━━━━━━━━╇━━━━━━━━━━━━━━╇━━━━━━━━━━━━━━━━━━━━━━━━╇━━━━━━━━━━━━━━━━━━━━━┩
│      yes │    459 │        -0.15 │         -31.770 │       -21.18 │      2:13:00 │  142     0   317  30.9 │ 33.994 USDT  22.66% │
└──────────┴────────┴──────────────┴─────────────────┴──────────────┴──────────────┴────────────────────────┴─────────────────────┘