2026-04-25 22:44:17,230 - freqtrade - INFO - freqtrade 2026.3
2026-04-25 22:44:18,287 - freqtrade.configuration.load_config - INFO - Using config: /home/mohs/Desktop/ae/pyside6/user_data/config.json ...
2026-04-25 22:44:18,290 - freqtrade.loggers - INFO - Enabling colorized output.
2026-04-25 22:44:18,290 - freqtrade.loggers - INFO - Logfile configured
2026-04-25 22:44:18,290 - freqtrade.loggers - INFO - Verbosity set to 0
2026-04-25 22:44:18,291 - freqtrade.configuration.configuration - INFO - Using additional Strategy lookup path: 
/home/mohs/Desktop/ae/pyside6/user_data/optimizer/sessions/b8194b7f-3716-497e-8a17-833c28d4e223/trial_103/strategy_dir
2026-04-25 22:44:18,291 - freqtrade.configuration.configuration - WARNING - `force_entry_enable` RPC message enabled.
2026-04-25 22:44:18,291 - freqtrade.configuration.configuration - INFO - Parameter -i/--timeframe detected ... Using timeframe: 4h ...
2026-04-25 22:44:18,291 - freqtrade.configuration.configuration - INFO - Parameter --max-open-trades detected, overriding max_open_trades to: 3 ...
2026-04-25 22:44:18,292 - freqtrade.configuration.configuration - INFO - Parameter --dry-run-wallet detected, overriding dry_run_wallet to: 150.0 ...
2026-04-25 22:44:18,292 - freqtrade.configuration.configuration - INFO - Parameter --timerange detected: 20250422-20260417 ...
2026-04-25 22:44:18,292 - freqtrade.configuration.configuration - INFO - Using user-data directory: /home/mohs/Desktop/ae/pyside6/user_data ...
2026-04-25 22:44:18,293 - freqtrade.configuration.configuration - INFO - Using data directory: /home/mohs/Desktop/ae/pyside6/user_data/data/binance ...
2026-04-25 22:44:18,293 - freqtrade.configuration.configuration - INFO - Parameter --export detected: trades ...
2026-04-25 22:44:18,293 - freqtrade.configuration.configuration - INFO - Parameter --cache=day detected ...
2026-04-25 22:44:18,293 - freqtrade.configuration.configuration - INFO - Using pairs ['XRP/USDT', 'ETH/USDT', 'HOME/USDT']
2026-04-25 22:44:18,294 - freqtrade.configuration.configuration - INFO - Filter trades by timerange: 20250422-20260417
2026-04-25 22:44:18,294 - freqtrade.exchange.check_exchange - INFO - Checking exchange...
2026-04-25 22:44:18,300 - freqtrade.exchange.check_exchange - INFO - Exchange "binance" is officially supported by the Freqtrade development team.
2026-04-25 22:44:18,300 - freqtrade.configuration.config_validation - INFO - Validating configuration ...
2026-04-25 22:44:18,302 - freqtrade.commands.optimize_commands - INFO - Starting freqtrade in Backtesting mode
2026-04-25 22:44:18,303 - freqtrade.exchange.exchange - INFO - Instance is running with dry_run enabled
2026-04-25 22:44:18,303 - freqtrade.exchange.exchange - INFO - Using CCXT 4.5.50
2026-04-25 22:44:18,303 - freqtrade.exchange.exchange - INFO - Applying additional ccxt config: {'enableRateLimit': True, 'timeout': 120000}
2026-04-25 22:44:18,309 - freqtrade.exchange.exchange - INFO - Applying additional ccxt config: {'enableRateLimit': True, 'timeout': 120000}
2026-04-25 22:44:18,314 - freqtrade.exchange.exchange - INFO - Using Exchange "Binance"
2026-04-25 22:44:19,479 - freqtrade.resolvers.exchange_resolver - INFO - Using resolved exchange 'Binance'...
2026-04-25 22:44:19,487 - freqtrade.resolvers.iresolver - INFO - Using resolved strategy yes from 
'/home/mohs/Desktop/ae/pyside6/user_data/optimizer/sessions/b8194b7f-3716-497e-8a17-833c28d4e223/trial_103/strategy_dir/yes.py'...
2026-04-25 22:44:19,487 - freqtrade.strategy.hyper - INFO - Loading parameters from file 
/home/mohs/Desktop/ae/pyside6/user_data/optimizer/sessions/b8194b7f-3716-497e-8a17-833c28d4e223/trial_103/strategy_dir/yes.json
2026-04-25 22:44:19,488 - freqtrade.resolvers.strategy_resolver - INFO - Override strategy 'timeframe' with value from the configuration: 4h.
2026-04-25 22:44:19,488 - freqtrade.resolvers.strategy_resolver - INFO - Override strategy 'stake_currency' with value from the configuration: USDT.
2026-04-25 22:44:19,488 - freqtrade.resolvers.strategy_resolver - INFO - Override strategy 'stake_amount' with value from the configuration: unlimited.
2026-04-25 22:44:19,488 - freqtrade.resolvers.strategy_resolver - INFO - Override strategy 'use_exit_signal' with value from the configuration: True.
2026-04-25 22:44:19,489 - freqtrade.resolvers.strategy_resolver - INFO - Override strategy 'max_open_trades' with value from the configuration: 3.
2026-04-25 22:44:19,489 - freqtrade.resolvers.strategy_resolver - INFO - Strategy using minimal_roi: {'0': 1.0978907144773793, '13': 0.796804191684273, '146': 0.06793979489149368, '38': 
0.10464905802212349}
2026-04-25 22:44:19,489 - freqtrade.resolvers.strategy_resolver - INFO - Strategy using timeframe: 4h
2026-04-25 22:44:19,490 - freqtrade.resolvers.strategy_resolver - INFO - Strategy using stoploss: -0.9899328614589368
2026-04-25 22:44:19,490 - freqtrade.resolvers.strategy_resolver - INFO - Strategy using trailing_stop: False
2026-04-25 22:44:19,490 - freqtrade.resolvers.strategy_resolver - INFO - Strategy using trailing_stop_positive: 0.24407687120006832
2026-04-25 22:44:19,490 - freqtrade.resolvers.strategy_resolver - INFO - Strategy using trailing_stop_positive_offset: 0.2686802766589804
2026-04-25 22:44:19,491 - freqtrade.resolvers.strategy_resolver - INFO - Strategy using trailing_only_offset_is_reached: True
2026-04-25 22:44:19,491 - freqtrade.resolvers.strategy_resolver - INFO - Strategy using use_custom_stoploss: False
2026-04-25 22:44:19,491 - freqtrade.resolvers.strategy_resolver - INFO - Strategy using process_only_new_candles: True
2026-04-25 22:44:19,491 - freqtrade.resolvers.strategy_resolver - INFO - Strategy using order_types: {'entry': 'limit', 'exit': 'limit', 'stoploss': 'limit', 'stoploss_on_exchange': False, 
'stoploss_on_exchange_interval': 60}
2026-04-25 22:44:19,492 - freqtrade.resolvers.strategy_resolver - INFO - Strategy using order_time_in_force: {'entry': 'GTC', 'exit': 'GTC'}
2026-04-25 22:44:19,492 - freqtrade.resolvers.strategy_resolver - INFO - Strategy using stake_currency: USDT
2026-04-25 22:44:19,492 - freqtrade.resolvers.strategy_resolver - INFO - Strategy using stake_amount: unlimited
2026-04-25 22:44:19,492 - freqtrade.resolvers.strategy_resolver - INFO - Strategy using startup_candle_count: 0
2026-04-25 22:44:19,493 - freqtrade.resolvers.strategy_resolver - INFO - Strategy using use_exit_signal: True
2026-04-25 22:44:19,493 - freqtrade.resolvers.strategy_resolver - INFO - Strategy using exit_profit_only: False
2026-04-25 22:44:19,493 - freqtrade.resolvers.strategy_resolver - INFO - Strategy using ignore_roi_if_entry_signal: False
2026-04-25 22:44:19,493 - freqtrade.resolvers.strategy_resolver - INFO - Strategy using exit_profit_offset: 0.0
2026-04-25 22:44:19,494 - freqtrade.resolvers.strategy_resolver - INFO - Strategy using disable_dataframe_checks: False
2026-04-25 22:44:19,494 - freqtrade.resolvers.strategy_resolver - INFO - Strategy using ignore_buying_expired_candle_after: 0
2026-04-25 22:44:19,494 - freqtrade.resolvers.strategy_resolver - INFO - Strategy using position_adjustment_enable: False
2026-04-25 22:44:19,494 - freqtrade.resolvers.strategy_resolver - INFO - Strategy using max_entry_position_adjustment: -1
2026-04-25 22:44:19,495 - freqtrade.resolvers.strategy_resolver - INFO - Strategy using max_open_trades: 3
2026-04-25 22:44:19,495 - freqtrade.configuration.config_validation - INFO - Validating configuration ...
2026-04-25 22:44:19,499 - freqtrade.resolvers.iresolver - INFO - Using resolved pairlist StaticPairList from 
'/home/mohs/Desktop/ae/pyside6/.venv/lib/python3.12/site-packages/freqtrade/plugins/pairlist/StaticPairList.py'...
2026-04-25 22:44:19,512 - freqtrade.optimize.backtesting - INFO - Using fee 0.1000% - worst case fee from exchange (lowest tier).
2026-04-25 22:44:19,547 - freqtrade.data.history.datahandlers.idatahandler - WARNING - HOME/USDT, spot, 4h, data starts at 2025-06-12 12:00:00
2026-04-25 22:44:19,555 - freqtrade.optimize.backtesting - INFO - Loading data from 2025-04-22 00:00:00 up to 2026-04-17 00:00:00 (360 days).
2026-04-25 22:44:19,610 - freqtrade.optimize.backtesting - INFO - Dataload complete. Calculating indicators
2026-04-25 22:44:19,620 - freqtrade.optimize.backtesting - INFO - Running backtesting for Strategy yes
2026-04-25 22:44:19,620 - freqtrade.strategy.hyper - INFO - Strategy Parameter: buy_ma_count = 4
2026-04-25 22:44:19,621 - freqtrade.strategy.hyper - INFO - Strategy Parameter: buy_ma_gap = 8
2026-04-25 22:44:19,621 - freqtrade.strategy.hyper - INFO - Strategy Parameter: sell_ma_count = 12
2026-04-25 22:44:19,621 - freqtrade.strategy.hyper - INFO - Strategy Parameter: sell_ma_gap = 49
2026-04-25 22:44:19,630 - freqtrade.optimize.backtesting - INFO - Backtesting with data from 2025-04-22 00:00:00 up to 2026-04-17 00:00:00 (360 days).
2026-04-25 22:44:20,245 - freqtrade.misc - INFO - dumping json to "/home/mohs/Desktop/ae/pyside6/user_data/backtest_results/backtest-result-2026-04-25_22-44-20.meta.json"
Result for strategy yes
                                               BACKTESTING REPORT                                                
┏━━━━━━━━━━━┳━━━━━━━━┳━━━━━━━━━━━━━━┳━━━━━━━━━━━━━━━━━┳━━━━━━━━━━━━━━┳━━━━━━━━━━━━━━━━━┳━━━━━━━━━━━━━━━━━━━━━━━━┓
┃      Pair ┃ Trades ┃ Avg Profit % ┃ Tot Profit USDT ┃ Tot Profit % ┃    Avg Duration ┃  Win  Draw  Loss  Win% ┃
┡━━━━━━━━━━━╇━━━━━━━━╇━━━━━━━━━━━━━━╇━━━━━━━━━━━━━━━━━╇━━━━━━━━━━━━━━╇━━━━━━━━━━━━━━━━━╇━━━━━━━━━━━━━━━━━━━━━━━━┩
│  ETH/USDT │     14 │          4.5 │          34.725 │        23.15 │ 4 days, 4:51:00 │   11     0     3  78.6 │
│ HOME/USDT │     17 │         3.13 │          34.328 │        22.89 │ 3 days, 1:25:00 │   13     0     4  76.5 │
│  XRP/USDT │     12 │         1.94 │          13.730 │         9.15 │ 5 days, 9:20:00 │    9     0     3  75.0 │
│     TOTAL │     43 │         3.24 │          82.783 │        55.19 │ 4 days, 1:57:00 │   33     0    10  76.7 │
└───────────┴────────┴──────────────┴─────────────────┴──────────────┴─────────────────┴────────────────────────┘
                                             LEFT OPEN TRADES REPORT                                             
┏━━━━━━━━━━┳━━━━━━━━┳━━━━━━━━━━━━━━┳━━━━━━━━━━━━━━━━━┳━━━━━━━━━━━━━━┳━━━━━━━━━━━━━━━━━━┳━━━━━━━━━━━━━━━━━━━━━━━━┓
┃     Pair ┃ Trades ┃ Avg Profit % ┃ Tot Profit USDT ┃ Tot Profit % ┃     Avg Duration ┃  Win  Draw  Loss  Win% ┃
┡━━━━━━━━━━╇━━━━━━━━╇━━━━━━━━━━━━━━╇━━━━━━━━━━━━━━━━━╇━━━━━━━━━━━━━━╇━━━━━━━━━━━━━━━━━━╇━━━━━━━━━━━━━━━━━━━━━━━━┩
│ XRP/USDT │      1 │         3.11 │           2.398 │          1.6 │         20:00:00 │    1     0     0   100 │
│ ETH/USDT │      1 │        -0.93 │          -0.717 │        -0.48 │ 2 days, 20:00:00 │    0     0     1     0 │
│    TOTAL │      2 │         1.09 │           1.681 │         1.12 │  1 day, 20:00:00 │    1     0     1  50.0 │
└──────────┴────────┴──────────────┴─────────────────┴──────────────┴──────────────────┴────────────────────────┘
                                                 ENTER TAG STATS                                                  
┏━━━━━━━━━━━┳━━━━━━━━━┳━━━━━━━━━━━━━━┳━━━━━━━━━━━━━━━━━┳━━━━━━━━━━━━━━┳━━━━━━━━━━━━━━━━━┳━━━━━━━━━━━━━━━━━━━━━━━━┓
┃ Enter Tag ┃ Entries ┃ Avg Profit % ┃ Tot Profit USDT ┃ Tot Profit % ┃    Avg Duration ┃  Win  Draw  Loss  Win% ┃
┡━━━━━━━━━━━╇━━━━━━━━━╇━━━━━━━━━━━━━━╇━━━━━━━━━━━━━━━━━╇━━━━━━━━━━━━━━╇━━━━━━━━━━━━━━━━━╇━━━━━━━━━━━━━━━━━━━━━━━━┩
│     OTHER │      43 │         3.24 │          82.783 │        55.19 │ 4 days, 1:57:00 │   33     0    10  76.7 │
│     TOTAL │      43 │         3.24 │          82.783 │        55.19 │ 4 days, 1:57:00 │   33     0    10  76.7 │
└───────────┴─────────┴──────────────┴─────────────────┴──────────────┴─────────────────┴────────────────────────┘
                                                 EXIT REASON STATS                                                 
┏━━━━━━━━━━━━━┳━━━━━━━┳━━━━━━━━━━━━━━┳━━━━━━━━━━━━━━━━━┳━━━━━━━━━━━━━━┳━━━━━━━━━━━━━━━━━━┳━━━━━━━━━━━━━━━━━━━━━━━━┓
┃ Exit Reason ┃ Exits ┃ Avg Profit % ┃ Tot Profit USDT ┃ Tot Profit % ┃     Avg Duration ┃  Win  Draw  Loss  Win% ┃
┡━━━━━━━━━━━━━╇━━━━━━━╇━━━━━━━━━━━━━━╇━━━━━━━━━━━━━━━━━╇━━━━━━━━━━━━━━╇━━━━━━━━━━━━━━━━━━╇━━━━━━━━━━━━━━━━━━━━━━━━┩
│         roi │    30 │         6.79 │         126.442 │        84.29 │ 2 days, 22:48:00 │   30     0     0   100 │
│  force_exit │     2 │         1.09 │           1.681 │         1.12 │  1 day, 20:00:00 │    1     0     1  50.0 │
│ exit_signal │    11 │        -6.05 │         -45.341 │       -30.23 │ 7 days, 13:49:00 │    2     0     9  18.2 │
│       TOTAL │    43 │         3.24 │          82.783 │        55.19 │  4 days, 1:57:00 │   33     0    10  76.7 │
└─────────────┴───────┴──────────────┴─────────────────┴──────────────┴──────────────────┴────────────────────────┘
                                                        MIXED TAG STATS                                                         
┏━━━━━━━━━━━┳━━━━━━━━━━━━━┳━━━━━━━━┳━━━━━━━━━━━━━━┳━━━━━━━━━━━━━━━━━┳━━━━━━━━━━━━━━┳━━━━━━━━━━━━━━━━━━┳━━━━━━━━━━━━━━━━━━━━━━━━┓
┃ Enter Tag ┃ Exit Reason ┃ Trades ┃ Avg Profit % ┃ Tot Profit USDT ┃ Tot Profit % ┃     Avg Duration ┃  Win  Draw  Loss  Win% ┃
┡━━━━━━━━━━━╇━━━━━━━━━━━━━╇━━━━━━━━╇━━━━━━━━━━━━━━╇━━━━━━━━━━━━━━━━━╇━━━━━━━━━━━━━━╇━━━━━━━━━━━━━━━━━━╇━━━━━━━━━━━━━━━━━━━━━━━━┩
│           │         roi │     30 │         6.79 │         126.442 │        84.29 │ 2 days, 22:48:00 │   30     0     0   100 │
│           │  force_exit │      2 │         1.09 │           1.681 │         1.12 │  1 day, 20:00:00 │    1     0     1  50.0 │
│           │ exit_signal │     11 │        -6.05 │         -45.341 │       -30.23 │ 7 days, 13:49:00 │    2     0     9  18.2 │
│     TOTAL │             │     43 │         3.24 │          82.783 │        55.19 │  4 days, 1:57:00 │   33     0    10  76.7 │
└───────────┴─────────────┴────────┴──────────────┴─────────────────┴──────────────┴──────────────────┴────────────────────────┘
                          SUMMARY METRICS                          
┏━━━━━━━━━━━━━━━━━━━━━━━━━━━━━━━┳━━━━━━━━━━━━━━━━━━━━━━━━━━━━━━━━━┓
┃ Metric                        ┃ Value                           ┃
┡━━━━━━━━━━━━━━━━━━━━━━━━━━━━━━━╇━━━━━━━━━━━━━━━━━━━━━━━━━━━━━━━━━┩
│ Backtesting from              │ 2025-04-22 00:00:00             │
│ Backtesting to                │ 2026-04-17 00:00:00             │
│ Trading Mode                  │ Spot                            │
│ Max open trades               │ 3                               │
│                               │                                 │
│ Total/Daily Avg Trades        │ 43 / 0.12                       │
│ Starting balance              │ 150 USDT                        │
│ Final balance                 │ 232.783 USDT                    │
│ Absolute profit               │ 82.783 USDT                     │
│ Total profit %                │ 55.19%                          │
│ CAGR %                        │ 56.14%                          │
│ Sortino                       │ 1.23                            │
│ Sharpe                        │ 1.06                            │
│ Calmar                        │ 28.58                           │
│ SQN                           │ 3.00                            │
│ Profit factor                 │ 2.75                            │
│ Expectancy (Ratio)            │ 1.93 (0.41)                     │
│ Avg. daily profit             │ 0.23 USDT                       │
│ Avg. stake amount             │ 64.928 USDT                     │
│ Total trade volume            │ 5677.977 USDT                   │
│                               │                                 │
│ Best Pair                     │ ETH/USDT 23.15%                 │
│ Worst Pair                    │ XRP/USDT 9.15%                  │
│ Best trade                    │ HOME/USDT 6.81%                 │
│ Worst trade                   │ XRP/USDT -16.39%                │
│ Best day                      │ 10.38 USDT                      │
│ Worst day                     │ -12.184 USDT                    │
│ Days win/draw/lose            │ 25 / 312 / 8                    │
│ Min/Max/Avg. Duration Winners │ 0d 04:00 / 14d 12:00 / 2d 22:11 │
│ Min/Max/Avg. Duration Losers  │ 1d 16:00 / 32d 00:00 / 7d 21:36 │
│ Max Consecutive Wins / Loss   │ 19 / 3                          │
│ Rejected Entry signals        │ 0                               │
│ Entry/Exit Timeouts           │ 0 / 0                           │
│                               │                                 │
│ Min balance                   │ 153.4 USDT                      │
│ Max balance                   │ 242.382 USDT                    │
│ Max % of account underwater   │ 10.25%                          │
│ Absolute drawdown             │ 17.945 USDT (10.25%)            │
│ Drawdown duration             │ 26 days 12:00:00                │
│ Profit at drawdown start      │ 25.083 USDT                     │
│ Profit at drawdown end        │ 7.138 USDT                      │
│ Drawdown start                │ 2025-05-23 00:00:00             │
│ Drawdown end                  │ 2025-06-18 12:00:00             │
│ Market change                 │ -9.22%                          │
└───────────────────────────────┴─────────────────────────────────┘

Backtested 2025-04-22 00:00:00 -> 2026-04-17 00:00:00 | Max open trades : 3
                                                           STRATEGY SUMMARY                                                           
┏━━━━━━━━━━┳━━━━━━━━┳━━━━━━━━━━━━━━┳━━━━━━━━━━━━━━━━━┳━━━━━━━━━━━━━━┳━━━━━━━━━━━━━━━━━┳━━━━━━━━━━━━━━━━━━━━━━━━┳━━━━━━━━━━━━━━━━━━━━━┓
┃ Strategy ┃ Trades ┃ Avg Profit % ┃ Tot Profit USDT ┃ Tot Profit % ┃    Avg Duration ┃  Win  Draw  Loss  Win% ┃            Drawdown ┃
┡━━━━━━━━━━╇━━━━━━━━╇━━━━━━━━━━━━━━╇━━━━━━━━━━━━━━━━━╇━━━━━━━━━━━━━━╇━━━━━━━━━━━━━━━━━╇━━━━━━━━━━━━━━━━━━━━━━━━╇━━━━━━━━━━━━━━━━━━━━━┩
│      yes │     43 │         3.24 │          82.783 │        55.19 │ 4 days, 1:57:00 │   33     0    10  76.7 │ 17.945 USDT  10.25% │
└──────────┴────────┴──────────────┴─────────────────┴──────────────┴─────────────────┴────────────────────────┴─────────────────────┘