2026-04-25 22:01:04,374 - freqtrade - INFO - freqtrade 2026.3
2026-04-25 22:01:05,413 - freqtrade.configuration.load_config - INFO - Using config: /home/mohs/Desktop/ae/pyside6/user_data/config.json ...
2026-04-25 22:01:05,415 - freqtrade.loggers - INFO - Enabling colorized output.
2026-04-25 22:01:05,416 - freqtrade.loggers - INFO - Logfile configured
2026-04-25 22:01:05,416 - freqtrade.loggers - INFO - Verbosity set to 0
2026-04-25 22:01:05,416 - freqtrade.configuration.configuration - INFO - Using additional Strategy lookup path: 
/home/mohs/Desktop/ae/pyside6/user_data/optimizer/sessions/cc8d7aa3-4a01-4b96-b398-01484bd54a80/trial_037/strategy_dir
2026-04-25 22:01:05,417 - freqtrade.configuration.configuration - WARNING - `force_entry_enable` RPC message enabled.
2026-04-25 22:01:05,417 - freqtrade.configuration.configuration - INFO - Parameter -i/--timeframe detected ... Using timeframe: 5m ...
2026-04-25 22:01:05,417 - freqtrade.configuration.configuration - INFO - Parameter --max-open-trades detected, overriding max_open_trades to: 3 ...
2026-04-25 22:01:05,417 - freqtrade.configuration.configuration - INFO - Parameter --dry-run-wallet detected, overriding dry_run_wallet to: 150.0 ...
2026-04-25 22:01:05,418 - freqtrade.configuration.configuration - INFO - Parameter --timerange detected: 20250422-20260417 ...
2026-04-25 22:01:05,418 - freqtrade.configuration.configuration - INFO - Using user-data directory: /home/mohs/Desktop/ae/pyside6/user_data ...
2026-04-25 22:01:05,418 - freqtrade.configuration.configuration - INFO - Using data directory: /home/mohs/Desktop/ae/pyside6/user_data/data/binance ...
2026-04-25 22:01:05,419 - freqtrade.configuration.configuration - INFO - Parameter --export detected: trades ...
2026-04-25 22:01:05,419 - freqtrade.configuration.configuration - INFO - Parameter --cache=day detected ...
2026-04-25 22:01:05,419 - freqtrade.configuration.configuration - INFO - Using pairs ['XRP/USDT', 'ETH/USDT', 'HOME/USDT']
2026-04-25 22:01:05,419 - freqtrade.configuration.configuration - INFO - Filter trades by timerange: 20250422-20260417
2026-04-25 22:01:05,420 - freqtrade.exchange.check_exchange - INFO - Checking exchange...
2026-04-25 22:01:05,426 - freqtrade.exchange.check_exchange - INFO - Exchange "binance" is officially supported by the Freqtrade development team.
2026-04-25 22:01:05,427 - freqtrade.configuration.config_validation - INFO - Validating configuration ...
2026-04-25 22:01:05,429 - freqtrade.commands.optimize_commands - INFO - Starting freqtrade in Backtesting mode
2026-04-25 22:01:05,429 - freqtrade.exchange.exchange - INFO - Instance is running with dry_run enabled
2026-04-25 22:01:05,429 - freqtrade.exchange.exchange - INFO - Using CCXT 4.5.50
2026-04-25 22:01:05,430 - freqtrade.exchange.exchange - INFO - Applying additional ccxt config: {'enableRateLimit': True, 'timeout': 120000}
2026-04-25 22:01:05,435 - freqtrade.exchange.exchange - INFO - Applying additional ccxt config: {'enableRateLimit': True, 'timeout': 120000}
2026-04-25 22:01:05,441 - freqtrade.exchange.exchange - INFO - Using Exchange "Binance"
2026-04-25 22:01:08,103 - freqtrade.resolvers.exchange_resolver - INFO - Using resolved exchange 'Binance'...
2026-04-25 22:01:08,111 - freqtrade.resolvers.iresolver - INFO - Using resolved strategy yes from 
'/home/mohs/Desktop/ae/pyside6/user_data/optimizer/sessions/cc8d7aa3-4a01-4b96-b398-01484bd54a80/trial_037/strategy_dir/yes.py'...
2026-04-25 22:01:08,112 - freqtrade.strategy.hyper - INFO - Loading parameters from file 
/home/mohs/Desktop/ae/pyside6/user_data/optimizer/sessions/cc8d7aa3-4a01-4b96-b398-01484bd54a80/trial_037/strategy_dir/yes.json
2026-04-25 22:01:08,112 - freqtrade.resolvers.strategy_resolver - INFO - Override strategy 'timeframe' with value from the configuration: 5m.
2026-04-25 22:01:08,113 - freqtrade.resolvers.strategy_resolver - INFO - Override strategy 'stake_currency' with value from the configuration: USDT.
2026-04-25 22:01:08,113 - freqtrade.resolvers.strategy_resolver - INFO - Override strategy 'stake_amount' with value from the configuration: unlimited.
2026-04-25 22:01:08,113 - freqtrade.resolvers.strategy_resolver - INFO - Override strategy 'use_exit_signal' with value from the configuration: True.
2026-04-25 22:01:08,114 - freqtrade.resolvers.strategy_resolver - INFO - Override strategy 'max_open_trades' with value from the configuration: 3.
2026-04-25 22:01:08,114 - freqtrade.resolvers.strategy_resolver - INFO - Strategy using minimal_roi: {'0': 1.4884187336164365, '13': 1.2765477790942972, '146': 0.789856995469586, '38': 
0.4574467061522033}
2026-04-25 22:01:08,114 - freqtrade.resolvers.strategy_resolver - INFO - Strategy using timeframe: 5m
2026-04-25 22:01:08,114 - freqtrade.resolvers.strategy_resolver - INFO - Strategy using stoploss: -0.33878184223359903
2026-04-25 22:01:08,115 - freqtrade.resolvers.strategy_resolver - INFO - Strategy using trailing_stop: True
2026-04-25 22:01:08,115 - freqtrade.resolvers.strategy_resolver - INFO - Strategy using trailing_stop_positive: 0.24846830620567104
2026-04-25 22:01:08,115 - freqtrade.resolvers.strategy_resolver - INFO - Strategy using trailing_stop_positive_offset: 0.003226855913451912
2026-04-25 22:01:08,115 - freqtrade.resolvers.strategy_resolver - INFO - Strategy using trailing_only_offset_is_reached: False
2026-04-25 22:01:08,116 - freqtrade.resolvers.strategy_resolver - INFO - Strategy using use_custom_stoploss: False
2026-04-25 22:01:08,116 - freqtrade.resolvers.strategy_resolver - INFO - Strategy using process_only_new_candles: True
2026-04-25 22:01:08,116 - freqtrade.resolvers.strategy_resolver - INFO - Strategy using order_types: {'entry': 'limit', 'exit': 'limit', 'stoploss': 'limit', 'stoploss_on_exchange': False, 
'stoploss_on_exchange_interval': 60}
2026-04-25 22:01:08,116 - freqtrade.resolvers.strategy_resolver - INFO - Strategy using order_time_in_force: {'entry': 'GTC', 'exit': 'GTC'}
2026-04-25 22:01:08,117 - freqtrade.resolvers.strategy_resolver - INFO - Strategy using stake_currency: USDT
2026-04-25 22:01:08,117 - freqtrade.resolvers.strategy_resolver - INFO - Strategy using stake_amount: unlimited
2026-04-25 22:01:08,117 - freqtrade.resolvers.strategy_resolver - INFO - Strategy using startup_candle_count: 0
2026-04-25 22:01:08,117 - freqtrade.resolvers.strategy_resolver - INFO - Strategy using use_exit_signal: True
2026-04-25 22:01:08,118 - freqtrade.resolvers.strategy_resolver - INFO - Strategy using exit_profit_only: False
2026-04-25 22:01:08,118 - freqtrade.resolvers.strategy_resolver - INFO - Strategy using ignore_roi_if_entry_signal: False
2026-04-25 22:01:08,118 - freqtrade.resolvers.strategy_resolver - INFO - Strategy using exit_profit_offset: 0.0
2026-04-25 22:01:08,119 - freqtrade.resolvers.strategy_resolver - INFO - Strategy using disable_dataframe_checks: False
2026-04-25 22:01:08,119 - freqtrade.resolvers.strategy_resolver - INFO - Strategy using ignore_buying_expired_candle_after: 0
2026-04-25 22:01:08,119 - freqtrade.resolvers.strategy_resolver - INFO - Strategy using position_adjustment_enable: False
2026-04-25 22:01:08,119 - freqtrade.resolvers.strategy_resolver - INFO - Strategy using max_entry_position_adjustment: -1
2026-04-25 22:01:08,120 - freqtrade.resolvers.strategy_resolver - INFO - Strategy using max_open_trades: 3
2026-04-25 22:01:08,120 - freqtrade - ERROR - Configuration error: The config trailing_stop_positive_offset needs to be greater than trailing_stop_positive in your config.
Please make sure to review the documentation at https://www.freqtrade.io/en/stable.