2026-04-25 22:33:41,783 - freqtrade - INFO - freqtrade 2026.3
2026-04-25 22:33:42,827 - freqtrade.configuration.load_config - INFO - Using config: /home/mohs/Desktop/ae/pyside6/user_data/config.json ...
2026-04-25 22:33:42,829 - freqtrade.loggers - INFO - Enabling colorized output.
2026-04-25 22:33:42,829 - freqtrade.loggers - INFO - Logfile configured
2026-04-25 22:33:42,830 - freqtrade.loggers - INFO - Verbosity set to 0
2026-04-25 22:33:42,830 - freqtrade.configuration.configuration - INFO - Using additional Strategy lookup path: 
/home/mohs/Desktop/ae/pyside6/user_data/optimizer/sessions/00d5d57f-9960-4dcc-ac23-ec438d4ba9c3/trial_071/strategy_dir
2026-04-25 22:33:42,830 - freqtrade.configuration.configuration - WARNING - `force_entry_enable` RPC message enabled.
2026-04-25 22:33:42,831 - freqtrade.configuration.configuration - INFO - Parameter -i/--timeframe detected ... Using timeframe: 5m ...
2026-04-25 22:33:42,831 - freqtrade.configuration.configuration - INFO - Parameter --max-open-trades detected, overriding max_open_trades to: 3 ...
2026-04-25 22:33:42,831 - freqtrade.configuration.configuration - INFO - Parameter --dry-run-wallet detected, overriding dry_run_wallet to: 150.0 ...
2026-04-25 22:33:42,832 - freqtrade.configuration.configuration - INFO - Parameter --timerange detected: 20250422-20260417 ...
2026-04-25 22:33:42,832 - freqtrade.configuration.configuration - INFO - Using user-data directory: /home/mohs/Desktop/ae/pyside6/user_data ...
2026-04-25 22:33:42,832 - freqtrade.configuration.configuration - INFO - Using data directory: /home/mohs/Desktop/ae/pyside6/user_data/data/binance ...
2026-04-25 22:33:42,832 - freqtrade.configuration.configuration - INFO - Parameter --export detected: trades ...
2026-04-25 22:33:42,833 - freqtrade.configuration.configuration - INFO - Parameter --cache=day detected ...
2026-04-25 22:33:42,833 - freqtrade.configuration.configuration - INFO - Using pairs ['XRP/USDT', 'ETH/USDT', 'HOME/USDT']
2026-04-25 22:33:42,833 - freqtrade.configuration.configuration - INFO - Filter trades by timerange: 20250422-20260417
2026-04-25 22:33:42,834 - freqtrade.exchange.check_exchange - INFO - Checking exchange...
2026-04-25 22:33:42,841 - freqtrade.exchange.check_exchange - INFO - Exchange "binance" is officially supported by the Freqtrade development team.
2026-04-25 22:33:42,841 - freqtrade.configuration.config_validation - INFO - Validating configuration ...
2026-04-25 22:33:42,843 - freqtrade.commands.optimize_commands - INFO - Starting freqtrade in Backtesting mode
2026-04-25 22:33:42,843 - freqtrade.exchange.exchange - INFO - Instance is running with dry_run enabled
2026-04-25 22:33:42,844 - freqtrade.exchange.exchange - INFO - Using CCXT 4.5.50
2026-04-25 22:33:42,844 - freqtrade.exchange.exchange - INFO - Applying additional ccxt config: {'enableRateLimit': True, 'timeout': 120000}
2026-04-25 22:33:42,849 - freqtrade.exchange.exchange - INFO - Applying additional ccxt config: {'enableRateLimit': True, 'timeout': 120000}
2026-04-25 22:33:42,855 - freqtrade.exchange.exchange - INFO - Using Exchange "Binance"
2026-04-25 22:33:44,190 - freqtrade.resolvers.exchange_resolver - INFO - Using resolved exchange 'Binance'...
2026-04-25 22:33:44,198 - freqtrade.resolvers.iresolver - INFO - Using resolved strategy yes from 
'/home/mohs/Desktop/ae/pyside6/user_data/optimizer/sessions/00d5d57f-9960-4dcc-ac23-ec438d4ba9c3/trial_071/strategy_dir/yes.py'...
2026-04-25 22:33:44,198 - freqtrade.strategy.hyper - INFO - Loading parameters from file 
/home/mohs/Desktop/ae/pyside6/user_data/optimizer/sessions/00d5d57f-9960-4dcc-ac23-ec438d4ba9c3/trial_071/strategy_dir/yes.json
2026-04-25 22:33:44,199 - freqtrade.resolvers.strategy_resolver - INFO - Override strategy 'timeframe' with value from the configuration: 5m.
2026-04-25 22:33:44,199 - freqtrade.resolvers.strategy_resolver - INFO - Override strategy 'stake_currency' with value from the configuration: USDT.
2026-04-25 22:33:44,199 - freqtrade.resolvers.strategy_resolver - INFO - Override strategy 'stake_amount' with value from the configuration: unlimited.
2026-04-25 22:33:44,199 - freqtrade.resolvers.strategy_resolver - INFO - Override strategy 'use_exit_signal' with value from the configuration: True.
2026-04-25 22:33:44,200 - freqtrade.resolvers.strategy_resolver - INFO - Override strategy 'max_open_trades' with value from the configuration: 3.
2026-04-25 22:33:44,200 - freqtrade.resolvers.strategy_resolver - INFO - Strategy using minimal_roi: {'0': 1.0354716680911051, '13': 1.6103284937233195, '146': 0.19017299121847456, '38': 
0.8408099402557601}
2026-04-25 22:33:44,200 - freqtrade.resolvers.strategy_resolver - INFO - Strategy using timeframe: 5m
2026-04-25 22:33:44,200 - freqtrade.resolvers.strategy_resolver - INFO - Strategy using stoploss: -0.9462729723565356
2026-04-25 22:33:44,201 - freqtrade.resolvers.strategy_resolver - INFO - Strategy using trailing_stop: False
2026-04-25 22:33:44,201 - freqtrade.resolvers.strategy_resolver - INFO - Strategy using trailing_stop_positive: 0.1460910067307444
2026-04-25 22:33:44,201 - freqtrade.resolvers.strategy_resolver - INFO - Strategy using trailing_stop_positive_offset: 0.049028332111059274
2026-04-25 22:33:44,201 - freqtrade.resolvers.strategy_resolver - INFO - Strategy using trailing_only_offset_is_reached: True
2026-04-25 22:33:44,202 - freqtrade.resolvers.strategy_resolver - INFO - Strategy using use_custom_stoploss: False
2026-04-25 22:33:44,202 - freqtrade.resolvers.strategy_resolver - INFO - Strategy using process_only_new_candles: True
2026-04-25 22:33:44,202 - freqtrade.resolvers.strategy_resolver - INFO - Strategy using order_types: {'entry': 'limit', 'exit': 'limit', 'stoploss': 'limit', 'stoploss_on_exchange': False, 
'stoploss_on_exchange_interval': 60}
2026-04-25 22:33:44,203 - freqtrade.resolvers.strategy_resolver - INFO - Strategy using order_time_in_force: {'entry': 'GTC', 'exit': 'GTC'}
2026-04-25 22:33:44,203 - freqtrade.resolvers.strategy_resolver - INFO - Strategy using stake_currency: USDT
2026-04-25 22:33:44,203 - freqtrade.resolvers.strategy_resolver - INFO - Strategy using stake_amount: unlimited
2026-04-25 22:33:44,203 - freqtrade.resolvers.strategy_resolver - INFO - Strategy using startup_candle_count: 0
2026-04-25 22:33:44,204 - freqtrade.resolvers.strategy_resolver - INFO - Strategy using use_exit_signal: True
2026-04-25 22:33:44,204 - freqtrade.resolvers.strategy_resolver - INFO - Strategy using exit_profit_only: False
2026-04-25 22:33:44,204 - freqtrade.resolvers.strategy_resolver - INFO - Strategy using ignore_roi_if_entry_signal: False
2026-04-25 22:33:44,204 - freqtrade.resolvers.strategy_resolver - INFO - Strategy using exit_profit_offset: 0.0
2026-04-25 22:33:44,205 - freqtrade.resolvers.strategy_resolver - INFO - Strategy using disable_dataframe_checks: False
2026-04-25 22:33:44,205 - freqtrade.resolvers.strategy_resolver - INFO - Strategy using ignore_buying_expired_candle_after: 0
2026-04-25 22:33:44,205 - freqtrade.resolvers.strategy_resolver - INFO - Strategy using position_adjustment_enable: False
2026-04-25 22:33:44,205 - freqtrade.resolvers.strategy_resolver - INFO - Strategy using max_entry_position_adjustment: -1
2026-04-25 22:33:44,206 - freqtrade.resolvers.strategy_resolver - INFO - Strategy using max_open_trades: 3
2026-04-25 22:33:44,206 - freqtrade.configuration.config_validation - INFO - Validating configuration ...
2026-04-25 22:33:44,210 - freqtrade.resolvers.iresolver - INFO - Using resolved pairlist StaticPairList from 
'/home/mohs/Desktop/ae/pyside6/.venv/lib/python3.12/site-packages/freqtrade/plugins/pairlist/StaticPairList.py'...
2026-04-25 22:33:44,222 - freqtrade.optimize.backtesting - INFO - Using fee 0.1000% - worst case fee from exchange (lowest tier).
2026-04-25 22:33:44,362 - freqtrade.data.history.datahandlers.idatahandler - WARNING - XRP/USDT, spot, 5m, data ends at 2026-04-11 01:45:00
2026-04-25 22:33:44,757 - freqtrade.data.history.datahandlers.idatahandler - WARNING - HOME/USDT, spot, 5m, data starts at 2025-06-12 15:00:00
2026-04-25 22:33:44,786 - freqtrade.optimize.backtesting - INFO - Loading data from 2025-04-22 00:00:00 up to 2026-04-17 00:00:00 (360 days).
2026-04-25 22:33:46,875 - freqtrade.optimize.backtesting - INFO - Dataload complete. Calculating indicators
2026-04-25 22:33:46,882 - freqtrade.optimize.backtesting - INFO - Running backtesting for Strategy yes
2026-04-25 22:33:46,883 - freqtrade.strategy.hyper - INFO - Strategy Parameter: buy_ma_count = 2
2026-04-25 22:33:46,883 - freqtrade.strategy.hyper - INFO - Strategy Parameter: buy_ma_gap = 9
2026-04-25 22:33:46,883 - freqtrade.strategy.hyper - INFO - Strategy Parameter: sell_ma_count = 18
2026-04-25 22:33:46,883 - freqtrade.strategy.hyper - INFO - Strategy Parameter: sell_ma_gap = 42
2026-04-25 22:33:47,022 - freqtrade.optimize.backtesting - INFO - Backtesting with data from 2025-04-22 00:00:00 up to 2026-04-17 00:00:00 (360 days).
/home/mohs/Desktop/ae/pyside6/.venv/lib/python3.12/site-packages/freqtrade/data/metrics.py:77: FutureWarning: The default fill_method='pad' in DataFrame.pct_change is deprecated and will be removed in a future version. Either fill in any non-leading NA values prior to calling pct_change or specify 'fill_method=None' to not fill NA values.
  rel_mean = df_comb.pct_change().mean(axis=1).fillna(0).cumsum()
2026-04-25 22:33:50,024 - freqtrade.misc - INFO - dumping json to "/home/mohs/Desktop/ae/pyside6/user_data/backtest_results/backtest-result-2026-04-25_22-33-49.meta.json"
Result for strategy yes
                                              BACKTESTING REPORT                                              
┏━━━━━━━━━━━┳━━━━━━━━┳━━━━━━━━━━━━━━┳━━━━━━━━━━━━━━━━━┳━━━━━━━━━━━━━━┳━━━━━━━━━━━━━━┳━━━━━━━━━━━━━━━━━━━━━━━━┓
┃      Pair ┃ Trades ┃ Avg Profit % ┃ Tot Profit USDT ┃ Tot Profit % ┃ Avg Duration ┃  Win  Draw  Loss  Win% ┃
┡━━━━━━━━━━━╇━━━━━━━━╇━━━━━━━━━━━━━━╇━━━━━━━━━━━━━━━━━╇━━━━━━━━━━━━━━╇━━━━━━━━━━━━━━╇━━━━━━━━━━━━━━━━━━━━━━━━┩
│  ETH/USDT │    162 │         -0.0 │          -1.013 │        -0.68 │      2:13:00 │   52     0   110  32.1 │
│  XRP/USDT │    164 │         -0.0 │          -1.188 │        -0.79 │      2:00:00 │   51     0   113  31.1 │
│ HOME/USDT │    149 │         -0.5 │         -31.955 │        -21.3 │      1:58:00 │   36     0   113  24.2 │
│     TOTAL │    475 │        -0.16 │         -34.156 │       -22.77 │      2:04:00 │  139     0   336  29.3 │
└───────────┴────────┴──────────────┴─────────────────┴──────────────┴──────────────┴────────────────────────┘
                                           LEFT OPEN TRADES REPORT                                            
┏━━━━━━━━━━━┳━━━━━━━━┳━━━━━━━━━━━━━━┳━━━━━━━━━━━━━━━━━┳━━━━━━━━━━━━━━┳━━━━━━━━━━━━━━┳━━━━━━━━━━━━━━━━━━━━━━━━┓
┃      Pair ┃ Trades ┃ Avg Profit % ┃ Tot Profit USDT ┃ Tot Profit % ┃ Avg Duration ┃  Win  Draw  Loss  Win% ┃
┡━━━━━━━━━━━╇━━━━━━━━╇━━━━━━━━━━━━━━╇━━━━━━━━━━━━━━━━━╇━━━━━━━━━━━━━━╇━━━━━━━━━━━━━━╇━━━━━━━━━━━━━━━━━━━━━━━━┩
│ HOME/USDT │      1 │        -1.25 │          -0.485 │        -0.32 │      2:20:00 │    0     0     1     0 │
│     TOTAL │      1 │        -1.25 │          -0.485 │        -0.32 │      2:20:00 │    0     0     1     0 │
└───────────┴────────┴──────────────┴─────────────────┴──────────────┴──────────────┴────────────────────────┘
                                                ENTER TAG STATS                                                
┏━━━━━━━━━━━┳━━━━━━━━━┳━━━━━━━━━━━━━━┳━━━━━━━━━━━━━━━━━┳━━━━━━━━━━━━━━┳━━━━━━━━━━━━━━┳━━━━━━━━━━━━━━━━━━━━━━━━┓
┃ Enter Tag ┃ Entries ┃ Avg Profit % ┃ Tot Profit USDT ┃ Tot Profit % ┃ Avg Duration ┃  Win  Draw  Loss  Win% ┃
┡━━━━━━━━━━━╇━━━━━━━━━╇━━━━━━━━━━━━━━╇━━━━━━━━━━━━━━━━━╇━━━━━━━━━━━━━━╇━━━━━━━━━━━━━━╇━━━━━━━━━━━━━━━━━━━━━━━━┩
│     OTHER │     475 │        -0.16 │         -34.156 │       -22.77 │      2:04:00 │  139     0   336  29.3 │
│     TOTAL │     475 │        -0.16 │         -34.156 │       -22.77 │      2:04:00 │  139     0   336  29.3 │
└───────────┴─────────┴──────────────┴─────────────────┴──────────────┴──────────────┴────────────────────────┘
                                               EXIT REASON STATS                                               
┏━━━━━━━━━━━━━┳━━━━━━━┳━━━━━━━━━━━━━━┳━━━━━━━━━━━━━━━━━┳━━━━━━━━━━━━━━┳━━━━━━━━━━━━━━┳━━━━━━━━━━━━━━━━━━━━━━━━┓
┃ Exit Reason ┃ Exits ┃ Avg Profit % ┃ Tot Profit USDT ┃ Tot Profit % ┃ Avg Duration ┃  Win  Draw  Loss  Win% ┃
┡━━━━━━━━━━━━━╇━━━━━━━╇━━━━━━━━━━━━━━╇━━━━━━━━━━━━━━━━━╇━━━━━━━━━━━━━━╇━━━━━━━━━━━━━━╇━━━━━━━━━━━━━━━━━━━━━━━━┩
│  force_exit │     1 │        -1.25 │          -0.485 │        -0.32 │      2:20:00 │    0     0     1     0 │
│ exit_signal │   474 │        -0.16 │         -33.672 │       -22.45 │      2:04:00 │  139     0   335  29.3 │
│       TOTAL │   475 │        -0.16 │         -34.156 │       -22.77 │      2:04:00 │  139     0   336  29.3 │
└─────────────┴───────┴──────────────┴─────────────────┴──────────────┴──────────────┴────────────────────────┘
                                                      MIXED TAG STATS                                                       
┏━━━━━━━━━━━┳━━━━━━━━━━━━━┳━━━━━━━━┳━━━━━━━━━━━━━━┳━━━━━━━━━━━━━━━━━┳━━━━━━━━━━━━━━┳━━━━━━━━━━━━━━┳━━━━━━━━━━━━━━━━━━━━━━━━┓
┃ Enter Tag ┃ Exit Reason ┃ Trades ┃ Avg Profit % ┃ Tot Profit USDT ┃ Tot Profit % ┃ Avg Duration ┃  Win  Draw  Loss  Win% ┃
┡━━━━━━━━━━━╇━━━━━━━━━━━━━╇━━━━━━━━╇━━━━━━━━━━━━━━╇━━━━━━━━━━━━━━━━━╇━━━━━━━━━━━━━━╇━━━━━━━━━━━━━━╇━━━━━━━━━━━━━━━━━━━━━━━━┩
│           │  force_exit │      1 │        -1.25 │          -0.485 │        -0.32 │      2:20:00 │    0     0     1     0 │
│           │ exit_signal │    474 │        -0.16 │         -33.672 │       -22.45 │      2:04:00 │  139     0   335  29.3 │
│     TOTAL │             │    475 │        -0.16 │         -34.156 │       -22.77 │      2:04:00 │  139     0   336  29.3 │
└───────────┴─────────────┴────────┴──────────────┴─────────────────┴──────────────┴──────────────┴────────────────────────┘
                         SUMMARY METRICS                          
┏━━━━━━━━━━━━━━━━━━━━━━━━━━━━━━━┳━━━━━━━━━━━━━━━━━━━━━━━━━━━━━━━━┓
┃ Metric                        ┃ Value                          ┃
┡━━━━━━━━━━━━━━━━━━━━━━━━━━━━━━━╇━━━━━━━━━━━━━━━━━━━━━━━━━━━━━━━━┩
│ Backtesting from              │ 2025-04-22 00:00:00            │
│ Backtesting to                │ 2026-04-17 00:00:00            │
│ Trading Mode                  │ Spot                           │
│ Max open trades               │ 3                              │
│                               │                                │
│ Total/Daily Avg Trades        │ 475 / 1.32                     │
│ Starting balance              │ 150 USDT                       │
│ Final balance                 │ 115.844 USDT                   │
│ Absolute profit               │ -34.156 USDT                   │
│ Total profit %                │ -22.77%                        │
│ CAGR %                        │ -23.05%                        │
│ Sortino                       │ -3.98                          │
│ Sharpe                        │ -2.54                          │
│ Calmar                        │ -4.58                          │
│ SQN                           │ -2.19                          │
│ Profit factor                 │ 0.72                           │
│ Expectancy (Ratio)            │ -0.07 (-0.20)                  │
│ Avg. daily profit             │ -0.095 USDT                    │
│ Avg. stake amount             │ 41.661 USDT                    │
│ Total trade volume            │ 39623.41 USDT                  │
│                               │                                │
│ Best Pair                     │ ETH/USDT -0.68%                │
│ Worst Pair                    │ HOME/USDT -21.30%              │
│ Best trade                    │ HOME/USDT 8.94%                │
│ Worst trade                   │ HOME/USDT -12.12%              │
│ Best day                      │ 4.06 USDT                      │
│ Worst day                     │ -5.664 USDT                    │
│ Days win/draw/lose            │ 64 / 163 / 134                 │
│ Min/Max/Avg. Duration Winners │ 0d 01:00 / 0d 20:30 / 0d 03:30 │
│ Min/Max/Avg. Duration Losers  │ 0d 00:05 / 0d 23:20 / 0d 01:28 │
│ Max Consecutive Wins / Loss   │ 5 / 14                         │
│ Rejected Entry signals        │ 0                              │
│ Entry/Exit Timeouts           │ 0 / 0                          │
│                               │                                │
│ Min balance                   │ 114.399 USDT                   │
│ Max balance                   │ 155.385 USDT                   │
│ Max % of account underwater   │ 26.38%                         │
│ Absolute drawdown             │ 40.986 USDT (26.38%)           │
│ Drawdown duration             │ 343 days 08:15:00              │
│ Profit at drawdown start      │ 5.385 USDT                     │
│ Profit at drawdown end        │ -35.601 USDT                   │
│ Drawdown start                │ 2025-04-23 00:50:00            │
│ Drawdown end                  │ 2026-04-01 09:05:00            │
│ Market change                 │ -10.52%                        │
└───────────────────────────────┴────────────────────────────────┘

Backtested 2025-04-22 00:00:00 -> 2026-04-17 00:00:00 | Max open trades : 3
                                                         STRATEGY SUMMARY                                                          
┏━━━━━━━━━━┳━━━━━━━━┳━━━━━━━━━━━━━━┳━━━━━━━━━━━━━━━━━┳━━━━━━━━━━━━━━┳━━━━━━━━━━━━━━┳━━━━━━━━━━━━━━━━━━━━━━━━┳━━━━━━━━━━━━━━━━━━━━━┓
┃ Strategy ┃ Trades ┃ Avg Profit % ┃ Tot Profit USDT ┃ Tot Profit % ┃ Avg Duration ┃  Win  Draw  Loss  Win% ┃            Drawdown ┃
┡━━━━━━━━━━╇━━━━━━━━╇━━━━━━━━━━━━━━╇━━━━━━━━━━━━━━━━━╇━━━━━━━━━━━━━━╇━━━━━━━━━━━━━━╇━━━━━━━━━━━━━━━━━━━━━━━━╇━━━━━━━━━━━━━━━━━━━━━┩
│      yes │    475 │        -0.16 │         -34.156 │       -22.77 │      2:04:00 │  139     0   336  29.3 │ 40.986 USDT  26.38% │
└──────────┴────────┴──────────────┴─────────────────┴──────────────┴──────────────┴────────────────────────┴─────────────────────┘