2026-04-25 21:47:42,086 - freqtrade - INFO - freqtrade 2026.3
2026-04-25 21:47:43,123 - freqtrade.configuration.load_config - INFO - Using config: /home/mohs/Desktop/ae/pyside6/user_data/config.json ...
2026-04-25 21:47:43,126 - freqtrade.loggers - INFO - Enabling colorized output.
2026-04-25 21:47:43,126 - freqtrade.loggers - INFO - Logfile configured
2026-04-25 21:47:43,126 - freqtrade.loggers - INFO - Verbosity set to 0
2026-04-25 21:47:43,126 - freqtrade.configuration.configuration - INFO - Using additional Strategy lookup path: 
/home/mohs/Desktop/ae/pyside6/user_data/optimizer/sessions/cc004eff-0936-4112-8326-b124d8af6fd9/trial_034/strategy_dir
2026-04-25 21:47:43,127 - freqtrade.configuration.configuration - WARNING - `force_entry_enable` RPC message enabled.
2026-04-25 21:47:43,127 - freqtrade.configuration.configuration - INFO - Parameter -i/--timeframe detected ... Using timeframe: 5m ...
2026-04-25 21:47:43,127 - freqtrade.configuration.configuration - INFO - Parameter --max-open-trades detected, overriding max_open_trades to: 3 ...
2026-04-25 21:47:43,127 - freqtrade.configuration.configuration - INFO - Parameter --dry-run-wallet detected, overriding dry_run_wallet to: 150.0 ...
2026-04-25 21:47:43,128 - freqtrade.configuration.configuration - INFO - Parameter --timerange detected: 20250422-20260417 ...
2026-04-25 21:47:43,128 - freqtrade.configuration.configuration - INFO - Using user-data directory: /home/mohs/Desktop/ae/pyside6/user_data ...
2026-04-25 21:47:43,128 - freqtrade.configuration.configuration - INFO - Using data directory: /home/mohs/Desktop/ae/pyside6/user_data/data/binance ...
2026-04-25 21:47:43,129 - freqtrade.configuration.configuration - INFO - Parameter --export detected: trades ...
2026-04-25 21:47:43,129 - freqtrade.configuration.configuration - INFO - Parameter --cache=day detected ...
2026-04-25 21:47:43,129 - freqtrade.configuration.configuration - INFO - Using pairs ['XRP/USDT', 'ETH/USDT', 'HOME/USDT']
2026-04-25 21:47:43,129 - freqtrade.configuration.configuration - INFO - Filter trades by timerange: 20250422-20260417
2026-04-25 21:47:43,130 - freqtrade.exchange.check_exchange - INFO - Checking exchange...
2026-04-25 21:47:43,136 - freqtrade.exchange.check_exchange - INFO - Exchange "binance" is officially supported by the Freqtrade development team.
2026-04-25 21:47:43,137 - freqtrade.configuration.config_validation - INFO - Validating configuration ...
2026-04-25 21:47:43,138 - freqtrade.commands.optimize_commands - INFO - Starting freqtrade in Backtesting mode
2026-04-25 21:47:43,139 - freqtrade.exchange.exchange - INFO - Instance is running with dry_run enabled
2026-04-25 21:47:43,139 - freqtrade.exchange.exchange - INFO - Using CCXT 4.5.50
2026-04-25 21:47:43,139 - freqtrade.exchange.exchange - INFO - Applying additional ccxt config: {'enableRateLimit': True, 'timeout': 120000}
2026-04-25 21:47:43,145 - freqtrade.exchange.exchange - INFO - Applying additional ccxt config: {'enableRateLimit': True, 'timeout': 120000}
2026-04-25 21:47:43,151 - freqtrade.exchange.exchange - INFO - Using Exchange "Binance"
2026-04-25 21:47:44,277 - freqtrade.resolvers.exchange_resolver - INFO - Using resolved exchange 'Binance'...
2026-04-25 21:47:44,284 - freqtrade.resolvers.iresolver - INFO - Using resolved strategy yes from 
'/home/mohs/Desktop/ae/pyside6/user_data/optimizer/sessions/cc004eff-0936-4112-8326-b124d8af6fd9/trial_034/strategy_dir/yes.py'...
2026-04-25 21:47:44,285 - freqtrade.strategy.hyper - INFO - Loading parameters from file 
/home/mohs/Desktop/ae/pyside6/user_data/optimizer/sessions/cc004eff-0936-4112-8326-b124d8af6fd9/trial_034/strategy_dir/yes.json
2026-04-25 21:47:44,285 - freqtrade.resolvers.strategy_resolver - INFO - Override strategy 'timeframe' with value from the configuration: 5m.
2026-04-25 21:47:44,286 - freqtrade.resolvers.strategy_resolver - INFO - Override strategy 'stake_currency' with value from the configuration: USDT.
2026-04-25 21:47:44,286 - freqtrade.resolvers.strategy_resolver - INFO - Override strategy 'stake_amount' with value from the configuration: unlimited.
2026-04-25 21:47:44,286 - freqtrade.resolvers.strategy_resolver - INFO - Override strategy 'use_exit_signal' with value from the configuration: True.
2026-04-25 21:47:44,287 - freqtrade.resolvers.strategy_resolver - INFO - Override strategy 'max_open_trades' with value from the configuration: 3.
2026-04-25 21:47:44,287 - freqtrade.resolvers.strategy_resolver - INFO - Strategy using minimal_roi: {'0': 1.562931619711706, '13': 1.6255631041306928, '146': 0.013114700188860684, '38': 
0.34098917300322384}
2026-04-25 21:47:44,287 - freqtrade.resolvers.strategy_resolver - INFO - Strategy using timeframe: 5m
2026-04-25 21:47:44,287 - freqtrade.resolvers.strategy_resolver - INFO - Strategy using stoploss: -0.4510643730833275
2026-04-25 21:47:44,288 - freqtrade.resolvers.strategy_resolver - INFO - Strategy using trailing_stop: False
2026-04-25 21:47:44,288 - freqtrade.resolvers.strategy_resolver - INFO - Strategy using trailing_stop_positive: 0.04346373161259617
2026-04-25 21:47:44,288 - freqtrade.resolvers.strategy_resolver - INFO - Strategy using trailing_stop_positive_offset: 0.10449000940865875
2026-04-25 21:47:44,288 - freqtrade.resolvers.strategy_resolver - INFO - Strategy using trailing_only_offset_is_reached: True
2026-04-25 21:47:44,289 - freqtrade.resolvers.strategy_resolver - INFO - Strategy using use_custom_stoploss: False
2026-04-25 21:47:44,289 - freqtrade.resolvers.strategy_resolver - INFO - Strategy using process_only_new_candles: True
2026-04-25 21:47:44,289 - freqtrade.resolvers.strategy_resolver - INFO - Strategy using order_types: {'entry': 'limit', 'exit': 'limit', 'stoploss': 'limit', 'stoploss_on_exchange': False, 
'stoploss_on_exchange_interval': 60}
2026-04-25 21:47:44,289 - freqtrade.resolvers.strategy_resolver - INFO - Strategy using order_time_in_force: {'entry': 'GTC', 'exit': 'GTC'}
2026-04-25 21:47:44,290 - freqtrade.resolvers.strategy_resolver - INFO - Strategy using stake_currency: USDT
2026-04-25 21:47:44,290 - freqtrade.resolvers.strategy_resolver - INFO - Strategy using stake_amount: unlimited
2026-04-25 21:47:44,290 - freqtrade.resolvers.strategy_resolver - INFO - Strategy using startup_candle_count: 0
2026-04-25 21:47:44,290 - freqtrade.resolvers.strategy_resolver - INFO - Strategy using use_exit_signal: True
2026-04-25 21:47:44,291 - freqtrade.resolvers.strategy_resolver - INFO - Strategy using exit_profit_only: False
2026-04-25 21:47:44,291 - freqtrade.resolvers.strategy_resolver - INFO - Strategy using ignore_roi_if_entry_signal: False
2026-04-25 21:47:44,291 - freqtrade.resolvers.strategy_resolver - INFO - Strategy using exit_profit_offset: 0.0
2026-04-25 21:47:44,292 - freqtrade.resolvers.strategy_resolver - INFO - Strategy using disable_dataframe_checks: False
2026-04-25 21:47:44,292 - freqtrade.resolvers.strategy_resolver - INFO - Strategy using ignore_buying_expired_candle_after: 0
2026-04-25 21:47:44,292 - freqtrade.resolvers.strategy_resolver - INFO - Strategy using position_adjustment_enable: False
2026-04-25 21:47:44,292 - freqtrade.resolvers.strategy_resolver - INFO - Strategy using max_entry_position_adjustment: -1
2026-04-25 21:47:44,293 - freqtrade.resolvers.strategy_resolver - INFO - Strategy using max_open_trades: 3
2026-04-25 21:47:44,293 - freqtrade.configuration.config_validation - INFO - Validating configuration ...
2026-04-25 21:47:44,296 - freqtrade.resolvers.iresolver - INFO - Using resolved pairlist StaticPairList from 
'/home/mohs/Desktop/ae/pyside6/.venv/lib/python3.12/site-packages/freqtrade/plugins/pairlist/StaticPairList.py'...
2026-04-25 21:47:44,308 - freqtrade.optimize.backtesting - INFO - Using fee 0.1000% - worst case fee from exchange (lowest tier).
2026-04-25 21:47:44,443 - freqtrade.data.history.datahandlers.idatahandler - WARNING - XRP/USDT, spot, 5m, data ends at 2026-04-11 01:45:00
2026-04-25 21:47:44,842 - freqtrade.data.history.datahandlers.idatahandler - WARNING - HOME/USDT, spot, 5m, data starts at 2025-06-12 15:00:00
2026-04-25 21:47:44,871 - freqtrade.optimize.backtesting - INFO - Loading data from 2025-04-22 00:00:00 up to 2026-04-17 00:00:00 (360 days).
2026-04-25 21:47:46,966 - freqtrade.optimize.backtesting - INFO - Dataload complete. Calculating indicators
2026-04-25 21:47:46,971 - freqtrade.optimize.backtesting - INFO - Running backtesting for Strategy yes
2026-04-25 21:47:46,971 - freqtrade.strategy.hyper - INFO - Strategy Parameter: buy_ma_count = 16
2026-04-25 21:47:46,971 - freqtrade.strategy.hyper - INFO - Strategy Parameter: buy_ma_gap = 29
2026-04-25 21:47:46,972 - freqtrade.strategy.hyper - INFO - Strategy Parameter: sell_ma_count = 14
2026-04-25 21:47:46,972 - freqtrade.strategy.hyper - INFO - Strategy Parameter: sell_ma_gap = 40
2026-04-25 21:47:47,335 - freqtrade.optimize.backtesting - INFO - Backtesting with data from 2025-04-22 00:00:00 up to 2026-04-17 00:00:00 (360 days).
/home/mohs/Desktop/ae/pyside6/.venv/lib/python3.12/site-packages/freqtrade/data/metrics.py:77: FutureWarning: The default fill_method='pad' in DataFrame.pct_change is deprecated and will be removed in a future version. Either fill in any non-leading NA values prior to calling pct_change or specify 'fill_method=None' to not fill NA values.
  rel_mean = df_comb.pct_change().mean(axis=1).fillna(0).cumsum()
2026-04-25 21:47:50,868 - freqtrade.misc - INFO - dumping json to "/home/mohs/Desktop/ae/pyside6/user_data/backtest_results/backtest-result-2026-04-25_21-47-50.meta.json"
Result for strategy yes
                                              BACKTESTING REPORT                                              
┏━━━━━━━━━━━┳━━━━━━━━┳━━━━━━━━━━━━━━┳━━━━━━━━━━━━━━━━━┳━━━━━━━━━━━━━━┳━━━━━━━━━━━━━━┳━━━━━━━━━━━━━━━━━━━━━━━━┓
┃      Pair ┃ Trades ┃ Avg Profit % ┃ Tot Profit USDT ┃ Tot Profit % ┃ Avg Duration ┃  Win  Draw  Loss  Win% ┃
┡━━━━━━━━━━━╇━━━━━━━━╇━━━━━━━━━━━━━━╇━━━━━━━━━━━━━━━━━╇━━━━━━━━━━━━━━╇━━━━━━━━━━━━━━╇━━━━━━━━━━━━━━━━━━━━━━━━┩
│  ETH/USDT │    238 │        -0.02 │          -2.241 │        -1.49 │      1:51:00 │   83     0   155  34.9 │
│  XRP/USDT │    241 │        -0.13 │         -13.488 │        -8.99 │      1:46:00 │   73     0   168  30.3 │
│ HOME/USDT │    228 │        -0.36 │         -34.278 │       -22.85 │      1:39:00 │   59     0   169  25.9 │
│     TOTAL │    707 │        -0.17 │         -50.006 │       -33.34 │      1:46:00 │  215     0   492  30.4 │
└───────────┴────────┴──────────────┴─────────────────┴──────────────┴──────────────┴────────────────────────┘
                                         LEFT OPEN TRADES REPORT                                          
┏━━━━━━━┳━━━━━━━━┳━━━━━━━━━━━━━━┳━━━━━━━━━━━━━━━━━┳━━━━━━━━━━━━━━┳━━━━━━━━━━━━━━┳━━━━━━━━━━━━━━━━━━━━━━━━┓
┃  Pair ┃ Trades ┃ Avg Profit % ┃ Tot Profit USDT ┃ Tot Profit % ┃ Avg Duration ┃  Win  Draw  Loss  Win% ┃
┡━━━━━━━╇━━━━━━━━╇━━━━━━━━━━━━━━╇━━━━━━━━━━━━━━━━━╇━━━━━━━━━━━━━━╇━━━━━━━━━━━━━━╇━━━━━━━━━━━━━━━━━━━━━━━━┩
│ TOTAL │      0 │          0.0 │           0.000 │          0.0 │         0:00 │    0     0     0     0 │
└───────┴────────┴──────────────┴─────────────────┴──────────────┴──────────────┴────────────────────────┘
                                                ENTER TAG STATS                                                
┏━━━━━━━━━━━┳━━━━━━━━━┳━━━━━━━━━━━━━━┳━━━━━━━━━━━━━━━━━┳━━━━━━━━━━━━━━┳━━━━━━━━━━━━━━┳━━━━━━━━━━━━━━━━━━━━━━━━┓
┃ Enter Tag ┃ Entries ┃ Avg Profit % ┃ Tot Profit USDT ┃ Tot Profit % ┃ Avg Duration ┃  Win  Draw  Loss  Win% ┃
┡━━━━━━━━━━━╇━━━━━━━━━╇━━━━━━━━━━━━━━╇━━━━━━━━━━━━━━━━━╇━━━━━━━━━━━━━━╇━━━━━━━━━━━━━━╇━━━━━━━━━━━━━━━━━━━━━━━━┩
│     OTHER │     707 │        -0.17 │         -50.006 │       -33.34 │      1:46:00 │  215     0   492  30.4 │
│     TOTAL │     707 │        -0.17 │         -50.006 │       -33.34 │      1:46:00 │  215     0   492  30.4 │
└───────────┴─────────┴──────────────┴─────────────────┴──────────────┴──────────────┴────────────────────────┘
                                               EXIT REASON STATS                                               
┏━━━━━━━━━━━━━┳━━━━━━━┳━━━━━━━━━━━━━━┳━━━━━━━━━━━━━━━━━┳━━━━━━━━━━━━━━┳━━━━━━━━━━━━━━┳━━━━━━━━━━━━━━━━━━━━━━━━┓
┃ Exit Reason ┃ Exits ┃ Avg Profit % ┃ Tot Profit USDT ┃ Tot Profit % ┃ Avg Duration ┃  Win  Draw  Loss  Win% ┃
┡━━━━━━━━━━━━━╇━━━━━━━╇━━━━━━━━━━━━━━╇━━━━━━━━━━━━━━━━━╇━━━━━━━━━━━━━━╇━━━━━━━━━━━━━━╇━━━━━━━━━━━━━━━━━━━━━━━━┩
│         roi │    88 │         2.49 │          87.280 │        58.19 │      2:39:00 │   88     0     0   100 │
│ exit_signal │   619 │        -0.55 │        -137.286 │       -91.52 │      1:38:00 │  127     0   492  20.5 │
│       TOTAL │   707 │        -0.17 │         -50.006 │       -33.34 │      1:46:00 │  215     0   492  30.4 │
└─────────────┴───────┴──────────────┴─────────────────┴──────────────┴──────────────┴────────────────────────┘
                                                      MIXED TAG STATS                                                       
┏━━━━━━━━━━━┳━━━━━━━━━━━━━┳━━━━━━━━┳━━━━━━━━━━━━━━┳━━━━━━━━━━━━━━━━━┳━━━━━━━━━━━━━━┳━━━━━━━━━━━━━━┳━━━━━━━━━━━━━━━━━━━━━━━━┓
┃ Enter Tag ┃ Exit Reason ┃ Trades ┃ Avg Profit % ┃ Tot Profit USDT ┃ Tot Profit % ┃ Avg Duration ┃  Win  Draw  Loss  Win% ┃
┡━━━━━━━━━━━╇━━━━━━━━━━━━━╇━━━━━━━━╇━━━━━━━━━━━━━━╇━━━━━━━━━━━━━━━━━╇━━━━━━━━━━━━━━╇━━━━━━━━━━━━━━╇━━━━━━━━━━━━━━━━━━━━━━━━┩
│           │         roi │     88 │         2.49 │          87.280 │        58.19 │      2:39:00 │   88     0     0   100 │
│           │ exit_signal │    619 │        -0.55 │        -137.286 │       -91.52 │      1:38:00 │  127     0   492  20.5 │
│     TOTAL │             │    707 │        -0.17 │         -50.006 │       -33.34 │      1:46:00 │  215     0   492  30.4 │
└───────────┴─────────────┴────────┴──────────────┴─────────────────┴──────────────┴──────────────┴────────────────────────┘
                         SUMMARY METRICS                          
┏━━━━━━━━━━━━━━━━━━━━━━━━━━━━━━━┳━━━━━━━━━━━━━━━━━━━━━━━━━━━━━━━━┓
┃ Metric                        ┃ Value                          ┃
┡━━━━━━━━━━━━━━━━━━━━━━━━━━━━━━━╇━━━━━━━━━━━━━━━━━━━━━━━━━━━━━━━━┩
│ Backtesting from              │ 2025-04-22 00:00:00            │
│ Backtesting to                │ 2026-04-17 00:00:00            │
│ Trading Mode                  │ Spot                           │
│ Max open trades               │ 3                              │
│                               │                                │
│ Total/Daily Avg Trades        │ 707 / 1.96                     │
│ Starting balance              │ 150 USDT                       │
│ Final balance                 │ 99.994 USDT                    │
│ Absolute profit               │ -50.006 USDT                   │
│ Total profit %                │ -33.34%                        │
│ CAGR %                        │ -33.71%                        │
│ Sortino                       │ -7.20                          │
│ Sharpe                        │ -4.44                          │
│ Calmar                        │ -5.20                          │
│ SQN                           │ -3.14                          │
│ Profit factor                 │ 0.69                           │
│ Expectancy (Ratio)            │ -0.07 (-0.21)                  │
│ Avg. daily profit             │ -0.139 USDT                    │
│ Avg. stake amount             │ 40.32 USDT                     │
│ Total trade volume            │ 57077.166 USDT                 │
│                               │                                │
│ Best Pair                     │ ETH/USDT -1.49%                │
│ Worst Pair                    │ HOME/USDT -22.85%              │
│ Best trade                    │ HOME/USDT 8.69%                │
│ Worst trade                   │ XRP/USDT -8.33%                │
│ Best day                      │ 5.502 USDT                     │
│ Worst day                     │ -3.517 USDT                    │
│ Days win/draw/lose            │ 68 / 119 / 169                 │
│ Min/Max/Avg. Duration Winners │ 0d 00:45 / 0d 05:50 / 0d 02:32 │
│ Min/Max/Avg. Duration Losers  │ 0d 00:05 / 0d 03:50 / 0d 01:25 │
│ Max Consecutive Wins / Loss   │ 5 / 16                         │
│ Rejected Entry signals        │ 0                              │
│ Entry/Exit Timeouts           │ 0 / 0                          │
│                               │                                │
│ Min balance                   │ 99.011 USDT                    │
│ Max balance                   │ 149.861 USDT                   │
│ Max % of account underwater   │ 33.99%                         │
│ Absolute drawdown             │ 50.989 USDT (33.99%)           │
│ Drawdown duration             │ 351 days 18:35:00              │
│ Profit at drawdown start      │ 0 USDT                         │
│ Profit at drawdown end        │ -50.989 USDT                   │
│ Drawdown start                │ 2025-04-26 23:20:00            │
│ Drawdown end                  │ 2026-04-13 17:55:00            │
│ Market change                 │ -10.52%                        │
└───────────────────────────────┴────────────────────────────────┘

Backtested 2025-04-22 00:00:00 -> 2026-04-17 00:00:00 | Max open trades : 3
                                                         STRATEGY SUMMARY                                                          
┏━━━━━━━━━━┳━━━━━━━━┳━━━━━━━━━━━━━━┳━━━━━━━━━━━━━━━━━┳━━━━━━━━━━━━━━┳━━━━━━━━━━━━━━┳━━━━━━━━━━━━━━━━━━━━━━━━┳━━━━━━━━━━━━━━━━━━━━━┓
┃ Strategy ┃ Trades ┃ Avg Profit % ┃ Tot Profit USDT ┃ Tot Profit % ┃ Avg Duration ┃  Win  Draw  Loss  Win% ┃            Drawdown ┃
┡━━━━━━━━━━╇━━━━━━━━╇━━━━━━━━━━━━━━╇━━━━━━━━━━━━━━━━━╇━━━━━━━━━━━━━━╇━━━━━━━━━━━━━━╇━━━━━━━━━━━━━━━━━━━━━━━━╇━━━━━━━━━━━━━━━━━━━━━┩
│      yes │    707 │        -0.17 │         -50.006 │       -33.34 │      1:46:00 │  215     0   492  30.4 │ 50.989 USDT  33.99% │
└──────────┴────────┴──────────────┴─────────────────┴──────────────┴──────────────┴────────────────────────┴─────────────────────┘