2026-04-25 21:46:48,923 - freqtrade - INFO - freqtrade 2026.3
2026-04-25 21:46:49,963 - freqtrade.configuration.load_config - INFO - Using config: /home/mohs/Desktop/ae/pyside6/user_data/config.json ...
2026-04-25 21:46:49,965 - freqtrade.loggers - INFO - Enabling colorized output.
2026-04-25 21:46:49,965 - freqtrade.loggers - INFO - Logfile configured
2026-04-25 21:46:49,966 - freqtrade.loggers - INFO - Verbosity set to 0
2026-04-25 21:46:49,966 - freqtrade.configuration.configuration - INFO - Using additional Strategy lookup path: 
/home/mohs/Desktop/ae/pyside6/user_data/optimizer/sessions/cc004eff-0936-4112-8326-b124d8af6fd9/trial_028/strategy_dir
2026-04-25 21:46:49,966 - freqtrade.configuration.configuration - WARNING - `force_entry_enable` RPC message enabled.
2026-04-25 21:46:49,967 - freqtrade.configuration.configuration - INFO - Parameter -i/--timeframe detected ... Using timeframe: 5m ...
2026-04-25 21:46:49,967 - freqtrade.configuration.configuration - INFO - Parameter --max-open-trades detected, overriding max_open_trades to: 3 ...
2026-04-25 21:46:49,967 - freqtrade.configuration.configuration - INFO - Parameter --dry-run-wallet detected, overriding dry_run_wallet to: 150.0 ...
2026-04-25 21:46:49,968 - freqtrade.configuration.configuration - INFO - Parameter --timerange detected: 20250422-20260417 ...
2026-04-25 21:46:49,968 - freqtrade.configuration.configuration - INFO - Using user-data directory: /home/mohs/Desktop/ae/pyside6/user_data ...
2026-04-25 21:46:49,969 - freqtrade.configuration.configuration - INFO - Using data directory: /home/mohs/Desktop/ae/pyside6/user_data/data/binance ...
2026-04-25 21:46:49,969 - freqtrade.configuration.configuration - INFO - Parameter --export detected: trades ...
2026-04-25 21:46:49,969 - freqtrade.configuration.configuration - INFO - Parameter --cache=day detected ...
2026-04-25 21:46:49,969 - freqtrade.configuration.configuration - INFO - Using pairs ['XRP/USDT', 'ETH/USDT', 'HOME/USDT']
2026-04-25 21:46:49,970 - freqtrade.configuration.configuration - INFO - Filter trades by timerange: 20250422-20260417
2026-04-25 21:46:49,970 - freqtrade.exchange.check_exchange - INFO - Checking exchange...
2026-04-25 21:46:49,976 - freqtrade.exchange.check_exchange - INFO - Exchange "binance" is officially supported by the Freqtrade development team.
2026-04-25 21:46:49,976 - freqtrade.configuration.config_validation - INFO - Validating configuration ...
2026-04-25 21:46:49,978 - freqtrade.commands.optimize_commands - INFO - Starting freqtrade in Backtesting mode
2026-04-25 21:46:49,979 - freqtrade.exchange.exchange - INFO - Instance is running with dry_run enabled
2026-04-25 21:46:49,979 - freqtrade.exchange.exchange - INFO - Using CCXT 4.5.50
2026-04-25 21:46:49,979 - freqtrade.exchange.exchange - INFO - Applying additional ccxt config: {'enableRateLimit': True, 'timeout': 120000}
2026-04-25 21:46:49,984 - freqtrade.exchange.exchange - INFO - Applying additional ccxt config: {'enableRateLimit': True, 'timeout': 120000}
2026-04-25 21:46:49,990 - freqtrade.exchange.exchange - INFO - Using Exchange "Binance"
2026-04-25 21:46:51,160 - freqtrade.resolvers.exchange_resolver - INFO - Using resolved exchange 'Binance'...
2026-04-25 21:46:51,168 - freqtrade.resolvers.iresolver - INFO - Using resolved strategy yes from 
'/home/mohs/Desktop/ae/pyside6/user_data/optimizer/sessions/cc004eff-0936-4112-8326-b124d8af6fd9/trial_028/strategy_dir/yes.py'...
2026-04-25 21:46:51,168 - freqtrade.strategy.hyper - INFO - Loading parameters from file 
/home/mohs/Desktop/ae/pyside6/user_data/optimizer/sessions/cc004eff-0936-4112-8326-b124d8af6fd9/trial_028/strategy_dir/yes.json
2026-04-25 21:46:51,169 - freqtrade.resolvers.strategy_resolver - INFO - Override strategy 'timeframe' with value from the configuration: 5m.
2026-04-25 21:46:51,169 - freqtrade.resolvers.strategy_resolver - INFO - Override strategy 'stake_currency' with value from the configuration: USDT.
2026-04-25 21:46:51,169 - freqtrade.resolvers.strategy_resolver - INFO - Override strategy 'stake_amount' with value from the configuration: unlimited.
2026-04-25 21:46:51,169 - freqtrade.resolvers.strategy_resolver - INFO - Override strategy 'use_exit_signal' with value from the configuration: True.
2026-04-25 21:46:51,170 - freqtrade.resolvers.strategy_resolver - INFO - Override strategy 'max_open_trades' with value from the configuration: 3.
2026-04-25 21:46:51,170 - freqtrade.resolvers.strategy_resolver - INFO - Strategy using minimal_roi: {'0': 0.010120400068592134, '13': 1.300063773584886, '146': 0.19273379488429643, '38': 
0.4672085792894436}
2026-04-25 21:46:51,170 - freqtrade.resolvers.strategy_resolver - INFO - Strategy using timeframe: 5m
2026-04-25 21:46:51,170 - freqtrade.resolvers.strategy_resolver - INFO - Strategy using stoploss: -0.4490264835322004
2026-04-25 21:46:51,171 - freqtrade.resolvers.strategy_resolver - INFO - Strategy using trailing_stop: False
2026-04-25 21:46:51,171 - freqtrade.resolvers.strategy_resolver - INFO - Strategy using trailing_stop_positive: 0.03841007332386337
2026-04-25 21:46:51,171 - freqtrade.resolvers.strategy_resolver - INFO - Strategy using trailing_stop_positive_offset: 0.11775892957510584
2026-04-25 21:46:51,171 - freqtrade.resolvers.strategy_resolver - INFO - Strategy using trailing_only_offset_is_reached: True
2026-04-25 21:46:51,172 - freqtrade.resolvers.strategy_resolver - INFO - Strategy using use_custom_stoploss: False
2026-04-25 21:46:51,172 - freqtrade.resolvers.strategy_resolver - INFO - Strategy using process_only_new_candles: True
2026-04-25 21:46:51,172 - freqtrade.resolvers.strategy_resolver - INFO - Strategy using order_types: {'entry': 'limit', 'exit': 'limit', 'stoploss': 'limit', 'stoploss_on_exchange': False, 
'stoploss_on_exchange_interval': 60}
2026-04-25 21:46:51,173 - freqtrade.resolvers.strategy_resolver - INFO - Strategy using order_time_in_force: {'entry': 'GTC', 'exit': 'GTC'}
2026-04-25 21:46:51,173 - freqtrade.resolvers.strategy_resolver - INFO - Strategy using stake_currency: USDT
2026-04-25 21:46:51,173 - freqtrade.resolvers.strategy_resolver - INFO - Strategy using stake_amount: unlimited
2026-04-25 21:46:51,173 - freqtrade.resolvers.strategy_resolver - INFO - Strategy using startup_candle_count: 0
2026-04-25 21:46:51,174 - freqtrade.resolvers.strategy_resolver - INFO - Strategy using use_exit_signal: True
2026-04-25 21:46:51,174 - freqtrade.resolvers.strategy_resolver - INFO - Strategy using exit_profit_only: False
2026-04-25 21:46:51,174 - freqtrade.resolvers.strategy_resolver - INFO - Strategy using ignore_roi_if_entry_signal: False
2026-04-25 21:46:51,174 - freqtrade.resolvers.strategy_resolver - INFO - Strategy using exit_profit_offset: 0.0
2026-04-25 21:46:51,175 - freqtrade.resolvers.strategy_resolver - INFO - Strategy using disable_dataframe_checks: False
2026-04-25 21:46:51,175 - freqtrade.resolvers.strategy_resolver - INFO - Strategy using ignore_buying_expired_candle_after: 0
2026-04-25 21:46:51,175 - freqtrade.resolvers.strategy_resolver - INFO - Strategy using position_adjustment_enable: False
2026-04-25 21:46:51,175 - freqtrade.resolvers.strategy_resolver - INFO - Strategy using max_entry_position_adjustment: -1
2026-04-25 21:46:51,176 - freqtrade.resolvers.strategy_resolver - INFO - Strategy using max_open_trades: 3
2026-04-25 21:46:51,176 - freqtrade.configuration.config_validation - INFO - Validating configuration ...
2026-04-25 21:46:51,180 - freqtrade.resolvers.iresolver - INFO - Using resolved pairlist StaticPairList from 
'/home/mohs/Desktop/ae/pyside6/.venv/lib/python3.12/site-packages/freqtrade/plugins/pairlist/StaticPairList.py'...
2026-04-25 21:46:51,192 - freqtrade.optimize.backtesting - INFO - Using fee 0.1000% - worst case fee from exchange (lowest tier).
2026-04-25 21:46:51,330 - freqtrade.data.history.datahandlers.idatahandler - WARNING - XRP/USDT, spot, 5m, data ends at 2026-04-11 01:45:00
2026-04-25 21:46:51,726 - freqtrade.data.history.datahandlers.idatahandler - WARNING - HOME/USDT, spot, 5m, data starts at 2025-06-12 15:00:00
2026-04-25 21:46:51,755 - freqtrade.optimize.backtesting - INFO - Loading data from 2025-04-22 00:00:00 up to 2026-04-17 00:00:00 (360 days).
2026-04-25 21:46:53,815 - freqtrade.optimize.backtesting - INFO - Dataload complete. Calculating indicators
2026-04-25 21:46:53,820 - freqtrade.optimize.backtesting - INFO - Running backtesting for Strategy yes
2026-04-25 21:46:53,820 - freqtrade.strategy.hyper - INFO - Strategy Parameter: buy_ma_count = 10
2026-04-25 21:46:53,821 - freqtrade.strategy.hyper - INFO - Strategy Parameter: buy_ma_gap = 16
2026-04-25 21:46:53,821 - freqtrade.strategy.hyper - INFO - Strategy Parameter: sell_ma_count = 11
2026-04-25 21:46:53,821 - freqtrade.strategy.hyper - INFO - Strategy Parameter: sell_ma_gap = 7
2026-04-25 21:46:54,004 - freqtrade.optimize.backtesting - INFO - Backtesting with data from 2025-04-22 00:00:00 up to 2026-04-17 00:00:00 (360 days).
/home/mohs/Desktop/ae/pyside6/.venv/lib/python3.12/site-packages/freqtrade/data/metrics.py:77: FutureWarning: The default fill_method='pad' in DataFrame.pct_change is deprecated and will be removed in a future version. Either fill in any non-leading NA values prior to calling pct_change or specify 'fill_method=None' to not fill NA values.
  rel_mean = df_comb.pct_change().mean(axis=1).fillna(0).cumsum()
2026-04-25 21:46:59,101 - freqtrade.misc - INFO - dumping json to "/home/mohs/Desktop/ae/pyside6/user_data/backtest_results/backtest-result-2026-04-25_21-46-59.meta.json"
Result for strategy yes
                                              BACKTESTING REPORT                                              
┏━━━━━━━━━━━┳━━━━━━━━┳━━━━━━━━━━━━━━┳━━━━━━━━━━━━━━━━━┳━━━━━━━━━━━━━━┳━━━━━━━━━━━━━━┳━━━━━━━━━━━━━━━━━━━━━━━━┓
┃      Pair ┃ Trades ┃ Avg Profit % ┃ Tot Profit USDT ┃ Tot Profit % ┃ Avg Duration ┃  Win  Draw  Loss  Win% ┃
┡━━━━━━━━━━━╇━━━━━━━━╇━━━━━━━━━━━━━━╇━━━━━━━━━━━━━━━━━╇━━━━━━━━━━━━━━╇━━━━━━━━━━━━━━╇━━━━━━━━━━━━━━━━━━━━━━━━┩
│ HOME/USDT │    663 │        -0.13 │         -25.460 │       -16.97 │      0:47:00 │  229     0   434  34.5 │
│  ETH/USDT │    696 │        -0.14 │         -31.226 │       -20.82 │      0:50:00 │  214     0   482  30.7 │
│  XRP/USDT │    742 │        -0.16 │         -38.543 │        -25.7 │      0:50:00 │  204     0   538  27.5 │
│     TOTAL │   2101 │        -0.14 │         -95.230 │       -63.49 │      0:49:00 │  647     0  1454  30.8 │
└───────────┴────────┴──────────────┴─────────────────┴──────────────┴──────────────┴────────────────────────┘
                                         LEFT OPEN TRADES REPORT                                          
┏━━━━━━━┳━━━━━━━━┳━━━━━━━━━━━━━━┳━━━━━━━━━━━━━━━━━┳━━━━━━━━━━━━━━┳━━━━━━━━━━━━━━┳━━━━━━━━━━━━━━━━━━━━━━━━┓
┃  Pair ┃ Trades ┃ Avg Profit % ┃ Tot Profit USDT ┃ Tot Profit % ┃ Avg Duration ┃  Win  Draw  Loss  Win% ┃
┡━━━━━━━╇━━━━━━━━╇━━━━━━━━━━━━━━╇━━━━━━━━━━━━━━━━━╇━━━━━━━━━━━━━━╇━━━━━━━━━━━━━━╇━━━━━━━━━━━━━━━━━━━━━━━━┩
│ TOTAL │      0 │          0.0 │           0.000 │          0.0 │         0:00 │    0     0     0     0 │
└───────┴────────┴──────────────┴─────────────────┴──────────────┴──────────────┴────────────────────────┘
                                                ENTER TAG STATS                                                
┏━━━━━━━━━━━┳━━━━━━━━━┳━━━━━━━━━━━━━━┳━━━━━━━━━━━━━━━━━┳━━━━━━━━━━━━━━┳━━━━━━━━━━━━━━┳━━━━━━━━━━━━━━━━━━━━━━━━┓
┃ Enter Tag ┃ Entries ┃ Avg Profit % ┃ Tot Profit USDT ┃ Tot Profit % ┃ Avg Duration ┃  Win  Draw  Loss  Win% ┃
┡━━━━━━━━━━━╇━━━━━━━━━╇━━━━━━━━━━━━━━╇━━━━━━━━━━━━━━━━━╇━━━━━━━━━━━━━━╇━━━━━━━━━━━━━━╇━━━━━━━━━━━━━━━━━━━━━━━━┩
│     OTHER │    2101 │        -0.14 │         -95.230 │       -63.49 │      0:49:00 │  647     0  1454  30.8 │
│     TOTAL │    2101 │        -0.14 │         -95.230 │       -63.49 │      0:49:00 │  647     0  1454  30.8 │
└───────────┴─────────┴──────────────┴─────────────────┴──────────────┴──────────────┴────────────────────────┘
                                               EXIT REASON STATS                                               
┏━━━━━━━━━━━━━┳━━━━━━━┳━━━━━━━━━━━━━━┳━━━━━━━━━━━━━━━━━┳━━━━━━━━━━━━━━┳━━━━━━━━━━━━━━┳━━━━━━━━━━━━━━━━━━━━━━━━┓
┃ Exit Reason ┃ Exits ┃ Avg Profit % ┃ Tot Profit USDT ┃ Tot Profit % ┃ Avg Duration ┃  Win  Draw  Loss  Win% ┃
┡━━━━━━━━━━━━━╇━━━━━━━╇━━━━━━━━━━━━━━╇━━━━━━━━━━━━━━━━━╇━━━━━━━━━━━━━━╇━━━━━━━━━━━━━━╇━━━━━━━━━━━━━━━━━━━━━━━━┩
│         roi │   133 │         1.01 │          39.169 │        26.11 │      0:05:00 │  133     0     0   100 │
│ exit_signal │  1968 │        -0.22 │        -134.399 │        -89.6 │      0:52:00 │  514     0  1454  26.1 │
│       TOTAL │  2101 │        -0.14 │         -95.230 │       -63.49 │      0:49:00 │  647     0  1454  30.8 │
└─────────────┴───────┴──────────────┴─────────────────┴──────────────┴──────────────┴────────────────────────┘
                                                      MIXED TAG STATS                                                       
┏━━━━━━━━━━━┳━━━━━━━━━━━━━┳━━━━━━━━┳━━━━━━━━━━━━━━┳━━━━━━━━━━━━━━━━━┳━━━━━━━━━━━━━━┳━━━━━━━━━━━━━━┳━━━━━━━━━━━━━━━━━━━━━━━━┓
┃ Enter Tag ┃ Exit Reason ┃ Trades ┃ Avg Profit % ┃ Tot Profit USDT ┃ Tot Profit % ┃ Avg Duration ┃  Win  Draw  Loss  Win% ┃
┡━━━━━━━━━━━╇━━━━━━━━━━━━━╇━━━━━━━━╇━━━━━━━━━━━━━━╇━━━━━━━━━━━━━━━━━╇━━━━━━━━━━━━━━╇━━━━━━━━━━━━━━╇━━━━━━━━━━━━━━━━━━━━━━━━┩
│           │         roi │    133 │         1.01 │          39.169 │        26.11 │      0:05:00 │  133     0     0   100 │
│           │ exit_signal │   1968 │        -0.22 │        -134.399 │        -89.6 │      0:52:00 │  514     0  1454  26.1 │
│     TOTAL │             │   2101 │        -0.14 │         -95.230 │       -63.49 │      0:49:00 │  647     0  1454  30.8 │
└───────────┴─────────────┴────────┴──────────────┴─────────────────┴──────────────┴──────────────┴────────────────────────┘
                         SUMMARY METRICS                          
┏━━━━━━━━━━━━━━━━━━━━━━━━━━━━━━━┳━━━━━━━━━━━━━━━━━━━━━━━━━━━━━━━━┓
┃ Metric                        ┃ Value                          ┃
┡━━━━━━━━━━━━━━━━━━━━━━━━━━━━━━━╇━━━━━━━━━━━━━━━━━━━━━━━━━━━━━━━━┩
│ Backtesting from              │ 2025-04-22 00:00:00            │
│ Backtesting to                │ 2026-04-17 00:00:00            │
│ Trading Mode                  │ Spot                           │
│ Max open trades               │ 3                              │
│                               │                                │
│ Total/Daily Avg Trades        │ 2101 / 5.84                    │
│ Starting balance              │ 150 USDT                       │
│ Final balance                 │ 54.77 USDT                     │
│ Absolute profit               │ -95.23 USDT                    │
│ Total profit %                │ -63.49%                        │
│ CAGR %                        │ -63.99%                        │
│ Sortino                       │ -28.41                         │
│ Sharpe                        │ -17.16                         │
│ Calmar                        │ -5.29                          │
│ SQN                           │ -7.05                          │
│ Profit factor                 │ 0.63                           │
│ Expectancy (Ratio)            │ -0.05 (-0.26)                  │
│ Avg. daily profit             │ -0.265 USDT                    │
│ Avg. stake amount             │ 29.572 USDT                    │
│ Total trade volume            │ 124412.819 USDT                │
│                               │                                │
│ Best Pair                     │ HOME/USDT -16.97%              │
│ Worst Pair                    │ XRP/USDT -25.70%               │
│ Best trade                    │ HOME/USDT 8.92%                │
│ Worst trade                   │ HOME/USDT -7.27%               │
│ Best day                      │ 2.697 USDT                     │
│ Worst day                     │ -3.805 USDT                    │
│ Days win/draw/lose            │ 97 / 3 / 258                   │
│ Min/Max/Avg. Duration Winners │ 0d 00:00 / 0d 03:10 / 0d 01:08 │
│ Min/Max/Avg. Duration Losers  │ 0d 00:05 / 0d 02:30 / 0d 00:40 │
│ Max Consecutive Wins / Loss   │ 8 / 23                         │
│ Rejected Entry signals        │ 0                              │
│ Entry/Exit Timeouts           │ 0 / 0                          │
│                               │                                │
│ Min balance                   │ 54.455 USDT                    │
│ Max balance                   │ 149.406 USDT                   │
│ Max % of account underwater   │ 63.70%                         │
│ Absolute drawdown             │ 95.545 USDT (63.70%)           │
│ Drawdown duration             │ 348 days 18:05:00              │
│ Profit at drawdown start      │ 0 USDT                         │
│ Profit at drawdown end        │ -95.545 USDT                   │
│ Drawdown start                │ 2025-04-24 02:50:00            │
│ Drawdown end                  │ 2026-04-07 20:55:00            │
│ Market change                 │ -10.52%                        │
└───────────────────────────────┴────────────────────────────────┘

Backtested 2025-04-22 00:00:00 -> 2026-04-17 00:00:00 | Max open trades : 3
                                                         STRATEGY SUMMARY                                                          
┏━━━━━━━━━━┳━━━━━━━━┳━━━━━━━━━━━━━━┳━━━━━━━━━━━━━━━━━┳━━━━━━━━━━━━━━┳━━━━━━━━━━━━━━┳━━━━━━━━━━━━━━━━━━━━━━━━┳━━━━━━━━━━━━━━━━━━━━━┓
┃ Strategy ┃ Trades ┃ Avg Profit % ┃ Tot Profit USDT ┃ Tot Profit % ┃ Avg Duration ┃  Win  Draw  Loss  Win% ┃            Drawdown ┃
┡━━━━━━━━━━╇━━━━━━━━╇━━━━━━━━━━━━━━╇━━━━━━━━━━━━━━━━━╇━━━━━━━━━━━━━━╇━━━━━━━━━━━━━━╇━━━━━━━━━━━━━━━━━━━━━━━━╇━━━━━━━━━━━━━━━━━━━━━┩
│      yes │   2101 │        -0.14 │         -95.230 │       -63.49 │      0:49:00 │  647     0  1454  30.8 │ 95.545 USDT  63.70% │
└──────────┴────────┴──────────────┴─────────────────┴──────────────┴──────────────┴────────────────────────┴─────────────────────┘