2026-04-25 22:36:20,397 - freqtrade - INFO - freqtrade 2026.3
2026-04-25 22:36:21,438 - freqtrade.configuration.load_config - INFO - Using config: /home/mohs/Desktop/ae/pyside6/user_data/config.json ...
2026-04-25 22:36:21,440 - freqtrade.loggers - INFO - Enabling colorized output.
2026-04-25 22:36:21,440 - freqtrade.loggers - INFO - Logfile configured
2026-04-25 22:36:21,441 - freqtrade.loggers - INFO - Verbosity set to 0
2026-04-25 22:36:21,441 - freqtrade.configuration.configuration - INFO - Using additional Strategy lookup path: 
/home/mohs/Desktop/ae/pyside6/user_data/optimizer/sessions/00d5d57f-9960-4dcc-ac23-ec438d4ba9c3/trial_091/strategy_dir
2026-04-25 22:36:21,441 - freqtrade.configuration.configuration - WARNING - `force_entry_enable` RPC message enabled.
2026-04-25 22:36:21,442 - freqtrade.configuration.configuration - INFO - Parameter -i/--timeframe detected ... Using timeframe: 5m ...
2026-04-25 22:36:21,442 - freqtrade.configuration.configuration - INFO - Parameter --max-open-trades detected, overriding max_open_trades to: 3 ...
2026-04-25 22:36:21,442 - freqtrade.configuration.configuration - INFO - Parameter --dry-run-wallet detected, overriding dry_run_wallet to: 150.0 ...
2026-04-25 22:36:21,442 - freqtrade.configuration.configuration - INFO - Parameter --timerange detected: 20250422-20260417 ...
2026-04-25 22:36:21,443 - freqtrade.configuration.configuration - INFO - Using user-data directory: /home/mohs/Desktop/ae/pyside6/user_data ...
2026-04-25 22:36:21,443 - freqtrade.configuration.configuration - INFO - Using data directory: /home/mohs/Desktop/ae/pyside6/user_data/data/binance ...
2026-04-25 22:36:21,443 - freqtrade.configuration.configuration - INFO - Parameter --export detected: trades ...
2026-04-25 22:36:21,444 - freqtrade.configuration.configuration - INFO - Parameter --cache=day detected ...
2026-04-25 22:36:21,444 - freqtrade.configuration.configuration - INFO - Using pairs ['XRP/USDT', 'ETH/USDT', 'HOME/USDT']
2026-04-25 22:36:21,444 - freqtrade.configuration.configuration - INFO - Filter trades by timerange: 20250422-20260417
2026-04-25 22:36:21,444 - freqtrade.exchange.check_exchange - INFO - Checking exchange...
2026-04-25 22:36:21,450 - freqtrade.exchange.check_exchange - INFO - Exchange "binance" is officially supported by the Freqtrade development team.
2026-04-25 22:36:21,451 - freqtrade.configuration.config_validation - INFO - Validating configuration ...
2026-04-25 22:36:21,453 - freqtrade.commands.optimize_commands - INFO - Starting freqtrade in Backtesting mode
2026-04-25 22:36:21,453 - freqtrade.exchange.exchange - INFO - Instance is running with dry_run enabled
2026-04-25 22:36:21,453 - freqtrade.exchange.exchange - INFO - Using CCXT 4.5.50
2026-04-25 22:36:21,454 - freqtrade.exchange.exchange - INFO - Applying additional ccxt config: {'enableRateLimit': True, 'timeout': 120000}
2026-04-25 22:36:21,459 - freqtrade.exchange.exchange - INFO - Applying additional ccxt config: {'enableRateLimit': True, 'timeout': 120000}
2026-04-25 22:36:21,465 - freqtrade.exchange.exchange - INFO - Using Exchange "Binance"
2026-04-25 22:36:22,656 - freqtrade.resolvers.exchange_resolver - INFO - Using resolved exchange 'Binance'...
2026-04-25 22:36:22,664 - freqtrade.resolvers.iresolver - INFO - Using resolved strategy yes from 
'/home/mohs/Desktop/ae/pyside6/user_data/optimizer/sessions/00d5d57f-9960-4dcc-ac23-ec438d4ba9c3/trial_091/strategy_dir/yes.py'...
2026-04-25 22:36:22,664 - freqtrade.strategy.hyper - INFO - Loading parameters from file 
/home/mohs/Desktop/ae/pyside6/user_data/optimizer/sessions/00d5d57f-9960-4dcc-ac23-ec438d4ba9c3/trial_091/strategy_dir/yes.json
2026-04-25 22:36:22,665 - freqtrade.resolvers.strategy_resolver - INFO - Override strategy 'timeframe' with value from the configuration: 5m.
2026-04-25 22:36:22,665 - freqtrade.resolvers.strategy_resolver - INFO - Override strategy 'stake_currency' with value from the configuration: USDT.
2026-04-25 22:36:22,665 - freqtrade.resolvers.strategy_resolver - INFO - Override strategy 'stake_amount' with value from the configuration: unlimited.
2026-04-25 22:36:22,666 - freqtrade.resolvers.strategy_resolver - INFO - Override strategy 'use_exit_signal' with value from the configuration: True.
2026-04-25 22:36:22,666 - freqtrade.resolvers.strategy_resolver - INFO - Override strategy 'max_open_trades' with value from the configuration: 3.
2026-04-25 22:36:22,666 - freqtrade.resolvers.strategy_resolver - INFO - Strategy using minimal_roi: {'0': 1.7728453847322194, '13': 0.24997182941784024, '146': 0.025512415707903743, '38': 
0.6728283854878684}
2026-04-25 22:36:22,667 - freqtrade.resolvers.strategy_resolver - INFO - Strategy using timeframe: 5m
2026-04-25 22:36:22,667 - freqtrade.resolvers.strategy_resolver - INFO - Strategy using stoploss: -0.7184259637553339
2026-04-25 22:36:22,667 - freqtrade.resolvers.strategy_resolver - INFO - Strategy using trailing_stop: False
2026-04-25 22:36:22,667 - freqtrade.resolvers.strategy_resolver - INFO - Strategy using trailing_stop_positive: 0.1704970171987514
2026-04-25 22:36:22,668 - freqtrade.resolvers.strategy_resolver - INFO - Strategy using trailing_stop_positive_offset: 0.403795429780586
2026-04-25 22:36:22,668 - freqtrade.resolvers.strategy_resolver - INFO - Strategy using trailing_only_offset_is_reached: True
2026-04-25 22:36:22,668 - freqtrade.resolvers.strategy_resolver - INFO - Strategy using use_custom_stoploss: False
2026-04-25 22:36:22,668 - freqtrade.resolvers.strategy_resolver - INFO - Strategy using process_only_new_candles: True
2026-04-25 22:36:22,669 - freqtrade.resolvers.strategy_resolver - INFO - Strategy using order_types: {'entry': 'limit', 'exit': 'limit', 'stoploss': 'limit', 'stoploss_on_exchange': False, 
'stoploss_on_exchange_interval': 60}
2026-04-25 22:36:22,669 - freqtrade.resolvers.strategy_resolver - INFO - Strategy using order_time_in_force: {'entry': 'GTC', 'exit': 'GTC'}
2026-04-25 22:36:22,669 - freqtrade.resolvers.strategy_resolver - INFO - Strategy using stake_currency: USDT
2026-04-25 22:36:22,670 - freqtrade.resolvers.strategy_resolver - INFO - Strategy using stake_amount: unlimited
2026-04-25 22:36:22,670 - freqtrade.resolvers.strategy_resolver - INFO - Strategy using startup_candle_count: 0
2026-04-25 22:36:22,670 - freqtrade.resolvers.strategy_resolver - INFO - Strategy using use_exit_signal: True
2026-04-25 22:36:22,671 - freqtrade.resolvers.strategy_resolver - INFO - Strategy using exit_profit_only: False
2026-04-25 22:36:22,671 - freqtrade.resolvers.strategy_resolver - INFO - Strategy using ignore_roi_if_entry_signal: False
2026-04-25 22:36:22,671 - freqtrade.resolvers.strategy_resolver - INFO - Strategy using exit_profit_offset: 0.0
2026-04-25 22:36:22,671 - freqtrade.resolvers.strategy_resolver - INFO - Strategy using disable_dataframe_checks: False
2026-04-25 22:36:22,671 - freqtrade.resolvers.strategy_resolver - INFO - Strategy using ignore_buying_expired_candle_after: 0
2026-04-25 22:36:22,672 - freqtrade.resolvers.strategy_resolver - INFO - Strategy using position_adjustment_enable: False
2026-04-25 22:36:22,672 - freqtrade.resolvers.strategy_resolver - INFO - Strategy using max_entry_position_adjustment: -1
2026-04-25 22:36:22,672 - freqtrade.resolvers.strategy_resolver - INFO - Strategy using max_open_trades: 3
2026-04-25 22:36:22,673 - freqtrade.configuration.config_validation - INFO - Validating configuration ...
2026-04-25 22:36:22,676 - freqtrade.resolvers.iresolver - INFO - Using resolved pairlist StaticPairList from 
'/home/mohs/Desktop/ae/pyside6/.venv/lib/python3.12/site-packages/freqtrade/plugins/pairlist/StaticPairList.py'...
2026-04-25 22:36:22,689 - freqtrade.optimize.backtesting - INFO - Using fee 0.1000% - worst case fee from exchange (lowest tier).
2026-04-25 22:36:22,829 - freqtrade.data.history.datahandlers.idatahandler - WARNING - XRP/USDT, spot, 5m, data ends at 2026-04-11 01:45:00
2026-04-25 22:36:23,232 - freqtrade.data.history.datahandlers.idatahandler - WARNING - HOME/USDT, spot, 5m, data starts at 2025-06-12 15:00:00
2026-04-25 22:36:23,261 - freqtrade.optimize.backtesting - INFO - Loading data from 2025-04-22 00:00:00 up to 2026-04-17 00:00:00 (360 days).
2026-04-25 22:36:25,313 - freqtrade.optimize.backtesting - INFO - Dataload complete. Calculating indicators
2026-04-25 22:36:25,321 - freqtrade.optimize.backtesting - INFO - Running backtesting for Strategy yes
2026-04-25 22:36:25,321 - freqtrade.strategy.hyper - INFO - Strategy Parameter: buy_ma_count = 7
2026-04-25 22:36:25,321 - freqtrade.strategy.hyper - INFO - Strategy Parameter: buy_ma_gap = 23
2026-04-25 22:36:25,322 - freqtrade.strategy.hyper - INFO - Strategy Parameter: sell_ma_count = 8
2026-04-25 22:36:25,322 - freqtrade.strategy.hyper - INFO - Strategy Parameter: sell_ma_gap = 49
2026-04-25 22:36:25,431 - freqtrade.optimize.backtesting - INFO - Backtesting with data from 2025-04-22 00:00:00 up to 2026-04-17 00:00:00 (360 days).
/home/mohs/Desktop/ae/pyside6/.venv/lib/python3.12/site-packages/freqtrade/data/metrics.py:77: FutureWarning: The default fill_method='pad' in DataFrame.pct_change is deprecated and will be removed in a future version. Either fill in any non-leading NA values prior to calling pct_change or specify 'fill_method=None' to not fill NA values.
  rel_mean = df_comb.pct_change().mean(axis=1).fillna(0).cumsum()
2026-04-25 22:36:29,580 - freqtrade.misc - INFO - dumping json to "/home/mohs/Desktop/ae/pyside6/user_data/backtest_results/backtest-result-2026-04-25_22-36-29.meta.json"
Result for strategy yes
                                              BACKTESTING REPORT                                              
┏━━━━━━━━━━━┳━━━━━━━━┳━━━━━━━━━━━━━━┳━━━━━━━━━━━━━━━━━┳━━━━━━━━━━━━━━┳━━━━━━━━━━━━━━┳━━━━━━━━━━━━━━━━━━━━━━━━┓
┃      Pair ┃ Trades ┃ Avg Profit % ┃ Tot Profit USDT ┃ Tot Profit % ┃ Avg Duration ┃  Win  Draw  Loss  Win% ┃
┡━━━━━━━━━━━╇━━━━━━━━╇━━━━━━━━━━━━━━╇━━━━━━━━━━━━━━━━━╇━━━━━━━━━━━━━━╇━━━━━━━━━━━━━━╇━━━━━━━━━━━━━━━━━━━━━━━━┩
│  XRP/USDT │    312 │        -0.11 │         -13.285 │        -8.86 │      2:29:00 │  105     0   207  33.7 │
│  ETH/USDT │    303 │        -0.11 │         -14.162 │        -9.44 │      2:33:00 │   99     0   204  32.7 │
│ HOME/USDT │    290 │        -0.28 │         -31.833 │       -21.22 │      2:17:00 │   91     0   199  31.4 │
│     TOTAL │    905 │        -0.16 │         -59.280 │       -39.52 │      2:26:00 │  295     0   610  32.6 │
└───────────┴────────┴──────────────┴─────────────────┴──────────────┴──────────────┴────────────────────────┘
                                           LEFT OPEN TRADES REPORT                                            
┏━━━━━━━━━━━┳━━━━━━━━┳━━━━━━━━━━━━━━┳━━━━━━━━━━━━━━━━━┳━━━━━━━━━━━━━━┳━━━━━━━━━━━━━━┳━━━━━━━━━━━━━━━━━━━━━━━━┓
┃      Pair ┃ Trades ┃ Avg Profit % ┃ Tot Profit USDT ┃ Tot Profit % ┃ Avg Duration ┃  Win  Draw  Loss  Win% ┃
┡━━━━━━━━━━━╇━━━━━━━━╇━━━━━━━━━━━━━━╇━━━━━━━━━━━━━━━━━╇━━━━━━━━━━━━━━╇━━━━━━━━━━━━━━╇━━━━━━━━━━━━━━━━━━━━━━━━┩
│ HOME/USDT │      1 │         0.01 │           0.004 │          0.0 │      2:25:00 │    1     0     0   100 │
│     TOTAL │      1 │         0.01 │           0.004 │          0.0 │      2:25:00 │    1     0     0   100 │
└───────────┴────────┴──────────────┴─────────────────┴──────────────┴──────────────┴────────────────────────┘
                                                ENTER TAG STATS                                                
┏━━━━━━━━━━━┳━━━━━━━━━┳━━━━━━━━━━━━━━┳━━━━━━━━━━━━━━━━━┳━━━━━━━━━━━━━━┳━━━━━━━━━━━━━━┳━━━━━━━━━━━━━━━━━━━━━━━━┓
┃ Enter Tag ┃ Entries ┃ Avg Profit % ┃ Tot Profit USDT ┃ Tot Profit % ┃ Avg Duration ┃  Win  Draw  Loss  Win% ┃
┡━━━━━━━━━━━╇━━━━━━━━━╇━━━━━━━━━━━━━━╇━━━━━━━━━━━━━━━━━╇━━━━━━━━━━━━━━╇━━━━━━━━━━━━━━╇━━━━━━━━━━━━━━━━━━━━━━━━┩
│     OTHER │     905 │        -0.16 │         -59.280 │       -39.52 │      2:26:00 │  295     0   610  32.6 │
│     TOTAL │     905 │        -0.16 │         -59.280 │       -39.52 │      2:26:00 │  295     0   610  32.6 │
└───────────┴─────────┴──────────────┴─────────────────┴──────────────┴──────────────┴────────────────────────┘
                                               EXIT REASON STATS                                               
┏━━━━━━━━━━━━━┳━━━━━━━┳━━━━━━━━━━━━━━┳━━━━━━━━━━━━━━━━━┳━━━━━━━━━━━━━━┳━━━━━━━━━━━━━━┳━━━━━━━━━━━━━━━━━━━━━━━━┓
┃ Exit Reason ┃ Exits ┃ Avg Profit % ┃ Tot Profit USDT ┃ Tot Profit % ┃ Avg Duration ┃  Win  Draw  Loss  Win% ┃
┡━━━━━━━━━━━━━╇━━━━━━━╇━━━━━━━━━━━━━━╇━━━━━━━━━━━━━━━━━╇━━━━━━━━━━━━━━╇━━━━━━━━━━━━━━╇━━━━━━━━━━━━━━━━━━━━━━━━┩
│         roi │    89 │         3.16 │         109.680 │        73.12 │      2:56:00 │   89     0     0   100 │
│  force_exit │     1 │         0.01 │           0.004 │          0.0 │      2:25:00 │    1     0     0   100 │
│ exit_signal │   815 │        -0.53 │        -168.965 │      -112.64 │      2:23:00 │  205     0   610  25.2 │
│       TOTAL │   905 │        -0.16 │         -59.280 │       -39.52 │      2:26:00 │  295     0   610  32.6 │
└─────────────┴───────┴──────────────┴─────────────────┴──────────────┴──────────────┴────────────────────────┘
                                                      MIXED TAG STATS                                                       
┏━━━━━━━━━━━┳━━━━━━━━━━━━━┳━━━━━━━━┳━━━━━━━━━━━━━━┳━━━━━━━━━━━━━━━━━┳━━━━━━━━━━━━━━┳━━━━━━━━━━━━━━┳━━━━━━━━━━━━━━━━━━━━━━━━┓
┃ Enter Tag ┃ Exit Reason ┃ Trades ┃ Avg Profit % ┃ Tot Profit USDT ┃ Tot Profit % ┃ Avg Duration ┃  Win  Draw  Loss  Win% ┃
┡━━━━━━━━━━━╇━━━━━━━━━━━━━╇━━━━━━━━╇━━━━━━━━━━━━━━╇━━━━━━━━━━━━━━━━━╇━━━━━━━━━━━━━━╇━━━━━━━━━━━━━━╇━━━━━━━━━━━━━━━━━━━━━━━━┩
│           │         roi │     89 │         3.16 │         109.680 │        73.12 │      2:56:00 │   89     0     0   100 │
│           │  force_exit │      1 │         0.01 │           0.004 │          0.0 │      2:25:00 │    1     0     0   100 │
│           │ exit_signal │    815 │        -0.53 │        -168.965 │      -112.64 │      2:23:00 │  205     0   610  25.2 │
│     TOTAL │             │    905 │        -0.16 │         -59.280 │       -39.52 │      2:26:00 │  295     0   610  32.6 │
└───────────┴─────────────┴────────┴──────────────┴─────────────────┴──────────────┴──────────────┴────────────────────────┘
                         SUMMARY METRICS                          
┏━━━━━━━━━━━━━━━━━━━━━━━━━━━━━━━┳━━━━━━━━━━━━━━━━━━━━━━━━━━━━━━━━┓
┃ Metric                        ┃ Value                          ┃
┡━━━━━━━━━━━━━━━━━━━━━━━━━━━━━━━╇━━━━━━━━━━━━━━━━━━━━━━━━━━━━━━━━┩
│ Backtesting from              │ 2025-04-22 00:00:00            │
│ Backtesting to                │ 2026-04-17 00:00:00            │
│ Trading Mode                  │ Spot                           │
│ Max open trades               │ 3                              │
│                               │                                │
│ Total/Daily Avg Trades        │ 905 / 2.51                     │
│ Starting balance              │ 150 USDT                       │
│ Final balance                 │ 90.72 USDT                     │
│ Absolute profit               │ -59.28 USDT                    │
│ Total profit %                │ -39.52%                        │
│ CAGR %                        │ -39.94%                        │
│ Sortino                       │ -8.51                          │
│ Sharpe                        │ -5.11                          │
│ Calmar                        │ -5.07                          │
│ SQN                           │ -3.20                          │
│ Profit factor                 │ 0.74                           │
│ Expectancy (Ratio)            │ -0.07 (-0.18)                  │
│ Avg. daily profit             │ -0.165 USDT                    │
│ Avg. stake amount             │ 39.059 USDT                    │
│ Total trade volume            │ 70779.803 USDT                 │
│                               │                                │
│ Best Pair                     │ XRP/USDT -8.86%                │
│ Worst Pair                    │ HOME/USDT -21.22%              │
│ Best trade                    │ HOME/USDT 7.24%                │
│ Worst trade                   │ HOME/USDT -8.96%               │
│ Best day                      │ 5.422 USDT                     │
│ Worst day                     │ -4.938 USDT                    │
│ Days win/draw/lose            │ 103 / 74 / 182                 │
│ Min/Max/Avg. Duration Winners │ 0d 01:40 / 0d 11:20 / 0d 03:26 │
│ Min/Max/Avg. Duration Losers  │ 0d 00:05 / 0d 05:30 / 0d 01:58 │
│ Max Consecutive Wins / Loss   │ 6 / 23                         │
│ Rejected Entry signals        │ 0                              │
│ Entry/Exit Timeouts           │ 0 / 0                          │
│                               │                                │
│ Min balance                   │ 88.047 USDT                    │
│ Max balance                   │ 150.145 USDT                   │
│ Max % of account underwater   │ 41.36%                         │
│ Absolute drawdown             │ 62.098 USDT (41.36%)           │
│ Drawdown duration             │ 343 days 19:10:00              │
│ Profit at drawdown start      │ 0.145 USDT                     │
│ Profit at drawdown end        │ -61.953 USDT                   │
│ Drawdown start                │ 2025-04-24 14:30:00            │
│ Drawdown end                  │ 2026-04-03 09:40:00            │
│ Market change                 │ -10.52%                        │
└───────────────────────────────┴────────────────────────────────┘

Backtested 2025-04-22 00:00:00 -> 2026-04-17 00:00:00 | Max open trades : 3
                                                         STRATEGY SUMMARY                                                          
┏━━━━━━━━━━┳━━━━━━━━┳━━━━━━━━━━━━━━┳━━━━━━━━━━━━━━━━━┳━━━━━━━━━━━━━━┳━━━━━━━━━━━━━━┳━━━━━━━━━━━━━━━━━━━━━━━━┳━━━━━━━━━━━━━━━━━━━━━┓
┃ Strategy ┃ Trades ┃ Avg Profit % ┃ Tot Profit USDT ┃ Tot Profit % ┃ Avg Duration ┃  Win  Draw  Loss  Win% ┃            Drawdown ┃
┡━━━━━━━━━━╇━━━━━━━━╇━━━━━━━━━━━━━━╇━━━━━━━━━━━━━━━━━╇━━━━━━━━━━━━━━╇━━━━━━━━━━━━━━╇━━━━━━━━━━━━━━━━━━━━━━━━╇━━━━━━━━━━━━━━━━━━━━━┩
│      yes │    905 │        -0.16 │         -59.280 │       -39.52 │      2:26:00 │  295     0   610  32.6 │ 62.098 USDT  41.36% │
└──────────┴────────┴──────────────┴─────────────────┴──────────────┴──────────────┴────────────────────────┴─────────────────────┘