2026-04-25 21:59:21,911 - freqtrade - INFO - freqtrade 2026.3
2026-04-25 21:59:22,953 - freqtrade.configuration.load_config - INFO - Using config: /home/mohs/Desktop/ae/pyside6/user_data/config.json ...
2026-04-25 21:59:22,955 - freqtrade.loggers - INFO - Enabling colorized output.
2026-04-25 21:59:22,956 - freqtrade.loggers - INFO - Logfile configured
2026-04-25 21:59:22,956 - freqtrade.loggers - INFO - Verbosity set to 0
2026-04-25 21:59:22,957 - freqtrade.configuration.configuration - INFO - Using additional Strategy lookup path: 
/home/mohs/Desktop/ae/pyside6/user_data/optimizer/sessions/cc8d7aa3-4a01-4b96-b398-01484bd54a80/trial_028/strategy_dir
2026-04-25 21:59:22,957 - freqtrade.configuration.configuration - WARNING - `force_entry_enable` RPC message enabled.
2026-04-25 21:59:22,957 - freqtrade.configuration.configuration - INFO - Parameter -i/--timeframe detected ... Using timeframe: 5m ...
2026-04-25 21:59:22,957 - freqtrade.configuration.configuration - INFO - Parameter --max-open-trades detected, overriding max_open_trades to: 3 ...
2026-04-25 21:59:22,958 - freqtrade.configuration.configuration - INFO - Parameter --dry-run-wallet detected, overriding dry_run_wallet to: 150.0 ...
2026-04-25 21:59:22,958 - freqtrade.configuration.configuration - INFO - Parameter --timerange detected: 20250422-20260417 ...
2026-04-25 21:59:22,958 - freqtrade.configuration.configuration - INFO - Using user-data directory: /home/mohs/Desktop/ae/pyside6/user_data ...
2026-04-25 21:59:22,959 - freqtrade.configuration.configuration - INFO - Using data directory: /home/mohs/Desktop/ae/pyside6/user_data/data/binance ...
2026-04-25 21:59:22,959 - freqtrade.configuration.configuration - INFO - Parameter --export detected: trades ...
2026-04-25 21:59:22,959 - freqtrade.configuration.configuration - INFO - Parameter --cache=day detected ...
2026-04-25 21:59:22,960 - freqtrade.configuration.configuration - INFO - Using pairs ['XRP/USDT', 'ETH/USDT', 'HOME/USDT']
2026-04-25 21:59:22,960 - freqtrade.configuration.configuration - INFO - Filter trades by timerange: 20250422-20260417
2026-04-25 21:59:22,960 - freqtrade.exchange.check_exchange - INFO - Checking exchange...
2026-04-25 21:59:22,966 - freqtrade.exchange.check_exchange - INFO - Exchange "binance" is officially supported by the Freqtrade development team.
2026-04-25 21:59:22,967 - freqtrade.configuration.config_validation - INFO - Validating configuration ...
2026-04-25 21:59:22,968 - freqtrade.commands.optimize_commands - INFO - Starting freqtrade in Backtesting mode
2026-04-25 21:59:22,969 - freqtrade.exchange.exchange - INFO - Instance is running with dry_run enabled
2026-04-25 21:59:22,969 - freqtrade.exchange.exchange - INFO - Using CCXT 4.5.50
2026-04-25 21:59:22,969 - freqtrade.exchange.exchange - INFO - Applying additional ccxt config: {'enableRateLimit': True, 'timeout': 120000}
2026-04-25 21:59:22,975 - freqtrade.exchange.exchange - INFO - Applying additional ccxt config: {'enableRateLimit': True, 'timeout': 120000}
2026-04-25 21:59:22,980 - freqtrade.exchange.exchange - INFO - Using Exchange "Binance"
2026-04-25 21:59:24,123 - freqtrade.resolvers.exchange_resolver - INFO - Using resolved exchange 'Binance'...
2026-04-25 21:59:24,131 - freqtrade.resolvers.iresolver - INFO - Using resolved strategy yes from 
'/home/mohs/Desktop/ae/pyside6/user_data/optimizer/sessions/cc8d7aa3-4a01-4b96-b398-01484bd54a80/trial_028/strategy_dir/yes.py'...
2026-04-25 21:59:24,131 - freqtrade.strategy.hyper - INFO - Loading parameters from file 
/home/mohs/Desktop/ae/pyside6/user_data/optimizer/sessions/cc8d7aa3-4a01-4b96-b398-01484bd54a80/trial_028/strategy_dir/yes.json
2026-04-25 21:59:24,132 - freqtrade.resolvers.strategy_resolver - INFO - Override strategy 'timeframe' with value from the configuration: 5m.
2026-04-25 21:59:24,132 - freqtrade.resolvers.strategy_resolver - INFO - Override strategy 'stake_currency' with value from the configuration: USDT.
2026-04-25 21:59:24,132 - freqtrade.resolvers.strategy_resolver - INFO - Override strategy 'stake_amount' with value from the configuration: unlimited.
2026-04-25 21:59:24,133 - freqtrade.resolvers.strategy_resolver - INFO - Override strategy 'use_exit_signal' with value from the configuration: True.
2026-04-25 21:59:24,133 - freqtrade.resolvers.strategy_resolver - INFO - Override strategy 'max_open_trades' with value from the configuration: 3.
2026-04-25 21:59:24,133 - freqtrade.resolvers.strategy_resolver - INFO - Strategy using minimal_roi: {'0': 0.1674909454899386, '13': 1.3101777224540554, '146': 0.2693200181948608, '38': 
0.0819065602616954}
2026-04-25 21:59:24,133 - freqtrade.resolvers.strategy_resolver - INFO - Strategy using timeframe: 5m
2026-04-25 21:59:24,134 - freqtrade.resolvers.strategy_resolver - INFO - Strategy using stoploss: -0.5209055312845948
2026-04-25 21:59:24,134 - freqtrade.resolvers.strategy_resolver - INFO - Strategy using trailing_stop: False
2026-04-25 21:59:24,134 - freqtrade.resolvers.strategy_resolver - INFO - Strategy using trailing_stop_positive: 0.3661038954074415
2026-04-25 21:59:24,134 - freqtrade.resolvers.strategy_resolver - INFO - Strategy using trailing_stop_positive_offset: 0.390480622404852
2026-04-25 21:59:24,135 - freqtrade.resolvers.strategy_resolver - INFO - Strategy using trailing_only_offset_is_reached: False
2026-04-25 21:59:24,135 - freqtrade.resolvers.strategy_resolver - INFO - Strategy using use_custom_stoploss: False
2026-04-25 21:59:24,135 - freqtrade.resolvers.strategy_resolver - INFO - Strategy using process_only_new_candles: True
2026-04-25 21:59:24,135 - freqtrade.resolvers.strategy_resolver - INFO - Strategy using order_types: {'entry': 'limit', 'exit': 'limit', 'stoploss': 'limit', 'stoploss_on_exchange': False, 
'stoploss_on_exchange_interval': 60}
2026-04-25 21:59:24,136 - freqtrade.resolvers.strategy_resolver - INFO - Strategy using order_time_in_force: {'entry': 'GTC', 'exit': 'GTC'}
2026-04-25 21:59:24,136 - freqtrade.resolvers.strategy_resolver - INFO - Strategy using stake_currency: USDT
2026-04-25 21:59:24,136 - freqtrade.resolvers.strategy_resolver - INFO - Strategy using stake_amount: unlimited
2026-04-25 21:59:24,136 - freqtrade.resolvers.strategy_resolver - INFO - Strategy using startup_candle_count: 0
2026-04-25 21:59:24,137 - freqtrade.resolvers.strategy_resolver - INFO - Strategy using use_exit_signal: True
2026-04-25 21:59:24,137 - freqtrade.resolvers.strategy_resolver - INFO - Strategy using exit_profit_only: False
2026-04-25 21:59:24,137 - freqtrade.resolvers.strategy_resolver - INFO - Strategy using ignore_roi_if_entry_signal: False
2026-04-25 21:59:24,138 - freqtrade.resolvers.strategy_resolver - INFO - Strategy using exit_profit_offset: 0.0
2026-04-25 21:59:24,138 - freqtrade.resolvers.strategy_resolver - INFO - Strategy using disable_dataframe_checks: False
2026-04-25 21:59:24,138 - freqtrade.resolvers.strategy_resolver - INFO - Strategy using ignore_buying_expired_candle_after: 0
2026-04-25 21:59:24,138 - freqtrade.resolvers.strategy_resolver - INFO - Strategy using position_adjustment_enable: False
2026-04-25 21:59:24,139 - freqtrade.resolvers.strategy_resolver - INFO - Strategy using max_entry_position_adjustment: -1
2026-04-25 21:59:24,139 - freqtrade.resolvers.strategy_resolver - INFO - Strategy using max_open_trades: 3
2026-04-25 21:59:24,139 - freqtrade.configuration.config_validation - INFO - Validating configuration ...
2026-04-25 21:59:24,143 - freqtrade.resolvers.iresolver - INFO - Using resolved pairlist StaticPairList from 
'/home/mohs/Desktop/ae/pyside6/.venv/lib/python3.12/site-packages/freqtrade/plugins/pairlist/StaticPairList.py'...
2026-04-25 21:59:24,155 - freqtrade.optimize.backtesting - INFO - Using fee 0.1000% - worst case fee from exchange (lowest tier).
2026-04-25 21:59:24,293 - freqtrade.data.history.datahandlers.idatahandler - WARNING - XRP/USDT, spot, 5m, data ends at 2026-04-11 01:45:00
2026-04-25 21:59:24,686 - freqtrade.data.history.datahandlers.idatahandler - WARNING - HOME/USDT, spot, 5m, data starts at 2025-06-12 15:00:00
2026-04-25 21:59:24,715 - freqtrade.optimize.backtesting - INFO - Loading data from 2025-04-22 00:00:00 up to 2026-04-17 00:00:00 (360 days).
2026-04-25 21:59:26,767 - freqtrade.optimize.backtesting - INFO - Dataload complete. Calculating indicators
2026-04-25 21:59:26,772 - freqtrade.optimize.backtesting - INFO - Running backtesting for Strategy yes
2026-04-25 21:59:26,773 - freqtrade.strategy.hyper - INFO - Strategy Parameter: buy_ma_count = 7
2026-04-25 21:59:26,773 - freqtrade.strategy.hyper - INFO - Strategy Parameter: buy_ma_gap = 17
2026-04-25 21:59:26,773 - freqtrade.strategy.hyper - INFO - Strategy Parameter: sell_ma_count = 8
2026-04-25 21:59:26,774 - freqtrade.strategy.hyper - INFO - Strategy Parameter: sell_ma_gap = 5
2026-04-25 21:59:26,883 - freqtrade.optimize.backtesting - INFO - Backtesting with data from 2025-04-22 00:00:00 up to 2026-04-17 00:00:00 (360 days).
/home/mohs/Desktop/ae/pyside6/.venv/lib/python3.12/site-packages/freqtrade/data/metrics.py:77: FutureWarning: The default fill_method='pad' in DataFrame.pct_change is deprecated and will be removed in a future version. Either fill in any non-leading NA values prior to calling pct_change or specify 'fill_method=None' to not fill NA values.
  rel_mean = df_comb.pct_change().mean(axis=1).fillna(0).cumsum()
2026-04-25 21:59:32,731 - freqtrade.misc - INFO - dumping json to "/home/mohs/Desktop/ae/pyside6/user_data/backtest_results/backtest-result-2026-04-25_21-59-32.meta.json"
Result for strategy yes
                                              BACKTESTING REPORT                                              
┏━━━━━━━━━━━┳━━━━━━━━┳━━━━━━━━━━━━━━┳━━━━━━━━━━━━━━━━━┳━━━━━━━━━━━━━━┳━━━━━━━━━━━━━━┳━━━━━━━━━━━━━━━━━━━━━━━━┓
┃      Pair ┃ Trades ┃ Avg Profit % ┃ Tot Profit USDT ┃ Tot Profit % ┃ Avg Duration ┃  Win  Draw  Loss  Win% ┃
┡━━━━━━━━━━━╇━━━━━━━━╇━━━━━━━━━━━━━━╇━━━━━━━━━━━━━━━━━╇━━━━━━━━━━━━━━╇━━━━━━━━━━━━━━╇━━━━━━━━━━━━━━━━━━━━━━━━┩
│ HOME/USDT │    764 │        -0.15 │         -29.082 │       -19.39 │      1:00:00 │  230     0   534  30.1 │
│  ETH/USDT │    847 │        -0.16 │         -36.555 │       -24.37 │      0:59:00 │  239     0   608  28.2 │
│  XRP/USDT │    895 │        -0.19 │         -48.226 │       -32.15 │      0:58:00 │  225     0   670  25.1 │
│     TOTAL │   2506 │        -0.17 │        -113.863 │       -75.91 │      0:59:00 │  694     0  1812  27.7 │
└───────────┴────────┴──────────────┴─────────────────┴──────────────┴──────────────┴────────────────────────┘
                                         LEFT OPEN TRADES REPORT                                          
┏━━━━━━━┳━━━━━━━━┳━━━━━━━━━━━━━━┳━━━━━━━━━━━━━━━━━┳━━━━━━━━━━━━━━┳━━━━━━━━━━━━━━┳━━━━━━━━━━━━━━━━━━━━━━━━┓
┃  Pair ┃ Trades ┃ Avg Profit % ┃ Tot Profit USDT ┃ Tot Profit % ┃ Avg Duration ┃  Win  Draw  Loss  Win% ┃
┡━━━━━━━╇━━━━━━━━╇━━━━━━━━━━━━━━╇━━━━━━━━━━━━━━━━━╇━━━━━━━━━━━━━━╇━━━━━━━━━━━━━━╇━━━━━━━━━━━━━━━━━━━━━━━━┩
│ TOTAL │      0 │          0.0 │           0.000 │          0.0 │         0:00 │    0     0     0     0 │
└───────┴────────┴──────────────┴─────────────────┴──────────────┴──────────────┴────────────────────────┘
                                                ENTER TAG STATS                                                
┏━━━━━━━━━━━┳━━━━━━━━━┳━━━━━━━━━━━━━━┳━━━━━━━━━━━━━━━━━┳━━━━━━━━━━━━━━┳━━━━━━━━━━━━━━┳━━━━━━━━━━━━━━━━━━━━━━━━┓
┃ Enter Tag ┃ Entries ┃ Avg Profit % ┃ Tot Profit USDT ┃ Tot Profit % ┃ Avg Duration ┃  Win  Draw  Loss  Win% ┃
┡━━━━━━━━━━━╇━━━━━━━━━╇━━━━━━━━━━━━━━╇━━━━━━━━━━━━━━━━━╇━━━━━━━━━━━━━━╇━━━━━━━━━━━━━━╇━━━━━━━━━━━━━━━━━━━━━━━━┩
│     OTHER │    2506 │        -0.17 │        -113.863 │       -75.91 │      0:59:00 │  694     0  1812  27.7 │
│     TOTAL │    2506 │        -0.17 │        -113.863 │       -75.91 │      0:59:00 │  694     0  1812  27.7 │
└───────────┴─────────┴──────────────┴─────────────────┴──────────────┴──────────────┴────────────────────────┘
                                               EXIT REASON STATS                                               
┏━━━━━━━━━━━━━┳━━━━━━━┳━━━━━━━━━━━━━━┳━━━━━━━━━━━━━━━━━┳━━━━━━━━━━━━━━┳━━━━━━━━━━━━━━┳━━━━━━━━━━━━━━━━━━━━━━━━┓
┃ Exit Reason ┃ Exits ┃ Avg Profit % ┃ Tot Profit USDT ┃ Tot Profit % ┃ Avg Duration ┃  Win  Draw  Loss  Win% ┃
┡━━━━━━━━━━━━━╇━━━━━━━╇━━━━━━━━━━━━━━╇━━━━━━━━━━━━━━━━━╇━━━━━━━━━━━━━━╇━━━━━━━━━━━━━━╇━━━━━━━━━━━━━━━━━━━━━━━━┩
│         roi │     7 │         8.25 │          15.296 │         10.2 │      1:15:00 │    7     0     0   100 │
│ exit_signal │  2499 │        -0.19 │        -129.159 │       -86.11 │      0:59:00 │  687     0  1812  27.5 │
│       TOTAL │  2506 │        -0.17 │        -113.863 │       -75.91 │      0:59:00 │  694     0  1812  27.7 │
└─────────────┴───────┴──────────────┴─────────────────┴──────────────┴──────────────┴────────────────────────┘
                                                      MIXED TAG STATS                                                       
┏━━━━━━━━━━━┳━━━━━━━━━━━━━┳━━━━━━━━┳━━━━━━━━━━━━━━┳━━━━━━━━━━━━━━━━━┳━━━━━━━━━━━━━━┳━━━━━━━━━━━━━━┳━━━━━━━━━━━━━━━━━━━━━━━━┓
┃ Enter Tag ┃ Exit Reason ┃ Trades ┃ Avg Profit % ┃ Tot Profit USDT ┃ Tot Profit % ┃ Avg Duration ┃  Win  Draw  Loss  Win% ┃
┡━━━━━━━━━━━╇━━━━━━━━━━━━━╇━━━━━━━━╇━━━━━━━━━━━━━━╇━━━━━━━━━━━━━━━━━╇━━━━━━━━━━━━━━╇━━━━━━━━━━━━━━╇━━━━━━━━━━━━━━━━━━━━━━━━┩
│           │         roi │      7 │         8.25 │          15.296 │         10.2 │      1:15:00 │    7     0     0   100 │
│           │ exit_signal │   2499 │        -0.19 │        -129.159 │       -86.11 │      0:59:00 │  687     0  1812  27.5 │
│     TOTAL │             │   2506 │        -0.17 │        -113.863 │       -75.91 │      0:59:00 │  694     0  1812  27.7 │
└───────────┴─────────────┴────────┴──────────────┴─────────────────┴──────────────┴──────────────┴────────────────────────┘
                         SUMMARY METRICS                          
┏━━━━━━━━━━━━━━━━━━━━━━━━━━━━━━━┳━━━━━━━━━━━━━━━━━━━━━━━━━━━━━━━━┓
┃ Metric                        ┃ Value                          ┃
┡━━━━━━━━━━━━━━━━━━━━━━━━━━━━━━━╇━━━━━━━━━━━━━━━━━━━━━━━━━━━━━━━━┩
│ Backtesting from              │ 2025-04-22 00:00:00            │
│ Backtesting to                │ 2026-04-17 00:00:00            │
│ Trading Mode                  │ Spot                           │
│ Max open trades               │ 3                              │
│                               │                                │
│ Total/Daily Avg Trades        │ 2506 / 6.96                    │
│ Starting balance              │ 150 USDT                       │
│ Final balance                 │ 36.137 USDT                    │
│ Absolute profit               │ -113.863 USDT                  │
│ Total profit %                │ -75.91%                        │
│ CAGR %                        │ -76.38%                        │
│ Sortino                       │ -34.84                         │
│ Sharpe                        │ -21.11                         │
│ Calmar                        │ -5.30                          │
│ SQN                           │ -7.95                          │
│ Profit factor                 │ 0.59                           │
│ Expectancy (Ratio)            │ -0.05 (-0.30)                  │
│ Avg. daily profit             │ -0.316 USDT                    │
│ Avg. stake amount             │ 25.583 USDT                    │
│ Total trade volume            │ 128362.153 USDT                │
│                               │                                │
│ Best Pair                     │ HOME/USDT -19.39%              │
│ Worst Pair                    │ XRP/USDT -32.15%               │
│ Best trade                    │ HOME/USDT 8.59%                │
│ Worst trade                   │ HOME/USDT -13.19%              │
│ Best day                      │ 4.099 USDT                     │
│ Worst day                     │ -3.958 USDT                    │
│ Days win/draw/lose            │ 98 / 0 / 261                   │
│ Min/Max/Avg. Duration Winners │ 0d 00:25 / 0d 03:45 / 0d 01:33 │
│ Min/Max/Avg. Duration Losers  │ 0d 00:05 / 0d 02:35 / 0d 00:46 │
│ Max Consecutive Wins / Loss   │ 7 / 29                         │
│ Rejected Entry signals        │ 0                              │
│ Entry/Exit Timeouts           │ 0 / 0                          │
│                               │                                │
│ Min balance                   │ 35.958 USDT                    │
│ Max balance                   │ 150.061 USDT                   │
│ Max % of account underwater   │ 76.04%                         │
│ Absolute drawdown             │ 114.102 USDT (76.04%)          │
│ Drawdown duration             │ 358 days 04:15:00              │
│ Profit at drawdown start      │ 0.061 USDT                     │
│ Profit at drawdown end        │ -114.042 USDT                  │
│ Drawdown start                │ 2025-04-23 09:30:00            │
│ Drawdown end                  │ 2026-04-16 13:45:00            │
│ Market change                 │ -10.52%                        │
└───────────────────────────────┴────────────────────────────────┘

Backtested 2025-04-22 00:00:00 -> 2026-04-17 00:00:00 | Max open trades : 3
                                                          STRATEGY SUMMARY                                                          
┏━━━━━━━━━━┳━━━━━━━━┳━━━━━━━━━━━━━━┳━━━━━━━━━━━━━━━━━┳━━━━━━━━━━━━━━┳━━━━━━━━━━━━━━┳━━━━━━━━━━━━━━━━━━━━━━━━┳━━━━━━━━━━━━━━━━━━━━━━┓
┃ Strategy ┃ Trades ┃ Avg Profit % ┃ Tot Profit USDT ┃ Tot Profit % ┃ Avg Duration ┃  Win  Draw  Loss  Win% ┃             Drawdown ┃
┡━━━━━━━━━━╇━━━━━━━━╇━━━━━━━━━━━━━━╇━━━━━━━━━━━━━━━━━╇━━━━━━━━━━━━━━╇━━━━━━━━━━━━━━╇━━━━━━━━━━━━━━━━━━━━━━━━╇━━━━━━━━━━━━━━━━━━━━━━┩
│      yes │   2506 │        -0.17 │        -113.863 │       -75.91 │      0:59:00 │  694     0  1812  27.7 │ 114.102 USDT  76.04% │
└──────────┴────────┴──────────────┴─────────────────┴──────────────┴──────────────┴────────────────────────┴──────────────────────┘