2026-04-25 22:46:33,921 - freqtrade - INFO - freqtrade 2026.3
2026-04-25 22:46:34,968 - freqtrade.configuration.load_config - INFO - Using config: /home/mohs/Desktop/ae/pyside6/user_data/config.json ...
2026-04-25 22:46:34,970 - freqtrade.loggers - INFO - Enabling colorized output.
2026-04-25 22:46:34,970 - freqtrade.loggers - INFO - Logfile configured
2026-04-25 22:46:34,971 - freqtrade.loggers - INFO - Verbosity set to 0
2026-04-25 22:46:34,971 - freqtrade.configuration.configuration - INFO - Using additional Strategy lookup path: 
/home/mohs/Desktop/ae/pyside6/user_data/optimizer/sessions/b8194b7f-3716-497e-8a17-833c28d4e223/trial_140/strategy_dir
2026-04-25 22:46:34,971 - freqtrade.configuration.configuration - WARNING - `force_entry_enable` RPC message enabled.
2026-04-25 22:46:34,972 - freqtrade.configuration.configuration - INFO - Parameter -i/--timeframe detected ... Using timeframe: 4h ...
2026-04-25 22:46:34,972 - freqtrade.configuration.configuration - INFO - Parameter --max-open-trades detected, overriding max_open_trades to: 3 ...
2026-04-25 22:46:34,972 - freqtrade.configuration.configuration - INFO - Parameter --dry-run-wallet detected, overriding dry_run_wallet to: 150.0 ...
2026-04-25 22:46:34,973 - freqtrade.configuration.configuration - INFO - Parameter --timerange detected: 20250422-20260417 ...
2026-04-25 22:46:34,973 - freqtrade.configuration.configuration - INFO - Using user-data directory: /home/mohs/Desktop/ae/pyside6/user_data ...
2026-04-25 22:46:34,973 - freqtrade.configuration.configuration - INFO - Using data directory: /home/mohs/Desktop/ae/pyside6/user_data/data/binance ...
2026-04-25 22:46:34,974 - freqtrade.configuration.configuration - INFO - Parameter --export detected: trades ...
2026-04-25 22:46:34,974 - freqtrade.configuration.configuration - INFO - Parameter --cache=day detected ...
2026-04-25 22:46:34,974 - freqtrade.configuration.configuration - INFO - Using pairs ['XRP/USDT', 'ETH/USDT', 'HOME/USDT']
2026-04-25 22:46:34,974 - freqtrade.configuration.configuration - INFO - Filter trades by timerange: 20250422-20260417
2026-04-25 22:46:34,975 - freqtrade.exchange.check_exchange - INFO - Checking exchange...
2026-04-25 22:46:34,981 - freqtrade.exchange.check_exchange - INFO - Exchange "binance" is officially supported by the Freqtrade development team.
2026-04-25 22:46:34,981 - freqtrade.configuration.config_validation - INFO - Validating configuration ...
2026-04-25 22:46:34,983 - freqtrade.commands.optimize_commands - INFO - Starting freqtrade in Backtesting mode
2026-04-25 22:46:34,984 - freqtrade.exchange.exchange - INFO - Instance is running with dry_run enabled
2026-04-25 22:46:34,984 - freqtrade.exchange.exchange - INFO - Using CCXT 4.5.50
2026-04-25 22:46:34,984 - freqtrade.exchange.exchange - INFO - Applying additional ccxt config: {'enableRateLimit': True, 'timeout': 120000}
2026-04-25 22:46:34,989 - freqtrade.exchange.exchange - INFO - Applying additional ccxt config: {'enableRateLimit': True, 'timeout': 120000}
2026-04-25 22:46:34,995 - freqtrade.exchange.exchange - INFO - Using Exchange "Binance"
2026-04-25 22:46:36,161 - freqtrade.resolvers.exchange_resolver - INFO - Using resolved exchange 'Binance'...
2026-04-25 22:46:36,169 - freqtrade.resolvers.iresolver - INFO - Using resolved strategy yes from 
'/home/mohs/Desktop/ae/pyside6/user_data/optimizer/sessions/b8194b7f-3716-497e-8a17-833c28d4e223/trial_140/strategy_dir/yes.py'...
2026-04-25 22:46:36,169 - freqtrade.strategy.hyper - INFO - Loading parameters from file 
/home/mohs/Desktop/ae/pyside6/user_data/optimizer/sessions/b8194b7f-3716-497e-8a17-833c28d4e223/trial_140/strategy_dir/yes.json
2026-04-25 22:46:36,170 - freqtrade.resolvers.strategy_resolver - INFO - Override strategy 'timeframe' with value from the configuration: 4h.
2026-04-25 22:46:36,170 - freqtrade.resolvers.strategy_resolver - INFO - Override strategy 'stake_currency' with value from the configuration: USDT.
2026-04-25 22:46:36,171 - freqtrade.resolvers.strategy_resolver - INFO - Override strategy 'stake_amount' with value from the configuration: unlimited.
2026-04-25 22:46:36,171 - freqtrade.resolvers.strategy_resolver - INFO - Override strategy 'use_exit_signal' with value from the configuration: True.
2026-04-25 22:46:36,171 - freqtrade.resolvers.strategy_resolver - INFO - Override strategy 'max_open_trades' with value from the configuration: 3.
2026-04-25 22:46:36,171 - freqtrade.resolvers.strategy_resolver - INFO - Strategy using minimal_roi: {'0': 1.1901253638957376, '13': 1.8353527169394872, '146': 0.017971501525005977, '38': 
0.16221348435281135}
2026-04-25 22:46:36,172 - freqtrade.resolvers.strategy_resolver - INFO - Strategy using timeframe: 4h
2026-04-25 22:46:36,172 - freqtrade.resolvers.strategy_resolver - INFO - Strategy using stoploss: -0.848916242749761
2026-04-25 22:46:36,172 - freqtrade.resolvers.strategy_resolver - INFO - Strategy using trailing_stop: False
2026-04-25 22:46:36,172 - freqtrade.resolvers.strategy_resolver - INFO - Strategy using trailing_stop_positive: 0.47893285214534687
2026-04-25 22:46:36,173 - freqtrade.resolvers.strategy_resolver - INFO - Strategy using trailing_stop_positive_offset: 0.28914590650407884
2026-04-25 22:46:36,173 - freqtrade.resolvers.strategy_resolver - INFO - Strategy using trailing_only_offset_is_reached: True
2026-04-25 22:46:36,173 - freqtrade.resolvers.strategy_resolver - INFO - Strategy using use_custom_stoploss: False
2026-04-25 22:46:36,173 - freqtrade.resolvers.strategy_resolver - INFO - Strategy using process_only_new_candles: True
2026-04-25 22:46:36,173 - freqtrade.resolvers.strategy_resolver - INFO - Strategy using order_types: {'entry': 'limit', 'exit': 'limit', 'stoploss': 'limit', 'stoploss_on_exchange': False, 
'stoploss_on_exchange_interval': 60}
2026-04-25 22:46:36,174 - freqtrade.resolvers.strategy_resolver - INFO - Strategy using order_time_in_force: {'entry': 'GTC', 'exit': 'GTC'}
2026-04-25 22:46:36,174 - freqtrade.resolvers.strategy_resolver - INFO - Strategy using stake_currency: USDT
2026-04-25 22:46:36,174 - freqtrade.resolvers.strategy_resolver - INFO - Strategy using stake_amount: unlimited
2026-04-25 22:46:36,174 - freqtrade.resolvers.strategy_resolver - INFO - Strategy using startup_candle_count: 0
2026-04-25 22:46:36,175 - freqtrade.resolvers.strategy_resolver - INFO - Strategy using use_exit_signal: True
2026-04-25 22:46:36,175 - freqtrade.resolvers.strategy_resolver - INFO - Strategy using exit_profit_only: False
2026-04-25 22:46:36,175 - freqtrade.resolvers.strategy_resolver - INFO - Strategy using ignore_roi_if_entry_signal: False
2026-04-25 22:46:36,176 - freqtrade.resolvers.strategy_resolver - INFO - Strategy using exit_profit_offset: 0.0
2026-04-25 22:46:36,176 - freqtrade.resolvers.strategy_resolver - INFO - Strategy using disable_dataframe_checks: False
2026-04-25 22:46:36,176 - freqtrade.resolvers.strategy_resolver - INFO - Strategy using ignore_buying_expired_candle_after: 0
2026-04-25 22:46:36,176 - freqtrade.resolvers.strategy_resolver - INFO - Strategy using position_adjustment_enable: False
2026-04-25 22:46:36,177 - freqtrade.resolvers.strategy_resolver - INFO - Strategy using max_entry_position_adjustment: -1
2026-04-25 22:46:36,177 - freqtrade.resolvers.strategy_resolver - INFO - Strategy using max_open_trades: 3
2026-04-25 22:46:36,177 - freqtrade.configuration.config_validation - INFO - Validating configuration ...
2026-04-25 22:46:36,181 - freqtrade.resolvers.iresolver - INFO - Using resolved pairlist StaticPairList from 
'/home/mohs/Desktop/ae/pyside6/.venv/lib/python3.12/site-packages/freqtrade/plugins/pairlist/StaticPairList.py'...
2026-04-25 22:46:36,195 - freqtrade.optimize.backtesting - INFO - Using fee 0.1000% - worst case fee from exchange (lowest tier).
2026-04-25 22:46:36,231 - freqtrade.data.history.datahandlers.idatahandler - WARNING - HOME/USDT, spot, 4h, data starts at 2025-06-12 12:00:00
2026-04-25 22:46:36,238 - freqtrade.optimize.backtesting - INFO - Loading data from 2025-04-22 00:00:00 up to 2026-04-17 00:00:00 (360 days).
2026-04-25 22:46:36,294 - freqtrade.optimize.backtesting - INFO - Dataload complete. Calculating indicators
2026-04-25 22:46:36,304 - freqtrade.optimize.backtesting - INFO - Running backtesting for Strategy yes
2026-04-25 22:46:36,304 - freqtrade.strategy.hyper - INFO - Strategy Parameter: buy_ma_count = 2
2026-04-25 22:46:36,305 - freqtrade.strategy.hyper - INFO - Strategy Parameter: buy_ma_gap = 30
2026-04-25 22:46:36,305 - freqtrade.strategy.hyper - INFO - Strategy Parameter: sell_ma_count = 10
2026-04-25 22:46:36,305 - freqtrade.strategy.hyper - INFO - Strategy Parameter: sell_ma_gap = 48
2026-04-25 22:46:36,314 - freqtrade.optimize.backtesting - INFO - Backtesting with data from 2025-04-22 00:00:00 up to 2026-04-17 00:00:00 (360 days).
2026-04-25 22:46:36,985 - freqtrade.misc - INFO - dumping json to "/home/mohs/Desktop/ae/pyside6/user_data/backtest_results/backtest-result-2026-04-25_22-46-36.meta.json"
Result for strategy yes
                                               BACKTESTING REPORT                                                
┏━━━━━━━━━━━┳━━━━━━━━┳━━━━━━━━━━━━━━┳━━━━━━━━━━━━━━━━━┳━━━━━━━━━━━━━━┳━━━━━━━━━━━━━━━━━┳━━━━━━━━━━━━━━━━━━━━━━━━┓
┃      Pair ┃ Trades ┃ Avg Profit % ┃ Tot Profit USDT ┃ Tot Profit % ┃    Avg Duration ┃  Win  Draw  Loss  Win% ┃
┡━━━━━━━━━━━╇━━━━━━━━╇━━━━━━━━━━━━━━╇━━━━━━━━━━━━━━━━━╇━━━━━━━━━━━━━━╇━━━━━━━━━━━━━━━━━╇━━━━━━━━━━━━━━━━━━━━━━━━┩
│ HOME/USDT │     38 │         0.66 │          13.582 │         9.05 │  1 day, 0:32:00 │   33     0     5  86.8 │
│  XRP/USDT │     28 │         0.43 │           6.679 │         4.45 │ 1 day, 22:17:00 │   24     0     4  85.7 │
│  ETH/USDT │     32 │          0.4 │           5.088 │         3.39 │ 1 day, 23:52:00 │   26     0     6  81.2 │
│     TOTAL │     98 │         0.51 │          25.349 │         16.9 │ 1 day, 14:22:00 │   83     0    15  84.7 │
└───────────┴────────┴──────────────┴─────────────────┴──────────────┴─────────────────┴────────────────────────┘
                                             LEFT OPEN TRADES REPORT                                             
┏━━━━━━━━━━┳━━━━━━━━┳━━━━━━━━━━━━━━┳━━━━━━━━━━━━━━━━━┳━━━━━━━━━━━━━━┳━━━━━━━━━━━━━━━━━━┳━━━━━━━━━━━━━━━━━━━━━━━━┓
┃     Pair ┃ Trades ┃ Avg Profit % ┃ Tot Profit USDT ┃ Tot Profit % ┃     Avg Duration ┃  Win  Draw  Loss  Win% ┃
┡━━━━━━━━━━╇━━━━━━━━╇━━━━━━━━━━━━━━╇━━━━━━━━━━━━━━━━━╇━━━━━━━━━━━━━━╇━━━━━━━━━━━━━━━━━━╇━━━━━━━━━━━━━━━━━━━━━━━━┩
│ XRP/USDT │      1 │        -0.98 │          -0.580 │        -0.39 │          4:00:00 │    0     0     1     0 │
│ ETH/USDT │      1 │        -1.45 │          -0.848 │        -0.57 │ 2 days, 16:00:00 │    0     0     1     0 │
│    TOTAL │      2 │        -1.22 │          -1.428 │        -0.95 │  1 day, 10:00:00 │    0     0     2     0 │
└──────────┴────────┴──────────────┴─────────────────┴──────────────┴──────────────────┴────────────────────────┘
                                                 ENTER TAG STATS                                                  
┏━━━━━━━━━━━┳━━━━━━━━━┳━━━━━━━━━━━━━━┳━━━━━━━━━━━━━━━━━┳━━━━━━━━━━━━━━┳━━━━━━━━━━━━━━━━━┳━━━━━━━━━━━━━━━━━━━━━━━━┓
┃ Enter Tag ┃ Entries ┃ Avg Profit % ┃ Tot Profit USDT ┃ Tot Profit % ┃    Avg Duration ┃  Win  Draw  Loss  Win% ┃
┡━━━━━━━━━━━╇━━━━━━━━━╇━━━━━━━━━━━━━━╇━━━━━━━━━━━━━━━━━╇━━━━━━━━━━━━━━╇━━━━━━━━━━━━━━━━━╇━━━━━━━━━━━━━━━━━━━━━━━━┩
│     OTHER │      98 │         0.51 │          25.349 │         16.9 │ 1 day, 14:22:00 │   83     0    15  84.7 │
│     TOTAL │      98 │         0.51 │          25.349 │         16.9 │ 1 day, 14:22:00 │   83     0    15  84.7 │
└───────────┴─────────┴──────────────┴─────────────────┴──────────────┴─────────────────┴────────────────────────┘
                                                 EXIT REASON STATS                                                 
┏━━━━━━━━━━━━━┳━━━━━━━┳━━━━━━━━━━━━━━┳━━━━━━━━━━━━━━━━━┳━━━━━━━━━━━━━━┳━━━━━━━━━━━━━━━━━━┳━━━━━━━━━━━━━━━━━━━━━━━━┓
┃ Exit Reason ┃ Exits ┃ Avg Profit % ┃ Tot Profit USDT ┃ Tot Profit % ┃     Avg Duration ┃  Win  Draw  Loss  Win% ┃
┡━━━━━━━━━━━━━╇━━━━━━━╇━━━━━━━━━━━━━━╇━━━━━━━━━━━━━━━━━╇━━━━━━━━━━━━━━╇━━━━━━━━━━━━━━━━━━╇━━━━━━━━━━━━━━━━━━━━━━━━┩
│         roi │    82 │         1.87 │          83.703 │         55.8 │   1 day, 4:59:00 │   82     0     0   100 │
│  force_exit │     2 │        -1.22 │          -1.428 │        -0.95 │  1 day, 10:00:00 │    0     0     2     0 │
│ exit_signal │    14 │        -7.22 │         -56.926 │       -37.95 │ 3 days, 22:00:00 │    1     0    13   7.1 │
│       TOTAL │    98 │         0.51 │          25.349 │         16.9 │  1 day, 14:22:00 │   83     0    15  84.7 │
└─────────────┴───────┴──────────────┴─────────────────┴──────────────┴──────────────────┴────────────────────────┘
                                                        MIXED TAG STATS                                                         
┏━━━━━━━━━━━┳━━━━━━━━━━━━━┳━━━━━━━━┳━━━━━━━━━━━━━━┳━━━━━━━━━━━━━━━━━┳━━━━━━━━━━━━━━┳━━━━━━━━━━━━━━━━━━┳━━━━━━━━━━━━━━━━━━━━━━━━┓
┃ Enter Tag ┃ Exit Reason ┃ Trades ┃ Avg Profit % ┃ Tot Profit USDT ┃ Tot Profit % ┃     Avg Duration ┃  Win  Draw  Loss  Win% ┃
┡━━━━━━━━━━━╇━━━━━━━━━━━━━╇━━━━━━━━╇━━━━━━━━━━━━━━╇━━━━━━━━━━━━━━━━━╇━━━━━━━━━━━━━━╇━━━━━━━━━━━━━━━━━━╇━━━━━━━━━━━━━━━━━━━━━━━━┩
│           │         roi │     82 │         1.87 │          83.703 │         55.8 │   1 day, 4:59:00 │   82     0     0   100 │
│           │  force_exit │      2 │        -1.22 │          -1.428 │        -0.95 │  1 day, 10:00:00 │    0     0     2     0 │
│           │ exit_signal │     14 │        -7.22 │         -56.926 │       -37.95 │ 3 days, 22:00:00 │    1     0    13   7.1 │
│     TOTAL │             │     98 │         0.51 │          25.349 │         16.9 │  1 day, 14:22:00 │   83     0    15  84.7 │
└───────────┴─────────────┴────────┴──────────────┴─────────────────┴──────────────┴──────────────────┴────────────────────────┘
                          SUMMARY METRICS                          
┏━━━━━━━━━━━━━━━━━━━━━━━━━━━━━━━┳━━━━━━━━━━━━━━━━━━━━━━━━━━━━━━━━━┓
┃ Metric                        ┃ Value                           ┃
┡━━━━━━━━━━━━━━━━━━━━━━━━━━━━━━━╇━━━━━━━━━━━━━━━━━━━━━━━━━━━━━━━━━┩
│ Backtesting from              │ 2025-04-22 00:00:00             │
│ Backtesting to                │ 2026-04-17 00:00:00             │
│ Trading Mode                  │ Spot                            │
│ Max open trades               │ 3                               │
│                               │                                 │
│ Total/Daily Avg Trades        │ 98 / 0.27                       │
│ Starting balance              │ 150 USDT                        │
│ Final balance                 │ 175.349 USDT                    │
│ Absolute profit               │ 25.349 USDT                     │
│ Total profit %                │ 16.90%                          │
│ CAGR %                        │ 17.15%                          │
│ Sortino                       │ 0.59                            │
│ Sharpe                        │ 0.68                            │
│ Calmar                        │ 8.06                            │
│ SQN                           │ 1.28                            │
│ Profit factor                 │ 1.43                            │
│ Expectancy (Ratio)            │ 0.26 (0.07)                     │
│ Avg. daily profit             │ 0.07 USDT                       │
│ Avg. stake amount             │ 54.988 USDT                     │
│ Total trade volume            │ 10824.533 USDT                  │
│                               │                                 │
│ Best Pair                     │ HOME/USDT 9.05%                 │
│ Worst Pair                    │ ETH/USDT 3.39%                  │
│ Best trade                    │ HOME/USDT 3.45%                 │
│ Worst trade                   │ XRP/USDT -14.38%                │
│ Best day                      │ 5.506 USDT                      │
│ Worst day                     │ -7.262 USDT                     │
│ Days win/draw/lose            │ 44 / 272 / 14                   │
│ Min/Max/Avg. Duration Winners │ 0d 04:00 / 12d 16:00 / 1d 04:58 │
│ Min/Max/Avg. Duration Losers  │ 0d 04:00 / 21d 16:00 / 3d 18:24 │
│ Max Consecutive Wins / Loss   │ 35 / 3                          │
│ Rejected Entry signals        │ 0                               │
│ Entry/Exit Timeouts           │ 0 / 0                           │
│                               │                                 │
│ Min balance                   │ 137.339 USDT                    │
│ Max balance                   │ 183.502 USDT                    │
│ Max % of account underwater   │ 11.12%                          │
│ Absolute drawdown             │ 17.19 USDT (11.12%)             │
│ Drawdown duration             │ 7 days 00:00:00                 │
│ Profit at drawdown start      │ 4.529 USDT                      │
│ Profit at drawdown end        │ -12.661 USDT                    │
│ Drawdown start                │ 2025-06-11 12:00:00             │
│ Drawdown end                  │ 2025-06-18 12:00:00             │
│ Market change                 │ -9.22%                          │
└───────────────────────────────┴─────────────────────────────────┘

Backtested 2025-04-22 00:00:00 -> 2026-04-17 00:00:00 | Max open trades : 3
                                                          STRATEGY SUMMARY                                                           
┏━━━━━━━━━━┳━━━━━━━━┳━━━━━━━━━━━━━━┳━━━━━━━━━━━━━━━━━┳━━━━━━━━━━━━━━┳━━━━━━━━━━━━━━━━━┳━━━━━━━━━━━━━━━━━━━━━━━━┳━━━━━━━━━━━━━━━━━━━━┓
┃ Strategy ┃ Trades ┃ Avg Profit % ┃ Tot Profit USDT ┃ Tot Profit % ┃    Avg Duration ┃  Win  Draw  Loss  Win% ┃           Drawdown ┃
┡━━━━━━━━━━╇━━━━━━━━╇━━━━━━━━━━━━━━╇━━━━━━━━━━━━━━━━━╇━━━━━━━━━━━━━━╇━━━━━━━━━━━━━━━━━╇━━━━━━━━━━━━━━━━━━━━━━━━╇━━━━━━━━━━━━━━━━━━━━┩
│      yes │     98 │         0.51 │          25.349 │         16.9 │ 1 day, 14:22:00 │   83     0    15  84.7 │ 17.19 USDT  11.12% │
└──────────┴────────┴──────────────┴─────────────────┴──────────────┴─────────────────┴────────────────────────┴────────────────────┘