2026-04-25 20:07:53,673 - freqtrade - INFO - freqtrade 2026.3
2026-04-25 20:07:54,809 - freqtrade.configuration.load_config - INFO - Using config: /home/mohs/Desktop/ae/pyside6/user_data/config.json ...
2026-04-25 20:07:54,811 - freqtrade.loggers - INFO - Enabling colorized output.
2026-04-25 20:07:54,812 - freqtrade.loggers - INFO - Logfile configured
2026-04-25 20:07:54,812 - freqtrade.loggers - INFO - Verbosity set to 0
2026-04-25 20:07:54,812 - freqtrade.configuration.configuration - INFO - Using additional Strategy lookup path: 
/home/mohs/Desktop/ae/pyside6/user_data/optimizer/sessions/2228f2cd-52d5-4133-b521-f7915a036afc/trial_041/strategy_dir
2026-04-25 20:07:54,813 - freqtrade.configuration.configuration - WARNING - `force_entry_enable` RPC message enabled.
2026-04-25 20:07:54,813 - freqtrade.configuration.configuration - INFO - Parameter -i/--timeframe detected ... Using timeframe: 4h ...
2026-04-25 20:07:54,813 - freqtrade.configuration.configuration - INFO - Parameter --max-open-trades detected, overriding max_open_trades to: 4 ...
2026-04-25 20:07:54,813 - freqtrade.configuration.configuration - INFO - Parameter --dry-run-wallet detected, overriding dry_run_wallet to: 150.0 ...
2026-04-25 20:07:54,814 - freqtrade.configuration.configuration - INFO - Parameter --timerange detected: 20250422-20260417 ...
2026-04-25 20:07:54,814 - freqtrade.configuration.configuration - INFO - Using user-data directory: /home/mohs/Desktop/ae/pyside6/user_data ...
2026-04-25 20:07:54,814 - freqtrade.configuration.configuration - INFO - Using data directory: /home/mohs/Desktop/ae/pyside6/user_data/data/binance ...
2026-04-25 20:07:54,815 - freqtrade.configuration.configuration - INFO - Parameter --export detected: trades ...
2026-04-25 20:07:54,815 - freqtrade.configuration.configuration - INFO - Parameter --cache=day detected ...
2026-04-25 20:07:54,815 - freqtrade.configuration.configuration - INFO - Using pairs ['ETH/USDT', 'XRP/USDT', 'HOME/USDT', 'ADA/USDT']
2026-04-25 20:07:54,815 - freqtrade.configuration.configuration - INFO - Filter trades by timerange: 20250422-20260417
2026-04-25 20:07:54,816 - freqtrade.exchange.check_exchange - INFO - Checking exchange...
2026-04-25 20:07:54,822 - freqtrade.exchange.check_exchange - INFO - Exchange "binance" is officially supported by the Freqtrade development team.
2026-04-25 20:07:54,823 - freqtrade.configuration.config_validation - INFO - Validating configuration ...
2026-04-25 20:07:54,825 - freqtrade.commands.optimize_commands - INFO - Starting freqtrade in Backtesting mode
2026-04-25 20:07:54,825 - freqtrade.exchange.exchange - INFO - Instance is running with dry_run enabled
2026-04-25 20:07:54,825 - freqtrade.exchange.exchange - INFO - Using CCXT 4.5.50
2026-04-25 20:07:54,826 - freqtrade.exchange.exchange - INFO - Applying additional ccxt config: {'enableRateLimit': True, 'timeout': 120000}
2026-04-25 20:07:54,831 - freqtrade.exchange.exchange - INFO - Applying additional ccxt config: {'enableRateLimit': True, 'timeout': 120000}
2026-04-25 20:07:54,837 - freqtrade.exchange.exchange - INFO - Using Exchange "Binance"
2026-04-25 20:07:56,030 - freqtrade.resolvers.exchange_resolver - INFO - Using resolved exchange 'Binance'...
2026-04-25 20:07:56,039 - freqtrade.resolvers.iresolver - INFO - Using resolved strategy yty from 
'/home/mohs/Desktop/ae/pyside6/user_data/optimizer/sessions/2228f2cd-52d5-4133-b521-f7915a036afc/trial_041/strategy_dir/yty.py'...
2026-04-25 20:07:56,039 - freqtrade.strategy.hyper - INFO - Loading parameters from file 
/home/mohs/Desktop/ae/pyside6/user_data/optimizer/sessions/2228f2cd-52d5-4133-b521-f7915a036afc/trial_041/strategy_dir/yty.json
2026-04-25 20:07:56,040 - freqtrade.resolvers.strategy_resolver - INFO - Override strategy 'timeframe' with value from the configuration: 4h.
2026-04-25 20:07:56,040 - freqtrade.resolvers.strategy_resolver - INFO - Override strategy 'stake_currency' with value from the configuration: USDT.
2026-04-25 20:07:56,041 - freqtrade.resolvers.strategy_resolver - INFO - Override strategy 'stake_amount' with value from the configuration: unlimited.
2026-04-25 20:07:56,041 - freqtrade.resolvers.strategy_resolver - INFO - Override strategy 'use_exit_signal' with value from the configuration: True.
2026-04-25 20:07:56,041 - freqtrade.resolvers.strategy_resolver - INFO - Override strategy 'max_open_trades' with value from the configuration: 4.
2026-04-25 20:07:56,041 - freqtrade.resolvers.strategy_resolver - INFO - Strategy using minimal_roi: {'0': 0.8325802016992614, '1553': 0.1061368877366678, '2332': 0.24001170532925695, '3169': 
0.8031077672186763}
2026-04-25 20:07:56,042 - freqtrade.resolvers.strategy_resolver - INFO - Strategy using timeframe: 4h
2026-04-25 20:07:56,042 - freqtrade.resolvers.strategy_resolver - INFO - Strategy using stoploss: -0.8545056549446349
2026-04-25 20:07:56,042 - freqtrade.resolvers.strategy_resolver - INFO - Strategy using trailing_stop: True
2026-04-25 20:07:56,042 - freqtrade.resolvers.strategy_resolver - INFO - Strategy using trailing_stop_positive_offset: 0.18139563587581448
2026-04-25 20:07:56,043 - freqtrade.resolvers.strategy_resolver - INFO - Strategy using trailing_only_offset_is_reached: False
2026-04-25 20:07:56,043 - freqtrade.resolvers.strategy_resolver - INFO - Strategy using use_custom_stoploss: False
2026-04-25 20:07:56,043 - freqtrade.resolvers.strategy_resolver - INFO - Strategy using process_only_new_candles: True
2026-04-25 20:07:56,043 - freqtrade.resolvers.strategy_resolver - INFO - Strategy using order_types: {'entry': 'limit', 'exit': 'limit', 'stoploss': 'limit', 'stoploss_on_exchange': False, 
'stoploss_on_exchange_interval': 60}
2026-04-25 20:07:56,044 - freqtrade.resolvers.strategy_resolver - INFO - Strategy using order_time_in_force: {'entry': 'GTC', 'exit': 'GTC'}
2026-04-25 20:07:56,044 - freqtrade.resolvers.strategy_resolver - INFO - Strategy using stake_currency: USDT
2026-04-25 20:07:56,044 - freqtrade.resolvers.strategy_resolver - INFO - Strategy using stake_amount: unlimited
2026-04-25 20:07:56,044 - freqtrade.resolvers.strategy_resolver - INFO - Strategy using startup_candle_count: 0
2026-04-25 20:07:56,045 - freqtrade.resolvers.strategy_resolver - INFO - Strategy using use_exit_signal: True
2026-04-25 20:07:56,045 - freqtrade.resolvers.strategy_resolver - INFO - Strategy using exit_profit_only: False
2026-04-25 20:07:56,045 - freqtrade.resolvers.strategy_resolver - INFO - Strategy using ignore_roi_if_entry_signal: False
2026-04-25 20:07:56,045 - freqtrade.resolvers.strategy_resolver - INFO - Strategy using exit_profit_offset: 0.0
2026-04-25 20:07:56,045 - freqtrade.resolvers.strategy_resolver - INFO - Strategy using disable_dataframe_checks: False
2026-04-25 20:07:56,046 - freqtrade.resolvers.strategy_resolver - INFO - Strategy using ignore_buying_expired_candle_after: 0
2026-04-25 20:07:56,046 - freqtrade.resolvers.strategy_resolver - INFO - Strategy using position_adjustment_enable: False
2026-04-25 20:07:56,046 - freqtrade.resolvers.strategy_resolver - INFO - Strategy using max_entry_position_adjustment: -1
2026-04-25 20:07:56,046 - freqtrade.resolvers.strategy_resolver - INFO - Strategy using max_open_trades: 4
2026-04-25 20:07:56,047 - freqtrade.configuration.config_validation - INFO - Validating configuration ...
2026-04-25 20:07:56,051 - freqtrade.resolvers.iresolver - INFO - Using resolved pairlist StaticPairList from 
'/home/mohs/Desktop/ae/pyside6/.venv/lib/python3.12/site-packages/freqtrade/plugins/pairlist/StaticPairList.py'...
2026-04-25 20:07:56,067 - freqtrade.optimize.backtesting - INFO - Using fee 0.1000% - worst case fee from exchange (lowest tier).
2026-04-25 20:07:56,075 - freqtrade.data.history.datahandlers.idatahandler - WARNING - ETH/USDT, spot, 4h, data starts at 2025-04-24 00:00:00
2026-04-25 20:07:56,088 - freqtrade.data.history.datahandlers.idatahandler - WARNING - XRP/USDT, spot, 4h, data starts at 2025-04-30 00:00:00
2026-04-25 20:07:56,100 - freqtrade.data.history.datahandlers.idatahandler - WARNING - HOME/USDT, spot, 4h, data starts at 2025-06-12 12:00:00
2026-04-25 20:07:56,113 - freqtrade.data.history.datahandlers.idatahandler - WARNING - ADA/USDT, spot, 4h, data starts at 2025-04-24 00:00:00
2026-04-25 20:07:56,121 - freqtrade.optimize.backtesting - INFO - Loading data from 2025-04-24 00:00:00 up to 2026-04-17 00:00:00 (358 days).
2026-04-25 20:07:56,202 - freqtrade.optimize.backtesting - INFO - Dataload complete. Calculating indicators
2026-04-25 20:07:56,206 - freqtrade.optimize.backtesting - INFO - Running backtesting for Strategy yty
2026-04-25 20:07:56,206 - freqtrade.strategy.hyper - INFO - Strategy Parameter: buy_ma_count = 6
2026-04-25 20:07:56,207 - freqtrade.strategy.hyper - INFO - Strategy Parameter: buy_ma_gap = 37
2026-04-25 20:07:56,207 - freqtrade.strategy.hyper - INFO - Strategy Parameter: sell_ma_count = 19
2026-04-25 20:07:56,207 - freqtrade.strategy.hyper - INFO - Strategy Parameter: sell_ma_gap = 81
2026-04-25 20:07:56,223 - freqtrade.optimize.backtesting - INFO - Backtesting with data from 2025-04-24 00:00:00 up to 2026-04-17 00:00:00 (358 days).
2026-04-25 20:07:56,789 - freqtrade.misc - INFO - dumping json to "/home/mohs/Desktop/ae/pyside6/user_data/backtest_results/backtest-result-2026-04-25_20-07-56.meta.json"
  ETH/USDT	
  XRP/USDT	
  HOME/USDT	
  ADA/USDT	
Result for strategy yty
                                                BACKTESTING REPORT                                                 
┏━━━━━━━━━━━┳━━━━━━━━┳━━━━━━━━━━━━━━┳━━━━━━━━━━━━━━━━━┳━━━━━━━━━━━━━━┳━━━━━━━━━━━━━━━━━━━┳━━━━━━━━━━━━━━━━━━━━━━━━┓
┃      Pair ┃ Trades ┃ Avg Profit % ┃ Tot Profit USDT ┃ Tot Profit % ┃      Avg Duration ┃  Win  Draw  Loss  Win% ┃
┡━━━━━━━━━━━╇━━━━━━━━╇━━━━━━━━━━━━━━╇━━━━━━━━━━━━━━━━━╇━━━━━━━━━━━━━━╇━━━━━━━━━━━━━━━━━━━╇━━━━━━━━━━━━━━━━━━━━━━━━┩
│ HOME/USDT │      4 │         1.94 │           1.347 │          0.9 │ 13 days, 12:00:00 │    1     0     3  25.0 │
│  ETH/USDT │      4 │         -3.6 │          -4.830 │        -3.22 │  5 days, 19:00:00 │    1     0     3  25.0 │
│  XRP/USDT │      6 │        -2.33 │          -5.425 │        -3.62 │   7 days, 4:40:00 │    2     0     4  33.3 │
│  ADA/USDT │      5 │        -9.33 │         -15.475 │       -10.32 │  7 days, 11:12:00 │    0     0     5     0 │
│     TOTAL │     19 │        -3.54 │         -24.384 │       -16.26 │   8 days, 7:09:00 │    4     0    15  21.1 │
└───────────┴────────┴──────────────┴─────────────────┴──────────────┴───────────────────┴────────────────────────┘
                                            LEFT OPEN TRADES REPORT                                             
┏━━━━━━━━━━┳━━━━━━━━┳━━━━━━━━━━━━━━┳━━━━━━━━━━━━━━━━━┳━━━━━━━━━━━━━━┳━━━━━━━━━━━━━━━━━┳━━━━━━━━━━━━━━━━━━━━━━━━┓
┃     Pair ┃ Trades ┃ Avg Profit % ┃ Tot Profit USDT ┃ Tot Profit % ┃    Avg Duration ┃  Win  Draw  Loss  Win% ┃
┡━━━━━━━━━━╇━━━━━━━━╇━━━━━━━━━━━━━━╇━━━━━━━━━━━━━━━━━╇━━━━━━━━━━━━━━╇━━━━━━━━━━━━━━━━━╇━━━━━━━━━━━━━━━━━━━━━━━━┩
│ ETH/USDT │      1 │         4.38 │           1.350 │          0.9 │ 6 days, 0:00:00 │    1     0     0   100 │
│ XRP/USDT │      1 │         3.15 │           0.971 │         0.65 │        16:00:00 │    1     0     0   100 │
│    TOTAL │      2 │         3.77 │           2.321 │         1.55 │ 3 days, 8:00:00 │    2     0     0   100 │
└──────────┴────────┴──────────────┴─────────────────┴──────────────┴─────────────────┴────────────────────────┘
                                                 ENTER TAG STATS                                                  
┏━━━━━━━━━━━┳━━━━━━━━━┳━━━━━━━━━━━━━━┳━━━━━━━━━━━━━━━━━┳━━━━━━━━━━━━━━┳━━━━━━━━━━━━━━━━━┳━━━━━━━━━━━━━━━━━━━━━━━━┓
┃ Enter Tag ┃ Entries ┃ Avg Profit % ┃ Tot Profit USDT ┃ Tot Profit % ┃    Avg Duration ┃  Win  Draw  Loss  Win% ┃
┡━━━━━━━━━━━╇━━━━━━━━━╇━━━━━━━━━━━━━━╇━━━━━━━━━━━━━━━━━╇━━━━━━━━━━━━━━╇━━━━━━━━━━━━━━━━━╇━━━━━━━━━━━━━━━━━━━━━━━━┩
│     OTHER │      19 │        -3.54 │         -24.384 │       -16.26 │ 8 days, 7:09:00 │    4     0    15  21.1 │
│     TOTAL │      19 │        -3.54 │         -24.384 │       -16.26 │ 8 days, 7:09:00 │    4     0    15  21.1 │
└───────────┴─────────┴──────────────┴─────────────────┴──────────────┴─────────────────┴────────────────────────┘
                                                 EXIT REASON STATS                                                 
┏━━━━━━━━━━━━━┳━━━━━━━┳━━━━━━━━━━━━━━┳━━━━━━━━━━━━━━━━━┳━━━━━━━━━━━━━━┳━━━━━━━━━━━━━━━━━━┳━━━━━━━━━━━━━━━━━━━━━━━━┓
┃ Exit Reason ┃ Exits ┃ Avg Profit % ┃ Tot Profit USDT ┃ Tot Profit % ┃     Avg Duration ┃  Win  Draw  Loss  Win% ┃
┡━━━━━━━━━━━━━╇━━━━━━━╇━━━━━━━━━━━━━━╇━━━━━━━━━━━━━━━━━╇━━━━━━━━━━━━━━╇━━━━━━━━━━━━━━━━━━╇━━━━━━━━━━━━━━━━━━━━━━━━┩
│  force_exit │     2 │         3.77 │           2.321 │         1.55 │  3 days, 8:00:00 │    2     0     0   100 │
│ exit_signal │    17 │         -4.4 │         -26.704 │        -17.8 │ 8 days, 21:11:00 │    2     0    15  11.8 │
│       TOTAL │    19 │        -3.54 │         -24.384 │       -16.26 │  8 days, 7:09:00 │    4     0    15  21.1 │
└─────────────┴───────┴──────────────┴─────────────────┴──────────────┴──────────────────┴────────────────────────┘
                                                        MIXED TAG STATS                                                         
┏━━━━━━━━━━━┳━━━━━━━━━━━━━┳━━━━━━━━┳━━━━━━━━━━━━━━┳━━━━━━━━━━━━━━━━━┳━━━━━━━━━━━━━━┳━━━━━━━━━━━━━━━━━━┳━━━━━━━━━━━━━━━━━━━━━━━━┓
┃ Enter Tag ┃ Exit Reason ┃ Trades ┃ Avg Profit % ┃ Tot Profit USDT ┃ Tot Profit % ┃     Avg Duration ┃  Win  Draw  Loss  Win% ┃
┡━━━━━━━━━━━╇━━━━━━━━━━━━━╇━━━━━━━━╇━━━━━━━━━━━━━━╇━━━━━━━━━━━━━━━━━╇━━━━━━━━━━━━━━╇━━━━━━━━━━━━━━━━━━╇━━━━━━━━━━━━━━━━━━━━━━━━┩
│           │  force_exit │      2 │         3.77 │           2.321 │         1.55 │  3 days, 8:00:00 │    2     0     0   100 │
│           │ exit_signal │     17 │         -4.4 │         -26.704 │        -17.8 │ 8 days, 21:11:00 │    2     0    15  11.8 │
│     TOTAL │             │     19 │        -3.54 │         -24.384 │       -16.26 │  8 days, 7:09:00 │    4     0    15  21.1 │
└───────────┴─────────────┴────────┴──────────────┴─────────────────┴──────────────┴──────────────────┴────────────────────────┘
                          SUMMARY METRICS                           
┏━━━━━━━━━━━━━━━━━━━━━━━━━━━━━━━┳━━━━━━━━━━━━━━━━━━━━━━━━━━━━━━━━━━┓
┃ Metric                        ┃ Value                            ┃
┡━━━━━━━━━━━━━━━━━━━━━━━━━━━━━━━╇━━━━━━━━━━━━━━━━━━━━━━━━━━━━━━━━━━┩
│ Backtesting from              │ 2025-04-24 00:00:00              │
│ Backtesting to                │ 2026-04-17 00:00:00              │
│ Trading Mode                  │ Spot                             │
│ Max open trades               │ 4                                │
│                               │                                  │
│ Total/Daily Avg Trades        │ 19 / 0.05                        │
│ Starting balance              │ 150 USDT                         │
│ Final balance                 │ 125.616 USDT                     │
│ Absolute profit               │ -24.384 USDT                     │
│ Total profit %                │ -16.26%                          │
│ CAGR %                        │ -16.55%                          │
│ Sortino                       │ -0.97                            │
│ Sharpe                        │ -0.41                            │
│ Calmar                        │ -4.45                            │
│ SQN                           │ -1.72                            │
│ Profit factor                 │ 0.38                             │
│ Expectancy (Ratio)            │ -1.28 (-0.49)                    │
│ Avg. daily profit             │ -0.068 USDT                      │
│ Avg. stake amount             │ 33.022 USDT                      │
│ Total trade volume            │ 1232.901 USDT                    │
│                               │                                  │
│ Best Pair                     │ HOME/USDT 0.90%                  │
│ Worst Pair                    │ ADA/USDT -10.32%                 │
│ Best trade                    │ HOME/USDT 29.56%                 │
│ Worst trade                   │ ADA/USDT -17.14%                 │
│ Best day                      │ 8.93 USDT                        │
│ Worst day                     │ -9.142 USDT                      │
│ Days win/draw/lose            │ 3 / 226 / 14                     │
│ Min/Max/Avg. Duration Winners │ 0d 16:00 / 19d 08:00 / 10d 23:00 │
│ Min/Max/Avg. Duration Losers  │ 1d 16:00 / 18d 08:00 / 7d 14:08  │
│ Max Consecutive Wins / Loss   │ 2 / 10                           │
│ Rejected Entry signals        │ 0                                │
│ Entry/Exit Timeouts           │ 0 / 0                            │
│                               │                                  │
│ Min balance                   │ 120.75 USDT                      │
│ Max balance                   │ 148.583 USDT                     │
│ Max % of account underwater   │ 19.50%                           │
│ Absolute drawdown             │ 29.25 USDT (19.50%)              │
│ Drawdown duration             │ 120 days 08:00:00                │
│ Profit at drawdown start      │ 0 USDT                           │
│ Profit at drawdown end        │ -29.25 USDT                      │
│ Drawdown start                │ 2025-08-18 20:00:00              │
│ Drawdown end                  │ 2025-12-17 04:00:00              │
│ Market change                 │ -27.75%                          │
└───────────────────────────────┴──────────────────────────────────┘

Backtested 2025-04-24 00:00:00 -> 2026-04-17 00:00:00 | Max open trades : 4
                                                          STRATEGY SUMMARY                                                           
┏━━━━━━━━━━┳━━━━━━━━┳━━━━━━━━━━━━━━┳━━━━━━━━━━━━━━━━━┳━━━━━━━━━━━━━━┳━━━━━━━━━━━━━━━━━┳━━━━━━━━━━━━━━━━━━━━━━━━┳━━━━━━━━━━━━━━━━━━━━┓
┃ Strategy ┃ Trades ┃ Avg Profit % ┃ Tot Profit USDT ┃ Tot Profit % ┃    Avg Duration ┃  Win  Draw  Loss  Win% ┃           Drawdown ┃
┡━━━━━━━━━━╇━━━━━━━━╇━━━━━━━━━━━━━━╇━━━━━━━━━━━━━━━━━╇━━━━━━━━━━━━━━╇━━━━━━━━━━━━━━━━━╇━━━━━━━━━━━━━━━━━━━━━━━━╇━━━━━━━━━━━━━━━━━━━━┩
│      yty │     19 │        -3.54 │         -24.384 │       -16.26 │ 8 days, 7:09:00 │    4     0    15  21.1 │ 29.25 USDT  19.50% │
└──────────┴────────┴──────────────┴─────────────────┴──────────────┴─────────────────┴────────────────────────┴────────────────────┘