2026-04-25 05:58:44,842 - freqtrade - INFO - freqtrade 2026.3
2026-04-25 05:58:45,858 - freqtrade.configuration.load_config - INFO - Using config: /home/mohs/Desktop/ae/pyside6/user_data/config.json ...
2026-04-25 05:58:45,860 - freqtrade.loggers - INFO - Enabling colorized output.
2026-04-25 05:58:45,860 - freqtrade.loggers - INFO - Logfile configured
2026-04-25 05:58:45,861 - freqtrade.loggers - INFO - Verbosity set to 0
2026-04-25 05:58:45,861 - freqtrade.configuration.configuration - INFO - Using additional Strategy lookup path: 
/home/mohs/Desktop/ae/pyside6/user_data/optimizer/sessions/39ae9442-8ff2-45a0-8950-bb48be8f34cb/trial_018/strategy_dir
2026-04-25 05:58:45,861 - freqtrade.configuration.configuration - WARNING - `force_entry_enable` RPC message enabled.
2026-04-25 05:58:45,861 - freqtrade.configuration.configuration - INFO - Parameter -i/--timeframe detected ... Using timeframe: 4h ...
2026-04-25 05:58:45,862 - freqtrade.configuration.configuration - INFO - Parameter --max-open-trades detected, overriding max_open_trades to: 2 ...
2026-04-25 05:58:45,862 - freqtrade.configuration.configuration - INFO - Parameter --dry-run-wallet detected, overriding dry_run_wallet to: 80.0 ...
2026-04-25 05:58:45,862 - freqtrade.configuration.configuration - INFO - Parameter --timerange detected: 20250422-20260417 ...
2026-04-25 05:58:45,863 - freqtrade.configuration.configuration - INFO - Using user-data directory: /home/mohs/Desktop/ae/pyside6/user_data ...
2026-04-25 05:58:45,863 - freqtrade.configuration.configuration - INFO - Using data directory: /home/mohs/Desktop/ae/pyside6/user_data/data/binance ...
2026-04-25 05:58:45,863 - freqtrade.configuration.configuration - INFO - Parameter --export detected: trades ...
2026-04-25 05:58:45,863 - freqtrade.configuration.configuration - INFO - Parameter --cache=day detected ...
2026-04-25 05:58:45,864 - freqtrade.configuration.configuration - INFO - Using pairs ['ADA/USDT', 'ETH/USDT']
2026-04-25 05:58:45,864 - freqtrade.configuration.configuration - INFO - Filter trades by timerange: 20250422-20260417
2026-04-25 05:58:45,864 - freqtrade.exchange.check_exchange - INFO - Checking exchange...
2026-04-25 05:58:45,871 - freqtrade.exchange.check_exchange - INFO - Exchange "binance" is officially supported by the Freqtrade development team.
2026-04-25 05:58:45,871 - freqtrade.configuration.config_validation - INFO - Validating configuration ...
2026-04-25 05:58:45,874 - freqtrade.commands.optimize_commands - INFO - Starting freqtrade in Backtesting mode
2026-04-25 05:58:45,874 - freqtrade.exchange.exchange - INFO - Instance is running with dry_run enabled
2026-04-25 05:58:45,874 - freqtrade.exchange.exchange - INFO - Using CCXT 4.5.50
2026-04-25 05:58:45,875 - freqtrade.exchange.exchange - INFO - Applying additional ccxt config: {'enableRateLimit': True, 'timeout': 120000}
2026-04-25 05:58:45,880 - freqtrade.exchange.exchange - INFO - Applying additional ccxt config: {'enableRateLimit': True, 'timeout': 120000}
2026-04-25 05:58:45,886 - freqtrade.exchange.exchange - INFO - Using Exchange "Binance"
2026-04-25 05:58:47,000 - freqtrade.resolvers.exchange_resolver - INFO - Using resolved exchange 'Binance'...
2026-04-25 05:58:47,010 - freqtrade.resolvers.iresolver - INFO - Using resolved strategy MultiMa from 
'/home/mohs/Desktop/ae/pyside6/user_data/optimizer/sessions/39ae9442-8ff2-45a0-8950-bb48be8f34cb/trial_018/strategy_dir/MultiMa.py'...
2026-04-25 05:58:47,011 - freqtrade.strategy.hyper - INFO - Loading parameters from file 
/home/mohs/Desktop/ae/pyside6/user_data/optimizer/sessions/39ae9442-8ff2-45a0-8950-bb48be8f34cb/trial_018/strategy_dir/MultiMa.json
2026-04-25 05:58:47,011 - freqtrade.resolvers.strategy_resolver - INFO - Override strategy 'timeframe' with value from the configuration: 4h.
2026-04-25 05:58:47,011 - freqtrade.resolvers.strategy_resolver - INFO - Override strategy 'stake_currency' with value from the configuration: USDT.
2026-04-25 05:58:47,012 - freqtrade.resolvers.strategy_resolver - INFO - Override strategy 'stake_amount' with value from the configuration: unlimited.
2026-04-25 05:58:47,012 - freqtrade.resolvers.strategy_resolver - INFO - Override strategy 'use_exit_signal' with value from the configuration: True.
2026-04-25 05:58:47,012 - freqtrade.resolvers.strategy_resolver - INFO - Override strategy 'max_open_trades' with value from the configuration: 2.
2026-04-25 05:58:47,013 - freqtrade.resolvers.strategy_resolver - INFO - Strategy using minimal_roi: {'0': 0.523, '1553': 0.123, '2332': 0.076, '3169': 0}
2026-04-25 05:58:47,013 - freqtrade.resolvers.strategy_resolver - INFO - Strategy using timeframe: 4h
2026-04-25 05:58:47,013 - freqtrade.resolvers.strategy_resolver - INFO - Strategy using stoploss: -0.345
2026-04-25 05:58:47,013 - freqtrade.resolvers.strategy_resolver - INFO - Strategy using trailing_stop: False
2026-04-25 05:58:47,013 - freqtrade.resolvers.strategy_resolver - INFO - Strategy using trailing_stop_positive_offset: 0.0
2026-04-25 05:58:47,014 - freqtrade.resolvers.strategy_resolver - INFO - Strategy using trailing_only_offset_is_reached: False
2026-04-25 05:58:47,014 - freqtrade.resolvers.strategy_resolver - INFO - Strategy using use_custom_stoploss: False
2026-04-25 05:58:47,014 - freqtrade.resolvers.strategy_resolver - INFO - Strategy using process_only_new_candles: True
2026-04-25 05:58:47,014 - freqtrade.resolvers.strategy_resolver - INFO - Strategy using order_types: {'entry': 'limit', 'exit': 'limit', 'stoploss': 'limit', 'stoploss_on_exchange': False, 
'stoploss_on_exchange_interval': 60}
2026-04-25 05:58:47,015 - freqtrade.resolvers.strategy_resolver - INFO - Strategy using order_time_in_force: {'entry': 'GTC', 'exit': 'GTC'}
2026-04-25 05:58:47,015 - freqtrade.resolvers.strategy_resolver - INFO - Strategy using stake_currency: USDT
2026-04-25 05:58:47,015 - freqtrade.resolvers.strategy_resolver - INFO - Strategy using stake_amount: unlimited
2026-04-25 05:58:47,016 - freqtrade.resolvers.strategy_resolver - INFO - Strategy using startup_candle_count: 0
2026-04-25 05:58:47,016 - freqtrade.resolvers.strategy_resolver - INFO - Strategy using use_exit_signal: True
2026-04-25 05:58:47,016 - freqtrade.resolvers.strategy_resolver - INFO - Strategy using exit_profit_only: False
2026-04-25 05:58:47,016 - freqtrade.resolvers.strategy_resolver - INFO - Strategy using ignore_roi_if_entry_signal: False
2026-04-25 05:58:47,017 - freqtrade.resolvers.strategy_resolver - INFO - Strategy using exit_profit_offset: 0.0
2026-04-25 05:58:47,017 - freqtrade.resolvers.strategy_resolver - INFO - Strategy using disable_dataframe_checks: False
2026-04-25 05:58:47,017 - freqtrade.resolvers.strategy_resolver - INFO - Strategy using ignore_buying_expired_candle_after: 0
2026-04-25 05:58:47,017 - freqtrade.resolvers.strategy_resolver - INFO - Strategy using position_adjustment_enable: False
2026-04-25 05:58:47,018 - freqtrade.resolvers.strategy_resolver - INFO - Strategy using max_entry_position_adjustment: -1
2026-04-25 05:58:47,018 - freqtrade.resolvers.strategy_resolver - INFO - Strategy using max_open_trades: 2
2026-04-25 05:58:47,018 - freqtrade.configuration.config_validation - INFO - Validating configuration ...
2026-04-25 05:58:47,022 - freqtrade.resolvers.iresolver - INFO - Using resolved pairlist StaticPairList from 
'/home/mohs/Desktop/ae/pyside6/.venv/lib/python3.12/site-packages/freqtrade/plugins/pairlist/StaticPairList.py'...
2026-04-25 05:58:47,032 - freqtrade.optimize.backtesting - INFO - Using fee 0.1000% - worst case fee from exchange (lowest tier).
2026-04-25 05:58:47,039 - freqtrade.data.history.datahandlers.idatahandler - WARNING - ADA/USDT, spot, 4h, data starts at 2025-04-24 00:00:00
2026-04-25 05:58:47,052 - freqtrade.data.history.datahandlers.idatahandler - WARNING - ETH/USDT, spot, 4h, data starts at 2025-04-24 00:00:00
2026-04-25 05:58:47,061 - freqtrade.optimize.backtesting - INFO - Loading data from 2025-04-24 00:00:00 up to 2026-04-17 00:00:00 (358 days).
2026-04-25 05:58:47,101 - freqtrade.optimize.backtesting - INFO - Dataload complete. Calculating indicators
2026-04-25 05:58:47,104 - freqtrade.optimize.backtesting - INFO - Running backtesting for Strategy MultiMa
2026-04-25 05:58:47,105 - freqtrade.strategy.hyper - INFO - Strategy Parameter: buy_ma_count = 5
2026-04-25 05:58:47,105 - freqtrade.strategy.hyper - INFO - Strategy Parameter: buy_ma_gap = 43
2026-04-25 05:58:47,105 - freqtrade.strategy.hyper - INFO - Strategy Parameter: sell_ma_count = 17
2026-04-25 05:58:47,106 - freqtrade.strategy.hyper - INFO - Strategy Parameter: sell_ma_gap = 55
2026-04-25 05:58:47,114 - freqtrade.optimize.backtesting - INFO - Backtesting with data from 2025-04-24 00:00:00 up to 2026-04-17 00:00:00 (358 days).
2026-04-25 05:58:47,580 - freqtrade.misc - INFO - dumping json to "/home/mohs/Desktop/ae/pyside6/user_data/backtest_results/backtest-result-2026-04-25_05-58-47.meta.json"
  ADA/USDT	
  ETH/USDT	
Result for strategy MultiMa
                                               BACKTESTING REPORT                                                
┏━━━━━━━━━━┳━━━━━━━━┳━━━━━━━━━━━━━━┳━━━━━━━━━━━━━━━━━┳━━━━━━━━━━━━━━┳━━━━━━━━━━━━━━━━━━┳━━━━━━━━━━━━━━━━━━━━━━━━┓
┃     Pair ┃ Trades ┃ Avg Profit % ┃ Tot Profit USDT ┃ Tot Profit % ┃     Avg Duration ┃  Win  Draw  Loss  Win% ┃
┡━━━━━━━━━━╇━━━━━━━━╇━━━━━━━━━━━━━━╇━━━━━━━━━━━━━━━━━╇━━━━━━━━━━━━━━╇━━━━━━━━━━━━━━━━━━╇━━━━━━━━━━━━━━━━━━━━━━━━┩
│ ETH/USDT │      7 │        -0.34 │          -1.061 │        -1.33 │ 2 days, 10:17:00 │    3     0     4  42.9 │
│ ADA/USDT │      6 │        -2.22 │          -5.448 │        -6.81 │ 2 days, 10:00:00 │    3     0     3  50.0 │
│    TOTAL │     13 │         -1.2 │          -6.509 │        -8.14 │ 2 days, 10:09:00 │    6     0     7  46.2 │
└──────────┴────────┴──────────────┴─────────────────┴──────────────┴──────────────────┴────────────────────────┘
                                             LEFT OPEN TRADES REPORT                                             
┏━━━━━━━━━━┳━━━━━━━━┳━━━━━━━━━━━━━━┳━━━━━━━━━━━━━━━━━┳━━━━━━━━━━━━━━┳━━━━━━━━━━━━━━━━━━┳━━━━━━━━━━━━━━━━━━━━━━━━┓
┃     Pair ┃ Trades ┃ Avg Profit % ┃ Tot Profit USDT ┃ Tot Profit % ┃     Avg Duration ┃  Win  Draw  Loss  Win% ┃
┡━━━━━━━━━━╇━━━━━━━━╇━━━━━━━━━━━━━━╇━━━━━━━━━━━━━━━━━╇━━━━━━━━━━━━━━╇━━━━━━━━━━━━━━━━━━╇━━━━━━━━━━━━━━━━━━━━━━━━┩
│ ETH/USDT │      1 │        -1.31 │          -0.482 │         -0.6 │ 2 days, 12:00:00 │    0     0     1     0 │
│    TOTAL │      1 │        -1.31 │          -0.482 │         -0.6 │ 2 days, 12:00:00 │    0     0     1     0 │
└──────────┴────────┴──────────────┴─────────────────┴──────────────┴──────────────────┴────────────────────────┘
                                                  ENTER TAG STATS                                                  
┏━━━━━━━━━━━┳━━━━━━━━━┳━━━━━━━━━━━━━━┳━━━━━━━━━━━━━━━━━┳━━━━━━━━━━━━━━┳━━━━━━━━━━━━━━━━━━┳━━━━━━━━━━━━━━━━━━━━━━━━┓
┃ Enter Tag ┃ Entries ┃ Avg Profit % ┃ Tot Profit USDT ┃ Tot Profit % ┃     Avg Duration ┃  Win  Draw  Loss  Win% ┃
┡━━━━━━━━━━━╇━━━━━━━━━╇━━━━━━━━━━━━━━╇━━━━━━━━━━━━━━━━━╇━━━━━━━━━━━━━━╇━━━━━━━━━━━━━━━━━━╇━━━━━━━━━━━━━━━━━━━━━━━━┩
│     OTHER │      13 │         -1.2 │          -6.509 │        -8.14 │ 2 days, 10:09:00 │    6     0     7  46.2 │
│     TOTAL │      13 │         -1.2 │          -6.509 │        -8.14 │ 2 days, 10:09:00 │    6     0     7  46.2 │
└───────────┴─────────┴──────────────┴─────────────────┴──────────────┴──────────────────┴────────────────────────┘
                                                 EXIT REASON STATS                                                 
┏━━━━━━━━━━━━━┳━━━━━━━┳━━━━━━━━━━━━━━┳━━━━━━━━━━━━━━━━━┳━━━━━━━━━━━━━━┳━━━━━━━━━━━━━━━━━━┳━━━━━━━━━━━━━━━━━━━━━━━━┓
┃ Exit Reason ┃ Exits ┃ Avg Profit % ┃ Tot Profit USDT ┃ Tot Profit % ┃     Avg Duration ┃  Win  Draw  Loss  Win% ┃
┡━━━━━━━━━━━━━╇━━━━━━━╇━━━━━━━━━━━━━━╇━━━━━━━━━━━━━━━━━╇━━━━━━━━━━━━━━╇━━━━━━━━━━━━━━━━━━╇━━━━━━━━━━━━━━━━━━━━━━━━┩
│         roi │     7 │         2.78 │           7.375 │         9.22 │  2 days, 5:43:00 │    6     0     1  85.7 │
│  force_exit │     1 │        -1.31 │          -0.482 │         -0.6 │ 2 days, 12:00:00 │    0     0     1     0 │
│ exit_signal │     5 │        -6.76 │         -13.402 │       -16.75 │ 2 days, 16:00:00 │    0     0     5     0 │
│       TOTAL │    13 │         -1.2 │          -6.509 │        -8.14 │ 2 days, 10:09:00 │    6     0     7  46.2 │
└─────────────┴───────┴──────────────┴─────────────────┴──────────────┴──────────────────┴────────────────────────┘
                                                        MIXED TAG STATS                                                         
┏━━━━━━━━━━━┳━━━━━━━━━━━━━┳━━━━━━━━┳━━━━━━━━━━━━━━┳━━━━━━━━━━━━━━━━━┳━━━━━━━━━━━━━━┳━━━━━━━━━━━━━━━━━━┳━━━━━━━━━━━━━━━━━━━━━━━━┓
┃ Enter Tag ┃ Exit Reason ┃ Trades ┃ Avg Profit % ┃ Tot Profit USDT ┃ Tot Profit % ┃     Avg Duration ┃  Win  Draw  Loss  Win% ┃
┡━━━━━━━━━━━╇━━━━━━━━━━━━━╇━━━━━━━━╇━━━━━━━━━━━━━━╇━━━━━━━━━━━━━━━━━╇━━━━━━━━━━━━━━╇━━━━━━━━━━━━━━━━━━╇━━━━━━━━━━━━━━━━━━━━━━━━┩
│           │         roi │      7 │         2.78 │           7.375 │         9.22 │  2 days, 5:43:00 │    6     0     1  85.7 │
│           │  force_exit │      1 │        -1.31 │          -0.482 │         -0.6 │ 2 days, 12:00:00 │    0     0     1     0 │
│           │ exit_signal │      5 │        -6.76 │         -13.402 │       -16.75 │ 2 days, 16:00:00 │    0     0     5     0 │
│     TOTAL │             │     13 │         -1.2 │          -6.509 │        -8.14 │ 2 days, 10:09:00 │    6     0     7  46.2 │
└───────────┴─────────────┴────────┴──────────────┴─────────────────┴──────────────┴──────────────────┴────────────────────────┘
                         SUMMARY METRICS                          
┏━━━━━━━━━━━━━━━━━━━━━━━━━━━━━━━┳━━━━━━━━━━━━━━━━━━━━━━━━━━━━━━━━┓
┃ Metric                        ┃ Value                          ┃
┡━━━━━━━━━━━━━━━━━━━━━━━━━━━━━━━╇━━━━━━━━━━━━━━━━━━━━━━━━━━━━━━━━┩
│ Backtesting from              │ 2025-04-24 00:00:00            │
│ Backtesting to                │ 2026-04-17 00:00:00            │
│ Trading Mode                  │ Spot                           │
│ Max open trades               │ 2                              │
│                               │                                │
│ Total/Daily Avg Trades        │ 13 / 0.04                      │
│ Starting balance              │ 80 USDT                        │
│ Final balance                 │ 73.491 USDT                    │
│ Absolute profit               │ -6.509 USDT                    │
│ Total profit %                │ -8.14%                         │
│ CAGR %                        │ -8.29%                         │
│ Sortino                       │ -0.21                          │
│ Sharpe                        │ -0.17                          │
│ Calmar                        │ -3.73                          │
│ SQN                           │ -0.84                          │
│ Profit factor                 │ 0.53                           │
│ Expectancy (Ratio)            │ -0.50 (-0.25)                  │
│ Avg. daily profit             │ -0.018 USDT                    │
│ Avg. stake amount             │ 38.76 USDT                     │
│ Total trade volume            │ 1003.252 USDT                  │
│                               │                                │
│ Best Pair                     │ ETH/USDT -1.33%                │
│ Worst Pair                    │ ADA/USDT -6.81%                │
│ Best trade                    │ ADA/USDT 7.59%                 │
│ Worst trade                   │ ADA/USDT -12.87%               │
│ Best day                      │ 2.783 USDT                     │
│ Worst day                     │ -5.134 USDT                    │
│ Days win/draw/lose            │ 5 / 260 / 6                    │
│ Min/Max/Avg. Duration Winners │ 1d 16:00 / 2d 08:00 / 2d 05:20 │
│ Min/Max/Avg. Duration Losers  │ 2d 08:00 / 3d 00:00 / 2d 14:17 │
│ Max Consecutive Wins / Loss   │ 2 / 3                          │
│ Rejected Entry signals        │ 0                              │
│ Entry/Exit Timeouts           │ 0 / 0                          │
│                               │                                │
│ Min balance                   │ 72.733 USDT                    │
│ Max balance                   │ 82.314 USDT                    │
│ Max % of account underwater   │ 11.64%                         │
│ Absolute drawdown             │ 9.58 USDT (11.64%)             │
│ Drawdown duration             │ 242 days 20:00:00              │
│ Profit at drawdown start      │ 2.314 USDT                     │
│ Profit at drawdown end        │ -7.267 USDT                    │
│ Drawdown start                │ 2025-07-21 00:00:00            │
│ Drawdown end                  │ 2026-03-20 20:00:00            │
│ Market change                 │ -15.50%                        │
└───────────────────────────────┴────────────────────────────────┘

Backtested 2025-04-24 00:00:00 -> 2026-04-17 00:00:00 | Max open trades : 2
                                                          STRATEGY SUMMARY                                                           
┏━━━━━━━━━━┳━━━━━━━━┳━━━━━━━━━━━━━━┳━━━━━━━━━━━━━━━━━┳━━━━━━━━━━━━━━┳━━━━━━━━━━━━━━━━━━┳━━━━━━━━━━━━━━━━━━━━━━━━┳━━━━━━━━━━━━━━━━━━━┓
┃ Strategy ┃ Trades ┃ Avg Profit % ┃ Tot Profit USDT ┃ Tot Profit % ┃     Avg Duration ┃  Win  Draw  Loss  Win% ┃          Drawdown ┃
┡━━━━━━━━━━╇━━━━━━━━╇━━━━━━━━━━━━━━╇━━━━━━━━━━━━━━━━━╇━━━━━━━━━━━━━━╇━━━━━━━━━━━━━━━━━━╇━━━━━━━━━━━━━━━━━━━━━━━━╇━━━━━━━━━━━━━━━━━━━┩
│  MultiMa │     13 │        -1.20 │          -6.509 │        -8.14 │ 2 days, 10:09:00 │    6     0     7  46.2 │ 9.58 USDT  11.64% │
└──────────┴────────┴──────────────┴─────────────────┴──────────────┴──────────────────┴────────────────────────┴───────────────────┘