2026-04-25 22:43:44,015 - freqtrade - INFO - freqtrade 2026.3
2026-04-25 22:43:45,066 - freqtrade.configuration.load_config - INFO - Using config: /home/mohs/Desktop/ae/pyside6/user_data/config.json ...
2026-04-25 22:43:45,068 - freqtrade.loggers - INFO - Enabling colorized output.
2026-04-25 22:43:45,069 - freqtrade.loggers - INFO - Logfile configured
2026-04-25 22:43:45,069 - freqtrade.loggers - INFO - Verbosity set to 0
2026-04-25 22:43:45,069 - freqtrade.configuration.configuration - INFO - Using additional Strategy lookup path: 
/home/mohs/Desktop/ae/pyside6/user_data/optimizer/sessions/b8194b7f-3716-497e-8a17-833c28d4e223/trial_094/strategy_dir
2026-04-25 22:43:45,070 - freqtrade.configuration.configuration - WARNING - `force_entry_enable` RPC message enabled.
2026-04-25 22:43:45,070 - freqtrade.configuration.configuration - INFO - Parameter -i/--timeframe detected ... Using timeframe: 4h ...
2026-04-25 22:43:45,070 - freqtrade.configuration.configuration - INFO - Parameter --max-open-trades detected, overriding max_open_trades to: 3 ...
2026-04-25 22:43:45,070 - freqtrade.configuration.configuration - INFO - Parameter --dry-run-wallet detected, overriding dry_run_wallet to: 150.0 ...
2026-04-25 22:43:45,071 - freqtrade.configuration.configuration - INFO - Parameter --timerange detected: 20250422-20260417 ...
2026-04-25 22:43:45,071 - freqtrade.configuration.configuration - INFO - Using user-data directory: /home/mohs/Desktop/ae/pyside6/user_data ...
2026-04-25 22:43:45,071 - freqtrade.configuration.configuration - INFO - Using data directory: /home/mohs/Desktop/ae/pyside6/user_data/data/binance ...
2026-04-25 22:43:45,072 - freqtrade.configuration.configuration - INFO - Parameter --export detected: trades ...
2026-04-25 22:43:45,072 - freqtrade.configuration.configuration - INFO - Parameter --cache=day detected ...
2026-04-25 22:43:45,072 - freqtrade.configuration.configuration - INFO - Using pairs ['XRP/USDT', 'ETH/USDT', 'HOME/USDT']
2026-04-25 22:43:45,072 - freqtrade.configuration.configuration - INFO - Filter trades by timerange: 20250422-20260417
2026-04-25 22:43:45,073 - freqtrade.exchange.check_exchange - INFO - Checking exchange...
2026-04-25 22:43:45,078 - freqtrade.exchange.check_exchange - INFO - Exchange "binance" is officially supported by the Freqtrade development team.
2026-04-25 22:43:45,079 - freqtrade.configuration.config_validation - INFO - Validating configuration ...
2026-04-25 22:43:45,081 - freqtrade.commands.optimize_commands - INFO - Starting freqtrade in Backtesting mode
2026-04-25 22:43:45,081 - freqtrade.exchange.exchange - INFO - Instance is running with dry_run enabled
2026-04-25 22:43:45,081 - freqtrade.exchange.exchange - INFO - Using CCXT 4.5.50
2026-04-25 22:43:45,082 - freqtrade.exchange.exchange - INFO - Applying additional ccxt config: {'enableRateLimit': True, 'timeout': 120000}
2026-04-25 22:43:45,087 - freqtrade.exchange.exchange - INFO - Applying additional ccxt config: {'enableRateLimit': True, 'timeout': 120000}
2026-04-25 22:43:45,092 - freqtrade.exchange.exchange - INFO - Using Exchange "Binance"
2026-04-25 22:43:46,306 - freqtrade.resolvers.exchange_resolver - INFO - Using resolved exchange 'Binance'...
2026-04-25 22:43:46,315 - freqtrade.resolvers.iresolver - INFO - Using resolved strategy yes from 
'/home/mohs/Desktop/ae/pyside6/user_data/optimizer/sessions/b8194b7f-3716-497e-8a17-833c28d4e223/trial_094/strategy_dir/yes.py'...
2026-04-25 22:43:46,315 - freqtrade.strategy.hyper - INFO - Loading parameters from file 
/home/mohs/Desktop/ae/pyside6/user_data/optimizer/sessions/b8194b7f-3716-497e-8a17-833c28d4e223/trial_094/strategy_dir/yes.json
2026-04-25 22:43:46,316 - freqtrade.resolvers.strategy_resolver - INFO - Override strategy 'timeframe' with value from the configuration: 4h.
2026-04-25 22:43:46,316 - freqtrade.resolvers.strategy_resolver - INFO - Override strategy 'stake_currency' with value from the configuration: USDT.
2026-04-25 22:43:46,316 - freqtrade.resolvers.strategy_resolver - INFO - Override strategy 'stake_amount' with value from the configuration: unlimited.
2026-04-25 22:43:46,317 - freqtrade.resolvers.strategy_resolver - INFO - Override strategy 'use_exit_signal' with value from the configuration: True.
2026-04-25 22:43:46,317 - freqtrade.resolvers.strategy_resolver - INFO - Override strategy 'max_open_trades' with value from the configuration: 3.
2026-04-25 22:43:46,317 - freqtrade.resolvers.strategy_resolver - INFO - Strategy using minimal_roi: {'0': 1.0529788151350512, '13': 0.8634540725509479, '146': 0.1216133369285376, '38': 
0.001402424715417374}
2026-04-25 22:43:46,317 - freqtrade.resolvers.strategy_resolver - INFO - Strategy using timeframe: 4h
2026-04-25 22:43:46,318 - freqtrade.resolvers.strategy_resolver - INFO - Strategy using stoploss: -0.9828868200098446
2026-04-25 22:43:46,318 - freqtrade.resolvers.strategy_resolver - INFO - Strategy using trailing_stop: False
2026-04-25 22:43:46,318 - freqtrade.resolvers.strategy_resolver - INFO - Strategy using trailing_stop_positive: 0.4847865979181361
2026-04-25 22:43:46,318 - freqtrade.resolvers.strategy_resolver - INFO - Strategy using trailing_stop_positive_offset: 0.3732126045311421
2026-04-25 22:43:46,318 - freqtrade.resolvers.strategy_resolver - INFO - Strategy using trailing_only_offset_is_reached: True
2026-04-25 22:43:46,319 - freqtrade.resolvers.strategy_resolver - INFO - Strategy using use_custom_stoploss: False
2026-04-25 22:43:46,319 - freqtrade.resolvers.strategy_resolver - INFO - Strategy using process_only_new_candles: True
2026-04-25 22:43:46,319 - freqtrade.resolvers.strategy_resolver - INFO - Strategy using order_types: {'entry': 'limit', 'exit': 'limit', 'stoploss': 'limit', 'stoploss_on_exchange': False, 
'stoploss_on_exchange_interval': 60}
2026-04-25 22:43:46,319 - freqtrade.resolvers.strategy_resolver - INFO - Strategy using order_time_in_force: {'entry': 'GTC', 'exit': 'GTC'}
2026-04-25 22:43:46,320 - freqtrade.resolvers.strategy_resolver - INFO - Strategy using stake_currency: USDT
2026-04-25 22:43:46,320 - freqtrade.resolvers.strategy_resolver - INFO - Strategy using stake_amount: unlimited
2026-04-25 22:43:46,320 - freqtrade.resolvers.strategy_resolver - INFO - Strategy using startup_candle_count: 0
2026-04-25 22:43:46,320 - freqtrade.resolvers.strategy_resolver - INFO - Strategy using use_exit_signal: True
2026-04-25 22:43:46,321 - freqtrade.resolvers.strategy_resolver - INFO - Strategy using exit_profit_only: False
2026-04-25 22:43:46,321 - freqtrade.resolvers.strategy_resolver - INFO - Strategy using ignore_roi_if_entry_signal: False
2026-04-25 22:43:46,321 - freqtrade.resolvers.strategy_resolver - INFO - Strategy using exit_profit_offset: 0.0
2026-04-25 22:43:46,321 - freqtrade.resolvers.strategy_resolver - INFO - Strategy using disable_dataframe_checks: False
2026-04-25 22:43:46,322 - freqtrade.resolvers.strategy_resolver - INFO - Strategy using ignore_buying_expired_candle_after: 0
2026-04-25 22:43:46,322 - freqtrade.resolvers.strategy_resolver - INFO - Strategy using position_adjustment_enable: False
2026-04-25 22:43:46,322 - freqtrade.resolvers.strategy_resolver - INFO - Strategy using max_entry_position_adjustment: -1
2026-04-25 22:43:46,322 - freqtrade.resolvers.strategy_resolver - INFO - Strategy using max_open_trades: 3
2026-04-25 22:43:46,323 - freqtrade.configuration.config_validation - INFO - Validating configuration ...
2026-04-25 22:43:46,326 - freqtrade.resolvers.iresolver - INFO - Using resolved pairlist StaticPairList from 
'/home/mohs/Desktop/ae/pyside6/.venv/lib/python3.12/site-packages/freqtrade/plugins/pairlist/StaticPairList.py'...
2026-04-25 22:43:46,338 - freqtrade.optimize.backtesting - INFO - Using fee 0.1000% - worst case fee from exchange (lowest tier).
2026-04-25 22:43:46,373 - freqtrade.data.history.datahandlers.idatahandler - WARNING - HOME/USDT, spot, 4h, data starts at 2025-06-12 12:00:00
2026-04-25 22:43:46,381 - freqtrade.optimize.backtesting - INFO - Loading data from 2025-04-22 00:00:00 up to 2026-04-17 00:00:00 (360 days).
2026-04-25 22:43:46,436 - freqtrade.optimize.backtesting - INFO - Dataload complete. Calculating indicators
2026-04-25 22:43:46,446 - freqtrade.optimize.backtesting - INFO - Running backtesting for Strategy yes
2026-04-25 22:43:46,446 - freqtrade.strategy.hyper - INFO - Strategy Parameter: buy_ma_count = 3
2026-04-25 22:43:46,446 - freqtrade.strategy.hyper - INFO - Strategy Parameter: buy_ma_gap = 14
2026-04-25 22:43:46,447 - freqtrade.strategy.hyper - INFO - Strategy Parameter: sell_ma_count = 12
2026-04-25 22:43:46,447 - freqtrade.strategy.hyper - INFO - Strategy Parameter: sell_ma_gap = 49
2026-04-25 22:43:46,455 - freqtrade.optimize.backtesting - INFO - Backtesting with data from 2025-04-22 00:00:00 up to 2026-04-17 00:00:00 (360 days).
2026-04-25 22:43:47,021 - freqtrade.misc - INFO - dumping json to "/home/mohs/Desktop/ae/pyside6/user_data/backtest_results/backtest-result-2026-04-25_22-43-47.meta.json"
Result for strategy yes
                                                BACKTESTING REPORT                                                
┏━━━━━━━━━━━┳━━━━━━━━┳━━━━━━━━━━━━━━┳━━━━━━━━━━━━━━━━━┳━━━━━━━━━━━━━━┳━━━━━━━━━━━━━━━━━━┳━━━━━━━━━━━━━━━━━━━━━━━━┓
┃      Pair ┃ Trades ┃ Avg Profit % ┃ Tot Profit USDT ┃ Tot Profit % ┃     Avg Duration ┃  Win  Draw  Loss  Win% ┃
┡━━━━━━━━━━━╇━━━━━━━━╇━━━━━━━━━━━━━━╇━━━━━━━━━━━━━━━━━╇━━━━━━━━━━━━━━╇━━━━━━━━━━━━━━━━━━╇━━━━━━━━━━━━━━━━━━━━━━━━┩
│ HOME/USDT │     11 │         4.89 │          29.365 │        19.58 │ 3 days, 19:38:00 │    6     0     5  54.5 │
│  ETH/USDT │      8 │         4.23 │          16.120 │        10.75 │  7 days, 6:30:00 │    5     0     3  62.5 │
│  XRP/USDT │      8 │         1.95 │           8.359 │         5.57 │ 7 days, 23:30:00 │    5     0     3  62.5 │
│     TOTAL │     27 │         3.83 │          53.845 │         35.9 │  6 days, 1:47:00 │   16     0    11  59.3 │
└───────────┴────────┴──────────────┴─────────────────┴──────────────┴──────────────────┴────────────────────────┘
                                            LEFT OPEN TRADES REPORT                                             
┏━━━━━━━━━━┳━━━━━━━━┳━━━━━━━━━━━━━━┳━━━━━━━━━━━━━━━━━┳━━━━━━━━━━━━━━┳━━━━━━━━━━━━━━━━━┳━━━━━━━━━━━━━━━━━━━━━━━━┓
┃     Pair ┃ Trades ┃ Avg Profit % ┃ Tot Profit USDT ┃ Tot Profit % ┃    Avg Duration ┃  Win  Draw  Loss  Win% ┃
┡━━━━━━━━━━╇━━━━━━━━╇━━━━━━━━━━━━━━╇━━━━━━━━━━━━━━━━━╇━━━━━━━━━━━━━━╇━━━━━━━━━━━━━━━━━╇━━━━━━━━━━━━━━━━━━━━━━━━┩
│ XRP/USDT │      1 │         3.11 │           2.087 │         1.39 │        20:00:00 │    1     0     0   100 │
│ ETH/USDT │      1 │         1.19 │           0.796 │         0.53 │ 5 days, 4:00:00 │    1     0     0   100 │
│    TOTAL │      2 │         2.15 │           2.883 │         1.92 │ 3 days, 0:00:00 │    2     0     0   100 │
└──────────┴────────┴──────────────┴─────────────────┴──────────────┴─────────────────┴────────────────────────┘
                                                 ENTER TAG STATS                                                  
┏━━━━━━━━━━━┳━━━━━━━━━┳━━━━━━━━━━━━━━┳━━━━━━━━━━━━━━━━━┳━━━━━━━━━━━━━━┳━━━━━━━━━━━━━━━━━┳━━━━━━━━━━━━━━━━━━━━━━━━┓
┃ Enter Tag ┃ Entries ┃ Avg Profit % ┃ Tot Profit USDT ┃ Tot Profit % ┃    Avg Duration ┃  Win  Draw  Loss  Win% ┃
┡━━━━━━━━━━━╇━━━━━━━━━╇━━━━━━━━━━━━━━╇━━━━━━━━━━━━━━━━━╇━━━━━━━━━━━━━━╇━━━━━━━━━━━━━━━━━╇━━━━━━━━━━━━━━━━━━━━━━━━┩
│     OTHER │      27 │         3.83 │          53.845 │         35.9 │ 6 days, 1:47:00 │   16     0    11  59.3 │
│     TOTAL │      27 │         3.83 │          53.845 │         35.9 │ 6 days, 1:47:00 │   16     0    11  59.3 │
└───────────┴─────────┴──────────────┴─────────────────┴──────────────┴─────────────────┴────────────────────────┘
                                                 EXIT REASON STATS                                                 
┏━━━━━━━━━━━━━┳━━━━━━━┳━━━━━━━━━━━━━━┳━━━━━━━━━━━━━━━━━┳━━━━━━━━━━━━━━┳━━━━━━━━━━━━━━━━━━┳━━━━━━━━━━━━━━━━━━━━━━━━┓
┃ Exit Reason ┃ Exits ┃ Avg Profit % ┃ Tot Profit USDT ┃ Tot Profit % ┃     Avg Duration ┃  Win  Draw  Loss  Win% ┃
┡━━━━━━━━━━━━━╇━━━━━━━╇━━━━━━━━━━━━━━╇━━━━━━━━━━━━━━━━━╇━━━━━━━━━━━━━━╇━━━━━━━━━━━━━━━━━━╇━━━━━━━━━━━━━━━━━━━━━━━━┩
│         roi │    13 │        12.16 │          84.742 │        56.49 │ 6 days, 22:28:00 │   13     0     0   100 │
│  force_exit │     2 │         2.15 │           2.883 │         1.92 │  3 days, 0:00:00 │    2     0     0   100 │
│ exit_signal │    12 │        -4.92 │         -33.780 │       -22.52 │ 5 days, 15:40:00 │    1     0    11   8.3 │
│       TOTAL │    27 │         3.83 │          53.845 │         35.9 │  6 days, 1:47:00 │   16     0    11  59.3 │
└─────────────┴───────┴──────────────┴─────────────────┴──────────────┴──────────────────┴────────────────────────┘
                                                        MIXED TAG STATS                                                         
┏━━━━━━━━━━━┳━━━━━━━━━━━━━┳━━━━━━━━┳━━━━━━━━━━━━━━┳━━━━━━━━━━━━━━━━━┳━━━━━━━━━━━━━━┳━━━━━━━━━━━━━━━━━━┳━━━━━━━━━━━━━━━━━━━━━━━━┓
┃ Enter Tag ┃ Exit Reason ┃ Trades ┃ Avg Profit % ┃ Tot Profit USDT ┃ Tot Profit % ┃     Avg Duration ┃  Win  Draw  Loss  Win% ┃
┡━━━━━━━━━━━╇━━━━━━━━━━━━━╇━━━━━━━━╇━━━━━━━━━━━━━━╇━━━━━━━━━━━━━━━━━╇━━━━━━━━━━━━━━╇━━━━━━━━━━━━━━━━━━╇━━━━━━━━━━━━━━━━━━━━━━━━┩
│           │         roi │     13 │        12.16 │          84.742 │        56.49 │ 6 days, 22:28:00 │   13     0     0   100 │
│           │  force_exit │      2 │         2.15 │           2.883 │         1.92 │  3 days, 0:00:00 │    2     0     0   100 │
│           │ exit_signal │     12 │        -4.92 │         -33.780 │       -22.52 │ 5 days, 15:40:00 │    1     0    11   8.3 │
│     TOTAL │             │     27 │         3.83 │          53.845 │         35.9 │  6 days, 1:47:00 │   16     0    11  59.3 │
└───────────┴─────────────┴────────┴──────────────┴─────────────────┴──────────────┴──────────────────┴────────────────────────┘
                          SUMMARY METRICS                          
┏━━━━━━━━━━━━━━━━━━━━━━━━━━━━━━━┳━━━━━━━━━━━━━━━━━━━━━━━━━━━━━━━━━┓
┃ Metric                        ┃ Value                           ┃
┡━━━━━━━━━━━━━━━━━━━━━━━━━━━━━━━╇━━━━━━━━━━━━━━━━━━━━━━━━━━━━━━━━━┩
│ Backtesting from              │ 2025-04-22 00:00:00             │
│ Backtesting to                │ 2026-04-17 00:00:00             │
│ Trading Mode                  │ Spot                            │
│ Max open trades               │ 3                               │
│                               │                                 │
│ Total/Daily Avg Trades        │ 27 / 0.07                       │
│ Starting balance              │ 150 USDT                        │
│ Final balance                 │ 203.845 USDT                    │
│ Absolute profit               │ 53.845 USDT                     │
│ Total profit %                │ 35.90%                          │
│ CAGR %                        │ 36.48%                          │
│ Sortino                       │ 1.16                            │
│ Sharpe                        │ 0.58                            │
│ Calmar                        │ 15.55                           │
│ SQN                           │ 2.05                            │
│ Profit factor                 │ 2.44                            │
│ Expectancy (Ratio)            │ 1.99 (0.59)                     │
│ Avg. daily profit             │ 0.15 USDT                       │
│ Avg. stake amount             │ 58.53 USDT                      │
│ Total trade volume            │ 3220.889 USDT                   │
│                               │                                 │
│ Best Pair                     │ HOME/USDT 19.58%                │
│ Worst Pair                    │ XRP/USDT 5.57%                  │
│ Best trade                    │ HOME/USDT 12.17%                │
│ Worst trade                   │ XRP/USDT -18.32%                │
│ Best day                      │ 11.542 USDT                     │
│ Worst day                     │ -9.13 USDT                      │
│ Days win/draw/lose            │ 13 / 287 / 11                   │
│ Min/Max/Avg. Duration Winners │ 0d 16:00 / 21d 00:00 / 6d 07:30 │
│ Min/Max/Avg. Duration Losers  │ 0d 20:00 / 32d 04:00 / 5d 17:27 │
│ Max Consecutive Wins / Loss   │ 11 / 4                          │
│ Rejected Entry signals        │ 0                               │
│ Entry/Exit Timeouts           │ 0 / 0                           │
│                               │                                 │
│ Min balance                   │ 136.959 USDT                    │
│ Max balance                   │ 208.607 USDT                    │
│ Max % of account underwater   │ 12.25%                          │
│ Absolute drawdown             │ 19.124 USDT (12.25%)            │
│ Drawdown duration             │ 7 days 00:00:00                 │
│ Profit at drawdown start      │ 6.083 USDT                      │
│ Profit at drawdown end        │ -13.041 USDT                    │
│ Drawdown start                │ 2025-06-11 12:00:00             │
│ Drawdown end                  │ 2025-06-18 12:00:00             │
│ Market change                 │ -9.22%                          │
└───────────────────────────────┴─────────────────────────────────┘

Backtested 2025-04-22 00:00:00 -> 2026-04-17 00:00:00 | Max open trades : 3
                                                           STRATEGY SUMMARY                                                           
┏━━━━━━━━━━┳━━━━━━━━┳━━━━━━━━━━━━━━┳━━━━━━━━━━━━━━━━━┳━━━━━━━━━━━━━━┳━━━━━━━━━━━━━━━━━┳━━━━━━━━━━━━━━━━━━━━━━━━┳━━━━━━━━━━━━━━━━━━━━━┓
┃ Strategy ┃ Trades ┃ Avg Profit % ┃ Tot Profit USDT ┃ Tot Profit % ┃    Avg Duration ┃  Win  Draw  Loss  Win% ┃            Drawdown ┃
┡━━━━━━━━━━╇━━━━━━━━╇━━━━━━━━━━━━━━╇━━━━━━━━━━━━━━━━━╇━━━━━━━━━━━━━━╇━━━━━━━━━━━━━━━━━╇━━━━━━━━━━━━━━━━━━━━━━━━╇━━━━━━━━━━━━━━━━━━━━━┩
│      yes │     27 │         3.83 │          53.845 │         35.9 │ 6 days, 1:47:00 │   16     0    11  59.3 │ 19.124 USDT  12.25% │
└──────────┴────────┴──────────────┴─────────────────┴──────────────┴─────────────────┴────────────────────────┴─────────────────────┘