2026-04-25 20:15:07,856 - freqtrade - INFO - freqtrade 2026.3
2026-04-25 20:15:09,065 - freqtrade.configuration.load_config - INFO - Using config: /home/mohs/Desktop/ae/pyside6/user_data/config.json ...
2026-04-25 20:15:09,068 - freqtrade.loggers - INFO - Enabling colorized output.
2026-04-25 20:15:09,068 - freqtrade.loggers - INFO - Logfile configured
2026-04-25 20:15:09,069 - freqtrade.loggers - INFO - Verbosity set to 0
2026-04-25 20:15:09,069 - freqtrade.configuration.configuration - INFO - Using additional Strategy lookup path: 
/home/mohs/Desktop/ae/pyside6/user_data/optimizer/sessions/67b9b07d-6015-403e-8bdf-cb20b1ccc55d/trial_003/strategy_dir
2026-04-25 20:15:09,069 - freqtrade.configuration.configuration - WARNING - `force_entry_enable` RPC message enabled.
2026-04-25 20:15:09,069 - freqtrade.configuration.configuration - INFO - Parameter -i/--timeframe detected ... Using timeframe: 4h ...
2026-04-25 20:15:09,070 - freqtrade.configuration.configuration - INFO - Parameter --max-open-trades detected, overriding max_open_trades to: 2 ...
2026-04-25 20:15:09,070 - freqtrade.configuration.configuration - INFO - Parameter --dry-run-wallet detected, overriding dry_run_wallet to: 150.0 ...
2026-04-25 20:15:09,070 - freqtrade.configuration.configuration - INFO - Parameter --timerange detected: 20250422-20260417 ...
2026-04-25 20:15:09,071 - freqtrade.configuration.configuration - INFO - Using user-data directory: /home/mohs/Desktop/ae/pyside6/user_data ...
2026-04-25 20:15:09,071 - freqtrade.configuration.configuration - INFO - Using data directory: /home/mohs/Desktop/ae/pyside6/user_data/data/binance ...
2026-04-25 20:15:09,071 - freqtrade.configuration.configuration - INFO - Parameter --export detected: trades ...
2026-04-25 20:15:09,072 - freqtrade.configuration.configuration - INFO - Parameter --cache=day detected ...
2026-04-25 20:15:09,072 - freqtrade.configuration.configuration - INFO - Using pairs ['ETH/USDT', 'XRP/USDT', 'HOME/USDT']
2026-04-25 20:15:09,072 - freqtrade.configuration.configuration - INFO - Filter trades by timerange: 20250422-20260417
2026-04-25 20:15:09,073 - freqtrade.exchange.check_exchange - INFO - Checking exchange...
2026-04-25 20:15:09,079 - freqtrade.exchange.check_exchange - INFO - Exchange "binance" is officially supported by the Freqtrade development team.
2026-04-25 20:15:09,079 - freqtrade.configuration.config_validation - INFO - Validating configuration ...
2026-04-25 20:15:09,081 - freqtrade.commands.optimize_commands - INFO - Starting freqtrade in Backtesting mode
2026-04-25 20:15:09,082 - freqtrade.exchange.exchange - INFO - Instance is running with dry_run enabled
2026-04-25 20:15:09,082 - freqtrade.exchange.exchange - INFO - Using CCXT 4.5.50
2026-04-25 20:15:09,082 - freqtrade.exchange.exchange - INFO - Applying additional ccxt config: {'enableRateLimit': True, 'timeout': 120000}
2026-04-25 20:15:09,088 - freqtrade.exchange.exchange - INFO - Applying additional ccxt config: {'enableRateLimit': True, 'timeout': 120000}
2026-04-25 20:15:09,095 - freqtrade.exchange.exchange - INFO - Using Exchange "Binance"
2026-04-25 20:15:10,306 - freqtrade.resolvers.exchange_resolver - INFO - Using resolved exchange 'Binance'...
2026-04-25 20:15:10,315 - freqtrade.resolvers.iresolver - INFO - Using resolved strategy MultiMeee from 
'/home/mohs/Desktop/ae/pyside6/user_data/optimizer/sessions/67b9b07d-6015-403e-8bdf-cb20b1ccc55d/trial_003/strategy_dir/MultiMeee.py'...
2026-04-25 20:15:10,315 - freqtrade.strategy.hyper - INFO - Loading parameters from file 
/home/mohs/Desktop/ae/pyside6/user_data/optimizer/sessions/67b9b07d-6015-403e-8bdf-cb20b1ccc55d/trial_003/strategy_dir/MultiMeee.json
2026-04-25 20:15:10,316 - freqtrade.resolvers.strategy_resolver - INFO - Override strategy 'timeframe' with value from the configuration: 4h.
2026-04-25 20:15:10,316 - freqtrade.resolvers.strategy_resolver - INFO - Override strategy 'stake_currency' with value from the configuration: USDT.
2026-04-25 20:15:10,316 - freqtrade.resolvers.strategy_resolver - INFO - Override strategy 'stake_amount' with value from the configuration: unlimited.
2026-04-25 20:15:10,317 - freqtrade.resolvers.strategy_resolver - INFO - Override strategy 'use_exit_signal' with value from the configuration: True.
2026-04-25 20:15:10,317 - freqtrade.resolvers.strategy_resolver - INFO - Override strategy 'max_open_trades' with value from the configuration: 2.
2026-04-25 20:15:10,317 - freqtrade.resolvers.strategy_resolver - INFO - Strategy using minimal_roi: {'0': 0.860666050616215, '13': 0.2926799820841214, '146': 0.41749706572430434, '38': 
0.31717430430850224}
2026-04-25 20:15:10,317 - freqtrade.resolvers.strategy_resolver - INFO - Strategy using timeframe: 4h
2026-04-25 20:15:10,318 - freqtrade.resolvers.strategy_resolver - INFO - Strategy using stoploss: -0.27408217914599703
2026-04-25 20:15:10,318 - freqtrade.resolvers.strategy_resolver - INFO - Strategy using trailing_stop: True
2026-04-25 20:15:10,318 - freqtrade.resolvers.strategy_resolver - INFO - Strategy using trailing_stop_positive: 0.2899545550376352
2026-04-25 20:15:10,318 - freqtrade.resolvers.strategy_resolver - INFO - Strategy using trailing_stop_positive_offset: 0.7804354823819172
2026-04-25 20:15:10,319 - freqtrade.resolvers.strategy_resolver - INFO - Strategy using trailing_only_offset_is_reached: True
2026-04-25 20:15:10,319 - freqtrade.resolvers.strategy_resolver - INFO - Strategy using use_custom_stoploss: False
2026-04-25 20:15:10,319 - freqtrade.resolvers.strategy_resolver - INFO - Strategy using process_only_new_candles: True
2026-04-25 20:15:10,319 - freqtrade.resolvers.strategy_resolver - INFO - Strategy using order_types: {'entry': 'limit', 'exit': 'limit', 'stoploss': 'limit', 'stoploss_on_exchange': False, 
'stoploss_on_exchange_interval': 60}
2026-04-25 20:15:10,320 - freqtrade.resolvers.strategy_resolver - INFO - Strategy using order_time_in_force: {'entry': 'GTC', 'exit': 'GTC'}
2026-04-25 20:15:10,320 - freqtrade.resolvers.strategy_resolver - INFO - Strategy using stake_currency: USDT
2026-04-25 20:15:10,320 - freqtrade.resolvers.strategy_resolver - INFO - Strategy using stake_amount: unlimited
2026-04-25 20:15:10,320 - freqtrade.resolvers.strategy_resolver - INFO - Strategy using startup_candle_count: 0
2026-04-25 20:15:10,321 - freqtrade.resolvers.strategy_resolver - INFO - Strategy using use_exit_signal: True
2026-04-25 20:15:10,321 - freqtrade.resolvers.strategy_resolver - INFO - Strategy using exit_profit_only: False
2026-04-25 20:15:10,321 - freqtrade.resolvers.strategy_resolver - INFO - Strategy using ignore_roi_if_entry_signal: False
2026-04-25 20:15:10,321 - freqtrade.resolvers.strategy_resolver - INFO - Strategy using exit_profit_offset: 0.0
2026-04-25 20:15:10,322 - freqtrade.resolvers.strategy_resolver - INFO - Strategy using disable_dataframe_checks: False
2026-04-25 20:15:10,322 - freqtrade.resolvers.strategy_resolver - INFO - Strategy using ignore_buying_expired_candle_after: 0
2026-04-25 20:15:10,322 - freqtrade.resolvers.strategy_resolver - INFO - Strategy using position_adjustment_enable: False
2026-04-25 20:15:10,322 - freqtrade.resolvers.strategy_resolver - INFO - Strategy using max_entry_position_adjustment: -1
2026-04-25 20:15:10,323 - freqtrade.resolvers.strategy_resolver - INFO - Strategy using max_open_trades: 2
2026-04-25 20:15:10,323 - freqtrade.configuration.config_validation - INFO - Validating configuration ...
2026-04-25 20:15:10,327 - freqtrade.resolvers.iresolver - INFO - Using resolved pairlist StaticPairList from 
'/home/mohs/Desktop/ae/pyside6/.venv/lib/python3.12/site-packages/freqtrade/plugins/pairlist/StaticPairList.py'...
2026-04-25 20:15:10,340 - freqtrade.optimize.backtesting - INFO - Using fee 0.1000% - worst case fee from exchange (lowest tier).
2026-04-25 20:15:10,347 - freqtrade.data.history.datahandlers.idatahandler - WARNING - ETH/USDT, spot, 4h, data starts at 2025-04-24 00:00:00
2026-04-25 20:15:10,361 - freqtrade.data.history.datahandlers.idatahandler - WARNING - XRP/USDT, spot, 4h, data starts at 2025-04-30 00:00:00
2026-04-25 20:15:10,374 - freqtrade.data.history.datahandlers.idatahandler - WARNING - HOME/USDT, spot, 4h, data starts at 2025-06-12 12:00:00
2026-04-25 20:15:10,382 - freqtrade.optimize.backtesting - INFO - Loading data from 2025-04-24 00:00:00 up to 2026-04-17 00:00:00 (358 days).
2026-04-25 20:15:10,441 - freqtrade.optimize.backtesting - INFO - Dataload complete. Calculating indicators
2026-04-25 20:15:10,445 - freqtrade.optimize.backtesting - INFO - Running backtesting for Strategy MultiMeee
2026-04-25 20:15:10,446 - freqtrade.strategy.hyper - INFO - Strategy Parameter: buy_ma_count = 2
2026-04-25 20:15:10,446 - freqtrade.strategy.hyper - INFO - Strategy Parameter: buy_ma_gap = 13
2026-04-25 20:15:10,446 - freqtrade.strategy.hyper - INFO - Strategy Parameter: sell_ma_count = 16
2026-04-25 20:15:10,446 - freqtrade.strategy.hyper - INFO - Strategy Parameter: sell_ma_gap = 19
2026-04-25 20:15:10,456 - freqtrade.optimize.backtesting - INFO - Backtesting with data from 2025-04-24 00:00:00 up to 2026-04-17 00:00:00 (358 days).
2026-04-25 20:15:11,069 - freqtrade.misc - INFO - dumping json to "/home/mohs/Desktop/ae/pyside6/user_data/backtest_results/backtest-result-2026-04-25_20-15-11.meta.json"
Result for strategy MultiMeee
                                                BACKTESTING REPORT                                                
┏━━━━━━━━━━━┳━━━━━━━━┳━━━━━━━━━━━━━━┳━━━━━━━━━━━━━━━━━┳━━━━━━━━━━━━━━┳━━━━━━━━━━━━━━━━━━┳━━━━━━━━━━━━━━━━━━━━━━━━┓
┃      Pair ┃ Trades ┃ Avg Profit % ┃ Tot Profit USDT ┃ Tot Profit % ┃     Avg Duration ┃  Win  Draw  Loss  Win% ┃
┡━━━━━━━━━━━╇━━━━━━━━╇━━━━━━━━━━━━━━╇━━━━━━━━━━━━━━━━━╇━━━━━━━━━━━━━━╇━━━━━━━━━━━━━━━━━━╇━━━━━━━━━━━━━━━━━━━━━━━━┩
│  ETH/USDT │     17 │         0.72 │           6.817 │         4.54 │  2 days, 5:53:00 │    4     0    13  23.5 │
│  XRP/USDT │     19 │         0.34 │           2.404 │          1.6 │ 2 days, 15:47:00 │    6     0    13  31.6 │
│ HOME/USDT │      9 │         1.12 │           1.065 │         0.71 │  2 days, 9:47:00 │    2     0     7  22.2 │
│     TOTAL │     45 │         0.64 │          10.286 │         6.86 │ 2 days, 10:51:00 │   12     0    33  26.7 │
└───────────┴────────┴──────────────┴─────────────────┴──────────────┴──────────────────┴────────────────────────┘
                                           LEFT OPEN TRADES REPORT                                           
┏━━━━━━━━━━┳━━━━━━━━┳━━━━━━━━━━━━━━┳━━━━━━━━━━━━━━━━━┳━━━━━━━━━━━━━━┳━━━━━━━━━━━━━━┳━━━━━━━━━━━━━━━━━━━━━━━━┓
┃     Pair ┃ Trades ┃ Avg Profit % ┃ Tot Profit USDT ┃ Tot Profit % ┃ Avg Duration ┃  Win  Draw  Loss  Win% ┃
┡━━━━━━━━━━╇━━━━━━━━╇━━━━━━━━━━━━━━╇━━━━━━━━━━━━━━━━━╇━━━━━━━━━━━━━━╇━━━━━━━━━━━━━━╇━━━━━━━━━━━━━━━━━━━━━━━━┩
│ XRP/USDT │      1 │         3.15 │           2.510 │         1.67 │     16:00:00 │    1     0     0   100 │
│    TOTAL │      1 │         3.15 │           2.510 │         1.67 │     16:00:00 │    1     0     0   100 │
└──────────┴────────┴──────────────┴─────────────────┴──────────────┴──────────────┴────────────────────────┘
                                                  ENTER TAG STATS                                                  
┏━━━━━━━━━━━┳━━━━━━━━━┳━━━━━━━━━━━━━━┳━━━━━━━━━━━━━━━━━┳━━━━━━━━━━━━━━┳━━━━━━━━━━━━━━━━━━┳━━━━━━━━━━━━━━━━━━━━━━━━┓
┃ Enter Tag ┃ Entries ┃ Avg Profit % ┃ Tot Profit USDT ┃ Tot Profit % ┃     Avg Duration ┃  Win  Draw  Loss  Win% ┃
┡━━━━━━━━━━━╇━━━━━━━━━╇━━━━━━━━━━━━━━╇━━━━━━━━━━━━━━━━━╇━━━━━━━━━━━━━━╇━━━━━━━━━━━━━━━━━━╇━━━━━━━━━━━━━━━━━━━━━━━━┩
│     OTHER │      45 │         0.64 │          10.286 │         6.86 │ 2 days, 10:51:00 │   12     0    33  26.7 │
│     TOTAL │      45 │         0.64 │          10.286 │         6.86 │ 2 days, 10:51:00 │   12     0    33  26.7 │
└───────────┴─────────┴──────────────┴─────────────────┴──────────────┴──────────────────┴────────────────────────┘
                                                 EXIT REASON STATS                                                 
┏━━━━━━━━━━━━━┳━━━━━━━┳━━━━━━━━━━━━━━┳━━━━━━━━━━━━━━━━━┳━━━━━━━━━━━━━━┳━━━━━━━━━━━━━━━━━━┳━━━━━━━━━━━━━━━━━━━━━━━━┓
┃ Exit Reason ┃ Exits ┃ Avg Profit % ┃ Tot Profit USDT ┃ Tot Profit % ┃     Avg Duration ┃  Win  Draw  Loss  Win% ┃
┡━━━━━━━━━━━━━╇━━━━━━━╇━━━━━━━━━━━━━━╇━━━━━━━━━━━━━━━━━╇━━━━━━━━━━━━━━╇━━━━━━━━━━━━━━━━━━╇━━━━━━━━━━━━━━━━━━━━━━━━┩
│         roi │     2 │        41.74 │          60.931 │        40.62 │  5 days, 2:00:00 │    2     0     0   100 │
│  force_exit │     1 │         3.15 │           2.510 │         1.67 │         16:00:00 │    1     0     0   100 │
│ exit_signal │    42 │        -1.38 │         -53.155 │       -35.44 │  2 days, 8:51:00 │    9     0    33  21.4 │
│       TOTAL │    45 │         0.64 │          10.286 │         6.86 │ 2 days, 10:51:00 │   12     0    33  26.7 │
└─────────────┴───────┴──────────────┴─────────────────┴──────────────┴──────────────────┴────────────────────────┘
                                                        MIXED TAG STATS                                                         
┏━━━━━━━━━━━┳━━━━━━━━━━━━━┳━━━━━━━━┳━━━━━━━━━━━━━━┳━━━━━━━━━━━━━━━━━┳━━━━━━━━━━━━━━┳━━━━━━━━━━━━━━━━━━┳━━━━━━━━━━━━━━━━━━━━━━━━┓
┃ Enter Tag ┃ Exit Reason ┃ Trades ┃ Avg Profit % ┃ Tot Profit USDT ┃ Tot Profit % ┃     Avg Duration ┃  Win  Draw  Loss  Win% ┃
┡━━━━━━━━━━━╇━━━━━━━━━━━━━╇━━━━━━━━╇━━━━━━━━━━━━━━╇━━━━━━━━━━━━━━━━━╇━━━━━━━━━━━━━━╇━━━━━━━━━━━━━━━━━━╇━━━━━━━━━━━━━━━━━━━━━━━━┩
│           │         roi │      2 │        41.74 │          60.931 │        40.62 │  5 days, 2:00:00 │    2     0     0   100 │
│           │  force_exit │      1 │         3.15 │           2.510 │         1.67 │         16:00:00 │    1     0     0   100 │
│           │ exit_signal │     42 │        -1.38 │         -53.155 │       -35.44 │  2 days, 8:51:00 │    9     0    33  21.4 │
│     TOTAL │             │     45 │         0.64 │          10.286 │         6.86 │ 2 days, 10:51:00 │   12     0    33  26.7 │
└───────────┴─────────────┴────────┴──────────────┴─────────────────┴──────────────┴──────────────────┴────────────────────────┘
                          SUMMARY METRICS                          
┏━━━━━━━━━━━━━━━━━━━━━━━━━━━━━━━┳━━━━━━━━━━━━━━━━━━━━━━━━━━━━━━━━━┓
┃ Metric                        ┃ Value                           ┃
┡━━━━━━━━━━━━━━━━━━━━━━━━━━━━━━━╇━━━━━━━━━━━━━━━━━━━━━━━━━━━━━━━━━┩
│ Backtesting from              │ 2025-04-24 00:00:00             │
│ Backtesting to                │ 2026-04-17 00:00:00             │
│ Trading Mode                  │ Spot                            │
│ Max open trades               │ 2                               │
│                               │                                 │
│ Total/Daily Avg Trades        │ 45 / 0.13                       │
│ Starting balance              │ 150 USDT                        │
│ Final balance                 │ 160.286 USDT                    │
│ Absolute profit               │ 10.286 USDT                     │
│ Total profit %                │ 6.86%                           │
│ CAGR %                        │ 7.00%                           │
│ Sortino                       │ 0.21                            │
│ Sharpe                        │ 0.07                            │
│ Calmar                        │ 1.66                            │
│ SQN                           │ 0.19                            │
│ Profit factor                 │ 1.10                            │
│ Expectancy (Ratio)            │ 0.23 (0.07)                     │
│ Avg. daily profit             │ 0.029 USDT                      │
│ Avg. stake amount             │ 81.774 USDT                     │
│ Total trade volume            │ 7384.67 USDT                    │
│                               │                                 │
│ Best Pair                     │ ETH/USDT 4.54%                  │
│ Worst Pair                    │ HOME/USDT 0.71%                 │
│ Best trade                    │ ETH/USDT 41.75%                 │
│ Worst trade                   │ HOME/USDT -13.07%               │
│ Best day                      │ 31.296 USDT                     │
│ Worst day                     │ -12.444 USDT                    │
│ Days win/draw/lose            │ 9 / 307 / 27                    │
│ Min/Max/Avg. Duration Winners │ 0d 16:00 / 6d 12:00 / 3d 15:00  │
│ Min/Max/Avg. Duration Losers  │ 0d 08:00 / 11d 12:00 / 2d 00:36 │
│ Max Consecutive Wins / Loss   │ 2 / 8                           │
│ Rejected Entry signals        │ 14                              │
│ Entry/Exit Timeouts           │ 0 / 0                           │
│                               │                                 │
│ Min balance                   │ 141.371 USDT                    │
│ Max balance                   │ 190.218 USDT                    │
│ Max % of account underwater   │ 22.02%                          │
│ Absolute drawdown             │ 39.925 USDT (22.02%)            │
│ Drawdown duration             │ 58 days 20:00:00                │
│ Profit at drawdown start      │ 31.296 USDT                     │
│ Profit at drawdown end        │ -8.629 USDT                     │
│ Drawdown start                │ 2025-05-10 20:00:00             │
│ Drawdown end                  │ 2025-07-08 16:00:00             │
│ Market change                 │ -16.15%                         │
└───────────────────────────────┴─────────────────────────────────┘

Backtested 2025-04-24 00:00:00 -> 2026-04-17 00:00:00 | Max open trades : 2
                                                            STRATEGY SUMMARY                                                            
┏━━━━━━━━━━━┳━━━━━━━━┳━━━━━━━━━━━━━━┳━━━━━━━━━━━━━━━━━┳━━━━━━━━━━━━━━┳━━━━━━━━━━━━━━━━━━┳━━━━━━━━━━━━━━━━━━━━━━━━┳━━━━━━━━━━━━━━━━━━━━━┓
┃  Strategy ┃ Trades ┃ Avg Profit % ┃ Tot Profit USDT ┃ Tot Profit % ┃     Avg Duration ┃  Win  Draw  Loss  Win% ┃            Drawdown ┃
┡━━━━━━━━━━━╇━━━━━━━━╇━━━━━━━━━━━━━━╇━━━━━━━━━━━━━━━━━╇━━━━━━━━━━━━━━╇━━━━━━━━━━━━━━━━━━╇━━━━━━━━━━━━━━━━━━━━━━━━╇━━━━━━━━━━━━━━━━━━━━━┩
│ MultiMeee │     45 │         0.64 │          10.286 │         6.86 │ 2 days, 10:51:00 │   12     0    33  26.7 │ 39.925 USDT  22.02% │
└───────────┴────────┴──────────────┴─────────────────┴──────────────┴──────────────────┴────────────────────────┴─────────────────────┘