2026-04-25 22:06:54,157 - freqtrade - INFO - freqtrade 2026.3
2026-04-25 22:06:55,200 - freqtrade.configuration.load_config - INFO - Using config: /home/mohs/Desktop/ae/pyside6/user_data/config.json ...
2026-04-25 22:06:55,202 - freqtrade.loggers - INFO - Enabling colorized output.
2026-04-25 22:06:55,202 - freqtrade.loggers - INFO - Logfile configured
2026-04-25 22:06:55,203 - freqtrade.loggers - INFO - Verbosity set to 0
2026-04-25 22:06:55,203 - freqtrade.configuration.configuration - INFO - Using additional Strategy lookup path: 
/home/mohs/Desktop/ae/pyside6/user_data/optimizer/sessions/cc8d7aa3-4a01-4b96-b398-01484bd54a80/trial_073/strategy_dir
2026-04-25 22:06:55,203 - freqtrade.configuration.configuration - WARNING - `force_entry_enable` RPC message enabled.
2026-04-25 22:06:55,204 - freqtrade.configuration.configuration - INFO - Parameter -i/--timeframe detected ... Using timeframe: 5m ...
2026-04-25 22:06:55,204 - freqtrade.configuration.configuration - INFO - Parameter --max-open-trades detected, overriding max_open_trades to: 3 ...
2026-04-25 22:06:55,204 - freqtrade.configuration.configuration - INFO - Parameter --dry-run-wallet detected, overriding dry_run_wallet to: 150.0 ...
2026-04-25 22:06:55,205 - freqtrade.configuration.configuration - INFO - Parameter --timerange detected: 20250422-20260417 ...
2026-04-25 22:06:55,205 - freqtrade.configuration.configuration - INFO - Using user-data directory: /home/mohs/Desktop/ae/pyside6/user_data ...
2026-04-25 22:06:55,206 - freqtrade.configuration.configuration - INFO - Using data directory: /home/mohs/Desktop/ae/pyside6/user_data/data/binance ...
2026-04-25 22:06:55,206 - freqtrade.configuration.configuration - INFO - Parameter --export detected: trades ...
2026-04-25 22:06:55,206 - freqtrade.configuration.configuration - INFO - Parameter --cache=day detected ...
2026-04-25 22:06:55,207 - freqtrade.configuration.configuration - INFO - Using pairs ['XRP/USDT', 'ETH/USDT', 'HOME/USDT']
2026-04-25 22:06:55,207 - freqtrade.configuration.configuration - INFO - Filter trades by timerange: 20250422-20260417
2026-04-25 22:06:55,207 - freqtrade.exchange.check_exchange - INFO - Checking exchange...
2026-04-25 22:06:55,213 - freqtrade.exchange.check_exchange - INFO - Exchange "binance" is officially supported by the Freqtrade development team.
2026-04-25 22:06:55,214 - freqtrade.configuration.config_validation - INFO - Validating configuration ...
2026-04-25 22:06:55,216 - freqtrade.commands.optimize_commands - INFO - Starting freqtrade in Backtesting mode
2026-04-25 22:06:55,216 - freqtrade.exchange.exchange - INFO - Instance is running with dry_run enabled
2026-04-25 22:06:55,216 - freqtrade.exchange.exchange - INFO - Using CCXT 4.5.50
2026-04-25 22:06:55,217 - freqtrade.exchange.exchange - INFO - Applying additional ccxt config: {'enableRateLimit': True, 'timeout': 120000}
2026-04-25 22:06:55,222 - freqtrade.exchange.exchange - INFO - Applying additional ccxt config: {'enableRateLimit': True, 'timeout': 120000}
2026-04-25 22:06:55,227 - freqtrade.exchange.exchange - INFO - Using Exchange "Binance"
2026-04-25 22:06:56,328 - freqtrade.resolvers.exchange_resolver - INFO - Using resolved exchange 'Binance'...
2026-04-25 22:06:56,336 - freqtrade.resolvers.iresolver - INFO - Using resolved strategy yes from 
'/home/mohs/Desktop/ae/pyside6/user_data/optimizer/sessions/cc8d7aa3-4a01-4b96-b398-01484bd54a80/trial_073/strategy_dir/yes.py'...
2026-04-25 22:06:56,336 - freqtrade.strategy.hyper - INFO - Loading parameters from file 
/home/mohs/Desktop/ae/pyside6/user_data/optimizer/sessions/cc8d7aa3-4a01-4b96-b398-01484bd54a80/trial_073/strategy_dir/yes.json
2026-04-25 22:06:56,337 - freqtrade.resolvers.strategy_resolver - INFO - Override strategy 'timeframe' with value from the configuration: 5m.
2026-04-25 22:06:56,337 - freqtrade.resolvers.strategy_resolver - INFO - Override strategy 'stake_currency' with value from the configuration: USDT.
2026-04-25 22:06:56,337 - freqtrade.resolvers.strategy_resolver - INFO - Override strategy 'stake_amount' with value from the configuration: unlimited.
2026-04-25 22:06:56,338 - freqtrade.resolvers.strategy_resolver - INFO - Override strategy 'use_exit_signal' with value from the configuration: True.
2026-04-25 22:06:56,338 - freqtrade.resolvers.strategy_resolver - INFO - Override strategy 'max_open_trades' with value from the configuration: 3.
2026-04-25 22:06:56,338 - freqtrade.resolvers.strategy_resolver - INFO - Strategy using minimal_roi: {'0': 1.1150442350700762, '13': 1.264804354344741, '146': 0.06779922446904586, '38': 
0.07457156047830577}
2026-04-25 22:06:56,338 - freqtrade.resolvers.strategy_resolver - INFO - Strategy using timeframe: 5m
2026-04-25 22:06:56,339 - freqtrade.resolvers.strategy_resolver - INFO - Strategy using stoploss: -0.9345674771499016
2026-04-25 22:06:56,339 - freqtrade.resolvers.strategy_resolver - INFO - Strategy using trailing_stop: False
2026-04-25 22:06:56,339 - freqtrade.resolvers.strategy_resolver - INFO - Strategy using trailing_stop_positive: 0.27679877048527723
2026-04-25 22:06:56,339 - freqtrade.resolvers.strategy_resolver - INFO - Strategy using trailing_stop_positive_offset: 0.05472775898855708
2026-04-25 22:06:56,340 - freqtrade.resolvers.strategy_resolver - INFO - Strategy using trailing_only_offset_is_reached: False
2026-04-25 22:06:56,340 - freqtrade.resolvers.strategy_resolver - INFO - Strategy using use_custom_stoploss: False
2026-04-25 22:06:56,340 - freqtrade.resolvers.strategy_resolver - INFO - Strategy using process_only_new_candles: True
2026-04-25 22:06:56,341 - freqtrade.resolvers.strategy_resolver - INFO - Strategy using order_types: {'entry': 'limit', 'exit': 'limit', 'stoploss': 'limit', 'stoploss_on_exchange': False, 
'stoploss_on_exchange_interval': 60}
2026-04-25 22:06:56,341 - freqtrade.resolvers.strategy_resolver - INFO - Strategy using order_time_in_force: {'entry': 'GTC', 'exit': 'GTC'}
2026-04-25 22:06:56,341 - freqtrade.resolvers.strategy_resolver - INFO - Strategy using stake_currency: USDT
2026-04-25 22:06:56,341 - freqtrade.resolvers.strategy_resolver - INFO - Strategy using stake_amount: unlimited
2026-04-25 22:06:56,342 - freqtrade.resolvers.strategy_resolver - INFO - Strategy using startup_candle_count: 0
2026-04-25 22:06:56,342 - freqtrade.resolvers.strategy_resolver - INFO - Strategy using use_exit_signal: True
2026-04-25 22:06:56,342 - freqtrade.resolvers.strategy_resolver - INFO - Strategy using exit_profit_only: False
2026-04-25 22:06:56,342 - freqtrade.resolvers.strategy_resolver - INFO - Strategy using ignore_roi_if_entry_signal: False
2026-04-25 22:06:56,343 - freqtrade.resolvers.strategy_resolver - INFO - Strategy using exit_profit_offset: 0.0
2026-04-25 22:06:56,343 - freqtrade.resolvers.strategy_resolver - INFO - Strategy using disable_dataframe_checks: False
2026-04-25 22:06:56,343 - freqtrade.resolvers.strategy_resolver - INFO - Strategy using ignore_buying_expired_candle_after: 0
2026-04-25 22:06:56,343 - freqtrade.resolvers.strategy_resolver - INFO - Strategy using position_adjustment_enable: False
2026-04-25 22:06:56,344 - freqtrade.resolvers.strategy_resolver - INFO - Strategy using max_entry_position_adjustment: -1
2026-04-25 22:06:56,344 - freqtrade.resolvers.strategy_resolver - INFO - Strategy using max_open_trades: 3
2026-04-25 22:06:56,344 - freqtrade.configuration.config_validation - INFO - Validating configuration ...
2026-04-25 22:06:56,348 - freqtrade.resolvers.iresolver - INFO - Using resolved pairlist StaticPairList from 
'/home/mohs/Desktop/ae/pyside6/.venv/lib/python3.12/site-packages/freqtrade/plugins/pairlist/StaticPairList.py'...
2026-04-25 22:06:56,360 - freqtrade.optimize.backtesting - INFO - Using fee 0.1000% - worst case fee from exchange (lowest tier).
2026-04-25 22:06:56,500 - freqtrade.data.history.datahandlers.idatahandler - WARNING - XRP/USDT, spot, 5m, data ends at 2026-04-11 01:45:00
2026-04-25 22:06:56,897 - freqtrade.data.history.datahandlers.idatahandler - WARNING - HOME/USDT, spot, 5m, data starts at 2025-06-12 15:00:00
2026-04-25 22:06:56,926 - freqtrade.optimize.backtesting - INFO - Loading data from 2025-04-22 00:00:00 up to 2026-04-17 00:00:00 (360 days).
2026-04-25 22:06:58,983 - freqtrade.optimize.backtesting - INFO - Dataload complete. Calculating indicators
2026-04-25 22:06:58,989 - freqtrade.optimize.backtesting - INFO - Running backtesting for Strategy yes
2026-04-25 22:06:58,990 - freqtrade.strategy.hyper - INFO - Strategy Parameter: buy_ma_count = 2
2026-04-25 22:06:58,990 - freqtrade.strategy.hyper - INFO - Strategy Parameter: buy_ma_gap = 6
2026-04-25 22:06:58,990 - freqtrade.strategy.hyper - INFO - Strategy Parameter: sell_ma_count = 14
2026-04-25 22:06:58,991 - freqtrade.strategy.hyper - INFO - Strategy Parameter: sell_ma_gap = 14
2026-04-25 22:06:59,109 - freqtrade.optimize.backtesting - INFO - Backtesting with data from 2025-04-22 00:00:00 up to 2026-04-17 00:00:00 (360 days).
/home/mohs/Desktop/ae/pyside6/.venv/lib/python3.12/site-packages/freqtrade/data/metrics.py:77: FutureWarning: The default fill_method='pad' in DataFrame.pct_change is deprecated and will be removed in a future version. Either fill in any non-leading NA values prior to calling pct_change or specify 'fill_method=None' to not fill NA values.
  rel_mean = df_comb.pct_change().mean(axis=1).fillna(0).cumsum()
2026-04-25 22:07:03,585 - freqtrade.misc - INFO - dumping json to "/home/mohs/Desktop/ae/pyside6/user_data/backtest_results/backtest-result-2026-04-25_22-07-03.meta.json"
Result for strategy yes
                                              BACKTESTING REPORT                                              
┏━━━━━━━━━━━┳━━━━━━━━┳━━━━━━━━━━━━━━┳━━━━━━━━━━━━━━━━━┳━━━━━━━━━━━━━━┳━━━━━━━━━━━━━━┳━━━━━━━━━━━━━━━━━━━━━━━━┓
┃      Pair ┃ Trades ┃ Avg Profit % ┃ Tot Profit USDT ┃ Tot Profit % ┃ Avg Duration ┃  Win  Draw  Loss  Win% ┃
┡━━━━━━━━━━━╇━━━━━━━━╇━━━━━━━━━━━━━━╇━━━━━━━━━━━━━━━━━╇━━━━━━━━━━━━━━╇━━━━━━━━━━━━━━╇━━━━━━━━━━━━━━━━━━━━━━━━┩
│ HOME/USDT │    536 │        -0.12 │         -20.813 │       -13.88 │      0:44:00 │  158     0   378  29.5 │
│  ETH/USDT │    581 │        -0.14 │         -27.187 │       -18.12 │      0:43:00 │  159     0   422  27.4 │
│  XRP/USDT │    643 │        -0.17 │         -37.834 │       -25.22 │      0:42:00 │  152     0   491  23.6 │
│     TOTAL │   1760 │        -0.14 │         -85.833 │       -57.22 │      0:43:00 │  469     0  1291  26.6 │
└───────────┴────────┴──────────────┴─────────────────┴──────────────┴──────────────┴────────────────────────┘
                                         LEFT OPEN TRADES REPORT                                          
┏━━━━━━━┳━━━━━━━━┳━━━━━━━━━━━━━━┳━━━━━━━━━━━━━━━━━┳━━━━━━━━━━━━━━┳━━━━━━━━━━━━━━┳━━━━━━━━━━━━━━━━━━━━━━━━┓
┃  Pair ┃ Trades ┃ Avg Profit % ┃ Tot Profit USDT ┃ Tot Profit % ┃ Avg Duration ┃  Win  Draw  Loss  Win% ┃
┡━━━━━━━╇━━━━━━━━╇━━━━━━━━━━━━━━╇━━━━━━━━━━━━━━━━━╇━━━━━━━━━━━━━━╇━━━━━━━━━━━━━━╇━━━━━━━━━━━━━━━━━━━━━━━━┩
│ TOTAL │      0 │          0.0 │           0.000 │          0.0 │         0:00 │    0     0     0     0 │
└───────┴────────┴──────────────┴─────────────────┴──────────────┴──────────────┴────────────────────────┘
                                                ENTER TAG STATS                                                
┏━━━━━━━━━━━┳━━━━━━━━━┳━━━━━━━━━━━━━━┳━━━━━━━━━━━━━━━━━┳━━━━━━━━━━━━━━┳━━━━━━━━━━━━━━┳━━━━━━━━━━━━━━━━━━━━━━━━┓
┃ Enter Tag ┃ Entries ┃ Avg Profit % ┃ Tot Profit USDT ┃ Tot Profit % ┃ Avg Duration ┃  Win  Draw  Loss  Win% ┃
┡━━━━━━━━━━━╇━━━━━━━━━╇━━━━━━━━━━━━━━╇━━━━━━━━━━━━━━━━━╇━━━━━━━━━━━━━━╇━━━━━━━━━━━━━━╇━━━━━━━━━━━━━━━━━━━━━━━━┩
│     OTHER │    1760 │        -0.14 │         -85.833 │       -57.22 │      0:43:00 │  469     0  1291  26.6 │
│     TOTAL │    1760 │        -0.14 │         -85.833 │       -57.22 │      0:43:00 │  469     0  1291  26.6 │
└───────────┴─────────┴──────────────┴─────────────────┴──────────────┴──────────────┴────────────────────────┘
                                               EXIT REASON STATS                                               
┏━━━━━━━━━━━━━┳━━━━━━━┳━━━━━━━━━━━━━━┳━━━━━━━━━━━━━━━━━┳━━━━━━━━━━━━━━┳━━━━━━━━━━━━━━┳━━━━━━━━━━━━━━━━━━━━━━━━┓
┃ Exit Reason ┃ Exits ┃ Avg Profit % ┃ Tot Profit USDT ┃ Tot Profit % ┃ Avg Duration ┃  Win  Draw  Loss  Win% ┃
┡━━━━━━━━━━━━━╇━━━━━━━╇━━━━━━━━━━━━━━╇━━━━━━━━━━━━━━━━━╇━━━━━━━━━━━━━━╇━━━━━━━━━━━━━━╇━━━━━━━━━━━━━━━━━━━━━━━━┩
│         roi │     8 │         7.79 │          20.816 │        13.88 │      1:00:00 │    8     0     0   100 │
│ exit_signal │  1752 │        -0.18 │        -106.649 │        -71.1 │      0:43:00 │  461     0  1291  26.3 │
│       TOTAL │  1760 │        -0.14 │         -85.833 │       -57.22 │      0:43:00 │  469     0  1291  26.6 │
└─────────────┴───────┴──────────────┴─────────────────┴──────────────┴──────────────┴────────────────────────┘
                                                      MIXED TAG STATS                                                       
┏━━━━━━━━━━━┳━━━━━━━━━━━━━┳━━━━━━━━┳━━━━━━━━━━━━━━┳━━━━━━━━━━━━━━━━━┳━━━━━━━━━━━━━━┳━━━━━━━━━━━━━━┳━━━━━━━━━━━━━━━━━━━━━━━━┓
┃ Enter Tag ┃ Exit Reason ┃ Trades ┃ Avg Profit % ┃ Tot Profit USDT ┃ Tot Profit % ┃ Avg Duration ┃  Win  Draw  Loss  Win% ┃
┡━━━━━━━━━━━╇━━━━━━━━━━━━━╇━━━━━━━━╇━━━━━━━━━━━━━━╇━━━━━━━━━━━━━━━━━╇━━━━━━━━━━━━━━╇━━━━━━━━━━━━━━╇━━━━━━━━━━━━━━━━━━━━━━━━┩
│           │         roi │      8 │         7.79 │          20.816 │        13.88 │      1:00:00 │    8     0     0   100 │
│           │ exit_signal │   1752 │        -0.18 │        -106.649 │        -71.1 │      0:43:00 │  461     0  1291  26.3 │
│     TOTAL │             │   1760 │        -0.14 │         -85.833 │       -57.22 │      0:43:00 │  469     0  1291  26.6 │
└───────────┴─────────────┴────────┴──────────────┴─────────────────┴──────────────┴──────────────┴────────────────────────┘
                         SUMMARY METRICS                          
┏━━━━━━━━━━━━━━━━━━━━━━━━━━━━━━━┳━━━━━━━━━━━━━━━━━━━━━━━━━━━━━━━━┓
┃ Metric                        ┃ Value                          ┃
┡━━━━━━━━━━━━━━━━━━━━━━━━━━━━━━━╇━━━━━━━━━━━━━━━━━━━━━━━━━━━━━━━━┩
│ Backtesting from              │ 2025-04-22 00:00:00            │
│ Backtesting to                │ 2026-04-17 00:00:00            │
│ Trading Mode                  │ Spot                           │
│ Max open trades               │ 3                              │
│                               │                                │
│ Total/Daily Avg Trades        │ 1760 / 4.89                    │
│ Starting balance              │ 150 USDT                       │
│ Final balance                 │ 64.167 USDT                    │
│ Absolute profit               │ -85.833 USDT                   │
│ Total profit %                │ -57.22%                        │
│ CAGR %                        │ -57.72%                        │
│ Sortino                       │ -20.87                         │
│ Sharpe                        │ -12.34                         │
│ Calmar                        │ -5.24                          │
│ SQN                           │ -5.54                          │
│ Profit factor                 │ 0.63                           │
│ Expectancy (Ratio)            │ -0.05 (-0.27)                  │
│ Avg. daily profit             │ -0.238 USDT                    │
│ Avg. stake amount             │ 32.001 USDT                    │
│ Total trade volume            │ 112784.012 USDT                │
│                               │                                │
│ Best Pair                     │ HOME/USDT -13.88%              │
│ Worst Pair                    │ XRP/USDT -25.22%               │
│ Best trade                    │ HOME/USDT 8.91%                │
│ Worst trade                   │ HOME/USDT -12.48%              │
│ Best day                      │ 3.136 USDT                     │
│ Worst day                     │ -3.525 USDT                    │
│ Days win/draw/lose            │ 96 / 13 / 251                  │
│ Min/Max/Avg. Duration Winners │ 0d 00:25 / 0d 05:45 / 0d 01:13 │
│ Min/Max/Avg. Duration Losers  │ 0d 00:05 / 0d 04:50 / 0d 00:32 │
│ Max Consecutive Wins / Loss   │ 6 / 23                         │
│ Rejected Entry signals        │ 0                              │
│ Entry/Exit Timeouts           │ 0 / 0                          │
│                               │                                │
│ Min balance                   │ 64.167 USDT                    │
│ Max balance                   │ 152.494 USDT                   │
│ Max % of account underwater   │ 57.92%                         │
│ Absolute drawdown             │ 88.327 USDT (57.92%)           │
│ Drawdown duration             │ 359 days 06:30:00              │
│ Profit at drawdown start      │ 2.494 USDT                     │
│ Profit at drawdown end        │ -85.833 USDT                   │
│ Drawdown start                │ 2025-04-22 15:45:00            │
│ Drawdown end                  │ 2026-04-16 22:15:00            │
│ Market change                 │ -10.52%                        │
└───────────────────────────────┴────────────────────────────────┘

Backtested 2025-04-22 00:00:00 -> 2026-04-17 00:00:00 | Max open trades : 3
                                                         STRATEGY SUMMARY                                                          
┏━━━━━━━━━━┳━━━━━━━━┳━━━━━━━━━━━━━━┳━━━━━━━━━━━━━━━━━┳━━━━━━━━━━━━━━┳━━━━━━━━━━━━━━┳━━━━━━━━━━━━━━━━━━━━━━━━┳━━━━━━━━━━━━━━━━━━━━━┓
┃ Strategy ┃ Trades ┃ Avg Profit % ┃ Tot Profit USDT ┃ Tot Profit % ┃ Avg Duration ┃  Win  Draw  Loss  Win% ┃            Drawdown ┃
┡━━━━━━━━━━╇━━━━━━━━╇━━━━━━━━━━━━━━╇━━━━━━━━━━━━━━━━━╇━━━━━━━━━━━━━━╇━━━━━━━━━━━━━━╇━━━━━━━━━━━━━━━━━━━━━━━━╇━━━━━━━━━━━━━━━━━━━━━┩
│      yes │   1760 │        -0.14 │         -85.833 │       -57.22 │      0:43:00 │  469     0  1291  26.6 │ 88.327 USDT  57.92% │
└──────────┴────────┴──────────────┴─────────────────┴──────────────┴──────────────┴────────────────────────┴─────────────────────┘