2026-04-25 05:34:16,205 - freqtrade - INFO - freqtrade 2026.3
2026-04-25 05:34:17,252 - freqtrade.configuration.load_config - INFO - Using config: /home/mohs/Desktop/ae/pyside6/user_data/config.json ...
2026-04-25 05:34:17,254 - freqtrade.loggers - INFO - Enabling colorized output.
2026-04-25 05:34:17,254 - freqtrade.loggers - INFO - Logfile configured
2026-04-25 05:34:17,255 - freqtrade.loggers - INFO - Verbosity set to 0
2026-04-25 05:34:17,255 - freqtrade.configuration.configuration - INFO - Using additional Strategy lookup path: 
/home/mohs/Desktop/ae/pyside6/user_data/optimizer/sessions/fc0416a6-5303-4aed-8235-e54dfe08959e/trial_030/strategy_dir
2026-04-25 05:34:17,255 - freqtrade.configuration.configuration - WARNING - `force_entry_enable` RPC message enabled.
2026-04-25 05:34:17,256 - freqtrade.configuration.configuration - INFO - Parameter -i/--timeframe detected ... Using timeframe: 5m ...
2026-04-25 05:34:17,256 - freqtrade.configuration.configuration - INFO - Parameter --max-open-trades detected, overriding max_open_trades to: 2 ...
2026-04-25 05:34:17,256 - freqtrade.configuration.configuration - INFO - Parameter --dry-run-wallet detected, overriding dry_run_wallet to: 80.0 ...
2026-04-25 05:34:17,256 - freqtrade.configuration.configuration - INFO - Parameter --timerange detected: 20250422-20260417 ...
2026-04-25 05:34:17,257 - freqtrade.configuration.configuration - INFO - Using user-data directory: /home/mohs/Desktop/ae/pyside6/user_data ...
2026-04-25 05:34:17,257 - freqtrade.configuration.configuration - INFO - Using data directory: /home/mohs/Desktop/ae/pyside6/user_data/data/binance ...
2026-04-25 05:34:17,257 - freqtrade.configuration.configuration - INFO - Parameter --export detected: trades ...
2026-04-25 05:34:17,258 - freqtrade.configuration.configuration - INFO - Parameter --cache=day detected ...
2026-04-25 05:34:17,258 - freqtrade.configuration.configuration - INFO - Using pairs ['ADA/USDT', 'ETH/USDT']
2026-04-25 05:34:17,258 - freqtrade.configuration.configuration - INFO - Filter trades by timerange: 20250422-20260417
2026-04-25 05:34:17,259 - freqtrade.exchange.check_exchange - INFO - Checking exchange...
2026-04-25 05:34:17,265 - freqtrade.exchange.check_exchange - INFO - Exchange "binance" is officially supported by the Freqtrade development team.
2026-04-25 05:34:17,265 - freqtrade.configuration.config_validation - INFO - Validating configuration ...
2026-04-25 05:34:17,267 - freqtrade.commands.optimize_commands - INFO - Starting freqtrade in Backtesting mode
2026-04-25 05:34:17,268 - freqtrade.exchange.exchange - INFO - Instance is running with dry_run enabled
2026-04-25 05:34:17,268 - freqtrade.exchange.exchange - INFO - Using CCXT 4.5.50
2026-04-25 05:34:17,268 - freqtrade.exchange.exchange - INFO - Applying additional ccxt config: {'enableRateLimit': True, 'timeout': 120000}
2026-04-25 05:34:17,274 - freqtrade.exchange.exchange - INFO - Applying additional ccxt config: {'enableRateLimit': True, 'timeout': 120000}
2026-04-25 05:34:17,280 - freqtrade.exchange.exchange - INFO - Using Exchange "Binance"
2026-04-25 05:34:18,425 - freqtrade.resolvers.exchange_resolver - INFO - Using resolved exchange 'Binance'...
2026-04-25 05:34:18,434 - freqtrade.resolvers.iresolver - INFO - Using resolved strategy MultiMeee from 
'/home/mohs/Desktop/ae/pyside6/user_data/optimizer/sessions/fc0416a6-5303-4aed-8235-e54dfe08959e/trial_030/strategy_dir/MultiMeee.py'...
2026-04-25 05:34:18,434 - freqtrade.strategy.hyper - INFO - Loading parameters from file 
/home/mohs/Desktop/ae/pyside6/user_data/optimizer/sessions/fc0416a6-5303-4aed-8235-e54dfe08959e/trial_030/strategy_dir/MultiMeee.json
2026-04-25 05:34:18,435 - freqtrade.resolvers.strategy_resolver - INFO - Override strategy 'timeframe' with value from the configuration: 5m.
2026-04-25 05:34:18,435 - freqtrade.resolvers.strategy_resolver - INFO - Override strategy 'stake_currency' with value from the configuration: USDT.
2026-04-25 05:34:18,435 - freqtrade.resolvers.strategy_resolver - INFO - Override strategy 'stake_amount' with value from the configuration: unlimited.
2026-04-25 05:34:18,436 - freqtrade.resolvers.strategy_resolver - INFO - Override strategy 'use_exit_signal' with value from the configuration: True.
2026-04-25 05:34:18,436 - freqtrade.resolvers.strategy_resolver - INFO - Override strategy 'max_open_trades' with value from the configuration: 2.
2026-04-25 05:34:18,436 - freqtrade.resolvers.strategy_resolver - INFO - Strategy using minimal_roi: {'0': 0.099, '13': 0.034, '146': 0, '38': 0.024}
2026-04-25 05:34:18,436 - freqtrade.resolvers.strategy_resolver - INFO - Strategy using timeframe: 5m
2026-04-25 05:34:18,437 - freqtrade.resolvers.strategy_resolver - INFO - Strategy using stoploss: -0.245
2026-04-25 05:34:18,437 - freqtrade.resolvers.strategy_resolver - INFO - Strategy using trailing_stop: True
2026-04-25 05:34:18,437 - freqtrade.resolvers.strategy_resolver - INFO - Strategy using trailing_stop_positive: 0.334
2026-04-25 05:34:18,438 - freqtrade.resolvers.strategy_resolver - INFO - Strategy using trailing_stop_positive_offset: 0.371
2026-04-25 05:34:18,438 - freqtrade.resolvers.strategy_resolver - INFO - Strategy using trailing_only_offset_is_reached: False
2026-04-25 05:34:18,438 - freqtrade.resolvers.strategy_resolver - INFO - Strategy using use_custom_stoploss: False
2026-04-25 05:34:18,438 - freqtrade.resolvers.strategy_resolver - INFO - Strategy using process_only_new_candles: True
2026-04-25 05:34:18,439 - freqtrade.resolvers.strategy_resolver - INFO - Strategy using order_types: {'entry': 'limit', 'exit': 'limit', 'stoploss': 'limit', 'stoploss_on_exchange': False, 
'stoploss_on_exchange_interval': 60}
2026-04-25 05:34:18,439 - freqtrade.resolvers.strategy_resolver - INFO - Strategy using order_time_in_force: {'entry': 'GTC', 'exit': 'GTC'}
2026-04-25 05:34:18,439 - freqtrade.resolvers.strategy_resolver - INFO - Strategy using stake_currency: USDT
2026-04-25 05:34:18,440 - freqtrade.resolvers.strategy_resolver - INFO - Strategy using stake_amount: unlimited
2026-04-25 05:34:18,440 - freqtrade.resolvers.strategy_resolver - INFO - Strategy using startup_candle_count: 0
2026-04-25 05:34:18,440 - freqtrade.resolvers.strategy_resolver - INFO - Strategy using use_exit_signal: True
2026-04-25 05:34:18,440 - freqtrade.resolvers.strategy_resolver - INFO - Strategy using exit_profit_only: False
2026-04-25 05:34:18,441 - freqtrade.resolvers.strategy_resolver - INFO - Strategy using ignore_roi_if_entry_signal: False
2026-04-25 05:34:18,441 - freqtrade.resolvers.strategy_resolver - INFO - Strategy using exit_profit_offset: 0.0
2026-04-25 05:34:18,441 - freqtrade.resolvers.strategy_resolver - INFO - Strategy using disable_dataframe_checks: False
2026-04-25 05:34:18,441 - freqtrade.resolvers.strategy_resolver - INFO - Strategy using ignore_buying_expired_candle_after: 0
2026-04-25 05:34:18,442 - freqtrade.resolvers.strategy_resolver - INFO - Strategy using position_adjustment_enable: False
2026-04-25 05:34:18,442 - freqtrade.resolvers.strategy_resolver - INFO - Strategy using max_entry_position_adjustment: -1
2026-04-25 05:34:18,442 - freqtrade.resolvers.strategy_resolver - INFO - Strategy using max_open_trades: 2
2026-04-25 05:34:18,443 - freqtrade.configuration.config_validation - INFO - Validating configuration ...
2026-04-25 05:34:18,447 - freqtrade.resolvers.iresolver - INFO - Using resolved pairlist StaticPairList from 
'/home/mohs/Desktop/ae/pyside6/.venv/lib/python3.12/site-packages/freqtrade/plugins/pairlist/StaticPairList.py'...
2026-04-25 05:34:18,459 - freqtrade.optimize.backtesting - INFO - Using fee 0.1000% - worst case fee from exchange (lowest tier).
2026-04-25 05:34:18,721 - freqtrade.data.history.datahandlers.idatahandler - WARNING - ADA/USDT, spot, 5m, data ends at 2026-04-11 00:05:00
2026-04-25 05:34:19,000 - freqtrade.data.history.datahandlers.idatahandler - WARNING - ETH/USDT, spot, 5m, data ends at 2026-04-10 02:15:00
2026-04-25 05:34:19,038 - freqtrade.optimize.backtesting - INFO - Loading data from 2025-04-22 00:00:00 up to 2026-04-11 00:05:00 (354 days).
2026-04-25 05:34:20,570 - freqtrade.optimize.backtesting - INFO - Dataload complete. Calculating indicators
2026-04-25 05:34:20,572 - freqtrade.optimize.backtesting - INFO - Running backtesting for Strategy MultiMeee
2026-04-25 05:34:20,572 - freqtrade.strategy.hyper - INFO - Strategy Parameter: buy_ma_count = 14
2026-04-25 05:34:20,573 - freqtrade.strategy.hyper - INFO - Strategy Parameter: buy_ma_gap = 43
2026-04-25 05:34:20,573 - freqtrade.strategy.hyper - INFO - Strategy Parameter: sell_ma_count = 6
2026-04-25 05:34:20,573 - freqtrade.strategy.hyper - INFO - Strategy Parameter: sell_ma_gap = 49
2026-04-25 05:34:20,679 - freqtrade.optimize.backtesting - INFO - Backtesting with data from 2025-04-22 00:00:00 up to 2026-04-11 00:05:00 (354 days).
/home/mohs/Desktop/ae/pyside6/.venv/lib/python3.12/site-packages/freqtrade/data/metrics.py:77: FutureWarning: The default fill_method='pad' in DataFrame.pct_change is deprecated and will be removed in a future version. Either fill in any non-leading NA values prior to calling pct_change or specify 'fill_method=None' to not fill NA values.
  rel_mean = df_comb.pct_change().mean(axis=1).fillna(0).cumsum()
2026-04-25 05:34:24,088 - freqtrade.misc - INFO - dumping json to "/home/mohs/Desktop/ae/pyside6/user_data/backtest_results/backtest-result-2026-04-25_05-34-24.meta.json"
Result for strategy MultiMeee
                                             BACKTESTING REPORT                                              
┏━━━━━━━━━━┳━━━━━━━━┳━━━━━━━━━━━━━━┳━━━━━━━━━━━━━━━━━┳━━━━━━━━━━━━━━┳━━━━━━━━━━━━━━┳━━━━━━━━━━━━━━━━━━━━━━━━┓
┃     Pair ┃ Trades ┃ Avg Profit % ┃ Tot Profit USDT ┃ Tot Profit % ┃ Avg Duration ┃  Win  Draw  Loss  Win% ┃
┡━━━━━━━━━━╇━━━━━━━━╇━━━━━━━━━━━━━━╇━━━━━━━━━━━━━━━━━╇━━━━━━━━━━━━━━╇━━━━━━━━━━━━━━╇━━━━━━━━━━━━━━━━━━━━━━━━┩
│ ADA/USDT │    282 │        -0.09 │          -8.854 │       -11.07 │      1:46:00 │  109     0   173  38.7 │
│ ETH/USDT │    288 │        -0.09 │         -10.040 │       -12.55 │      1:49:00 │  107     0   181  37.2 │
│    TOTAL │    570 │        -0.09 │         -18.894 │       -23.62 │      1:47:00 │  216     0   354  37.9 │
└──────────┴────────┴──────────────┴─────────────────┴──────────────┴──────────────┴────────────────────────┘
                                         LEFT OPEN TRADES REPORT                                          
┏━━━━━━━┳━━━━━━━━┳━━━━━━━━━━━━━━┳━━━━━━━━━━━━━━━━━┳━━━━━━━━━━━━━━┳━━━━━━━━━━━━━━┳━━━━━━━━━━━━━━━━━━━━━━━━┓
┃  Pair ┃ Trades ┃ Avg Profit % ┃ Tot Profit USDT ┃ Tot Profit % ┃ Avg Duration ┃  Win  Draw  Loss  Win% ┃
┡━━━━━━━╇━━━━━━━━╇━━━━━━━━━━━━━━╇━━━━━━━━━━━━━━━━━╇━━━━━━━━━━━━━━╇━━━━━━━━━━━━━━╇━━━━━━━━━━━━━━━━━━━━━━━━┩
│ TOTAL │      0 │          0.0 │           0.000 │          0.0 │         0:00 │    0     0     0     0 │
└───────┴────────┴──────────────┴─────────────────┴──────────────┴──────────────┴────────────────────────┘
                                                ENTER TAG STATS                                                
┏━━━━━━━━━━━┳━━━━━━━━━┳━━━━━━━━━━━━━━┳━━━━━━━━━━━━━━━━━┳━━━━━━━━━━━━━━┳━━━━━━━━━━━━━━┳━━━━━━━━━━━━━━━━━━━━━━━━┓
┃ Enter Tag ┃ Entries ┃ Avg Profit % ┃ Tot Profit USDT ┃ Tot Profit % ┃ Avg Duration ┃  Win  Draw  Loss  Win% ┃
┡━━━━━━━━━━━╇━━━━━━━━━╇━━━━━━━━━━━━━━╇━━━━━━━━━━━━━━━━━╇━━━━━━━━━━━━━━╇━━━━━━━━━━━━━━╇━━━━━━━━━━━━━━━━━━━━━━━━┩
│     OTHER │     570 │        -0.09 │         -18.894 │       -23.62 │      1:47:00 │  216     0   354  37.9 │
│     TOTAL │     570 │        -0.09 │         -18.894 │       -23.62 │      1:47:00 │  216     0   354  37.9 │
└───────────┴─────────┴──────────────┴─────────────────┴──────────────┴──────────────┴────────────────────────┘
                                               EXIT REASON STATS                                               
┏━━━━━━━━━━━━━┳━━━━━━━┳━━━━━━━━━━━━━━┳━━━━━━━━━━━━━━━━━┳━━━━━━━━━━━━━━┳━━━━━━━━━━━━━━┳━━━━━━━━━━━━━━━━━━━━━━━━┓
┃ Exit Reason ┃ Exits ┃ Avg Profit % ┃ Tot Profit USDT ┃ Tot Profit % ┃ Avg Duration ┃  Win  Draw  Loss  Win% ┃
┡━━━━━━━━━━━━━╇━━━━━━━╇━━━━━━━━━━━━━━╇━━━━━━━━━━━━━━━━━╇━━━━━━━━━━━━━━╇━━━━━━━━━━━━━━╇━━━━━━━━━━━━━━━━━━━━━━━━┩
│         roi │   193 │         0.96 │          66.508 │        83.13 │      2:15:00 │  173     0    20  89.6 │
│ exit_signal │   377 │        -0.63 │         -85.401 │      -106.75 │      1:33:00 │   43     0   334  11.4 │
│       TOTAL │   570 │        -0.09 │         -18.894 │       -23.62 │      1:47:00 │  216     0   354  37.9 │
└─────────────┴───────┴──────────────┴─────────────────┴──────────────┴──────────────┴────────────────────────┘
                                                      MIXED TAG STATS                                                       
┏━━━━━━━━━━━┳━━━━━━━━━━━━━┳━━━━━━━━┳━━━━━━━━━━━━━━┳━━━━━━━━━━━━━━━━━┳━━━━━━━━━━━━━━┳━━━━━━━━━━━━━━┳━━━━━━━━━━━━━━━━━━━━━━━━┓
┃ Enter Tag ┃ Exit Reason ┃ Trades ┃ Avg Profit % ┃ Tot Profit USDT ┃ Tot Profit % ┃ Avg Duration ┃  Win  Draw  Loss  Win% ┃
┡━━━━━━━━━━━╇━━━━━━━━━━━━━╇━━━━━━━━╇━━━━━━━━━━━━━━╇━━━━━━━━━━━━━━━━━╇━━━━━━━━━━━━━━╇━━━━━━━━━━━━━━╇━━━━━━━━━━━━━━━━━━━━━━━━┩
│           │         roi │    193 │         0.96 │          66.508 │        83.13 │      2:15:00 │  173     0    20  89.6 │
│           │ exit_signal │    377 │        -0.63 │         -85.401 │      -106.75 │      1:33:00 │   43     0   334  11.4 │
│     TOTAL │             │    570 │        -0.09 │         -18.894 │       -23.62 │      1:47:00 │  216     0   354  37.9 │
└───────────┴─────────────┴────────┴──────────────┴─────────────────┴──────────────┴──────────────┴────────────────────────┘
                         SUMMARY METRICS                          
┏━━━━━━━━━━━━━━━━━━━━━━━━━━━━━━━┳━━━━━━━━━━━━━━━━━━━━━━━━━━━━━━━━┓
┃ Metric                        ┃ Value                          ┃
┡━━━━━━━━━━━━━━━━━━━━━━━━━━━━━━━╇━━━━━━━━━━━━━━━━━━━━━━━━━━━━━━━━┩
│ Backtesting from              │ 2025-04-22 00:00:00            │
│ Backtesting to                │ 2026-04-11 00:05:00            │
│ Trading Mode                  │ Spot                           │
│ Max open trades               │ 2                              │
│                               │                                │
│ Total/Daily Avg Trades        │ 570 / 1.61                     │
│ Starting balance              │ 80 USDT                        │
│ Final balance                 │ 61.106 USDT                    │
│ Absolute profit               │ -18.894 USDT                   │
│ Total profit %                │ -23.62%                        │
│ CAGR %                        │ -24.25%                        │
│ Sortino                       │ -3.95                          │
│ Sharpe                        │ -2.52                          │
│ Calmar                        │ -5.16                          │
│ SQN                           │ -1.96                          │
│ Profit factor                 │ 0.79                           │
│ Expectancy (Ratio)            │ -0.03 (-0.13)                  │
│ Avg. daily profit             │ -0.053 USDT                    │
│ Avg. stake amount             │ 35.933 USDT                    │
│ Total trade volume            │ 41026.6 USDT                   │
│                               │                                │
│ Best Pair                     │ ADA/USDT -11.07%               │
│ Worst Pair                    │ ETH/USDT -12.55%               │
│ Best trade                    │ ADA/USDT 3.41%                 │
│ Worst trade                   │ ADA/USDT -5.81%                │
│ Best day                      │ 3.572 USDT                     │
│ Worst day                     │ -4.073 USDT                    │
│ Days win/draw/lose            │ 64 / 166 / 117                 │
│ Min/Max/Avg. Duration Winners │ 0d 00:20 / 0d 03:30 / 0d 02:07 │
│ Min/Max/Avg. Duration Losers  │ 0d 00:10 / 0d 03:40 / 0d 01:36 │
│ Max Consecutive Wins / Loss   │ 7 / 11                         │
│ Rejected Entry signals        │ 0                              │
│ Entry/Exit Timeouts           │ 0 / 0                          │
│                               │                                │
│ Min balance                   │ 60.741 USDT                    │
│ Max balance                   │ 80.664 USDT                    │
│ Max % of account underwater   │ 24.70%                         │
│ Absolute drawdown             │ 19.923 USDT (24.70%)           │
│ Drawdown duration             │ 331 days 23:20:00              │
│ Profit at drawdown start      │ 0.664 USDT                     │
│ Profit at drawdown end        │ -19.259 USDT                   │
│ Drawdown start                │ 2025-05-08 20:50:00            │
│ Drawdown end                  │ 2026-04-05 20:10:00            │
│ Market change                 │ -10.05%                        │
└───────────────────────────────┴────────────────────────────────┘

Backtested 2025-04-22 00:00:00 -> 2026-04-11 00:05:00 | Max open trades : 2
                                                          STRATEGY SUMMARY                                                          
┏━━━━━━━━━━━┳━━━━━━━━┳━━━━━━━━━━━━━━┳━━━━━━━━━━━━━━━━━┳━━━━━━━━━━━━━━┳━━━━━━━━━━━━━━┳━━━━━━━━━━━━━━━━━━━━━━━━┳━━━━━━━━━━━━━━━━━━━━━┓
┃  Strategy ┃ Trades ┃ Avg Profit % ┃ Tot Profit USDT ┃ Tot Profit % ┃ Avg Duration ┃  Win  Draw  Loss  Win% ┃            Drawdown ┃
┡━━━━━━━━━━━╇━━━━━━━━╇━━━━━━━━━━━━━━╇━━━━━━━━━━━━━━━━━╇━━━━━━━━━━━━━━╇━━━━━━━━━━━━━━╇━━━━━━━━━━━━━━━━━━━━━━━━╇━━━━━━━━━━━━━━━━━━━━━┩
│ MultiMeee │    570 │        -0.09 │         -18.894 │       -23.62 │      1:47:00 │  216     0   354  37.9 │ 19.923 USDT  24.70% │
└───────────┴────────┴──────────────┴─────────────────┴──────────────┴──────────────┴────────────────────────┴─────────────────────┘