2026-04-25 22:35:28,468 - freqtrade - INFO - freqtrade 2026.3
2026-04-25 22:35:29,515 - freqtrade.configuration.load_config - INFO - Using config: /home/mohs/Desktop/ae/pyside6/user_data/config.json ...
2026-04-25 22:35:29,518 - freqtrade.loggers - INFO - Enabling colorized output.
2026-04-25 22:35:29,519 - freqtrade.loggers - INFO - Logfile configured
2026-04-25 22:35:29,519 - freqtrade.loggers - INFO - Verbosity set to 0
2026-04-25 22:35:29,519 - freqtrade.configuration.configuration - INFO - Using additional Strategy lookup path: 
/home/mohs/Desktop/ae/pyside6/user_data/optimizer/sessions/00d5d57f-9960-4dcc-ac23-ec438d4ba9c3/trial_084/strategy_dir
2026-04-25 22:35:29,519 - freqtrade.configuration.configuration - WARNING - `force_entry_enable` RPC message enabled.
2026-04-25 22:35:29,520 - freqtrade.configuration.configuration - INFO - Parameter -i/--timeframe detected ... Using timeframe: 5m ...
2026-04-25 22:35:29,520 - freqtrade.configuration.configuration - INFO - Parameter --max-open-trades detected, overriding max_open_trades to: 3 ...
2026-04-25 22:35:29,520 - freqtrade.configuration.configuration - INFO - Parameter --dry-run-wallet detected, overriding dry_run_wallet to: 150.0 ...
2026-04-25 22:35:29,520 - freqtrade.configuration.configuration - INFO - Parameter --timerange detected: 20250422-20260417 ...
2026-04-25 22:35:29,521 - freqtrade.configuration.configuration - INFO - Using user-data directory: /home/mohs/Desktop/ae/pyside6/user_data ...
2026-04-25 22:35:29,521 - freqtrade.configuration.configuration - INFO - Using data directory: /home/mohs/Desktop/ae/pyside6/user_data/data/binance ...
2026-04-25 22:35:29,521 - freqtrade.configuration.configuration - INFO - Parameter --export detected: trades ...
2026-04-25 22:35:29,522 - freqtrade.configuration.configuration - INFO - Parameter --cache=day detected ...
2026-04-25 22:35:29,522 - freqtrade.configuration.configuration - INFO - Using pairs ['XRP/USDT', 'ETH/USDT', 'HOME/USDT']
2026-04-25 22:35:29,522 - freqtrade.configuration.configuration - INFO - Filter trades by timerange: 20250422-20260417
2026-04-25 22:35:29,523 - freqtrade.exchange.check_exchange - INFO - Checking exchange...
2026-04-25 22:35:29,528 - freqtrade.exchange.check_exchange - INFO - Exchange "binance" is officially supported by the Freqtrade development team.
2026-04-25 22:35:29,529 - freqtrade.configuration.config_validation - INFO - Validating configuration ...
2026-04-25 22:35:29,531 - freqtrade.commands.optimize_commands - INFO - Starting freqtrade in Backtesting mode
2026-04-25 22:35:29,531 - freqtrade.exchange.exchange - INFO - Instance is running with dry_run enabled
2026-04-25 22:35:29,531 - freqtrade.exchange.exchange - INFO - Using CCXT 4.5.50
2026-04-25 22:35:29,532 - freqtrade.exchange.exchange - INFO - Applying additional ccxt config: {'enableRateLimit': True, 'timeout': 120000}
2026-04-25 22:35:29,537 - freqtrade.exchange.exchange - INFO - Applying additional ccxt config: {'enableRateLimit': True, 'timeout': 120000}
2026-04-25 22:35:29,542 - freqtrade.exchange.exchange - INFO - Using Exchange "Binance"
2026-04-25 22:35:30,681 - freqtrade.resolvers.exchange_resolver - INFO - Using resolved exchange 'Binance'...
2026-04-25 22:35:30,689 - freqtrade.resolvers.iresolver - INFO - Using resolved strategy yes from 
'/home/mohs/Desktop/ae/pyside6/user_data/optimizer/sessions/00d5d57f-9960-4dcc-ac23-ec438d4ba9c3/trial_084/strategy_dir/yes.py'...
2026-04-25 22:35:30,689 - freqtrade.strategy.hyper - INFO - Loading parameters from file 
/home/mohs/Desktop/ae/pyside6/user_data/optimizer/sessions/00d5d57f-9960-4dcc-ac23-ec438d4ba9c3/trial_084/strategy_dir/yes.json
2026-04-25 22:35:30,690 - freqtrade.resolvers.strategy_resolver - INFO - Override strategy 'timeframe' with value from the configuration: 5m.
2026-04-25 22:35:30,690 - freqtrade.resolvers.strategy_resolver - INFO - Override strategy 'stake_currency' with value from the configuration: USDT.
2026-04-25 22:35:30,690 - freqtrade.resolvers.strategy_resolver - INFO - Override strategy 'stake_amount' with value from the configuration: unlimited.
2026-04-25 22:35:30,690 - freqtrade.resolvers.strategy_resolver - INFO - Override strategy 'use_exit_signal' with value from the configuration: True.
2026-04-25 22:35:30,691 - freqtrade.resolvers.strategy_resolver - INFO - Override strategy 'max_open_trades' with value from the configuration: 3.
2026-04-25 22:35:30,691 - freqtrade.resolvers.strategy_resolver - INFO - Strategy using minimal_roi: {'0': 1.2587081690624886, '13': 0.0884312786921554, '146': 0.08484677071078829, '38': 
0.6554988159316164}
2026-04-25 22:35:30,691 - freqtrade.resolvers.strategy_resolver - INFO - Strategy using timeframe: 5m
2026-04-25 22:35:30,691 - freqtrade.resolvers.strategy_resolver - INFO - Strategy using stoploss: -0.8588380902565895
2026-04-25 22:35:30,692 - freqtrade.resolvers.strategy_resolver - INFO - Strategy using trailing_stop: False
2026-04-25 22:35:30,692 - freqtrade.resolvers.strategy_resolver - INFO - Strategy using trailing_stop_positive: 0.2220873870978667
2026-04-25 22:35:30,692 - freqtrade.resolvers.strategy_resolver - INFO - Strategy using trailing_stop_positive_offset: 0.0637325954779214
2026-04-25 22:35:30,692 - freqtrade.resolvers.strategy_resolver - INFO - Strategy using trailing_only_offset_is_reached: True
2026-04-25 22:35:30,693 - freqtrade.resolvers.strategy_resolver - INFO - Strategy using use_custom_stoploss: False
2026-04-25 22:35:30,693 - freqtrade.resolvers.strategy_resolver - INFO - Strategy using process_only_new_candles: True
2026-04-25 22:35:30,693 - freqtrade.resolvers.strategy_resolver - INFO - Strategy using order_types: {'entry': 'limit', 'exit': 'limit', 'stoploss': 'limit', 'stoploss_on_exchange': False, 
'stoploss_on_exchange_interval': 60}
2026-04-25 22:35:30,694 - freqtrade.resolvers.strategy_resolver - INFO - Strategy using order_time_in_force: {'entry': 'GTC', 'exit': 'GTC'}
2026-04-25 22:35:30,694 - freqtrade.resolvers.strategy_resolver - INFO - Strategy using stake_currency: USDT
2026-04-25 22:35:30,694 - freqtrade.resolvers.strategy_resolver - INFO - Strategy using stake_amount: unlimited
2026-04-25 22:35:30,694 - freqtrade.resolvers.strategy_resolver - INFO - Strategy using startup_candle_count: 0
2026-04-25 22:35:30,695 - freqtrade.resolvers.strategy_resolver - INFO - Strategy using use_exit_signal: True
2026-04-25 22:35:30,695 - freqtrade.resolvers.strategy_resolver - INFO - Strategy using exit_profit_only: False
2026-04-25 22:35:30,695 - freqtrade.resolvers.strategy_resolver - INFO - Strategy using ignore_roi_if_entry_signal: False
2026-04-25 22:35:30,695 - freqtrade.resolvers.strategy_resolver - INFO - Strategy using exit_profit_offset: 0.0
2026-04-25 22:35:30,696 - freqtrade.resolvers.strategy_resolver - INFO - Strategy using disable_dataframe_checks: False
2026-04-25 22:35:30,696 - freqtrade.resolvers.strategy_resolver - INFO - Strategy using ignore_buying_expired_candle_after: 0
2026-04-25 22:35:30,696 - freqtrade.resolvers.strategy_resolver - INFO - Strategy using position_adjustment_enable: False
2026-04-25 22:35:30,696 - freqtrade.resolvers.strategy_resolver - INFO - Strategy using max_entry_position_adjustment: -1
2026-04-25 22:35:30,697 - freqtrade.resolvers.strategy_resolver - INFO - Strategy using max_open_trades: 3
2026-04-25 22:35:30,697 - freqtrade.configuration.config_validation - INFO - Validating configuration ...
2026-04-25 22:35:30,701 - freqtrade.resolvers.iresolver - INFO - Using resolved pairlist StaticPairList from 
'/home/mohs/Desktop/ae/pyside6/.venv/lib/python3.12/site-packages/freqtrade/plugins/pairlist/StaticPairList.py'...
2026-04-25 22:35:30,713 - freqtrade.optimize.backtesting - INFO - Using fee 0.1000% - worst case fee from exchange (lowest tier).
2026-04-25 22:35:30,849 - freqtrade.data.history.datahandlers.idatahandler - WARNING - XRP/USDT, spot, 5m, data ends at 2026-04-11 01:45:00
2026-04-25 22:35:31,252 - freqtrade.data.history.datahandlers.idatahandler - WARNING - HOME/USDT, spot, 5m, data starts at 2025-06-12 15:00:00
2026-04-25 22:35:31,282 - freqtrade.optimize.backtesting - INFO - Loading data from 2025-04-22 00:00:00 up to 2026-04-17 00:00:00 (360 days).
2026-04-25 22:35:33,347 - freqtrade.optimize.backtesting - INFO - Dataload complete. Calculating indicators
2026-04-25 22:35:33,354 - freqtrade.optimize.backtesting - INFO - Running backtesting for Strategy yes
2026-04-25 22:35:33,355 - freqtrade.strategy.hyper - INFO - Strategy Parameter: buy_ma_count = 3
2026-04-25 22:35:33,355 - freqtrade.strategy.hyper - INFO - Strategy Parameter: buy_ma_gap = 7
2026-04-25 22:35:33,355 - freqtrade.strategy.hyper - INFO - Strategy Parameter: sell_ma_count = 16
2026-04-25 22:35:33,356 - freqtrade.strategy.hyper - INFO - Strategy Parameter: sell_ma_gap = 42
2026-04-25 22:35:33,487 - freqtrade.optimize.backtesting - INFO - Backtesting with data from 2025-04-22 00:00:00 up to 2026-04-17 00:00:00 (360 days).
/home/mohs/Desktop/ae/pyside6/.venv/lib/python3.12/site-packages/freqtrade/data/metrics.py:77: FutureWarning: The default fill_method='pad' in DataFrame.pct_change is deprecated and will be removed in a future version. Either fill in any non-leading NA values prior to calling pct_change or specify 'fill_method=None' to not fill NA values.
  rel_mean = df_comb.pct_change().mean(axis=1).fillna(0).cumsum()
2026-04-25 22:35:36,467 - freqtrade.misc - INFO - dumping json to "/home/mohs/Desktop/ae/pyside6/user_data/backtest_results/backtest-result-2026-04-25_22-35-36.meta.json"
Result for strategy yes
                                              BACKTESTING REPORT                                              
┏━━━━━━━━━━━┳━━━━━━━━┳━━━━━━━━━━━━━━┳━━━━━━━━━━━━━━━━━┳━━━━━━━━━━━━━━┳━━━━━━━━━━━━━━┳━━━━━━━━━━━━━━━━━━━━━━━━┓
┃      Pair ┃ Trades ┃ Avg Profit % ┃ Tot Profit USDT ┃ Tot Profit % ┃ Avg Duration ┃  Win  Draw  Loss  Win% ┃
┡━━━━━━━━━━━╇━━━━━━━━╇━━━━━━━━━━━━━━╇━━━━━━━━━━━━━━━━━╇━━━━━━━━━━━━━━╇━━━━━━━━━━━━━━╇━━━━━━━━━━━━━━━━━━━━━━━━┩
│  ETH/USDT │    163 │         0.02 │           0.855 │         0.57 │      2:08:00 │   51     0   112  31.3 │
│  XRP/USDT │    160 │          0.0 │          -1.209 │        -0.81 │      2:01:00 │   50     0   110  31.2 │
│ HOME/USDT │    150 │        -0.48 │         -31.115 │       -20.74 │      1:44:00 │   36     0   114  24.0 │
│     TOTAL │    473 │        -0.14 │         -31.469 │       -20.98 │      1:58:00 │  137     0   336  29.0 │
└───────────┴────────┴──────────────┴─────────────────┴──────────────┴──────────────┴────────────────────────┘
                                         LEFT OPEN TRADES REPORT                                          
┏━━━━━━━┳━━━━━━━━┳━━━━━━━━━━━━━━┳━━━━━━━━━━━━━━━━━┳━━━━━━━━━━━━━━┳━━━━━━━━━━━━━━┳━━━━━━━━━━━━━━━━━━━━━━━━┓
┃  Pair ┃ Trades ┃ Avg Profit % ┃ Tot Profit USDT ┃ Tot Profit % ┃ Avg Duration ┃  Win  Draw  Loss  Win% ┃
┡━━━━━━━╇━━━━━━━━╇━━━━━━━━━━━━━━╇━━━━━━━━━━━━━━━━━╇━━━━━━━━━━━━━━╇━━━━━━━━━━━━━━╇━━━━━━━━━━━━━━━━━━━━━━━━┩
│ TOTAL │      0 │          0.0 │           0.000 │          0.0 │         0:00 │    0     0     0     0 │
└───────┴────────┴──────────────┴─────────────────┴──────────────┴──────────────┴────────────────────────┘
                                                ENTER TAG STATS                                                
┏━━━━━━━━━━━┳━━━━━━━━━┳━━━━━━━━━━━━━━┳━━━━━━━━━━━━━━━━━┳━━━━━━━━━━━━━━┳━━━━━━━━━━━━━━┳━━━━━━━━━━━━━━━━━━━━━━━━┓
┃ Enter Tag ┃ Entries ┃ Avg Profit % ┃ Tot Profit USDT ┃ Tot Profit % ┃ Avg Duration ┃  Win  Draw  Loss  Win% ┃
┡━━━━━━━━━━━╇━━━━━━━━━╇━━━━━━━━━━━━━━╇━━━━━━━━━━━━━━━━━╇━━━━━━━━━━━━━━╇━━━━━━━━━━━━━━╇━━━━━━━━━━━━━━━━━━━━━━━━┩
│     OTHER │     473 │        -0.14 │         -31.469 │       -20.98 │      1:58:00 │  137     0   336  29.0 │
│     TOTAL │     473 │        -0.14 │         -31.469 │       -20.98 │      1:58:00 │  137     0   336  29.0 │
└───────────┴─────────┴──────────────┴─────────────────┴──────────────┴──────────────┴────────────────────────┘
                                               EXIT REASON STATS                                               
┏━━━━━━━━━━━━━┳━━━━━━━┳━━━━━━━━━━━━━━┳━━━━━━━━━━━━━━━━━┳━━━━━━━━━━━━━━┳━━━━━━━━━━━━━━┳━━━━━━━━━━━━━━━━━━━━━━━━┓
┃ Exit Reason ┃ Exits ┃ Avg Profit % ┃ Tot Profit USDT ┃ Tot Profit % ┃ Avg Duration ┃  Win  Draw  Loss  Win% ┃
┡━━━━━━━━━━━━━╇━━━━━━━╇━━━━━━━━━━━━━━╇━━━━━━━━━━━━━━━━━╇━━━━━━━━━━━━━━╇━━━━━━━━━━━━━━╇━━━━━━━━━━━━━━━━━━━━━━━━┩
│         roi │     6 │         8.48 │          21.498 │        14.33 │      3:52:00 │    6     0     0   100 │
│ exit_signal │   467 │        -0.25 │         -52.967 │       -35.31 │      1:57:00 │  131     0   336  28.1 │
│       TOTAL │   473 │        -0.14 │         -31.469 │       -20.98 │      1:58:00 │  137     0   336  29.0 │
└─────────────┴───────┴──────────────┴─────────────────┴──────────────┴──────────────┴────────────────────────┘
                                                      MIXED TAG STATS                                                       
┏━━━━━━━━━━━┳━━━━━━━━━━━━━┳━━━━━━━━┳━━━━━━━━━━━━━━┳━━━━━━━━━━━━━━━━━┳━━━━━━━━━━━━━━┳━━━━━━━━━━━━━━┳━━━━━━━━━━━━━━━━━━━━━━━━┓
┃ Enter Tag ┃ Exit Reason ┃ Trades ┃ Avg Profit % ┃ Tot Profit USDT ┃ Tot Profit % ┃ Avg Duration ┃  Win  Draw  Loss  Win% ┃
┡━━━━━━━━━━━╇━━━━━━━━━━━━━╇━━━━━━━━╇━━━━━━━━━━━━━━╇━━━━━━━━━━━━━━━━━╇━━━━━━━━━━━━━━╇━━━━━━━━━━━━━━╇━━━━━━━━━━━━━━━━━━━━━━━━┩
│           │         roi │      6 │         8.48 │          21.498 │        14.33 │      3:52:00 │    6     0     0   100 │
│           │ exit_signal │    467 │        -0.25 │         -52.967 │       -35.31 │      1:57:00 │  131     0   336  28.1 │
│     TOTAL │             │    473 │        -0.14 │         -31.469 │       -20.98 │      1:58:00 │  137     0   336  29.0 │
└───────────┴─────────────┴────────┴──────────────┴─────────────────┴──────────────┴──────────────┴────────────────────────┘
                         SUMMARY METRICS                          
┏━━━━━━━━━━━━━━━━━━━━━━━━━━━━━━━┳━━━━━━━━━━━━━━━━━━━━━━━━━━━━━━━━┓
┃ Metric                        ┃ Value                          ┃
┡━━━━━━━━━━━━━━━━━━━━━━━━━━━━━━━╇━━━━━━━━━━━━━━━━━━━━━━━━━━━━━━━━┩
│ Backtesting from              │ 2025-04-22 00:00:00            │
│ Backtesting to                │ 2026-04-17 00:00:00            │
│ Trading Mode                  │ Spot                           │
│ Max open trades               │ 3                              │
│                               │                                │
│ Total/Daily Avg Trades        │ 473 / 1.31                     │
│ Starting balance              │ 150 USDT                       │
│ Final balance                 │ 118.531 USDT                   │
│ Absolute profit               │ -31.469 USDT                   │
│ Total profit %                │ -20.98%                        │
│ CAGR %                        │ -21.24%                        │
│ Sortino                       │ -3.76                          │
│ Sharpe                        │ -2.19                          │
│ Calmar                        │ -4.53                          │
│ SQN                           │ -1.90                          │
│ Profit factor                 │ 0.75                           │
│ Expectancy (Ratio)            │ -0.07 (-0.18)                  │
│ Avg. daily profit             │ -0.087 USDT                    │
│ Avg. stake amount             │ 42.272 USDT                    │
│ Total trade volume            │ 40037.839 USDT                 │
│                               │                                │
│ Best Pair                     │ ETH/USDT 0.57%                 │
│ Worst Pair                    │ HOME/USDT -20.74%              │
│ Best trade                    │ HOME/USDT 8.50%                │
│ Worst trade                   │ HOME/USDT -9.30%               │
│ Best day                      │ 5.064 USDT                     │
│ Worst day                     │ -4.077 USDT                    │
│ Days win/draw/lose            │ 64 / 158 / 138                 │
│ Min/Max/Avg. Duration Winners │ 0d 01:05 / 0d 15:40 / 0d 03:17 │
│ Min/Max/Avg. Duration Losers  │ 0d 00:05 / 0d 20:35 / 0d 01:26 │
│ Max Consecutive Wins / Loss   │ 5 / 15                         │
│ Rejected Entry signals        │ 0                              │
│ Entry/Exit Timeouts           │ 0 / 0                          │
│                               │                                │
│ Min balance                   │ 116.983 USDT                   │
│ Max balance                   │ 155.064 USDT                   │
│ Max % of account underwater   │ 24.56%                         │
│ Absolute drawdown             │ 38.081 USDT (24.56%)           │
│ Drawdown duration             │ 331 days 05:00:00              │
│ Profit at drawdown start      │ 5.064 USDT                     │
│ Profit at drawdown end        │ -33.017 USDT                   │
│ Drawdown start                │ 2025-04-22 21:15:00            │
│ Drawdown end                  │ 2026-03-20 02:15:00            │
│ Market change                 │ -10.52%                        │
└───────────────────────────────┴────────────────────────────────┘

Backtested 2025-04-22 00:00:00 -> 2026-04-17 00:00:00 | Max open trades : 3
                                                         STRATEGY SUMMARY                                                          
┏━━━━━━━━━━┳━━━━━━━━┳━━━━━━━━━━━━━━┳━━━━━━━━━━━━━━━━━┳━━━━━━━━━━━━━━┳━━━━━━━━━━━━━━┳━━━━━━━━━━━━━━━━━━━━━━━━┳━━━━━━━━━━━━━━━━━━━━━┓
┃ Strategy ┃ Trades ┃ Avg Profit % ┃ Tot Profit USDT ┃ Tot Profit % ┃ Avg Duration ┃  Win  Draw  Loss  Win% ┃            Drawdown ┃
┡━━━━━━━━━━╇━━━━━━━━╇━━━━━━━━━━━━━━╇━━━━━━━━━━━━━━━━━╇━━━━━━━━━━━━━━╇━━━━━━━━━━━━━━╇━━━━━━━━━━━━━━━━━━━━━━━━╇━━━━━━━━━━━━━━━━━━━━━┩
│      yes │    473 │        -0.14 │         -31.469 │       -20.98 │      1:58:00 │  137     0   336  29.0 │ 38.081 USDT  24.56% │
└──────────┴────────┴──────────────┴─────────────────┴──────────────┴──────────────┴────────────────────────┴─────────────────────┘