2026-04-25 22:44:45,672 - freqtrade - INFO - freqtrade 2026.3
2026-04-25 22:44:46,765 - freqtrade.configuration.load_config - INFO - Using config: /home/mohs/Desktop/ae/pyside6/user_data/config.json ...
2026-04-25 22:44:46,768 - freqtrade.loggers - INFO - Enabling colorized output.
2026-04-25 22:44:46,768 - freqtrade.loggers - INFO - Logfile configured
2026-04-25 22:44:46,768 - freqtrade.loggers - INFO - Verbosity set to 0
2026-04-25 22:44:46,768 - freqtrade.configuration.configuration - INFO - Using additional Strategy lookup path: 
/home/mohs/Desktop/ae/pyside6/user_data/optimizer/sessions/b8194b7f-3716-497e-8a17-833c28d4e223/trial_111/strategy_dir
2026-04-25 22:44:46,769 - freqtrade.configuration.configuration - WARNING - `force_entry_enable` RPC message enabled.
2026-04-25 22:44:46,769 - freqtrade.configuration.configuration - INFO - Parameter -i/--timeframe detected ... Using timeframe: 4h ...
2026-04-25 22:44:46,769 - freqtrade.configuration.configuration - INFO - Parameter --max-open-trades detected, overriding max_open_trades to: 3 ...
2026-04-25 22:44:46,769 - freqtrade.configuration.configuration - INFO - Parameter --dry-run-wallet detected, overriding dry_run_wallet to: 150.0 ...
2026-04-25 22:44:46,770 - freqtrade.configuration.configuration - INFO - Parameter --timerange detected: 20250422-20260417 ...
2026-04-25 22:44:46,770 - freqtrade.configuration.configuration - INFO - Using user-data directory: /home/mohs/Desktop/ae/pyside6/user_data ...
2026-04-25 22:44:46,770 - freqtrade.configuration.configuration - INFO - Using data directory: /home/mohs/Desktop/ae/pyside6/user_data/data/binance ...
2026-04-25 22:44:46,771 - freqtrade.configuration.configuration - INFO - Parameter --export detected: trades ...
2026-04-25 22:44:46,771 - freqtrade.configuration.configuration - INFO - Parameter --cache=day detected ...
2026-04-25 22:44:46,771 - freqtrade.configuration.configuration - INFO - Using pairs ['XRP/USDT', 'ETH/USDT', 'HOME/USDT']
2026-04-25 22:44:46,771 - freqtrade.configuration.configuration - INFO - Filter trades by timerange: 20250422-20260417
2026-04-25 22:44:46,772 - freqtrade.exchange.check_exchange - INFO - Checking exchange...
2026-04-25 22:44:46,778 - freqtrade.exchange.check_exchange - INFO - Exchange "binance" is officially supported by the Freqtrade development team.
2026-04-25 22:44:46,778 - freqtrade.configuration.config_validation - INFO - Validating configuration ...
2026-04-25 22:44:46,780 - freqtrade.commands.optimize_commands - INFO - Starting freqtrade in Backtesting mode
2026-04-25 22:44:46,781 - freqtrade.exchange.exchange - INFO - Instance is running with dry_run enabled
2026-04-25 22:44:46,781 - freqtrade.exchange.exchange - INFO - Using CCXT 4.5.50
2026-04-25 22:44:46,781 - freqtrade.exchange.exchange - INFO - Applying additional ccxt config: {'enableRateLimit': True, 'timeout': 120000}
2026-04-25 22:44:46,787 - freqtrade.exchange.exchange - INFO - Applying additional ccxt config: {'enableRateLimit': True, 'timeout': 120000}
2026-04-25 22:44:46,793 - freqtrade.exchange.exchange - INFO - Using Exchange "Binance"
2026-04-25 22:44:47,917 - freqtrade.resolvers.exchange_resolver - INFO - Using resolved exchange 'Binance'...
2026-04-25 22:44:47,925 - freqtrade.resolvers.iresolver - INFO - Using resolved strategy yes from 
'/home/mohs/Desktop/ae/pyside6/user_data/optimizer/sessions/b8194b7f-3716-497e-8a17-833c28d4e223/trial_111/strategy_dir/yes.py'...
2026-04-25 22:44:47,926 - freqtrade.strategy.hyper - INFO - Loading parameters from file 
/home/mohs/Desktop/ae/pyside6/user_data/optimizer/sessions/b8194b7f-3716-497e-8a17-833c28d4e223/trial_111/strategy_dir/yes.json
2026-04-25 22:44:47,926 - freqtrade.resolvers.strategy_resolver - INFO - Override strategy 'timeframe' with value from the configuration: 4h.
2026-04-25 22:44:47,927 - freqtrade.resolvers.strategy_resolver - INFO - Override strategy 'stake_currency' with value from the configuration: USDT.
2026-04-25 22:44:47,927 - freqtrade.resolvers.strategy_resolver - INFO - Override strategy 'stake_amount' with value from the configuration: unlimited.
2026-04-25 22:44:47,927 - freqtrade.resolvers.strategy_resolver - INFO - Override strategy 'use_exit_signal' with value from the configuration: True.
2026-04-25 22:44:47,928 - freqtrade.resolvers.strategy_resolver - INFO - Override strategy 'max_open_trades' with value from the configuration: 3.
2026-04-25 22:44:47,928 - freqtrade.resolvers.strategy_resolver - INFO - Strategy using minimal_roi: {'0': 1.1457200326686992, '13': 1.1333880998189116, '146': 0.12968457822962676, '38': 
0.09234639002882844}
2026-04-25 22:44:47,928 - freqtrade.resolvers.strategy_resolver - INFO - Strategy using timeframe: 4h
2026-04-25 22:44:47,928 - freqtrade.resolvers.strategy_resolver - INFO - Strategy using stoploss: -0.8745211335790304
2026-04-25 22:44:47,929 - freqtrade.resolvers.strategy_resolver - INFO - Strategy using trailing_stop: False
2026-04-25 22:44:47,929 - freqtrade.resolvers.strategy_resolver - INFO - Strategy using trailing_stop_positive: 0.2823277273448156
2026-04-25 22:44:47,929 - freqtrade.resolvers.strategy_resolver - INFO - Strategy using trailing_stop_positive_offset: 0.36528474363637053
2026-04-25 22:44:47,930 - freqtrade.resolvers.strategy_resolver - INFO - Strategy using trailing_only_offset_is_reached: False
2026-04-25 22:44:47,930 - freqtrade.resolvers.strategy_resolver - INFO - Strategy using use_custom_stoploss: False
2026-04-25 22:44:47,930 - freqtrade.resolvers.strategy_resolver - INFO - Strategy using process_only_new_candles: True
2026-04-25 22:44:47,930 - freqtrade.resolvers.strategy_resolver - INFO - Strategy using order_types: {'entry': 'limit', 'exit': 'limit', 'stoploss': 'limit', 'stoploss_on_exchange': False, 
'stoploss_on_exchange_interval': 60}
2026-04-25 22:44:47,931 - freqtrade.resolvers.strategy_resolver - INFO - Strategy using order_time_in_force: {'entry': 'GTC', 'exit': 'GTC'}
2026-04-25 22:44:47,931 - freqtrade.resolvers.strategy_resolver - INFO - Strategy using stake_currency: USDT
2026-04-25 22:44:47,931 - freqtrade.resolvers.strategy_resolver - INFO - Strategy using stake_amount: unlimited
2026-04-25 22:44:47,931 - freqtrade.resolvers.strategy_resolver - INFO - Strategy using startup_candle_count: 0
2026-04-25 22:44:47,932 - freqtrade.resolvers.strategy_resolver - INFO - Strategy using use_exit_signal: True
2026-04-25 22:44:47,932 - freqtrade.resolvers.strategy_resolver - INFO - Strategy using exit_profit_only: False
2026-04-25 22:44:47,932 - freqtrade.resolvers.strategy_resolver - INFO - Strategy using ignore_roi_if_entry_signal: False
2026-04-25 22:44:47,932 - freqtrade.resolvers.strategy_resolver - INFO - Strategy using exit_profit_offset: 0.0
2026-04-25 22:44:47,933 - freqtrade.resolvers.strategy_resolver - INFO - Strategy using disable_dataframe_checks: False
2026-04-25 22:44:47,933 - freqtrade.resolvers.strategy_resolver - INFO - Strategy using ignore_buying_expired_candle_after: 0
2026-04-25 22:44:47,933 - freqtrade.resolvers.strategy_resolver - INFO - Strategy using position_adjustment_enable: False
2026-04-25 22:44:47,933 - freqtrade.resolvers.strategy_resolver - INFO - Strategy using max_entry_position_adjustment: -1
2026-04-25 22:44:47,934 - freqtrade.resolvers.strategy_resolver - INFO - Strategy using max_open_trades: 3
2026-04-25 22:44:47,934 - freqtrade.configuration.config_validation - INFO - Validating configuration ...
2026-04-25 22:44:47,938 - freqtrade.resolvers.iresolver - INFO - Using resolved pairlist StaticPairList from 
'/home/mohs/Desktop/ae/pyside6/.venv/lib/python3.12/site-packages/freqtrade/plugins/pairlist/StaticPairList.py'...
2026-04-25 22:44:47,950 - freqtrade.optimize.backtesting - INFO - Using fee 0.1000% - worst case fee from exchange (lowest tier).
2026-04-25 22:44:47,987 - freqtrade.data.history.datahandlers.idatahandler - WARNING - HOME/USDT, spot, 4h, data starts at 2025-06-12 12:00:00
2026-04-25 22:44:47,994 - freqtrade.optimize.backtesting - INFO - Loading data from 2025-04-22 00:00:00 up to 2026-04-17 00:00:00 (360 days).
2026-04-25 22:44:48,050 - freqtrade.optimize.backtesting - INFO - Dataload complete. Calculating indicators
2026-04-25 22:44:48,060 - freqtrade.optimize.backtesting - INFO - Running backtesting for Strategy yes
2026-04-25 22:44:48,060 - freqtrade.strategy.hyper - INFO - Strategy Parameter: buy_ma_count = 5
2026-04-25 22:44:48,060 - freqtrade.strategy.hyper - INFO - Strategy Parameter: buy_ma_gap = 9
2026-04-25 22:44:48,061 - freqtrade.strategy.hyper - INFO - Strategy Parameter: sell_ma_count = 11
2026-04-25 22:44:48,061 - freqtrade.strategy.hyper - INFO - Strategy Parameter: sell_ma_gap = 41
2026-04-25 22:44:48,070 - freqtrade.optimize.backtesting - INFO - Backtesting with data from 2025-04-22 00:00:00 up to 2026-04-17 00:00:00 (360 days).
2026-04-25 22:44:48,640 - freqtrade.misc - INFO - dumping json to "/home/mohs/Desktop/ae/pyside6/user_data/backtest_results/backtest-result-2026-04-25_22-44-48.meta.json"
Result for strategy yes
                                                BACKTESTING REPORT                                                
┏━━━━━━━━━━━┳━━━━━━━━┳━━━━━━━━━━━━━━┳━━━━━━━━━━━━━━━━━┳━━━━━━━━━━━━━━┳━━━━━━━━━━━━━━━━━━┳━━━━━━━━━━━━━━━━━━━━━━━━┓
┃      Pair ┃ Trades ┃ Avg Profit % ┃ Tot Profit USDT ┃ Tot Profit % ┃     Avg Duration ┃  Win  Draw  Loss  Win% ┃
┡━━━━━━━━━━━╇━━━━━━━━╇━━━━━━━━━━━━━━╇━━━━━━━━━━━━━━━━━╇━━━━━━━━━━━━━━╇━━━━━━━━━━━━━━━━━━╇━━━━━━━━━━━━━━━━━━━━━━━━┩
│ HOME/USDT │      8 │         6.46 │          27.975 │        18.65 │  4 days, 1:30:00 │    6     0     2  75.0 │
│  XRP/USDT │     11 │         1.29 │           8.144 │         5.43 │ 4 days, 14:33:00 │    6     0     5  54.5 │
│  ETH/USDT │     13 │         1.61 │           7.781 │         5.19 │  4 days, 7:23:00 │    5     0     8  38.5 │
│     TOTAL │     32 │         2.71 │          43.900 │        29.27 │  4 days, 8:22:00 │   17     0    15  53.1 │
└───────────┴────────┴──────────────┴─────────────────┴──────────────┴──────────────────┴────────────────────────┘
                                             LEFT OPEN TRADES REPORT                                             
┏━━━━━━━━━━┳━━━━━━━━┳━━━━━━━━━━━━━━┳━━━━━━━━━━━━━━━━━┳━━━━━━━━━━━━━━┳━━━━━━━━━━━━━━━━━━┳━━━━━━━━━━━━━━━━━━━━━━━━┓
┃     Pair ┃ Trades ┃ Avg Profit % ┃ Tot Profit USDT ┃ Tot Profit % ┃     Avg Duration ┃  Win  Draw  Loss  Win% ┃
┡━━━━━━━━━━╇━━━━━━━━╇━━━━━━━━━━━━━━╇━━━━━━━━━━━━━━━━━╇━━━━━━━━━━━━━━╇━━━━━━━━━━━━━━━━━━╇━━━━━━━━━━━━━━━━━━━━━━━━┩
│ XRP/USDT │      1 │         3.58 │           2.297 │         1.53 │   1 day, 4:00:00 │    1     0     0   100 │
│ ETH/USDT │      1 │        -1.45 │          -0.928 │        -0.62 │ 2 days, 16:00:00 │    0     0     1     0 │
│    TOTAL │      2 │         1.06 │           1.369 │         0.91 │  1 day, 22:00:00 │    1     0     1  50.0 │
└──────────┴────────┴──────────────┴─────────────────┴──────────────┴──────────────────┴────────────────────────┘
                                                 ENTER TAG STATS                                                  
┏━━━━━━━━━━━┳━━━━━━━━━┳━━━━━━━━━━━━━━┳━━━━━━━━━━━━━━━━━┳━━━━━━━━━━━━━━┳━━━━━━━━━━━━━━━━━┳━━━━━━━━━━━━━━━━━━━━━━━━┓
┃ Enter Tag ┃ Entries ┃ Avg Profit % ┃ Tot Profit USDT ┃ Tot Profit % ┃    Avg Duration ┃  Win  Draw  Loss  Win% ┃
┡━━━━━━━━━━━╇━━━━━━━━━╇━━━━━━━━━━━━━━╇━━━━━━━━━━━━━━━━━╇━━━━━━━━━━━━━━╇━━━━━━━━━━━━━━━━━╇━━━━━━━━━━━━━━━━━━━━━━━━┩
│     OTHER │      32 │         2.71 │          43.900 │        29.27 │ 4 days, 8:22:00 │   17     0    15  53.1 │
│     TOTAL │      32 │         2.71 │          43.900 │        29.27 │ 4 days, 8:22:00 │   17     0    15  53.1 │
└───────────┴─────────┴──────────────┴─────────────────┴──────────────┴─────────────────┴────────────────────────┘
                                                 EXIT REASON STATS                                                 
┏━━━━━━━━━━━━━┳━━━━━━━┳━━━━━━━━━━━━━━┳━━━━━━━━━━━━━━━━━┳━━━━━━━━━━━━━━┳━━━━━━━━━━━━━━━━━━┳━━━━━━━━━━━━━━━━━━━━━━━━┓
┃ Exit Reason ┃ Exits ┃ Avg Profit % ┃ Tot Profit USDT ┃ Tot Profit % ┃     Avg Duration ┃  Win  Draw  Loss  Win% ┃
┡━━━━━━━━━━━━━╇━━━━━━━╇━━━━━━━━━━━━━━╇━━━━━━━━━━━━━━━━━╇━━━━━━━━━━━━━━╇━━━━━━━━━━━━━━━━━━╇━━━━━━━━━━━━━━━━━━━━━━━━┩
│         roi │    12 │        12.97 │          84.750 │         56.5 │ 4 days, 20:40:00 │   12     0     0   100 │
│  force_exit │     2 │         1.06 │           1.369 │         0.91 │  1 day, 22:00:00 │    1     0     1  50.0 │
│ exit_signal │    18 │        -3.94 │         -42.219 │       -28.15 │  4 days, 6:40:00 │    4     0    14  22.2 │
│       TOTAL │    32 │         2.71 │          43.900 │        29.27 │  4 days, 8:22:00 │   17     0    15  53.1 │
└─────────────┴───────┴──────────────┴─────────────────┴──────────────┴──────────────────┴────────────────────────┘
                                                        MIXED TAG STATS                                                         
┏━━━━━━━━━━━┳━━━━━━━━━━━━━┳━━━━━━━━┳━━━━━━━━━━━━━━┳━━━━━━━━━━━━━━━━━┳━━━━━━━━━━━━━━┳━━━━━━━━━━━━━━━━━━┳━━━━━━━━━━━━━━━━━━━━━━━━┓
┃ Enter Tag ┃ Exit Reason ┃ Trades ┃ Avg Profit % ┃ Tot Profit USDT ┃ Tot Profit % ┃     Avg Duration ┃  Win  Draw  Loss  Win% ┃
┡━━━━━━━━━━━╇━━━━━━━━━━━━━╇━━━━━━━━╇━━━━━━━━━━━━━━╇━━━━━━━━━━━━━━━━━╇━━━━━━━━━━━━━━╇━━━━━━━━━━━━━━━━━━╇━━━━━━━━━━━━━━━━━━━━━━━━┩
│           │         roi │     12 │        12.97 │          84.750 │         56.5 │ 4 days, 20:40:00 │   12     0     0   100 │
│           │  force_exit │      2 │         1.06 │           1.369 │         0.91 │  1 day, 22:00:00 │    1     0     1  50.0 │
│           │ exit_signal │     18 │        -3.94 │         -42.219 │       -28.15 │  4 days, 6:40:00 │    4     0    14  22.2 │
│     TOTAL │             │     32 │         2.71 │          43.900 │        29.27 │  4 days, 8:22:00 │   17     0    15  53.1 │
└───────────┴─────────────┴────────┴──────────────┴─────────────────┴──────────────┴──────────────────┴────────────────────────┘
                          SUMMARY METRICS                          
┏━━━━━━━━━━━━━━━━━━━━━━━━━━━━━━━┳━━━━━━━━━━━━━━━━━━━━━━━━━━━━━━━━━┓
┃ Metric                        ┃ Value                           ┃
┡━━━━━━━━━━━━━━━━━━━━━━━━━━━━━━━╇━━━━━━━━━━━━━━━━━━━━━━━━━━━━━━━━━┩
│ Backtesting from              │ 2025-04-22 00:00:00             │
│ Backtesting to                │ 2026-04-17 00:00:00             │
│ Trading Mode                  │ Spot                            │
│ Max open trades               │ 3                               │
│                               │                                 │
│ Total/Daily Avg Trades        │ 32 / 0.09                       │
│ Starting balance              │ 150 USDT                        │
│ Final balance                 │ 193.9 USDT                      │
│ Absolute profit               │ 43.9 USDT                       │
│ Total profit %                │ 29.27%                          │
│ CAGR %                        │ 29.73%                          │
│ Sortino                       │ 1.56                            │
│ Sharpe                        │ 0.48                            │
│ Calmar                        │ 17.48                           │
│ SQN                           │ 1.56                            │
│ Profit factor                 │ 1.90                            │
│ Expectancy (Ratio)            │ 1.37 (0.42)                     │
│ Avg. daily profit             │ 0.122 USDT                      │
│ Avg. stake amount             │ 58.309 USDT                     │
│ Total trade volume            │ 3783.209 USDT                   │
│                               │                                 │
│ Best Pair                     │ HOME/USDT 18.65%                │
│ Worst Pair                    │ ETH/USDT 5.19%                  │
│ Best trade                    │ HOME/USDT 12.99%                │
│ Worst trade                   │ XRP/USDT -11.14%                │
│ Best day                      │ 12.1 USDT                       │
│ Worst day                     │ -7.769 USDT                     │
│ Days win/draw/lose            │ 15 / 294 / 12                   │
│ Min/Max/Avg. Duration Winners │ 1d 04:00 / 10d 00:00 / 4d 16:28 │
│ Min/Max/Avg. Duration Losers  │ 0d 20:00 / 10d 12:00 / 3d 23:12 │
│ Max Consecutive Wins / Loss   │ 12 / 3                          │
│ Rejected Entry signals        │ 0                               │
│ Entry/Exit Timeouts           │ 0 / 0                           │
│                               │                                 │
│ Min balance                   │ 139.043 USDT                    │
│ Max balance                   │ 211.31 USDT                     │
│ Max % of account underwater   │ 8.89%                           │
│ Absolute drawdown             │ 18.779 USDT (8.89%)             │
│ Drawdown duration             │ 239 days 04:00:00               │
│ Profit at drawdown start      │ 61.31 USDT                      │
│ Profit at drawdown end        │ 42.531 USDT                     │
│ Drawdown start                │ 2025-08-17 12:00:00             │
│ Drawdown end                  │ 2026-04-13 16:00:00             │
│ Market change                 │ -9.22%                          │
└───────────────────────────────┴─────────────────────────────────┘

Backtested 2025-04-22 00:00:00 -> 2026-04-17 00:00:00 | Max open trades : 3
                                                          STRATEGY SUMMARY                                                           
┏━━━━━━━━━━┳━━━━━━━━┳━━━━━━━━━━━━━━┳━━━━━━━━━━━━━━━━━┳━━━━━━━━━━━━━━┳━━━━━━━━━━━━━━━━━┳━━━━━━━━━━━━━━━━━━━━━━━━┳━━━━━━━━━━━━━━━━━━━━┓
┃ Strategy ┃ Trades ┃ Avg Profit % ┃ Tot Profit USDT ┃ Tot Profit % ┃    Avg Duration ┃  Win  Draw  Loss  Win% ┃           Drawdown ┃
┡━━━━━━━━━━╇━━━━━━━━╇━━━━━━━━━━━━━━╇━━━━━━━━━━━━━━━━━╇━━━━━━━━━━━━━━╇━━━━━━━━━━━━━━━━━╇━━━━━━━━━━━━━━━━━━━━━━━━╇━━━━━━━━━━━━━━━━━━━━┩
│      yes │     32 │         2.71 │          43.900 │        29.27 │ 4 days, 8:22:00 │   17     0    15  53.1 │ 18.779 USDT  8.89% │
└──────────┴────────┴──────────────┴─────────────────┴──────────────┴─────────────────┴────────────────────────┴────────────────────┘