2026-04-25 21:47:00,104 - freqtrade - INFO - freqtrade 2026.3
2026-04-25 21:47:01,137 - freqtrade.configuration.load_config - INFO - Using config: /home/mohs/Desktop/ae/pyside6/user_data/config.json ...
2026-04-25 21:47:01,139 - freqtrade.loggers - INFO - Enabling colorized output.
2026-04-25 21:47:01,140 - freqtrade.loggers - INFO - Logfile configured
2026-04-25 21:47:01,140 - freqtrade.loggers - INFO - Verbosity set to 0
2026-04-25 21:47:01,140 - freqtrade.configuration.configuration - INFO - Using additional Strategy lookup path: 
/home/mohs/Desktop/ae/pyside6/user_data/optimizer/sessions/cc004eff-0936-4112-8326-b124d8af6fd9/trial_029/strategy_dir
2026-04-25 21:47:01,141 - freqtrade.configuration.configuration - WARNING - `force_entry_enable` RPC message enabled.
2026-04-25 21:47:01,141 - freqtrade.configuration.configuration - INFO - Parameter -i/--timeframe detected ... Using timeframe: 5m ...
2026-04-25 21:47:01,141 - freqtrade.configuration.configuration - INFO - Parameter --max-open-trades detected, overriding max_open_trades to: 3 ...
2026-04-25 21:47:01,141 - freqtrade.configuration.configuration - INFO - Parameter --dry-run-wallet detected, overriding dry_run_wallet to: 150.0 ...
2026-04-25 21:47:01,142 - freqtrade.configuration.configuration - INFO - Parameter --timerange detected: 20250422-20260417 ...
2026-04-25 21:47:01,142 - freqtrade.configuration.configuration - INFO - Using user-data directory: /home/mohs/Desktop/ae/pyside6/user_data ...
2026-04-25 21:47:01,142 - freqtrade.configuration.configuration - INFO - Using data directory: /home/mohs/Desktop/ae/pyside6/user_data/data/binance ...
2026-04-25 21:47:01,143 - freqtrade.configuration.configuration - INFO - Parameter --export detected: trades ...
2026-04-25 21:47:01,143 - freqtrade.configuration.configuration - INFO - Parameter --cache=day detected ...
2026-04-25 21:47:01,143 - freqtrade.configuration.configuration - INFO - Using pairs ['XRP/USDT', 'ETH/USDT', 'HOME/USDT']
2026-04-25 21:47:01,143 - freqtrade.configuration.configuration - INFO - Filter trades by timerange: 20250422-20260417
2026-04-25 21:47:01,144 - freqtrade.exchange.check_exchange - INFO - Checking exchange...
2026-04-25 21:47:01,150 - freqtrade.exchange.check_exchange - INFO - Exchange "binance" is officially supported by the Freqtrade development team.
2026-04-25 21:47:01,150 - freqtrade.configuration.config_validation - INFO - Validating configuration ...
2026-04-25 21:47:01,152 - freqtrade.commands.optimize_commands - INFO - Starting freqtrade in Backtesting mode
2026-04-25 21:47:01,153 - freqtrade.exchange.exchange - INFO - Instance is running with dry_run enabled
2026-04-25 21:47:01,153 - freqtrade.exchange.exchange - INFO - Using CCXT 4.5.50
2026-04-25 21:47:01,153 - freqtrade.exchange.exchange - INFO - Applying additional ccxt config: {'enableRateLimit': True, 'timeout': 120000}
2026-04-25 21:47:01,159 - freqtrade.exchange.exchange - INFO - Applying additional ccxt config: {'enableRateLimit': True, 'timeout': 120000}
2026-04-25 21:47:01,165 - freqtrade.exchange.exchange - INFO - Using Exchange "Binance"
2026-04-25 21:47:02,350 - freqtrade.resolvers.exchange_resolver - INFO - Using resolved exchange 'Binance'...
2026-04-25 21:47:02,358 - freqtrade.resolvers.iresolver - INFO - Using resolved strategy yes from 
'/home/mohs/Desktop/ae/pyside6/user_data/optimizer/sessions/cc004eff-0936-4112-8326-b124d8af6fd9/trial_029/strategy_dir/yes.py'...
2026-04-25 21:47:02,359 - freqtrade.strategy.hyper - INFO - Loading parameters from file 
/home/mohs/Desktop/ae/pyside6/user_data/optimizer/sessions/cc004eff-0936-4112-8326-b124d8af6fd9/trial_029/strategy_dir/yes.json
2026-04-25 21:47:02,359 - freqtrade.resolvers.strategy_resolver - INFO - Override strategy 'timeframe' with value from the configuration: 5m.
2026-04-25 21:47:02,359 - freqtrade.resolvers.strategy_resolver - INFO - Override strategy 'stake_currency' with value from the configuration: USDT.
2026-04-25 21:47:02,360 - freqtrade.resolvers.strategy_resolver - INFO - Override strategy 'stake_amount' with value from the configuration: unlimited.
2026-04-25 21:47:02,360 - freqtrade.resolvers.strategy_resolver - INFO - Override strategy 'use_exit_signal' with value from the configuration: True.
2026-04-25 21:47:02,360 - freqtrade.resolvers.strategy_resolver - INFO - Override strategy 'max_open_trades' with value from the configuration: 3.
2026-04-25 21:47:02,360 - freqtrade.resolvers.strategy_resolver - INFO - Strategy using minimal_roi: {'0': 0.6110255834422792, '13': 0.9482372025331224, '146': 0.060393907593035215, '38': 
0.5537204952455396}
2026-04-25 21:47:02,361 - freqtrade.resolvers.strategy_resolver - INFO - Strategy using timeframe: 5m
2026-04-25 21:47:02,361 - freqtrade.resolvers.strategy_resolver - INFO - Strategy using stoploss: -0.9266578992573352
2026-04-25 21:47:02,361 - freqtrade.resolvers.strategy_resolver - INFO - Strategy using trailing_stop: True
2026-04-25 21:47:02,361 - freqtrade.resolvers.strategy_resolver - INFO - Strategy using trailing_stop_positive: 0.10813999930877818
2026-04-25 21:47:02,362 - freqtrade.resolvers.strategy_resolver - INFO - Strategy using trailing_stop_positive_offset: 0.19458634506194655
2026-04-25 21:47:02,362 - freqtrade.resolvers.strategy_resolver - INFO - Strategy using trailing_only_offset_is_reached: True
2026-04-25 21:47:02,362 - freqtrade.resolvers.strategy_resolver - INFO - Strategy using use_custom_stoploss: False
2026-04-25 21:47:02,362 - freqtrade.resolvers.strategy_resolver - INFO - Strategy using process_only_new_candles: True
2026-04-25 21:47:02,363 - freqtrade.resolvers.strategy_resolver - INFO - Strategy using order_types: {'entry': 'limit', 'exit': 'limit', 'stoploss': 'limit', 'stoploss_on_exchange': False, 
'stoploss_on_exchange_interval': 60}
2026-04-25 21:47:02,363 - freqtrade.resolvers.strategy_resolver - INFO - Strategy using order_time_in_force: {'entry': 'GTC', 'exit': 'GTC'}
2026-04-25 21:47:02,363 - freqtrade.resolvers.strategy_resolver - INFO - Strategy using stake_currency: USDT
2026-04-25 21:47:02,363 - freqtrade.resolvers.strategy_resolver - INFO - Strategy using stake_amount: unlimited
2026-04-25 21:47:02,364 - freqtrade.resolvers.strategy_resolver - INFO - Strategy using startup_candle_count: 0
2026-04-25 21:47:02,364 - freqtrade.resolvers.strategy_resolver - INFO - Strategy using use_exit_signal: True
2026-04-25 21:47:02,364 - freqtrade.resolvers.strategy_resolver - INFO - Strategy using exit_profit_only: False
2026-04-25 21:47:02,364 - freqtrade.resolvers.strategy_resolver - INFO - Strategy using ignore_roi_if_entry_signal: False
2026-04-25 21:47:02,365 - freqtrade.resolvers.strategy_resolver - INFO - Strategy using exit_profit_offset: 0.0
2026-04-25 21:47:02,365 - freqtrade.resolvers.strategy_resolver - INFO - Strategy using disable_dataframe_checks: False
2026-04-25 21:47:02,365 - freqtrade.resolvers.strategy_resolver - INFO - Strategy using ignore_buying_expired_candle_after: 0
2026-04-25 21:47:02,365 - freqtrade.resolvers.strategy_resolver - INFO - Strategy using position_adjustment_enable: False
2026-04-25 21:47:02,366 - freqtrade.resolvers.strategy_resolver - INFO - Strategy using max_entry_position_adjustment: -1
2026-04-25 21:47:02,366 - freqtrade.resolvers.strategy_resolver - INFO - Strategy using max_open_trades: 3
2026-04-25 21:47:02,366 - freqtrade.configuration.config_validation - INFO - Validating configuration ...
2026-04-25 21:47:02,370 - freqtrade.resolvers.iresolver - INFO - Using resolved pairlist StaticPairList from 
'/home/mohs/Desktop/ae/pyside6/.venv/lib/python3.12/site-packages/freqtrade/plugins/pairlist/StaticPairList.py'...
2026-04-25 21:47:02,382 - freqtrade.optimize.backtesting - INFO - Using fee 0.1000% - worst case fee from exchange (lowest tier).
2026-04-25 21:47:02,526 - freqtrade.data.history.datahandlers.idatahandler - WARNING - XRP/USDT, spot, 5m, data ends at 2026-04-11 01:45:00
2026-04-25 21:47:02,930 - freqtrade.data.history.datahandlers.idatahandler - WARNING - HOME/USDT, spot, 5m, data starts at 2025-06-12 15:00:00
2026-04-25 21:47:02,960 - freqtrade.optimize.backtesting - INFO - Loading data from 2025-04-22 00:00:00 up to 2026-04-17 00:00:00 (360 days).
2026-04-25 21:47:05,046 - freqtrade.optimize.backtesting - INFO - Dataload complete. Calculating indicators
2026-04-25 21:47:05,051 - freqtrade.optimize.backtesting - INFO - Running backtesting for Strategy yes
2026-04-25 21:47:05,051 - freqtrade.strategy.hyper - INFO - Strategy Parameter: buy_ma_count = 6
2026-04-25 21:47:05,052 - freqtrade.strategy.hyper - INFO - Strategy Parameter: buy_ma_gap = 22
2026-04-25 21:47:05,052 - freqtrade.strategy.hyper - INFO - Strategy Parameter: sell_ma_count = 14
2026-04-25 21:47:05,052 - freqtrade.strategy.hyper - INFO - Strategy Parameter: sell_ma_gap = 18
2026-04-25 21:47:05,290 - freqtrade.optimize.backtesting - INFO - Backtesting with data from 2025-04-22 00:00:00 up to 2026-04-17 00:00:00 (360 days).
/home/mohs/Desktop/ae/pyside6/.venv/lib/python3.12/site-packages/freqtrade/data/metrics.py:77: FutureWarning: The default fill_method='pad' in DataFrame.pct_change is deprecated and will be removed in a future version. Either fill in any non-leading NA values prior to calling pct_change or specify 'fill_method=None' to not fill NA values.
  rel_mean = df_comb.pct_change().mean(axis=1).fillna(0).cumsum()
2026-04-25 21:47:09,725 - freqtrade.misc - INFO - dumping json to "/home/mohs/Desktop/ae/pyside6/user_data/backtest_results/backtest-result-2026-04-25_21-47-09.meta.json"
Result for strategy yes
                                              BACKTESTING REPORT                                              
┏━━━━━━━━━━━┳━━━━━━━━┳━━━━━━━━━━━━━━┳━━━━━━━━━━━━━━━━━┳━━━━━━━━━━━━━━┳━━━━━━━━━━━━━━┳━━━━━━━━━━━━━━━━━━━━━━━━┓
┃      Pair ┃ Trades ┃ Avg Profit % ┃ Tot Profit USDT ┃ Tot Profit % ┃ Avg Duration ┃  Win  Draw  Loss  Win% ┃
┡━━━━━━━━━━━╇━━━━━━━━╇━━━━━━━━━━━━━━╇━━━━━━━━━━━━━━━━━╇━━━━━━━━━━━━━━╇━━━━━━━━━━━━━━╇━━━━━━━━━━━━━━━━━━━━━━━━┩
│  ETH/USDT │    490 │        -0.12 │         -21.501 │       -14.33 │      1:07:00 │  141     0   349  28.8 │
│ HOME/USDT │    443 │        -0.19 │         -28.803 │        -19.2 │      1:07:00 │  126     0   317  28.4 │
│  XRP/USDT │    523 │        -0.17 │         -31.703 │       -21.14 │      1:03:00 │  135     0   388  25.8 │
│     TOTAL │   1456 │        -0.16 │         -82.007 │       -54.67 │      1:06:00 │  402     0  1054  27.6 │
└───────────┴────────┴──────────────┴─────────────────┴──────────────┴──────────────┴────────────────────────┘
                                         LEFT OPEN TRADES REPORT                                          
┏━━━━━━━┳━━━━━━━━┳━━━━━━━━━━━━━━┳━━━━━━━━━━━━━━━━━┳━━━━━━━━━━━━━━┳━━━━━━━━━━━━━━┳━━━━━━━━━━━━━━━━━━━━━━━━┓
┃  Pair ┃ Trades ┃ Avg Profit % ┃ Tot Profit USDT ┃ Tot Profit % ┃ Avg Duration ┃  Win  Draw  Loss  Win% ┃
┡━━━━━━━╇━━━━━━━━╇━━━━━━━━━━━━━━╇━━━━━━━━━━━━━━━━━╇━━━━━━━━━━━━━━╇━━━━━━━━━━━━━━╇━━━━━━━━━━━━━━━━━━━━━━━━┩
│ TOTAL │      0 │          0.0 │           0.000 │          0.0 │         0:00 │    0     0     0     0 │
└───────┴────────┴──────────────┴─────────────────┴──────────────┴──────────────┴────────────────────────┘
                                                ENTER TAG STATS                                                
┏━━━━━━━━━━━┳━━━━━━━━━┳━━━━━━━━━━━━━━┳━━━━━━━━━━━━━━━━━┳━━━━━━━━━━━━━━┳━━━━━━━━━━━━━━┳━━━━━━━━━━━━━━━━━━━━━━━━┓
┃ Enter Tag ┃ Entries ┃ Avg Profit % ┃ Tot Profit USDT ┃ Tot Profit % ┃ Avg Duration ┃  Win  Draw  Loss  Win% ┃
┡━━━━━━━━━━━╇━━━━━━━━━╇━━━━━━━━━━━━━━╇━━━━━━━━━━━━━━━━━╇━━━━━━━━━━━━━━╇━━━━━━━━━━━━━━╇━━━━━━━━━━━━━━━━━━━━━━━━┩
│     OTHER │    1456 │        -0.16 │         -82.007 │       -54.67 │      1:06:00 │  402     0  1054  27.6 │
│     TOTAL │    1456 │        -0.16 │         -82.007 │       -54.67 │      1:06:00 │  402     0  1054  27.6 │
└───────────┴─────────┴──────────────┴─────────────────┴──────────────┴──────────────┴────────────────────────┘
                                                  EXIT REASON STATS                                                   
┏━━━━━━━━━━━━━━━━━━━━┳━━━━━━━┳━━━━━━━━━━━━━━┳━━━━━━━━━━━━━━━━━┳━━━━━━━━━━━━━━┳━━━━━━━━━━━━━━┳━━━━━━━━━━━━━━━━━━━━━━━━┓
┃        Exit Reason ┃ Exits ┃ Avg Profit % ┃ Tot Profit USDT ┃ Tot Profit % ┃ Avg Duration ┃  Win  Draw  Loss  Win% ┃
┡━━━━━━━━━━━━━━━━━━━━╇━━━━━━━╇━━━━━━━━━━━━━━╇━━━━━━━━━━━━━━━━━╇━━━━━━━━━━━━━━╇━━━━━━━━━━━━━━╇━━━━━━━━━━━━━━━━━━━━━━━━┩
│                roi │     6 │         7.06 │          13.490 │         8.99 │      2:37:00 │    6     0     0   100 │
│ trailing_stop_loss │     2 │         9.46 │           7.519 │         5.01 │      0:42:00 │    2     0     0   100 │
│        exit_signal │  1448 │         -0.2 │        -103.016 │       -68.68 │      1:05:00 │  394     0  1054  27.2 │
│              TOTAL │  1456 │        -0.16 │         -82.007 │       -54.67 │      1:06:00 │  402     0  1054  27.6 │
└────────────────────┴───────┴──────────────┴─────────────────┴──────────────┴──────────────┴────────────────────────┘
                                                          MIXED TAG STATS                                                          
┏━━━━━━━━━━━┳━━━━━━━━━━━━━━━━━━━━┳━━━━━━━━┳━━━━━━━━━━━━━━┳━━━━━━━━━━━━━━━━━┳━━━━━━━━━━━━━━┳━━━━━━━━━━━━━━┳━━━━━━━━━━━━━━━━━━━━━━━━┓
┃ Enter Tag ┃        Exit Reason ┃ Trades ┃ Avg Profit % ┃ Tot Profit USDT ┃ Tot Profit % ┃ Avg Duration ┃  Win  Draw  Loss  Win% ┃
┡━━━━━━━━━━━╇━━━━━━━━━━━━━━━━━━━━╇━━━━━━━━╇━━━━━━━━━━━━━━╇━━━━━━━━━━━━━━━━━╇━━━━━━━━━━━━━━╇━━━━━━━━━━━━━━╇━━━━━━━━━━━━━━━━━━━━━━━━┩
│           │                roi │      6 │         7.06 │          13.490 │         8.99 │      2:37:00 │    6     0     0   100 │
│           │ trailing_stop_loss │      2 │         9.46 │           7.519 │         5.01 │      0:42:00 │    2     0     0   100 │
│           │        exit_signal │   1448 │         -0.2 │        -103.016 │       -68.68 │      1:05:00 │  394     0  1054  27.2 │
│     TOTAL │                    │   1456 │        -0.16 │         -82.007 │       -54.67 │      1:06:00 │  402     0  1054  27.6 │
└───────────┴────────────────────┴────────┴──────────────┴─────────────────┴──────────────┴──────────────┴────────────────────────┘
                         SUMMARY METRICS                          
┏━━━━━━━━━━━━━━━━━━━━━━━━━━━━━━━┳━━━━━━━━━━━━━━━━━━━━━━━━━━━━━━━━┓
┃ Metric                        ┃ Value                          ┃
┡━━━━━━━━━━━━━━━━━━━━━━━━━━━━━━━╇━━━━━━━━━━━━━━━━━━━━━━━━━━━━━━━━┩
│ Backtesting from              │ 2025-04-22 00:00:00            │
│ Backtesting to                │ 2026-04-17 00:00:00            │
│ Trading Mode                  │ Spot                           │
│ Max open trades               │ 3                              │
│                               │                                │
│ Total/Daily Avg Trades        │ 1456 / 4.04                    │
│ Starting balance              │ 150 USDT                       │
│ Final balance                 │ 67.993 USDT                    │
│ Absolute profit               │ -82.007 USDT                   │
│ Total profit %                │ -54.67%                        │
│ CAGR %                        │ -55.17%                        │
│ Sortino                       │ -16.79                         │
│ Sharpe                        │ -10.29                         │
│ Calmar                        │ -5.23                          │
│ SQN                           │ -5.08                          │
│ Profit factor                 │ 0.63                           │
│ Expectancy (Ratio)            │ -0.06 (-0.27)                  │
│ Avg. daily profit             │ -0.228 USDT                    │
│ Avg. stake amount             │ 32.201 USDT                    │
│ Total trade volume            │ 93874.984 USDT                 │
│                               │                                │
│ Best Pair                     │ ETH/USDT -14.33%               │
│ Worst Pair                    │ XRP/USDT -21.14%               │
│ Best trade                    │ HOME/USDT 9.61%                │
│ Worst trade                   │ HOME/USDT -12.85%              │
│ Best day                      │ 2.857 USDT                     │
│ Worst day                     │ -3.254 USDT                    │
│ Days win/draw/lose            │ 94 / 27 / 238                  │
│ Min/Max/Avg. Duration Winners │ 0d 00:15 / 0d 04:10 / 0d 01:50 │
│ Min/Max/Avg. Duration Losers  │ 0d 00:05 / 0d 03:05 / 0d 00:49 │
│ Max Consecutive Wins / Loss   │ 7 / 20                         │
│ Rejected Entry signals        │ 0                              │
│ Entry/Exit Timeouts           │ 0 / 0                          │
│                               │                                │
│ Min balance                   │ 66.857 USDT                    │
│ Max balance                   │ 149.654 USDT                   │
│ Max % of account underwater   │ 55.43%                         │
│ Absolute drawdown             │ 83.143 USDT (55.43%)           │
│ Drawdown duration             │ 349 days 09:10:00              │
│ Profit at drawdown start      │ 0 USDT                         │
│ Profit at drawdown end        │ -83.143 USDT                   │
│ Drawdown start                │ 2025-04-23 09:40:00            │
│ Drawdown end                  │ 2026-04-07 18:50:00            │
│ Market change                 │ -10.52%                        │
└───────────────────────────────┴────────────────────────────────┘

Backtested 2025-04-22 00:00:00 -> 2026-04-17 00:00:00 | Max open trades : 3
                                                         STRATEGY SUMMARY                                                          
┏━━━━━━━━━━┳━━━━━━━━┳━━━━━━━━━━━━━━┳━━━━━━━━━━━━━━━━━┳━━━━━━━━━━━━━━┳━━━━━━━━━━━━━━┳━━━━━━━━━━━━━━━━━━━━━━━━┳━━━━━━━━━━━━━━━━━━━━━┓
┃ Strategy ┃ Trades ┃ Avg Profit % ┃ Tot Profit USDT ┃ Tot Profit % ┃ Avg Duration ┃  Win  Draw  Loss  Win% ┃            Drawdown ┃
┡━━━━━━━━━━╇━━━━━━━━╇━━━━━━━━━━━━━━╇━━━━━━━━━━━━━━━━━╇━━━━━━━━━━━━━━╇━━━━━━━━━━━━━━╇━━━━━━━━━━━━━━━━━━━━━━━━╇━━━━━━━━━━━━━━━━━━━━━┩
│      yes │   1456 │        -0.16 │         -82.007 │       -54.67 │      1:06:00 │  402     0  1054  27.6 │ 83.143 USDT  55.43% │
└──────────┴────────┴──────────────┴─────────────────┴──────────────┴──────────────┴────────────────────────┴─────────────────────┘