2026-04-25 20:15:04,300 - freqtrade - INFO - freqtrade 2026.3
2026-04-25 20:15:05,476 - freqtrade.configuration.load_config - INFO - Using config: /home/mohs/Desktop/ae/pyside6/user_data/config.json ...
2026-04-25 20:15:05,478 - freqtrade.loggers - INFO - Enabling colorized output.
2026-04-25 20:15:05,478 - freqtrade.loggers - INFO - Logfile configured
2026-04-25 20:15:05,479 - freqtrade.loggers - INFO - Verbosity set to 0
2026-04-25 20:15:05,479 - freqtrade.configuration.configuration - INFO - Using additional Strategy lookup path: 
/home/mohs/Desktop/ae/pyside6/user_data/optimizer/sessions/67b9b07d-6015-403e-8bdf-cb20b1ccc55d/trial_002/strategy_dir
2026-04-25 20:15:05,479 - freqtrade.configuration.configuration - WARNING - `force_entry_enable` RPC message enabled.
2026-04-25 20:15:05,480 - freqtrade.configuration.configuration - INFO - Parameter -i/--timeframe detected ... Using timeframe: 4h ...
2026-04-25 20:15:05,480 - freqtrade.configuration.configuration - INFO - Parameter --max-open-trades detected, overriding max_open_trades to: 2 ...
2026-04-25 20:15:05,480 - freqtrade.configuration.configuration - INFO - Parameter --dry-run-wallet detected, overriding dry_run_wallet to: 150.0 ...
2026-04-25 20:15:05,480 - freqtrade.configuration.configuration - INFO - Parameter --timerange detected: 20250422-20260417 ...
2026-04-25 20:15:05,481 - freqtrade.configuration.configuration - INFO - Using user-data directory: /home/mohs/Desktop/ae/pyside6/user_data ...
2026-04-25 20:15:05,481 - freqtrade.configuration.configuration - INFO - Using data directory: /home/mohs/Desktop/ae/pyside6/user_data/data/binance ...
2026-04-25 20:15:05,481 - freqtrade.configuration.configuration - INFO - Parameter --export detected: trades ...
2026-04-25 20:15:05,482 - freqtrade.configuration.configuration - INFO - Parameter --cache=day detected ...
2026-04-25 20:15:05,482 - freqtrade.configuration.configuration - INFO - Using pairs ['ETH/USDT', 'XRP/USDT', 'HOME/USDT']
2026-04-25 20:15:05,482 - freqtrade.configuration.configuration - INFO - Filter trades by timerange: 20250422-20260417
2026-04-25 20:15:05,483 - freqtrade.exchange.check_exchange - INFO - Checking exchange...
2026-04-25 20:15:05,489 - freqtrade.exchange.check_exchange - INFO - Exchange "binance" is officially supported by the Freqtrade development team.
2026-04-25 20:15:05,490 - freqtrade.configuration.config_validation - INFO - Validating configuration ...
2026-04-25 20:15:05,492 - freqtrade.commands.optimize_commands - INFO - Starting freqtrade in Backtesting mode
2026-04-25 20:15:05,493 - freqtrade.exchange.exchange - INFO - Instance is running with dry_run enabled
2026-04-25 20:15:05,493 - freqtrade.exchange.exchange - INFO - Using CCXT 4.5.50
2026-04-25 20:15:05,493 - freqtrade.exchange.exchange - INFO - Applying additional ccxt config: {'enableRateLimit': True, 'timeout': 120000}
2026-04-25 20:15:05,499 - freqtrade.exchange.exchange - INFO - Applying additional ccxt config: {'enableRateLimit': True, 'timeout': 120000}
2026-04-25 20:15:05,506 - freqtrade.exchange.exchange - INFO - Using Exchange "Binance"
2026-04-25 20:15:06,649 - freqtrade.resolvers.exchange_resolver - INFO - Using resolved exchange 'Binance'...
2026-04-25 20:15:06,658 - freqtrade.resolvers.iresolver - INFO - Using resolved strategy MultiMeee from 
'/home/mohs/Desktop/ae/pyside6/user_data/optimizer/sessions/67b9b07d-6015-403e-8bdf-cb20b1ccc55d/trial_002/strategy_dir/MultiMeee.py'...
2026-04-25 20:15:06,659 - freqtrade.strategy.hyper - INFO - Loading parameters from file 
/home/mohs/Desktop/ae/pyside6/user_data/optimizer/sessions/67b9b07d-6015-403e-8bdf-cb20b1ccc55d/trial_002/strategy_dir/MultiMeee.json
2026-04-25 20:15:06,659 - freqtrade.resolvers.strategy_resolver - INFO - Override strategy 'timeframe' with value from the configuration: 4h.
2026-04-25 20:15:06,660 - freqtrade.resolvers.strategy_resolver - INFO - Override strategy 'stake_currency' with value from the configuration: USDT.
2026-04-25 20:15:06,660 - freqtrade.resolvers.strategy_resolver - INFO - Override strategy 'stake_amount' with value from the configuration: unlimited.
2026-04-25 20:15:06,660 - freqtrade.resolvers.strategy_resolver - INFO - Override strategy 'use_exit_signal' with value from the configuration: True.
2026-04-25 20:15:06,660 - freqtrade.resolvers.strategy_resolver - INFO - Override strategy 'max_open_trades' with value from the configuration: 2.
2026-04-25 20:15:06,661 - freqtrade.resolvers.strategy_resolver - INFO - Strategy using minimal_roi: {'0': 0.28709729025752173, '13': 0.5822341089544285, '146': 0.8903061811714265, '38': 
0.2679701903725945}
2026-04-25 20:15:06,661 - freqtrade.resolvers.strategy_resolver - INFO - Strategy using timeframe: 4h
2026-04-25 20:15:06,661 - freqtrade.resolvers.strategy_resolver - INFO - Strategy using stoploss: -0.3215846269419753
2026-04-25 20:15:06,661 - freqtrade.resolvers.strategy_resolver - INFO - Strategy using trailing_stop: False
2026-04-25 20:15:06,662 - freqtrade.resolvers.strategy_resolver - INFO - Strategy using trailing_stop_positive: 0.7644198232022261
2026-04-25 20:15:06,662 - freqtrade.resolvers.strategy_resolver - INFO - Strategy using trailing_stop_positive_offset: 0.4385474771402569
2026-04-25 20:15:06,662 - freqtrade.resolvers.strategy_resolver - INFO - Strategy using trailing_only_offset_is_reached: True
2026-04-25 20:15:06,662 - freqtrade.resolvers.strategy_resolver - INFO - Strategy using use_custom_stoploss: False
2026-04-25 20:15:06,663 - freqtrade.resolvers.strategy_resolver - INFO - Strategy using process_only_new_candles: True
2026-04-25 20:15:06,663 - freqtrade.resolvers.strategy_resolver - INFO - Strategy using order_types: {'entry': 'limit', 'exit': 'limit', 'stoploss': 'limit', 'stoploss_on_exchange': False, 
'stoploss_on_exchange_interval': 60}
2026-04-25 20:15:06,663 - freqtrade.resolvers.strategy_resolver - INFO - Strategy using order_time_in_force: {'entry': 'GTC', 'exit': 'GTC'}
2026-04-25 20:15:06,664 - freqtrade.resolvers.strategy_resolver - INFO - Strategy using stake_currency: USDT
2026-04-25 20:15:06,664 - freqtrade.resolvers.strategy_resolver - INFO - Strategy using stake_amount: unlimited
2026-04-25 20:15:06,664 - freqtrade.resolvers.strategy_resolver - INFO - Strategy using startup_candle_count: 0
2026-04-25 20:15:06,664 - freqtrade.resolvers.strategy_resolver - INFO - Strategy using use_exit_signal: True
2026-04-25 20:15:06,665 - freqtrade.resolvers.strategy_resolver - INFO - Strategy using exit_profit_only: False
2026-04-25 20:15:06,665 - freqtrade.resolvers.strategy_resolver - INFO - Strategy using ignore_roi_if_entry_signal: False
2026-04-25 20:15:06,665 - freqtrade.resolvers.strategy_resolver - INFO - Strategy using exit_profit_offset: 0.0
2026-04-25 20:15:06,665 - freqtrade.resolvers.strategy_resolver - INFO - Strategy using disable_dataframe_checks: False
2026-04-25 20:15:06,666 - freqtrade.resolvers.strategy_resolver - INFO - Strategy using ignore_buying_expired_candle_after: 0
2026-04-25 20:15:06,666 - freqtrade.resolvers.strategy_resolver - INFO - Strategy using position_adjustment_enable: False
2026-04-25 20:15:06,666 - freqtrade.resolvers.strategy_resolver - INFO - Strategy using max_entry_position_adjustment: -1
2026-04-25 20:15:06,666 - freqtrade.resolvers.strategy_resolver - INFO - Strategy using max_open_trades: 2
2026-04-25 20:15:06,667 - freqtrade.configuration.config_validation - INFO - Validating configuration ...
2026-04-25 20:15:06,671 - freqtrade.resolvers.iresolver - INFO - Using resolved pairlist StaticPairList from 
'/home/mohs/Desktop/ae/pyside6/.venv/lib/python3.12/site-packages/freqtrade/plugins/pairlist/StaticPairList.py'...
2026-04-25 20:15:06,684 - freqtrade.optimize.backtesting - INFO - Using fee 0.1000% - worst case fee from exchange (lowest tier).
2026-04-25 20:15:06,692 - freqtrade.data.history.datahandlers.idatahandler - WARNING - ETH/USDT, spot, 4h, data starts at 2025-04-24 00:00:00
2026-04-25 20:15:06,706 - freqtrade.data.history.datahandlers.idatahandler - WARNING - XRP/USDT, spot, 4h, data starts at 2025-04-30 00:00:00
2026-04-25 20:15:06,719 - freqtrade.data.history.datahandlers.idatahandler - WARNING - HOME/USDT, spot, 4h, data starts at 2025-06-12 12:00:00
2026-04-25 20:15:06,729 - freqtrade.optimize.backtesting - INFO - Loading data from 2025-04-24 00:00:00 up to 2026-04-17 00:00:00 (358 days).
2026-04-25 20:15:06,794 - freqtrade.optimize.backtesting - INFO - Dataload complete. Calculating indicators
2026-04-25 20:15:06,799 - freqtrade.optimize.backtesting - INFO - Running backtesting for Strategy MultiMeee
2026-04-25 20:15:06,799 - freqtrade.strategy.hyper - INFO - Strategy Parameter: buy_ma_count = 14
2026-04-25 20:15:06,800 - freqtrade.strategy.hyper - INFO - Strategy Parameter: buy_ma_gap = 46
2026-04-25 20:15:06,800 - freqtrade.strategy.hyper - INFO - Strategy Parameter: sell_ma_count = 3
2026-04-25 20:15:06,800 - freqtrade.strategy.hyper - INFO - Strategy Parameter: sell_ma_gap = 3
2026-04-25 20:15:06,812 - freqtrade.optimize.backtesting - INFO - Backtesting with data from 2025-04-24 00:00:00 up to 2026-04-17 00:00:00 (358 days).
2026-04-25 20:15:07,066 - freqtrade.misc - INFO - dumping json to "/home/mohs/Desktop/ae/pyside6/user_data/backtest_results/backtest-result-2026-04-25_20-15-07.meta.json"
Result for strategy MultiMeee
                                               BACKTESTING REPORT                                                
┏━━━━━━━━━━━┳━━━━━━━━┳━━━━━━━━━━━━━━┳━━━━━━━━━━━━━━━━━┳━━━━━━━━━━━━━━┳━━━━━━━━━━━━━━━━━┳━━━━━━━━━━━━━━━━━━━━━━━━┓
┃      Pair ┃ Trades ┃ Avg Profit % ┃ Tot Profit USDT ┃ Tot Profit % ┃    Avg Duration ┃  Win  Draw  Loss  Win% ┃
┡━━━━━━━━━━━╇━━━━━━━━╇━━━━━━━━━━━━━━╇━━━━━━━━━━━━━━━━━╇━━━━━━━━━━━━━━╇━━━━━━━━━━━━━━━━━╇━━━━━━━━━━━━━━━━━━━━━━━━┩
│  XRP/USDT │      1 │         3.11 │           2.337 │         1.56 │        20:00:00 │    1     0     0   100 │
│  ETH/USDT │      1 │         1.19 │           0.889 │         0.59 │ 5 days, 4:00:00 │    1     0     0   100 │
│ HOME/USDT │      0 │          0.0 │           0.000 │          0.0 │            0:00 │    0     0     0     0 │
│     TOTAL │      2 │         2.15 │           3.226 │         2.15 │ 3 days, 0:00:00 │    2     0     0   100 │
└───────────┴────────┴──────────────┴─────────────────┴──────────────┴─────────────────┴────────────────────────┘
                                            LEFT OPEN TRADES REPORT                                             
┏━━━━━━━━━━┳━━━━━━━━┳━━━━━━━━━━━━━━┳━━━━━━━━━━━━━━━━━┳━━━━━━━━━━━━━━┳━━━━━━━━━━━━━━━━━┳━━━━━━━━━━━━━━━━━━━━━━━━┓
┃     Pair ┃ Trades ┃ Avg Profit % ┃ Tot Profit USDT ┃ Tot Profit % ┃    Avg Duration ┃  Win  Draw  Loss  Win% ┃
┡━━━━━━━━━━╇━━━━━━━━╇━━━━━━━━━━━━━━╇━━━━━━━━━━━━━━━━━╇━━━━━━━━━━━━━━╇━━━━━━━━━━━━━━━━━╇━━━━━━━━━━━━━━━━━━━━━━━━┩
│ XRP/USDT │      1 │         3.11 │           2.337 │         1.56 │        20:00:00 │    1     0     0   100 │
│ ETH/USDT │      1 │         1.19 │           0.889 │         0.59 │ 5 days, 4:00:00 │    1     0     0   100 │
│    TOTAL │      2 │         2.15 │           3.226 │         2.15 │ 3 days, 0:00:00 │    2     0     0   100 │
└──────────┴────────┴──────────────┴─────────────────┴──────────────┴─────────────────┴────────────────────────┘
                                                 ENTER TAG STATS                                                  
┏━━━━━━━━━━━┳━━━━━━━━━┳━━━━━━━━━━━━━━┳━━━━━━━━━━━━━━━━━┳━━━━━━━━━━━━━━┳━━━━━━━━━━━━━━━━━┳━━━━━━━━━━━━━━━━━━━━━━━━┓
┃ Enter Tag ┃ Entries ┃ Avg Profit % ┃ Tot Profit USDT ┃ Tot Profit % ┃    Avg Duration ┃  Win  Draw  Loss  Win% ┃
┡━━━━━━━━━━━╇━━━━━━━━━╇━━━━━━━━━━━━━━╇━━━━━━━━━━━━━━━━━╇━━━━━━━━━━━━━━╇━━━━━━━━━━━━━━━━━╇━━━━━━━━━━━━━━━━━━━━━━━━┩
│     OTHER │       2 │         2.15 │           3.226 │         2.15 │ 3 days, 0:00:00 │    2     0     0   100 │
│     TOTAL │       2 │         2.15 │           3.226 │         2.15 │ 3 days, 0:00:00 │    2     0     0   100 │
└───────────┴─────────┴──────────────┴─────────────────┴──────────────┴─────────────────┴────────────────────────┘
                                                EXIT REASON STATS                                                 
┏━━━━━━━━━━━━━┳━━━━━━━┳━━━━━━━━━━━━━━┳━━━━━━━━━━━━━━━━━┳━━━━━━━━━━━━━━┳━━━━━━━━━━━━━━━━━┳━━━━━━━━━━━━━━━━━━━━━━━━┓
┃ Exit Reason ┃ Exits ┃ Avg Profit % ┃ Tot Profit USDT ┃ Tot Profit % ┃    Avg Duration ┃  Win  Draw  Loss  Win% ┃
┡━━━━━━━━━━━━━╇━━━━━━━╇━━━━━━━━━━━━━━╇━━━━━━━━━━━━━━━━━╇━━━━━━━━━━━━━━╇━━━━━━━━━━━━━━━━━╇━━━━━━━━━━━━━━━━━━━━━━━━┩
│  force_exit │     2 │         2.15 │           3.226 │         2.15 │ 3 days, 0:00:00 │    2     0     0   100 │
│       TOTAL │     2 │         2.15 │           3.226 │         2.15 │ 3 days, 0:00:00 │    2     0     0   100 │
└─────────────┴───────┴──────────────┴─────────────────┴──────────────┴─────────────────┴────────────────────────┘
                                                        MIXED TAG STATS                                                        
┏━━━━━━━━━━━┳━━━━━━━━━━━━━┳━━━━━━━━┳━━━━━━━━━━━━━━┳━━━━━━━━━━━━━━━━━┳━━━━━━━━━━━━━━┳━━━━━━━━━━━━━━━━━┳━━━━━━━━━━━━━━━━━━━━━━━━┓
┃ Enter Tag ┃ Exit Reason ┃ Trades ┃ Avg Profit % ┃ Tot Profit USDT ┃ Tot Profit % ┃    Avg Duration ┃  Win  Draw  Loss  Win% ┃
┡━━━━━━━━━━━╇━━━━━━━━━━━━━╇━━━━━━━━╇━━━━━━━━━━━━━━╇━━━━━━━━━━━━━━━━━╇━━━━━━━━━━━━━━╇━━━━━━━━━━━━━━━━━╇━━━━━━━━━━━━━━━━━━━━━━━━┩
│           │  force_exit │      2 │         2.15 │           3.226 │         2.15 │ 3 days, 0:00:00 │    2     0     0   100 │
│     TOTAL │             │      2 │         2.15 │           3.226 │         2.15 │ 3 days, 0:00:00 │    2     0     0   100 │
└───────────┴─────────────┴────────┴──────────────┴─────────────────┴──────────────┴─────────────────┴────────────────────────┘
                         SUMMARY METRICS                          
┏━━━━━━━━━━━━━━━━━━━━━━━━━━━━━━━┳━━━━━━━━━━━━━━━━━━━━━━━━━━━━━━━━┓
┃ Metric                        ┃ Value                          ┃
┡━━━━━━━━━━━━━━━━━━━━━━━━━━━━━━━╇━━━━━━━━━━━━━━━━━━━━━━━━━━━━━━━━┩
│ Backtesting from              │ 2025-04-24 00:00:00            │
│ Backtesting to                │ 2026-04-17 00:00:00            │
│ Trading Mode                  │ Spot                           │
│ Max open trades               │ 2                              │
│                               │                                │
│ Total/Daily Avg Trades        │ 2 / 0.01                       │
│ Starting balance              │ 150 USDT                       │
│ Final balance                 │ 153.226 USDT                   │
│ Absolute profit               │ 3.226 USDT                     │
│ Total profit %                │ 2.15%                          │
│ CAGR %                        │ 2.19%                          │
│ Sortino                       │ -100.00                        │
│ Sharpe                        │ 0.24                           │
│ Calmar                        │ -100.00                        │
│ SQN                           │ 2.23                           │
│ Profit factor                 │ 0.00                           │
│ Expectancy (Ratio)            │ 1.61 (100.00)                  │
│ Avg. daily profit             │ 0.009 USDT                     │
│ Avg. stake amount             │ 74.881 USDT                    │
│ Total trade volume            │ 303.355 USDT                   │
│                               │                                │
│ Best Pair                     │ XRP/USDT 1.56%                 │
│ Worst Pair                    │ HOME/USDT 0.00%                │
│ Best trade                    │ XRP/USDT 3.11%                 │
│ Worst trade                   │ ETH/USDT 1.19%                 │
│ Best day                      │ 3.226 USDT                     │
│ Worst day                     │ 3.226 USDT                     │
│ Days win/draw/lose            │ 1 / 0 / 0                      │
│ Min/Max/Avg. Duration Winners │ 0d 20:00 / 5d 04:00 / 3d 00:00 │
│ Min/Max/Avg. Duration Losers  │ 0d 00:00 / 0d 00:00 / 0d 00:00 │
│ Max Consecutive Wins / Loss   │ 2 / 0                          │
│ Rejected Entry signals        │ 0                              │
│ Entry/Exit Timeouts           │ 0 / 0                          │
│                               │                                │
│ Min balance                   │ 150.889 USDT                   │
│ Max balance                   │ 153.226 USDT                   │
│ Max % of account underwater   │ 0.00%                          │
│ Absolute drawdown             │ 0 USDT (0.00%)                 │
│ Drawdown duration             │ 0 days 00:00:00                │
│ Profit at drawdown start      │ 0 USDT                         │
│ Profit at drawdown end        │ 0 USDT                         │
│ Drawdown start                │ 2026-04-17 00:00:00            │
│ Drawdown end                  │ 2026-04-17 00:00:00            │
│ Market change                 │ -16.15%                        │
└───────────────────────────────┴────────────────────────────────┘

Backtested 2025-04-24 00:00:00 -> 2026-04-17 00:00:00 | Max open trades : 2
                                                        STRATEGY SUMMARY                                                         
┏━━━━━━━━━━━┳━━━━━━━━┳━━━━━━━━━━━━━━┳━━━━━━━━━━━━━━━━━┳━━━━━━━━━━━━━━┳━━━━━━━━━━━━━━━━━┳━━━━━━━━━━━━━━━━━━━━━━━━┳━━━━━━━━━━━━━━━┓
┃  Strategy ┃ Trades ┃ Avg Profit % ┃ Tot Profit USDT ┃ Tot Profit % ┃    Avg Duration ┃  Win  Draw  Loss  Win% ┃      Drawdown ┃
┡━━━━━━━━━━━╇━━━━━━━━╇━━━━━━━━━━━━━━╇━━━━━━━━━━━━━━━━━╇━━━━━━━━━━━━━━╇━━━━━━━━━━━━━━━━━╇━━━━━━━━━━━━━━━━━━━━━━━━╇━━━━━━━━━━━━━━━┩
│ MultiMeee │      2 │         2.15 │           3.226 │         2.15 │ 3 days, 0:00:00 │    2     0     0   100 │ 0 USDT  0.00% │
└───────────┴────────┴──────────────┴─────────────────┴──────────────┴─────────────────┴────────────────────────┴───────────────┘