2026-04-25 20:07:35,638 - freqtrade - INFO - freqtrade 2026.3
2026-04-25 20:07:36,789 - freqtrade.configuration.load_config - INFO - Using config: /home/mohs/Desktop/ae/pyside6/user_data/config.json ...
2026-04-25 20:07:36,791 - freqtrade.loggers - INFO - Enabling colorized output.
2026-04-25 20:07:36,791 - freqtrade.loggers - INFO - Logfile configured
2026-04-25 20:07:36,792 - freqtrade.loggers - INFO - Verbosity set to 0
2026-04-25 20:07:36,792 - freqtrade.configuration.configuration - INFO - Using additional Strategy lookup path: 
/home/mohs/Desktop/ae/pyside6/user_data/optimizer/sessions/2228f2cd-52d5-4133-b521-f7915a036afc/trial_036/strategy_dir
2026-04-25 20:07:36,792 - freqtrade.configuration.configuration - WARNING - `force_entry_enable` RPC message enabled.
2026-04-25 20:07:36,793 - freqtrade.configuration.configuration - INFO - Parameter -i/--timeframe detected ... Using timeframe: 4h ...
2026-04-25 20:07:36,793 - freqtrade.configuration.configuration - INFO - Parameter --max-open-trades detected, overriding max_open_trades to: 4 ...
2026-04-25 20:07:36,793 - freqtrade.configuration.configuration - INFO - Parameter --dry-run-wallet detected, overriding dry_run_wallet to: 150.0 ...
2026-04-25 20:07:36,793 - freqtrade.configuration.configuration - INFO - Parameter --timerange detected: 20250422-20260417 ...
2026-04-25 20:07:36,794 - freqtrade.configuration.configuration - INFO - Using user-data directory: /home/mohs/Desktop/ae/pyside6/user_data ...
2026-04-25 20:07:36,794 - freqtrade.configuration.configuration - INFO - Using data directory: /home/mohs/Desktop/ae/pyside6/user_data/data/binance ...
2026-04-25 20:07:36,794 - freqtrade.configuration.configuration - INFO - Parameter --export detected: trades ...
2026-04-25 20:07:36,795 - freqtrade.configuration.configuration - INFO - Parameter --cache=day detected ...
2026-04-25 20:07:36,795 - freqtrade.configuration.configuration - INFO - Using pairs ['ETH/USDT', 'XRP/USDT', 'HOME/USDT', 'ADA/USDT']
2026-04-25 20:07:36,795 - freqtrade.configuration.configuration - INFO - Filter trades by timerange: 20250422-20260417
2026-04-25 20:07:36,796 - freqtrade.exchange.check_exchange - INFO - Checking exchange...
2026-04-25 20:07:36,802 - freqtrade.exchange.check_exchange - INFO - Exchange "binance" is officially supported by the Freqtrade development team.
2026-04-25 20:07:36,802 - freqtrade.configuration.config_validation - INFO - Validating configuration ...
2026-04-25 20:07:36,804 - freqtrade.commands.optimize_commands - INFO - Starting freqtrade in Backtesting mode
2026-04-25 20:07:36,805 - freqtrade.exchange.exchange - INFO - Instance is running with dry_run enabled
2026-04-25 20:07:36,805 - freqtrade.exchange.exchange - INFO - Using CCXT 4.5.50
2026-04-25 20:07:36,805 - freqtrade.exchange.exchange - INFO - Applying additional ccxt config: {'enableRateLimit': True, 'timeout': 120000}
2026-04-25 20:07:36,811 - freqtrade.exchange.exchange - INFO - Applying additional ccxt config: {'enableRateLimit': True, 'timeout': 120000}
2026-04-25 20:07:36,817 - freqtrade.exchange.exchange - INFO - Using Exchange "Binance"
2026-04-25 20:07:37,964 - freqtrade.resolvers.exchange_resolver - INFO - Using resolved exchange 'Binance'...
2026-04-25 20:07:37,974 - freqtrade.resolvers.iresolver - INFO - Using resolved strategy yty from 
'/home/mohs/Desktop/ae/pyside6/user_data/optimizer/sessions/2228f2cd-52d5-4133-b521-f7915a036afc/trial_036/strategy_dir/yty.py'...
2026-04-25 20:07:37,974 - freqtrade.strategy.hyper - INFO - Loading parameters from file 
/home/mohs/Desktop/ae/pyside6/user_data/optimizer/sessions/2228f2cd-52d5-4133-b521-f7915a036afc/trial_036/strategy_dir/yty.json
2026-04-25 20:07:37,975 - freqtrade.resolvers.strategy_resolver - INFO - Override strategy 'timeframe' with value from the configuration: 4h.
2026-04-25 20:07:37,975 - freqtrade.resolvers.strategy_resolver - INFO - Override strategy 'stake_currency' with value from the configuration: USDT.
2026-04-25 20:07:37,975 - freqtrade.resolvers.strategy_resolver - INFO - Override strategy 'stake_amount' with value from the configuration: unlimited.
2026-04-25 20:07:37,976 - freqtrade.resolvers.strategy_resolver - INFO - Override strategy 'use_exit_signal' with value from the configuration: True.
2026-04-25 20:07:37,976 - freqtrade.resolvers.strategy_resolver - INFO - Override strategy 'max_open_trades' with value from the configuration: 4.
2026-04-25 20:07:37,976 - freqtrade.resolvers.strategy_resolver - INFO - Strategy using minimal_roi: {'0': 0.8785780746212293, '1553': 0.1977255802720503, '2332': 0.12083969084158602, '3169': 
0.7555666900104728}
2026-04-25 20:07:37,977 - freqtrade.resolvers.strategy_resolver - INFO - Strategy using timeframe: 4h
2026-04-25 20:07:37,977 - freqtrade.resolvers.strategy_resolver - INFO - Strategy using stoploss: -0.9387417082808106
2026-04-25 20:07:37,977 - freqtrade.resolvers.strategy_resolver - INFO - Strategy using trailing_stop: True
2026-04-25 20:07:37,977 - freqtrade.resolvers.strategy_resolver - INFO - Strategy using trailing_stop_positive_offset: 0.2572952839279801
2026-04-25 20:07:37,978 - freqtrade.resolvers.strategy_resolver - INFO - Strategy using trailing_only_offset_is_reached: False
2026-04-25 20:07:37,978 - freqtrade.resolvers.strategy_resolver - INFO - Strategy using use_custom_stoploss: False
2026-04-25 20:07:37,978 - freqtrade.resolvers.strategy_resolver - INFO - Strategy using process_only_new_candles: True
2026-04-25 20:07:37,978 - freqtrade.resolvers.strategy_resolver - INFO - Strategy using order_types: {'entry': 'limit', 'exit': 'limit', 'stoploss': 'limit', 'stoploss_on_exchange': False, 
'stoploss_on_exchange_interval': 60}
2026-04-25 20:07:37,979 - freqtrade.resolvers.strategy_resolver - INFO - Strategy using order_time_in_force: {'entry': 'GTC', 'exit': 'GTC'}
2026-04-25 20:07:37,979 - freqtrade.resolvers.strategy_resolver - INFO - Strategy using stake_currency: USDT
2026-04-25 20:07:37,979 - freqtrade.resolvers.strategy_resolver - INFO - Strategy using stake_amount: unlimited
2026-04-25 20:07:37,979 - freqtrade.resolvers.strategy_resolver - INFO - Strategy using startup_candle_count: 0
2026-04-25 20:07:37,980 - freqtrade.resolvers.strategy_resolver - INFO - Strategy using use_exit_signal: True
2026-04-25 20:07:37,980 - freqtrade.resolvers.strategy_resolver - INFO - Strategy using exit_profit_only: False
2026-04-25 20:07:37,980 - freqtrade.resolvers.strategy_resolver - INFO - Strategy using ignore_roi_if_entry_signal: False
2026-04-25 20:07:37,980 - freqtrade.resolvers.strategy_resolver - INFO - Strategy using exit_profit_offset: 0.0
2026-04-25 20:07:37,981 - freqtrade.resolvers.strategy_resolver - INFO - Strategy using disable_dataframe_checks: False
2026-04-25 20:07:37,981 - freqtrade.resolvers.strategy_resolver - INFO - Strategy using ignore_buying_expired_candle_after: 0
2026-04-25 20:07:37,981 - freqtrade.resolvers.strategy_resolver - INFO - Strategy using position_adjustment_enable: False
2026-04-25 20:07:37,982 - freqtrade.resolvers.strategy_resolver - INFO - Strategy using max_entry_position_adjustment: -1
2026-04-25 20:07:37,982 - freqtrade.resolvers.strategy_resolver - INFO - Strategy using max_open_trades: 4
2026-04-25 20:07:37,982 - freqtrade.configuration.config_validation - INFO - Validating configuration ...
2026-04-25 20:07:37,986 - freqtrade.resolvers.iresolver - INFO - Using resolved pairlist StaticPairList from 
'/home/mohs/Desktop/ae/pyside6/.venv/lib/python3.12/site-packages/freqtrade/plugins/pairlist/StaticPairList.py'...
2026-04-25 20:07:38,002 - freqtrade.optimize.backtesting - INFO - Using fee 0.1000% - worst case fee from exchange (lowest tier).
2026-04-25 20:07:38,011 - freqtrade.data.history.datahandlers.idatahandler - WARNING - ETH/USDT, spot, 4h, data starts at 2025-04-24 00:00:00
2026-04-25 20:07:38,026 - freqtrade.data.history.datahandlers.idatahandler - WARNING - XRP/USDT, spot, 4h, data starts at 2025-04-30 00:00:00
2026-04-25 20:07:38,040 - freqtrade.data.history.datahandlers.idatahandler - WARNING - HOME/USDT, spot, 4h, data starts at 2025-06-12 12:00:00
2026-04-25 20:07:38,053 - freqtrade.data.history.datahandlers.idatahandler - WARNING - ADA/USDT, spot, 4h, data starts at 2025-04-24 00:00:00
2026-04-25 20:07:38,061 - freqtrade.optimize.backtesting - INFO - Loading data from 2025-04-24 00:00:00 up to 2026-04-17 00:00:00 (358 days).
2026-04-25 20:07:38,142 - freqtrade.optimize.backtesting - INFO - Dataload complete. Calculating indicators
2026-04-25 20:07:38,146 - freqtrade.optimize.backtesting - INFO - Running backtesting for Strategy yty
2026-04-25 20:07:38,147 - freqtrade.strategy.hyper - INFO - Strategy Parameter: buy_ma_count = 10
2026-04-25 20:07:38,147 - freqtrade.strategy.hyper - INFO - Strategy Parameter: buy_ma_gap = 42
2026-04-25 20:07:38,147 - freqtrade.strategy.hyper - INFO - Strategy Parameter: sell_ma_count = 20
2026-04-25 20:07:38,148 - freqtrade.strategy.hyper - INFO - Strategy Parameter: sell_ma_gap = 71
2026-04-25 20:07:38,165 - freqtrade.optimize.backtesting - INFO - Backtesting with data from 2025-04-24 00:00:00 up to 2026-04-17 00:00:00 (358 days).
2026-04-25 20:07:38,555 - freqtrade.misc - INFO - dumping json to "/home/mohs/Desktop/ae/pyside6/user_data/backtest_results/backtest-result-2026-04-25_20-07-38.meta.json"
  ETH/USDT	
  XRP/USDT	
  HOME/USDT	
  ADA/USDT	
Result for strategy yty
                                                BACKTESTING REPORT                                                
┏━━━━━━━━━━━┳━━━━━━━━┳━━━━━━━━━━━━━━┳━━━━━━━━━━━━━━━━━┳━━━━━━━━━━━━━━┳━━━━━━━━━━━━━━━━━━┳━━━━━━━━━━━━━━━━━━━━━━━━┓
┃      Pair ┃ Trades ┃ Avg Profit % ┃ Tot Profit USDT ┃ Tot Profit % ┃     Avg Duration ┃  Win  Draw  Loss  Win% ┃
┡━━━━━━━━━━━╇━━━━━━━━╇━━━━━━━━━━━━━━╇━━━━━━━━━━━━━━━━━╇━━━━━━━━━━━━━━╇━━━━━━━━━━━━━━━━━━╇━━━━━━━━━━━━━━━━━━━━━━━━┩
│ HOME/USDT │      1 │        27.33 │          10.257 │         6.84 │ 17 days, 0:00:00 │    1     0     0   100 │
│  XRP/USDT │      2 │          8.8 │           6.686 │         4.46 │ 4 days, 20:00:00 │    2     0     0   100 │
│  ETH/USDT │      2 │         0.04 │           0.082 │         0.05 │ 4 days, 22:00:00 │    1     0     1  50.0 │
│  ADA/USDT │      2 │        -5.11 │          -4.167 │        -2.78 │ 6 days, 10:00:00 │    0     0     2     0 │
│     TOTAL │      7 │         4.97 │          12.858 │         8.57 │  7 days, 1:09:00 │    4     0     3  57.1 │
└───────────┴────────┴──────────────┴─────────────────┴──────────────┴──────────────────┴────────────────────────┘
                                            LEFT OPEN TRADES REPORT                                             
┏━━━━━━━━━━┳━━━━━━━━┳━━━━━━━━━━━━━━┳━━━━━━━━━━━━━━━━━┳━━━━━━━━━━━━━━┳━━━━━━━━━━━━━━━━━┳━━━━━━━━━━━━━━━━━━━━━━━━┓
┃     Pair ┃ Trades ┃ Avg Profit % ┃ Tot Profit USDT ┃ Tot Profit % ┃    Avg Duration ┃  Win  Draw  Loss  Win% ┃
┡━━━━━━━━━━╇━━━━━━━━╇━━━━━━━━━━━━━━╇━━━━━━━━━━━━━━━━━╇━━━━━━━━━━━━━━╇━━━━━━━━━━━━━━━━━╇━━━━━━━━━━━━━━━━━━━━━━━━┩
│ ETH/USDT │      1 │         4.18 │           1.664 │         1.11 │ 5 days, 8:00:00 │    1     0     0   100 │
│ XRP/USDT │      1 │         4.16 │           1.658 │         1.11 │  1 day, 0:00:00 │    1     0     0   100 │
│    TOTAL │      2 │         4.17 │           3.322 │         2.21 │ 3 days, 4:00:00 │    2     0     0   100 │
└──────────┴────────┴──────────────┴─────────────────┴──────────────┴─────────────────┴────────────────────────┘
                                                 ENTER TAG STATS                                                  
┏━━━━━━━━━━━┳━━━━━━━━━┳━━━━━━━━━━━━━━┳━━━━━━━━━━━━━━━━━┳━━━━━━━━━━━━━━┳━━━━━━━━━━━━━━━━━┳━━━━━━━━━━━━━━━━━━━━━━━━┓
┃ Enter Tag ┃ Entries ┃ Avg Profit % ┃ Tot Profit USDT ┃ Tot Profit % ┃    Avg Duration ┃  Win  Draw  Loss  Win% ┃
┡━━━━━━━━━━━╇━━━━━━━━━╇━━━━━━━━━━━━━━╇━━━━━━━━━━━━━━━━━╇━━━━━━━━━━━━━━╇━━━━━━━━━━━━━━━━━╇━━━━━━━━━━━━━━━━━━━━━━━━┩
│     OTHER │       7 │         4.97 │          12.858 │         8.57 │ 7 days, 1:09:00 │    4     0     3  57.1 │
│     TOTAL │       7 │         4.97 │          12.858 │         8.57 │ 7 days, 1:09:00 │    4     0     3  57.1 │
└───────────┴─────────┴──────────────┴─────────────────┴──────────────┴─────────────────┴────────────────────────┘
                                                 EXIT REASON STATS                                                 
┏━━━━━━━━━━━━━┳━━━━━━━┳━━━━━━━━━━━━━━┳━━━━━━━━━━━━━━━━━┳━━━━━━━━━━━━━━┳━━━━━━━━━━━━━━━━━━┳━━━━━━━━━━━━━━━━━━━━━━━━┓
┃ Exit Reason ┃ Exits ┃ Avg Profit % ┃ Tot Profit USDT ┃ Tot Profit % ┃     Avg Duration ┃  Win  Draw  Loss  Win% ┃
┡━━━━━━━━━━━━━╇━━━━━━━╇━━━━━━━━━━━━━━╇━━━━━━━━━━━━━━━━━╇━━━━━━━━━━━━━━╇━━━━━━━━━━━━━━━━━━╇━━━━━━━━━━━━━━━━━━━━━━━━┩
│ exit_signal │     5 │         5.29 │           9.536 │         6.36 │ 8 days, 14:24:00 │    2     0     3  40.0 │
│  force_exit │     2 │         4.17 │           3.322 │         2.21 │  3 days, 4:00:00 │    2     0     0   100 │
│       TOTAL │     7 │         4.97 │          12.858 │         8.57 │  7 days, 1:09:00 │    4     0     3  57.1 │
└─────────────┴───────┴──────────────┴─────────────────┴──────────────┴──────────────────┴────────────────────────┘
                                                        MIXED TAG STATS                                                         
┏━━━━━━━━━━━┳━━━━━━━━━━━━━┳━━━━━━━━┳━━━━━━━━━━━━━━┳━━━━━━━━━━━━━━━━━┳━━━━━━━━━━━━━━┳━━━━━━━━━━━━━━━━━━┳━━━━━━━━━━━━━━━━━━━━━━━━┓
┃ Enter Tag ┃ Exit Reason ┃ Trades ┃ Avg Profit % ┃ Tot Profit USDT ┃ Tot Profit % ┃     Avg Duration ┃  Win  Draw  Loss  Win% ┃
┡━━━━━━━━━━━╇━━━━━━━━━━━━━╇━━━━━━━━╇━━━━━━━━━━━━━━╇━━━━━━━━━━━━━━━━━╇━━━━━━━━━━━━━━╇━━━━━━━━━━━━━━━━━━╇━━━━━━━━━━━━━━━━━━━━━━━━┩
│           │ exit_signal │      5 │         5.29 │           9.536 │         6.36 │ 8 days, 14:24:00 │    2     0     3  40.0 │
│           │  force_exit │      2 │         4.17 │           3.322 │         2.21 │  3 days, 4:00:00 │    2     0     0   100 │
│     TOTAL │             │      7 │         4.97 │          12.858 │         8.57 │  7 days, 1:09:00 │    4     0     3  57.1 │
└───────────┴─────────────┴────────┴──────────────┴─────────────────┴──────────────┴──────────────────┴────────────────────────┘
                          SUMMARY METRICS                          
┏━━━━━━━━━━━━━━━━━━━━━━━━━━━━━━━┳━━━━━━━━━━━━━━━━━━━━━━━━━━━━━━━━━┓
┃ Metric                        ┃ Value                           ┃
┡━━━━━━━━━━━━━━━━━━━━━━━━━━━━━━━╇━━━━━━━━━━━━━━━━━━━━━━━━━━━━━━━━━┩
│ Backtesting from              │ 2025-04-24 00:00:00             │
│ Backtesting to                │ 2026-04-17 00:00:00             │
│ Trading Mode                  │ Spot                            │
│ Max open trades               │ 4                               │
│                               │                                 │
│ Total/Daily Avg Trades        │ 7 / 0.02                        │
│ Starting balance              │ 150 USDT                        │
│ Final balance                 │ 162.858 USDT                    │
│ Absolute profit               │ 12.858 USDT                     │
│ Total profit %                │ 8.57%                           │
│ CAGR %                        │ 8.75%                           │
│ Sortino                       │ 0.67                            │
│ Sharpe                        │ 0.16                            │
│ Calmar                        │ 17.97                           │
│ SQN                           │ 1.06                            │
│ Profit factor                 │ 3.24                            │
│ Expectancy (Ratio)            │ 1.84 (0.96)                     │
│ Avg. daily profit             │ 0.036 USDT                      │
│ Avg. stake amount             │ 39.158 USDT                     │
│ Total trade volume            │ 562.198 USDT                    │
│                               │                                 │
│ Best Pair                     │ HOME/USDT 6.84%                 │
│ Worst Pair                    │ ADA/USDT -2.78%                 │
│ Best trade                    │ HOME/USDT 27.33%                │
│ Worst trade                   │ ADA/USDT -8.06%                 │
│ Best day                      │ 10.257 USDT                     │
│ Worst day                     │ -3.301 USDT                     │
│ Days win/draw/lose            │ 3 / 93 / 3                      │
│ Min/Max/Avg. Duration Winners │ 1d 00:00 / 17d 00:00 / 8d 00:00 │
│ Min/Max/Avg. Duration Losers  │ 4d 12:00 / 7d 04:00 / 5d 18:40  │
│ Max Consecutive Wins / Loss   │ 2 / 2                           │
│ Rejected Entry signals        │ 0                               │
│ Entry/Exit Timeouts           │ 0 / 0                           │
│                               │                                 │
│ Min balance                   │ 153.446 USDT                    │
│ Max balance                   │ 163.703 USDT                    │
│ Max % of account underwater   │ 2.55%                           │
│ Absolute drawdown             │ 4.167 USDT (2.55%)              │
│ Drawdown duration             │ 58 days 16:00:00                │
│ Profit at drawdown start      │ 13.703 USDT                     │
│ Profit at drawdown end        │ 9.536 USDT                      │
│ Drawdown start                │ 2026-01-22 00:00:00             │
│ Drawdown end                  │ 2026-03-21 16:00:00             │
│ Market change                 │ -27.75%                         │
└───────────────────────────────┴─────────────────────────────────┘

Backtested 2025-04-24 00:00:00 -> 2026-04-17 00:00:00 | Max open trades : 4
                                                          STRATEGY SUMMARY                                                          
┏━━━━━━━━━━┳━━━━━━━━┳━━━━━━━━━━━━━━┳━━━━━━━━━━━━━━━━━┳━━━━━━━━━━━━━━┳━━━━━━━━━━━━━━━━━┳━━━━━━━━━━━━━━━━━━━━━━━━┳━━━━━━━━━━━━━━━━━━━┓
┃ Strategy ┃ Trades ┃ Avg Profit % ┃ Tot Profit USDT ┃ Tot Profit % ┃    Avg Duration ┃  Win  Draw  Loss  Win% ┃          Drawdown ┃
┡━━━━━━━━━━╇━━━━━━━━╇━━━━━━━━━━━━━━╇━━━━━━━━━━━━━━━━━╇━━━━━━━━━━━━━━╇━━━━━━━━━━━━━━━━━╇━━━━━━━━━━━━━━━━━━━━━━━━╇━━━━━━━━━━━━━━━━━━━┩
│      yty │      7 │         4.97 │          12.858 │         8.57 │ 7 days, 1:09:00 │    4     0     3  57.1 │ 4.167 USDT  2.55% │
└──────────┴────────┴──────────────┴─────────────────┴──────────────┴─────────────────┴────────────────────────┴───────────────────┘