2026-04-25 22:39:38,953 - freqtrade - INFO - freqtrade 2026.3
2026-04-25 22:39:39,986 - freqtrade.configuration.load_config - INFO - Using config: /home/mohs/Desktop/ae/pyside6/user_data/config.json ...
2026-04-25 22:39:39,988 - freqtrade.loggers - INFO - Enabling colorized output.
2026-04-25 22:39:39,988 - freqtrade.loggers - INFO - Logfile configured
2026-04-25 22:39:39,989 - freqtrade.loggers - INFO - Verbosity set to 0
2026-04-25 22:39:39,989 - freqtrade.configuration.configuration - INFO - Using additional Strategy lookup path: 
/home/mohs/Desktop/ae/pyside6/user_data/optimizer/sessions/b8194b7f-3716-497e-8a17-833c28d4e223/trial_026/strategy_dir
2026-04-25 22:39:39,989 - freqtrade.configuration.configuration - WARNING - `force_entry_enable` RPC message enabled.
2026-04-25 22:39:39,990 - freqtrade.configuration.configuration - INFO - Parameter -i/--timeframe detected ... Using timeframe: 4h ...
2026-04-25 22:39:39,990 - freqtrade.configuration.configuration - INFO - Parameter --max-open-trades detected, overriding max_open_trades to: 3 ...
2026-04-25 22:39:39,990 - freqtrade.configuration.configuration - INFO - Parameter --dry-run-wallet detected, overriding dry_run_wallet to: 150.0 ...
2026-04-25 22:39:39,991 - freqtrade.configuration.configuration - INFO - Parameter --timerange detected: 20250422-20260417 ...
2026-04-25 22:39:39,991 - freqtrade.configuration.configuration - INFO - Using user-data directory: /home/mohs/Desktop/ae/pyside6/user_data ...
2026-04-25 22:39:39,991 - freqtrade.configuration.configuration - INFO - Using data directory: /home/mohs/Desktop/ae/pyside6/user_data/data/binance ...
2026-04-25 22:39:39,992 - freqtrade.configuration.configuration - INFO - Parameter --export detected: trades ...
2026-04-25 22:39:39,992 - freqtrade.configuration.configuration - INFO - Parameter --cache=day detected ...
2026-04-25 22:39:39,992 - freqtrade.configuration.configuration - INFO - Using pairs ['XRP/USDT', 'ETH/USDT', 'HOME/USDT']
2026-04-25 22:39:39,992 - freqtrade.configuration.configuration - INFO - Filter trades by timerange: 20250422-20260417
2026-04-25 22:39:39,993 - freqtrade.exchange.check_exchange - INFO - Checking exchange...
2026-04-25 22:39:39,999 - freqtrade.exchange.check_exchange - INFO - Exchange "binance" is officially supported by the Freqtrade development team.
2026-04-25 22:39:39,999 - freqtrade.configuration.config_validation - INFO - Validating configuration ...
2026-04-25 22:39:40,001 - freqtrade.commands.optimize_commands - INFO - Starting freqtrade in Backtesting mode
2026-04-25 22:39:40,002 - freqtrade.exchange.exchange - INFO - Instance is running with dry_run enabled
2026-04-25 22:39:40,002 - freqtrade.exchange.exchange - INFO - Using CCXT 4.5.50
2026-04-25 22:39:40,002 - freqtrade.exchange.exchange - INFO - Applying additional ccxt config: {'enableRateLimit': True, 'timeout': 120000}
2026-04-25 22:39:40,008 - freqtrade.exchange.exchange - INFO - Applying additional ccxt config: {'enableRateLimit': True, 'timeout': 120000}
2026-04-25 22:39:40,014 - freqtrade.exchange.exchange - INFO - Using Exchange "Binance"
2026-04-25 22:39:41,556 - freqtrade.resolvers.exchange_resolver - INFO - Using resolved exchange 'Binance'...
2026-04-25 22:39:41,565 - freqtrade.resolvers.iresolver - INFO - Using resolved strategy yes from 
'/home/mohs/Desktop/ae/pyside6/user_data/optimizer/sessions/b8194b7f-3716-497e-8a17-833c28d4e223/trial_026/strategy_dir/yes.py'...
2026-04-25 22:39:41,565 - freqtrade.strategy.hyper - INFO - Loading parameters from file 
/home/mohs/Desktop/ae/pyside6/user_data/optimizer/sessions/b8194b7f-3716-497e-8a17-833c28d4e223/trial_026/strategy_dir/yes.json
2026-04-25 22:39:41,566 - freqtrade.resolvers.strategy_resolver - INFO - Override strategy 'timeframe' with value from the configuration: 4h.
2026-04-25 22:39:41,566 - freqtrade.resolvers.strategy_resolver - INFO - Override strategy 'stake_currency' with value from the configuration: USDT.
2026-04-25 22:39:41,566 - freqtrade.resolvers.strategy_resolver - INFO - Override strategy 'stake_amount' with value from the configuration: unlimited.
2026-04-25 22:39:41,566 - freqtrade.resolvers.strategy_resolver - INFO - Override strategy 'use_exit_signal' with value from the configuration: True.
2026-04-25 22:39:41,567 - freqtrade.resolvers.strategy_resolver - INFO - Override strategy 'max_open_trades' with value from the configuration: 3.
2026-04-25 22:39:41,567 - freqtrade.resolvers.strategy_resolver - INFO - Strategy using minimal_roi: {'0': 0.3863634186790039, '13': 1.3247463566923694, '146': 0.5488786929926539, '38': 
0.4902560972952087}
2026-04-25 22:39:41,567 - freqtrade.resolvers.strategy_resolver - INFO - Strategy using timeframe: 4h
2026-04-25 22:39:41,568 - freqtrade.resolvers.strategy_resolver - INFO - Strategy using stoploss: -0.5024909522285348
2026-04-25 22:39:41,568 - freqtrade.resolvers.strategy_resolver - INFO - Strategy using trailing_stop: True
2026-04-25 22:39:41,568 - freqtrade.resolvers.strategy_resolver - INFO - Strategy using trailing_stop_positive: 0.3811171388503982
2026-04-25 22:39:41,568 - freqtrade.resolvers.strategy_resolver - INFO - Strategy using trailing_stop_positive_offset: 0.42926190953024496
2026-04-25 22:39:41,569 - freqtrade.resolvers.strategy_resolver - INFO - Strategy using trailing_only_offset_is_reached: True
2026-04-25 22:39:41,569 - freqtrade.resolvers.strategy_resolver - INFO - Strategy using use_custom_stoploss: False
2026-04-25 22:39:41,569 - freqtrade.resolvers.strategy_resolver - INFO - Strategy using process_only_new_candles: True
2026-04-25 22:39:41,569 - freqtrade.resolvers.strategy_resolver - INFO - Strategy using order_types: {'entry': 'limit', 'exit': 'limit', 'stoploss': 'limit', 'stoploss_on_exchange': False, 
'stoploss_on_exchange_interval': 60}
2026-04-25 22:39:41,570 - freqtrade.resolvers.strategy_resolver - INFO - Strategy using order_time_in_force: {'entry': 'GTC', 'exit': 'GTC'}
2026-04-25 22:39:41,570 - freqtrade.resolvers.strategy_resolver - INFO - Strategy using stake_currency: USDT
2026-04-25 22:39:41,570 - freqtrade.resolvers.strategy_resolver - INFO - Strategy using stake_amount: unlimited
2026-04-25 22:39:41,571 - freqtrade.resolvers.strategy_resolver - INFO - Strategy using startup_candle_count: 0
2026-04-25 22:39:41,571 - freqtrade.resolvers.strategy_resolver - INFO - Strategy using use_exit_signal: True
2026-04-25 22:39:41,571 - freqtrade.resolvers.strategy_resolver - INFO - Strategy using exit_profit_only: False
2026-04-25 22:39:41,571 - freqtrade.resolvers.strategy_resolver - INFO - Strategy using ignore_roi_if_entry_signal: False
2026-04-25 22:39:41,572 - freqtrade.resolvers.strategy_resolver - INFO - Strategy using exit_profit_offset: 0.0
2026-04-25 22:39:41,572 - freqtrade.resolvers.strategy_resolver - INFO - Strategy using disable_dataframe_checks: False
2026-04-25 22:39:41,572 - freqtrade.resolvers.strategy_resolver - INFO - Strategy using ignore_buying_expired_candle_after: 0
2026-04-25 22:39:41,572 - freqtrade.resolvers.strategy_resolver - INFO - Strategy using position_adjustment_enable: False
2026-04-25 22:39:41,573 - freqtrade.resolvers.strategy_resolver - INFO - Strategy using max_entry_position_adjustment: -1
2026-04-25 22:39:41,573 - freqtrade.resolvers.strategy_resolver - INFO - Strategy using max_open_trades: 3
2026-04-25 22:39:41,573 - freqtrade.configuration.config_validation - INFO - Validating configuration ...
2026-04-25 22:39:41,577 - freqtrade.resolvers.iresolver - INFO - Using resolved pairlist StaticPairList from 
'/home/mohs/Desktop/ae/pyside6/.venv/lib/python3.12/site-packages/freqtrade/plugins/pairlist/StaticPairList.py'...
2026-04-25 22:39:41,589 - freqtrade.optimize.backtesting - INFO - Using fee 0.1000% - worst case fee from exchange (lowest tier).
2026-04-25 22:39:41,624 - freqtrade.data.history.datahandlers.idatahandler - WARNING - HOME/USDT, spot, 4h, data starts at 2025-06-12 12:00:00
2026-04-25 22:39:41,631 - freqtrade.optimize.backtesting - INFO - Loading data from 2025-04-22 00:00:00 up to 2026-04-17 00:00:00 (360 days).
2026-04-25 22:39:41,685 - freqtrade.optimize.backtesting - INFO - Dataload complete. Calculating indicators
2026-04-25 22:39:41,694 - freqtrade.optimize.backtesting - INFO - Running backtesting for Strategy yes
2026-04-25 22:39:41,694 - freqtrade.strategy.hyper - INFO - Strategy Parameter: buy_ma_count = 20
2026-04-25 22:39:41,694 - freqtrade.strategy.hyper - INFO - Strategy Parameter: buy_ma_gap = 6
2026-04-25 22:39:41,695 - freqtrade.strategy.hyper - INFO - Strategy Parameter: sell_ma_count = 19
2026-04-25 22:39:41,695 - freqtrade.strategy.hyper - INFO - Strategy Parameter: sell_ma_gap = 30
2026-04-25 22:39:41,710 - freqtrade.optimize.backtesting - INFO - Backtesting with data from 2025-04-22 00:00:00 up to 2026-04-17 00:00:00 (360 days).
2026-04-25 22:39:42,203 - freqtrade.misc - INFO - dumping json to "/home/mohs/Desktop/ae/pyside6/user_data/backtest_results/backtest-result-2026-04-25_22-39-42.meta.json"
Result for strategy yes
                                                BACKTESTING REPORT                                                
┏━━━━━━━━━━━┳━━━━━━━━┳━━━━━━━━━━━━━━┳━━━━━━━━━━━━━━━━━┳━━━━━━━━━━━━━━┳━━━━━━━━━━━━━━━━━━┳━━━━━━━━━━━━━━━━━━━━━━━━┓
┃      Pair ┃ Trades ┃ Avg Profit % ┃ Tot Profit USDT ┃ Tot Profit % ┃     Avg Duration ┃  Win  Draw  Loss  Win% ┃
┡━━━━━━━━━━━╇━━━━━━━━╇━━━━━━━━━━━━━━╇━━━━━━━━━━━━━━━━━╇━━━━━━━━━━━━━━╇━━━━━━━━━━━━━━━━━━╇━━━━━━━━━━━━━━━━━━━━━━━━┩
│  XRP/USDT │      6 │         3.89 │          11.778 │         7.85 │ 2 days, 11:20:00 │    3     0     3  50.0 │
│  ETH/USDT │      5 │         3.79 │           9.564 │         6.38 │  3 days, 9:36:00 │    2     0     3  40.0 │
│ HOME/USDT │      1 │         2.35 │           1.337 │         0.89 │  3 days, 8:00:00 │    1     0     0   100 │
│     TOTAL │     12 │         3.72 │          22.679 │        15.12 │ 2 days, 22:20:00 │    6     0     6  50.0 │
└───────────┴────────┴──────────────┴─────────────────┴──────────────┴──────────────────┴────────────────────────┘
                                           LEFT OPEN TRADES REPORT                                           
┏━━━━━━━━━━┳━━━━━━━━┳━━━━━━━━━━━━━━┳━━━━━━━━━━━━━━━━━┳━━━━━━━━━━━━━━┳━━━━━━━━━━━━━━┳━━━━━━━━━━━━━━━━━━━━━━━━┓
┃     Pair ┃ Trades ┃ Avg Profit % ┃ Tot Profit USDT ┃ Tot Profit % ┃ Avg Duration ┃  Win  Draw  Loss  Win% ┃
┡━━━━━━━━━━╇━━━━━━━━╇━━━━━━━━━━━━━━╇━━━━━━━━━━━━━━━━━╇━━━━━━━━━━━━━━╇━━━━━━━━━━━━━━╇━━━━━━━━━━━━━━━━━━━━━━━━┩
│ XRP/USDT │      1 │         3.15 │           1.805 │          1.2 │     16:00:00 │    1     0     0   100 │
│    TOTAL │      1 │         3.15 │           1.805 │          1.2 │     16:00:00 │    1     0     0   100 │
└──────────┴────────┴──────────────┴─────────────────┴──────────────┴──────────────┴────────────────────────┘
                                                  ENTER TAG STATS                                                  
┏━━━━━━━━━━━┳━━━━━━━━━┳━━━━━━━━━━━━━━┳━━━━━━━━━━━━━━━━━┳━━━━━━━━━━━━━━┳━━━━━━━━━━━━━━━━━━┳━━━━━━━━━━━━━━━━━━━━━━━━┓
┃ Enter Tag ┃ Entries ┃ Avg Profit % ┃ Tot Profit USDT ┃ Tot Profit % ┃     Avg Duration ┃  Win  Draw  Loss  Win% ┃
┡━━━━━━━━━━━╇━━━━━━━━━╇━━━━━━━━━━━━━━╇━━━━━━━━━━━━━━━━━╇━━━━━━━━━━━━━━╇━━━━━━━━━━━━━━━━━━╇━━━━━━━━━━━━━━━━━━━━━━━━┩
│     OTHER │      12 │         3.72 │          22.679 │        15.12 │ 2 days, 22:20:00 │    6     0     6  50.0 │
│     TOTAL │      12 │         3.72 │          22.679 │        15.12 │ 2 days, 22:20:00 │    6     0     6  50.0 │
└───────────┴─────────┴──────────────┴─────────────────┴──────────────┴──────────────────┴────────────────────────┘
                                                 EXIT REASON STATS                                                 
┏━━━━━━━━━━━━━┳━━━━━━━┳━━━━━━━━━━━━━━┳━━━━━━━━━━━━━━━━━┳━━━━━━━━━━━━━━┳━━━━━━━━━━━━━━━━━━┳━━━━━━━━━━━━━━━━━━━━━━━━┓
┃ Exit Reason ┃ Exits ┃ Avg Profit % ┃ Tot Profit USDT ┃ Tot Profit % ┃     Avg Duration ┃  Win  Draw  Loss  Win% ┃
┡━━━━━━━━━━━━━╇━━━━━━━╇━━━━━━━━━━━━━━╇━━━━━━━━━━━━━━━━━╇━━━━━━━━━━━━━━╇━━━━━━━━━━━━━━━━━━╇━━━━━━━━━━━━━━━━━━━━━━━━┩
│ exit_signal │    11 │         3.77 │          20.874 │        13.92 │  3 days, 3:16:00 │    5     0     6  45.5 │
│  force_exit │     1 │         3.15 │           1.805 │          1.2 │         16:00:00 │    1     0     0   100 │
│       TOTAL │    12 │         3.72 │          22.679 │        15.12 │ 2 days, 22:20:00 │    6     0     6  50.0 │
└─────────────┴───────┴──────────────┴─────────────────┴──────────────┴──────────────────┴────────────────────────┘
                                                        MIXED TAG STATS                                                         
┏━━━━━━━━━━━┳━━━━━━━━━━━━━┳━━━━━━━━┳━━━━━━━━━━━━━━┳━━━━━━━━━━━━━━━━━┳━━━━━━━━━━━━━━┳━━━━━━━━━━━━━━━━━━┳━━━━━━━━━━━━━━━━━━━━━━━━┓
┃ Enter Tag ┃ Exit Reason ┃ Trades ┃ Avg Profit % ┃ Tot Profit USDT ┃ Tot Profit % ┃     Avg Duration ┃  Win  Draw  Loss  Win% ┃
┡━━━━━━━━━━━╇━━━━━━━━━━━━━╇━━━━━━━━╇━━━━━━━━━━━━━━╇━━━━━━━━━━━━━━━━━╇━━━━━━━━━━━━━━╇━━━━━━━━━━━━━━━━━━╇━━━━━━━━━━━━━━━━━━━━━━━━┩
│           │ exit_signal │     11 │         3.77 │          20.874 │        13.92 │  3 days, 3:16:00 │    5     0     6  45.5 │
│           │  force_exit │      1 │         3.15 │           1.805 │          1.2 │         16:00:00 │    1     0     0   100 │
│     TOTAL │             │     12 │         3.72 │          22.679 │        15.12 │ 2 days, 22:20:00 │    6     0     6  50.0 │
└───────────┴─────────────┴────────┴──────────────┴─────────────────┴──────────────┴──────────────────┴────────────────────────┘
                         SUMMARY METRICS                          
┏━━━━━━━━━━━━━━━━━━━━━━━━━━━━━━━┳━━━━━━━━━━━━━━━━━━━━━━━━━━━━━━━━┓
┃ Metric                        ┃ Value                          ┃
┡━━━━━━━━━━━━━━━━━━━━━━━━━━━━━━━╇━━━━━━━━━━━━━━━━━━━━━━━━━━━━━━━━┩
│ Backtesting from              │ 2025-04-22 00:00:00            │
│ Backtesting to                │ 2026-04-17 00:00:00            │
│ Trading Mode                  │ Spot                           │
│ Max open trades               │ 3                              │
│                               │                                │
│ Total/Daily Avg Trades        │ 12 / 0.03                      │
│ Starting balance              │ 150 USDT                       │
│ Final balance                 │ 172.679 USDT                   │
│ Absolute profit               │ 22.679 USDT                    │
│ Total profit %                │ 15.12%                         │
│ CAGR %                        │ 15.34%                         │
│ Sortino                       │ 2.06                           │
│ Sharpe                        │ 0.33                           │
│ Calmar                        │ 29.00                          │
│ SQN                           │ 1.71                           │
│ Profit factor                 │ 5.36                           │
│ Expectancy (Ratio)            │ 1.89 (2.18)                    │
│ Avg. daily profit             │ 0.063 USDT                     │
│ Avg. stake amount             │ 52.586 USDT                    │
│ Total trade volume            │ 1287.307 USDT                  │
│                               │                                │
│ Best Pair                     │ XRP/USDT 7.85%                 │
│ Worst Pair                    │ HOME/USDT 0.89%                │
│ Best trade                    │ XRP/USDT 22.55%                │
│ Worst trade                   │ XRP/USDT -3.74%                │
│ Best day                      │ 10.947 USDT                    │
│ Worst day                     │ -1.864 USDT                    │
│ Days win/draw/lose            │ 6 / 278 / 6                    │
│ Min/Max/Avg. Duration Winners │ 0d 16:00 / 6d 12:00 / 3d 20:40 │
│ Min/Max/Avg. Duration Losers  │ 0d 08:00 / 3d 16:00 / 2d 00:00 │
│ Max Consecutive Wins / Loss   │ 4 / 4                          │
│ Rejected Entry signals        │ 0                              │
│ Entry/Exit Timeouts           │ 0 / 0                          │
│                               │                                │
│ Min balance                   │ 145.85 USDT                    │
│ Max balance                   │ 172.679 USDT                   │
│ Max % of account underwater   │ 2.77%                          │
│ Absolute drawdown             │ 4.15 USDT (2.77%)              │
│ Drawdown duration             │ 5 days 20:00:00                │
│ Profit at drawdown start      │ 0 USDT                         │
│ Profit at drawdown end        │ -4.15 USDT                     │
│ Drawdown start                │ 2025-07-02 08:00:00            │
│ Drawdown end                  │ 2025-07-08 04:00:00            │
│ Market change                 │ -9.22%                         │
└───────────────────────────────┴────────────────────────────────┘

Backtested 2025-04-22 00:00:00 -> 2026-04-17 00:00:00 | Max open trades : 3
                                                          STRATEGY SUMMARY                                                          
┏━━━━━━━━━━┳━━━━━━━━┳━━━━━━━━━━━━━━┳━━━━━━━━━━━━━━━━━┳━━━━━━━━━━━━━━┳━━━━━━━━━━━━━━━━━━┳━━━━━━━━━━━━━━━━━━━━━━━━┳━━━━━━━━━━━━━━━━━━┓
┃ Strategy ┃ Trades ┃ Avg Profit % ┃ Tot Profit USDT ┃ Tot Profit % ┃     Avg Duration ┃  Win  Draw  Loss  Win% ┃         Drawdown ┃
┡━━━━━━━━━━╇━━━━━━━━╇━━━━━━━━━━━━━━╇━━━━━━━━━━━━━━━━━╇━━━━━━━━━━━━━━╇━━━━━━━━━━━━━━━━━━╇━━━━━━━━━━━━━━━━━━━━━━━━╇━━━━━━━━━━━━━━━━━━┩
│      yes │     12 │         3.72 │          22.679 │        15.12 │ 2 days, 22:20:00 │    6     0     6  50.0 │ 4.15 USDT  2.77% │
└──────────┴────────┴──────────────┴─────────────────┴──────────────┴──────────────────┴────────────────────────┴──────────────────┘