2026-04-25 20:18:00,053 - freqtrade - INFO - freqtrade 2026.3
2026-04-25 20:18:01,191 - freqtrade.configuration.load_config - INFO - Using config: /home/mohs/Desktop/ae/pyside6/user_data/config.json ...
2026-04-25 20:18:01,194 - freqtrade.loggers - INFO - Enabling colorized output.
2026-04-25 20:18:01,194 - freqtrade.loggers - INFO - Logfile configured
2026-04-25 20:18:01,194 - freqtrade.loggers - INFO - Verbosity set to 0
2026-04-25 20:18:01,195 - freqtrade.configuration.configuration - INFO - Using additional Strategy lookup path: 
/home/mohs/Desktop/ae/pyside6/user_data/optimizer/sessions/67b9b07d-6015-403e-8bdf-cb20b1ccc55d/trial_052/strategy_dir
2026-04-25 20:18:01,195 - freqtrade.configuration.configuration - WARNING - `force_entry_enable` RPC message enabled.
2026-04-25 20:18:01,195 - freqtrade.configuration.configuration - INFO - Parameter -i/--timeframe detected ... Using timeframe: 4h ...
2026-04-25 20:18:01,196 - freqtrade.configuration.configuration - INFO - Parameter --max-open-trades detected, overriding max_open_trades to: 2 ...
2026-04-25 20:18:01,196 - freqtrade.configuration.configuration - INFO - Parameter --dry-run-wallet detected, overriding dry_run_wallet to: 150.0 ...
2026-04-25 20:18:01,196 - freqtrade.configuration.configuration - INFO - Parameter --timerange detected: 20250422-20260417 ...
2026-04-25 20:18:01,196 - freqtrade.configuration.configuration - INFO - Using user-data directory: /home/mohs/Desktop/ae/pyside6/user_data ...
2026-04-25 20:18:01,197 - freqtrade.configuration.configuration - INFO - Using data directory: /home/mohs/Desktop/ae/pyside6/user_data/data/binance ...
2026-04-25 20:18:01,197 - freqtrade.configuration.configuration - INFO - Parameter --export detected: trades ...
2026-04-25 20:18:01,197 - freqtrade.configuration.configuration - INFO - Parameter --cache=day detected ...
2026-04-25 20:18:01,198 - freqtrade.configuration.configuration - INFO - Using pairs ['ETH/USDT', 'XRP/USDT', 'HOME/USDT']
2026-04-25 20:18:01,198 - freqtrade.configuration.configuration - INFO - Filter trades by timerange: 20250422-20260417
2026-04-25 20:18:01,198 - freqtrade.exchange.check_exchange - INFO - Checking exchange...
2026-04-25 20:18:01,204 - freqtrade.exchange.check_exchange - INFO - Exchange "binance" is officially supported by the Freqtrade development team.
2026-04-25 20:18:01,205 - freqtrade.configuration.config_validation - INFO - Validating configuration ...
2026-04-25 20:18:01,207 - freqtrade.commands.optimize_commands - INFO - Starting freqtrade in Backtesting mode
2026-04-25 20:18:01,207 - freqtrade.exchange.exchange - INFO - Instance is running with dry_run enabled
2026-04-25 20:18:01,207 - freqtrade.exchange.exchange - INFO - Using CCXT 4.5.50
2026-04-25 20:18:01,208 - freqtrade.exchange.exchange - INFO - Applying additional ccxt config: {'enableRateLimit': True, 'timeout': 120000}
2026-04-25 20:18:01,213 - freqtrade.exchange.exchange - INFO - Applying additional ccxt config: {'enableRateLimit': True, 'timeout': 120000}
2026-04-25 20:18:01,219 - freqtrade.exchange.exchange - INFO - Using Exchange "Binance"
2026-04-25 20:18:02,368 - freqtrade.resolvers.exchange_resolver - INFO - Using resolved exchange 'Binance'...
2026-04-25 20:18:02,382 - freqtrade.resolvers.iresolver - INFO - Using resolved strategy MultiMeee from 
'/home/mohs/Desktop/ae/pyside6/user_data/optimizer/sessions/67b9b07d-6015-403e-8bdf-cb20b1ccc55d/trial_052/strategy_dir/MultiMeee.py'...
2026-04-25 20:18:02,383 - freqtrade.strategy.hyper - INFO - Loading parameters from file 
/home/mohs/Desktop/ae/pyside6/user_data/optimizer/sessions/67b9b07d-6015-403e-8bdf-cb20b1ccc55d/trial_052/strategy_dir/MultiMeee.json
2026-04-25 20:18:02,384 - freqtrade.resolvers.strategy_resolver - INFO - Override strategy 'timeframe' with value from the configuration: 4h.
2026-04-25 20:18:02,384 - freqtrade.resolvers.strategy_resolver - INFO - Override strategy 'stake_currency' with value from the configuration: USDT.
2026-04-25 20:18:02,385 - freqtrade.resolvers.strategy_resolver - INFO - Override strategy 'stake_amount' with value from the configuration: unlimited.
2026-04-25 20:18:02,385 - freqtrade.resolvers.strategy_resolver - INFO - Override strategy 'use_exit_signal' with value from the configuration: True.
2026-04-25 20:18:02,385 - freqtrade.resolvers.strategy_resolver - INFO - Override strategy 'max_open_trades' with value from the configuration: 2.
2026-04-25 20:18:02,385 - freqtrade.resolvers.strategy_resolver - INFO - Strategy using minimal_roi: {'0': 0.6907491906345338, '13': 0.7752450879843816, '146': 0.11727576507703814, '38': 
0.23790448647485468}
2026-04-25 20:18:02,386 - freqtrade.resolvers.strategy_resolver - INFO - Strategy using timeframe: 4h
2026-04-25 20:18:02,386 - freqtrade.resolvers.strategy_resolver - INFO - Strategy using stoploss: -0.3546688173290532
2026-04-25 20:18:02,386 - freqtrade.resolvers.strategy_resolver - INFO - Strategy using trailing_stop: True
2026-04-25 20:18:02,386 - freqtrade.resolvers.strategy_resolver - INFO - Strategy using trailing_stop_positive: 0.407365691203161
2026-04-25 20:18:02,387 - freqtrade.resolvers.strategy_resolver - INFO - Strategy using trailing_stop_positive_offset: 0.5424757580687373
2026-04-25 20:18:02,387 - freqtrade.resolvers.strategy_resolver - INFO - Strategy using trailing_only_offset_is_reached: True
2026-04-25 20:18:02,387 - freqtrade.resolvers.strategy_resolver - INFO - Strategy using use_custom_stoploss: False
2026-04-25 20:18:02,387 - freqtrade.resolvers.strategy_resolver - INFO - Strategy using process_only_new_candles: True
2026-04-25 20:18:02,388 - freqtrade.resolvers.strategy_resolver - INFO - Strategy using order_types: {'entry': 'limit', 'exit': 'limit', 'stoploss': 'limit', 'stoploss_on_exchange': False, 
'stoploss_on_exchange_interval': 60}
2026-04-25 20:18:02,388 - freqtrade.resolvers.strategy_resolver - INFO - Strategy using order_time_in_force: {'entry': 'GTC', 'exit': 'GTC'}
2026-04-25 20:18:02,388 - freqtrade.resolvers.strategy_resolver - INFO - Strategy using stake_currency: USDT
2026-04-25 20:18:02,388 - freqtrade.resolvers.strategy_resolver - INFO - Strategy using stake_amount: unlimited
2026-04-25 20:18:02,389 - freqtrade.resolvers.strategy_resolver - INFO - Strategy using startup_candle_count: 0
2026-04-25 20:18:02,389 - freqtrade.resolvers.strategy_resolver - INFO - Strategy using use_exit_signal: True
2026-04-25 20:18:02,389 - freqtrade.resolvers.strategy_resolver - INFO - Strategy using exit_profit_only: False
2026-04-25 20:18:02,389 - freqtrade.resolvers.strategy_resolver - INFO - Strategy using ignore_roi_if_entry_signal: False
2026-04-25 20:18:02,390 - freqtrade.resolvers.strategy_resolver - INFO - Strategy using exit_profit_offset: 0.0
2026-04-25 20:18:02,390 - freqtrade.resolvers.strategy_resolver - INFO - Strategy using disable_dataframe_checks: False
2026-04-25 20:18:02,390 - freqtrade.resolvers.strategy_resolver - INFO - Strategy using ignore_buying_expired_candle_after: 0
2026-04-25 20:18:02,391 - freqtrade.resolvers.strategy_resolver - INFO - Strategy using position_adjustment_enable: False
2026-04-25 20:18:02,391 - freqtrade.resolvers.strategy_resolver - INFO - Strategy using max_entry_position_adjustment: -1
2026-04-25 20:18:02,391 - freqtrade.resolvers.strategy_resolver - INFO - Strategy using max_open_trades: 2
2026-04-25 20:18:02,391 - freqtrade.configuration.config_validation - INFO - Validating configuration ...
2026-04-25 20:18:02,395 - freqtrade.resolvers.iresolver - INFO - Using resolved pairlist StaticPairList from 
'/home/mohs/Desktop/ae/pyside6/.venv/lib/python3.12/site-packages/freqtrade/plugins/pairlist/StaticPairList.py'...
2026-04-25 20:18:02,408 - freqtrade.optimize.backtesting - INFO - Using fee 0.1000% - worst case fee from exchange (lowest tier).
2026-04-25 20:18:02,415 - freqtrade.data.history.datahandlers.idatahandler - WARNING - ETH/USDT, spot, 4h, data starts at 2025-04-24 00:00:00
2026-04-25 20:18:02,428 - freqtrade.data.history.datahandlers.idatahandler - WARNING - XRP/USDT, spot, 4h, data starts at 2025-04-30 00:00:00
2026-04-25 20:18:02,439 - freqtrade.data.history.datahandlers.idatahandler - WARNING - HOME/USDT, spot, 4h, data starts at 2025-06-12 12:00:00
2026-04-25 20:18:02,447 - freqtrade.optimize.backtesting - INFO - Loading data from 2025-04-24 00:00:00 up to 2026-04-17 00:00:00 (358 days).
2026-04-25 20:18:02,505 - freqtrade.optimize.backtesting - INFO - Dataload complete. Calculating indicators
2026-04-25 20:18:02,510 - freqtrade.optimize.backtesting - INFO - Running backtesting for Strategy MultiMeee
2026-04-25 20:18:02,510 - freqtrade.strategy.hyper - INFO - Strategy Parameter: buy_ma_count = 7
2026-04-25 20:18:02,510 - freqtrade.strategy.hyper - INFO - Strategy Parameter: buy_ma_gap = 11
2026-04-25 20:18:02,511 - freqtrade.strategy.hyper - INFO - Strategy Parameter: sell_ma_count = 17
2026-04-25 20:18:02,511 - freqtrade.strategy.hyper - INFO - Strategy Parameter: sell_ma_gap = 33
2026-04-25 20:18:02,522 - freqtrade.optimize.backtesting - INFO - Backtesting with data from 2025-04-24 00:00:00 up to 2026-04-17 00:00:00 (358 days).
2026-04-25 20:18:03,055 - freqtrade.misc - INFO - dumping json to "/home/mohs/Desktop/ae/pyside6/user_data/backtest_results/backtest-result-2026-04-25_20-18-03.meta.json"
Result for strategy MultiMeee
                                                BACKTESTING REPORT                                                
┏━━━━━━━━━━━┳━━━━━━━━┳━━━━━━━━━━━━━━┳━━━━━━━━━━━━━━━━━┳━━━━━━━━━━━━━━┳━━━━━━━━━━━━━━━━━━┳━━━━━━━━━━━━━━━━━━━━━━━━┓
┃      Pair ┃ Trades ┃ Avg Profit % ┃ Tot Profit USDT ┃ Tot Profit % ┃     Avg Duration ┃  Win  Draw  Loss  Win% ┃
┡━━━━━━━━━━━╇━━━━━━━━╇━━━━━━━━━━━━━━╇━━━━━━━━━━━━━━━━━╇━━━━━━━━━━━━━━╇━━━━━━━━━━━━━━━━━━╇━━━━━━━━━━━━━━━━━━━━━━━━┩
│  XRP/USDT │      9 │         3.33 │          22.972 │        15.31 │ 2 days, 21:47:00 │    6     0     3  66.7 │
│  ETH/USDT │      9 │         0.33 │           1.722 │         1.15 │ 2 days, 16:00:00 │    2     0     7  22.2 │
│ HOME/USDT │      8 │        -1.47 │         -11.249 │         -7.5 │  1 day, 20:00:00 │    2     0     6  25.0 │
│     TOTAL │     26 │         0.82 │          13.445 │         8.96 │ 2 days, 11:51:00 │   10     0    16  38.5 │
└───────────┴────────┴──────────────┴─────────────────┴──────────────┴──────────────────┴────────────────────────┘
                                             LEFT OPEN TRADES REPORT                                             
┏━━━━━━━━━━┳━━━━━━━━┳━━━━━━━━━━━━━━┳━━━━━━━━━━━━━━━━━┳━━━━━━━━━━━━━━┳━━━━━━━━━━━━━━━━━━┳━━━━━━━━━━━━━━━━━━━━━━━━┓
┃     Pair ┃ Trades ┃ Avg Profit % ┃ Tot Profit USDT ┃ Tot Profit % ┃     Avg Duration ┃  Win  Draw  Loss  Win% ┃
┡━━━━━━━━━━╇━━━━━━━━╇━━━━━━━━━━━━━━╇━━━━━━━━━━━━━━━━━╇━━━━━━━━━━━━━━╇━━━━━━━━━━━━━━━━━━╇━━━━━━━━━━━━━━━━━━━━━━━━┩
│ XRP/USDT │      1 │         4.16 │           3.356 │         2.24 │   1 day, 0:00:00 │    1     0     0   100 │
│ ETH/USDT │      1 │        -1.45 │          -1.169 │        -0.78 │ 2 days, 16:00:00 │    0     0     1     0 │
│    TOTAL │      2 │         1.35 │           2.187 │         1.46 │  1 day, 20:00:00 │    1     0     1  50.0 │
└──────────┴────────┴──────────────┴─────────────────┴──────────────┴──────────────────┴────────────────────────┘
                                                  ENTER TAG STATS                                                  
┏━━━━━━━━━━━┳━━━━━━━━━┳━━━━━━━━━━━━━━┳━━━━━━━━━━━━━━━━━┳━━━━━━━━━━━━━━┳━━━━━━━━━━━━━━━━━━┳━━━━━━━━━━━━━━━━━━━━━━━━┓
┃ Enter Tag ┃ Entries ┃ Avg Profit % ┃ Tot Profit USDT ┃ Tot Profit % ┃     Avg Duration ┃  Win  Draw  Loss  Win% ┃
┡━━━━━━━━━━━╇━━━━━━━━━╇━━━━━━━━━━━━━━╇━━━━━━━━━━━━━━━━━╇━━━━━━━━━━━━━━╇━━━━━━━━━━━━━━━━━━╇━━━━━━━━━━━━━━━━━━━━━━━━┩
│     OTHER │      26 │         0.82 │          13.445 │         8.96 │ 2 days, 11:51:00 │   10     0    16  38.5 │
│     TOTAL │      26 │         0.82 │          13.445 │         8.96 │ 2 days, 11:51:00 │   10     0    16  38.5 │
└───────────┴─────────┴──────────────┴─────────────────┴──────────────┴──────────────────┴────────────────────────┘
                                                 EXIT REASON STATS                                                 
┏━━━━━━━━━━━━━┳━━━━━━━┳━━━━━━━━━━━━━━┳━━━━━━━━━━━━━━━━━┳━━━━━━━━━━━━━━┳━━━━━━━━━━━━━━━━━━┳━━━━━━━━━━━━━━━━━━━━━━━━┓
┃ Exit Reason ┃ Exits ┃ Avg Profit % ┃ Tot Profit USDT ┃ Tot Profit % ┃     Avg Duration ┃  Win  Draw  Loss  Win% ┃
┡━━━━━━━━━━━━━╇━━━━━━━╇━━━━━━━━━━━━━━╇━━━━━━━━━━━━━━━━━╇━━━━━━━━━━━━━━╇━━━━━━━━━━━━━━━━━━╇━━━━━━━━━━━━━━━━━━━━━━━━┩
│         roi │     6 │        11.73 │          54.482 │        36.32 │  1 day, 19:20:00 │    6     0     0   100 │
│  force_exit │     2 │         1.35 │           2.187 │         1.46 │  1 day, 20:00:00 │    1     0     1  50.0 │
│ exit_signal │    18 │        -2.88 │         -43.224 │       -28.82 │ 2 days, 19:07:00 │    3     0    15  16.7 │
│       TOTAL │    26 │         0.82 │          13.445 │         8.96 │ 2 days, 11:51:00 │   10     0    16  38.5 │
└─────────────┴───────┴──────────────┴─────────────────┴──────────────┴──────────────────┴────────────────────────┘
                                                        MIXED TAG STATS                                                         
┏━━━━━━━━━━━┳━━━━━━━━━━━━━┳━━━━━━━━┳━━━━━━━━━━━━━━┳━━━━━━━━━━━━━━━━━┳━━━━━━━━━━━━━━┳━━━━━━━━━━━━━━━━━━┳━━━━━━━━━━━━━━━━━━━━━━━━┓
┃ Enter Tag ┃ Exit Reason ┃ Trades ┃ Avg Profit % ┃ Tot Profit USDT ┃ Tot Profit % ┃     Avg Duration ┃  Win  Draw  Loss  Win% ┃
┡━━━━━━━━━━━╇━━━━━━━━━━━━━╇━━━━━━━━╇━━━━━━━━━━━━━━╇━━━━━━━━━━━━━━━━━╇━━━━━━━━━━━━━━╇━━━━━━━━━━━━━━━━━━╇━━━━━━━━━━━━━━━━━━━━━━━━┩
│           │         roi │      6 │        11.73 │          54.482 │        36.32 │  1 day, 19:20:00 │    6     0     0   100 │
│           │  force_exit │      2 │         1.35 │           2.187 │         1.46 │  1 day, 20:00:00 │    1     0     1  50.0 │
│           │ exit_signal │     18 │        -2.88 │         -43.224 │       -28.82 │ 2 days, 19:07:00 │    3     0    15  16.7 │
│     TOTAL │             │     26 │         0.82 │          13.445 │         8.96 │ 2 days, 11:51:00 │   10     0    16  38.5 │
└───────────┴─────────────┴────────┴──────────────┴─────────────────┴──────────────┴──────────────────┴────────────────────────┘
                         SUMMARY METRICS                          
┏━━━━━━━━━━━━━━━━━━━━━━━━━━━━━━━┳━━━━━━━━━━━━━━━━━━━━━━━━━━━━━━━━┓
┃ Metric                        ┃ Value                          ┃
┡━━━━━━━━━━━━━━━━━━━━━━━━━━━━━━━╇━━━━━━━━━━━━━━━━━━━━━━━━━━━━━━━━┩
│ Backtesting from              │ 2025-04-24 00:00:00            │
│ Backtesting to                │ 2026-04-17 00:00:00            │
│ Trading Mode                  │ Spot                           │
│ Max open trades               │ 2                              │
│                               │                                │
│ Total/Daily Avg Trades        │ 26 / 0.07                      │
│ Starting balance              │ 150 USDT                       │
│ Final balance                 │ 163.445 USDT                   │
│ Absolute profit               │ 13.445 USDT                    │
│ Total profit %                │ 8.96%                          │
│ CAGR %                        │ 9.15%                          │
│ Sortino                       │ 0.27                           │
│ Sharpe                        │ 0.13                           │
│ Calmar                        │ 4.25                           │
│ SQN                           │ 0.46                           │
│ Profit factor                 │ 1.25                           │
│ Expectancy (Ratio)            │ 0.52 (0.15)                    │
│ Avg. daily profit             │ 0.038 USDT                     │
│ Avg. stake amount             │ 79.09 USDT                     │
│ Total trade volume            │ 4134.38 USDT                   │
│                               │                                │
│ Best Pair                     │ XRP/USDT 15.31%                │
│ Worst Pair                    │ HOME/USDT -7.50%               │
│ Best trade                    │ HOME/USDT 11.74%               │
│ Worst trade                   │ HOME/USDT -13.55%              │
│ Best day                      │ 16.956 USDT                    │
│ Worst day                     │ -12.201 USDT                   │
│ Days win/draw/lose            │ 8 / 287 / 14                   │
│ Min/Max/Avg. Duration Winners │ 0d 08:00 / 9d 12:00 / 2d 20:48 │
│ Min/Max/Avg. Duration Losers  │ 0d 08:00 / 4d 08:00 / 2d 06:15 │
│ Max Consecutive Wins / Loss   │ 3 / 6                          │
│ Rejected Entry signals        │ 0                              │
│ Entry/Exit Timeouts           │ 0 / 0                          │
│                               │                                │
│ Min balance                   │ 136.629 USDT                   │
│ Max balance                   │ 180.384 USDT                   │
│ Max % of account underwater   │ 11.25%                         │
│ Absolute drawdown             │ 20.295 USDT (11.25%)           │
│ Drawdown duration             │ 246 days 08:00:00              │
│ Profit at drawdown start      │ 30.384 USDT                    │
│ Profit at drawdown end        │ 10.089 USDT                    │
│ Drawdown start                │ 2025-08-13 16:00:00            │
│ Drawdown end                  │ 2026-04-17 00:00:00            │
│ Market change                 │ -16.15%                        │
└───────────────────────────────┴────────────────────────────────┘

Backtested 2025-04-24 00:00:00 -> 2026-04-17 00:00:00 | Max open trades : 2
                                                            STRATEGY SUMMARY                                                            
┏━━━━━━━━━━━┳━━━━━━━━┳━━━━━━━━━━━━━━┳━━━━━━━━━━━━━━━━━┳━━━━━━━━━━━━━━┳━━━━━━━━━━━━━━━━━━┳━━━━━━━━━━━━━━━━━━━━━━━━┳━━━━━━━━━━━━━━━━━━━━━┓
┃  Strategy ┃ Trades ┃ Avg Profit % ┃ Tot Profit USDT ┃ Tot Profit % ┃     Avg Duration ┃  Win  Draw  Loss  Win% ┃            Drawdown ┃
┡━━━━━━━━━━━╇━━━━━━━━╇━━━━━━━━━━━━━━╇━━━━━━━━━━━━━━━━━╇━━━━━━━━━━━━━━╇━━━━━━━━━━━━━━━━━━╇━━━━━━━━━━━━━━━━━━━━━━━━╇━━━━━━━━━━━━━━━━━━━━━┩
│ MultiMeee │     26 │         0.82 │          13.445 │         8.96 │ 2 days, 11:51:00 │   10     0    16  38.5 │ 20.295 USDT  11.25% │
└───────────┴────────┴──────────────┴─────────────────┴──────────────┴──────────────────┴────────────────────────┴─────────────────────┘