2026-04-25 22:37:12,312 - freqtrade - INFO - freqtrade 2026.3
2026-04-25 22:37:13,351 - freqtrade.configuration.load_config - INFO - Using config: /home/mohs/Desktop/ae/pyside6/user_data/config.json ...
2026-04-25 22:37:13,353 - freqtrade.loggers - INFO - Enabling colorized output.
2026-04-25 22:37:13,353 - freqtrade.loggers - INFO - Logfile configured
2026-04-25 22:37:13,353 - freqtrade.loggers - INFO - Verbosity set to 0
2026-04-25 22:37:13,354 - freqtrade.configuration.configuration - INFO - Using additional Strategy lookup path: 
/home/mohs/Desktop/ae/pyside6/user_data/optimizer/sessions/00d5d57f-9960-4dcc-ac23-ec438d4ba9c3/trial_100/strategy_dir
2026-04-25 22:37:13,354 - freqtrade.configuration.configuration - WARNING - `force_entry_enable` RPC message enabled.
2026-04-25 22:37:13,354 - freqtrade.configuration.configuration - INFO - Parameter -i/--timeframe detected ... Using timeframe: 5m ...
2026-04-25 22:37:13,355 - freqtrade.configuration.configuration - INFO - Parameter --max-open-trades detected, overriding max_open_trades to: 3 ...
2026-04-25 22:37:13,355 - freqtrade.configuration.configuration - INFO - Parameter --dry-run-wallet detected, overriding dry_run_wallet to: 150.0 ...
2026-04-25 22:37:13,355 - freqtrade.configuration.configuration - INFO - Parameter --timerange detected: 20250422-20260417 ...
2026-04-25 22:37:13,356 - freqtrade.configuration.configuration - INFO - Using user-data directory: /home/mohs/Desktop/ae/pyside6/user_data ...
2026-04-25 22:37:13,356 - freqtrade.configuration.configuration - INFO - Using data directory: /home/mohs/Desktop/ae/pyside6/user_data/data/binance ...
2026-04-25 22:37:13,356 - freqtrade.configuration.configuration - INFO - Parameter --export detected: trades ...
2026-04-25 22:37:13,357 - freqtrade.configuration.configuration - INFO - Parameter --cache=day detected ...
2026-04-25 22:37:13,357 - freqtrade.configuration.configuration - INFO - Using pairs ['XRP/USDT', 'ETH/USDT', 'HOME/USDT']
2026-04-25 22:37:13,357 - freqtrade.configuration.configuration - INFO - Filter trades by timerange: 20250422-20260417
2026-04-25 22:37:13,358 - freqtrade.exchange.check_exchange - INFO - Checking exchange...
2026-04-25 22:37:13,364 - freqtrade.exchange.check_exchange - INFO - Exchange "binance" is officially supported by the Freqtrade development team.
2026-04-25 22:37:13,364 - freqtrade.configuration.config_validation - INFO - Validating configuration ...
2026-04-25 22:37:13,366 - freqtrade.commands.optimize_commands - INFO - Starting freqtrade in Backtesting mode
2026-04-25 22:37:13,367 - freqtrade.exchange.exchange - INFO - Instance is running with dry_run enabled
2026-04-25 22:37:13,367 - freqtrade.exchange.exchange - INFO - Using CCXT 4.5.50
2026-04-25 22:37:13,367 - freqtrade.exchange.exchange - INFO - Applying additional ccxt config: {'enableRateLimit': True, 'timeout': 120000}
2026-04-25 22:37:13,373 - freqtrade.exchange.exchange - INFO - Applying additional ccxt config: {'enableRateLimit': True, 'timeout': 120000}
2026-04-25 22:37:13,378 - freqtrade.exchange.exchange - INFO - Using Exchange "Binance"
2026-04-25 22:37:14,578 - freqtrade.resolvers.exchange_resolver - INFO - Using resolved exchange 'Binance'...
2026-04-25 22:37:14,586 - freqtrade.resolvers.iresolver - INFO - Using resolved strategy yes from 
'/home/mohs/Desktop/ae/pyside6/user_data/optimizer/sessions/00d5d57f-9960-4dcc-ac23-ec438d4ba9c3/trial_100/strategy_dir/yes.py'...
2026-04-25 22:37:14,587 - freqtrade.strategy.hyper - INFO - Loading parameters from file 
/home/mohs/Desktop/ae/pyside6/user_data/optimizer/sessions/00d5d57f-9960-4dcc-ac23-ec438d4ba9c3/trial_100/strategy_dir/yes.json
2026-04-25 22:37:14,587 - freqtrade.resolvers.strategy_resolver - INFO - Override strategy 'timeframe' with value from the configuration: 5m.
2026-04-25 22:37:14,587 - freqtrade.resolvers.strategy_resolver - INFO - Override strategy 'stake_currency' with value from the configuration: USDT.
2026-04-25 22:37:14,588 - freqtrade.resolvers.strategy_resolver - INFO - Override strategy 'stake_amount' with value from the configuration: unlimited.
2026-04-25 22:37:14,588 - freqtrade.resolvers.strategy_resolver - INFO - Override strategy 'use_exit_signal' with value from the configuration: True.
2026-04-25 22:37:14,588 - freqtrade.resolvers.strategy_resolver - INFO - Override strategy 'max_open_trades' with value from the configuration: 3.
2026-04-25 22:37:14,589 - freqtrade.resolvers.strategy_resolver - INFO - Strategy using minimal_roi: {'0': 1.609004614485247, '13': 0.15536155053419734, '146': 0.25876441877704826, '38': 
0.7047086828277456}
2026-04-25 22:37:14,589 - freqtrade.resolvers.strategy_resolver - INFO - Strategy using timeframe: 5m
2026-04-25 22:37:14,589 - freqtrade.resolvers.strategy_resolver - INFO - Strategy using stoploss: -0.8591011475500698
2026-04-25 22:37:14,589 - freqtrade.resolvers.strategy_resolver - INFO - Strategy using trailing_stop: False
2026-04-25 22:37:14,590 - freqtrade.resolvers.strategy_resolver - INFO - Strategy using trailing_stop_positive: 0.18653419124871584
2026-04-25 22:37:14,590 - freqtrade.resolvers.strategy_resolver - INFO - Strategy using trailing_stop_positive_offset: 0.4650975481034664
2026-04-25 22:37:14,590 - freqtrade.resolvers.strategy_resolver - INFO - Strategy using trailing_only_offset_is_reached: True
2026-04-25 22:37:14,590 - freqtrade.resolvers.strategy_resolver - INFO - Strategy using use_custom_stoploss: False
2026-04-25 22:37:14,591 - freqtrade.resolvers.strategy_resolver - INFO - Strategy using process_only_new_candles: True
2026-04-25 22:37:14,591 - freqtrade.resolvers.strategy_resolver - INFO - Strategy using order_types: {'entry': 'limit', 'exit': 'limit', 'stoploss': 'limit', 'stoploss_on_exchange': False, 
'stoploss_on_exchange_interval': 60}
2026-04-25 22:37:14,591 - freqtrade.resolvers.strategy_resolver - INFO - Strategy using order_time_in_force: {'entry': 'GTC', 'exit': 'GTC'}
2026-04-25 22:37:14,591 - freqtrade.resolvers.strategy_resolver - INFO - Strategy using stake_currency: USDT
2026-04-25 22:37:14,592 - freqtrade.resolvers.strategy_resolver - INFO - Strategy using stake_amount: unlimited
2026-04-25 22:37:14,592 - freqtrade.resolvers.strategy_resolver - INFO - Strategy using startup_candle_count: 0
2026-04-25 22:37:14,592 - freqtrade.resolvers.strategy_resolver - INFO - Strategy using use_exit_signal: True
2026-04-25 22:37:14,592 - freqtrade.resolvers.strategy_resolver - INFO - Strategy using exit_profit_only: False
2026-04-25 22:37:14,593 - freqtrade.resolvers.strategy_resolver - INFO - Strategy using ignore_roi_if_entry_signal: False
2026-04-25 22:37:14,593 - freqtrade.resolvers.strategy_resolver - INFO - Strategy using exit_profit_offset: 0.0
2026-04-25 22:37:14,593 - freqtrade.resolvers.strategy_resolver - INFO - Strategy using disable_dataframe_checks: False
2026-04-25 22:37:14,594 - freqtrade.resolvers.strategy_resolver - INFO - Strategy using ignore_buying_expired_candle_after: 0
2026-04-25 22:37:14,594 - freqtrade.resolvers.strategy_resolver - INFO - Strategy using position_adjustment_enable: False
2026-04-25 22:37:14,594 - freqtrade.resolvers.strategy_resolver - INFO - Strategy using max_entry_position_adjustment: -1
2026-04-25 22:37:14,594 - freqtrade.resolvers.strategy_resolver - INFO - Strategy using max_open_trades: 3
2026-04-25 22:37:14,595 - freqtrade.configuration.config_validation - INFO - Validating configuration ...
2026-04-25 22:37:14,598 - freqtrade.resolvers.iresolver - INFO - Using resolved pairlist StaticPairList from 
'/home/mohs/Desktop/ae/pyside6/.venv/lib/python3.12/site-packages/freqtrade/plugins/pairlist/StaticPairList.py'...
2026-04-25 22:37:14,611 - freqtrade.optimize.backtesting - INFO - Using fee 0.1000% - worst case fee from exchange (lowest tier).
2026-04-25 22:37:14,749 - freqtrade.data.history.datahandlers.idatahandler - WARNING - XRP/USDT, spot, 5m, data ends at 2026-04-11 01:45:00
2026-04-25 22:37:15,150 - freqtrade.data.history.datahandlers.idatahandler - WARNING - HOME/USDT, spot, 5m, data starts at 2025-06-12 15:00:00
2026-04-25 22:37:15,178 - freqtrade.optimize.backtesting - INFO - Loading data from 2025-04-22 00:00:00 up to 2026-04-17 00:00:00 (360 days).
2026-04-25 22:37:17,289 - freqtrade.optimize.backtesting - INFO - Dataload complete. Calculating indicators
2026-04-25 22:37:17,296 - freqtrade.optimize.backtesting - INFO - Running backtesting for Strategy yes
2026-04-25 22:37:17,297 - freqtrade.strategy.hyper - INFO - Strategy Parameter: buy_ma_count = 3
2026-04-25 22:37:17,297 - freqtrade.strategy.hyper - INFO - Strategy Parameter: buy_ma_gap = 50
2026-04-25 22:37:17,297 - freqtrade.strategy.hyper - INFO - Strategy Parameter: sell_ma_count = 19
2026-04-25 22:37:17,298 - freqtrade.strategy.hyper - INFO - Strategy Parameter: sell_ma_gap = 41
2026-04-25 22:37:17,442 - freqtrade.optimize.backtesting - INFO - Backtesting with data from 2025-04-22 00:00:00 up to 2026-04-17 00:00:00 (360 days).
/home/mohs/Desktop/ae/pyside6/.venv/lib/python3.12/site-packages/freqtrade/data/metrics.py:77: FutureWarning: The default fill_method='pad' in DataFrame.pct_change is deprecated and will be removed in a future version. Either fill in any non-leading NA values prior to calling pct_change or specify 'fill_method=None' to not fill NA values.
  rel_mean = df_comb.pct_change().mean(axis=1).fillna(0).cumsum()
2026-04-25 22:37:20,569 - freqtrade.misc - INFO - dumping json to "/home/mohs/Desktop/ae/pyside6/user_data/backtest_results/backtest-result-2026-04-25_22-37-20.meta.json"
Result for strategy yes
                                              BACKTESTING REPORT                                              
┏━━━━━━━━━━━┳━━━━━━━━┳━━━━━━━━━━━━━━┳━━━━━━━━━━━━━━━━━┳━━━━━━━━━━━━━━┳━━━━━━━━━━━━━━┳━━━━━━━━━━━━━━━━━━━━━━━━┓
┃      Pair ┃ Trades ┃ Avg Profit % ┃ Tot Profit USDT ┃ Tot Profit % ┃ Avg Duration ┃  Win  Draw  Loss  Win% ┃
┡━━━━━━━━━━━╇━━━━━━━━╇━━━━━━━━━━━━━━╇━━━━━━━━━━━━━━━━━╇━━━━━━━━━━━━━━╇━━━━━━━━━━━━━━╇━━━━━━━━━━━━━━━━━━━━━━━━┩
│  XRP/USDT │    162 │         0.08 │           5.384 │         3.59 │      2:29:00 │   55     0   107  34.0 │
│  ETH/USDT │    170 │        -0.05 │          -4.657 │         -3.1 │      2:33:00 │   54     0   116  31.8 │
│ HOME/USDT │    156 │        -0.47 │         -32.893 │       -21.93 │      2:14:00 │   42     0   114  26.9 │
│     TOTAL │    488 │        -0.14 │         -32.165 │       -21.44 │      2:26:00 │  151     0   337  30.9 │
└───────────┴────────┴──────────────┴─────────────────┴──────────────┴──────────────┴────────────────────────┘
                                           LEFT OPEN TRADES REPORT                                            
┏━━━━━━━━━━━┳━━━━━━━━┳━━━━━━━━━━━━━━┳━━━━━━━━━━━━━━━━━┳━━━━━━━━━━━━━━┳━━━━━━━━━━━━━━┳━━━━━━━━━━━━━━━━━━━━━━━━┓
┃      Pair ┃ Trades ┃ Avg Profit % ┃ Tot Profit USDT ┃ Tot Profit % ┃ Avg Duration ┃  Win  Draw  Loss  Win% ┃
┡━━━━━━━━━━━╇━━━━━━━━╇━━━━━━━━━━━━━━╇━━━━━━━━━━━━━━━━━╇━━━━━━━━━━━━━━╇━━━━━━━━━━━━━━╇━━━━━━━━━━━━━━━━━━━━━━━━┩
│ HOME/USDT │      1 │        -0.88 │          -0.349 │        -0.23 │      2:10:00 │    0     0     1     0 │
│     TOTAL │      1 │        -0.88 │          -0.349 │        -0.23 │      2:10:00 │    0     0     1     0 │
└───────────┴────────┴──────────────┴─────────────────┴──────────────┴──────────────┴────────────────────────┘
                                                ENTER TAG STATS                                                
┏━━━━━━━━━━━┳━━━━━━━━━┳━━━━━━━━━━━━━━┳━━━━━━━━━━━━━━━━━┳━━━━━━━━━━━━━━┳━━━━━━━━━━━━━━┳━━━━━━━━━━━━━━━━━━━━━━━━┓
┃ Enter Tag ┃ Entries ┃ Avg Profit % ┃ Tot Profit USDT ┃ Tot Profit % ┃ Avg Duration ┃  Win  Draw  Loss  Win% ┃
┡━━━━━━━━━━━╇━━━━━━━━━╇━━━━━━━━━━━━━━╇━━━━━━━━━━━━━━━━━╇━━━━━━━━━━━━━━╇━━━━━━━━━━━━━━╇━━━━━━━━━━━━━━━━━━━━━━━━┩
│     OTHER │     488 │        -0.14 │         -32.165 │       -21.44 │      2:26:00 │  151     0   337  30.9 │
│     TOTAL │     488 │        -0.14 │         -32.165 │       -21.44 │      2:26:00 │  151     0   337  30.9 │
└───────────┴─────────┴──────────────┴─────────────────┴──────────────┴──────────────┴────────────────────────┘
                                               EXIT REASON STATS                                               
┏━━━━━━━━━━━━━┳━━━━━━━┳━━━━━━━━━━━━━━┳━━━━━━━━━━━━━━━━━┳━━━━━━━━━━━━━━┳━━━━━━━━━━━━━━┳━━━━━━━━━━━━━━━━━━━━━━━━┓
┃ Exit Reason ┃ Exits ┃ Avg Profit % ┃ Tot Profit USDT ┃ Tot Profit % ┃ Avg Duration ┃  Win  Draw  Loss  Win% ┃
┡━━━━━━━━━━━━━╇━━━━━━━╇━━━━━━━━━━━━━━╇━━━━━━━━━━━━━━━━━╇━━━━━━━━━━━━━━╇━━━━━━━━━━━━━━╇━━━━━━━━━━━━━━━━━━━━━━━━┩
│  force_exit │     1 │        -0.88 │          -0.349 │        -0.23 │      2:10:00 │    0     0     1     0 │
│ exit_signal │   487 │        -0.14 │         -31.817 │       -21.21 │      2:26:00 │  151     0   336  31.0 │
│       TOTAL │   488 │        -0.14 │         -32.165 │       -21.44 │      2:26:00 │  151     0   337  30.9 │
└─────────────┴───────┴──────────────┴─────────────────┴──────────────┴──────────────┴────────────────────────┘
                                                      MIXED TAG STATS                                                       
┏━━━━━━━━━━━┳━━━━━━━━━━━━━┳━━━━━━━━┳━━━━━━━━━━━━━━┳━━━━━━━━━━━━━━━━━┳━━━━━━━━━━━━━━┳━━━━━━━━━━━━━━┳━━━━━━━━━━━━━━━━━━━━━━━━┓
┃ Enter Tag ┃ Exit Reason ┃ Trades ┃ Avg Profit % ┃ Tot Profit USDT ┃ Tot Profit % ┃ Avg Duration ┃  Win  Draw  Loss  Win% ┃
┡━━━━━━━━━━━╇━━━━━━━━━━━━━╇━━━━━━━━╇━━━━━━━━━━━━━━╇━━━━━━━━━━━━━━━━━╇━━━━━━━━━━━━━━╇━━━━━━━━━━━━━━╇━━━━━━━━━━━━━━━━━━━━━━━━┩
│           │  force_exit │      1 │        -0.88 │          -0.349 │        -0.23 │      2:10:00 │    0     0     1     0 │
│           │ exit_signal │    487 │        -0.14 │         -31.817 │       -21.21 │      2:26:00 │  151     0   336  31.0 │
│     TOTAL │             │    488 │        -0.14 │         -32.165 │       -21.44 │      2:26:00 │  151     0   337  30.9 │
└───────────┴─────────────┴────────┴──────────────┴─────────────────┴──────────────┴──────────────┴────────────────────────┘
                         SUMMARY METRICS                          
┏━━━━━━━━━━━━━━━━━━━━━━━━━━━━━━━┳━━━━━━━━━━━━━━━━━━━━━━━━━━━━━━━━┓
┃ Metric                        ┃ Value                          ┃
┡━━━━━━━━━━━━━━━━━━━━━━━━━━━━━━━╇━━━━━━━━━━━━━━━━━━━━━━━━━━━━━━━━┩
│ Backtesting from              │ 2025-04-22 00:00:00            │
│ Backtesting to                │ 2026-04-17 00:00:00            │
│ Trading Mode                  │ Spot                           │
│ Max open trades               │ 3                              │
│                               │                                │
│ Total/Daily Avg Trades        │ 488 / 1.36                     │
│ Starting balance              │ 150 USDT                       │
│ Final balance                 │ 117.835 USDT                   │
│ Absolute profit               │ -32.165 USDT                   │
│ Total profit %                │ -21.44%                        │
│ CAGR %                        │ -21.71%                        │
│ Sortino                       │ -4.45                          │
│ Sharpe                        │ -2.42                          │
│ Calmar                        │ -5.14                          │
│ SQN                           │ -2.06                          │
│ Profit factor                 │ 0.75                           │
│ Expectancy (Ratio)            │ -0.07 (-0.17)                  │
│ Avg. daily profit             │ -0.089 USDT                    │
│ Avg. stake amount             │ 43.45 USDT                     │
│ Total trade volume            │ 42459.82 USDT                  │
│                               │                                │
│ Best Pair                     │ XRP/USDT 3.59%                 │
│ Worst Pair                    │ HOME/USDT -21.93%              │
│ Best trade                    │ HOME/USDT 9.26%                │
│ Worst trade                   │ HOME/USDT -7.54%               │
│ Best day                      │ 4.147 USDT                     │
│ Worst day                     │ -4.885 USDT                    │
│ Days win/draw/lose            │ 63 / 156 / 140                 │
│ Min/Max/Avg. Duration Winners │ 0d 01:00 / 0d 07:55 / 0d 03:49 │
│ Min/Max/Avg. Duration Losers  │ 0d 00:05 / 0d 05:25 / 0d 01:49 │
│ Max Consecutive Wins / Loss   │ 7 / 16                         │
│ Rejected Entry signals        │ 0                              │
│ Entry/Exit Timeouts           │ 0 / 0                          │
│                               │                                │
│ Min balance                   │ 116.803 USDT                   │
│ Max balance                   │ 149.424 USDT                   │
│ Max % of account underwater   │ 22.13%                         │
│ Absolute drawdown             │ 33.197 USDT (22.13%)           │
│ Drawdown duration             │ 354 days 17:25:00              │
│ Profit at drawdown start      │ 0 USDT                         │
│ Profit at drawdown end        │ -33.197 USDT                   │
│ Drawdown start                │ 2025-04-24 01:15:00            │
│ Drawdown end                  │ 2026-04-13 18:40:00            │
│ Market change                 │ -10.52%                        │
└───────────────────────────────┴────────────────────────────────┘

Backtested 2025-04-22 00:00:00 -> 2026-04-17 00:00:00 | Max open trades : 3
                                                         STRATEGY SUMMARY                                                          
┏━━━━━━━━━━┳━━━━━━━━┳━━━━━━━━━━━━━━┳━━━━━━━━━━━━━━━━━┳━━━━━━━━━━━━━━┳━━━━━━━━━━━━━━┳━━━━━━━━━━━━━━━━━━━━━━━━┳━━━━━━━━━━━━━━━━━━━━━┓
┃ Strategy ┃ Trades ┃ Avg Profit % ┃ Tot Profit USDT ┃ Tot Profit % ┃ Avg Duration ┃  Win  Draw  Loss  Win% ┃            Drawdown ┃
┡━━━━━━━━━━╇━━━━━━━━╇━━━━━━━━━━━━━━╇━━━━━━━━━━━━━━━━━╇━━━━━━━━━━━━━━╇━━━━━━━━━━━━━━╇━━━━━━━━━━━━━━━━━━━━━━━━╇━━━━━━━━━━━━━━━━━━━━━┩
│      yes │    488 │        -0.14 │         -32.165 │       -21.44 │      2:26:00 │  151     0   337  30.9 │ 33.197 USDT  22.13% │
└──────────┴────────┴──────────────┴─────────────────┴──────────────┴──────────────┴────────────────────────┴─────────────────────┘