2026-04-25 22:23:06,699 - freqtrade - INFO - freqtrade 2026.3
2026-04-25 22:23:07,730 - freqtrade.configuration.load_config - INFO - Using config: /home/mohs/Desktop/ae/pyside6/user_data/config.json ...
2026-04-25 22:23:07,732 - freqtrade.loggers - INFO - Enabling colorized output.
2026-04-25 22:23:07,732 - freqtrade.loggers - INFO - Logfile configured
2026-04-25 22:23:07,733 - freqtrade.loggers - INFO - Verbosity set to 0
2026-04-25 22:23:07,733 - freqtrade.configuration.configuration - INFO - Using additional Strategy lookup path: 
/home/mohs/Desktop/ae/pyside6/user_data/optimizer/sessions/00d5d57f-9960-4dcc-ac23-ec438d4ba9c3/trial_001/strategy_dir
2026-04-25 22:23:07,733 - freqtrade.configuration.configuration - WARNING - `force_entry_enable` RPC message enabled.
2026-04-25 22:23:07,734 - freqtrade.configuration.configuration - INFO - Parameter -i/--timeframe detected ... Using timeframe: 5m ...
2026-04-25 22:23:07,734 - freqtrade.configuration.configuration - INFO - Parameter --max-open-trades detected, overriding max_open_trades to: 3 ...
2026-04-25 22:23:07,734 - freqtrade.configuration.configuration - INFO - Parameter --dry-run-wallet detected, overriding dry_run_wallet to: 150.0 ...
2026-04-25 22:23:07,734 - freqtrade.configuration.configuration - INFO - Parameter --timerange detected: 20250422-20260417 ...
2026-04-25 22:23:07,735 - freqtrade.configuration.configuration - INFO - Using user-data directory: /home/mohs/Desktop/ae/pyside6/user_data ...
2026-04-25 22:23:07,735 - freqtrade.configuration.configuration - INFO - Using data directory: /home/mohs/Desktop/ae/pyside6/user_data/data/binance ...
2026-04-25 22:23:07,735 - freqtrade.configuration.configuration - INFO - Parameter --export detected: trades ...
2026-04-25 22:23:07,736 - freqtrade.configuration.configuration - INFO - Parameter --cache=day detected ...
2026-04-25 22:23:07,736 - freqtrade.configuration.configuration - INFO - Using pairs ['XRP/USDT', 'ETH/USDT', 'HOME/USDT']
2026-04-25 22:23:07,736 - freqtrade.configuration.configuration - INFO - Filter trades by timerange: 20250422-20260417
2026-04-25 22:23:07,737 - freqtrade.exchange.check_exchange - INFO - Checking exchange...
2026-04-25 22:23:07,743 - freqtrade.exchange.check_exchange - INFO - Exchange "binance" is officially supported by the Freqtrade development team.
2026-04-25 22:23:07,743 - freqtrade.configuration.config_validation - INFO - Validating configuration ...
2026-04-25 22:23:07,745 - freqtrade.commands.optimize_commands - INFO - Starting freqtrade in Backtesting mode
2026-04-25 22:23:07,746 - freqtrade.exchange.exchange - INFO - Instance is running with dry_run enabled
2026-04-25 22:23:07,746 - freqtrade.exchange.exchange - INFO - Using CCXT 4.5.50
2026-04-25 22:23:07,746 - freqtrade.exchange.exchange - INFO - Applying additional ccxt config: {'enableRateLimit': True, 'timeout': 120000}
2026-04-25 22:23:07,751 - freqtrade.exchange.exchange - INFO - Applying additional ccxt config: {'enableRateLimit': True, 'timeout': 120000}
2026-04-25 22:23:07,757 - freqtrade.exchange.exchange - INFO - Using Exchange "Binance"
2026-04-25 22:23:08,885 - freqtrade.resolvers.exchange_resolver - INFO - Using resolved exchange 'Binance'...
2026-04-25 22:23:08,894 - freqtrade.resolvers.iresolver - INFO - Using resolved strategy yes from 
'/home/mohs/Desktop/ae/pyside6/user_data/optimizer/sessions/00d5d57f-9960-4dcc-ac23-ec438d4ba9c3/trial_001/strategy_dir/yes.py'...
2026-04-25 22:23:08,894 - freqtrade.strategy.hyper - INFO - Loading parameters from file 
/home/mohs/Desktop/ae/pyside6/user_data/optimizer/sessions/00d5d57f-9960-4dcc-ac23-ec438d4ba9c3/trial_001/strategy_dir/yes.json
2026-04-25 22:23:08,895 - freqtrade.resolvers.strategy_resolver - INFO - Override strategy 'timeframe' with value from the configuration: 5m.
2026-04-25 22:23:08,895 - freqtrade.resolvers.strategy_resolver - INFO - Override strategy 'stake_currency' with value from the configuration: USDT.
2026-04-25 22:23:08,895 - freqtrade.resolvers.strategy_resolver - INFO - Override strategy 'stake_amount' with value from the configuration: unlimited.
2026-04-25 22:23:08,895 - freqtrade.resolvers.strategy_resolver - INFO - Override strategy 'use_exit_signal' with value from the configuration: True.
2026-04-25 22:23:08,896 - freqtrade.resolvers.strategy_resolver - INFO - Override strategy 'max_open_trades' with value from the configuration: 3.
2026-04-25 22:23:08,896 - freqtrade.resolvers.strategy_resolver - INFO - Strategy using minimal_roi: {'0': 0.8316052711063686, '13': 1.336903207343664, '146': 0.3544302771373241, '38': 
0.4272277556702102}
2026-04-25 22:23:08,896 - freqtrade.resolvers.strategy_resolver - INFO - Strategy using timeframe: 5m
2026-04-25 22:23:08,897 - freqtrade.resolvers.strategy_resolver - INFO - Strategy using stoploss: -0.34930294374629456
2026-04-25 22:23:08,897 - freqtrade.resolvers.strategy_resolver - INFO - Strategy using trailing_stop: False
2026-04-25 22:23:08,897 - freqtrade.resolvers.strategy_resolver - INFO - Strategy using trailing_stop_positive: 0.4646368224258086
2026-04-25 22:23:08,897 - freqtrade.resolvers.strategy_resolver - INFO - Strategy using trailing_stop_positive_offset: 0.05047771848174069
2026-04-25 22:23:08,898 - freqtrade.resolvers.strategy_resolver - INFO - Strategy using trailing_only_offset_is_reached: True
2026-04-25 22:23:08,898 - freqtrade.resolvers.strategy_resolver - INFO - Strategy using use_custom_stoploss: False
2026-04-25 22:23:08,898 - freqtrade.resolvers.strategy_resolver - INFO - Strategy using process_only_new_candles: True
2026-04-25 22:23:08,898 - freqtrade.resolvers.strategy_resolver - INFO - Strategy using order_types: {'entry': 'limit', 'exit': 'limit', 'stoploss': 'limit', 'stoploss_on_exchange': False, 
'stoploss_on_exchange_interval': 60}
2026-04-25 22:23:08,899 - freqtrade.resolvers.strategy_resolver - INFO - Strategy using order_time_in_force: {'entry': 'GTC', 'exit': 'GTC'}
2026-04-25 22:23:08,899 - freqtrade.resolvers.strategy_resolver - INFO - Strategy using stake_currency: USDT
2026-04-25 22:23:08,899 - freqtrade.resolvers.strategy_resolver - INFO - Strategy using stake_amount: unlimited
2026-04-25 22:23:08,900 - freqtrade.resolvers.strategy_resolver - INFO - Strategy using startup_candle_count: 0
2026-04-25 22:23:08,900 - freqtrade.resolvers.strategy_resolver - INFO - Strategy using use_exit_signal: True
2026-04-25 22:23:08,900 - freqtrade.resolvers.strategy_resolver - INFO - Strategy using exit_profit_only: False
2026-04-25 22:23:08,900 - freqtrade.resolvers.strategy_resolver - INFO - Strategy using ignore_roi_if_entry_signal: False
2026-04-25 22:23:08,901 - freqtrade.resolvers.strategy_resolver - INFO - Strategy using exit_profit_offset: 0.0
2026-04-25 22:23:08,901 - freqtrade.resolvers.strategy_resolver - INFO - Strategy using disable_dataframe_checks: False
2026-04-25 22:23:08,901 - freqtrade.resolvers.strategy_resolver - INFO - Strategy using ignore_buying_expired_candle_after: 0
2026-04-25 22:23:08,901 - freqtrade.resolvers.strategy_resolver - INFO - Strategy using position_adjustment_enable: False
2026-04-25 22:23:08,902 - freqtrade.resolvers.strategy_resolver - INFO - Strategy using max_entry_position_adjustment: -1
2026-04-25 22:23:08,902 - freqtrade.resolvers.strategy_resolver - INFO - Strategy using max_open_trades: 3
2026-04-25 22:23:08,902 - freqtrade.configuration.config_validation - INFO - Validating configuration ...
2026-04-25 22:23:08,906 - freqtrade.resolvers.iresolver - INFO - Using resolved pairlist StaticPairList from 
'/home/mohs/Desktop/ae/pyside6/.venv/lib/python3.12/site-packages/freqtrade/plugins/pairlist/StaticPairList.py'...
2026-04-25 22:23:08,918 - freqtrade.optimize.backtesting - INFO - Using fee 0.1000% - worst case fee from exchange (lowest tier).
2026-04-25 22:23:09,056 - freqtrade.data.history.datahandlers.idatahandler - WARNING - XRP/USDT, spot, 5m, data ends at 2026-04-11 01:45:00
2026-04-25 22:23:09,453 - freqtrade.data.history.datahandlers.idatahandler - WARNING - HOME/USDT, spot, 5m, data starts at 2025-06-12 15:00:00
2026-04-25 22:23:09,483 - freqtrade.optimize.backtesting - INFO - Loading data from 2025-04-22 00:00:00 up to 2026-04-17 00:00:00 (360 days).
2026-04-25 22:23:11,539 - freqtrade.optimize.backtesting - INFO - Dataload complete. Calculating indicators
2026-04-25 22:23:11,546 - freqtrade.optimize.backtesting - INFO - Running backtesting for Strategy yes
2026-04-25 22:23:11,546 - freqtrade.strategy.hyper - INFO - Strategy Parameter: buy_ma_count = 6
2026-04-25 22:23:11,546 - freqtrade.strategy.hyper - INFO - Strategy Parameter: buy_ma_gap = 35
2026-04-25 22:23:11,547 - freqtrade.strategy.hyper - INFO - Strategy Parameter: sell_ma_count = 11
2026-04-25 22:23:11,547 - freqtrade.strategy.hyper - INFO - Strategy Parameter: sell_ma_gap = 1
2026-04-25 22:23:11,661 - freqtrade.optimize.backtesting - INFO - Backtesting with data from 2025-04-22 00:00:00 up to 2026-04-17 00:00:00 (360 days).
/home/mohs/Desktop/ae/pyside6/.venv/lib/python3.12/site-packages/freqtrade/data/metrics.py:77: FutureWarning: The default fill_method='pad' in DataFrame.pct_change is deprecated and will be removed in a future version. Either fill in any non-leading NA values prior to calling pct_change or specify 'fill_method=None' to not fill NA values.
  rel_mean = df_comb.pct_change().mean(axis=1).fillna(0).cumsum()
2026-04-25 22:23:16,601 - freqtrade.misc - INFO - dumping json to "/home/mohs/Desktop/ae/pyside6/user_data/backtest_results/backtest-result-2026-04-25_22-23-16.meta.json"
Result for strategy yes
                                              BACKTESTING REPORT                                              
┏━━━━━━━━━━━┳━━━━━━━━┳━━━━━━━━━━━━━━┳━━━━━━━━━━━━━━━━━┳━━━━━━━━━━━━━━┳━━━━━━━━━━━━━━┳━━━━━━━━━━━━━━━━━━━━━━━━┓
┃      Pair ┃ Trades ┃ Avg Profit % ┃ Tot Profit USDT ┃ Tot Profit % ┃ Avg Duration ┃  Win  Draw  Loss  Win% ┃
┡━━━━━━━━━━━╇━━━━━━━━╇━━━━━━━━━━━━━━╇━━━━━━━━━━━━━━━━━╇━━━━━━━━━━━━━━╇━━━━━━━━━━━━━━╇━━━━━━━━━━━━━━━━━━━━━━━━┩
│ HOME/USDT │    442 │        -0.18 │         -23.289 │       -15.53 │      1:45:00 │  112     0   330  25.3 │
│  XRP/USDT │    509 │        -0.14 │         -26.372 │       -17.58 │      1:46:00 │  153     0   356  30.1 │
│  ETH/USDT │    525 │         -0.2 │         -37.701 │       -25.13 │      1:42:00 │  142     0   383  27.0 │
│     TOTAL │   1476 │        -0.17 │         -87.361 │       -58.24 │      1:45:00 │  407     0  1069  27.6 │
└───────────┴────────┴──────────────┴─────────────────┴──────────────┴──────────────┴────────────────────────┘
                                         LEFT OPEN TRADES REPORT                                          
┏━━━━━━━┳━━━━━━━━┳━━━━━━━━━━━━━━┳━━━━━━━━━━━━━━━━━┳━━━━━━━━━━━━━━┳━━━━━━━━━━━━━━┳━━━━━━━━━━━━━━━━━━━━━━━━┓
┃  Pair ┃ Trades ┃ Avg Profit % ┃ Tot Profit USDT ┃ Tot Profit % ┃ Avg Duration ┃  Win  Draw  Loss  Win% ┃
┡━━━━━━━╇━━━━━━━━╇━━━━━━━━━━━━━━╇━━━━━━━━━━━━━━━━━╇━━━━━━━━━━━━━━╇━━━━━━━━━━━━━━╇━━━━━━━━━━━━━━━━━━━━━━━━┩
│ TOTAL │      0 │          0.0 │           0.000 │          0.0 │         0:00 │    0     0     0     0 │
└───────┴────────┴──────────────┴─────────────────┴──────────────┴──────────────┴────────────────────────┘
                                                ENTER TAG STATS                                                
┏━━━━━━━━━━━┳━━━━━━━━━┳━━━━━━━━━━━━━━┳━━━━━━━━━━━━━━━━━┳━━━━━━━━━━━━━━┳━━━━━━━━━━━━━━┳━━━━━━━━━━━━━━━━━━━━━━━━┓
┃ Enter Tag ┃ Entries ┃ Avg Profit % ┃ Tot Profit USDT ┃ Tot Profit % ┃ Avg Duration ┃  Win  Draw  Loss  Win% ┃
┡━━━━━━━━━━━╇━━━━━━━━━╇━━━━━━━━━━━━━━╇━━━━━━━━━━━━━━━━━╇━━━━━━━━━━━━━━╇━━━━━━━━━━━━━━╇━━━━━━━━━━━━━━━━━━━━━━━━┩
│     OTHER │    1476 │        -0.17 │         -87.361 │       -58.24 │      1:45:00 │  407     0  1069  27.6 │
│     TOTAL │    1476 │        -0.17 │         -87.361 │       -58.24 │      1:45:00 │  407     0  1069  27.6 │
└───────────┴─────────┴──────────────┴─────────────────┴──────────────┴──────────────┴────────────────────────┘
                                               EXIT REASON STATS                                               
┏━━━━━━━━━━━━━┳━━━━━━━┳━━━━━━━━━━━━━━┳━━━━━━━━━━━━━━━━━┳━━━━━━━━━━━━━━┳━━━━━━━━━━━━━━┳━━━━━━━━━━━━━━━━━━━━━━━━┓
┃ Exit Reason ┃ Exits ┃ Avg Profit % ┃ Tot Profit USDT ┃ Tot Profit % ┃ Avg Duration ┃  Win  Draw  Loss  Win% ┃
┡━━━━━━━━━━━━━╇━━━━━━━╇━━━━━━━━━━━━━━╇━━━━━━━━━━━━━━━━━╇━━━━━━━━━━━━━━╇━━━━━━━━━━━━━━╇━━━━━━━━━━━━━━━━━━━━━━━━┩
│ exit_signal │  1476 │        -0.17 │         -87.361 │       -58.24 │      1:45:00 │  407     0  1069  27.6 │
│       TOTAL │  1476 │        -0.17 │         -87.361 │       -58.24 │      1:45:00 │  407     0  1069  27.6 │
└─────────────┴───────┴──────────────┴─────────────────┴──────────────┴──────────────┴────────────────────────┘
                                                      MIXED TAG STATS                                                       
┏━━━━━━━━━━━┳━━━━━━━━━━━━━┳━━━━━━━━┳━━━━━━━━━━━━━━┳━━━━━━━━━━━━━━━━━┳━━━━━━━━━━━━━━┳━━━━━━━━━━━━━━┳━━━━━━━━━━━━━━━━━━━━━━━━┓
┃ Enter Tag ┃ Exit Reason ┃ Trades ┃ Avg Profit % ┃ Tot Profit USDT ┃ Tot Profit % ┃ Avg Duration ┃  Win  Draw  Loss  Win% ┃
┡━━━━━━━━━━━╇━━━━━━━━━━━━━╇━━━━━━━━╇━━━━━━━━━━━━━━╇━━━━━━━━━━━━━━━━━╇━━━━━━━━━━━━━━╇━━━━━━━━━━━━━━╇━━━━━━━━━━━━━━━━━━━━━━━━┩
│           │ exit_signal │   1476 │        -0.17 │         -87.361 │       -58.24 │      1:45:00 │  407     0  1069  27.6 │
│     TOTAL │             │   1476 │        -0.17 │         -87.361 │       -58.24 │      1:45:00 │  407     0  1069  27.6 │
└───────────┴─────────────┴────────┴──────────────┴─────────────────┴──────────────┴──────────────┴────────────────────────┘
                         SUMMARY METRICS                          
┏━━━━━━━━━━━━━━━━━━━━━━━━━━━━━━━┳━━━━━━━━━━━━━━━━━━━━━━━━━━━━━━━━┓
┃ Metric                        ┃ Value                          ┃
┡━━━━━━━━━━━━━━━━━━━━━━━━━━━━━━━╇━━━━━━━━━━━━━━━━━━━━━━━━━━━━━━━━┩
│ Backtesting from              │ 2025-04-22 00:00:00            │
│ Backtesting to                │ 2026-04-17 00:00:00            │
│ Trading Mode                  │ Spot                           │
│ Max open trades               │ 3                              │
│                               │                                │
│ Total/Daily Avg Trades        │ 1476 / 4.1                     │
│ Starting balance              │ 150 USDT                       │
│ Final balance                 │ 62.639 USDT                    │
│ Absolute profit               │ -87.361 USDT                   │
│ Total profit %                │ -58.24%                        │
│ CAGR %                        │ -58.74%                        │
│ Sortino                       │ -21.71                         │
│ Sharpe                        │ -11.19                         │
│ Calmar                        │ -5.30                          │
│ SQN                           │ -5.49                          │
│ Profit factor                 │ 0.63                           │
│ Expectancy (Ratio)            │ -0.06 (-0.27)                  │
│ Avg. daily profit             │ -0.243 USDT                    │
│ Avg. stake amount             │ 30.333 USDT                    │
│ Total trade volume            │ 89633.927 USDT                 │
│                               │                                │
│ Best Pair                     │ HOME/USDT -15.53%              │
│ Worst Pair                    │ ETH/USDT -25.13%               │
│ Best trade                    │ HOME/USDT 10.94%               │
│ Worst trade                   │ HOME/USDT -6.42%               │
│ Best day                      │ 5.51 USDT                      │
│ Worst day                     │ -2.661 USDT                    │
│ Days win/draw/lose            │ 101 / 7 / 250                  │
│ Min/Max/Avg. Duration Winners │ 0d 00:15 / 0d 07:15 / 0d 02:58 │
│ Min/Max/Avg. Duration Losers  │ 0d 00:05 / 0d 04:35 / 0d 01:17 │
│ Max Consecutive Wins / Loss   │ 7 / 18                         │
│ Rejected Entry signals        │ 0                              │
│ Entry/Exit Timeouts           │ 0 / 0                          │
│                               │                                │
│ Min balance                   │ 62.55 USDT                     │
│ Max balance                   │ 150.1 USDT                     │
│ Max % of account underwater   │ 58.33%                         │
│ Absolute drawdown             │ 87.55 USDT (58.33%)            │
│ Drawdown duration             │ 348 days 05:00:00              │
│ Profit at drawdown start      │ 0.1 USDT                       │
│ Profit at drawdown end        │ -87.45 USDT                    │
│ Drawdown start                │ 2025-04-24 17:00:00            │
│ Drawdown end                  │ 2026-04-07 22:00:00            │
│ Market change                 │ -10.52%                        │
└───────────────────────────────┴────────────────────────────────┘

Backtested 2025-04-22 00:00:00 -> 2026-04-17 00:00:00 | Max open trades : 3
                                                         STRATEGY SUMMARY                                                         
┏━━━━━━━━━━┳━━━━━━━━┳━━━━━━━━━━━━━━┳━━━━━━━━━━━━━━━━━┳━━━━━━━━━━━━━━┳━━━━━━━━━━━━━━┳━━━━━━━━━━━━━━━━━━━━━━━━┳━━━━━━━━━━━━━━━━━━━━┓
┃ Strategy ┃ Trades ┃ Avg Profit % ┃ Tot Profit USDT ┃ Tot Profit % ┃ Avg Duration ┃  Win  Draw  Loss  Win% ┃           Drawdown ┃
┡━━━━━━━━━━╇━━━━━━━━╇━━━━━━━━━━━━━━╇━━━━━━━━━━━━━━━━━╇━━━━━━━━━━━━━━╇━━━━━━━━━━━━━━╇━━━━━━━━━━━━━━━━━━━━━━━━╇━━━━━━━━━━━━━━━━━━━━┩
│      yes │   1476 │        -0.17 │         -87.361 │       -58.24 │      1:45:00 │  407     0  1069  27.6 │ 87.55 USDT  58.33% │
└──────────┴────────┴──────────────┴─────────────────┴──────────────┴──────────────┴────────────────────────┴────────────────────┘