2026-04-25 22:48:20,327 - freqtrade - INFO - freqtrade 2026.3
2026-04-25 22:48:21,372 - freqtrade.configuration.load_config - INFO - Using config: /home/mohs/Desktop/ae/pyside6/user_data/config.json ...
2026-04-25 22:48:21,375 - freqtrade.loggers - INFO - Enabling colorized output.
2026-04-25 22:48:21,375 - freqtrade.loggers - INFO - Logfile configured
2026-04-25 22:48:21,375 - freqtrade.loggers - INFO - Verbosity set to 0
2026-04-25 22:48:21,375 - freqtrade.configuration.configuration - INFO - Using additional Strategy lookup path: 
/home/mohs/Desktop/ae/pyside6/user_data/optimizer/sessions/b8194b7f-3716-497e-8a17-833c28d4e223/trial_169/strategy_dir
2026-04-25 22:48:21,376 - freqtrade.configuration.configuration - WARNING - `force_entry_enable` RPC message enabled.
2026-04-25 22:48:21,376 - freqtrade.configuration.configuration - INFO - Parameter -i/--timeframe detected ... Using timeframe: 4h ...
2026-04-25 22:48:21,376 - freqtrade.configuration.configuration - INFO - Parameter --max-open-trades detected, overriding max_open_trades to: 3 ...
2026-04-25 22:48:21,377 - freqtrade.configuration.configuration - INFO - Parameter --dry-run-wallet detected, overriding dry_run_wallet to: 150.0 ...
2026-04-25 22:48:21,377 - freqtrade.configuration.configuration - INFO - Parameter --timerange detected: 20250422-20260417 ...
2026-04-25 22:48:21,377 - freqtrade.configuration.configuration - INFO - Using user-data directory: /home/mohs/Desktop/ae/pyside6/user_data ...
2026-04-25 22:48:21,378 - freqtrade.configuration.configuration - INFO - Using data directory: /home/mohs/Desktop/ae/pyside6/user_data/data/binance ...
2026-04-25 22:48:21,378 - freqtrade.configuration.configuration - INFO - Parameter --export detected: trades ...
2026-04-25 22:48:21,378 - freqtrade.configuration.configuration - INFO - Parameter --cache=day detected ...
2026-04-25 22:48:21,379 - freqtrade.configuration.configuration - INFO - Using pairs ['XRP/USDT', 'ETH/USDT', 'HOME/USDT']
2026-04-25 22:48:21,379 - freqtrade.configuration.configuration - INFO - Filter trades by timerange: 20250422-20260417
2026-04-25 22:48:21,379 - freqtrade.exchange.check_exchange - INFO - Checking exchange...
2026-04-25 22:48:21,385 - freqtrade.exchange.check_exchange - INFO - Exchange "binance" is officially supported by the Freqtrade development team.
2026-04-25 22:48:21,386 - freqtrade.configuration.config_validation - INFO - Validating configuration ...
2026-04-25 22:48:21,387 - freqtrade.commands.optimize_commands - INFO - Starting freqtrade in Backtesting mode
2026-04-25 22:48:21,388 - freqtrade.exchange.exchange - INFO - Instance is running with dry_run enabled
2026-04-25 22:48:21,388 - freqtrade.exchange.exchange - INFO - Using CCXT 4.5.50
2026-04-25 22:48:21,388 - freqtrade.exchange.exchange - INFO - Applying additional ccxt config: {'enableRateLimit': True, 'timeout': 120000}
2026-04-25 22:48:21,394 - freqtrade.exchange.exchange - INFO - Applying additional ccxt config: {'enableRateLimit': True, 'timeout': 120000}
2026-04-25 22:48:21,399 - freqtrade.exchange.exchange - INFO - Using Exchange "Binance"
2026-04-25 22:48:22,542 - freqtrade.resolvers.exchange_resolver - INFO - Using resolved exchange 'Binance'...
2026-04-25 22:48:22,550 - freqtrade.resolvers.iresolver - INFO - Using resolved strategy yes from 
'/home/mohs/Desktop/ae/pyside6/user_data/optimizer/sessions/b8194b7f-3716-497e-8a17-833c28d4e223/trial_169/strategy_dir/yes.py'...
2026-04-25 22:48:22,550 - freqtrade.strategy.hyper - INFO - Loading parameters from file 
/home/mohs/Desktop/ae/pyside6/user_data/optimizer/sessions/b8194b7f-3716-497e-8a17-833c28d4e223/trial_169/strategy_dir/yes.json
2026-04-25 22:48:22,551 - freqtrade.resolvers.strategy_resolver - INFO - Override strategy 'timeframe' with value from the configuration: 4h.
2026-04-25 22:48:22,551 - freqtrade.resolvers.strategy_resolver - INFO - Override strategy 'stake_currency' with value from the configuration: USDT.
2026-04-25 22:48:22,551 - freqtrade.resolvers.strategy_resolver - INFO - Override strategy 'stake_amount' with value from the configuration: unlimited.
2026-04-25 22:48:22,552 - freqtrade.resolvers.strategy_resolver - INFO - Override strategy 'use_exit_signal' with value from the configuration: True.
2026-04-25 22:48:22,552 - freqtrade.resolvers.strategy_resolver - INFO - Override strategy 'max_open_trades' with value from the configuration: 3.
2026-04-25 22:48:22,552 - freqtrade.resolvers.strategy_resolver - INFO - Strategy using minimal_roi: {'0': 1.3943099133486914, '13': 0.5347660134072679, '146': 0.10571800171921636, '38': 
0.10605177889528258}
2026-04-25 22:48:22,552 - freqtrade.resolvers.strategy_resolver - INFO - Strategy using timeframe: 4h
2026-04-25 22:48:22,553 - freqtrade.resolvers.strategy_resolver - INFO - Strategy using stoploss: -0.9015883377739776
2026-04-25 22:48:22,553 - freqtrade.resolvers.strategy_resolver - INFO - Strategy using trailing_stop: False
2026-04-25 22:48:22,553 - freqtrade.resolvers.strategy_resolver - INFO - Strategy using trailing_stop_positive: 0.23539338890201936
2026-04-25 22:48:22,553 - freqtrade.resolvers.strategy_resolver - INFO - Strategy using trailing_stop_positive_offset: 0.3363536653917464
2026-04-25 22:48:22,554 - freqtrade.resolvers.strategy_resolver - INFO - Strategy using trailing_only_offset_is_reached: True
2026-04-25 22:48:22,554 - freqtrade.resolvers.strategy_resolver - INFO - Strategy using use_custom_stoploss: False
2026-04-25 22:48:22,554 - freqtrade.resolvers.strategy_resolver - INFO - Strategy using process_only_new_candles: True
2026-04-25 22:48:22,554 - freqtrade.resolvers.strategy_resolver - INFO - Strategy using order_types: {'entry': 'limit', 'exit': 'limit', 'stoploss': 'limit', 'stoploss_on_exchange': False, 
'stoploss_on_exchange_interval': 60}
2026-04-25 22:48:22,555 - freqtrade.resolvers.strategy_resolver - INFO - Strategy using order_time_in_force: {'entry': 'GTC', 'exit': 'GTC'}
2026-04-25 22:48:22,555 - freqtrade.resolvers.strategy_resolver - INFO - Strategy using stake_currency: USDT
2026-04-25 22:48:22,555 - freqtrade.resolvers.strategy_resolver - INFO - Strategy using stake_amount: unlimited
2026-04-25 22:48:22,555 - freqtrade.resolvers.strategy_resolver - INFO - Strategy using startup_candle_count: 0
2026-04-25 22:48:22,556 - freqtrade.resolvers.strategy_resolver - INFO - Strategy using use_exit_signal: True
2026-04-25 22:48:22,556 - freqtrade.resolvers.strategy_resolver - INFO - Strategy using exit_profit_only: False
2026-04-25 22:48:22,556 - freqtrade.resolvers.strategy_resolver - INFO - Strategy using ignore_roi_if_entry_signal: False
2026-04-25 22:48:22,556 - freqtrade.resolvers.strategy_resolver - INFO - Strategy using exit_profit_offset: 0.0
2026-04-25 22:48:22,557 - freqtrade.resolvers.strategy_resolver - INFO - Strategy using disable_dataframe_checks: False
2026-04-25 22:48:22,557 - freqtrade.resolvers.strategy_resolver - INFO - Strategy using ignore_buying_expired_candle_after: 0
2026-04-25 22:48:22,557 - freqtrade.resolvers.strategy_resolver - INFO - Strategy using position_adjustment_enable: False
2026-04-25 22:48:22,558 - freqtrade.resolvers.strategy_resolver - INFO - Strategy using max_entry_position_adjustment: -1
2026-04-25 22:48:22,558 - freqtrade.resolvers.strategy_resolver - INFO - Strategy using max_open_trades: 3
2026-04-25 22:48:22,558 - freqtrade.configuration.config_validation - INFO - Validating configuration ...
2026-04-25 22:48:22,562 - freqtrade.resolvers.iresolver - INFO - Using resolved pairlist StaticPairList from 
'/home/mohs/Desktop/ae/pyside6/.venv/lib/python3.12/site-packages/freqtrade/plugins/pairlist/StaticPairList.py'...
2026-04-25 22:48:22,574 - freqtrade.optimize.backtesting - INFO - Using fee 0.1000% - worst case fee from exchange (lowest tier).
2026-04-25 22:48:22,608 - freqtrade.data.history.datahandlers.idatahandler - WARNING - HOME/USDT, spot, 4h, data starts at 2025-06-12 12:00:00
2026-04-25 22:48:22,615 - freqtrade.optimize.backtesting - INFO - Loading data from 2025-04-22 00:00:00 up to 2026-04-17 00:00:00 (360 days).
2026-04-25 22:48:22,669 - freqtrade.optimize.backtesting - INFO - Dataload complete. Calculating indicators
2026-04-25 22:48:22,679 - freqtrade.optimize.backtesting - INFO - Running backtesting for Strategy yes
2026-04-25 22:48:22,679 - freqtrade.strategy.hyper - INFO - Strategy Parameter: buy_ma_count = 3
2026-04-25 22:48:22,680 - freqtrade.strategy.hyper - INFO - Strategy Parameter: buy_ma_gap = 5
2026-04-25 22:48:22,680 - freqtrade.strategy.hyper - INFO - Strategy Parameter: sell_ma_count = 15
2026-04-25 22:48:22,680 - freqtrade.strategy.hyper - INFO - Strategy Parameter: sell_ma_gap = 46
2026-04-25 22:48:22,689 - freqtrade.optimize.backtesting - INFO - Backtesting with data from 2025-04-22 00:00:00 up to 2026-04-17 00:00:00 (360 days).
2026-04-25 22:48:23,173 - freqtrade.misc - INFO - dumping json to "/home/mohs/Desktop/ae/pyside6/user_data/backtest_results/backtest-result-2026-04-25_22-48-23.meta.json"
Result for strategy yes
                                                BACKTESTING REPORT                                                
┏━━━━━━━━━━━┳━━━━━━━━┳━━━━━━━━━━━━━━┳━━━━━━━━━━━━━━━━━┳━━━━━━━━━━━━━━┳━━━━━━━━━━━━━━━━━━┳━━━━━━━━━━━━━━━━━━━━━━━━┓
┃      Pair ┃ Trades ┃ Avg Profit % ┃ Tot Profit USDT ┃ Tot Profit % ┃     Avg Duration ┃  Win  Draw  Loss  Win% ┃
┡━━━━━━━━━━━╇━━━━━━━━╇━━━━━━━━━━━━━━╇━━━━━━━━━━━━━━━━━╇━━━━━━━━━━━━━━╇━━━━━━━━━━━━━━━━━━╇━━━━━━━━━━━━━━━━━━━━━━━━┩
│  ETH/USDT │     12 │         4.86 │          32.621 │        21.75 │ 5 days, 20:40:00 │    7     0     5  58.3 │
│ HOME/USDT │     14 │         3.07 │          22.812 │        15.21 │  4 days, 9:43:00 │    7     0     7  50.0 │
│  XRP/USDT │      9 │         3.65 │          19.662 │        13.11 │  7 days, 9:47:00 │    6     0     3  66.7 │
│     TOTAL │     35 │         3.83 │          75.095 │        50.06 │ 5 days, 16:14:00 │   20     0    15  57.1 │
└───────────┴────────┴──────────────┴─────────────────┴──────────────┴──────────────────┴────────────────────────┘
                                         LEFT OPEN TRADES REPORT                                          
┏━━━━━━━┳━━━━━━━━┳━━━━━━━━━━━━━━┳━━━━━━━━━━━━━━━━━┳━━━━━━━━━━━━━━┳━━━━━━━━━━━━━━┳━━━━━━━━━━━━━━━━━━━━━━━━┓
┃  Pair ┃ Trades ┃ Avg Profit % ┃ Tot Profit USDT ┃ Tot Profit % ┃ Avg Duration ┃  Win  Draw  Loss  Win% ┃
┡━━━━━━━╇━━━━━━━━╇━━━━━━━━━━━━━━╇━━━━━━━━━━━━━━━━━╇━━━━━━━━━━━━━━╇━━━━━━━━━━━━━━╇━━━━━━━━━━━━━━━━━━━━━━━━┩
│ TOTAL │      0 │          0.0 │           0.000 │          0.0 │         0:00 │    0     0     0     0 │
└───────┴────────┴──────────────┴─────────────────┴──────────────┴──────────────┴────────────────────────┘
                                                  ENTER TAG STATS                                                  
┏━━━━━━━━━━━┳━━━━━━━━━┳━━━━━━━━━━━━━━┳━━━━━━━━━━━━━━━━━┳━━━━━━━━━━━━━━┳━━━━━━━━━━━━━━━━━━┳━━━━━━━━━━━━━━━━━━━━━━━━┓
┃ Enter Tag ┃ Entries ┃ Avg Profit % ┃ Tot Profit USDT ┃ Tot Profit % ┃     Avg Duration ┃  Win  Draw  Loss  Win% ┃
┡━━━━━━━━━━━╇━━━━━━━━━╇━━━━━━━━━━━━━━╇━━━━━━━━━━━━━━━━━╇━━━━━━━━━━━━━━╇━━━━━━━━━━━━━━━━━━╇━━━━━━━━━━━━━━━━━━━━━━━━┩
│     OTHER │      35 │         3.83 │          75.095 │        50.06 │ 5 days, 16:14:00 │   20     0    15  57.1 │
│     TOTAL │      35 │         3.83 │          75.095 │        50.06 │ 5 days, 16:14:00 │   20     0    15  57.1 │
└───────────┴─────────┴──────────────┴─────────────────┴──────────────┴──────────────────┴────────────────────────┘
                                                 EXIT REASON STATS                                                 
┏━━━━━━━━━━━━━┳━━━━━━━┳━━━━━━━━━━━━━━┳━━━━━━━━━━━━━━━━━┳━━━━━━━━━━━━━━┳━━━━━━━━━━━━━━━━━━┳━━━━━━━━━━━━━━━━━━━━━━━━┓
┃ Exit Reason ┃ Exits ┃ Avg Profit % ┃ Tot Profit USDT ┃ Tot Profit % ┃     Avg Duration ┃  Win  Draw  Loss  Win% ┃
┡━━━━━━━━━━━━━╇━━━━━━━╇━━━━━━━━━━━━━━╇━━━━━━━━━━━━━━━━━╇━━━━━━━━━━━━━━╇━━━━━━━━━━━━━━━━━━╇━━━━━━━━━━━━━━━━━━━━━━━━┩
│         roi │    20 │        10.57 │         126.137 │        84.09 │  5 days, 6:00:00 │   20     0     0   100 │
│ exit_signal │    15 │        -5.16 │         -51.041 │       -34.03 │  6 days, 5:52:00 │    0     0    15     0 │
│       TOTAL │    35 │         3.83 │          75.095 │        50.06 │ 5 days, 16:14:00 │   20     0    15  57.1 │
└─────────────┴───────┴──────────────┴─────────────────┴──────────────┴──────────────────┴────────────────────────┘
                                                        MIXED TAG STATS                                                         
┏━━━━━━━━━━━┳━━━━━━━━━━━━━┳━━━━━━━━┳━━━━━━━━━━━━━━┳━━━━━━━━━━━━━━━━━┳━━━━━━━━━━━━━━┳━━━━━━━━━━━━━━━━━━┳━━━━━━━━━━━━━━━━━━━━━━━━┓
┃ Enter Tag ┃ Exit Reason ┃ Trades ┃ Avg Profit % ┃ Tot Profit USDT ┃ Tot Profit % ┃     Avg Duration ┃  Win  Draw  Loss  Win% ┃
┡━━━━━━━━━━━╇━━━━━━━━━━━━━╇━━━━━━━━╇━━━━━━━━━━━━━━╇━━━━━━━━━━━━━━━━━╇━━━━━━━━━━━━━━╇━━━━━━━━━━━━━━━━━━╇━━━━━━━━━━━━━━━━━━━━━━━━┩
│           │         roi │     20 │        10.57 │         126.137 │        84.09 │  5 days, 6:00:00 │   20     0     0   100 │
│           │ exit_signal │     15 │        -5.16 │         -51.041 │       -34.03 │  6 days, 5:52:00 │    0     0    15     0 │
│     TOTAL │             │     35 │         3.83 │          75.095 │        50.06 │ 5 days, 16:14:00 │   20     0    15  57.1 │
└───────────┴─────────────┴────────┴──────────────┴─────────────────┴──────────────┴──────────────────┴────────────────────────┘
                          SUMMARY METRICS                          
┏━━━━━━━━━━━━━━━━━━━━━━━━━━━━━━━┳━━━━━━━━━━━━━━━━━━━━━━━━━━━━━━━━━┓
┃ Metric                        ┃ Value                           ┃
┡━━━━━━━━━━━━━━━━━━━━━━━━━━━━━━━╇━━━━━━━━━━━━━━━━━━━━━━━━━━━━━━━━━┩
│ Backtesting from              │ 2025-04-22 00:00:00             │
│ Backtesting to                │ 2026-04-17 00:00:00             │
│ Trading Mode                  │ Spot                            │
│ Max open trades               │ 3                               │
│                               │                                 │
│ Total/Daily Avg Trades        │ 35 / 0.1                        │
│ Starting balance              │ 150 USDT                        │
│ Final balance                 │ 225.095 USDT                    │
│ Absolute profit               │ 75.095 USDT                     │
│ Total profit %                │ 50.06%                          │
│ CAGR %                        │ 50.91%                          │
│ Sortino                       │ 1.67                            │
│ Sharpe                        │ 0.78                            │
│ Calmar                        │ 20.93                           │
│ SQN                           │ 2.45                            │
│ Profit factor                 │ 2.47                            │
│ Expectancy (Ratio)            │ 2.15 (0.63)                     │
│ Avg. daily profit             │ 0.209 USDT                      │
│ Avg. stake amount             │ 63.562 USDT                     │
│ Total trade volume            │ 4533.484 USDT                   │
│                               │                                 │
│ Best Pair                     │ ETH/USDT 21.75%                 │
│ Worst Pair                    │ XRP/USDT 13.11%                 │
│ Best trade                    │ HOME/USDT 10.59%                │
│ Worst trade                   │ XRP/USDT -18.32%                │
│ Best day                      │ 12.315 USDT                     │
│ Worst day                     │ -10.461 USDT                    │
│ Days win/draw/lose            │ 18 / 221 / 13                   │
│ Min/Max/Avg. Duration Winners │ 0d 08:00 / 19d 00:00 / 5d 06:00 │
│ Min/Max/Avg. Duration Losers  │ 0d 12:00 / 32d 04:00 / 6d 05:52 │
│ Max Consecutive Wins / Loss   │ 11 / 5                          │
│ Rejected Entry signals        │ 0                               │
│ Entry/Exit Timeouts           │ 0 / 0                           │
│                               │                                 │
│ Min balance                   │ 149.896 USDT                    │
│ Max balance                   │ 236.152 USDT                    │
│ Max % of account underwater   │ 12.69%                          │
│ Absolute drawdown             │ 21.791 USDT (12.69%)            │
│ Drawdown duration             │ 37 days 08:00:00                │
│ Profit at drawdown start      │ 21.687 USDT                     │
│ Profit at drawdown end        │ -0.104 USDT                     │
│ Drawdown start                │ 2025-05-12 04:00:00             │
│ Drawdown end                  │ 2025-06-18 12:00:00             │
│ Market change                 │ -9.22%                          │
└───────────────────────────────┴─────────────────────────────────┘

Backtested 2025-04-22 00:00:00 -> 2026-04-17 00:00:00 | Max open trades : 3
                                                           STRATEGY SUMMARY                                                            
┏━━━━━━━━━━┳━━━━━━━━┳━━━━━━━━━━━━━━┳━━━━━━━━━━━━━━━━━┳━━━━━━━━━━━━━━┳━━━━━━━━━━━━━━━━━━┳━━━━━━━━━━━━━━━━━━━━━━━━┳━━━━━━━━━━━━━━━━━━━━━┓
┃ Strategy ┃ Trades ┃ Avg Profit % ┃ Tot Profit USDT ┃ Tot Profit % ┃     Avg Duration ┃  Win  Draw  Loss  Win% ┃            Drawdown ┃
┡━━━━━━━━━━╇━━━━━━━━╇━━━━━━━━━━━━━━╇━━━━━━━━━━━━━━━━━╇━━━━━━━━━━━━━━╇━━━━━━━━━━━━━━━━━━╇━━━━━━━━━━━━━━━━━━━━━━━━╇━━━━━━━━━━━━━━━━━━━━━┩
│      yes │     35 │         3.83 │          75.095 │        50.06 │ 5 days, 16:14:00 │   20     0    15  57.1 │ 21.791 USDT  12.69% │
└──────────┴────────┴──────────────┴─────────────────┴──────────────┴──────────────────┴────────────────────────┴─────────────────────┘