2026-04-25 21:48:47,854 - freqtrade - INFO - freqtrade 2026.3
2026-04-25 21:48:48,914 - freqtrade.configuration.load_config - INFO - Using config: /home/mohs/Desktop/ae/pyside6/user_data/config.json ...
2026-04-25 21:48:48,916 - freqtrade.loggers - INFO - Enabling colorized output.
2026-04-25 21:48:48,916 - freqtrade.loggers - INFO - Logfile configured
2026-04-25 21:48:48,916 - freqtrade.loggers - INFO - Verbosity set to 0
2026-04-25 21:48:48,917 - freqtrade.configuration.configuration - INFO - Using additional Strategy lookup path: 
/home/mohs/Desktop/ae/pyside6/user_data/optimizer/sessions/cc004eff-0936-4112-8326-b124d8af6fd9/trial_042/strategy_dir
2026-04-25 21:48:48,917 - freqtrade.configuration.configuration - WARNING - `force_entry_enable` RPC message enabled.
2026-04-25 21:48:48,917 - freqtrade.configuration.configuration - INFO - Parameter -i/--timeframe detected ... Using timeframe: 5m ...
2026-04-25 21:48:48,918 - freqtrade.configuration.configuration - INFO - Parameter --max-open-trades detected, overriding max_open_trades to: 3 ...
2026-04-25 21:48:48,918 - freqtrade.configuration.configuration - INFO - Parameter --dry-run-wallet detected, overriding dry_run_wallet to: 150.0 ...
2026-04-25 21:48:48,918 - freqtrade.configuration.configuration - INFO - Parameter --timerange detected: 20250422-20260417 ...
2026-04-25 21:48:48,918 - freqtrade.configuration.configuration - INFO - Using user-data directory: /home/mohs/Desktop/ae/pyside6/user_data ...
2026-04-25 21:48:48,919 - freqtrade.configuration.configuration - INFO - Using data directory: /home/mohs/Desktop/ae/pyside6/user_data/data/binance ...
2026-04-25 21:48:48,919 - freqtrade.configuration.configuration - INFO - Parameter --export detected: trades ...
2026-04-25 21:48:48,919 - freqtrade.configuration.configuration - INFO - Parameter --cache=day detected ...
2026-04-25 21:48:48,919 - freqtrade.configuration.configuration - INFO - Using pairs ['XRP/USDT', 'ETH/USDT', 'HOME/USDT']
2026-04-25 21:48:48,920 - freqtrade.configuration.configuration - INFO - Filter trades by timerange: 20250422-20260417
2026-04-25 21:48:48,920 - freqtrade.exchange.check_exchange - INFO - Checking exchange...
2026-04-25 21:48:48,926 - freqtrade.exchange.check_exchange - INFO - Exchange "binance" is officially supported by the Freqtrade development team.
2026-04-25 21:48:48,926 - freqtrade.configuration.config_validation - INFO - Validating configuration ...
2026-04-25 21:48:48,928 - freqtrade.commands.optimize_commands - INFO - Starting freqtrade in Backtesting mode
2026-04-25 21:48:48,929 - freqtrade.exchange.exchange - INFO - Instance is running with dry_run enabled
2026-04-25 21:48:48,929 - freqtrade.exchange.exchange - INFO - Using CCXT 4.5.50
2026-04-25 21:48:48,929 - freqtrade.exchange.exchange - INFO - Applying additional ccxt config: {'enableRateLimit': True, 'timeout': 120000}
2026-04-25 21:48:48,935 - freqtrade.exchange.exchange - INFO - Applying additional ccxt config: {'enableRateLimit': True, 'timeout': 120000}
2026-04-25 21:48:48,940 - freqtrade.exchange.exchange - INFO - Using Exchange "Binance"
2026-04-25 21:48:50,069 - freqtrade.resolvers.exchange_resolver - INFO - Using resolved exchange 'Binance'...
2026-04-25 21:48:50,077 - freqtrade.resolvers.iresolver - INFO - Using resolved strategy yes from 
'/home/mohs/Desktop/ae/pyside6/user_data/optimizer/sessions/cc004eff-0936-4112-8326-b124d8af6fd9/trial_042/strategy_dir/yes.py'...
2026-04-25 21:48:50,077 - freqtrade.strategy.hyper - INFO - Loading parameters from file 
/home/mohs/Desktop/ae/pyside6/user_data/optimizer/sessions/cc004eff-0936-4112-8326-b124d8af6fd9/trial_042/strategy_dir/yes.json
2026-04-25 21:48:50,078 - freqtrade.resolvers.strategy_resolver - INFO - Override strategy 'timeframe' with value from the configuration: 5m.
2026-04-25 21:48:50,078 - freqtrade.resolvers.strategy_resolver - INFO - Override strategy 'stake_currency' with value from the configuration: USDT.
2026-04-25 21:48:50,078 - freqtrade.resolvers.strategy_resolver - INFO - Override strategy 'stake_amount' with value from the configuration: unlimited.
2026-04-25 21:48:50,078 - freqtrade.resolvers.strategy_resolver - INFO - Override strategy 'use_exit_signal' with value from the configuration: True.
2026-04-25 21:48:50,079 - freqtrade.resolvers.strategy_resolver - INFO - Override strategy 'max_open_trades' with value from the configuration: 3.
2026-04-25 21:48:50,079 - freqtrade.resolvers.strategy_resolver - INFO - Strategy using minimal_roi: {'0': 1.0098974484159469, '13': 1.7301973904128056, '146': 0.33862125254409303, '38': 
0.41977940436477057}
2026-04-25 21:48:50,079 - freqtrade.resolvers.strategy_resolver - INFO - Strategy using timeframe: 5m
2026-04-25 21:48:50,079 - freqtrade.resolvers.strategy_resolver - INFO - Strategy using stoploss: -0.8322824552741114
2026-04-25 21:48:50,080 - freqtrade.resolvers.strategy_resolver - INFO - Strategy using trailing_stop: False
2026-04-25 21:48:50,080 - freqtrade.resolvers.strategy_resolver - INFO - Strategy using trailing_stop_positive: 0.13884173116554646
2026-04-25 21:48:50,080 - freqtrade.resolvers.strategy_resolver - INFO - Strategy using trailing_stop_positive_offset: 0.06472690219655909
2026-04-25 21:48:50,080 - freqtrade.resolvers.strategy_resolver - INFO - Strategy using trailing_only_offset_is_reached: True
2026-04-25 21:48:50,081 - freqtrade.resolvers.strategy_resolver - INFO - Strategy using use_custom_stoploss: False
2026-04-25 21:48:50,081 - freqtrade.resolvers.strategy_resolver - INFO - Strategy using process_only_new_candles: True
2026-04-25 21:48:50,081 - freqtrade.resolvers.strategy_resolver - INFO - Strategy using order_types: {'entry': 'limit', 'exit': 'limit', 'stoploss': 'limit', 'stoploss_on_exchange': False, 
'stoploss_on_exchange_interval': 60}
2026-04-25 21:48:50,081 - freqtrade.resolvers.strategy_resolver - INFO - Strategy using order_time_in_force: {'entry': 'GTC', 'exit': 'GTC'}
2026-04-25 21:48:50,082 - freqtrade.resolvers.strategy_resolver - INFO - Strategy using stake_currency: USDT
2026-04-25 21:48:50,082 - freqtrade.resolvers.strategy_resolver - INFO - Strategy using stake_amount: unlimited
2026-04-25 21:48:50,082 - freqtrade.resolvers.strategy_resolver - INFO - Strategy using startup_candle_count: 0
2026-04-25 21:48:50,082 - freqtrade.resolvers.strategy_resolver - INFO - Strategy using use_exit_signal: True
2026-04-25 21:48:50,082 - freqtrade.resolvers.strategy_resolver - INFO - Strategy using exit_profit_only: False
2026-04-25 21:48:50,083 - freqtrade.resolvers.strategy_resolver - INFO - Strategy using ignore_roi_if_entry_signal: False
2026-04-25 21:48:50,083 - freqtrade.resolvers.strategy_resolver - INFO - Strategy using exit_profit_offset: 0.0
2026-04-25 21:48:50,083 - freqtrade.resolvers.strategy_resolver - INFO - Strategy using disable_dataframe_checks: False
2026-04-25 21:48:50,083 - freqtrade.resolvers.strategy_resolver - INFO - Strategy using ignore_buying_expired_candle_after: 0
2026-04-25 21:48:50,084 - freqtrade.resolvers.strategy_resolver - INFO - Strategy using position_adjustment_enable: False
2026-04-25 21:48:50,084 - freqtrade.resolvers.strategy_resolver - INFO - Strategy using max_entry_position_adjustment: -1
2026-04-25 21:48:50,084 - freqtrade.resolvers.strategy_resolver - INFO - Strategy using max_open_trades: 3
2026-04-25 21:48:50,084 - freqtrade.configuration.config_validation - INFO - Validating configuration ...
2026-04-25 21:48:50,088 - freqtrade.resolvers.iresolver - INFO - Using resolved pairlist StaticPairList from 
'/home/mohs/Desktop/ae/pyside6/.venv/lib/python3.12/site-packages/freqtrade/plugins/pairlist/StaticPairList.py'...
2026-04-25 21:48:50,100 - freqtrade.optimize.backtesting - INFO - Using fee 0.1000% - worst case fee from exchange (lowest tier).
2026-04-25 21:48:50,237 - freqtrade.data.history.datahandlers.idatahandler - WARNING - XRP/USDT, spot, 5m, data ends at 2026-04-11 01:45:00
2026-04-25 21:48:50,634 - freqtrade.data.history.datahandlers.idatahandler - WARNING - HOME/USDT, spot, 5m, data starts at 2025-06-12 15:00:00
2026-04-25 21:48:50,663 - freqtrade.optimize.backtesting - INFO - Loading data from 2025-04-22 00:00:00 up to 2026-04-17 00:00:00 (360 days).
2026-04-25 21:48:52,724 - freqtrade.optimize.backtesting - INFO - Dataload complete. Calculating indicators
2026-04-25 21:48:52,729 - freqtrade.optimize.backtesting - INFO - Running backtesting for Strategy yes
2026-04-25 21:48:52,730 - freqtrade.strategy.hyper - INFO - Strategy Parameter: buy_ma_count = 18
2026-04-25 21:48:52,730 - freqtrade.strategy.hyper - INFO - Strategy Parameter: buy_ma_gap = 22
2026-04-25 21:48:52,730 - freqtrade.strategy.hyper - INFO - Strategy Parameter: sell_ma_count = 17
2026-04-25 21:48:52,731 - freqtrade.strategy.hyper - INFO - Strategy Parameter: sell_ma_gap = 45
2026-04-25 21:48:53,056 - freqtrade.optimize.backtesting - INFO - Backtesting with data from 2025-04-22 00:00:00 up to 2026-04-17 00:00:00 (360 days).
/home/mohs/Desktop/ae/pyside6/.venv/lib/python3.12/site-packages/freqtrade/data/metrics.py:77: FutureWarning: The default fill_method='pad' in DataFrame.pct_change is deprecated and will be removed in a future version. Either fill in any non-leading NA values prior to calling pct_change or specify 'fill_method=None' to not fill NA values.
  rel_mean = df_comb.pct_change().mean(axis=1).fillna(0).cumsum()
2026-04-25 21:48:56,481 - freqtrade.misc - INFO - dumping json to "/home/mohs/Desktop/ae/pyside6/user_data/backtest_results/backtest-result-2026-04-25_21-48-56.meta.json"
Result for strategy yes
                                              BACKTESTING REPORT                                              
┏━━━━━━━━━━━┳━━━━━━━━┳━━━━━━━━━━━━━━┳━━━━━━━━━━━━━━━━━┳━━━━━━━━━━━━━━┳━━━━━━━━━━━━━━┳━━━━━━━━━━━━━━━━━━━━━━━━┓
┃      Pair ┃ Trades ┃ Avg Profit % ┃ Tot Profit USDT ┃ Tot Profit % ┃ Avg Duration ┃  Win  Draw  Loss  Win% ┃
┡━━━━━━━━━━━╇━━━━━━━━╇━━━━━━━━━━━━━━╇━━━━━━━━━━━━━━━━━╇━━━━━━━━━━━━━━╇━━━━━━━━━━━━━━╇━━━━━━━━━━━━━━━━━━━━━━━━┩
│  XRP/USDT │    141 │         0.03 │           1.836 │         1.22 │      2:14:00 │   48     0    93  34.0 │
│  ETH/USDT │    137 │        -0.01 │          -0.991 │        -0.66 │      2:28:00 │   49     0    88  35.8 │
│ HOME/USDT │    128 │        -0.41 │         -24.832 │       -16.55 │      2:04:00 │   34     0    94  26.6 │
│     TOTAL │    406 │        -0.12 │         -23.986 │       -15.99 │      2:15:00 │  131     0   275  32.3 │
└───────────┴────────┴──────────────┴─────────────────┴──────────────┴──────────────┴────────────────────────┘
                                           LEFT OPEN TRADES REPORT                                            
┏━━━━━━━━━━━┳━━━━━━━━┳━━━━━━━━━━━━━━┳━━━━━━━━━━━━━━━━━┳━━━━━━━━━━━━━━┳━━━━━━━━━━━━━━┳━━━━━━━━━━━━━━━━━━━━━━━━┓
┃      Pair ┃ Trades ┃ Avg Profit % ┃ Tot Profit USDT ┃ Tot Profit % ┃ Avg Duration ┃  Win  Draw  Loss  Win% ┃
┡━━━━━━━━━━━╇━━━━━━━━╇━━━━━━━━━━━━━━╇━━━━━━━━━━━━━━━━━╇━━━━━━━━━━━━━━╇━━━━━━━━━━━━━━╇━━━━━━━━━━━━━━━━━━━━━━━━┩
│ HOME/USDT │      1 │        -1.25 │          -0.527 │        -0.35 │      2:20:00 │    0     0     1     0 │
│     TOTAL │      1 │        -1.25 │          -0.527 │        -0.35 │      2:20:00 │    0     0     1     0 │
└───────────┴────────┴──────────────┴─────────────────┴──────────────┴──────────────┴────────────────────────┘
                                                ENTER TAG STATS                                                
┏━━━━━━━━━━━┳━━━━━━━━━┳━━━━━━━━━━━━━━┳━━━━━━━━━━━━━━━━━┳━━━━━━━━━━━━━━┳━━━━━━━━━━━━━━┳━━━━━━━━━━━━━━━━━━━━━━━━┓
┃ Enter Tag ┃ Entries ┃ Avg Profit % ┃ Tot Profit USDT ┃ Tot Profit % ┃ Avg Duration ┃  Win  Draw  Loss  Win% ┃
┡━━━━━━━━━━━╇━━━━━━━━━╇━━━━━━━━━━━━━━╇━━━━━━━━━━━━━━━━━╇━━━━━━━━━━━━━━╇━━━━━━━━━━━━━━╇━━━━━━━━━━━━━━━━━━━━━━━━┩
│     OTHER │     406 │        -0.12 │         -23.986 │       -15.99 │      2:15:00 │  131     0   275  32.3 │
│     TOTAL │     406 │        -0.12 │         -23.986 │       -15.99 │      2:15:00 │  131     0   275  32.3 │
└───────────┴─────────┴──────────────┴─────────────────┴──────────────┴──────────────┴────────────────────────┘
                                               EXIT REASON STATS                                               
┏━━━━━━━━━━━━━┳━━━━━━━┳━━━━━━━━━━━━━━┳━━━━━━━━━━━━━━━━━┳━━━━━━━━━━━━━━┳━━━━━━━━━━━━━━┳━━━━━━━━━━━━━━━━━━━━━━━━┓
┃ Exit Reason ┃ Exits ┃ Avg Profit % ┃ Tot Profit USDT ┃ Tot Profit % ┃ Avg Duration ┃  Win  Draw  Loss  Win% ┃
┡━━━━━━━━━━━━━╇━━━━━━━╇━━━━━━━━━━━━━━╇━━━━━━━━━━━━━━━━━╇━━━━━━━━━━━━━━╇━━━━━━━━━━━━━━╇━━━━━━━━━━━━━━━━━━━━━━━━┩
│  force_exit │     1 │        -1.25 │          -0.527 │        -0.35 │      2:20:00 │    0     0     1     0 │
│ exit_signal │   405 │        -0.12 │         -23.459 │       -15.64 │      2:15:00 │  131     0   274  32.3 │
│       TOTAL │   406 │        -0.12 │         -23.986 │       -15.99 │      2:15:00 │  131     0   275  32.3 │
└─────────────┴───────┴──────────────┴─────────────────┴──────────────┴──────────────┴────────────────────────┘
                                                      MIXED TAG STATS                                                       
┏━━━━━━━━━━━┳━━━━━━━━━━━━━┳━━━━━━━━┳━━━━━━━━━━━━━━┳━━━━━━━━━━━━━━━━━┳━━━━━━━━━━━━━━┳━━━━━━━━━━━━━━┳━━━━━━━━━━━━━━━━━━━━━━━━┓
┃ Enter Tag ┃ Exit Reason ┃ Trades ┃ Avg Profit % ┃ Tot Profit USDT ┃ Tot Profit % ┃ Avg Duration ┃  Win  Draw  Loss  Win% ┃
┡━━━━━━━━━━━╇━━━━━━━━━━━━━╇━━━━━━━━╇━━━━━━━━━━━━━━╇━━━━━━━━━━━━━━━━━╇━━━━━━━━━━━━━━╇━━━━━━━━━━━━━━╇━━━━━━━━━━━━━━━━━━━━━━━━┩
│           │  force_exit │      1 │        -1.25 │          -0.527 │        -0.35 │      2:20:00 │    0     0     1     0 │
│           │ exit_signal │    405 │        -0.12 │         -23.459 │       -15.64 │      2:15:00 │  131     0   274  32.3 │
│     TOTAL │             │    406 │        -0.12 │         -23.986 │       -15.99 │      2:15:00 │  131     0   275  32.3 │
└───────────┴─────────────┴────────┴──────────────┴─────────────────┴──────────────┴──────────────┴────────────────────────┘
                         SUMMARY METRICS                          
┏━━━━━━━━━━━━━━━━━━━━━━━━━━━━━━━┳━━━━━━━━━━━━━━━━━━━━━━━━━━━━━━━━┓
┃ Metric                        ┃ Value                          ┃
┡━━━━━━━━━━━━━━━━━━━━━━━━━━━━━━━╇━━━━━━━━━━━━━━━━━━━━━━━━━━━━━━━━┩
│ Backtesting from              │ 2025-04-22 00:00:00            │
│ Backtesting to                │ 2026-04-17 00:00:00            │
│ Trading Mode                  │ Spot                           │
│ Max open trades               │ 3                              │
│                               │                                │
│ Total/Daily Avg Trades        │ 406 / 1.13                     │
│ Starting balance              │ 150 USDT                       │
│ Final balance                 │ 126.014 USDT                   │
│ Absolute profit               │ -23.986 USDT                   │
│ Total profit %                │ -15.99%                        │
│ CAGR %                        │ -16.19%                        │
│ Sortino                       │ -3.11                          │
│ Sharpe                        │ -1.62                          │
│ Calmar                        │ -5.01                          │
│ SQN                           │ -1.51                          │
│ Profit factor                 │ 0.80                           │
│ Expectancy (Ratio)            │ -0.06 (-0.14)                  │
│ Avg. daily profit             │ -0.067 USDT                    │
│ Avg. stake amount             │ 45.847 USDT                    │
│ Total trade volume            │ 37278.651 USDT                 │
│                               │                                │
│ Best Pair                     │ XRP/USDT 1.22%                 │
│ Worst Pair                    │ HOME/USDT -16.55%              │
│ Best trade                    │ HOME/USDT 11.15%               │
│ Worst trade                   │ HOME/USDT -7.51%               │
│ Best day                      │ 4.942 USDT                     │
│ Worst day                     │ -4.6 USDT                      │
│ Days win/draw/lose            │ 67 / 167 / 123                 │
│ Min/Max/Avg. Duration Winners │ 0d 01:40 / 0d 06:45 / 0d 03:28 │
│ Min/Max/Avg. Duration Losers  │ 0d 00:05 / 0d 04:15 / 0d 01:41 │
│ Max Consecutive Wins / Loss   │ 5 / 12                         │
│ Rejected Entry signals        │ 0                              │
│ Entry/Exit Timeouts           │ 0 / 0                          │
│                               │                                │
│ Min balance                   │ 124.613 USDT                   │
│ Max balance                   │ 149.457 USDT                   │
│ Max % of account underwater   │ 16.92%                         │
│ Absolute drawdown             │ 25.387 USDT (16.92%)           │
│ Drawdown duration             │ 339 days 23:50:00              │
│ Profit at drawdown start      │ 0 USDT                         │
│ Profit at drawdown end        │ -25.387 USDT                   │
│ Drawdown start                │ 2025-04-26 09:05:00            │
│ Drawdown end                  │ 2026-04-01 08:55:00            │
│ Market change                 │ -10.52%                        │
└───────────────────────────────┴────────────────────────────────┘

Backtested 2025-04-22 00:00:00 -> 2026-04-17 00:00:00 | Max open trades : 3
                                                         STRATEGY SUMMARY                                                          
┏━━━━━━━━━━┳━━━━━━━━┳━━━━━━━━━━━━━━┳━━━━━━━━━━━━━━━━━┳━━━━━━━━━━━━━━┳━━━━━━━━━━━━━━┳━━━━━━━━━━━━━━━━━━━━━━━━┳━━━━━━━━━━━━━━━━━━━━━┓
┃ Strategy ┃ Trades ┃ Avg Profit % ┃ Tot Profit USDT ┃ Tot Profit % ┃ Avg Duration ┃  Win  Draw  Loss  Win% ┃            Drawdown ┃
┡━━━━━━━━━━╇━━━━━━━━╇━━━━━━━━━━━━━━╇━━━━━━━━━━━━━━━━━╇━━━━━━━━━━━━━━╇━━━━━━━━━━━━━━╇━━━━━━━━━━━━━━━━━━━━━━━━╇━━━━━━━━━━━━━━━━━━━━━┩
│      yes │    406 │        -0.12 │         -23.986 │       -15.99 │      2:15:00 │  131     0   275  32.3 │ 25.387 USDT  16.92% │
└──────────┴────────┴──────────────┴─────────────────┴──────────────┴──────────────┴────────────────────────┴─────────────────────┘