2026-04-25 22:41:14,665 - freqtrade - INFO - freqtrade 2026.3
2026-04-25 22:41:15,713 - freqtrade.configuration.load_config - INFO - Using config: /home/mohs/Desktop/ae/pyside6/user_data/config.json ...
2026-04-25 22:41:15,716 - freqtrade.loggers - INFO - Enabling colorized output.
2026-04-25 22:41:15,716 - freqtrade.loggers - INFO - Logfile configured
2026-04-25 22:41:15,716 - freqtrade.loggers - INFO - Verbosity set to 0
2026-04-25 22:41:15,717 - freqtrade.configuration.configuration - INFO - Using additional Strategy lookup path: 
/home/mohs/Desktop/ae/pyside6/user_data/optimizer/sessions/b8194b7f-3716-497e-8a17-833c28d4e223/trial_053/strategy_dir
2026-04-25 22:41:15,717 - freqtrade.configuration.configuration - WARNING - `force_entry_enable` RPC message enabled.
2026-04-25 22:41:15,717 - freqtrade.configuration.configuration - INFO - Parameter -i/--timeframe detected ... Using timeframe: 4h ...
2026-04-25 22:41:15,718 - freqtrade.configuration.configuration - INFO - Parameter --max-open-trades detected, overriding max_open_trades to: 3 ...
2026-04-25 22:41:15,718 - freqtrade.configuration.configuration - INFO - Parameter --dry-run-wallet detected, overriding dry_run_wallet to: 150.0 ...
2026-04-25 22:41:15,718 - freqtrade.configuration.configuration - INFO - Parameter --timerange detected: 20250422-20260417 ...
2026-04-25 22:41:15,718 - freqtrade.configuration.configuration - INFO - Using user-data directory: /home/mohs/Desktop/ae/pyside6/user_data ...
2026-04-25 22:41:15,719 - freqtrade.configuration.configuration - INFO - Using data directory: /home/mohs/Desktop/ae/pyside6/user_data/data/binance ...
2026-04-25 22:41:15,719 - freqtrade.configuration.configuration - INFO - Parameter --export detected: trades ...
2026-04-25 22:41:15,719 - freqtrade.configuration.configuration - INFO - Parameter --cache=day detected ...
2026-04-25 22:41:15,720 - freqtrade.configuration.configuration - INFO - Using pairs ['XRP/USDT', 'ETH/USDT', 'HOME/USDT']
2026-04-25 22:41:15,720 - freqtrade.configuration.configuration - INFO - Filter trades by timerange: 20250422-20260417
2026-04-25 22:41:15,720 - freqtrade.exchange.check_exchange - INFO - Checking exchange...
2026-04-25 22:41:15,726 - freqtrade.exchange.check_exchange - INFO - Exchange "binance" is officially supported by the Freqtrade development team.
2026-04-25 22:41:15,727 - freqtrade.configuration.config_validation - INFO - Validating configuration ...
2026-04-25 22:41:15,729 - freqtrade.commands.optimize_commands - INFO - Starting freqtrade in Backtesting mode
2026-04-25 22:41:15,729 - freqtrade.exchange.exchange - INFO - Instance is running with dry_run enabled
2026-04-25 22:41:15,730 - freqtrade.exchange.exchange - INFO - Using CCXT 4.5.50
2026-04-25 22:41:15,730 - freqtrade.exchange.exchange - INFO - Applying additional ccxt config: {'enableRateLimit': True, 'timeout': 120000}
2026-04-25 22:41:15,735 - freqtrade.exchange.exchange - INFO - Applying additional ccxt config: {'enableRateLimit': True, 'timeout': 120000}
2026-04-25 22:41:15,741 - freqtrade.exchange.exchange - INFO - Using Exchange "Binance"
2026-04-25 22:41:16,929 - freqtrade.resolvers.exchange_resolver - INFO - Using resolved exchange 'Binance'...
2026-04-25 22:41:16,938 - freqtrade.resolvers.iresolver - INFO - Using resolved strategy yes from 
'/home/mohs/Desktop/ae/pyside6/user_data/optimizer/sessions/b8194b7f-3716-497e-8a17-833c28d4e223/trial_053/strategy_dir/yes.py'...
2026-04-25 22:41:16,938 - freqtrade.strategy.hyper - INFO - Loading parameters from file 
/home/mohs/Desktop/ae/pyside6/user_data/optimizer/sessions/b8194b7f-3716-497e-8a17-833c28d4e223/trial_053/strategy_dir/yes.json
2026-04-25 22:41:16,939 - freqtrade.resolvers.strategy_resolver - INFO - Override strategy 'timeframe' with value from the configuration: 4h.
2026-04-25 22:41:16,939 - freqtrade.resolvers.strategy_resolver - INFO - Override strategy 'stake_currency' with value from the configuration: USDT.
2026-04-25 22:41:16,939 - freqtrade.resolvers.strategy_resolver - INFO - Override strategy 'stake_amount' with value from the configuration: unlimited.
2026-04-25 22:41:16,939 - freqtrade.resolvers.strategy_resolver - INFO - Override strategy 'use_exit_signal' with value from the configuration: True.
2026-04-25 22:41:16,940 - freqtrade.resolvers.strategy_resolver - INFO - Override strategy 'max_open_trades' with value from the configuration: 3.
2026-04-25 22:41:16,940 - freqtrade.resolvers.strategy_resolver - INFO - Strategy using minimal_roi: {'0': 1.3793400271755591, '13': 0.6718007234929175, '146': 0.2623207824587261, '38': 
0.2644616784370541}
2026-04-25 22:41:16,940 - freqtrade.resolvers.strategy_resolver - INFO - Strategy using timeframe: 4h
2026-04-25 22:41:16,940 - freqtrade.resolvers.strategy_resolver - INFO - Strategy using stoploss: -0.8050624339099269
2026-04-25 22:41:16,941 - freqtrade.resolvers.strategy_resolver - INFO - Strategy using trailing_stop: False
2026-04-25 22:41:16,941 - freqtrade.resolvers.strategy_resolver - INFO - Strategy using trailing_stop_positive: 0.4978465637836937
2026-04-25 22:41:16,941 - freqtrade.resolvers.strategy_resolver - INFO - Strategy using trailing_stop_positive_offset: 0.1999525054111228
2026-04-25 22:41:16,941 - freqtrade.resolvers.strategy_resolver - INFO - Strategy using trailing_only_offset_is_reached: True
2026-04-25 22:41:16,942 - freqtrade.resolvers.strategy_resolver - INFO - Strategy using use_custom_stoploss: False
2026-04-25 22:41:16,942 - freqtrade.resolvers.strategy_resolver - INFO - Strategy using process_only_new_candles: True
2026-04-25 22:41:16,942 - freqtrade.resolvers.strategy_resolver - INFO - Strategy using order_types: {'entry': 'limit', 'exit': 'limit', 'stoploss': 'limit', 'stoploss_on_exchange': False, 
'stoploss_on_exchange_interval': 60}
2026-04-25 22:41:16,942 - freqtrade.resolvers.strategy_resolver - INFO - Strategy using order_time_in_force: {'entry': 'GTC', 'exit': 'GTC'}
2026-04-25 22:41:16,943 - freqtrade.resolvers.strategy_resolver - INFO - Strategy using stake_currency: USDT
2026-04-25 22:41:16,943 - freqtrade.resolvers.strategy_resolver - INFO - Strategy using stake_amount: unlimited
2026-04-25 22:41:16,943 - freqtrade.resolvers.strategy_resolver - INFO - Strategy using startup_candle_count: 0
2026-04-25 22:41:16,944 - freqtrade.resolvers.strategy_resolver - INFO - Strategy using use_exit_signal: True
2026-04-25 22:41:16,944 - freqtrade.resolvers.strategy_resolver - INFO - Strategy using exit_profit_only: False
2026-04-25 22:41:16,944 - freqtrade.resolvers.strategy_resolver - INFO - Strategy using ignore_roi_if_entry_signal: False
2026-04-25 22:41:16,944 - freqtrade.resolvers.strategy_resolver - INFO - Strategy using exit_profit_offset: 0.0
2026-04-25 22:41:16,945 - freqtrade.resolvers.strategy_resolver - INFO - Strategy using disable_dataframe_checks: False
2026-04-25 22:41:16,945 - freqtrade.resolvers.strategy_resolver - INFO - Strategy using ignore_buying_expired_candle_after: 0
2026-04-25 22:41:16,945 - freqtrade.resolvers.strategy_resolver - INFO - Strategy using position_adjustment_enable: False
2026-04-25 22:41:16,945 - freqtrade.resolvers.strategy_resolver - INFO - Strategy using max_entry_position_adjustment: -1
2026-04-25 22:41:16,946 - freqtrade.resolvers.strategy_resolver - INFO - Strategy using max_open_trades: 3
2026-04-25 22:41:16,946 - freqtrade.configuration.config_validation - INFO - Validating configuration ...
2026-04-25 22:41:16,950 - freqtrade.resolvers.iresolver - INFO - Using resolved pairlist StaticPairList from 
'/home/mohs/Desktop/ae/pyside6/.venv/lib/python3.12/site-packages/freqtrade/plugins/pairlist/StaticPairList.py'...
2026-04-25 22:41:16,962 - freqtrade.optimize.backtesting - INFO - Using fee 0.1000% - worst case fee from exchange (lowest tier).
2026-04-25 22:41:16,996 - freqtrade.data.history.datahandlers.idatahandler - WARNING - HOME/USDT, spot, 4h, data starts at 2025-06-12 12:00:00
2026-04-25 22:41:17,004 - freqtrade.optimize.backtesting - INFO - Loading data from 2025-04-22 00:00:00 up to 2026-04-17 00:00:00 (360 days).
2026-04-25 22:41:17,061 - freqtrade.optimize.backtesting - INFO - Dataload complete. Calculating indicators
2026-04-25 22:41:17,070 - freqtrade.optimize.backtesting - INFO - Running backtesting for Strategy yes
2026-04-25 22:41:17,070 - freqtrade.strategy.hyper - INFO - Strategy Parameter: buy_ma_count = 6
2026-04-25 22:41:17,070 - freqtrade.strategy.hyper - INFO - Strategy Parameter: buy_ma_gap = 3
2026-04-25 22:41:17,071 - freqtrade.strategy.hyper - INFO - Strategy Parameter: sell_ma_count = 14
2026-04-25 22:41:17,071 - freqtrade.strategy.hyper - INFO - Strategy Parameter: sell_ma_gap = 33
2026-04-25 22:41:17,081 - freqtrade.optimize.backtesting - INFO - Backtesting with data from 2025-04-22 00:00:00 up to 2026-04-17 00:00:00 (360 days).
2026-04-25 22:41:17,665 - freqtrade.misc - INFO - dumping json to "/home/mohs/Desktop/ae/pyside6/user_data/backtest_results/backtest-result-2026-04-25_22-41-17.meta.json"
Result for strategy yes
                                                BACKTESTING REPORT                                                
┏━━━━━━━━━━━┳━━━━━━━━┳━━━━━━━━━━━━━━┳━━━━━━━━━━━━━━━━━┳━━━━━━━━━━━━━━┳━━━━━━━━━━━━━━━━━━┳━━━━━━━━━━━━━━━━━━━━━━━━┓
┃      Pair ┃ Trades ┃ Avg Profit % ┃ Tot Profit USDT ┃ Tot Profit % ┃     Avg Duration ┃  Win  Draw  Loss  Win% ┃
┡━━━━━━━━━━━╇━━━━━━━━╇━━━━━━━━━━━━━━╇━━━━━━━━━━━━━━━━━╇━━━━━━━━━━━━━━╇━━━━━━━━━━━━━━━━━━╇━━━━━━━━━━━━━━━━━━━━━━━━┩
│  XRP/USDT │     10 │         4.04 │          25.596 │        17.06 │ 5 days, 18:00:00 │    7     0     3  70.0 │
│  ETH/USDT │     11 │         3.89 │          22.149 │        14.77 │ 4 days, 18:11:00 │    5     0     6  45.5 │
│ HOME/USDT │      9 │         4.12 │          18.569 │        12.38 │ 3 days, 22:40:00 │    4     0     5  44.4 │
│     TOTAL │     30 │         4.01 │          66.314 │        44.21 │ 4 days, 20:16:00 │   16     0    14  53.3 │
└───────────┴────────┴──────────────┴─────────────────┴──────────────┴──────────────────┴────────────────────────┘
                                             LEFT OPEN TRADES REPORT                                             
┏━━━━━━━━━━┳━━━━━━━━┳━━━━━━━━━━━━━━┳━━━━━━━━━━━━━━━━━┳━━━━━━━━━━━━━━┳━━━━━━━━━━━━━━━━━━┳━━━━━━━━━━━━━━━━━━━━━━━━┓
┃     Pair ┃ Trades ┃ Avg Profit % ┃ Tot Profit USDT ┃ Tot Profit % ┃     Avg Duration ┃  Win  Draw  Loss  Win% ┃
┡━━━━━━━━━━╇━━━━━━━━╇━━━━━━━━━━━━━━╇━━━━━━━━━━━━━━━━━╇━━━━━━━━━━━━━━╇━━━━━━━━━━━━━━━━━━╇━━━━━━━━━━━━━━━━━━━━━━━━┩
│ XRP/USDT │      1 │         4.16 │           2.967 │         1.98 │   1 day, 0:00:00 │    1     0     0   100 │
│ ETH/USDT │      1 │        -0.93 │          -0.664 │        -0.44 │ 2 days, 20:00:00 │    0     0     1     0 │
│    TOTAL │      2 │         1.61 │           2.303 │         1.54 │  1 day, 22:00:00 │    1     0     1  50.0 │
└──────────┴────────┴──────────────┴─────────────────┴──────────────┴──────────────────┴────────────────────────┘
                                                  ENTER TAG STATS                                                  
┏━━━━━━━━━━━┳━━━━━━━━━┳━━━━━━━━━━━━━━┳━━━━━━━━━━━━━━━━━┳━━━━━━━━━━━━━━┳━━━━━━━━━━━━━━━━━━┳━━━━━━━━━━━━━━━━━━━━━━━━┓
┃ Enter Tag ┃ Entries ┃ Avg Profit % ┃ Tot Profit USDT ┃ Tot Profit % ┃     Avg Duration ┃  Win  Draw  Loss  Win% ┃
┡━━━━━━━━━━━╇━━━━━━━━━╇━━━━━━━━━━━━━━╇━━━━━━━━━━━━━━━━━╇━━━━━━━━━━━━━━╇━━━━━━━━━━━━━━━━━━╇━━━━━━━━━━━━━━━━━━━━━━━━┩
│     OTHER │      30 │         4.01 │          66.314 │        44.21 │ 4 days, 20:16:00 │   16     0    14  53.3 │
│     TOTAL │      30 │         4.01 │          66.314 │        44.21 │ 4 days, 20:16:00 │   16     0    14  53.3 │
└───────────┴─────────┴──────────────┴─────────────────┴──────────────┴──────────────────┴────────────────────────┘
                                                 EXIT REASON STATS                                                 
┏━━━━━━━━━━━━━┳━━━━━━━┳━━━━━━━━━━━━━━┳━━━━━━━━━━━━━━━━━┳━━━━━━━━━━━━━━┳━━━━━━━━━━━━━━━━━━┳━━━━━━━━━━━━━━━━━━━━━━━━┓
┃ Exit Reason ┃ Exits ┃ Avg Profit % ┃ Tot Profit USDT ┃ Tot Profit % ┃     Avg Duration ┃  Win  Draw  Loss  Win% ┃
┡━━━━━━━━━━━━━╇━━━━━━━╇━━━━━━━━━━━━━━╇━━━━━━━━━━━━━━━━━╇━━━━━━━━━━━━━━╇━━━━━━━━━━━━━━━━━━╇━━━━━━━━━━━━━━━━━━━━━━━━┩
│         roi │     4 │        26.22 │          58.784 │        39.19 │ 6 days, 20:00:00 │    4     0     0   100 │
│ exit_signal │    24 │          0.5 │           5.227 │         3.48 │ 4 days, 18:10:00 │   11     0    13  45.8 │
│  force_exit │     2 │         1.61 │           2.303 │         1.54 │  1 day, 22:00:00 │    1     0     1  50.0 │
│       TOTAL │    30 │         4.01 │          66.314 │        44.21 │ 4 days, 20:16:00 │   16     0    14  53.3 │
└─────────────┴───────┴──────────────┴─────────────────┴──────────────┴──────────────────┴────────────────────────┘
                                                        MIXED TAG STATS                                                         
┏━━━━━━━━━━━┳━━━━━━━━━━━━━┳━━━━━━━━┳━━━━━━━━━━━━━━┳━━━━━━━━━━━━━━━━━┳━━━━━━━━━━━━━━┳━━━━━━━━━━━━━━━━━━┳━━━━━━━━━━━━━━━━━━━━━━━━┓
┃ Enter Tag ┃ Exit Reason ┃ Trades ┃ Avg Profit % ┃ Tot Profit USDT ┃ Tot Profit % ┃     Avg Duration ┃  Win  Draw  Loss  Win% ┃
┡━━━━━━━━━━━╇━━━━━━━━━━━━━╇━━━━━━━━╇━━━━━━━━━━━━━━╇━━━━━━━━━━━━━━━━━╇━━━━━━━━━━━━━━╇━━━━━━━━━━━━━━━━━━╇━━━━━━━━━━━━━━━━━━━━━━━━┩
│           │         roi │      4 │        26.22 │          58.784 │        39.19 │ 6 days, 20:00:00 │    4     0     0   100 │
│           │ exit_signal │     24 │          0.5 │           5.227 │         3.48 │ 4 days, 18:10:00 │   11     0    13  45.8 │
│           │  force_exit │      2 │         1.61 │           2.303 │         1.54 │  1 day, 22:00:00 │    1     0     1  50.0 │
│     TOTAL │             │     30 │         4.01 │          66.314 │        44.21 │ 4 days, 20:16:00 │   16     0    14  53.3 │
└───────────┴─────────────┴────────┴──────────────┴─────────────────┴──────────────┴──────────────────┴────────────────────────┘
                          SUMMARY METRICS                          
┏━━━━━━━━━━━━━━━━━━━━━━━━━━━━━━━┳━━━━━━━━━━━━━━━━━━━━━━━━━━━━━━━━━┓
┃ Metric                        ┃ Value                           ┃
┡━━━━━━━━━━━━━━━━━━━━━━━━━━━━━━━╇━━━━━━━━━━━━━━━━━━━━━━━━━━━━━━━━━┩
│ Backtesting from              │ 2025-04-22 00:00:00             │
│ Backtesting to                │ 2026-04-17 00:00:00             │
│ Trading Mode                  │ Spot                            │
│ Max open trades               │ 3                               │
│                               │                                 │
│ Total/Daily Avg Trades        │ 30 / 0.08                       │
│ Starting balance              │ 150 USDT                        │
│ Final balance                 │ 216.314 USDT                    │
│ Absolute profit               │ 66.314 USDT                     │
│ Total profit %                │ 44.21%                          │
│ CAGR %                        │ 44.94%                          │
│ Sortino                       │ 1.41                            │
│ Sharpe                        │ 0.57                            │
│ Calmar                        │ 38.61                           │
│ SQN                           │ 1.91                            │
│ Profit factor                 │ 2.71                            │
│ Expectancy (Ratio)            │ 2.21 (0.80)                     │
│ Avg. daily profit             │ 0.184 USDT                      │
│ Avg. stake amount             │ 64.764 USDT                     │
│ Total trade volume            │ 3960.047 USDT                   │
│                               │                                 │
│ Best Pair                     │ XRP/USDT 17.06%                 │
│ Worst Pair                    │ HOME/USDT 12.38%                │
│ Best trade                    │ ETH/USDT 26.23%                 │
│ Worst trade                   │ HOME/USDT -13.55%               │
│ Best day                      │ 15.715 USDT                     │
│ Worst day                     │ -10.302 USDT                    │
│ Days win/draw/lose            │ 14 / 318 / 12                   │
│ Min/Max/Avg. Duration Winners │ 0d 20:00 / 22d 00:00 / 6d 14:15 │
│ Min/Max/Avg. Duration Losers  │ 0d 12:00 / 10d 00:00 / 2d 20:17 │
│ Max Consecutive Wins / Loss   │ 4 / 3                           │
│ Rejected Entry signals        │ 0                               │
│ Entry/Exit Timeouts           │ 0 / 0                           │
│                               │                                 │
│ Min balance                   │ 163.085 USDT                    │
│ Max balance                   │ 227.857 USDT                    │
│ Max % of account underwater   │ 6.08%                           │
│ Absolute drawdown             │ 13.847 USDT (6.08%)             │
│ Drawdown duration             │ 264 days 20:00:00               │
│ Profit at drawdown start      │ 77.857 USDT                     │
│ Profit at drawdown end        │ 64.011 USDT                     │
│ Drawdown start                │ 2025-07-22 00:00:00             │
│ Drawdown end                  │ 2026-04-12 20:00:00             │
│ Market change                 │ -9.22%                          │
└───────────────────────────────┴─────────────────────────────────┘

Backtested 2025-04-22 00:00:00 -> 2026-04-17 00:00:00 | Max open trades : 3
                                                           STRATEGY SUMMARY                                                           
┏━━━━━━━━━━┳━━━━━━━━┳━━━━━━━━━━━━━━┳━━━━━━━━━━━━━━━━━┳━━━━━━━━━━━━━━┳━━━━━━━━━━━━━━━━━━┳━━━━━━━━━━━━━━━━━━━━━━━━┳━━━━━━━━━━━━━━━━━━━━┓
┃ Strategy ┃ Trades ┃ Avg Profit % ┃ Tot Profit USDT ┃ Tot Profit % ┃     Avg Duration ┃  Win  Draw  Loss  Win% ┃           Drawdown ┃
┡━━━━━━━━━━╇━━━━━━━━╇━━━━━━━━━━━━━━╇━━━━━━━━━━━━━━━━━╇━━━━━━━━━━━━━━╇━━━━━━━━━━━━━━━━━━╇━━━━━━━━━━━━━━━━━━━━━━━━╇━━━━━━━━━━━━━━━━━━━━┩
│      yes │     30 │         4.01 │          66.314 │        44.21 │ 4 days, 20:16:00 │   16     0    14  53.3 │ 13.847 USDT  6.08% │
└──────────┴────────┴──────────────┴─────────────────┴──────────────┴──────────────────┴────────────────────────┴────────────────────┘