2026-04-25 05:35:20,466 - freqtrade - INFO - freqtrade 2026.3
2026-04-25 05:35:21,515 - freqtrade.configuration.load_config - INFO - Using config: /home/mohs/Desktop/ae/pyside6/user_data/config.json ...
2026-04-25 05:35:21,517 - freqtrade.loggers - INFO - Enabling colorized output.
2026-04-25 05:35:21,518 - freqtrade.loggers - INFO - Logfile configured
2026-04-25 05:35:21,518 - freqtrade.loggers - INFO - Verbosity set to 0
2026-04-25 05:35:21,518 - freqtrade.configuration.configuration - INFO - Using additional Strategy lookup path: 
/home/mohs/Desktop/ae/pyside6/user_data/optimizer/sessions/fc0416a6-5303-4aed-8235-e54dfe08959e/trial_038/strategy_dir
2026-04-25 05:35:21,519 - freqtrade.configuration.configuration - WARNING - `force_entry_enable` RPC message enabled.
2026-04-25 05:35:21,519 - freqtrade.configuration.configuration - INFO - Parameter -i/--timeframe detected ... Using timeframe: 5m ...
2026-04-25 05:35:21,519 - freqtrade.configuration.configuration - INFO - Parameter --max-open-trades detected, overriding max_open_trades to: 2 ...
2026-04-25 05:35:21,519 - freqtrade.configuration.configuration - INFO - Parameter --dry-run-wallet detected, overriding dry_run_wallet to: 80.0 ...
2026-04-25 05:35:21,520 - freqtrade.configuration.configuration - INFO - Parameter --timerange detected: 20250422-20260417 ...
2026-04-25 05:35:21,520 - freqtrade.configuration.configuration - INFO - Using user-data directory: /home/mohs/Desktop/ae/pyside6/user_data ...
2026-04-25 05:35:21,520 - freqtrade.configuration.configuration - INFO - Using data directory: /home/mohs/Desktop/ae/pyside6/user_data/data/binance ...
2026-04-25 05:35:21,521 - freqtrade.configuration.configuration - INFO - Parameter --export detected: trades ...
2026-04-25 05:35:21,521 - freqtrade.configuration.configuration - INFO - Parameter --cache=day detected ...
2026-04-25 05:35:21,521 - freqtrade.configuration.configuration - INFO - Using pairs ['ADA/USDT', 'ETH/USDT']
2026-04-25 05:35:21,521 - freqtrade.configuration.configuration - INFO - Filter trades by timerange: 20250422-20260417
2026-04-25 05:35:21,522 - freqtrade.exchange.check_exchange - INFO - Checking exchange...
2026-04-25 05:35:21,528 - freqtrade.exchange.check_exchange - INFO - Exchange "binance" is officially supported by the Freqtrade development team.
2026-04-25 05:35:21,529 - freqtrade.configuration.config_validation - INFO - Validating configuration ...
2026-04-25 05:35:21,531 - freqtrade.commands.optimize_commands - INFO - Starting freqtrade in Backtesting mode
2026-04-25 05:35:21,531 - freqtrade.exchange.exchange - INFO - Instance is running with dry_run enabled
2026-04-25 05:35:21,532 - freqtrade.exchange.exchange - INFO - Using CCXT 4.5.50
2026-04-25 05:35:21,532 - freqtrade.exchange.exchange - INFO - Applying additional ccxt config: {'enableRateLimit': True, 'timeout': 120000}
2026-04-25 05:35:21,537 - freqtrade.exchange.exchange - INFO - Applying additional ccxt config: {'enableRateLimit': True, 'timeout': 120000}
2026-04-25 05:35:21,544 - freqtrade.exchange.exchange - INFO - Using Exchange "Binance"
2026-04-25 05:35:22,695 - freqtrade.resolvers.exchange_resolver - INFO - Using resolved exchange 'Binance'...
2026-04-25 05:35:22,703 - freqtrade.resolvers.iresolver - INFO - Using resolved strategy MultiMeee from 
'/home/mohs/Desktop/ae/pyside6/user_data/optimizer/sessions/fc0416a6-5303-4aed-8235-e54dfe08959e/trial_038/strategy_dir/MultiMeee.py'...
2026-04-25 05:35:22,704 - freqtrade.strategy.hyper - INFO - Loading parameters from file 
/home/mohs/Desktop/ae/pyside6/user_data/optimizer/sessions/fc0416a6-5303-4aed-8235-e54dfe08959e/trial_038/strategy_dir/MultiMeee.json
2026-04-25 05:35:22,704 - freqtrade.resolvers.strategy_resolver - INFO - Override strategy 'timeframe' with value from the configuration: 5m.
2026-04-25 05:35:22,705 - freqtrade.resolvers.strategy_resolver - INFO - Override strategy 'stake_currency' with value from the configuration: USDT.
2026-04-25 05:35:22,705 - freqtrade.resolvers.strategy_resolver - INFO - Override strategy 'stake_amount' with value from the configuration: unlimited.
2026-04-25 05:35:22,705 - freqtrade.resolvers.strategy_resolver - INFO - Override strategy 'use_exit_signal' with value from the configuration: True.
2026-04-25 05:35:22,705 - freqtrade.resolvers.strategy_resolver - INFO - Override strategy 'max_open_trades' with value from the configuration: 2.
2026-04-25 05:35:22,706 - freqtrade.resolvers.strategy_resolver - INFO - Strategy using minimal_roi: {'0': 0.099, '13': 0.034, '146': 0, '38': 0.024}
2026-04-25 05:35:22,706 - freqtrade.resolvers.strategy_resolver - INFO - Strategy using timeframe: 5m
2026-04-25 05:35:22,706 - freqtrade.resolvers.strategy_resolver - INFO - Strategy using stoploss: -0.245
2026-04-25 05:35:22,707 - freqtrade.resolvers.strategy_resolver - INFO - Strategy using trailing_stop: True
2026-04-25 05:35:22,707 - freqtrade.resolvers.strategy_resolver - INFO - Strategy using trailing_stop_positive: 0.334
2026-04-25 05:35:22,707 - freqtrade.resolvers.strategy_resolver - INFO - Strategy using trailing_stop_positive_offset: 0.371
2026-04-25 05:35:22,707 - freqtrade.resolvers.strategy_resolver - INFO - Strategy using trailing_only_offset_is_reached: False
2026-04-25 05:35:22,708 - freqtrade.resolvers.strategy_resolver - INFO - Strategy using use_custom_stoploss: False
2026-04-25 05:35:22,708 - freqtrade.resolvers.strategy_resolver - INFO - Strategy using process_only_new_candles: True
2026-04-25 05:35:22,708 - freqtrade.resolvers.strategy_resolver - INFO - Strategy using order_types: {'entry': 'limit', 'exit': 'limit', 'stoploss': 'limit', 'stoploss_on_exchange': False, 
'stoploss_on_exchange_interval': 60}
2026-04-25 05:35:22,708 - freqtrade.resolvers.strategy_resolver - INFO - Strategy using order_time_in_force: {'entry': 'GTC', 'exit': 'GTC'}
2026-04-25 05:35:22,709 - freqtrade.resolvers.strategy_resolver - INFO - Strategy using stake_currency: USDT
2026-04-25 05:35:22,709 - freqtrade.resolvers.strategy_resolver - INFO - Strategy using stake_amount: unlimited
2026-04-25 05:35:22,709 - freqtrade.resolvers.strategy_resolver - INFO - Strategy using startup_candle_count: 0
2026-04-25 05:35:22,709 - freqtrade.resolvers.strategy_resolver - INFO - Strategy using use_exit_signal: True
2026-04-25 05:35:22,710 - freqtrade.resolvers.strategy_resolver - INFO - Strategy using exit_profit_only: False
2026-04-25 05:35:22,710 - freqtrade.resolvers.strategy_resolver - INFO - Strategy using ignore_roi_if_entry_signal: False
2026-04-25 05:35:22,710 - freqtrade.resolvers.strategy_resolver - INFO - Strategy using exit_profit_offset: 0.0
2026-04-25 05:35:22,710 - freqtrade.resolvers.strategy_resolver - INFO - Strategy using disable_dataframe_checks: False
2026-04-25 05:35:22,711 - freqtrade.resolvers.strategy_resolver - INFO - Strategy using ignore_buying_expired_candle_after: 0
2026-04-25 05:35:22,711 - freqtrade.resolvers.strategy_resolver - INFO - Strategy using position_adjustment_enable: False
2026-04-25 05:35:22,711 - freqtrade.resolvers.strategy_resolver - INFO - Strategy using max_entry_position_adjustment: -1
2026-04-25 05:35:22,712 - freqtrade.resolvers.strategy_resolver - INFO - Strategy using max_open_trades: 2
2026-04-25 05:35:22,712 - freqtrade.configuration.config_validation - INFO - Validating configuration ...
2026-04-25 05:35:22,716 - freqtrade.resolvers.iresolver - INFO - Using resolved pairlist StaticPairList from 
'/home/mohs/Desktop/ae/pyside6/.venv/lib/python3.12/site-packages/freqtrade/plugins/pairlist/StaticPairList.py'...
2026-04-25 05:35:22,726 - freqtrade.optimize.backtesting - INFO - Using fee 0.1000% - worst case fee from exchange (lowest tier).
2026-04-25 05:35:22,991 - freqtrade.data.history.datahandlers.idatahandler - WARNING - ADA/USDT, spot, 5m, data ends at 2026-04-11 00:05:00
2026-04-25 05:35:23,281 - freqtrade.data.history.datahandlers.idatahandler - WARNING - ETH/USDT, spot, 5m, data ends at 2026-04-10 02:15:00
2026-04-25 05:35:23,317 - freqtrade.optimize.backtesting - INFO - Loading data from 2025-04-22 00:00:00 up to 2026-04-11 00:05:00 (354 days).
2026-04-25 05:35:24,823 - freqtrade.optimize.backtesting - INFO - Dataload complete. Calculating indicators
2026-04-25 05:35:24,825 - freqtrade.optimize.backtesting - INFO - Running backtesting for Strategy MultiMeee
2026-04-25 05:35:24,826 - freqtrade.strategy.hyper - INFO - Strategy Parameter: buy_ma_count = 13
2026-04-25 05:35:24,826 - freqtrade.strategy.hyper - INFO - Strategy Parameter: buy_ma_gap = 42
2026-04-25 05:35:24,826 - freqtrade.strategy.hyper - INFO - Strategy Parameter: sell_ma_count = 16
2026-04-25 05:35:24,827 - freqtrade.strategy.hyper - INFO - Strategy Parameter: sell_ma_gap = 22
2026-04-25 05:35:24,966 - freqtrade.optimize.backtesting - INFO - Backtesting with data from 2025-04-22 00:00:00 up to 2026-04-11 00:05:00 (354 days).
/home/mohs/Desktop/ae/pyside6/.venv/lib/python3.12/site-packages/freqtrade/data/metrics.py:77: FutureWarning: The default fill_method='pad' in DataFrame.pct_change is deprecated and will be removed in a future version. Either fill in any non-leading NA values prior to calling pct_change or specify 'fill_method=None' to not fill NA values.
  rel_mean = df_comb.pct_change().mean(axis=1).fillna(0).cumsum()
2026-04-25 05:35:27,900 - freqtrade.misc - INFO - dumping json to "/home/mohs/Desktop/ae/pyside6/user_data/backtest_results/backtest-result-2026-04-25_05-35-27.meta.json"
Result for strategy MultiMeee
                                             BACKTESTING REPORT                                              
┏━━━━━━━━━━┳━━━━━━━━┳━━━━━━━━━━━━━━┳━━━━━━━━━━━━━━━━━┳━━━━━━━━━━━━━━┳━━━━━━━━━━━━━━┳━━━━━━━━━━━━━━━━━━━━━━━━┓
┃     Pair ┃ Trades ┃ Avg Profit % ┃ Tot Profit USDT ┃ Tot Profit % ┃ Avg Duration ┃  Win  Draw  Loss  Win% ┃
┡━━━━━━━━━━╇━━━━━━━━╇━━━━━━━━━━━━━━╇━━━━━━━━━━━━━━━━━╇━━━━━━━━━━━━━━╇━━━━━━━━━━━━━━╇━━━━━━━━━━━━━━━━━━━━━━━━┩
│ ETH/USDT │    224 │        -0.06 │          -4.801 │         -6.0 │      1:49:00 │   89     0   135  39.7 │
│ ADA/USDT │    229 │        -0.12 │         -10.521 │       -13.15 │      1:45:00 │   85     0   144  37.1 │
│    TOTAL │    453 │        -0.09 │         -15.321 │       -19.15 │      1:47:00 │  174     0   279  38.4 │
└──────────┴────────┴──────────────┴─────────────────┴──────────────┴──────────────┴────────────────────────┘
                                         LEFT OPEN TRADES REPORT                                          
┏━━━━━━━┳━━━━━━━━┳━━━━━━━━━━━━━━┳━━━━━━━━━━━━━━━━━┳━━━━━━━━━━━━━━┳━━━━━━━━━━━━━━┳━━━━━━━━━━━━━━━━━━━━━━━━┓
┃  Pair ┃ Trades ┃ Avg Profit % ┃ Tot Profit USDT ┃ Tot Profit % ┃ Avg Duration ┃  Win  Draw  Loss  Win% ┃
┡━━━━━━━╇━━━━━━━━╇━━━━━━━━━━━━━━╇━━━━━━━━━━━━━━━━━╇━━━━━━━━━━━━━━╇━━━━━━━━━━━━━━╇━━━━━━━━━━━━━━━━━━━━━━━━┩
│ TOTAL │      0 │          0.0 │           0.000 │          0.0 │         0:00 │    0     0     0     0 │
└───────┴────────┴──────────────┴─────────────────┴──────────────┴──────────────┴────────────────────────┘
                                                ENTER TAG STATS                                                
┏━━━━━━━━━━━┳━━━━━━━━━┳━━━━━━━━━━━━━━┳━━━━━━━━━━━━━━━━━┳━━━━━━━━━━━━━━┳━━━━━━━━━━━━━━┳━━━━━━━━━━━━━━━━━━━━━━━━┓
┃ Enter Tag ┃ Entries ┃ Avg Profit % ┃ Tot Profit USDT ┃ Tot Profit % ┃ Avg Duration ┃  Win  Draw  Loss  Win% ┃
┡━━━━━━━━━━━╇━━━━━━━━━╇━━━━━━━━━━━━━━╇━━━━━━━━━━━━━━━━━╇━━━━━━━━━━━━━━╇━━━━━━━━━━━━━━╇━━━━━━━━━━━━━━━━━━━━━━━━┩
│     OTHER │     453 │        -0.09 │         -15.321 │       -19.15 │      1:47:00 │  174     0   279  38.4 │
│     TOTAL │     453 │        -0.09 │         -15.321 │       -19.15 │      1:47:00 │  174     0   279  38.4 │
└───────────┴─────────┴──────────────┴─────────────────┴──────────────┴──────────────┴────────────────────────┘
                                               EXIT REASON STATS                                               
┏━━━━━━━━━━━━━┳━━━━━━━┳━━━━━━━━━━━━━━┳━━━━━━━━━━━━━━━━━┳━━━━━━━━━━━━━━┳━━━━━━━━━━━━━━┳━━━━━━━━━━━━━━━━━━━━━━━━┓
┃ Exit Reason ┃ Exits ┃ Avg Profit % ┃ Tot Profit USDT ┃ Tot Profit % ┃ Avg Duration ┃  Win  Draw  Loss  Win% ┃
┡━━━━━━━━━━━━━╇━━━━━━━╇━━━━━━━━━━━━━━╇━━━━━━━━━━━━━━━━━╇━━━━━━━━━━━━━━╇━━━━━━━━━━━━━━╇━━━━━━━━━━━━━━━━━━━━━━━━┩
│         roi │   151 │         1.06 │          57.785 │        72.23 │      2:12:00 │  140     0    11  92.7 │
│ exit_signal │   302 │        -0.66 │         -73.106 │       -91.38 │      1:35:00 │   34     0   268  11.3 │
│       TOTAL │   453 │        -0.09 │         -15.321 │       -19.15 │      1:47:00 │  174     0   279  38.4 │
└─────────────┴───────┴──────────────┴─────────────────┴──────────────┴──────────────┴────────────────────────┘
                                                      MIXED TAG STATS                                                       
┏━━━━━━━━━━━┳━━━━━━━━━━━━━┳━━━━━━━━┳━━━━━━━━━━━━━━┳━━━━━━━━━━━━━━━━━┳━━━━━━━━━━━━━━┳━━━━━━━━━━━━━━┳━━━━━━━━━━━━━━━━━━━━━━━━┓
┃ Enter Tag ┃ Exit Reason ┃ Trades ┃ Avg Profit % ┃ Tot Profit USDT ┃ Tot Profit % ┃ Avg Duration ┃  Win  Draw  Loss  Win% ┃
┡━━━━━━━━━━━╇━━━━━━━━━━━━━╇━━━━━━━━╇━━━━━━━━━━━━━━╇━━━━━━━━━━━━━━━━━╇━━━━━━━━━━━━━━╇━━━━━━━━━━━━━━╇━━━━━━━━━━━━━━━━━━━━━━━━┩
│           │         roi │    151 │         1.06 │          57.785 │        72.23 │      2:12:00 │  140     0    11  92.7 │
│           │ exit_signal │    302 │        -0.66 │         -73.106 │       -91.38 │      1:35:00 │   34     0   268  11.3 │
│     TOTAL │             │    453 │        -0.09 │         -15.321 │       -19.15 │      1:47:00 │  174     0   279  38.4 │
└───────────┴─────────────┴────────┴──────────────┴─────────────────┴──────────────┴──────────────┴────────────────────────┘
                         SUMMARY METRICS                          
┏━━━━━━━━━━━━━━━━━━━━━━━━━━━━━━━┳━━━━━━━━━━━━━━━━━━━━━━━━━━━━━━━━┓
┃ Metric                        ┃ Value                          ┃
┡━━━━━━━━━━━━━━━━━━━━━━━━━━━━━━━╇━━━━━━━━━━━━━━━━━━━━━━━━━━━━━━━━┩
│ Backtesting from              │ 2025-04-22 00:00:00            │
│ Backtesting to                │ 2026-04-11 00:05:00            │
│ Trading Mode                  │ Spot                           │
│ Max open trades               │ 2                              │
│                               │                                │
│ Total/Daily Avg Trades        │ 453 / 1.28                     │
│ Starting balance              │ 80 USDT                        │
│ Final balance                 │ 64.679 USDT                    │
│ Absolute profit               │ -15.321 USDT                   │
│ Total profit %                │ -19.15%                        │
│ CAGR %                        │ -19.68%                        │
│ Sortino                       │ -3.03                          │
│ Sharpe                        │ -1.92                          │
│ Calmar                        │ -5.13                          │
│ SQN                           │ -1.67                          │
│ Profit factor                 │ 0.80                           │
│ Expectancy (Ratio)            │ -0.03 (-0.12)                  │
│ Avg. daily profit             │ -0.043 USDT                    │
│ Avg. stake amount             │ 36.43 USDT                     │
│ Total trade volume            │ 33056.634 USDT                 │
│                               │                                │
│ Best Pair                     │ ETH/USDT -6.00%                │
│ Worst Pair                    │ ADA/USDT -13.15%               │
│ Best trade                    │ ADA/USDT 3.41%                 │
│ Worst trade                   │ ETH/USDT -5.50%                │
│ Best day                      │ 4.014 USDT                     │
│ Worst day                     │ -3.657 USDT                    │
│ Days win/draw/lose            │ 59 / 178 / 111                 │
│ Min/Max/Avg. Duration Winners │ 0d 00:25 / 0d 03:00 / 0d 02:11 │
│ Min/Max/Avg. Duration Losers  │ 0d 00:10 / 0d 03:30 / 0d 01:33 │
│ Max Consecutive Wins / Loss   │ 6 / 10                         │
│ Rejected Entry signals        │ 0                              │
│ Entry/Exit Timeouts           │ 0 / 0                          │
│                               │                                │
│ Min balance                   │ 64.679 USDT                    │
│ Max balance                   │ 80.992 USDT                    │
│ Max % of account underwater   │ 20.14%                         │
│ Absolute drawdown             │ 16.314 USDT (20.14%)           │
│ Drawdown duration             │ 337 days 00:00:00              │
│ Profit at drawdown start      │ 0.992 USDT                     │
│ Profit at drawdown end        │ -15.321 USDT                   │
│ Drawdown start                │ 2025-05-08 20:50:00            │
│ Drawdown end                  │ 2026-04-10 20:50:00            │
│ Market change                 │ -10.05%                        │
└───────────────────────────────┴────────────────────────────────┘

Backtested 2025-04-22 00:00:00 -> 2026-04-11 00:05:00 | Max open trades : 2
                                                          STRATEGY SUMMARY                                                          
┏━━━━━━━━━━━┳━━━━━━━━┳━━━━━━━━━━━━━━┳━━━━━━━━━━━━━━━━━┳━━━━━━━━━━━━━━┳━━━━━━━━━━━━━━┳━━━━━━━━━━━━━━━━━━━━━━━━┳━━━━━━━━━━━━━━━━━━━━━┓
┃  Strategy ┃ Trades ┃ Avg Profit % ┃ Tot Profit USDT ┃ Tot Profit % ┃ Avg Duration ┃  Win  Draw  Loss  Win% ┃            Drawdown ┃
┡━━━━━━━━━━━╇━━━━━━━━╇━━━━━━━━━━━━━━╇━━━━━━━━━━━━━━━━━╇━━━━━━━━━━━━━━╇━━━━━━━━━━━━━━╇━━━━━━━━━━━━━━━━━━━━━━━━╇━━━━━━━━━━━━━━━━━━━━━┩
│ MultiMeee │    453 │        -0.09 │         -15.321 │       -19.15 │      1:47:00 │  174     0   279  38.4 │ 16.314 USDT  20.14% │
└───────────┴────────┴──────────────┴─────────────────┴──────────────┴──────────────┴────────────────────────┴─────────────────────┘