2026-04-25 20:17:23,976 - freqtrade - INFO - freqtrade 2026.3
2026-04-25 20:17:25,052 - freqtrade.configuration.load_config - INFO - Using config: /home/mohs/Desktop/ae/pyside6/user_data/config.json ...
2026-04-25 20:17:25,055 - freqtrade.loggers - INFO - Enabling colorized output.
2026-04-25 20:17:25,055 - freqtrade.loggers - INFO - Logfile configured
2026-04-25 20:17:25,055 - freqtrade.loggers - INFO - Verbosity set to 0
2026-04-25 20:17:25,055 - freqtrade.configuration.configuration - INFO - Using additional Strategy lookup path: 
/home/mohs/Desktop/ae/pyside6/user_data/optimizer/sessions/67b9b07d-6015-403e-8bdf-cb20b1ccc55d/trial_042/strategy_dir
2026-04-25 20:17:25,056 - freqtrade.configuration.configuration - WARNING - `force_entry_enable` RPC message enabled.
2026-04-25 20:17:25,056 - freqtrade.configuration.configuration - INFO - Parameter -i/--timeframe detected ... Using timeframe: 4h ...
2026-04-25 20:17:25,056 - freqtrade.configuration.configuration - INFO - Parameter --max-open-trades detected, overriding max_open_trades to: 2 ...
2026-04-25 20:17:25,056 - freqtrade.configuration.configuration - INFO - Parameter --dry-run-wallet detected, overriding dry_run_wallet to: 150.0 ...
2026-04-25 20:17:25,057 - freqtrade.configuration.configuration - INFO - Parameter --timerange detected: 20250422-20260417 ...
2026-04-25 20:17:25,057 - freqtrade.configuration.configuration - INFO - Using user-data directory: /home/mohs/Desktop/ae/pyside6/user_data ...
2026-04-25 20:17:25,057 - freqtrade.configuration.configuration - INFO - Using data directory: /home/mohs/Desktop/ae/pyside6/user_data/data/binance ...
2026-04-25 20:17:25,058 - freqtrade.configuration.configuration - INFO - Parameter --export detected: trades ...
2026-04-25 20:17:25,058 - freqtrade.configuration.configuration - INFO - Parameter --cache=day detected ...
2026-04-25 20:17:25,058 - freqtrade.configuration.configuration - INFO - Using pairs ['ETH/USDT', 'XRP/USDT', 'HOME/USDT']
2026-04-25 20:17:25,058 - freqtrade.configuration.configuration - INFO - Filter trades by timerange: 20250422-20260417
2026-04-25 20:17:25,059 - freqtrade.exchange.check_exchange - INFO - Checking exchange...
2026-04-25 20:17:25,065 - freqtrade.exchange.check_exchange - INFO - Exchange "binance" is officially supported by the Freqtrade development team.
2026-04-25 20:17:25,065 - freqtrade.configuration.config_validation - INFO - Validating configuration ...
2026-04-25 20:17:25,067 - freqtrade.commands.optimize_commands - INFO - Starting freqtrade in Backtesting mode
2026-04-25 20:17:25,068 - freqtrade.exchange.exchange - INFO - Instance is running with dry_run enabled
2026-04-25 20:17:25,068 - freqtrade.exchange.exchange - INFO - Using CCXT 4.5.50
2026-04-25 20:17:25,068 - freqtrade.exchange.exchange - INFO - Applying additional ccxt config: {'enableRateLimit': True, 'timeout': 120000}
2026-04-25 20:17:25,073 - freqtrade.exchange.exchange - INFO - Applying additional ccxt config: {'enableRateLimit': True, 'timeout': 120000}
2026-04-25 20:17:25,079 - freqtrade.exchange.exchange - INFO - Using Exchange "Binance"
2026-04-25 20:17:26,215 - freqtrade.resolvers.exchange_resolver - INFO - Using resolved exchange 'Binance'...
2026-04-25 20:17:26,223 - freqtrade.resolvers.iresolver - INFO - Using resolved strategy MultiMeee from 
'/home/mohs/Desktop/ae/pyside6/user_data/optimizer/sessions/67b9b07d-6015-403e-8bdf-cb20b1ccc55d/trial_042/strategy_dir/MultiMeee.py'...
2026-04-25 20:17:26,223 - freqtrade.strategy.hyper - INFO - Loading parameters from file 
/home/mohs/Desktop/ae/pyside6/user_data/optimizer/sessions/67b9b07d-6015-403e-8bdf-cb20b1ccc55d/trial_042/strategy_dir/MultiMeee.json
2026-04-25 20:17:26,224 - freqtrade.resolvers.strategy_resolver - INFO - Override strategy 'timeframe' with value from the configuration: 4h.
2026-04-25 20:17:26,224 - freqtrade.resolvers.strategy_resolver - INFO - Override strategy 'stake_currency' with value from the configuration: USDT.
2026-04-25 20:17:26,225 - freqtrade.resolvers.strategy_resolver - INFO - Override strategy 'stake_amount' with value from the configuration: unlimited.
2026-04-25 20:17:26,225 - freqtrade.resolvers.strategy_resolver - INFO - Override strategy 'use_exit_signal' with value from the configuration: True.
2026-04-25 20:17:26,225 - freqtrade.resolvers.strategy_resolver - INFO - Override strategy 'max_open_trades' with value from the configuration: 2.
2026-04-25 20:17:26,225 - freqtrade.resolvers.strategy_resolver - INFO - Strategy using minimal_roi: {'0': 0.7586516388532388, '13': 0.6537325538573272, '146': 0.28995152754217945, '38': 
0.1211117131805331}
2026-04-25 20:17:26,226 - freqtrade.resolvers.strategy_resolver - INFO - Strategy using timeframe: 4h
2026-04-25 20:17:26,226 - freqtrade.resolvers.strategy_resolver - INFO - Strategy using stoploss: -0.4246242335996893
2026-04-25 20:17:26,226 - freqtrade.resolvers.strategy_resolver - INFO - Strategy using trailing_stop: True
2026-04-25 20:17:26,226 - freqtrade.resolvers.strategy_resolver - INFO - Strategy using trailing_stop_positive: 0.14422868336185013
2026-04-25 20:17:26,227 - freqtrade.resolvers.strategy_resolver - INFO - Strategy using trailing_stop_positive_offset: 0.2298950431504767
2026-04-25 20:17:26,227 - freqtrade.resolvers.strategy_resolver - INFO - Strategy using trailing_only_offset_is_reached: True
2026-04-25 20:17:26,227 - freqtrade.resolvers.strategy_resolver - INFO - Strategy using use_custom_stoploss: False
2026-04-25 20:17:26,227 - freqtrade.resolvers.strategy_resolver - INFO - Strategy using process_only_new_candles: True
2026-04-25 20:17:26,228 - freqtrade.resolvers.strategy_resolver - INFO - Strategy using order_types: {'entry': 'limit', 'exit': 'limit', 'stoploss': 'limit', 'stoploss_on_exchange': False, 
'stoploss_on_exchange_interval': 60}
2026-04-25 20:17:26,228 - freqtrade.resolvers.strategy_resolver - INFO - Strategy using order_time_in_force: {'entry': 'GTC', 'exit': 'GTC'}
2026-04-25 20:17:26,228 - freqtrade.resolvers.strategy_resolver - INFO - Strategy using stake_currency: USDT
2026-04-25 20:17:26,228 - freqtrade.resolvers.strategy_resolver - INFO - Strategy using stake_amount: unlimited
2026-04-25 20:17:26,229 - freqtrade.resolvers.strategy_resolver - INFO - Strategy using startup_candle_count: 0
2026-04-25 20:17:26,229 - freqtrade.resolvers.strategy_resolver - INFO - Strategy using use_exit_signal: True
2026-04-25 20:17:26,229 - freqtrade.resolvers.strategy_resolver - INFO - Strategy using exit_profit_only: False
2026-04-25 20:17:26,229 - freqtrade.resolvers.strategy_resolver - INFO - Strategy using ignore_roi_if_entry_signal: False
2026-04-25 20:17:26,230 - freqtrade.resolvers.strategy_resolver - INFO - Strategy using exit_profit_offset: 0.0
2026-04-25 20:17:26,230 - freqtrade.resolvers.strategy_resolver - INFO - Strategy using disable_dataframe_checks: False
2026-04-25 20:17:26,230 - freqtrade.resolvers.strategy_resolver - INFO - Strategy using ignore_buying_expired_candle_after: 0
2026-04-25 20:17:26,230 - freqtrade.resolvers.strategy_resolver - INFO - Strategy using position_adjustment_enable: False
2026-04-25 20:17:26,230 - freqtrade.resolvers.strategy_resolver - INFO - Strategy using max_entry_position_adjustment: -1
2026-04-25 20:17:26,231 - freqtrade.resolvers.strategy_resolver - INFO - Strategy using max_open_trades: 2
2026-04-25 20:17:26,231 - freqtrade.configuration.config_validation - INFO - Validating configuration ...
2026-04-25 20:17:26,235 - freqtrade.resolvers.iresolver - INFO - Using resolved pairlist StaticPairList from 
'/home/mohs/Desktop/ae/pyside6/.venv/lib/python3.12/site-packages/freqtrade/plugins/pairlist/StaticPairList.py'...
2026-04-25 20:17:26,247 - freqtrade.optimize.backtesting - INFO - Using fee 0.1000% - worst case fee from exchange (lowest tier).
2026-04-25 20:17:26,254 - freqtrade.data.history.datahandlers.idatahandler - WARNING - ETH/USDT, spot, 4h, data starts at 2025-04-24 00:00:00
2026-04-25 20:17:26,267 - freqtrade.data.history.datahandlers.idatahandler - WARNING - XRP/USDT, spot, 4h, data starts at 2025-04-30 00:00:00
2026-04-25 20:17:26,279 - freqtrade.data.history.datahandlers.idatahandler - WARNING - HOME/USDT, spot, 4h, data starts at 2025-06-12 12:00:00
2026-04-25 20:17:26,287 - freqtrade.optimize.backtesting - INFO - Loading data from 2025-04-24 00:00:00 up to 2026-04-17 00:00:00 (358 days).
2026-04-25 20:17:26,343 - freqtrade.optimize.backtesting - INFO - Dataload complete. Calculating indicators
2026-04-25 20:17:26,348 - freqtrade.optimize.backtesting - INFO - Running backtesting for Strategy MultiMeee
2026-04-25 20:17:26,348 - freqtrade.strategy.hyper - INFO - Strategy Parameter: buy_ma_count = 8
2026-04-25 20:17:26,348 - freqtrade.strategy.hyper - INFO - Strategy Parameter: buy_ma_gap = 1
2026-04-25 20:17:26,349 - freqtrade.strategy.hyper - INFO - Strategy Parameter: sell_ma_count = 15
2026-04-25 20:17:26,349 - freqtrade.strategy.hyper - INFO - Strategy Parameter: sell_ma_gap = 35
2026-04-25 20:17:26,359 - freqtrade.optimize.backtesting - INFO - Backtesting with data from 2025-04-24 00:00:00 up to 2026-04-17 00:00:00 (358 days).
2026-04-25 20:17:26,974 - freqtrade.misc - INFO - dumping json to "/home/mohs/Desktop/ae/pyside6/user_data/backtest_results/backtest-result-2026-04-25_20-17-26.meta.json"
Result for strategy MultiMeee
                                                BACKTESTING REPORT                                                
┏━━━━━━━━━━━┳━━━━━━━━┳━━━━━━━━━━━━━━┳━━━━━━━━━━━━━━━━━┳━━━━━━━━━━━━━━┳━━━━━━━━━━━━━━━━━━┳━━━━━━━━━━━━━━━━━━━━━━━━┓
┃      Pair ┃ Trades ┃ Avg Profit % ┃ Tot Profit USDT ┃ Tot Profit % ┃     Avg Duration ┃  Win  Draw  Loss  Win% ┃
┡━━━━━━━━━━━╇━━━━━━━━╇━━━━━━━━━━━━━━╇━━━━━━━━━━━━━━━━━╇━━━━━━━━━━━━━━╇━━━━━━━━━━━━━━━━━━╇━━━━━━━━━━━━━━━━━━━━━━━━┩
│  XRP/USDT │      8 │         3.64 │          26.411 │        17.61 │ 6 days, 23:00:00 │    4     0     4  50.0 │
│  ETH/USDT │     10 │         2.87 │          21.035 │        14.02 │ 4 days, 21:12:00 │    4     0     6  40.0 │
│ HOME/USDT │      9 │        -3.22 │         -27.118 │       -18.08 │ 5 days, 12:53:00 │    3     0     6  33.3 │
│     TOTAL │     27 │         1.07 │          20.327 │        13.55 │ 5 days, 17:11:00 │   11     0    16  40.7 │
└───────────┴────────┴──────────────┴─────────────────┴──────────────┴──────────────────┴────────────────────────┘
                                            LEFT OPEN TRADES REPORT                                            
┏━━━━━━━━━━┳━━━━━━━━┳━━━━━━━━━━━━━━┳━━━━━━━━━━━━━━━━━┳━━━━━━━━━━━━━━┳━━━━━━━━━━━━━━━━┳━━━━━━━━━━━━━━━━━━━━━━━━┓
┃     Pair ┃ Trades ┃ Avg Profit % ┃ Tot Profit USDT ┃ Tot Profit % ┃   Avg Duration ┃  Win  Draw  Loss  Win% ┃
┡━━━━━━━━━━╇━━━━━━━━╇━━━━━━━━━━━━━━╇━━━━━━━━━━━━━━━━━╇━━━━━━━━━━━━━━╇━━━━━━━━━━━━━━━━╇━━━━━━━━━━━━━━━━━━━━━━━━┩
│ XRP/USDT │      1 │         1.47 │           1.251 │         0.83 │        8:00:00 │    1     0     0   100 │
│ ETH/USDT │      1 │        -1.33 │          -1.132 │        -0.75 │ 1 day, 4:00:00 │    0     0     1     0 │
│    TOTAL │      2 │         0.07 │           0.119 │         0.08 │       18:00:00 │    1     0     1  50.0 │
└──────────┴────────┴──────────────┴─────────────────┴──────────────┴────────────────┴────────────────────────┘
                                                  ENTER TAG STATS                                                  
┏━━━━━━━━━━━┳━━━━━━━━━┳━━━━━━━━━━━━━━┳━━━━━━━━━━━━━━━━━┳━━━━━━━━━━━━━━┳━━━━━━━━━━━━━━━━━━┳━━━━━━━━━━━━━━━━━━━━━━━━┓
┃ Enter Tag ┃ Entries ┃ Avg Profit % ┃ Tot Profit USDT ┃ Tot Profit % ┃     Avg Duration ┃  Win  Draw  Loss  Win% ┃
┡━━━━━━━━━━━╇━━━━━━━━━╇━━━━━━━━━━━━━━╇━━━━━━━━━━━━━━━━━╇━━━━━━━━━━━━━━╇━━━━━━━━━━━━━━━━━━╇━━━━━━━━━━━━━━━━━━━━━━━━┩
│     OTHER │      27 │         1.07 │          20.327 │        13.55 │ 5 days, 17:11:00 │   11     0    16  40.7 │
│     TOTAL │      27 │         1.07 │          20.327 │        13.55 │ 5 days, 17:11:00 │   11     0    16  40.7 │
└───────────┴─────────┴──────────────┴─────────────────┴──────────────┴──────────────────┴────────────────────────┘
                                                    EXIT REASON STATS                                                     
┏━━━━━━━━━━━━━━━━━━━━┳━━━━━━━┳━━━━━━━━━━━━━━┳━━━━━━━━━━━━━━━━━┳━━━━━━━━━━━━━━┳━━━━━━━━━━━━━━━━━━┳━━━━━━━━━━━━━━━━━━━━━━━━┓
┃        Exit Reason ┃ Exits ┃ Avg Profit % ┃ Tot Profit USDT ┃ Tot Profit % ┃     Avg Duration ┃  Win  Draw  Loss  Win% ┃
┡━━━━━━━━━━━━━━━━━━━━╇━━━━━━━╇━━━━━━━━━━━━━━╇━━━━━━━━━━━━━━━━━╇━━━━━━━━━━━━━━╇━━━━━━━━━━━━━━━━━━╇━━━━━━━━━━━━━━━━━━━━━━━━┩
│                roi │     2 │         29.0 │          46.736 │        31.16 │  8 days, 4:00:00 │    2     0     0   100 │
│ trailing_stop_loss │     1 │          7.4 │           6.872 │         4.58 │ 3 days, 12:00:00 │    1     0     0   100 │
│         force_exit │     2 │         0.07 │           0.119 │         0.08 │         18:00:00 │    1     0     1  50.0 │
│        exit_signal │    22 │        -1.67 │         -33.399 │       -22.27 │  6 days, 1:05:00 │    7     0    15  31.8 │
│              TOTAL │    27 │         1.07 │          20.327 │        13.55 │ 5 days, 17:11:00 │   11     0    16  40.7 │
└────────────────────┴───────┴──────────────┴─────────────────┴──────────────┴──────────────────┴────────────────────────┘
                                                            MIXED TAG STATS                                                            
┏━━━━━━━━━━━┳━━━━━━━━━━━━━━━━━━━━┳━━━━━━━━┳━━━━━━━━━━━━━━┳━━━━━━━━━━━━━━━━━┳━━━━━━━━━━━━━━┳━━━━━━━━━━━━━━━━━━┳━━━━━━━━━━━━━━━━━━━━━━━━┓
┃ Enter Tag ┃        Exit Reason ┃ Trades ┃ Avg Profit % ┃ Tot Profit USDT ┃ Tot Profit % ┃     Avg Duration ┃  Win  Draw  Loss  Win% ┃
┡━━━━━━━━━━━╇━━━━━━━━━━━━━━━━━━━━╇━━━━━━━━╇━━━━━━━━━━━━━━╇━━━━━━━━━━━━━━━━━╇━━━━━━━━━━━━━━╇━━━━━━━━━━━━━━━━━━╇━━━━━━━━━━━━━━━━━━━━━━━━┩
│           │                roi │      2 │         29.0 │          46.736 │        31.16 │  8 days, 4:00:00 │    2     0     0   100 │
│           │ trailing_stop_loss │      1 │          7.4 │           6.872 │         4.58 │ 3 days, 12:00:00 │    1     0     0   100 │
│           │         force_exit │      2 │         0.07 │           0.119 │         0.08 │         18:00:00 │    1     0     1  50.0 │
│           │        exit_signal │     22 │        -1.67 │         -33.399 │       -22.27 │  6 days, 1:05:00 │    7     0    15  31.8 │
│     TOTAL │                    │     27 │         1.07 │          20.327 │        13.55 │ 5 days, 17:11:00 │   11     0    16  40.7 │
└───────────┴────────────────────┴────────┴──────────────┴─────────────────┴──────────────┴──────────────────┴────────────────────────┘
                          SUMMARY METRICS                          
┏━━━━━━━━━━━━━━━━━━━━━━━━━━━━━━━┳━━━━━━━━━━━━━━━━━━━━━━━━━━━━━━━━━┓
┃ Metric                        ┃ Value                           ┃
┡━━━━━━━━━━━━━━━━━━━━━━━━━━━━━━━╇━━━━━━━━━━━━━━━━━━━━━━━━━━━━━━━━━┩
│ Backtesting from              │ 2025-04-24 00:00:00             │
│ Backtesting to                │ 2026-04-17 00:00:00             │
│ Trading Mode                  │ Spot                            │
│ Max open trades               │ 2                               │
│                               │                                 │
│ Total/Daily Avg Trades        │ 27 / 0.08                       │
│ Starting balance              │ 150 USDT                        │
│ Final balance                 │ 170.327 USDT                    │
│ Absolute profit               │ 20.327 USDT                     │
│ Total profit %                │ 13.55%                          │
│ CAGR %                        │ 13.83%                          │
│ Sortino                       │ 0.34                            │
│ Sharpe                        │ 0.14                            │
│ Calmar                        │ 4.88                            │
│ SQN                           │ 0.49                            │
│ Profit factor                 │ 1.33                            │
│ Expectancy (Ratio)            │ 0.75 (0.20)                     │
│ Avg. daily profit             │ 0.057 USDT                      │
│ Avg. stake amount             │ 89.535 USDT                     │
│ Total trade volume            │ 4864.922 USDT                   │
│                               │                                 │
│ Best Pair                     │ XRP/USDT 17.61%                 │
│ Worst Pair                    │ HOME/USDT -18.08%               │
│ Best trade                    │ XRP/USDT 29.00%                 │
│ Worst trade                   │ HOME/USDT -12.63%               │
│ Best day                      │ 24.997 USDT                     │
│ Worst day                     │ -10.88 USDT                     │
│ Days win/draw/lose            │ 10 / 321 / 13                   │
│ Min/Max/Avg. Duration Winners │ 0d 08:00 / 21d 16:00 / 5d 08:44 │
│ Min/Max/Avg. Duration Losers  │ 0d 04:00 / 40d 00:00 / 5d 23:00 │
│ Max Consecutive Wins / Loss   │ 2 / 5                           │
│ Rejected Entry signals        │ 16                              │
│ Entry/Exit Timeouts           │ 0 / 0                           │
│                               │                                 │
│ Min balance                   │ 169.077 USDT                    │
│ Max balance                   │ 198.486 USDT                    │
│ Max % of account underwater   │ 14.82%                          │
│ Absolute drawdown             │ 29.409 USDT (14.82%)            │
│ Drawdown duration             │ 276 days 16:00:00               │
│ Profit at drawdown start      │ 48.486 USDT                     │
│ Profit at drawdown end        │ 19.077 USDT                     │
│ Drawdown start                │ 2025-07-14 08:00:00             │
│ Drawdown end                  │ 2026-04-17 00:00:00             │
│ Market change                 │ -16.15%                         │
└───────────────────────────────┴─────────────────────────────────┘

Backtested 2025-04-24 00:00:00 -> 2026-04-17 00:00:00 | Max open trades : 2
                                                            STRATEGY SUMMARY                                                            
┏━━━━━━━━━━━┳━━━━━━━━┳━━━━━━━━━━━━━━┳━━━━━━━━━━━━━━━━━┳━━━━━━━━━━━━━━┳━━━━━━━━━━━━━━━━━━┳━━━━━━━━━━━━━━━━━━━━━━━━┳━━━━━━━━━━━━━━━━━━━━━┓
┃  Strategy ┃ Trades ┃ Avg Profit % ┃ Tot Profit USDT ┃ Tot Profit % ┃     Avg Duration ┃  Win  Draw  Loss  Win% ┃            Drawdown ┃
┡━━━━━━━━━━━╇━━━━━━━━╇━━━━━━━━━━━━━━╇━━━━━━━━━━━━━━━━━╇━━━━━━━━━━━━━━╇━━━━━━━━━━━━━━━━━━╇━━━━━━━━━━━━━━━━━━━━━━━━╇━━━━━━━━━━━━━━━━━━━━━┩
│ MultiMeee │     27 │         1.07 │          20.327 │        13.55 │ 5 days, 17:11:00 │   11     0    16  40.7 │ 29.409 USDT  14.82% │
└───────────┴────────┴──────────────┴─────────────────┴──────────────┴──────────────────┴────────────────────────┴─────────────────────┘