2026-04-25 22:04:21,509 - freqtrade - INFO - freqtrade 2026.3
2026-04-25 22:04:22,560 - freqtrade.configuration.load_config - INFO - Using config: /home/mohs/Desktop/ae/pyside6/user_data/config.json ...
2026-04-25 22:04:22,563 - freqtrade.loggers - INFO - Enabling colorized output.
2026-04-25 22:04:22,563 - freqtrade.loggers - INFO - Logfile configured
2026-04-25 22:04:22,563 - freqtrade.loggers - INFO - Verbosity set to 0
2026-04-25 22:04:22,564 - freqtrade.configuration.configuration - INFO - Using additional Strategy lookup path: 
/home/mohs/Desktop/ae/pyside6/user_data/optimizer/sessions/cc8d7aa3-4a01-4b96-b398-01484bd54a80/trial_057/strategy_dir
2026-04-25 22:04:22,564 - freqtrade.configuration.configuration - WARNING - `force_entry_enable` RPC message enabled.
2026-04-25 22:04:22,564 - freqtrade.configuration.configuration - INFO - Parameter -i/--timeframe detected ... Using timeframe: 5m ...
2026-04-25 22:04:22,564 - freqtrade.configuration.configuration - INFO - Parameter --max-open-trades detected, overriding max_open_trades to: 3 ...
2026-04-25 22:04:22,565 - freqtrade.configuration.configuration - INFO - Parameter --dry-run-wallet detected, overriding dry_run_wallet to: 150.0 ...
2026-04-25 22:04:22,565 - freqtrade.configuration.configuration - INFO - Parameter --timerange detected: 20250422-20260417 ...
2026-04-25 22:04:22,565 - freqtrade.configuration.configuration - INFO - Using user-data directory: /home/mohs/Desktop/ae/pyside6/user_data ...
2026-04-25 22:04:22,566 - freqtrade.configuration.configuration - INFO - Using data directory: /home/mohs/Desktop/ae/pyside6/user_data/data/binance ...
2026-04-25 22:04:22,566 - freqtrade.configuration.configuration - INFO - Parameter --export detected: trades ...
2026-04-25 22:04:22,566 - freqtrade.configuration.configuration - INFO - Parameter --cache=day detected ...
2026-04-25 22:04:22,566 - freqtrade.configuration.configuration - INFO - Using pairs ['XRP/USDT', 'ETH/USDT', 'HOME/USDT']
2026-04-25 22:04:22,567 - freqtrade.configuration.configuration - INFO - Filter trades by timerange: 20250422-20260417
2026-04-25 22:04:22,567 - freqtrade.exchange.check_exchange - INFO - Checking exchange...
2026-04-25 22:04:22,573 - freqtrade.exchange.check_exchange - INFO - Exchange "binance" is officially supported by the Freqtrade development team.
2026-04-25 22:04:22,573 - freqtrade.configuration.config_validation - INFO - Validating configuration ...
2026-04-25 22:04:22,575 - freqtrade.commands.optimize_commands - INFO - Starting freqtrade in Backtesting mode
2026-04-25 22:04:22,576 - freqtrade.exchange.exchange - INFO - Instance is running with dry_run enabled
2026-04-25 22:04:22,576 - freqtrade.exchange.exchange - INFO - Using CCXT 4.5.50
2026-04-25 22:04:22,576 - freqtrade.exchange.exchange - INFO - Applying additional ccxt config: {'enableRateLimit': True, 'timeout': 120000}
2026-04-25 22:04:22,582 - freqtrade.exchange.exchange - INFO - Applying additional ccxt config: {'enableRateLimit': True, 'timeout': 120000}
2026-04-25 22:04:22,587 - freqtrade.exchange.exchange - INFO - Using Exchange "Binance"
2026-04-25 22:04:23,930 - freqtrade.resolvers.exchange_resolver - INFO - Using resolved exchange 'Binance'...
2026-04-25 22:04:23,938 - freqtrade.resolvers.iresolver - INFO - Using resolved strategy yes from 
'/home/mohs/Desktop/ae/pyside6/user_data/optimizer/sessions/cc8d7aa3-4a01-4b96-b398-01484bd54a80/trial_057/strategy_dir/yes.py'...
2026-04-25 22:04:23,939 - freqtrade.strategy.hyper - INFO - Loading parameters from file 
/home/mohs/Desktop/ae/pyside6/user_data/optimizer/sessions/cc8d7aa3-4a01-4b96-b398-01484bd54a80/trial_057/strategy_dir/yes.json
2026-04-25 22:04:23,939 - freqtrade.resolvers.strategy_resolver - INFO - Override strategy 'timeframe' with value from the configuration: 5m.
2026-04-25 22:04:23,940 - freqtrade.resolvers.strategy_resolver - INFO - Override strategy 'stake_currency' with value from the configuration: USDT.
2026-04-25 22:04:23,940 - freqtrade.resolvers.strategy_resolver - INFO - Override strategy 'stake_amount' with value from the configuration: unlimited.
2026-04-25 22:04:23,940 - freqtrade.resolvers.strategy_resolver - INFO - Override strategy 'use_exit_signal' with value from the configuration: True.
2026-04-25 22:04:23,941 - freqtrade.resolvers.strategy_resolver - INFO - Override strategy 'max_open_trades' with value from the configuration: 3.
2026-04-25 22:04:23,941 - freqtrade.resolvers.strategy_resolver - INFO - Strategy using minimal_roi: {'0': 0.04036434803616923, '13': 0.09471829281596178, '146': 0.11331520076449568, '38': 
0.985865461770734}
2026-04-25 22:04:23,941 - freqtrade.resolvers.strategy_resolver - INFO - Strategy using timeframe: 5m
2026-04-25 22:04:23,941 - freqtrade.resolvers.strategy_resolver - INFO - Strategy using stoploss: -0.8853619490401371
2026-04-25 22:04:23,942 - freqtrade.resolvers.strategy_resolver - INFO - Strategy using trailing_stop: False
2026-04-25 22:04:23,942 - freqtrade.resolvers.strategy_resolver - INFO - Strategy using trailing_stop_positive: 0.31192559473837556
2026-04-25 22:04:23,942 - freqtrade.resolvers.strategy_resolver - INFO - Strategy using trailing_stop_positive_offset: 0.0634333992177902
2026-04-25 22:04:23,942 - freqtrade.resolvers.strategy_resolver - INFO - Strategy using trailing_only_offset_is_reached: False
2026-04-25 22:04:23,943 - freqtrade.resolvers.strategy_resolver - INFO - Strategy using use_custom_stoploss: False
2026-04-25 22:04:23,943 - freqtrade.resolvers.strategy_resolver - INFO - Strategy using process_only_new_candles: True
2026-04-25 22:04:23,943 - freqtrade.resolvers.strategy_resolver - INFO - Strategy using order_types: {'entry': 'limit', 'exit': 'limit', 'stoploss': 'limit', 'stoploss_on_exchange': False, 
'stoploss_on_exchange_interval': 60}
2026-04-25 22:04:23,944 - freqtrade.resolvers.strategy_resolver - INFO - Strategy using order_time_in_force: {'entry': 'GTC', 'exit': 'GTC'}
2026-04-25 22:04:23,944 - freqtrade.resolvers.strategy_resolver - INFO - Strategy using stake_currency: USDT
2026-04-25 22:04:23,944 - freqtrade.resolvers.strategy_resolver - INFO - Strategy using stake_amount: unlimited
2026-04-25 22:04:23,944 - freqtrade.resolvers.strategy_resolver - INFO - Strategy using startup_candle_count: 0
2026-04-25 22:04:23,945 - freqtrade.resolvers.strategy_resolver - INFO - Strategy using use_exit_signal: True
2026-04-25 22:04:23,945 - freqtrade.resolvers.strategy_resolver - INFO - Strategy using exit_profit_only: False
2026-04-25 22:04:23,945 - freqtrade.resolvers.strategy_resolver - INFO - Strategy using ignore_roi_if_entry_signal: False
2026-04-25 22:04:23,945 - freqtrade.resolvers.strategy_resolver - INFO - Strategy using exit_profit_offset: 0.0
2026-04-25 22:04:23,946 - freqtrade.resolvers.strategy_resolver - INFO - Strategy using disable_dataframe_checks: False
2026-04-25 22:04:23,946 - freqtrade.resolvers.strategy_resolver - INFO - Strategy using ignore_buying_expired_candle_after: 0
2026-04-25 22:04:23,946 - freqtrade.resolvers.strategy_resolver - INFO - Strategy using position_adjustment_enable: False
2026-04-25 22:04:23,946 - freqtrade.resolvers.strategy_resolver - INFO - Strategy using max_entry_position_adjustment: -1
2026-04-25 22:04:23,947 - freqtrade.resolvers.strategy_resolver - INFO - Strategy using max_open_trades: 3
2026-04-25 22:04:23,947 - freqtrade.configuration.config_validation - INFO - Validating configuration ...
2026-04-25 22:04:23,951 - freqtrade.resolvers.iresolver - INFO - Using resolved pairlist StaticPairList from 
'/home/mohs/Desktop/ae/pyside6/.venv/lib/python3.12/site-packages/freqtrade/plugins/pairlist/StaticPairList.py'...
2026-04-25 22:04:23,963 - freqtrade.optimize.backtesting - INFO - Using fee 0.1000% - worst case fee from exchange (lowest tier).
2026-04-25 22:04:24,103 - freqtrade.data.history.datahandlers.idatahandler - WARNING - XRP/USDT, spot, 5m, data ends at 2026-04-11 01:45:00
2026-04-25 22:04:24,500 - freqtrade.data.history.datahandlers.idatahandler - WARNING - HOME/USDT, spot, 5m, data starts at 2025-06-12 15:00:00
2026-04-25 22:04:24,530 - freqtrade.optimize.backtesting - INFO - Loading data from 2025-04-22 00:00:00 up to 2026-04-17 00:00:00 (360 days).
2026-04-25 22:04:26,593 - freqtrade.optimize.backtesting - INFO - Dataload complete. Calculating indicators
2026-04-25 22:04:26,598 - freqtrade.optimize.backtesting - INFO - Running backtesting for Strategy yes
2026-04-25 22:04:26,599 - freqtrade.strategy.hyper - INFO - Strategy Parameter: buy_ma_count = 2
2026-04-25 22:04:26,599 - freqtrade.strategy.hyper - INFO - Strategy Parameter: buy_ma_gap = 49
2026-04-25 22:04:26,599 - freqtrade.strategy.hyper - INFO - Strategy Parameter: sell_ma_count = 14
2026-04-25 22:04:26,600 - freqtrade.strategy.hyper - INFO - Strategy Parameter: sell_ma_gap = 8
2026-04-25 22:04:26,720 - freqtrade.optimize.backtesting - INFO - Backtesting with data from 2025-04-22 00:00:00 up to 2026-04-17 00:00:00 (360 days).
/home/mohs/Desktop/ae/pyside6/.venv/lib/python3.12/site-packages/freqtrade/data/metrics.py:77: FutureWarning: The default fill_method='pad' in DataFrame.pct_change is deprecated and will be removed in a future version. Either fill in any non-leading NA values prior to calling pct_change or specify 'fill_method=None' to not fill NA values.
  rel_mean = df_comb.pct_change().mean(axis=1).fillna(0).cumsum()
2026-04-25 22:04:35,075 - freqtrade.misc - INFO - dumping json to "/home/mohs/Desktop/ae/pyside6/user_data/backtest_results/backtest-result-2026-04-25_22-04-35.meta.json"
Result for strategy yes
                                              BACKTESTING REPORT                                              
┏━━━━━━━━━━━┳━━━━━━━━┳━━━━━━━━━━━━━━┳━━━━━━━━━━━━━━━━━┳━━━━━━━━━━━━━━┳━━━━━━━━━━━━━━┳━━━━━━━━━━━━━━━━━━━━━━━━┓
┃      Pair ┃ Trades ┃ Avg Profit % ┃ Tot Profit USDT ┃ Tot Profit % ┃ Avg Duration ┃  Win  Draw  Loss  Win% ┃
┡━━━━━━━━━━━╇━━━━━━━━╇━━━━━━━━━━━━━━╇━━━━━━━━━━━━━━━━━╇━━━━━━━━━━━━━━╇━━━━━━━━━━━━━━╇━━━━━━━━━━━━━━━━━━━━━━━━┩
│  ETH/USDT │    624 │         -0.1 │         -22.256 │       -14.84 │      4:08:00 │  221     0   403  35.4 │
│  XRP/USDT │    642 │        -0.17 │         -35.595 │       -23.73 │      4:06:00 │  216     0   426  33.6 │
│ HOME/USDT │    578 │        -0.21 │         -38.023 │       -25.35 │      3:52:00 │  187     0   391  32.4 │
│     TOTAL │   1844 │        -0.16 │         -95.874 │       -63.92 │      4:02:00 │  624     0  1220  33.8 │
└───────────┴────────┴──────────────┴─────────────────┴──────────────┴──────────────┴────────────────────────┘
                                           LEFT OPEN TRADES REPORT                                            
┏━━━━━━━━━━━┳━━━━━━━━┳━━━━━━━━━━━━━━┳━━━━━━━━━━━━━━━━━┳━━━━━━━━━━━━━━┳━━━━━━━━━━━━━━┳━━━━━━━━━━━━━━━━━━━━━━━━┓
┃      Pair ┃ Trades ┃ Avg Profit % ┃ Tot Profit USDT ┃ Tot Profit % ┃ Avg Duration ┃  Win  Draw  Loss  Win% ┃
┡━━━━━━━━━━━╇━━━━━━━━╇━━━━━━━━━━━━━━╇━━━━━━━━━━━━━━━━━╇━━━━━━━━━━━━━━╇━━━━━━━━━━━━━━╇━━━━━━━━━━━━━━━━━━━━━━━━┩
│ HOME/USDT │      1 │         0.66 │           0.118 │         0.08 │      3:05:00 │    1     0     0   100 │
│     TOTAL │      1 │         0.66 │           0.118 │         0.08 │      3:05:00 │    1     0     0   100 │
└───────────┴────────┴──────────────┴─────────────────┴──────────────┴──────────────┴────────────────────────┘
                                                ENTER TAG STATS                                                
┏━━━━━━━━━━━┳━━━━━━━━━┳━━━━━━━━━━━━━━┳━━━━━━━━━━━━━━━━━┳━━━━━━━━━━━━━━┳━━━━━━━━━━━━━━┳━━━━━━━━━━━━━━━━━━━━━━━━┓
┃ Enter Tag ┃ Entries ┃ Avg Profit % ┃ Tot Profit USDT ┃ Tot Profit % ┃ Avg Duration ┃  Win  Draw  Loss  Win% ┃
┡━━━━━━━━━━━╇━━━━━━━━━╇━━━━━━━━━━━━━━╇━━━━━━━━━━━━━━━━━╇━━━━━━━━━━━━━━╇━━━━━━━━━━━━━━╇━━━━━━━━━━━━━━━━━━━━━━━━┩
│     OTHER │    1844 │        -0.16 │         -95.874 │       -63.92 │      4:02:00 │  624     0  1220  33.8 │
│     TOTAL │    1844 │        -0.16 │         -95.874 │       -63.92 │      4:02:00 │  624     0  1220  33.8 │
└───────────┴─────────┴──────────────┴─────────────────┴──────────────┴──────────────┴────────────────────────┘
                                               EXIT REASON STATS                                               
┏━━━━━━━━━━━━━┳━━━━━━━┳━━━━━━━━━━━━━━┳━━━━━━━━━━━━━━━━━┳━━━━━━━━━━━━━━┳━━━━━━━━━━━━━━┳━━━━━━━━━━━━━━━━━━━━━━━━┓
┃ Exit Reason ┃ Exits ┃ Avg Profit % ┃ Tot Profit USDT ┃ Tot Profit % ┃ Avg Duration ┃  Win  Draw  Loss  Win% ┃
┡━━━━━━━━━━━━━╇━━━━━━━╇━━━━━━━━━━━━━━╇━━━━━━━━━━━━━━━━━╇━━━━━━━━━━━━━━╇━━━━━━━━━━━━━━╇━━━━━━━━━━━━━━━━━━━━━━━━┩
│         roi │    14 │         9.11 │          42.386 │        28.26 │      3:42:00 │   14     0     0   100 │
│  force_exit │     1 │         0.66 │           0.118 │         0.08 │      3:05:00 │    1     0     0   100 │
│ exit_signal │  1829 │        -0.23 │        -138.379 │       -92.25 │      4:02:00 │  609     0  1220  33.3 │
│       TOTAL │  1844 │        -0.16 │         -95.874 │       -63.92 │      4:02:00 │  624     0  1220  33.8 │
└─────────────┴───────┴──────────────┴─────────────────┴──────────────┴──────────────┴────────────────────────┘
                                                      MIXED TAG STATS                                                       
┏━━━━━━━━━━━┳━━━━━━━━━━━━━┳━━━━━━━━┳━━━━━━━━━━━━━━┳━━━━━━━━━━━━━━━━━┳━━━━━━━━━━━━━━┳━━━━━━━━━━━━━━┳━━━━━━━━━━━━━━━━━━━━━━━━┓
┃ Enter Tag ┃ Exit Reason ┃ Trades ┃ Avg Profit % ┃ Tot Profit USDT ┃ Tot Profit % ┃ Avg Duration ┃  Win  Draw  Loss  Win% ┃
┡━━━━━━━━━━━╇━━━━━━━━━━━━━╇━━━━━━━━╇━━━━━━━━━━━━━━╇━━━━━━━━━━━━━━━━━╇━━━━━━━━━━━━━━╇━━━━━━━━━━━━━━╇━━━━━━━━━━━━━━━━━━━━━━━━┩
│           │         roi │     14 │         9.11 │          42.386 │        28.26 │      3:42:00 │   14     0     0   100 │
│           │  force_exit │      1 │         0.66 │           0.118 │         0.08 │      3:05:00 │    1     0     0   100 │
│           │ exit_signal │   1829 │        -0.23 │        -138.379 │       -92.25 │      4:02:00 │  609     0  1220  33.3 │
│     TOTAL │             │   1844 │        -0.16 │         -95.874 │       -63.92 │      4:02:00 │  624     0  1220  33.8 │
└───────────┴─────────────┴────────┴──────────────┴─────────────────┴──────────────┴──────────────┴────────────────────────┘
                         SUMMARY METRICS                          
┏━━━━━━━━━━━━━━━━━━━━━━━━━━━━━━━┳━━━━━━━━━━━━━━━━━━━━━━━━━━━━━━━━┓
┃ Metric                        ┃ Value                          ┃
┡━━━━━━━━━━━━━━━━━━━━━━━━━━━━━━━╇━━━━━━━━━━━━━━━━━━━━━━━━━━━━━━━━┩
│ Backtesting from              │ 2025-04-22 00:00:00            │
│ Backtesting to                │ 2026-04-17 00:00:00            │
│ Trading Mode                  │ Spot                           │
│ Max open trades               │ 3                              │
│                               │                                │
│ Total/Daily Avg Trades        │ 1844 / 5.12                    │
│ Starting balance              │ 150 USDT                       │
│ Final balance                 │ 54.126 USDT                    │
│ Absolute profit               │ -95.874 USDT                   │
│ Total profit %                │ -63.92%                        │
│ CAGR %                        │ -64.42%                        │
│ Sortino                       │ -15.31                         │
│ Sharpe                        │ -8.50                          │
│ Calmar                        │ -5.26                          │
│ SQN                           │ -3.73                          │
│ Profit factor                 │ 0.77                           │
│ Expectancy (Ratio)            │ -0.05 (-0.16)                  │
│ Avg. daily profit             │ -0.266 USDT                    │
│ Avg. stake amount             │ 31.519 USDT                    │
│ Total trade volume            │ 116378.042 USDT                │
│                               │                                │
│ Best Pair                     │ ETH/USDT -14.84%               │
│ Worst Pair                    │ HOME/USDT -25.35%              │
│ Best trade                    │ HOME/USDT 11.35%               │
│ Worst trade                   │ HOME/USDT -14.81%              │
│ Best day                      │ 5.006 USDT                     │
│ Worst day                     │ -5.93 USDT                     │
│ Days win/draw/lose            │ 144 / 0 / 216                  │
│ Min/Max/Avg. Duration Winners │ 0d 00:00 / 0d 13:55 / 0d 05:33 │
│ Min/Max/Avg. Duration Losers  │ 0d 00:15 / 0d 14:15 / 0d 03:16 │
│ Max Consecutive Wins / Loss   │ 7 / 23                         │
│ Rejected Entry signals        │ 0                              │
│ Entry/Exit Timeouts           │ 0 / 0                          │
│                               │                                │
│ Min balance                   │ 53.358 USDT                    │
│ Max balance                   │ 149.837 USDT                   │
│ Max % of account underwater   │ 64.43%                         │
│ Absolute drawdown             │ 96.642 USDT (64.43%)           │
│ Drawdown duration             │ 345 days 14:55:00              │
│ Profit at drawdown start      │ 0 USDT                         │
│ Profit at drawdown end        │ -96.642 USDT                   │
│ Drawdown start                │ 2025-04-23 03:40:00            │
│ Drawdown end                  │ 2026-04-03 18:35:00            │
│ Market change                 │ -10.52%                        │
└───────────────────────────────┴────────────────────────────────┘

Backtested 2025-04-22 00:00:00 -> 2026-04-17 00:00:00 | Max open trades : 3
                                                         STRATEGY SUMMARY                                                          
┏━━━━━━━━━━┳━━━━━━━━┳━━━━━━━━━━━━━━┳━━━━━━━━━━━━━━━━━┳━━━━━━━━━━━━━━┳━━━━━━━━━━━━━━┳━━━━━━━━━━━━━━━━━━━━━━━━┳━━━━━━━━━━━━━━━━━━━━━┓
┃ Strategy ┃ Trades ┃ Avg Profit % ┃ Tot Profit USDT ┃ Tot Profit % ┃ Avg Duration ┃  Win  Draw  Loss  Win% ┃            Drawdown ┃
┡━━━━━━━━━━╇━━━━━━━━╇━━━━━━━━━━━━━━╇━━━━━━━━━━━━━━━━━╇━━━━━━━━━━━━━━╇━━━━━━━━━━━━━━╇━━━━━━━━━━━━━━━━━━━━━━━━╇━━━━━━━━━━━━━━━━━━━━━┩
│      yes │   1844 │        -0.16 │         -95.874 │       -63.92 │      4:02:00 │  624     0  1220  33.8 │ 96.642 USDT  64.43% │
└──────────┴────────┴──────────────┴─────────────────┴──────────────┴──────────────┴────────────────────────┴─────────────────────┘