2026-04-25 05:21:23,758 - freqtrade - INFO - freqtrade 2026.3
2026-04-25 05:21:24,779 - freqtrade.configuration.load_config - INFO - Using config: /home/mohs/Desktop/ae/pyside6/user_data/config.json ...
2026-04-25 05:21:24,781 - freqtrade.loggers - INFO - Enabling colorized output.
2026-04-25 05:21:24,781 - freqtrade.loggers - INFO - Logfile configured
2026-04-25 05:21:24,782 - freqtrade.loggers - INFO - Verbosity set to 0
2026-04-25 05:21:24,782 - freqtrade.configuration.configuration - INFO - Using additional Strategy lookup path: 
/home/mohs/Desktop/ae/pyside6/user_data/optimizer/sessions/abd0593c-38f2-4bae-9eb1-68a8f3de76ec/trial_004/strategy_dir
2026-04-25 05:21:24,782 - freqtrade.configuration.configuration - WARNING - `force_entry_enable` RPC message enabled.
2026-04-25 05:21:24,783 - freqtrade.configuration.configuration - INFO - Parameter -i/--timeframe detected ... Using timeframe: 4h ...
2026-04-25 05:21:24,783 - freqtrade.configuration.configuration - INFO - Parameter --max-open-trades detected, overriding max_open_trades to: 2 ...
2026-04-25 05:21:24,783 - freqtrade.configuration.configuration - INFO - Parameter --dry-run-wallet detected, overriding dry_run_wallet to: 80.0 ...
2026-04-25 05:21:24,783 - freqtrade.configuration.configuration - INFO - Parameter --timerange detected: 20250422-20260417 ...
2026-04-25 05:21:24,784 - freqtrade.configuration.configuration - INFO - Using user-data directory: /home/mohs/Desktop/ae/pyside6/user_data ...
2026-04-25 05:21:24,784 - freqtrade.configuration.configuration - INFO - Using data directory: /home/mohs/Desktop/ae/pyside6/user_data/data/binance ...
2026-04-25 05:21:24,784 - freqtrade.configuration.configuration - INFO - Parameter --export detected: trades ...
2026-04-25 05:21:24,785 - freqtrade.configuration.configuration - INFO - Parameter --cache=day detected ...
2026-04-25 05:21:24,785 - freqtrade.configuration.configuration - INFO - Using pairs ['ADA/USDT', 'ETH/USDT']
2026-04-25 05:21:24,785 - freqtrade.configuration.configuration - INFO - Filter trades by timerange: 20250422-20260417
2026-04-25 05:21:24,785 - freqtrade.exchange.check_exchange - INFO - Checking exchange...
2026-04-25 05:21:24,791 - freqtrade.exchange.check_exchange - INFO - Exchange "binance" is officially supported by the Freqtrade development team.
2026-04-25 05:21:24,792 - freqtrade.configuration.config_validation - INFO - Validating configuration ...
2026-04-25 05:21:24,794 - freqtrade.commands.optimize_commands - INFO - Starting freqtrade in Backtesting mode
2026-04-25 05:21:24,794 - freqtrade.exchange.exchange - INFO - Instance is running with dry_run enabled
2026-04-25 05:21:24,794 - freqtrade.exchange.exchange - INFO - Using CCXT 4.5.50
2026-04-25 05:21:24,795 - freqtrade.exchange.exchange - INFO - Applying additional ccxt config: {'enableRateLimit': True, 'timeout': 120000}
2026-04-25 05:21:24,800 - freqtrade.exchange.exchange - INFO - Applying additional ccxt config: {'enableRateLimit': True, 'timeout': 120000}
2026-04-25 05:21:24,806 - freqtrade.exchange.exchange - INFO - Using Exchange "Binance"
2026-04-25 05:21:26,007 - freqtrade.resolvers.exchange_resolver - INFO - Using resolved exchange 'Binance'...
2026-04-25 05:21:26,016 - freqtrade.resolvers.iresolver - INFO - Using resolved strategy MultiMa from 
'/home/mohs/Desktop/ae/pyside6/user_data/optimizer/sessions/abd0593c-38f2-4bae-9eb1-68a8f3de76ec/trial_004/strategy_dir/MultiMa.py'...
2026-04-25 05:21:26,016 - freqtrade.strategy.hyper - INFO - Loading parameters from file 
/home/mohs/Desktop/ae/pyside6/user_data/optimizer/sessions/abd0593c-38f2-4bae-9eb1-68a8f3de76ec/trial_004/strategy_dir/MultiMa.json
2026-04-25 05:21:26,017 - freqtrade - ERROR - Invalid parameter file provided.