2026-04-25 22:45:04,668 - freqtrade - INFO - freqtrade 2026.3
2026-04-25 22:45:05,723 - freqtrade.configuration.load_config - INFO - Using config: /home/mohs/Desktop/ae/pyside6/user_data/config.json ...
2026-04-25 22:45:05,725 - freqtrade.loggers - INFO - Enabling colorized output.
2026-04-25 22:45:05,725 - freqtrade.loggers - INFO - Logfile configured
2026-04-25 22:45:05,726 - freqtrade.loggers - INFO - Verbosity set to 0
2026-04-25 22:45:05,726 - freqtrade.configuration.configuration - INFO - Using additional Strategy lookup path: 
/home/mohs/Desktop/ae/pyside6/user_data/optimizer/sessions/b8194b7f-3716-497e-8a17-833c28d4e223/trial_116/strategy_dir
2026-04-25 22:45:05,726 - freqtrade.configuration.configuration - WARNING - `force_entry_enable` RPC message enabled.
2026-04-25 22:45:05,726 - freqtrade.configuration.configuration - INFO - Parameter -i/--timeframe detected ... Using timeframe: 4h ...
2026-04-25 22:45:05,727 - freqtrade.configuration.configuration - INFO - Parameter --max-open-trades detected, overriding max_open_trades to: 3 ...
2026-04-25 22:45:05,727 - freqtrade.configuration.configuration - INFO - Parameter --dry-run-wallet detected, overriding dry_run_wallet to: 150.0 ...
2026-04-25 22:45:05,727 - freqtrade.configuration.configuration - INFO - Parameter --timerange detected: 20250422-20260417 ...
2026-04-25 22:45:05,728 - freqtrade.configuration.configuration - INFO - Using user-data directory: /home/mohs/Desktop/ae/pyside6/user_data ...
2026-04-25 22:45:05,728 - freqtrade.configuration.configuration - INFO - Using data directory: /home/mohs/Desktop/ae/pyside6/user_data/data/binance ...
2026-04-25 22:45:05,728 - freqtrade.configuration.configuration - INFO - Parameter --export detected: trades ...
2026-04-25 22:45:05,729 - freqtrade.configuration.configuration - INFO - Parameter --cache=day detected ...
2026-04-25 22:45:05,729 - freqtrade.configuration.configuration - INFO - Using pairs ['XRP/USDT', 'ETH/USDT', 'HOME/USDT']
2026-04-25 22:45:05,729 - freqtrade.configuration.configuration - INFO - Filter trades by timerange: 20250422-20260417
2026-04-25 22:45:05,730 - freqtrade.exchange.check_exchange - INFO - Checking exchange...
2026-04-25 22:45:05,736 - freqtrade.exchange.check_exchange - INFO - Exchange "binance" is officially supported by the Freqtrade development team.
2026-04-25 22:45:05,736 - freqtrade.configuration.config_validation - INFO - Validating configuration ...
2026-04-25 22:45:05,738 - freqtrade.commands.optimize_commands - INFO - Starting freqtrade in Backtesting mode
2026-04-25 22:45:05,739 - freqtrade.exchange.exchange - INFO - Instance is running with dry_run enabled
2026-04-25 22:45:05,739 - freqtrade.exchange.exchange - INFO - Using CCXT 4.5.50
2026-04-25 22:45:05,739 - freqtrade.exchange.exchange - INFO - Applying additional ccxt config: {'enableRateLimit': True, 'timeout': 120000}
2026-04-25 22:45:05,745 - freqtrade.exchange.exchange - INFO - Applying additional ccxt config: {'enableRateLimit': True, 'timeout': 120000}
2026-04-25 22:45:05,751 - freqtrade.exchange.exchange - INFO - Using Exchange "Binance"
2026-04-25 22:45:06,888 - freqtrade.resolvers.exchange_resolver - INFO - Using resolved exchange 'Binance'...
2026-04-25 22:45:06,896 - freqtrade.resolvers.iresolver - INFO - Using resolved strategy yes from 
'/home/mohs/Desktop/ae/pyside6/user_data/optimizer/sessions/b8194b7f-3716-497e-8a17-833c28d4e223/trial_116/strategy_dir/yes.py'...
2026-04-25 22:45:06,897 - freqtrade.strategy.hyper - INFO - Loading parameters from file 
/home/mohs/Desktop/ae/pyside6/user_data/optimizer/sessions/b8194b7f-3716-497e-8a17-833c28d4e223/trial_116/strategy_dir/yes.json
2026-04-25 22:45:06,897 - freqtrade.resolvers.strategy_resolver - INFO - Override strategy 'timeframe' with value from the configuration: 4h.
2026-04-25 22:45:06,897 - freqtrade.resolvers.strategy_resolver - INFO - Override strategy 'stake_currency' with value from the configuration: USDT.
2026-04-25 22:45:06,898 - freqtrade.resolvers.strategy_resolver - INFO - Override strategy 'stake_amount' with value from the configuration: unlimited.
2026-04-25 22:45:06,898 - freqtrade.resolvers.strategy_resolver - INFO - Override strategy 'use_exit_signal' with value from the configuration: True.
2026-04-25 22:45:06,898 - freqtrade.resolvers.strategy_resolver - INFO - Override strategy 'max_open_trades' with value from the configuration: 3.
2026-04-25 22:45:06,898 - freqtrade.resolvers.strategy_resolver - INFO - Strategy using minimal_roi: {'0': 1.3410292875401837, '13': 1.0278236098084192, '146': 0.1116737156407852, '38': 
0.14473175250278775}
2026-04-25 22:45:06,899 - freqtrade.resolvers.strategy_resolver - INFO - Strategy using timeframe: 4h
2026-04-25 22:45:06,899 - freqtrade.resolvers.strategy_resolver - INFO - Strategy using stoploss: -0.9741523484241714
2026-04-25 22:45:06,899 - freqtrade.resolvers.strategy_resolver - INFO - Strategy using trailing_stop: False
2026-04-25 22:45:06,899 - freqtrade.resolvers.strategy_resolver - INFO - Strategy using trailing_stop_positive: 0.43254295595575937
2026-04-25 22:45:06,900 - freqtrade.resolvers.strategy_resolver - INFO - Strategy using trailing_stop_positive_offset: 0.29019649540341064
2026-04-25 22:45:06,900 - freqtrade.resolvers.strategy_resolver - INFO - Strategy using trailing_only_offset_is_reached: True
2026-04-25 22:45:06,900 - freqtrade.resolvers.strategy_resolver - INFO - Strategy using use_custom_stoploss: False
2026-04-25 22:45:06,900 - freqtrade.resolvers.strategy_resolver - INFO - Strategy using process_only_new_candles: True
2026-04-25 22:45:06,901 - freqtrade.resolvers.strategy_resolver - INFO - Strategy using order_types: {'entry': 'limit', 'exit': 'limit', 'stoploss': 'limit', 'stoploss_on_exchange': False, 
'stoploss_on_exchange_interval': 60}
2026-04-25 22:45:06,901 - freqtrade.resolvers.strategy_resolver - INFO - Strategy using order_time_in_force: {'entry': 'GTC', 'exit': 'GTC'}
2026-04-25 22:45:06,901 - freqtrade.resolvers.strategy_resolver - INFO - Strategy using stake_currency: USDT
2026-04-25 22:45:06,901 - freqtrade.resolvers.strategy_resolver - INFO - Strategy using stake_amount: unlimited
2026-04-25 22:45:06,901 - freqtrade.resolvers.strategy_resolver - INFO - Strategy using startup_candle_count: 0
2026-04-25 22:45:06,902 - freqtrade.resolvers.strategy_resolver - INFO - Strategy using use_exit_signal: True
2026-04-25 22:45:06,902 - freqtrade.resolvers.strategy_resolver - INFO - Strategy using exit_profit_only: False
2026-04-25 22:45:06,902 - freqtrade.resolvers.strategy_resolver - INFO - Strategy using ignore_roi_if_entry_signal: False
2026-04-25 22:45:06,902 - freqtrade.resolvers.strategy_resolver - INFO - Strategy using exit_profit_offset: 0.0
2026-04-25 22:45:06,903 - freqtrade.resolvers.strategy_resolver - INFO - Strategy using disable_dataframe_checks: False
2026-04-25 22:45:06,903 - freqtrade.resolvers.strategy_resolver - INFO - Strategy using ignore_buying_expired_candle_after: 0
2026-04-25 22:45:06,903 - freqtrade.resolvers.strategy_resolver - INFO - Strategy using position_adjustment_enable: False
2026-04-25 22:45:06,903 - freqtrade.resolvers.strategy_resolver - INFO - Strategy using max_entry_position_adjustment: -1
2026-04-25 22:45:06,904 - freqtrade.resolvers.strategy_resolver - INFO - Strategy using max_open_trades: 3
2026-04-25 22:45:06,904 - freqtrade.configuration.config_validation - INFO - Validating configuration ...
2026-04-25 22:45:06,908 - freqtrade.resolvers.iresolver - INFO - Using resolved pairlist StaticPairList from 
'/home/mohs/Desktop/ae/pyside6/.venv/lib/python3.12/site-packages/freqtrade/plugins/pairlist/StaticPairList.py'...
2026-04-25 22:45:06,920 - freqtrade.optimize.backtesting - INFO - Using fee 0.1000% - worst case fee from exchange (lowest tier).
2026-04-25 22:45:06,955 - freqtrade.data.history.datahandlers.idatahandler - WARNING - HOME/USDT, spot, 4h, data starts at 2025-06-12 12:00:00
2026-04-25 22:45:06,962 - freqtrade.optimize.backtesting - INFO - Loading data from 2025-04-22 00:00:00 up to 2026-04-17 00:00:00 (360 days).
2026-04-25 22:45:07,019 - freqtrade.optimize.backtesting - INFO - Dataload complete. Calculating indicators
2026-04-25 22:45:07,029 - freqtrade.optimize.backtesting - INFO - Running backtesting for Strategy yes
2026-04-25 22:45:07,029 - freqtrade.strategy.hyper - INFO - Strategy Parameter: buy_ma_count = 2
2026-04-25 22:45:07,029 - freqtrade.strategy.hyper - INFO - Strategy Parameter: buy_ma_gap = 2
2026-04-25 22:45:07,030 - freqtrade.strategy.hyper - INFO - Strategy Parameter: sell_ma_count = 9
2026-04-25 22:45:07,030 - freqtrade.strategy.hyper - INFO - Strategy Parameter: sell_ma_gap = 47
2026-04-25 22:45:07,038 - freqtrade.optimize.backtesting - INFO - Backtesting with data from 2025-04-22 00:00:00 up to 2026-04-17 00:00:00 (360 days).
2026-04-25 22:45:07,661 - freqtrade.misc - INFO - dumping json to "/home/mohs/Desktop/ae/pyside6/user_data/backtest_results/backtest-result-2026-04-25_22-45-07.meta.json"
Result for strategy yes
                                                BACKTESTING REPORT                                                
┏━━━━━━━━━━━┳━━━━━━━━┳━━━━━━━━━━━━━━┳━━━━━━━━━━━━━━━━━┳━━━━━━━━━━━━━━┳━━━━━━━━━━━━━━━━━━┳━━━━━━━━━━━━━━━━━━━━━━━━┓
┃      Pair ┃ Trades ┃ Avg Profit % ┃ Tot Profit USDT ┃ Tot Profit % ┃     Avg Duration ┃  Win  Draw  Loss  Win% ┃
┡━━━━━━━━━━━╇━━━━━━━━╇━━━━━━━━━━━━━━╇━━━━━━━━━━━━━━━━━╇━━━━━━━━━━━━━━╇━━━━━━━━━━━━━━━━━━╇━━━━━━━━━━━━━━━━━━━━━━━━┩
│ HOME/USDT │     13 │         4.74 │          42.068 │        28.05 │ 5 days, 17:14:00 │    9     0     4  69.2 │
│  XRP/USDT │     15 │         3.44 │          32.844 │         21.9 │ 6 days, 11:12:00 │   10     0     5  66.7 │
│  ETH/USDT │     17 │         2.72 │          20.853 │         13.9 │ 5 days, 18:35:00 │    9     0     8  52.9 │
│     TOTAL │     45 │         3.54 │          95.765 │        63.84 │ 5 days, 23:44:00 │   28     0    17  62.2 │
└───────────┴────────┴──────────────┴─────────────────┴──────────────┴──────────────────┴────────────────────────┘
                                             LEFT OPEN TRADES REPORT                                             
┏━━━━━━━━━━┳━━━━━━━━┳━━━━━━━━━━━━━━┳━━━━━━━━━━━━━━━━━┳━━━━━━━━━━━━━━┳━━━━━━━━━━━━━━━━━━┳━━━━━━━━━━━━━━━━━━━━━━━━┓
┃     Pair ┃ Trades ┃ Avg Profit % ┃ Tot Profit USDT ┃ Tot Profit % ┃     Avg Duration ┃  Win  Draw  Loss  Win% ┃
┡━━━━━━━━━━╇━━━━━━━━╇━━━━━━━━━━━━━━╇━━━━━━━━━━━━━━━━━╇━━━━━━━━━━━━━━╇━━━━━━━━━━━━━━━━━━╇━━━━━━━━━━━━━━━━━━━━━━━━┩
│ ETH/USDT │      1 │         4.33 │           3.479 │         2.32 │ 5 days, 12:00:00 │    1     0     0   100 │
│ XRP/USDT │      1 │         1.47 │           1.181 │         0.79 │          8:00:00 │    1     0     0   100 │
│    TOTAL │      2 │          2.9 │           4.660 │         3.11 │ 2 days, 22:00:00 │    2     0     0   100 │
└──────────┴────────┴──────────────┴─────────────────┴──────────────┴──────────────────┴────────────────────────┘
                                                  ENTER TAG STATS                                                  
┏━━━━━━━━━━━┳━━━━━━━━━┳━━━━━━━━━━━━━━┳━━━━━━━━━━━━━━━━━┳━━━━━━━━━━━━━━┳━━━━━━━━━━━━━━━━━━┳━━━━━━━━━━━━━━━━━━━━━━━━┓
┃ Enter Tag ┃ Entries ┃ Avg Profit % ┃ Tot Profit USDT ┃ Tot Profit % ┃     Avg Duration ┃  Win  Draw  Loss  Win% ┃
┡━━━━━━━━━━━╇━━━━━━━━━╇━━━━━━━━━━━━━━╇━━━━━━━━━━━━━━━━━╇━━━━━━━━━━━━━━╇━━━━━━━━━━━━━━━━━━╇━━━━━━━━━━━━━━━━━━━━━━━━┩
│     OTHER │      45 │         3.54 │          95.765 │        63.84 │ 5 days, 23:44:00 │   28     0    17  62.2 │
│     TOTAL │      45 │         3.54 │          95.765 │        63.84 │ 5 days, 23:44:00 │   28     0    17  62.2 │
└───────────┴─────────┴──────────────┴─────────────────┴──────────────┴──────────────────┴────────────────────────┘
                                                 EXIT REASON STATS                                                 
┏━━━━━━━━━━━━━┳━━━━━━━┳━━━━━━━━━━━━━━┳━━━━━━━━━━━━━━━━━┳━━━━━━━━━━━━━━┳━━━━━━━━━━━━━━━━━━┳━━━━━━━━━━━━━━━━━━━━━━━━┓
┃ Exit Reason ┃ Exits ┃ Avg Profit % ┃ Tot Profit USDT ┃ Tot Profit % ┃     Avg Duration ┃  Win  Draw  Loss  Win% ┃
┡━━━━━━━━━━━━━╇━━━━━━━╇━━━━━━━━━━━━━━╇━━━━━━━━━━━━━━━━━╇━━━━━━━━━━━━━━╇━━━━━━━━━━━━━━━━━━╇━━━━━━━━━━━━━━━━━━━━━━━━┩
│         roi │    22 │        11.17 │         155.718 │       103.81 │ 6 days, 10:33:00 │   22     0     0   100 │
│  force_exit │     2 │          2.9 │           4.660 │         3.11 │ 2 days, 22:00:00 │    2     0     0   100 │
│ exit_signal │    21 │        -4.39 │         -64.613 │       -43.08 │ 5 days, 19:26:00 │    4     0    17  19.0 │
│       TOTAL │    45 │         3.54 │          95.765 │        63.84 │ 5 days, 23:44:00 │   28     0    17  62.2 │
└─────────────┴───────┴──────────────┴─────────────────┴──────────────┴──────────────────┴────────────────────────┘
                                                        MIXED TAG STATS                                                         
┏━━━━━━━━━━━┳━━━━━━━━━━━━━┳━━━━━━━━┳━━━━━━━━━━━━━━┳━━━━━━━━━━━━━━━━━┳━━━━━━━━━━━━━━┳━━━━━━━━━━━━━━━━━━┳━━━━━━━━━━━━━━━━━━━━━━━━┓
┃ Enter Tag ┃ Exit Reason ┃ Trades ┃ Avg Profit % ┃ Tot Profit USDT ┃ Tot Profit % ┃     Avg Duration ┃  Win  Draw  Loss  Win% ┃
┡━━━━━━━━━━━╇━━━━━━━━━━━━━╇━━━━━━━━╇━━━━━━━━━━━━━━╇━━━━━━━━━━━━━━━━━╇━━━━━━━━━━━━━━╇━━━━━━━━━━━━━━━━━━╇━━━━━━━━━━━━━━━━━━━━━━━━┩
│           │         roi │     22 │        11.17 │         155.718 │       103.81 │ 6 days, 10:33:00 │   22     0     0   100 │
│           │  force_exit │      2 │          2.9 │           4.660 │         3.11 │ 2 days, 22:00:00 │    2     0     0   100 │
│           │ exit_signal │     21 │        -4.39 │         -64.613 │       -43.08 │ 5 days, 19:26:00 │    4     0    17  19.0 │
│     TOTAL │             │     45 │         3.54 │          95.765 │        63.84 │ 5 days, 23:44:00 │   28     0    17  62.2 │
└───────────┴─────────────┴────────┴──────────────┴─────────────────┴──────────────┴──────────────────┴────────────────────────┘
                          SUMMARY METRICS                          
┏━━━━━━━━━━━━━━━━━━━━━━━━━━━━━━━┳━━━━━━━━━━━━━━━━━━━━━━━━━━━━━━━━━┓
┃ Metric                        ┃ Value                           ┃
┡━━━━━━━━━━━━━━━━━━━━━━━━━━━━━━━╇━━━━━━━━━━━━━━━━━━━━━━━━━━━━━━━━━┩
│ Backtesting from              │ 2025-04-22 00:00:00             │
│ Backtesting to                │ 2026-04-17 00:00:00             │
│ Trading Mode                  │ Spot                            │
│ Max open trades               │ 3                               │
│                               │                                 │
│ Total/Daily Avg Trades        │ 45 / 0.12                       │
│ Starting balance              │ 150 USDT                        │
│ Final balance                 │ 245.765 USDT                    │
│ Absolute profit               │ 95.765 USDT                     │
│ Total profit %                │ 63.84%                          │
│ CAGR %                        │ 64.97%                          │
│ Sortino                       │ 2.30                            │
│ Sharpe                        │ 0.95                            │
│ Calmar                        │ 35.16                           │
│ SQN                           │ 2.64                            │
│ Profit factor                 │ 2.44                            │
│ Expectancy (Ratio)            │ 2.13 (0.55)                     │
│ Avg. daily profit             │ 0.266 USDT                      │
│ Avg. stake amount             │ 68.213 USDT                     │
│ Total trade volume            │ 6247.385 USDT                   │
│                               │                                 │
│ Best Pair                     │ HOME/USDT 28.05%                │
│ Worst Pair                    │ ETH/USDT 13.90%                 │
│ Best trade                    │ HOME/USDT 11.18%                │
│ Worst trade                   │ XRP/USDT -14.29%                │
│ Best day                      │ 13.376 USDT                     │
│ Worst day                     │ -9.603 USDT                     │
│ Days win/draw/lose            │ 25 / 306 / 14                   │
│ Min/Max/Avg. Duration Winners │ 0d 08:00 / 37d 04:00 / 5d 17:09 │
│ Min/Max/Avg. Duration Losers  │ 0d 16:00 / 33d 20:00 / 6d 10:35 │
│ Max Consecutive Wins / Loss   │ 11 / 4                          │
│ Rejected Entry signals        │ 0                               │
│ Entry/Exit Timeouts           │ 0 / 0                           │
│                               │                                 │
│ Min balance                   │ 155.578 USDT                    │
│ Max balance                   │ 249.136 USDT                    │
│ Max % of account underwater   │ 9.64%                           │
│ Absolute drawdown             │ 16.664 USDT (9.64%)             │
│ Drawdown duration             │ 31 days 20:00:00                │
│ Profit at drawdown start      │ 22.936 USDT                     │
│ Profit at drawdown end        │ 6.272 USDT                      │
│ Drawdown start                │ 2025-05-13 16:00:00             │
│ Drawdown end                  │ 2025-06-14 12:00:00             │
│ Market change                 │ -9.22%                          │
└───────────────────────────────┴─────────────────────────────────┘

Backtested 2025-04-22 00:00:00 -> 2026-04-17 00:00:00 | Max open trades : 3
                                                           STRATEGY SUMMARY                                                           
┏━━━━━━━━━━┳━━━━━━━━┳━━━━━━━━━━━━━━┳━━━━━━━━━━━━━━━━━┳━━━━━━━━━━━━━━┳━━━━━━━━━━━━━━━━━━┳━━━━━━━━━━━━━━━━━━━━━━━━┳━━━━━━━━━━━━━━━━━━━━┓
┃ Strategy ┃ Trades ┃ Avg Profit % ┃ Tot Profit USDT ┃ Tot Profit % ┃     Avg Duration ┃  Win  Draw  Loss  Win% ┃           Drawdown ┃
┡━━━━━━━━━━╇━━━━━━━━╇━━━━━━━━━━━━━━╇━━━━━━━━━━━━━━━━━╇━━━━━━━━━━━━━━╇━━━━━━━━━━━━━━━━━━╇━━━━━━━━━━━━━━━━━━━━━━━━╇━━━━━━━━━━━━━━━━━━━━┩
│      yes │     45 │         3.54 │          95.765 │        63.84 │ 5 days, 23:44:00 │   28     0    17  62.2 │ 16.664 USDT  9.64% │
└──────────┴────────┴──────────────┴─────────────────┴──────────────┴──────────────────┴────────────────────────┴────────────────────┘