2026-04-25 22:39:14,488 - freqtrade - INFO - freqtrade 2026.3
2026-04-25 22:39:15,527 - freqtrade.configuration.load_config - INFO - Using config: /home/mohs/Desktop/ae/pyside6/user_data/config.json ...
2026-04-25 22:39:15,529 - freqtrade.loggers - INFO - Enabling colorized output.
2026-04-25 22:39:15,529 - freqtrade.loggers - INFO - Logfile configured
2026-04-25 22:39:15,530 - freqtrade.loggers - INFO - Verbosity set to 0
2026-04-25 22:39:15,530 - freqtrade.configuration.configuration - INFO - Using additional Strategy lookup path: 
/home/mohs/Desktop/ae/pyside6/user_data/optimizer/sessions/b8194b7f-3716-497e-8a17-833c28d4e223/trial_019/strategy_dir
2026-04-25 22:39:15,530 - freqtrade.configuration.configuration - WARNING - `force_entry_enable` RPC message enabled.
2026-04-25 22:39:15,531 - freqtrade.configuration.configuration - INFO - Parameter -i/--timeframe detected ... Using timeframe: 4h ...
2026-04-25 22:39:15,531 - freqtrade.configuration.configuration - INFO - Parameter --max-open-trades detected, overriding max_open_trades to: 3 ...
2026-04-25 22:39:15,531 - freqtrade.configuration.configuration - INFO - Parameter --dry-run-wallet detected, overriding dry_run_wallet to: 150.0 ...
2026-04-25 22:39:15,531 - freqtrade.configuration.configuration - INFO - Parameter --timerange detected: 20250422-20260417 ...
2026-04-25 22:39:15,532 - freqtrade.configuration.configuration - INFO - Using user-data directory: /home/mohs/Desktop/ae/pyside6/user_data ...
2026-04-25 22:39:15,532 - freqtrade.configuration.configuration - INFO - Using data directory: /home/mohs/Desktop/ae/pyside6/user_data/data/binance ...
2026-04-25 22:39:15,532 - freqtrade.configuration.configuration - INFO - Parameter --export detected: trades ...
2026-04-25 22:39:15,533 - freqtrade.configuration.configuration - INFO - Parameter --cache=day detected ...
2026-04-25 22:39:15,533 - freqtrade.configuration.configuration - INFO - Using pairs ['XRP/USDT', 'ETH/USDT', 'HOME/USDT']
2026-04-25 22:39:15,533 - freqtrade.configuration.configuration - INFO - Filter trades by timerange: 20250422-20260417
2026-04-25 22:39:15,534 - freqtrade.exchange.check_exchange - INFO - Checking exchange...
2026-04-25 22:39:15,539 - freqtrade.exchange.check_exchange - INFO - Exchange "binance" is officially supported by the Freqtrade development team.
2026-04-25 22:39:15,540 - freqtrade.configuration.config_validation - INFO - Validating configuration ...
2026-04-25 22:39:15,542 - freqtrade.commands.optimize_commands - INFO - Starting freqtrade in Backtesting mode
2026-04-25 22:39:15,542 - freqtrade.exchange.exchange - INFO - Instance is running with dry_run enabled
2026-04-25 22:39:15,542 - freqtrade.exchange.exchange - INFO - Using CCXT 4.5.50
2026-04-25 22:39:15,543 - freqtrade.exchange.exchange - INFO - Applying additional ccxt config: {'enableRateLimit': True, 'timeout': 120000}
2026-04-25 22:39:15,548 - freqtrade.exchange.exchange - INFO - Applying additional ccxt config: {'enableRateLimit': True, 'timeout': 120000}
2026-04-25 22:39:15,553 - freqtrade.exchange.exchange - INFO - Using Exchange "Binance"
2026-04-25 22:39:16,719 - freqtrade.resolvers.exchange_resolver - INFO - Using resolved exchange 'Binance'...
2026-04-25 22:39:16,727 - freqtrade.resolvers.iresolver - INFO - Using resolved strategy yes from 
'/home/mohs/Desktop/ae/pyside6/user_data/optimizer/sessions/b8194b7f-3716-497e-8a17-833c28d4e223/trial_019/strategy_dir/yes.py'...
2026-04-25 22:39:16,727 - freqtrade.strategy.hyper - INFO - Loading parameters from file 
/home/mohs/Desktop/ae/pyside6/user_data/optimizer/sessions/b8194b7f-3716-497e-8a17-833c28d4e223/trial_019/strategy_dir/yes.json
2026-04-25 22:39:16,728 - freqtrade.resolvers.strategy_resolver - INFO - Override strategy 'timeframe' with value from the configuration: 4h.
2026-04-25 22:39:16,728 - freqtrade.resolvers.strategy_resolver - INFO - Override strategy 'stake_currency' with value from the configuration: USDT.
2026-04-25 22:39:16,728 - freqtrade.resolvers.strategy_resolver - INFO - Override strategy 'stake_amount' with value from the configuration: unlimited.
2026-04-25 22:39:16,729 - freqtrade.resolvers.strategy_resolver - INFO - Override strategy 'use_exit_signal' with value from the configuration: True.
2026-04-25 22:39:16,729 - freqtrade.resolvers.strategy_resolver - INFO - Override strategy 'max_open_trades' with value from the configuration: 3.
2026-04-25 22:39:16,729 - freqtrade.resolvers.strategy_resolver - INFO - Strategy using minimal_roi: {'0': 0.5583576312226455, '13': 1.175972555356752, '146': 0.024525029447372337, '38': 
0.7434330991148774}
2026-04-25 22:39:16,729 - freqtrade.resolvers.strategy_resolver - INFO - Strategy using timeframe: 4h
2026-04-25 22:39:16,730 - freqtrade.resolvers.strategy_resolver - INFO - Strategy using stoploss: -0.4619434706011909
2026-04-25 22:39:16,730 - freqtrade.resolvers.strategy_resolver - INFO - Strategy using trailing_stop: False
2026-04-25 22:39:16,730 - freqtrade.resolvers.strategy_resolver - INFO - Strategy using trailing_stop_positive: 0.3511819110283382
2026-04-25 22:39:16,731 - freqtrade.resolvers.strategy_resolver - INFO - Strategy using trailing_stop_positive_offset: 0.6422056632375543
2026-04-25 22:39:16,731 - freqtrade.resolvers.strategy_resolver - INFO - Strategy using trailing_only_offset_is_reached: False
2026-04-25 22:39:16,731 - freqtrade.resolvers.strategy_resolver - INFO - Strategy using use_custom_stoploss: False
2026-04-25 22:39:16,731 - freqtrade.resolvers.strategy_resolver - INFO - Strategy using process_only_new_candles: True
2026-04-25 22:39:16,732 - freqtrade.resolvers.strategy_resolver - INFO - Strategy using order_types: {'entry': 'limit', 'exit': 'limit', 'stoploss': 'limit', 'stoploss_on_exchange': False, 
'stoploss_on_exchange_interval': 60}
2026-04-25 22:39:16,732 - freqtrade.resolvers.strategy_resolver - INFO - Strategy using order_time_in_force: {'entry': 'GTC', 'exit': 'GTC'}
2026-04-25 22:39:16,732 - freqtrade.resolvers.strategy_resolver - INFO - Strategy using stake_currency: USDT
2026-04-25 22:39:16,733 - freqtrade.resolvers.strategy_resolver - INFO - Strategy using stake_amount: unlimited
2026-04-25 22:39:16,733 - freqtrade.resolvers.strategy_resolver - INFO - Strategy using startup_candle_count: 0
2026-04-25 22:39:16,733 - freqtrade.resolvers.strategy_resolver - INFO - Strategy using use_exit_signal: True
2026-04-25 22:39:16,733 - freqtrade.resolvers.strategy_resolver - INFO - Strategy using exit_profit_only: False
2026-04-25 22:39:16,734 - freqtrade.resolvers.strategy_resolver - INFO - Strategy using ignore_roi_if_entry_signal: False
2026-04-25 22:39:16,734 - freqtrade.resolvers.strategy_resolver - INFO - Strategy using exit_profit_offset: 0.0
2026-04-25 22:39:16,734 - freqtrade.resolvers.strategy_resolver - INFO - Strategy using disable_dataframe_checks: False
2026-04-25 22:39:16,735 - freqtrade.resolvers.strategy_resolver - INFO - Strategy using ignore_buying_expired_candle_after: 0
2026-04-25 22:39:16,735 - freqtrade.resolvers.strategy_resolver - INFO - Strategy using position_adjustment_enable: False
2026-04-25 22:39:16,735 - freqtrade.resolvers.strategy_resolver - INFO - Strategy using max_entry_position_adjustment: -1
2026-04-25 22:39:16,735 - freqtrade.resolvers.strategy_resolver - INFO - Strategy using max_open_trades: 3
2026-04-25 22:39:16,736 - freqtrade.configuration.config_validation - INFO - Validating configuration ...
2026-04-25 22:39:16,739 - freqtrade.resolvers.iresolver - INFO - Using resolved pairlist StaticPairList from 
'/home/mohs/Desktop/ae/pyside6/.venv/lib/python3.12/site-packages/freqtrade/plugins/pairlist/StaticPairList.py'...
2026-04-25 22:39:16,752 - freqtrade.optimize.backtesting - INFO - Using fee 0.1000% - worst case fee from exchange (lowest tier).
2026-04-25 22:39:16,788 - freqtrade.data.history.datahandlers.idatahandler - WARNING - HOME/USDT, spot, 4h, data starts at 2025-06-12 12:00:00
2026-04-25 22:39:16,796 - freqtrade.optimize.backtesting - INFO - Loading data from 2025-04-22 00:00:00 up to 2026-04-17 00:00:00 (360 days).
2026-04-25 22:39:16,851 - freqtrade.optimize.backtesting - INFO - Dataload complete. Calculating indicators
2026-04-25 22:39:16,860 - freqtrade.optimize.backtesting - INFO - Running backtesting for Strategy yes
2026-04-25 22:39:16,860 - freqtrade.strategy.hyper - INFO - Strategy Parameter: buy_ma_count = 18
2026-04-25 22:39:16,860 - freqtrade.strategy.hyper - INFO - Strategy Parameter: buy_ma_gap = 9
2026-04-25 22:39:16,861 - freqtrade.strategy.hyper - INFO - Strategy Parameter: sell_ma_count = 17
2026-04-25 22:39:16,861 - freqtrade.strategy.hyper - INFO - Strategy Parameter: sell_ma_gap = 34
2026-04-25 22:39:16,875 - freqtrade.optimize.backtesting - INFO - Backtesting with data from 2025-04-22 00:00:00 up to 2026-04-17 00:00:00 (360 days).
2026-04-25 22:39:17,369 - freqtrade.misc - INFO - dumping json to "/home/mohs/Desktop/ae/pyside6/user_data/backtest_results/backtest-result-2026-04-25_22-39-17.meta.json"
Result for strategy yes
                                               BACKTESTING REPORT                                                
┏━━━━━━━━━━━┳━━━━━━━━┳━━━━━━━━━━━━━━┳━━━━━━━━━━━━━━━━━┳━━━━━━━━━━━━━━┳━━━━━━━━━━━━━━━━━┳━━━━━━━━━━━━━━━━━━━━━━━━┓
┃      Pair ┃ Trades ┃ Avg Profit % ┃ Tot Profit USDT ┃ Tot Profit % ┃    Avg Duration ┃  Win  Draw  Loss  Win% ┃
┡━━━━━━━━━━━╇━━━━━━━━╇━━━━━━━━━━━━━━╇━━━━━━━━━━━━━━━━━╇━━━━━━━━━━━━━━╇━━━━━━━━━━━━━━━━━╇━━━━━━━━━━━━━━━━━━━━━━━━┩
│  XRP/USDT │      7 │         1.55 │           5.486 │         3.66 │        16:34:00 │    5     0     2  71.4 │
│  ETH/USDT │      8 │        -0.29 │          -1.330 │        -0.89 │ 1 day, 10:00:00 │    5     0     3  62.5 │
│ HOME/USDT │      2 │        -1.61 │          -1.705 │        -1.14 │        22:00:00 │    1     0     1  50.0 │
│     TOTAL │     17 │         0.31 │           2.452 │         1.63 │  1 day, 1:25:00 │   11     0     6  64.7 │
└───────────┴────────┴──────────────┴─────────────────┴──────────────┴─────────────────┴────────────────────────┘
                                             LEFT OPEN TRADES REPORT                                             
┏━━━━━━━━━━┳━━━━━━━━┳━━━━━━━━━━━━━━┳━━━━━━━━━━━━━━━━━┳━━━━━━━━━━━━━━┳━━━━━━━━━━━━━━━━━━┳━━━━━━━━━━━━━━━━━━━━━━━━┓
┃     Pair ┃ Trades ┃ Avg Profit % ┃ Tot Profit USDT ┃ Tot Profit % ┃     Avg Duration ┃  Win  Draw  Loss  Win% ┃
┡━━━━━━━━━━╇━━━━━━━━╇━━━━━━━━━━━━━━╇━━━━━━━━━━━━━━━━━╇━━━━━━━━━━━━━━╇━━━━━━━━━━━━━━━━━━╇━━━━━━━━━━━━━━━━━━━━━━━━┩
│ XRP/USDT │      1 │        -0.98 │          -0.503 │        -0.34 │          4:00:00 │    0     0     1     0 │
│ ETH/USDT │      1 │        -1.45 │          -0.735 │        -0.49 │ 2 days, 16:00:00 │    0     0     1     0 │
│    TOTAL │      2 │        -1.22 │          -1.238 │        -0.83 │  1 day, 10:00:00 │    0     0     2     0 │
└──────────┴────────┴──────────────┴─────────────────┴──────────────┴──────────────────┴────────────────────────┘
                                                 ENTER TAG STATS                                                 
┏━━━━━━━━━━━┳━━━━━━━━━┳━━━━━━━━━━━━━━┳━━━━━━━━━━━━━━━━━┳━━━━━━━━━━━━━━┳━━━━━━━━━━━━━━━━┳━━━━━━━━━━━━━━━━━━━━━━━━┓
┃ Enter Tag ┃ Entries ┃ Avg Profit % ┃ Tot Profit USDT ┃ Tot Profit % ┃   Avg Duration ┃  Win  Draw  Loss  Win% ┃
┡━━━━━━━━━━━╇━━━━━━━━━╇━━━━━━━━━━━━━━╇━━━━━━━━━━━━━━━━━╇━━━━━━━━━━━━━━╇━━━━━━━━━━━━━━━━╇━━━━━━━━━━━━━━━━━━━━━━━━┩
│     OTHER │      17 │         0.31 │           2.452 │         1.63 │ 1 day, 1:25:00 │   11     0     6  64.7 │
│     TOTAL │      17 │         0.31 │           2.452 │         1.63 │ 1 day, 1:25:00 │   11     0     6  64.7 │
└───────────┴─────────┴──────────────┴─────────────────┴──────────────┴────────────────┴────────────────────────┘
                                                EXIT REASON STATS                                                 
┏━━━━━━━━━━━━━┳━━━━━━━┳━━━━━━━━━━━━━━┳━━━━━━━━━━━━━━━━━┳━━━━━━━━━━━━━━┳━━━━━━━━━━━━━━━━━┳━━━━━━━━━━━━━━━━━━━━━━━━┓
┃ Exit Reason ┃ Exits ┃ Avg Profit % ┃ Tot Profit USDT ┃ Tot Profit % ┃    Avg Duration ┃  Win  Draw  Loss  Win% ┃
┡━━━━━━━━━━━━━╇━━━━━━━╇━━━━━━━━━━━━━━╇━━━━━━━━━━━━━━━━━╇━━━━━━━━━━━━━━╇━━━━━━━━━━━━━━━━━╇━━━━━━━━━━━━━━━━━━━━━━━━┩
│         roi │    11 │         2.64 │          14.918 │         9.95 │        17:49:00 │   11     0     0   100 │
│  force_exit │     2 │        -1.22 │          -1.238 │        -0.83 │ 1 day, 10:00:00 │    0     0     2     0 │
│ exit_signal │     4 │        -5.32 │         -11.229 │        -7.49 │ 1 day, 18:00:00 │    0     0     4     0 │
│       TOTAL │    17 │         0.31 │           2.452 │         1.63 │  1 day, 1:25:00 │   11     0     6  64.7 │
└─────────────┴───────┴──────────────┴─────────────────┴──────────────┴─────────────────┴────────────────────────┘
                                                        MIXED TAG STATS                                                        
┏━━━━━━━━━━━┳━━━━━━━━━━━━━┳━━━━━━━━┳━━━━━━━━━━━━━━┳━━━━━━━━━━━━━━━━━┳━━━━━━━━━━━━━━┳━━━━━━━━━━━━━━━━━┳━━━━━━━━━━━━━━━━━━━━━━━━┓
┃ Enter Tag ┃ Exit Reason ┃ Trades ┃ Avg Profit % ┃ Tot Profit USDT ┃ Tot Profit % ┃    Avg Duration ┃  Win  Draw  Loss  Win% ┃
┡━━━━━━━━━━━╇━━━━━━━━━━━━━╇━━━━━━━━╇━━━━━━━━━━━━━━╇━━━━━━━━━━━━━━━━━╇━━━━━━━━━━━━━━╇━━━━━━━━━━━━━━━━━╇━━━━━━━━━━━━━━━━━━━━━━━━┩
│           │         roi │     11 │         2.64 │          14.918 │         9.95 │        17:49:00 │   11     0     0   100 │
│           │  force_exit │      2 │        -1.22 │          -1.238 │        -0.83 │ 1 day, 10:00:00 │    0     0     2     0 │
│           │ exit_signal │      4 │        -5.32 │         -11.229 │        -7.49 │ 1 day, 18:00:00 │    0     0     4     0 │
│     TOTAL │             │     17 │         0.31 │           2.452 │         1.63 │  1 day, 1:25:00 │   11     0     6  64.7 │
└───────────┴─────────────┴────────┴──────────────┴─────────────────┴──────────────┴─────────────────┴────────────────────────┘
                         SUMMARY METRICS                          
┏━━━━━━━━━━━━━━━━━━━━━━━━━━━━━━━┳━━━━━━━━━━━━━━━━━━━━━━━━━━━━━━━━┓
┃ Metric                        ┃ Value                          ┃
┡━━━━━━━━━━━━━━━━━━━━━━━━━━━━━━━╇━━━━━━━━━━━━━━━━━━━━━━━━━━━━━━━━┩
│ Backtesting from              │ 2025-04-22 00:00:00            │
│ Backtesting to                │ 2026-04-17 00:00:00            │
│ Trading Mode                  │ Spot                           │
│ Max open trades               │ 3                              │
│                               │                                │
│ Total/Daily Avg Trades        │ 17 / 0.05                      │
│ Starting balance              │ 150 USDT                       │
│ Final balance                 │ 152.452 USDT                   │
│ Absolute profit               │ 2.452 USDT                     │
│ Total profit %                │ 1.63%                          │
│ CAGR %                        │ 1.66%                          │
│ Sortino                       │ 0.10                           │
│ Sharpe                        │ 0.07                           │
│ Calmar                        │ 1.61                           │
│ SQN                           │ 0.31                           │
│ Profit factor                 │ 1.20                           │
│ Expectancy (Ratio)            │ 0.14 (0.07)                    │
│ Avg. daily profit             │ 0.007 USDT                     │
│ Avg. stake amount             │ 51.557 USDT                    │
│ Total trade volume            │ 1758.902 USDT                  │
│                               │                                │
│ Best Pair                     │ XRP/USDT 3.66%                 │
│ Worst Pair                    │ HOME/USDT -1.14%               │
│ Best trade                    │ XRP/USDT 4.52%                 │
│ Worst trade                   │ ETH/USDT -7.89%                │
│ Best day                      │ 3.622 USDT                     │
│ Worst day                     │ -4.237 USDT                    │
│ Days win/draw/lose            │ 9 / 267 / 5                    │
│ Min/Max/Avg. Duration Winners │ 0d 04:00 / 2d 08:00 / 0d 17:49 │
│ Min/Max/Avg. Duration Losers  │ 0d 04:00 / 2d 16:00 / 1d 15:20 │
│ Max Consecutive Wins / Loss   │ 8 / 2                          │
│ Rejected Entry signals        │ 0                              │
│ Entry/Exit Timeouts           │ 0 / 0                          │
│                               │                                │
│ Min balance                   │ 151.225 USDT                   │
│ Max balance                   │ 161.118 USDT                   │
│ Max % of account underwater   │ 5.38%                          │
│ Absolute drawdown             │ 8.676 USDT (5.38%)             │
│ Drawdown duration             │ 266 days 20:00:00              │
│ Profit at drawdown start      │ 11.118 USDT                    │
│ Profit at drawdown end        │ 2.442 USDT                     │
│ Drawdown start                │ 2025-07-20 00:00:00            │
│ Drawdown end                  │ 2026-04-12 20:00:00            │
│ Market change                 │ -9.22%                         │
└───────────────────────────────┴────────────────────────────────┘

Backtested 2025-04-22 00:00:00 -> 2026-04-17 00:00:00 | Max open trades : 3
                                                         STRATEGY SUMMARY                                                          
┏━━━━━━━━━━┳━━━━━━━━┳━━━━━━━━━━━━━━┳━━━━━━━━━━━━━━━━━┳━━━━━━━━━━━━━━┳━━━━━━━━━━━━━━━━┳━━━━━━━━━━━━━━━━━━━━━━━━┳━━━━━━━━━━━━━━━━━━━┓
┃ Strategy ┃ Trades ┃ Avg Profit % ┃ Tot Profit USDT ┃ Tot Profit % ┃   Avg Duration ┃  Win  Draw  Loss  Win% ┃          Drawdown ┃
┡━━━━━━━━━━╇━━━━━━━━╇━━━━━━━━━━━━━━╇━━━━━━━━━━━━━━━━━╇━━━━━━━━━━━━━━╇━━━━━━━━━━━━━━━━╇━━━━━━━━━━━━━━━━━━━━━━━━╇━━━━━━━━━━━━━━━━━━━┩
│      yes │     17 │         0.31 │           2.452 │         1.63 │ 1 day, 1:25:00 │   11     0     6  64.7 │ 8.676 USDT  5.38% │
└──────────┴────────┴──────────────┴─────────────────┴──────────────┴────────────────┴────────────────────────┴───────────────────┘