2026-04-25 06:00:26,998 - freqtrade - INFO - freqtrade 2026.3
2026-04-25 06:00:28,032 - freqtrade.configuration.load_config - INFO - Using config: /home/mohs/Desktop/ae/pyside6/user_data/config.json ...
2026-04-25 06:00:28,034 - freqtrade.loggers - INFO - Enabling colorized output.
2026-04-25 06:00:28,034 - freqtrade.loggers - INFO - Logfile configured
2026-04-25 06:00:28,034 - freqtrade.loggers - INFO - Verbosity set to 0
2026-04-25 06:00:28,035 - freqtrade.configuration.configuration - INFO - Using additional Strategy lookup path: 
/home/mohs/Desktop/ae/pyside6/user_data/optimizer/sessions/39ae9442-8ff2-45a0-8950-bb48be8f34cb/trial_047/strategy_dir
2026-04-25 06:00:28,035 - freqtrade.configuration.configuration - WARNING - `force_entry_enable` RPC message enabled.
2026-04-25 06:00:28,035 - freqtrade.configuration.configuration - INFO - Parameter -i/--timeframe detected ... Using timeframe: 4h ...
2026-04-25 06:00:28,035 - freqtrade.configuration.configuration - INFO - Parameter --max-open-trades detected, overriding max_open_trades to: 2 ...
2026-04-25 06:00:28,036 - freqtrade.configuration.configuration - INFO - Parameter --dry-run-wallet detected, overriding dry_run_wallet to: 80.0 ...
2026-04-25 06:00:28,036 - freqtrade.configuration.configuration - INFO - Parameter --timerange detected: 20250422-20260417 ...
2026-04-25 06:00:28,036 - freqtrade.configuration.configuration - INFO - Using user-data directory: /home/mohs/Desktop/ae/pyside6/user_data ...
2026-04-25 06:00:28,037 - freqtrade.configuration.configuration - INFO - Using data directory: /home/mohs/Desktop/ae/pyside6/user_data/data/binance ...
2026-04-25 06:00:28,037 - freqtrade.configuration.configuration - INFO - Parameter --export detected: trades ...
2026-04-25 06:00:28,037 - freqtrade.configuration.configuration - INFO - Parameter --cache=day detected ...
2026-04-25 06:00:28,037 - freqtrade.configuration.configuration - INFO - Using pairs ['ADA/USDT', 'ETH/USDT']
2026-04-25 06:00:28,038 - freqtrade.configuration.configuration - INFO - Filter trades by timerange: 20250422-20260417
2026-04-25 06:00:28,038 - freqtrade.exchange.check_exchange - INFO - Checking exchange...
2026-04-25 06:00:28,044 - freqtrade.exchange.check_exchange - INFO - Exchange "binance" is officially supported by the Freqtrade development team.
2026-04-25 06:00:28,044 - freqtrade.configuration.config_validation - INFO - Validating configuration ...
2026-04-25 06:00:28,046 - freqtrade.commands.optimize_commands - INFO - Starting freqtrade in Backtesting mode
2026-04-25 06:00:28,047 - freqtrade.exchange.exchange - INFO - Instance is running with dry_run enabled
2026-04-25 06:00:28,047 - freqtrade.exchange.exchange - INFO - Using CCXT 4.5.50
2026-04-25 06:00:28,047 - freqtrade.exchange.exchange - INFO - Applying additional ccxt config: {'enableRateLimit': True, 'timeout': 120000}
2026-04-25 06:00:28,052 - freqtrade.exchange.exchange - INFO - Applying additional ccxt config: {'enableRateLimit': True, 'timeout': 120000}
2026-04-25 06:00:28,058 - freqtrade.exchange.exchange - INFO - Using Exchange "Binance"
2026-04-25 06:00:29,187 - freqtrade.resolvers.exchange_resolver - INFO - Using resolved exchange 'Binance'...
2026-04-25 06:00:29,196 - freqtrade.resolvers.iresolver - INFO - Using resolved strategy MultiMa from 
'/home/mohs/Desktop/ae/pyside6/user_data/optimizer/sessions/39ae9442-8ff2-45a0-8950-bb48be8f34cb/trial_047/strategy_dir/MultiMa.py'...
2026-04-25 06:00:29,196 - freqtrade.strategy.hyper - INFO - Loading parameters from file 
/home/mohs/Desktop/ae/pyside6/user_data/optimizer/sessions/39ae9442-8ff2-45a0-8950-bb48be8f34cb/trial_047/strategy_dir/MultiMa.json
2026-04-25 06:00:29,197 - freqtrade.resolvers.strategy_resolver - INFO - Override strategy 'timeframe' with value from the configuration: 4h.
2026-04-25 06:00:29,197 - freqtrade.resolvers.strategy_resolver - INFO - Override strategy 'stake_currency' with value from the configuration: USDT.
2026-04-25 06:00:29,197 - freqtrade.resolvers.strategy_resolver - INFO - Override strategy 'stake_amount' with value from the configuration: unlimited.
2026-04-25 06:00:29,198 - freqtrade.resolvers.strategy_resolver - INFO - Override strategy 'use_exit_signal' with value from the configuration: True.
2026-04-25 06:00:29,198 - freqtrade.resolvers.strategy_resolver - INFO - Override strategy 'max_open_trades' with value from the configuration: 2.
2026-04-25 06:00:29,198 - freqtrade.resolvers.strategy_resolver - INFO - Strategy using minimal_roi: {'0': 0.523, '1553': 0.123, '2332': 0.076, '3169': 0}
2026-04-25 06:00:29,199 - freqtrade.resolvers.strategy_resolver - INFO - Strategy using timeframe: 4h
2026-04-25 06:00:29,199 - freqtrade.resolvers.strategy_resolver - INFO - Strategy using stoploss: -0.345
2026-04-25 06:00:29,199 - freqtrade.resolvers.strategy_resolver - INFO - Strategy using trailing_stop: False
2026-04-25 06:00:29,199 - freqtrade.resolvers.strategy_resolver - INFO - Strategy using trailing_stop_positive_offset: 0.0
2026-04-25 06:00:29,199 - freqtrade.resolvers.strategy_resolver - INFO - Strategy using trailing_only_offset_is_reached: False
2026-04-25 06:00:29,200 - freqtrade.resolvers.strategy_resolver - INFO - Strategy using use_custom_stoploss: False
2026-04-25 06:00:29,200 - freqtrade.resolvers.strategy_resolver - INFO - Strategy using process_only_new_candles: True
2026-04-25 06:00:29,200 - freqtrade.resolvers.strategy_resolver - INFO - Strategy using order_types: {'entry': 'limit', 'exit': 'limit', 'stoploss': 'limit', 'stoploss_on_exchange': False, 
'stoploss_on_exchange_interval': 60}
2026-04-25 06:00:29,200 - freqtrade.resolvers.strategy_resolver - INFO - Strategy using order_time_in_force: {'entry': 'GTC', 'exit': 'GTC'}
2026-04-25 06:00:29,201 - freqtrade.resolvers.strategy_resolver - INFO - Strategy using stake_currency: USDT
2026-04-25 06:00:29,201 - freqtrade.resolvers.strategy_resolver - INFO - Strategy using stake_amount: unlimited
2026-04-25 06:00:29,201 - freqtrade.resolvers.strategy_resolver - INFO - Strategy using startup_candle_count: 0
2026-04-25 06:00:29,201 - freqtrade.resolvers.strategy_resolver - INFO - Strategy using use_exit_signal: True
2026-04-25 06:00:29,202 - freqtrade.resolvers.strategy_resolver - INFO - Strategy using exit_profit_only: False
2026-04-25 06:00:29,202 - freqtrade.resolvers.strategy_resolver - INFO - Strategy using ignore_roi_if_entry_signal: False
2026-04-25 06:00:29,202 - freqtrade.resolvers.strategy_resolver - INFO - Strategy using exit_profit_offset: 0.0
2026-04-25 06:00:29,202 - freqtrade.resolvers.strategy_resolver - INFO - Strategy using disable_dataframe_checks: False
2026-04-25 06:00:29,203 - freqtrade.resolvers.strategy_resolver - INFO - Strategy using ignore_buying_expired_candle_after: 0
2026-04-25 06:00:29,203 - freqtrade.resolvers.strategy_resolver - INFO - Strategy using position_adjustment_enable: False
2026-04-25 06:00:29,203 - freqtrade.resolvers.strategy_resolver - INFO - Strategy using max_entry_position_adjustment: -1
2026-04-25 06:00:29,203 - freqtrade.resolvers.strategy_resolver - INFO - Strategy using max_open_trades: 2
2026-04-25 06:00:29,204 - freqtrade.configuration.config_validation - INFO - Validating configuration ...
2026-04-25 06:00:29,207 - freqtrade.resolvers.iresolver - INFO - Using resolved pairlist StaticPairList from 
'/home/mohs/Desktop/ae/pyside6/.venv/lib/python3.12/site-packages/freqtrade/plugins/pairlist/StaticPairList.py'...
2026-04-25 06:00:29,218 - freqtrade.optimize.backtesting - INFO - Using fee 0.1000% - worst case fee from exchange (lowest tier).
2026-04-25 06:00:29,225 - freqtrade.data.history.datahandlers.idatahandler - WARNING - ADA/USDT, spot, 4h, data starts at 2025-04-24 00:00:00
2026-04-25 06:00:29,238 - freqtrade.data.history.datahandlers.idatahandler - WARNING - ETH/USDT, spot, 4h, data starts at 2025-04-24 00:00:00
2026-04-25 06:00:29,245 - freqtrade.optimize.backtesting - INFO - Loading data from 2025-04-24 00:00:00 up to 2026-04-17 00:00:00 (358 days).
2026-04-25 06:00:29,284 - freqtrade.optimize.backtesting - INFO - Dataload complete. Calculating indicators
2026-04-25 06:00:29,287 - freqtrade.optimize.backtesting - INFO - Running backtesting for Strategy MultiMa
2026-04-25 06:00:29,288 - freqtrade.strategy.hyper - INFO - Strategy Parameter: buy_ma_count = 8
2026-04-25 06:00:29,288 - freqtrade.strategy.hyper - INFO - Strategy Parameter: buy_ma_gap = 6
2026-04-25 06:00:29,288 - freqtrade.strategy.hyper - INFO - Strategy Parameter: sell_ma_count = 14
2026-04-25 06:00:29,289 - freqtrade.strategy.hyper - INFO - Strategy Parameter: sell_ma_gap = 43
2026-04-25 06:00:29,296 - freqtrade.optimize.backtesting - INFO - Backtesting with data from 2025-04-24 00:00:00 up to 2026-04-17 00:00:00 (358 days).
2026-04-25 06:00:29,818 - freqtrade.misc - INFO - dumping json to "/home/mohs/Desktop/ae/pyside6/user_data/backtest_results/backtest-result-2026-04-25_06-00-29.meta.json"
  ADA/USDT	
  ETH/USDT	
Result for strategy MultiMa
                                               BACKTESTING REPORT                                                
┏━━━━━━━━━━┳━━━━━━━━┳━━━━━━━━━━━━━━┳━━━━━━━━━━━━━━━━━┳━━━━━━━━━━━━━━┳━━━━━━━━━━━━━━━━━━┳━━━━━━━━━━━━━━━━━━━━━━━━┓
┃     Pair ┃ Trades ┃ Avg Profit % ┃ Tot Profit USDT ┃ Tot Profit % ┃     Avg Duration ┃  Win  Draw  Loss  Win% ┃
┡━━━━━━━━━━╇━━━━━━━━╇━━━━━━━━━━━━━━╇━━━━━━━━━━━━━━━━━╇━━━━━━━━━━━━━━╇━━━━━━━━━━━━━━━━━━╇━━━━━━━━━━━━━━━━━━━━━━━━┩
│ ETH/USDT │     10 │         1.14 │           3.790 │         4.74 │ 2 days, 17:36:00 │    5     0     5  50.0 │
│ ADA/USDT │     12 │        -0.79 │          -4.491 │        -5.61 │ 3 days, 11:40:00 │    6     0     6  50.0 │
│    TOTAL │     22 │         0.09 │          -0.701 │        -0.88 │  3 days, 3:27:00 │   11     0    11  50.0 │
└──────────┴────────┴──────────────┴─────────────────┴──────────────┴──────────────────┴────────────────────────┘
                                             LEFT OPEN TRADES REPORT                                             
┏━━━━━━━━━━┳━━━━━━━━┳━━━━━━━━━━━━━━┳━━━━━━━━━━━━━━━━━┳━━━━━━━━━━━━━━┳━━━━━━━━━━━━━━━━━━┳━━━━━━━━━━━━━━━━━━━━━━━━┓
┃     Pair ┃ Trades ┃ Avg Profit % ┃ Tot Profit USDT ┃ Tot Profit % ┃     Avg Duration ┃  Win  Draw  Loss  Win% ┃
┡━━━━━━━━━━╇━━━━━━━━╇━━━━━━━━━━━━━━╇━━━━━━━━━━━━━━━━━╇━━━━━━━━━━━━━━╇━━━━━━━━━━━━━━━━━━╇━━━━━━━━━━━━━━━━━━━━━━━━┩
│ ETH/USDT │      1 │        -1.45 │          -0.576 │        -0.72 │ 2 days, 16:00:00 │    0     0     1     0 │
│    TOTAL │      1 │        -1.45 │          -0.576 │        -0.72 │ 2 days, 16:00:00 │    0     0     1     0 │
└──────────┴────────┴──────────────┴─────────────────┴──────────────┴──────────────────┴────────────────────────┘
                                                 ENTER TAG STATS                                                  
┏━━━━━━━━━━━┳━━━━━━━━━┳━━━━━━━━━━━━━━┳━━━━━━━━━━━━━━━━━┳━━━━━━━━━━━━━━┳━━━━━━━━━━━━━━━━━┳━━━━━━━━━━━━━━━━━━━━━━━━┓
┃ Enter Tag ┃ Entries ┃ Avg Profit % ┃ Tot Profit USDT ┃ Tot Profit % ┃    Avg Duration ┃  Win  Draw  Loss  Win% ┃
┡━━━━━━━━━━━╇━━━━━━━━━╇━━━━━━━━━━━━━━╇━━━━━━━━━━━━━━━━━╇━━━━━━━━━━━━━━╇━━━━━━━━━━━━━━━━━╇━━━━━━━━━━━━━━━━━━━━━━━━┩
│     OTHER │      22 │         0.09 │          -0.701 │        -0.88 │ 3 days, 3:27:00 │   11     0    11  50.0 │
│     TOTAL │      22 │         0.09 │          -0.701 │        -0.88 │ 3 days, 3:27:00 │   11     0    11  50.0 │
└───────────┴─────────┴──────────────┴─────────────────┴──────────────┴─────────────────┴────────────────────────┘
                                                 EXIT REASON STATS                                                 
┏━━━━━━━━━━━━━┳━━━━━━━┳━━━━━━━━━━━━━━┳━━━━━━━━━━━━━━━━━┳━━━━━━━━━━━━━━┳━━━━━━━━━━━━━━━━━━┳━━━━━━━━━━━━━━━━━━━━━━━━┓
┃ Exit Reason ┃ Exits ┃ Avg Profit % ┃ Tot Profit USDT ┃ Tot Profit % ┃     Avg Duration ┃  Win  Draw  Loss  Win% ┃
┡━━━━━━━━━━━━━╇━━━━━━━╇━━━━━━━━━━━━━━╇━━━━━━━━━━━━━━━━━╇━━━━━━━━━━━━━━╇━━━━━━━━━━━━━━━━━━╇━━━━━━━━━━━━━━━━━━━━━━━━┩
│         roi │    15 │         3.37 │          18.719 │         23.4 │ 2 days, 15:28:00 │   11     0     4  73.3 │
│  force_exit │     1 │        -1.45 │          -0.576 │        -0.72 │ 2 days, 16:00:00 │    0     0     1     0 │
│ exit_signal │     6 │        -7.86 │         -18.845 │       -23.56 │ 4 days, 11:20:00 │    0     0     6     0 │
│       TOTAL │    22 │         0.09 │          -0.701 │        -0.88 │  3 days, 3:27:00 │   11     0    11  50.0 │
└─────────────┴───────┴──────────────┴─────────────────┴──────────────┴──────────────────┴────────────────────────┘
                                                        MIXED TAG STATS                                                         
┏━━━━━━━━━━━┳━━━━━━━━━━━━━┳━━━━━━━━┳━━━━━━━━━━━━━━┳━━━━━━━━━━━━━━━━━┳━━━━━━━━━━━━━━┳━━━━━━━━━━━━━━━━━━┳━━━━━━━━━━━━━━━━━━━━━━━━┓
┃ Enter Tag ┃ Exit Reason ┃ Trades ┃ Avg Profit % ┃ Tot Profit USDT ┃ Tot Profit % ┃     Avg Duration ┃  Win  Draw  Loss  Win% ┃
┡━━━━━━━━━━━╇━━━━━━━━━━━━━╇━━━━━━━━╇━━━━━━━━━━━━━━╇━━━━━━━━━━━━━━━━━╇━━━━━━━━━━━━━━╇━━━━━━━━━━━━━━━━━━╇━━━━━━━━━━━━━━━━━━━━━━━━┩
│           │         roi │     15 │         3.37 │          18.719 │         23.4 │ 2 days, 15:28:00 │   11     0     4  73.3 │
│           │  force_exit │      1 │        -1.45 │          -0.576 │        -0.72 │ 2 days, 16:00:00 │    0     0     1     0 │
│           │ exit_signal │      6 │        -7.86 │         -18.845 │       -23.56 │ 4 days, 11:20:00 │    0     0     6     0 │
│     TOTAL │             │     22 │         0.09 │          -0.701 │        -0.88 │  3 days, 3:27:00 │   11     0    11  50.0 │
└───────────┴─────────────┴────────┴──────────────┴─────────────────┴──────────────┴──────────────────┴────────────────────────┘
                          SUMMARY METRICS                          
┏━━━━━━━━━━━━━━━━━━━━━━━━━━━━━━━┳━━━━━━━━━━━━━━━━━━━━━━━━━━━━━━━━━┓
┃ Metric                        ┃ Value                           ┃
┡━━━━━━━━━━━━━━━━━━━━━━━━━━━━━━━╇━━━━━━━━━━━━━━━━━━━━━━━━━━━━━━━━━┩
│ Backtesting from              │ 2025-04-24 00:00:00             │
│ Backtesting to                │ 2026-04-17 00:00:00             │
│ Trading Mode                  │ Spot                            │
│ Max open trades               │ 2                               │
│                               │                                 │
│ Total/Daily Avg Trades        │ 22 / 0.06                       │
│ Starting balance              │ 80 USDT                         │
│ Final balance                 │ 79.299 USDT                     │
│ Absolute profit               │ -0.701 USDT                     │
│ Total profit %                │ -0.88%                          │
│ CAGR %                        │ -0.89%                          │
│ Sortino                       │ -0.02                           │
│ Sharpe                        │ -0.01                           │
│ Calmar                        │ -0.28                           │
│ SQN                           │ -0.05                           │
│ Profit factor                 │ 0.96                            │
│ Expectancy (Ratio)            │ -0.03 (-0.02)                   │
│ Avg. daily profit             │ -0.002 USDT                     │
│ Avg. stake amount             │ 38.354 USDT                     │
│ Total trade volume            │ 1690.244 USDT                   │
│                               │                                 │
│ Best Pair                     │ ETH/USDT 4.74%                  │
│ Worst Pair                    │ ADA/USDT -5.61%                 │
│ Best trade                    │ ETH/USDT 12.30%                 │
│ Worst trade                   │ ADA/USDT -19.73%                │
│ Best day                      │ 4.264 USDT                      │
│ Worst day                     │ -9.563 USDT                     │
│ Days win/draw/lose            │ 10 / 310 / 10                   │
│ Min/Max/Avg. Duration Winners │ 1d 04:00 / 6d 08:00 / 2d 11:38  │
│ Min/Max/Avg. Duration Losers  │ 0d 16:00 / 13d 12:00 / 3d 19:16 │
│ Max Consecutive Wins / Loss   │ 7 / 4                           │
│ Rejected Entry signals        │ 0                               │
│ Entry/Exit Timeouts           │ 0 / 0                           │
│                               │                                 │
│ Min balance                   │ 69.35 USDT                      │
│ Max balance                   │ 83.889 USDT                     │
│ Max % of account underwater   │ 16.49%                          │
│ Absolute drawdown             │ 13.69 USDT (16.49%)             │
│ Drawdown duration             │ 39 days 08:00:00                │
│ Profit at drawdown start      │ 3.039 USDT                      │
│ Profit at drawdown end        │ -10.65 USDT                     │
│ Drawdown start                │ 2025-05-23 00:00:00             │
│ Drawdown end                  │ 2025-07-01 08:00:00             │
│ Market change                 │ -15.50%                         │
└───────────────────────────────┴─────────────────────────────────┘

Backtested 2025-04-24 00:00:00 -> 2026-04-17 00:00:00 | Max open trades : 2
                                                          STRATEGY SUMMARY                                                           
┏━━━━━━━━━━┳━━━━━━━━┳━━━━━━━━━━━━━━┳━━━━━━━━━━━━━━━━━┳━━━━━━━━━━━━━━┳━━━━━━━━━━━━━━━━━┳━━━━━━━━━━━━━━━━━━━━━━━━┳━━━━━━━━━━━━━━━━━━━━┓
┃ Strategy ┃ Trades ┃ Avg Profit % ┃ Tot Profit USDT ┃ Tot Profit % ┃    Avg Duration ┃  Win  Draw  Loss  Win% ┃           Drawdown ┃
┡━━━━━━━━━━╇━━━━━━━━╇━━━━━━━━━━━━━━╇━━━━━━━━━━━━━━━━━╇━━━━━━━━━━━━━━╇━━━━━━━━━━━━━━━━━╇━━━━━━━━━━━━━━━━━━━━━━━━╇━━━━━━━━━━━━━━━━━━━━┩
│  MultiMa │     22 │         0.09 │          -0.701 │        -0.88 │ 3 days, 3:27:00 │   11     0    11  50.0 │ 13.69 USDT  16.49% │
└──────────┴────────┴──────────────┴─────────────────┴──────────────┴─────────────────┴────────────────────────┴────────────────────┘