2026-04-25 22:40:15,029 - freqtrade - INFO - freqtrade 2026.3
2026-04-25 22:40:16,066 - freqtrade.configuration.load_config - INFO - Using config: /home/mohs/Desktop/ae/pyside6/user_data/config.json ...
2026-04-25 22:40:16,068 - freqtrade.loggers - INFO - Enabling colorized output.
2026-04-25 22:40:16,068 - freqtrade.loggers - INFO - Logfile configured
2026-04-25 22:40:16,069 - freqtrade.loggers - INFO - Verbosity set to 0
2026-04-25 22:40:16,069 - freqtrade.configuration.configuration - INFO - Using additional Strategy lookup path: 
/home/mohs/Desktop/ae/pyside6/user_data/optimizer/sessions/b8194b7f-3716-497e-8a17-833c28d4e223/trial_036/strategy_dir
2026-04-25 22:40:16,069 - freqtrade.configuration.configuration - WARNING - `force_entry_enable` RPC message enabled.
2026-04-25 22:40:16,070 - freqtrade.configuration.configuration - INFO - Parameter -i/--timeframe detected ... Using timeframe: 4h ...
2026-04-25 22:40:16,070 - freqtrade.configuration.configuration - INFO - Parameter --max-open-trades detected, overriding max_open_trades to: 3 ...
2026-04-25 22:40:16,070 - freqtrade.configuration.configuration - INFO - Parameter --dry-run-wallet detected, overriding dry_run_wallet to: 150.0 ...
2026-04-25 22:40:16,070 - freqtrade.configuration.configuration - INFO - Parameter --timerange detected: 20250422-20260417 ...
2026-04-25 22:40:16,071 - freqtrade.configuration.configuration - INFO - Using user-data directory: /home/mohs/Desktop/ae/pyside6/user_data ...
2026-04-25 22:40:16,071 - freqtrade.configuration.configuration - INFO - Using data directory: /home/mohs/Desktop/ae/pyside6/user_data/data/binance ...
2026-04-25 22:40:16,072 - freqtrade.configuration.configuration - INFO - Parameter --export detected: trades ...
2026-04-25 22:40:16,072 - freqtrade.configuration.configuration - INFO - Parameter --cache=day detected ...
2026-04-25 22:40:16,072 - freqtrade.configuration.configuration - INFO - Using pairs ['XRP/USDT', 'ETH/USDT', 'HOME/USDT']
2026-04-25 22:40:16,072 - freqtrade.configuration.configuration - INFO - Filter trades by timerange: 20250422-20260417
2026-04-25 22:40:16,073 - freqtrade.exchange.check_exchange - INFO - Checking exchange...
2026-04-25 22:40:16,079 - freqtrade.exchange.check_exchange - INFO - Exchange "binance" is officially supported by the Freqtrade development team.
2026-04-25 22:40:16,079 - freqtrade.configuration.config_validation - INFO - Validating configuration ...
2026-04-25 22:40:16,081 - freqtrade.commands.optimize_commands - INFO - Starting freqtrade in Backtesting mode
2026-04-25 22:40:16,081 - freqtrade.exchange.exchange - INFO - Instance is running with dry_run enabled
2026-04-25 22:40:16,082 - freqtrade.exchange.exchange - INFO - Using CCXT 4.5.50
2026-04-25 22:40:16,082 - freqtrade.exchange.exchange - INFO - Applying additional ccxt config: {'enableRateLimit': True, 'timeout': 120000}
2026-04-25 22:40:16,087 - freqtrade.exchange.exchange - INFO - Applying additional ccxt config: {'enableRateLimit': True, 'timeout': 120000}
2026-04-25 22:40:16,093 - freqtrade.exchange.exchange - INFO - Using Exchange "Binance"
2026-04-25 22:40:17,218 - freqtrade.resolvers.exchange_resolver - INFO - Using resolved exchange 'Binance'...
2026-04-25 22:40:17,226 - freqtrade.resolvers.iresolver - INFO - Using resolved strategy yes from 
'/home/mohs/Desktop/ae/pyside6/user_data/optimizer/sessions/b8194b7f-3716-497e-8a17-833c28d4e223/trial_036/strategy_dir/yes.py'...
2026-04-25 22:40:17,226 - freqtrade.strategy.hyper - INFO - Loading parameters from file 
/home/mohs/Desktop/ae/pyside6/user_data/optimizer/sessions/b8194b7f-3716-497e-8a17-833c28d4e223/trial_036/strategy_dir/yes.json
2026-04-25 22:40:17,227 - freqtrade.resolvers.strategy_resolver - INFO - Override strategy 'timeframe' with value from the configuration: 4h.
2026-04-25 22:40:17,227 - freqtrade.resolvers.strategy_resolver - INFO - Override strategy 'stake_currency' with value from the configuration: USDT.
2026-04-25 22:40:17,227 - freqtrade.resolvers.strategy_resolver - INFO - Override strategy 'stake_amount' with value from the configuration: unlimited.
2026-04-25 22:40:17,228 - freqtrade.resolvers.strategy_resolver - INFO - Override strategy 'use_exit_signal' with value from the configuration: True.
2026-04-25 22:40:17,228 - freqtrade.resolvers.strategy_resolver - INFO - Override strategy 'max_open_trades' with value from the configuration: 3.
2026-04-25 22:40:17,228 - freqtrade.resolvers.strategy_resolver - INFO - Strategy using minimal_roi: {'0': 0.4935273504594307, '13': 0.6141604895163535, '146': 0.6519550829491316, '38': 
0.6383795494004905}
2026-04-25 22:40:17,228 - freqtrade.resolvers.strategy_resolver - INFO - Strategy using timeframe: 4h
2026-04-25 22:40:17,229 - freqtrade.resolvers.strategy_resolver - INFO - Strategy using stoploss: -0.46989703732155286
2026-04-25 22:40:17,229 - freqtrade.resolvers.strategy_resolver - INFO - Strategy using trailing_stop: True
2026-04-25 22:40:17,229 - freqtrade.resolvers.strategy_resolver - INFO - Strategy using trailing_stop_positive: 0.3782347667263847
2026-04-25 22:40:17,229 - freqtrade.resolvers.strategy_resolver - INFO - Strategy using trailing_stop_positive_offset: 0.4729257136201904
2026-04-25 22:40:17,230 - freqtrade.resolvers.strategy_resolver - INFO - Strategy using trailing_only_offset_is_reached: True
2026-04-25 22:40:17,230 - freqtrade.resolvers.strategy_resolver - INFO - Strategy using use_custom_stoploss: False
2026-04-25 22:40:17,230 - freqtrade.resolvers.strategy_resolver - INFO - Strategy using process_only_new_candles: True
2026-04-25 22:40:17,230 - freqtrade.resolvers.strategy_resolver - INFO - Strategy using order_types: {'entry': 'limit', 'exit': 'limit', 'stoploss': 'limit', 'stoploss_on_exchange': False, 
'stoploss_on_exchange_interval': 60}
2026-04-25 22:40:17,231 - freqtrade.resolvers.strategy_resolver - INFO - Strategy using order_time_in_force: {'entry': 'GTC', 'exit': 'GTC'}
2026-04-25 22:40:17,231 - freqtrade.resolvers.strategy_resolver - INFO - Strategy using stake_currency: USDT
2026-04-25 22:40:17,231 - freqtrade.resolvers.strategy_resolver - INFO - Strategy using stake_amount: unlimited
2026-04-25 22:40:17,232 - freqtrade.resolvers.strategy_resolver - INFO - Strategy using startup_candle_count: 0
2026-04-25 22:40:17,232 - freqtrade.resolvers.strategy_resolver - INFO - Strategy using use_exit_signal: True
2026-04-25 22:40:17,232 - freqtrade.resolvers.strategy_resolver - INFO - Strategy using exit_profit_only: False
2026-04-25 22:40:17,232 - freqtrade.resolvers.strategy_resolver - INFO - Strategy using ignore_roi_if_entry_signal: False
2026-04-25 22:40:17,233 - freqtrade.resolvers.strategy_resolver - INFO - Strategy using exit_profit_offset: 0.0
2026-04-25 22:40:17,233 - freqtrade.resolvers.strategy_resolver - INFO - Strategy using disable_dataframe_checks: False
2026-04-25 22:40:17,233 - freqtrade.resolvers.strategy_resolver - INFO - Strategy using ignore_buying_expired_candle_after: 0
2026-04-25 22:40:17,233 - freqtrade.resolvers.strategy_resolver - INFO - Strategy using position_adjustment_enable: False
2026-04-25 22:40:17,234 - freqtrade.resolvers.strategy_resolver - INFO - Strategy using max_entry_position_adjustment: -1
2026-04-25 22:40:17,234 - freqtrade.resolvers.strategy_resolver - INFO - Strategy using max_open_trades: 3
2026-04-25 22:40:17,234 - freqtrade.configuration.config_validation - INFO - Validating configuration ...
2026-04-25 22:40:17,238 - freqtrade.resolvers.iresolver - INFO - Using resolved pairlist StaticPairList from 
'/home/mohs/Desktop/ae/pyside6/.venv/lib/python3.12/site-packages/freqtrade/plugins/pairlist/StaticPairList.py'...
2026-04-25 22:40:17,250 - freqtrade.optimize.backtesting - INFO - Using fee 0.1000% - worst case fee from exchange (lowest tier).
2026-04-25 22:40:17,285 - freqtrade.data.history.datahandlers.idatahandler - WARNING - HOME/USDT, spot, 4h, data starts at 2025-06-12 12:00:00
2026-04-25 22:40:17,293 - freqtrade.optimize.backtesting - INFO - Loading data from 2025-04-22 00:00:00 up to 2026-04-17 00:00:00 (360 days).
2026-04-25 22:40:17,350 - freqtrade.optimize.backtesting - INFO - Dataload complete. Calculating indicators
2026-04-25 22:40:17,359 - freqtrade.optimize.backtesting - INFO - Running backtesting for Strategy yes
2026-04-25 22:40:17,360 - freqtrade.strategy.hyper - INFO - Strategy Parameter: buy_ma_count = 19
2026-04-25 22:40:17,360 - freqtrade.strategy.hyper - INFO - Strategy Parameter: buy_ma_gap = 7
2026-04-25 22:40:17,360 - freqtrade.strategy.hyper - INFO - Strategy Parameter: sell_ma_count = 20
2026-04-25 22:40:17,361 - freqtrade.strategy.hyper - INFO - Strategy Parameter: sell_ma_gap = 40
2026-04-25 22:40:17,375 - freqtrade.optimize.backtesting - INFO - Backtesting with data from 2025-04-22 00:00:00 up to 2026-04-17 00:00:00 (360 days).
2026-04-25 22:40:17,660 - freqtrade.misc - INFO - dumping json to "/home/mohs/Desktop/ae/pyside6/user_data/backtest_results/backtest-result-2026-04-25_22-40-17.meta.json"
Result for strategy yes
                                                BACKTESTING REPORT                                                
┏━━━━━━━━━━━┳━━━━━━━━┳━━━━━━━━━━━━━━┳━━━━━━━━━━━━━━━━━┳━━━━━━━━━━━━━━┳━━━━━━━━━━━━━━━━━━┳━━━━━━━━━━━━━━━━━━━━━━━━┓
┃      Pair ┃ Trades ┃ Avg Profit % ┃ Tot Profit USDT ┃ Tot Profit % ┃     Avg Duration ┃  Win  Draw  Loss  Win% ┃
┡━━━━━━━━━━━╇━━━━━━━━╇━━━━━━━━━━━━━━╇━━━━━━━━━━━━━━━━━╇━━━━━━━━━━━━━━╇━━━━━━━━━━━━━━━━━━╇━━━━━━━━━━━━━━━━━━━━━━━━┩
│  XRP/USDT │      2 │         27.0 │          26.972 │        17.98 │ 10 days, 8:00:00 │    2     0     0   100 │
│  ETH/USDT │      2 │        17.62 │          17.013 │        11.34 │ 7 days, 22:00:00 │    1     0     1  50.0 │
│ HOME/USDT │      2 │        -6.33 │          -8.110 │        -5.41 │   1 day, 4:00:00 │    0     0     2     0 │
│     TOTAL │      6 │        12.76 │          35.875 │        23.92 │ 6 days, 11:20:00 │    3     0     3  50.0 │
└───────────┴────────┴──────────────┴─────────────────┴──────────────┴──────────────────┴────────────────────────┘
                                         LEFT OPEN TRADES REPORT                                          
┏━━━━━━━┳━━━━━━━━┳━━━━━━━━━━━━━━┳━━━━━━━━━━━━━━━━━┳━━━━━━━━━━━━━━┳━━━━━━━━━━━━━━┳━━━━━━━━━━━━━━━━━━━━━━━━┓
┃  Pair ┃ Trades ┃ Avg Profit % ┃ Tot Profit USDT ┃ Tot Profit % ┃ Avg Duration ┃  Win  Draw  Loss  Win% ┃
┡━━━━━━━╇━━━━━━━━╇━━━━━━━━━━━━━━╇━━━━━━━━━━━━━━━━━╇━━━━━━━━━━━━━━╇━━━━━━━━━━━━━━╇━━━━━━━━━━━━━━━━━━━━━━━━┩
│ TOTAL │      0 │          0.0 │           0.000 │          0.0 │         0:00 │    0     0     0     0 │
└───────┴────────┴──────────────┴─────────────────┴──────────────┴──────────────┴────────────────────────┘
                                                  ENTER TAG STATS                                                  
┏━━━━━━━━━━━┳━━━━━━━━━┳━━━━━━━━━━━━━━┳━━━━━━━━━━━━━━━━━┳━━━━━━━━━━━━━━┳━━━━━━━━━━━━━━━━━━┳━━━━━━━━━━━━━━━━━━━━━━━━┓
┃ Enter Tag ┃ Entries ┃ Avg Profit % ┃ Tot Profit USDT ┃ Tot Profit % ┃     Avg Duration ┃  Win  Draw  Loss  Win% ┃
┡━━━━━━━━━━━╇━━━━━━━━━╇━━━━━━━━━━━━━━╇━━━━━━━━━━━━━━━━━╇━━━━━━━━━━━━━━╇━━━━━━━━━━━━━━━━━━╇━━━━━━━━━━━━━━━━━━━━━━━━┩
│     OTHER │       6 │        12.76 │          35.875 │        23.92 │ 6 days, 11:20:00 │    3     0     3  50.0 │
│     TOTAL │       6 │        12.76 │          35.875 │        23.92 │ 6 days, 11:20:00 │    3     0     3  50.0 │
└───────────┴─────────┴──────────────┴─────────────────┴──────────────┴──────────────────┴────────────────────────┘
                                                 EXIT REASON STATS                                                 
┏━━━━━━━━━━━━━┳━━━━━━━┳━━━━━━━━━━━━━━┳━━━━━━━━━━━━━━━━━┳━━━━━━━━━━━━━━┳━━━━━━━━━━━━━━━━━━┳━━━━━━━━━━━━━━━━━━━━━━━━┓
┃ Exit Reason ┃ Exits ┃ Avg Profit % ┃ Tot Profit USDT ┃ Tot Profit % ┃     Avg Duration ┃  Win  Draw  Loss  Win% ┃
┡━━━━━━━━━━━━━╇━━━━━━━╇━━━━━━━━━━━━━━╇━━━━━━━━━━━━━━━━━╇━━━━━━━━━━━━━━╇━━━━━━━━━━━━━━━━━━╇━━━━━━━━━━━━━━━━━━━━━━━━┩
│ exit_signal │     6 │        12.76 │          35.875 │        23.92 │ 6 days, 11:20:00 │    3     0     3  50.0 │
│       TOTAL │     6 │        12.76 │          35.875 │        23.92 │ 6 days, 11:20:00 │    3     0     3  50.0 │
└─────────────┴───────┴──────────────┴─────────────────┴──────────────┴──────────────────┴────────────────────────┘
                                                        MIXED TAG STATS                                                         
┏━━━━━━━━━━━┳━━━━━━━━━━━━━┳━━━━━━━━┳━━━━━━━━━━━━━━┳━━━━━━━━━━━━━━━━━┳━━━━━━━━━━━━━━┳━━━━━━━━━━━━━━━━━━┳━━━━━━━━━━━━━━━━━━━━━━━━┓
┃ Enter Tag ┃ Exit Reason ┃ Trades ┃ Avg Profit % ┃ Tot Profit USDT ┃ Tot Profit % ┃     Avg Duration ┃  Win  Draw  Loss  Win% ┃
┡━━━━━━━━━━━╇━━━━━━━━━━━━━╇━━━━━━━━╇━━━━━━━━━━━━━━╇━━━━━━━━━━━━━━━━━╇━━━━━━━━━━━━━━╇━━━━━━━━━━━━━━━━━━╇━━━━━━━━━━━━━━━━━━━━━━━━┩
│           │ exit_signal │      6 │        12.76 │          35.875 │        23.92 │ 6 days, 11:20:00 │    3     0     3  50.0 │
│     TOTAL │             │      6 │        12.76 │          35.875 │        23.92 │ 6 days, 11:20:00 │    3     0     3  50.0 │
└───────────┴─────────────┴────────┴──────────────┴─────────────────┴──────────────┴──────────────────┴────────────────────────┘
                          SUMMARY METRICS                           
┏━━━━━━━━━━━━━━━━━━━━━━━━━━━━━━━┳━━━━━━━━━━━━━━━━━━━━━━━━━━━━━━━━━━┓
┃ Metric                        ┃ Value                            ┃
┡━━━━━━━━━━━━━━━━━━━━━━━━━━━━━━━╇━━━━━━━━━━━━━━━━━━━━━━━━━━━━━━━━━━┩
│ Backtesting from              │ 2025-04-22 00:00:00              │
│ Backtesting to                │ 2026-04-17 00:00:00              │
│ Trading Mode                  │ Spot                             │
│ Max open trades               │ 3                                │
│                               │                                  │
│ Total/Daily Avg Trades        │ 6 / 0.02                         │
│ Starting balance              │ 150 USDT                         │
│ Final balance                 │ 185.875 USDT                     │
│ Absolute profit               │ 35.875 USDT                      │
│ Total profit %                │ 23.92%                           │
│ CAGR %                        │ 24.29%                           │
│ Sortino                       │ 2.38                             │
│ Sharpe                        │ 0.15                             │
│ Calmar                        │ 23.34                            │
│ SQN                           │ 1.08                             │
│ Profit factor                 │ 4.36                             │
│ Expectancy (Ratio)            │ 5.98 (1.68)                      │
│ Avg. daily profit             │ 0.1 USDT                         │
│ Avg. stake amount             │ 57.105 USDT                      │
│ Total trade volume            │ 722.584 USDT                     │
│                               │                                  │
│ Best Pair                     │ XRP/USDT 17.98%                  │
│ Worst Pair                    │ HOME/USDT -5.41%                 │
│ Best trade                    │ XRP/USDT 53.34%                  │
│ Worst trade                   │ HOME/USDT -7.02%                 │
│ Best day                      │ 26.643 USDT                      │
│ Worst day                     │ -4.539 USDT                      │
│ Days win/draw/lose            │ 3 / 72 / 3                       │
│ Min/Max/Avg. Duration Winners │ 7d 00:00 / 13d 16:00 / 11d 04:00 │
│ Min/Max/Avg. Duration Losers  │ 0d 20:00 / 3d 00:00 / 1d 18:40   │
│ Max Consecutive Wins / Loss   │ 3 / 3                            │
│ Rejected Entry signals        │ 0                                │
│ Entry/Exit Timeouts           │ 0 / 0                            │
│                               │                                  │
│ Min balance                   │ 150.329 USDT                     │
│ Max balance                   │ 196.563 USDT                     │
│ Max % of account underwater   │ 5.44%                            │
│ Absolute drawdown             │ 10.688 USDT (5.44%)              │
│ Drawdown duration             │ 59 days 16:00:00                 │
│ Profit at drawdown start      │ 46.563 USDT                      │
│ Profit at drawdown end        │ 35.875 USDT                      │
│ Drawdown start                │ 2025-07-22 12:00:00              │
│ Drawdown end                  │ 2025-09-20 04:00:00              │
│ Market change                 │ -9.22%                           │
└───────────────────────────────┴──────────────────────────────────┘

Backtested 2025-04-22 00:00:00 -> 2026-04-17 00:00:00 | Max open trades : 3
                                                           STRATEGY SUMMARY                                                           
┏━━━━━━━━━━┳━━━━━━━━┳━━━━━━━━━━━━━━┳━━━━━━━━━━━━━━━━━┳━━━━━━━━━━━━━━┳━━━━━━━━━━━━━━━━━━┳━━━━━━━━━━━━━━━━━━━━━━━━┳━━━━━━━━━━━━━━━━━━━━┓
┃ Strategy ┃ Trades ┃ Avg Profit % ┃ Tot Profit USDT ┃ Tot Profit % ┃     Avg Duration ┃  Win  Draw  Loss  Win% ┃           Drawdown ┃
┡━━━━━━━━━━╇━━━━━━━━╇━━━━━━━━━━━━━━╇━━━━━━━━━━━━━━━━━╇━━━━━━━━━━━━━━╇━━━━━━━━━━━━━━━━━━╇━━━━━━━━━━━━━━━━━━━━━━━━╇━━━━━━━━━━━━━━━━━━━━┩
│      yes │      6 │        12.76 │          35.875 │        23.92 │ 6 days, 11:20:00 │    3     0     3  50.0 │ 10.688 USDT  5.44% │
└──────────┴────────┴──────────────┴─────────────────┴──────────────┴──────────────────┴────────────────────────┴────────────────────┘