2026-04-25 05:58:24,438 - freqtrade - INFO - freqtrade 2026.3
2026-04-25 05:58:25,493 - freqtrade.configuration.load_config - INFO - Using config: /home/mohs/Desktop/ae/pyside6/user_data/config.json ...
2026-04-25 05:58:25,495 - freqtrade.loggers - INFO - Enabling colorized output.
2026-04-25 05:58:25,495 - freqtrade.loggers - INFO - Logfile configured
2026-04-25 05:58:25,496 - freqtrade.loggers - INFO - Verbosity set to 0
2026-04-25 05:58:25,496 - freqtrade.configuration.configuration - INFO - Using additional Strategy lookup path: 
/home/mohs/Desktop/ae/pyside6/user_data/optimizer/sessions/39ae9442-8ff2-45a0-8950-bb48be8f34cb/trial_012/strategy_dir
2026-04-25 05:58:25,496 - freqtrade.configuration.configuration - WARNING - `force_entry_enable` RPC message enabled.
2026-04-25 05:58:25,496 - freqtrade.configuration.configuration - INFO - Parameter -i/--timeframe detected ... Using timeframe: 4h ...
2026-04-25 05:58:25,497 - freqtrade.configuration.configuration - INFO - Parameter --max-open-trades detected, overriding max_open_trades to: 2 ...
2026-04-25 05:58:25,497 - freqtrade.configuration.configuration - INFO - Parameter --dry-run-wallet detected, overriding dry_run_wallet to: 80.0 ...
2026-04-25 05:58:25,497 - freqtrade.configuration.configuration - INFO - Parameter --timerange detected: 20250422-20260417 ...
2026-04-25 05:58:25,498 - freqtrade.configuration.configuration - INFO - Using user-data directory: /home/mohs/Desktop/ae/pyside6/user_data ...
2026-04-25 05:58:25,498 - freqtrade.configuration.configuration - INFO - Using data directory: /home/mohs/Desktop/ae/pyside6/user_data/data/binance ...
2026-04-25 05:58:25,498 - freqtrade.configuration.configuration - INFO - Parameter --export detected: trades ...
2026-04-25 05:58:25,499 - freqtrade.configuration.configuration - INFO - Parameter --cache=day detected ...
2026-04-25 05:58:25,499 - freqtrade.configuration.configuration - INFO - Using pairs ['ADA/USDT', 'ETH/USDT']
2026-04-25 05:58:25,499 - freqtrade.configuration.configuration - INFO - Filter trades by timerange: 20250422-20260417
2026-04-25 05:58:25,499 - freqtrade.exchange.check_exchange - INFO - Checking exchange...
2026-04-25 05:58:25,506 - freqtrade.exchange.check_exchange - INFO - Exchange "binance" is officially supported by the Freqtrade development team.
2026-04-25 05:58:25,506 - freqtrade.configuration.config_validation - INFO - Validating configuration ...
2026-04-25 05:58:25,508 - freqtrade.commands.optimize_commands - INFO - Starting freqtrade in Backtesting mode
2026-04-25 05:58:25,509 - freqtrade.exchange.exchange - INFO - Instance is running with dry_run enabled
2026-04-25 05:58:25,509 - freqtrade.exchange.exchange - INFO - Using CCXT 4.5.50
2026-04-25 05:58:25,509 - freqtrade.exchange.exchange - INFO - Applying additional ccxt config: {'enableRateLimit': True, 'timeout': 120000}
2026-04-25 05:58:25,514 - freqtrade.exchange.exchange - INFO - Applying additional ccxt config: {'enableRateLimit': True, 'timeout': 120000}
2026-04-25 05:58:25,521 - freqtrade.exchange.exchange - INFO - Using Exchange "Binance"
2026-04-25 05:58:26,866 - freqtrade.resolvers.exchange_resolver - INFO - Using resolved exchange 'Binance'...
2026-04-25 05:58:26,875 - freqtrade.resolvers.iresolver - INFO - Using resolved strategy MultiMa from 
'/home/mohs/Desktop/ae/pyside6/user_data/optimizer/sessions/39ae9442-8ff2-45a0-8950-bb48be8f34cb/trial_012/strategy_dir/MultiMa.py'...
2026-04-25 05:58:26,875 - freqtrade.strategy.hyper - INFO - Loading parameters from file 
/home/mohs/Desktop/ae/pyside6/user_data/optimizer/sessions/39ae9442-8ff2-45a0-8950-bb48be8f34cb/trial_012/strategy_dir/MultiMa.json
2026-04-25 05:58:26,876 - freqtrade.resolvers.strategy_resolver - INFO - Override strategy 'timeframe' with value from the configuration: 4h.
2026-04-25 05:58:26,876 - freqtrade.resolvers.strategy_resolver - INFO - Override strategy 'stake_currency' with value from the configuration: USDT.
2026-04-25 05:58:26,876 - freqtrade.resolvers.strategy_resolver - INFO - Override strategy 'stake_amount' with value from the configuration: unlimited.
2026-04-25 05:58:26,876 - freqtrade.resolvers.strategy_resolver - INFO - Override strategy 'use_exit_signal' with value from the configuration: True.
2026-04-25 05:58:26,877 - freqtrade.resolvers.strategy_resolver - INFO - Override strategy 'max_open_trades' with value from the configuration: 2.
2026-04-25 05:58:26,877 - freqtrade.resolvers.strategy_resolver - INFO - Strategy using minimal_roi: {'0': 0.523, '1553': 0.123, '2332': 0.076, '3169': 0}
2026-04-25 05:58:26,877 - freqtrade.resolvers.strategy_resolver - INFO - Strategy using timeframe: 4h
2026-04-25 05:58:26,877 - freqtrade.resolvers.strategy_resolver - INFO - Strategy using stoploss: -0.345
2026-04-25 05:58:26,878 - freqtrade.resolvers.strategy_resolver - INFO - Strategy using trailing_stop: False
2026-04-25 05:58:26,878 - freqtrade.resolvers.strategy_resolver - INFO - Strategy using trailing_stop_positive_offset: 0.0
2026-04-25 05:58:26,878 - freqtrade.resolvers.strategy_resolver - INFO - Strategy using trailing_only_offset_is_reached: False
2026-04-25 05:58:26,878 - freqtrade.resolvers.strategy_resolver - INFO - Strategy using use_custom_stoploss: False
2026-04-25 05:58:26,879 - freqtrade.resolvers.strategy_resolver - INFO - Strategy using process_only_new_candles: True
2026-04-25 05:58:26,879 - freqtrade.resolvers.strategy_resolver - INFO - Strategy using order_types: {'entry': 'limit', 'exit': 'limit', 'stoploss': 'limit', 'stoploss_on_exchange': False, 
'stoploss_on_exchange_interval': 60}
2026-04-25 05:58:26,879 - freqtrade.resolvers.strategy_resolver - INFO - Strategy using order_time_in_force: {'entry': 'GTC', 'exit': 'GTC'}
2026-04-25 05:58:26,879 - freqtrade.resolvers.strategy_resolver - INFO - Strategy using stake_currency: USDT
2026-04-25 05:58:26,880 - freqtrade.resolvers.strategy_resolver - INFO - Strategy using stake_amount: unlimited
2026-04-25 05:58:26,880 - freqtrade.resolvers.strategy_resolver - INFO - Strategy using startup_candle_count: 0
2026-04-25 05:58:26,880 - freqtrade.resolvers.strategy_resolver - INFO - Strategy using use_exit_signal: True
2026-04-25 05:58:26,880 - freqtrade.resolvers.strategy_resolver - INFO - Strategy using exit_profit_only: False
2026-04-25 05:58:26,880 - freqtrade.resolvers.strategy_resolver - INFO - Strategy using ignore_roi_if_entry_signal: False
2026-04-25 05:58:26,881 - freqtrade.resolvers.strategy_resolver - INFO - Strategy using exit_profit_offset: 0.0
2026-04-25 05:58:26,881 - freqtrade.resolvers.strategy_resolver - INFO - Strategy using disable_dataframe_checks: False
2026-04-25 05:58:26,881 - freqtrade.resolvers.strategy_resolver - INFO - Strategy using ignore_buying_expired_candle_after: 0
2026-04-25 05:58:26,881 - freqtrade.resolvers.strategy_resolver - INFO - Strategy using position_adjustment_enable: False
2026-04-25 05:58:26,882 - freqtrade.resolvers.strategy_resolver - INFO - Strategy using max_entry_position_adjustment: -1
2026-04-25 05:58:26,882 - freqtrade.resolvers.strategy_resolver - INFO - Strategy using max_open_trades: 2
2026-04-25 05:58:26,882 - freqtrade.configuration.config_validation - INFO - Validating configuration ...
2026-04-25 05:58:26,886 - freqtrade.resolvers.iresolver - INFO - Using resolved pairlist StaticPairList from 
'/home/mohs/Desktop/ae/pyside6/.venv/lib/python3.12/site-packages/freqtrade/plugins/pairlist/StaticPairList.py'...
2026-04-25 05:58:26,896 - freqtrade.optimize.backtesting - INFO - Using fee 0.1000% - worst case fee from exchange (lowest tier).
2026-04-25 05:58:26,904 - freqtrade.data.history.datahandlers.idatahandler - WARNING - ADA/USDT, spot, 4h, data starts at 2025-04-24 00:00:00
2026-04-25 05:58:26,917 - freqtrade.data.history.datahandlers.idatahandler - WARNING - ETH/USDT, spot, 4h, data starts at 2025-04-24 00:00:00
2026-04-25 05:58:26,925 - freqtrade.optimize.backtesting - INFO - Loading data from 2025-04-24 00:00:00 up to 2026-04-17 00:00:00 (358 days).
2026-04-25 05:58:26,965 - freqtrade.optimize.backtesting - INFO - Dataload complete. Calculating indicators
2026-04-25 05:58:26,968 - freqtrade.optimize.backtesting - INFO - Running backtesting for Strategy MultiMa
2026-04-25 05:58:26,968 - freqtrade.strategy.hyper - INFO - Strategy Parameter: buy_ma_count = 7
2026-04-25 05:58:26,969 - freqtrade.strategy.hyper - INFO - Strategy Parameter: buy_ma_gap = 79
2026-04-25 05:58:26,969 - freqtrade.strategy.hyper - INFO - Strategy Parameter: sell_ma_count = 15
2026-04-25 05:58:26,969 - freqtrade.strategy.hyper - INFO - Strategy Parameter: sell_ma_gap = 62
2026-04-25 05:58:26,977 - freqtrade.optimize.backtesting - INFO - Backtesting with data from 2025-04-24 00:00:00 up to 2026-04-17 00:00:00 (358 days).
2026-04-25 05:58:27,306 - freqtrade.misc - INFO - dumping json to "/home/mohs/Desktop/ae/pyside6/user_data/backtest_results/backtest-result-2026-04-25_05-58-27.meta.json"
  ADA/USDT	
  ETH/USDT	
Result for strategy MultiMa
                                               BACKTESTING REPORT                                                
┏━━━━━━━━━━┳━━━━━━━━┳━━━━━━━━━━━━━━┳━━━━━━━━━━━━━━━━━┳━━━━━━━━━━━━━━┳━━━━━━━━━━━━━━━━━━┳━━━━━━━━━━━━━━━━━━━━━━━━┓
┃     Pair ┃ Trades ┃ Avg Profit % ┃ Tot Profit USDT ┃ Tot Profit % ┃     Avg Duration ┃  Win  Draw  Loss  Win% ┃
┡━━━━━━━━━━╇━━━━━━━━╇━━━━━━━━━━━━━━╇━━━━━━━━━━━━━━━━━╇━━━━━━━━━━━━━━╇━━━━━━━━━━━━━━━━━━╇━━━━━━━━━━━━━━━━━━━━━━━━┩
│ ETH/USDT │      3 │        -1.33 │          -1.581 │        -1.98 │  1 day, 10:40:00 │    0     0     3     0 │
│ ADA/USDT │      4 │        -1.26 │          -1.986 │        -2.48 │ 2 days, 15:00:00 │    2     0     2  50.0 │
│    TOTAL │      7 │        -1.29 │          -3.567 │        -4.46 │  2 days, 2:51:00 │    2     0     5  28.6 │
└──────────┴────────┴──────────────┴─────────────────┴──────────────┴──────────────────┴────────────────────────┘
                                           LEFT OPEN TRADES REPORT                                           
┏━━━━━━━━━━┳━━━━━━━━┳━━━━━━━━━━━━━━┳━━━━━━━━━━━━━━━━━┳━━━━━━━━━━━━━━┳━━━━━━━━━━━━━━┳━━━━━━━━━━━━━━━━━━━━━━━━┓
┃     Pair ┃ Trades ┃ Avg Profit % ┃ Tot Profit USDT ┃ Tot Profit % ┃ Avg Duration ┃  Win  Draw  Loss  Win% ┃
┡━━━━━━━━━━╇━━━━━━━━╇━━━━━━━━━━━━━━╇━━━━━━━━━━━━━━━━━╇━━━━━━━━━━━━━━╇━━━━━━━━━━━━━━╇━━━━━━━━━━━━━━━━━━━━━━━━┩
│ ETH/USDT │      1 │        -0.61 │          -0.233 │        -0.29 │     20:00:00 │    0     0     1     0 │
│    TOTAL │      1 │        -0.61 │          -0.233 │        -0.29 │     20:00:00 │    0     0     1     0 │
└──────────┴────────┴──────────────┴─────────────────┴──────────────┴──────────────┴────────────────────────┘
                                                 ENTER TAG STATS                                                  
┏━━━━━━━━━━━┳━━━━━━━━━┳━━━━━━━━━━━━━━┳━━━━━━━━━━━━━━━━━┳━━━━━━━━━━━━━━┳━━━━━━━━━━━━━━━━━┳━━━━━━━━━━━━━━━━━━━━━━━━┓
┃ Enter Tag ┃ Entries ┃ Avg Profit % ┃ Tot Profit USDT ┃ Tot Profit % ┃    Avg Duration ┃  Win  Draw  Loss  Win% ┃
┡━━━━━━━━━━━╇━━━━━━━━━╇━━━━━━━━━━━━━━╇━━━━━━━━━━━━━━━━━╇━━━━━━━━━━━━━━╇━━━━━━━━━━━━━━━━━╇━━━━━━━━━━━━━━━━━━━━━━━━┩
│     OTHER │       7 │        -1.29 │          -3.567 │        -4.46 │ 2 days, 2:51:00 │    2     0     5  28.6 │
│     TOTAL │       7 │        -1.29 │          -3.567 │        -4.46 │ 2 days, 2:51:00 │    2     0     5  28.6 │
└───────────┴─────────┴──────────────┴─────────────────┴──────────────┴─────────────────┴────────────────────────┘
                                                EXIT REASON STATS                                                 
┏━━━━━━━━━━━━━┳━━━━━━━┳━━━━━━━━━━━━━━┳━━━━━━━━━━━━━━━━━┳━━━━━━━━━━━━━━┳━━━━━━━━━━━━━━━━━┳━━━━━━━━━━━━━━━━━━━━━━━━┓
┃ Exit Reason ┃ Exits ┃ Avg Profit % ┃ Tot Profit USDT ┃ Tot Profit % ┃    Avg Duration ┃  Win  Draw  Loss  Win% ┃
┡━━━━━━━━━━━━━╇━━━━━━━╇━━━━━━━━━━━━━━╇━━━━━━━━━━━━━━━━━╇━━━━━━━━━━━━━━╇━━━━━━━━━━━━━━━━━╇━━━━━━━━━━━━━━━━━━━━━━━━┩
│         roi │     4 │          0.0 │           0.002 │          0.0 │ 2 days, 8:00:00 │    2     0     2  50.0 │
│  force_exit │     1 │        -0.61 │          -0.233 │        -0.29 │        20:00:00 │    0     0     1     0 │
│ exit_signal │     2 │        -4.22 │          -3.336 │        -4.17 │ 2 days, 8:00:00 │    0     0     2     0 │
│       TOTAL │     7 │        -1.29 │          -3.567 │        -4.46 │ 2 days, 2:51:00 │    2     0     5  28.6 │
└─────────────┴───────┴──────────────┴─────────────────┴──────────────┴─────────────────┴────────────────────────┘
                                                        MIXED TAG STATS                                                        
┏━━━━━━━━━━━┳━━━━━━━━━━━━━┳━━━━━━━━┳━━━━━━━━━━━━━━┳━━━━━━━━━━━━━━━━━┳━━━━━━━━━━━━━━┳━━━━━━━━━━━━━━━━━┳━━━━━━━━━━━━━━━━━━━━━━━━┓
┃ Enter Tag ┃ Exit Reason ┃ Trades ┃ Avg Profit % ┃ Tot Profit USDT ┃ Tot Profit % ┃    Avg Duration ┃  Win  Draw  Loss  Win% ┃
┡━━━━━━━━━━━╇━━━━━━━━━━━━━╇━━━━━━━━╇━━━━━━━━━━━━━━╇━━━━━━━━━━━━━━━━━╇━━━━━━━━━━━━━━╇━━━━━━━━━━━━━━━━━╇━━━━━━━━━━━━━━━━━━━━━━━━┩
│           │         roi │      4 │          0.0 │           0.002 │          0.0 │ 2 days, 8:00:00 │    2     0     2  50.0 │
│           │  force_exit │      1 │        -0.61 │          -0.233 │        -0.29 │        20:00:00 │    0     0     1     0 │
│           │ exit_signal │      2 │        -4.22 │          -3.336 │        -4.17 │ 2 days, 8:00:00 │    0     0     2     0 │
│     TOTAL │             │      7 │        -1.29 │          -3.567 │        -4.46 │ 2 days, 2:51:00 │    2     0     5  28.6 │
└───────────┴─────────────┴────────┴──────────────┴─────────────────┴──────────────┴─────────────────┴────────────────────────┘
                         SUMMARY METRICS                          
┏━━━━━━━━━━━━━━━━━━━━━━━━━━━━━━━┳━━━━━━━━━━━━━━━━━━━━━━━━━━━━━━━━┓
┃ Metric                        ┃ Value                          ┃
┡━━━━━━━━━━━━━━━━━━━━━━━━━━━━━━━╇━━━━━━━━━━━━━━━━━━━━━━━━━━━━━━━━┩
│ Backtesting from              │ 2025-04-24 00:00:00            │
│ Backtesting to                │ 2026-04-17 00:00:00            │
│ Trading Mode                  │ Spot                           │
│ Max open trades               │ 2                              │
│                               │                                │
│ Total/Daily Avg Trades        │ 7 / 0.02                       │
│ Starting balance              │ 80 USDT                        │
│ Final balance                 │ 76.433 USDT                    │
│ Absolute profit               │ -3.567 USDT                    │
│ Total profit %                │ -4.46%                         │
│ CAGR %                        │ -4.54%                         │
│ Sortino                       │ -0.24                          │
│ Sharpe                        │ -0.25                          │
│ Calmar                        │ -5.34                          │
│ SQN                           │ -1.65                          │
│ Profit factor                 │ 0.00                           │
│ Expectancy (Ratio)            │ -0.51 (-0.71)                  │
│ Avg. daily profit             │ -0.01 USDT                     │
│ Avg. stake amount             │ 39.302 USDT                    │
│ Total trade volume            │ 547.756 USDT                   │
│                               │                                │
│ Best Pair                     │ ETH/USDT -1.98%                │
│ Worst Pair                    │ ADA/USDT -2.48%                │
│ Best trade                    │ ADA/USDT 0.02%                 │
│ Worst trade                   │ ADA/USDT -5.05%                │
│ Best day                      │ 0.006 USDT                     │
│ Worst day                     │ -1.988 USDT                    │
│ Days win/draw/lose            │ 2 / 83 / 5                     │
│ Min/Max/Avg. Duration Winners │ 2d 08:00 / 2d 08:00 / 2d 08:00 │
│ Min/Max/Avg. Duration Losers  │ 0d 20:00 / 3d 12:00 / 2d 00:48 │
│ Max Consecutive Wins / Loss   │ 1 / 2                          │
│ Rejected Entry signals        │ 0                              │
│ Entry/Exit Timeouts           │ 0 / 0                          │
│                               │                                │
│ Min balance                   │ 76.433 USDT                    │
│ Max balance                   │ 80 USDT                        │
│ Max % of account underwater   │ 4.46%                          │
│ Absolute drawdown             │ 3.567 USDT (4.46%)             │
│ Drawdown duration             │ 88 days 16:00:00               │
│ Profit at drawdown start      │ 0 USDT                         │
│ Profit at drawdown end        │ -3.567 USDT                    │
│ Drawdown start                │ 2026-01-18 08:00:00            │
│ Drawdown end                  │ 2026-04-17 00:00:00            │
│ Market change                 │ -15.50%                        │
└───────────────────────────────┴────────────────────────────────┘

Backtested 2025-04-24 00:00:00 -> 2026-04-17 00:00:00 | Max open trades : 2
                                                          STRATEGY SUMMARY                                                          
┏━━━━━━━━━━┳━━━━━━━━┳━━━━━━━━━━━━━━┳━━━━━━━━━━━━━━━━━┳━━━━━━━━━━━━━━┳━━━━━━━━━━━━━━━━━┳━━━━━━━━━━━━━━━━━━━━━━━━┳━━━━━━━━━━━━━━━━━━━┓
┃ Strategy ┃ Trades ┃ Avg Profit % ┃ Tot Profit USDT ┃ Tot Profit % ┃    Avg Duration ┃  Win  Draw  Loss  Win% ┃          Drawdown ┃
┡━━━━━━━━━━╇━━━━━━━━╇━━━━━━━━━━━━━━╇━━━━━━━━━━━━━━━━━╇━━━━━━━━━━━━━━╇━━━━━━━━━━━━━━━━━╇━━━━━━━━━━━━━━━━━━━━━━━━╇━━━━━━━━━━━━━━━━━━━┩
│  MultiMa │      7 │        -1.29 │          -3.567 │        -4.46 │ 2 days, 2:51:00 │    2     0     5  28.6 │ 3.567 USDT  4.46% │
└──────────┴────────┴──────────────┴─────────────────┴──────────────┴─────────────────┴────────────────────────┴───────────────────┘