2026-04-25 20:16:15,364 - freqtrade - INFO - freqtrade 2026.3
2026-04-25 20:16:16,424 - freqtrade.configuration.load_config - INFO - Using config: /home/mohs/Desktop/ae/pyside6/user_data/config.json ...
2026-04-25 20:16:16,426 - freqtrade.loggers - INFO - Enabling colorized output.
2026-04-25 20:16:16,426 - freqtrade.loggers - INFO - Logfile configured
2026-04-25 20:16:16,427 - freqtrade.loggers - INFO - Verbosity set to 0
2026-04-25 20:16:16,427 - freqtrade.configuration.configuration - INFO - Using additional Strategy lookup path: 
/home/mohs/Desktop/ae/pyside6/user_data/optimizer/sessions/67b9b07d-6015-403e-8bdf-cb20b1ccc55d/trial_022/strategy_dir
2026-04-25 20:16:16,427 - freqtrade.configuration.configuration - WARNING - `force_entry_enable` RPC message enabled.
2026-04-25 20:16:16,428 - freqtrade.configuration.configuration - INFO - Parameter -i/--timeframe detected ... Using timeframe: 4h ...
2026-04-25 20:16:16,428 - freqtrade.configuration.configuration - INFO - Parameter --max-open-trades detected, overriding max_open_trades to: 2 ...
2026-04-25 20:16:16,428 - freqtrade.configuration.configuration - INFO - Parameter --dry-run-wallet detected, overriding dry_run_wallet to: 150.0 ...
2026-04-25 20:16:16,428 - freqtrade.configuration.configuration - INFO - Parameter --timerange detected: 20250422-20260417 ...
2026-04-25 20:16:16,429 - freqtrade.configuration.configuration - INFO - Using user-data directory: /home/mohs/Desktop/ae/pyside6/user_data ...
2026-04-25 20:16:16,429 - freqtrade.configuration.configuration - INFO - Using data directory: /home/mohs/Desktop/ae/pyside6/user_data/data/binance ...
2026-04-25 20:16:16,429 - freqtrade.configuration.configuration - INFO - Parameter --export detected: trades ...
2026-04-25 20:16:16,430 - freqtrade.configuration.configuration - INFO - Parameter --cache=day detected ...
2026-04-25 20:16:16,430 - freqtrade.configuration.configuration - INFO - Using pairs ['ETH/USDT', 'XRP/USDT', 'HOME/USDT']
2026-04-25 20:16:16,430 - freqtrade.configuration.configuration - INFO - Filter trades by timerange: 20250422-20260417
2026-04-25 20:16:16,431 - freqtrade.exchange.check_exchange - INFO - Checking exchange...
2026-04-25 20:16:16,437 - freqtrade.exchange.check_exchange - INFO - Exchange "binance" is officially supported by the Freqtrade development team.
2026-04-25 20:16:16,437 - freqtrade.configuration.config_validation - INFO - Validating configuration ...
2026-04-25 20:16:16,439 - freqtrade.commands.optimize_commands - INFO - Starting freqtrade in Backtesting mode
2026-04-25 20:16:16,439 - freqtrade.exchange.exchange - INFO - Instance is running with dry_run enabled
2026-04-25 20:16:16,440 - freqtrade.exchange.exchange - INFO - Using CCXT 4.5.50
2026-04-25 20:16:16,440 - freqtrade.exchange.exchange - INFO - Applying additional ccxt config: {'enableRateLimit': True, 'timeout': 120000}
2026-04-25 20:16:16,445 - freqtrade.exchange.exchange - INFO - Applying additional ccxt config: {'enableRateLimit': True, 'timeout': 120000}
2026-04-25 20:16:16,451 - freqtrade.exchange.exchange - INFO - Using Exchange "Binance"
2026-04-25 20:16:17,598 - freqtrade.resolvers.exchange_resolver - INFO - Using resolved exchange 'Binance'...
2026-04-25 20:16:17,606 - freqtrade.resolvers.iresolver - INFO - Using resolved strategy MultiMeee from 
'/home/mohs/Desktop/ae/pyside6/user_data/optimizer/sessions/67b9b07d-6015-403e-8bdf-cb20b1ccc55d/trial_022/strategy_dir/MultiMeee.py'...
2026-04-25 20:16:17,606 - freqtrade.strategy.hyper - INFO - Loading parameters from file 
/home/mohs/Desktop/ae/pyside6/user_data/optimizer/sessions/67b9b07d-6015-403e-8bdf-cb20b1ccc55d/trial_022/strategy_dir/MultiMeee.json
2026-04-25 20:16:17,607 - freqtrade.resolvers.strategy_resolver - INFO - Override strategy 'timeframe' with value from the configuration: 4h.
2026-04-25 20:16:17,607 - freqtrade.resolvers.strategy_resolver - INFO - Override strategy 'stake_currency' with value from the configuration: USDT.
2026-04-25 20:16:17,607 - freqtrade.resolvers.strategy_resolver - INFO - Override strategy 'stake_amount' with value from the configuration: unlimited.
2026-04-25 20:16:17,607 - freqtrade.resolvers.strategy_resolver - INFO - Override strategy 'use_exit_signal' with value from the configuration: True.
2026-04-25 20:16:17,608 - freqtrade.resolvers.strategy_resolver - INFO - Override strategy 'max_open_trades' with value from the configuration: 2.
2026-04-25 20:16:17,608 - freqtrade.resolvers.strategy_resolver - INFO - Strategy using minimal_roi: {'0': 0.6250733911313485, '13': 0.8797602116136217, '146': 0.5213576683479607, '38': 
0.5918487939352475}
2026-04-25 20:16:17,608 - freqtrade.resolvers.strategy_resolver - INFO - Strategy using timeframe: 4h
2026-04-25 20:16:17,608 - freqtrade.resolvers.strategy_resolver - INFO - Strategy using stoploss: -0.669471682983607
2026-04-25 20:16:17,609 - freqtrade.resolvers.strategy_resolver - INFO - Strategy using trailing_stop: True
2026-04-25 20:16:17,609 - freqtrade.resolvers.strategy_resolver - INFO - Strategy using trailing_stop_positive: 0.12306780573912895
2026-04-25 20:16:17,609 - freqtrade.resolvers.strategy_resolver - INFO - Strategy using trailing_stop_positive_offset: 0.7375445178913582
2026-04-25 20:16:17,609 - freqtrade.resolvers.strategy_resolver - INFO - Strategy using trailing_only_offset_is_reached: True
2026-04-25 20:16:17,610 - freqtrade.resolvers.strategy_resolver - INFO - Strategy using use_custom_stoploss: False
2026-04-25 20:16:17,610 - freqtrade.resolvers.strategy_resolver - INFO - Strategy using process_only_new_candles: True
2026-04-25 20:16:17,610 - freqtrade.resolvers.strategy_resolver - INFO - Strategy using order_types: {'entry': 'limit', 'exit': 'limit', 'stoploss': 'limit', 'stoploss_on_exchange': False, 
'stoploss_on_exchange_interval': 60}
2026-04-25 20:16:17,610 - freqtrade.resolvers.strategy_resolver - INFO - Strategy using order_time_in_force: {'entry': 'GTC', 'exit': 'GTC'}
2026-04-25 20:16:17,611 - freqtrade.resolvers.strategy_resolver - INFO - Strategy using stake_currency: USDT
2026-04-25 20:16:17,611 - freqtrade.resolvers.strategy_resolver - INFO - Strategy using stake_amount: unlimited
2026-04-25 20:16:17,611 - freqtrade.resolvers.strategy_resolver - INFO - Strategy using startup_candle_count: 0
2026-04-25 20:16:17,611 - freqtrade.resolvers.strategy_resolver - INFO - Strategy using use_exit_signal: True
2026-04-25 20:16:17,612 - freqtrade.resolvers.strategy_resolver - INFO - Strategy using exit_profit_only: False
2026-04-25 20:16:17,612 - freqtrade.resolvers.strategy_resolver - INFO - Strategy using ignore_roi_if_entry_signal: False
2026-04-25 20:16:17,612 - freqtrade.resolvers.strategy_resolver - INFO - Strategy using exit_profit_offset: 0.0
2026-04-25 20:16:17,612 - freqtrade.resolvers.strategy_resolver - INFO - Strategy using disable_dataframe_checks: False
2026-04-25 20:16:17,613 - freqtrade.resolvers.strategy_resolver - INFO - Strategy using ignore_buying_expired_candle_after: 0
2026-04-25 20:16:17,613 - freqtrade.resolvers.strategy_resolver - INFO - Strategy using position_adjustment_enable: False
2026-04-25 20:16:17,613 - freqtrade.resolvers.strategy_resolver - INFO - Strategy using max_entry_position_adjustment: -1
2026-04-25 20:16:17,613 - freqtrade.resolvers.strategy_resolver - INFO - Strategy using max_open_trades: 2
2026-04-25 20:16:17,614 - freqtrade.configuration.config_validation - INFO - Validating configuration ...
2026-04-25 20:16:17,617 - freqtrade.resolvers.iresolver - INFO - Using resolved pairlist StaticPairList from 
'/home/mohs/Desktop/ae/pyside6/.venv/lib/python3.12/site-packages/freqtrade/plugins/pairlist/StaticPairList.py'...
2026-04-25 20:16:17,630 - freqtrade.optimize.backtesting - INFO - Using fee 0.1000% - worst case fee from exchange (lowest tier).
2026-04-25 20:16:17,637 - freqtrade.data.history.datahandlers.idatahandler - WARNING - ETH/USDT, spot, 4h, data starts at 2025-04-24 00:00:00
2026-04-25 20:16:17,650 - freqtrade.data.history.datahandlers.idatahandler - WARNING - XRP/USDT, spot, 4h, data starts at 2025-04-30 00:00:00
2026-04-25 20:16:17,662 - freqtrade.data.history.datahandlers.idatahandler - WARNING - HOME/USDT, spot, 4h, data starts at 2025-06-12 12:00:00
2026-04-25 20:16:17,670 - freqtrade.optimize.backtesting - INFO - Loading data from 2025-04-24 00:00:00 up to 2026-04-17 00:00:00 (358 days).
2026-04-25 20:16:17,726 - freqtrade.optimize.backtesting - INFO - Dataload complete. Calculating indicators
2026-04-25 20:16:17,731 - freqtrade.optimize.backtesting - INFO - Running backtesting for Strategy MultiMeee
2026-04-25 20:16:17,731 - freqtrade.strategy.hyper - INFO - Strategy Parameter: buy_ma_count = 10
2026-04-25 20:16:17,731 - freqtrade.strategy.hyper - INFO - Strategy Parameter: buy_ma_gap = 19
2026-04-25 20:16:17,732 - freqtrade.strategy.hyper - INFO - Strategy Parameter: sell_ma_count = 4
2026-04-25 20:16:17,732 - freqtrade.strategy.hyper - INFO - Strategy Parameter: sell_ma_gap = 1
2026-04-25 20:16:17,740 - freqtrade.optimize.backtesting - INFO - Backtesting with data from 2025-04-24 00:00:00 up to 2026-04-17 00:00:00 (358 days).
2026-04-25 20:16:18,253 - freqtrade.misc - INFO - dumping json to "/home/mohs/Desktop/ae/pyside6/user_data/backtest_results/backtest-result-2026-04-25_20-16-18.meta.json"
Result for strategy MultiMeee
                                                BACKTESTING REPORT                                                
┏━━━━━━━━━━━┳━━━━━━━━┳━━━━━━━━━━━━━━┳━━━━━━━━━━━━━━━━━┳━━━━━━━━━━━━━━┳━━━━━━━━━━━━━━━━━━┳━━━━━━━━━━━━━━━━━━━━━━━━┓
┃      Pair ┃ Trades ┃ Avg Profit % ┃ Tot Profit USDT ┃ Tot Profit % ┃     Avg Duration ┃  Win  Draw  Loss  Win% ┃
┡━━━━━━━━━━━╇━━━━━━━━╇━━━━━━━━━━━━━━╇━━━━━━━━━━━━━━━━━╇━━━━━━━━━━━━━━╇━━━━━━━━━━━━━━━━━━╇━━━━━━━━━━━━━━━━━━━━━━━━┩
│  XRP/USDT │     14 │         0.02 │          -0.574 │        -0.38 │  1 day, 10:51:00 │    5     0     9  35.7 │
│ HOME/USDT │      6 │        -1.94 │          -8.265 │        -5.51 │ 2 days, 17:20:00 │    2     0     4  33.3 │
│  ETH/USDT │     12 │         -2.7 │         -22.024 │       -14.68 │  1 day, 15:00:00 │    3     0     9  25.0 │
│     TOTAL │     32 │        -1.37 │         -30.862 │       -20.57 │  1 day, 18:08:00 │   10     0    22  31.2 │
└───────────┴────────┴──────────────┴─────────────────┴──────────────┴──────────────────┴────────────────────────┘
                                           LEFT OPEN TRADES REPORT                                           
┏━━━━━━━━━━┳━━━━━━━━┳━━━━━━━━━━━━━━┳━━━━━━━━━━━━━━━━━┳━━━━━━━━━━━━━━┳━━━━━━━━━━━━━━┳━━━━━━━━━━━━━━━━━━━━━━━━┓
┃     Pair ┃ Trades ┃ Avg Profit % ┃ Tot Profit USDT ┃ Tot Profit % ┃ Avg Duration ┃  Win  Draw  Loss  Win% ┃
┡━━━━━━━━━━╇━━━━━━━━╇━━━━━━━━━━━━━━╇━━━━━━━━━━━━━━━━━╇━━━━━━━━━━━━━━╇━━━━━━━━━━━━━━╇━━━━━━━━━━━━━━━━━━━━━━━━┩
│ XRP/USDT │      1 │         1.47 │           0.868 │         0.58 │      8:00:00 │    1     0     0   100 │
│    TOTAL │      1 │         1.47 │           0.868 │         0.58 │      8:00:00 │    1     0     0   100 │
└──────────┴────────┴──────────────┴─────────────────┴──────────────┴──────────────┴────────────────────────┘
                                                 ENTER TAG STATS                                                  
┏━━━━━━━━━━━┳━━━━━━━━━┳━━━━━━━━━━━━━━┳━━━━━━━━━━━━━━━━━┳━━━━━━━━━━━━━━┳━━━━━━━━━━━━━━━━━┳━━━━━━━━━━━━━━━━━━━━━━━━┓
┃ Enter Tag ┃ Entries ┃ Avg Profit % ┃ Tot Profit USDT ┃ Tot Profit % ┃    Avg Duration ┃  Win  Draw  Loss  Win% ┃
┡━━━━━━━━━━━╇━━━━━━━━━╇━━━━━━━━━━━━━━╇━━━━━━━━━━━━━━━━━╇━━━━━━━━━━━━━━╇━━━━━━━━━━━━━━━━━╇━━━━━━━━━━━━━━━━━━━━━━━━┩
│     OTHER │      32 │        -1.37 │         -30.862 │       -20.57 │ 1 day, 18:08:00 │   10     0    22  31.2 │
│     TOTAL │      32 │        -1.37 │         -30.862 │       -20.57 │ 1 day, 18:08:00 │   10     0    22  31.2 │
└───────────┴─────────┴──────────────┴─────────────────┴──────────────┴─────────────────┴────────────────────────┘
                                                EXIT REASON STATS                                                 
┏━━━━━━━━━━━━━┳━━━━━━━┳━━━━━━━━━━━━━━┳━━━━━━━━━━━━━━━━━┳━━━━━━━━━━━━━━┳━━━━━━━━━━━━━━━━━┳━━━━━━━━━━━━━━━━━━━━━━━━┓
┃ Exit Reason ┃ Exits ┃ Avg Profit % ┃ Tot Profit USDT ┃ Tot Profit % ┃    Avg Duration ┃  Win  Draw  Loss  Win% ┃
┡━━━━━━━━━━━━━╇━━━━━━━╇━━━━━━━━━━━━━━╇━━━━━━━━━━━━━━━━━╇━━━━━━━━━━━━━━╇━━━━━━━━━━━━━━━━━╇━━━━━━━━━━━━━━━━━━━━━━━━┩
│  force_exit │     1 │         1.47 │           0.868 │         0.58 │         8:00:00 │    1     0     0   100 │
│ exit_signal │    31 │        -1.46 │         -31.730 │       -21.15 │ 1 day, 19:14:00 │    9     0    22  29.0 │
│       TOTAL │    32 │        -1.37 │         -30.862 │       -20.57 │ 1 day, 18:08:00 │   10     0    22  31.2 │
└─────────────┴───────┴──────────────┴─────────────────┴──────────────┴─────────────────┴────────────────────────┘
                                                        MIXED TAG STATS                                                        
┏━━━━━━━━━━━┳━━━━━━━━━━━━━┳━━━━━━━━┳━━━━━━━━━━━━━━┳━━━━━━━━━━━━━━━━━┳━━━━━━━━━━━━━━┳━━━━━━━━━━━━━━━━━┳━━━━━━━━━━━━━━━━━━━━━━━━┓
┃ Enter Tag ┃ Exit Reason ┃ Trades ┃ Avg Profit % ┃ Tot Profit USDT ┃ Tot Profit % ┃    Avg Duration ┃  Win  Draw  Loss  Win% ┃
┡━━━━━━━━━━━╇━━━━━━━━━━━━━╇━━━━━━━━╇━━━━━━━━━━━━━━╇━━━━━━━━━━━━━━━━━╇━━━━━━━━━━━━━━╇━━━━━━━━━━━━━━━━━╇━━━━━━━━━━━━━━━━━━━━━━━━┩
│           │  force_exit │      1 │         1.47 │           0.868 │         0.58 │         8:00:00 │    1     0     0   100 │
│           │ exit_signal │     31 │        -1.46 │         -31.730 │       -21.15 │ 1 day, 19:14:00 │    9     0    22  29.0 │
│     TOTAL │             │     32 │        -1.37 │         -30.862 │       -20.57 │ 1 day, 18:08:00 │   10     0    22  31.2 │
└───────────┴─────────────┴────────┴──────────────┴─────────────────┴──────────────┴─────────────────┴────────────────────────┘
                         SUMMARY METRICS                          
┏━━━━━━━━━━━━━━━━━━━━━━━━━━━━━━━┳━━━━━━━━━━━━━━━━━━━━━━━━━━━━━━━━┓
┃ Metric                        ┃ Value                          ┃
┡━━━━━━━━━━━━━━━━━━━━━━━━━━━━━━━╇━━━━━━━━━━━━━━━━━━━━━━━━━━━━━━━━┩
│ Backtesting from              │ 2025-04-24 00:00:00            │
│ Backtesting to                │ 2026-04-17 00:00:00            │
│ Trading Mode                  │ Spot                           │
│ Max open trades               │ 2                              │
│                               │                                │
│ Total/Daily Avg Trades        │ 32 / 0.09                      │
│ Starting balance              │ 150 USDT                       │
│ Final balance                 │ 119.138 USDT                   │
│ Absolute profit               │ -30.862 USDT                   │
│ Total profit %                │ -20.57%                        │
│ CAGR %                        │ -20.93%                        │
│ Sortino                       │ -0.90                          │
│ Sharpe                        │ -0.52                          │
│ Calmar                        │ -5.18                          │
│ SQN                           │ -1.70                          │
│ Profit factor                 │ 0.42                           │
│ Expectancy (Ratio)            │ -0.96 (-0.40)                  │
│ Avg. daily profit             │ -0.086 USDT                    │
│ Avg. stake amount             │ 67.306 USDT                    │
│ Total trade volume            │ 4285.286 USDT                  │
│                               │                                │
│ Best Pair                     │ XRP/USDT -0.38%                │
│ Worst Pair                    │ ETH/USDT -14.68%               │
│ Best trade                    │ XRP/USDT 17.07%                │
│ Worst trade                   │ HOME/USDT -11.09%              │
│ Best day                      │ 14.163 USDT                    │
│ Worst day                     │ -7.922 USDT                    │
│ Days win/draw/lose            │ 7 / 220 / 20                   │
│ Min/Max/Avg. Duration Winners │ 0d 08:00 / 4d 20:00 / 2d 11:12 │
│ Min/Max/Avg. Duration Losers  │ 0d 04:00 / 3d 04:00 / 1d 10:22 │
│ Max Consecutive Wins / Loss   │ 2 / 5                          │
│ Rejected Entry signals        │ 4                              │
│ Entry/Exit Timeouts           │ 0 / 0                          │
│                               │                                │
│ Min balance                   │ 118.214 USDT                   │
│ Max balance                   │ 147.954 USDT                   │
│ Max % of account underwater   │ 21.19%                         │
│ Absolute drawdown             │ 31.786 USDT (21.19%)           │
│ Drawdown duration             │ 240 days 12:00:00              │
│ Profit at drawdown start      │ 0 USDT                         │
│ Profit at drawdown end        │ -31.786 USDT                   │
│ Drawdown start                │ 2025-08-14 16:00:00            │
│ Drawdown end                  │ 2026-04-12 04:00:00            │
│ Market change                 │ -16.15%                        │
└───────────────────────────────┴────────────────────────────────┘

Backtested 2025-04-24 00:00:00 -> 2026-04-17 00:00:00 | Max open trades : 2
                                                           STRATEGY SUMMARY                                                            
┏━━━━━━━━━━━┳━━━━━━━━┳━━━━━━━━━━━━━━┳━━━━━━━━━━━━━━━━━┳━━━━━━━━━━━━━━┳━━━━━━━━━━━━━━━━━┳━━━━━━━━━━━━━━━━━━━━━━━━┳━━━━━━━━━━━━━━━━━━━━━┓
┃  Strategy ┃ Trades ┃ Avg Profit % ┃ Tot Profit USDT ┃ Tot Profit % ┃    Avg Duration ┃  Win  Draw  Loss  Win% ┃            Drawdown ┃
┡━━━━━━━━━━━╇━━━━━━━━╇━━━━━━━━━━━━━━╇━━━━━━━━━━━━━━━━━╇━━━━━━━━━━━━━━╇━━━━━━━━━━━━━━━━━╇━━━━━━━━━━━━━━━━━━━━━━━━╇━━━━━━━━━━━━━━━━━━━━━┩
│ MultiMeee │     32 │        -1.37 │         -30.862 │       -20.57 │ 1 day, 18:08:00 │   10     0    22  31.2 │ 31.786 USDT  21.19% │
└───────────┴────────┴──────────────┴─────────────────┴──────────────┴─────────────────┴────────────────────────┴─────────────────────┘