2026-04-25 22:48:16,436 - freqtrade - INFO - freqtrade 2026.3
2026-04-25 22:48:17,489 - freqtrade.configuration.load_config - INFO - Using config: /home/mohs/Desktop/ae/pyside6/user_data/config.json ...
2026-04-25 22:48:17,491 - freqtrade.loggers - INFO - Enabling colorized output.
2026-04-25 22:48:17,492 - freqtrade.loggers - INFO - Logfile configured
2026-04-25 22:48:17,492 - freqtrade.loggers - INFO - Verbosity set to 0
2026-04-25 22:48:17,492 - freqtrade.configuration.configuration - INFO - Using additional Strategy lookup path: 
/home/mohs/Desktop/ae/pyside6/user_data/optimizer/sessions/b8194b7f-3716-497e-8a17-833c28d4e223/trial_168/strategy_dir
2026-04-25 22:48:17,493 - freqtrade.configuration.configuration - WARNING - `force_entry_enable` RPC message enabled.
2026-04-25 22:48:17,493 - freqtrade.configuration.configuration - INFO - Parameter -i/--timeframe detected ... Using timeframe: 4h ...
2026-04-25 22:48:17,493 - freqtrade.configuration.configuration - INFO - Parameter --max-open-trades detected, overriding max_open_trades to: 3 ...
2026-04-25 22:48:17,493 - freqtrade.configuration.configuration - INFO - Parameter --dry-run-wallet detected, overriding dry_run_wallet to: 150.0 ...
2026-04-25 22:48:17,494 - freqtrade.configuration.configuration - INFO - Parameter --timerange detected: 20250422-20260417 ...
2026-04-25 22:48:17,494 - freqtrade.configuration.configuration - INFO - Using user-data directory: /home/mohs/Desktop/ae/pyside6/user_data ...
2026-04-25 22:48:17,494 - freqtrade.configuration.configuration - INFO - Using data directory: /home/mohs/Desktop/ae/pyside6/user_data/data/binance ...
2026-04-25 22:48:17,495 - freqtrade.configuration.configuration - INFO - Parameter --export detected: trades ...
2026-04-25 22:48:17,495 - freqtrade.configuration.configuration - INFO - Parameter --cache=day detected ...
2026-04-25 22:48:17,495 - freqtrade.configuration.configuration - INFO - Using pairs ['XRP/USDT', 'ETH/USDT', 'HOME/USDT']
2026-04-25 22:48:17,496 - freqtrade.configuration.configuration - INFO - Filter trades by timerange: 20250422-20260417
2026-04-25 22:48:17,496 - freqtrade.exchange.check_exchange - INFO - Checking exchange...
2026-04-25 22:48:17,502 - freqtrade.exchange.check_exchange - INFO - Exchange "binance" is officially supported by the Freqtrade development team.
2026-04-25 22:48:17,502 - freqtrade.configuration.config_validation - INFO - Validating configuration ...
2026-04-25 22:48:17,504 - freqtrade.commands.optimize_commands - INFO - Starting freqtrade in Backtesting mode
2026-04-25 22:48:17,505 - freqtrade.exchange.exchange - INFO - Instance is running with dry_run enabled
2026-04-25 22:48:17,505 - freqtrade.exchange.exchange - INFO - Using CCXT 4.5.50
2026-04-25 22:48:17,505 - freqtrade.exchange.exchange - INFO - Applying additional ccxt config: {'enableRateLimit': True, 'timeout': 120000}
2026-04-25 22:48:17,511 - freqtrade.exchange.exchange - INFO - Applying additional ccxt config: {'enableRateLimit': True, 'timeout': 120000}
2026-04-25 22:48:17,517 - freqtrade.exchange.exchange - INFO - Using Exchange "Binance"
2026-04-25 22:48:18,754 - freqtrade.resolvers.exchange_resolver - INFO - Using resolved exchange 'Binance'...
2026-04-25 22:48:18,762 - freqtrade.resolvers.iresolver - INFO - Using resolved strategy yes from 
'/home/mohs/Desktop/ae/pyside6/user_data/optimizer/sessions/b8194b7f-3716-497e-8a17-833c28d4e223/trial_168/strategy_dir/yes.py'...
2026-04-25 22:48:18,763 - freqtrade.strategy.hyper - INFO - Loading parameters from file 
/home/mohs/Desktop/ae/pyside6/user_data/optimizer/sessions/b8194b7f-3716-497e-8a17-833c28d4e223/trial_168/strategy_dir/yes.json
2026-04-25 22:48:18,763 - freqtrade.resolvers.strategy_resolver - INFO - Override strategy 'timeframe' with value from the configuration: 4h.
2026-04-25 22:48:18,763 - freqtrade.resolvers.strategy_resolver - INFO - Override strategy 'stake_currency' with value from the configuration: USDT.
2026-04-25 22:48:18,764 - freqtrade.resolvers.strategy_resolver - INFO - Override strategy 'stake_amount' with value from the configuration: unlimited.
2026-04-25 22:48:18,764 - freqtrade.resolvers.strategy_resolver - INFO - Override strategy 'use_exit_signal' with value from the configuration: True.
2026-04-25 22:48:18,764 - freqtrade.resolvers.strategy_resolver - INFO - Override strategy 'max_open_trades' with value from the configuration: 3.
2026-04-25 22:48:18,765 - freqtrade.resolvers.strategy_resolver - INFO - Strategy using minimal_roi: {'0': 1.305167338442813, '13': 0.6496185546316149, '146': 0.021655851222261175, '38': 
0.13530293185474862}
2026-04-25 22:48:18,765 - freqtrade.resolvers.strategy_resolver - INFO - Strategy using timeframe: 4h
2026-04-25 22:48:18,765 - freqtrade.resolvers.strategy_resolver - INFO - Strategy using stoploss: -0.7600409472460737
2026-04-25 22:48:18,765 - freqtrade.resolvers.strategy_resolver - INFO - Strategy using trailing_stop: False
2026-04-25 22:48:18,766 - freqtrade.resolvers.strategy_resolver - INFO - Strategy using trailing_stop_positive: 0.21134606130066655
2026-04-25 22:48:18,766 - freqtrade.resolvers.strategy_resolver - INFO - Strategy using trailing_stop_positive_offset: 0.2810736125624963
2026-04-25 22:48:18,766 - freqtrade.resolvers.strategy_resolver - INFO - Strategy using trailing_only_offset_is_reached: True
2026-04-25 22:48:18,766 - freqtrade.resolvers.strategy_resolver - INFO - Strategy using use_custom_stoploss: False
2026-04-25 22:48:18,767 - freqtrade.resolvers.strategy_resolver - INFO - Strategy using process_only_new_candles: True
2026-04-25 22:48:18,767 - freqtrade.resolvers.strategy_resolver - INFO - Strategy using order_types: {'entry': 'limit', 'exit': 'limit', 'stoploss': 'limit', 'stoploss_on_exchange': False, 
'stoploss_on_exchange_interval': 60}
2026-04-25 22:48:18,767 - freqtrade.resolvers.strategy_resolver - INFO - Strategy using order_time_in_force: {'entry': 'GTC', 'exit': 'GTC'}
2026-04-25 22:48:18,767 - freqtrade.resolvers.strategy_resolver - INFO - Strategy using stake_currency: USDT
2026-04-25 22:48:18,768 - freqtrade.resolvers.strategy_resolver - INFO - Strategy using stake_amount: unlimited
2026-04-25 22:48:18,768 - freqtrade.resolvers.strategy_resolver - INFO - Strategy using startup_candle_count: 0
2026-04-25 22:48:18,768 - freqtrade.resolvers.strategy_resolver - INFO - Strategy using use_exit_signal: True
2026-04-25 22:48:18,768 - freqtrade.resolvers.strategy_resolver - INFO - Strategy using exit_profit_only: False
2026-04-25 22:48:18,769 - freqtrade.resolvers.strategy_resolver - INFO - Strategy using ignore_roi_if_entry_signal: False
2026-04-25 22:48:18,769 - freqtrade.resolvers.strategy_resolver - INFO - Strategy using exit_profit_offset: 0.0
2026-04-25 22:48:18,769 - freqtrade.resolvers.strategy_resolver - INFO - Strategy using disable_dataframe_checks: False
2026-04-25 22:48:18,769 - freqtrade.resolvers.strategy_resolver - INFO - Strategy using ignore_buying_expired_candle_after: 0
2026-04-25 22:48:18,770 - freqtrade.resolvers.strategy_resolver - INFO - Strategy using position_adjustment_enable: False
2026-04-25 22:48:18,770 - freqtrade.resolvers.strategy_resolver - INFO - Strategy using max_entry_position_adjustment: -1
2026-04-25 22:48:18,770 - freqtrade.resolvers.strategy_resolver - INFO - Strategy using max_open_trades: 3
2026-04-25 22:48:18,771 - freqtrade.configuration.config_validation - INFO - Validating configuration ...
2026-04-25 22:48:18,774 - freqtrade.resolvers.iresolver - INFO - Using resolved pairlist StaticPairList from 
'/home/mohs/Desktop/ae/pyside6/.venv/lib/python3.12/site-packages/freqtrade/plugins/pairlist/StaticPairList.py'...
2026-04-25 22:48:18,787 - freqtrade.optimize.backtesting - INFO - Using fee 0.1000% - worst case fee from exchange (lowest tier).
2026-04-25 22:48:18,821 - freqtrade.data.history.datahandlers.idatahandler - WARNING - HOME/USDT, spot, 4h, data starts at 2025-06-12 12:00:00
2026-04-25 22:48:18,828 - freqtrade.optimize.backtesting - INFO - Loading data from 2025-04-22 00:00:00 up to 2026-04-17 00:00:00 (360 days).
2026-04-25 22:48:18,885 - freqtrade.optimize.backtesting - INFO - Dataload complete. Calculating indicators
2026-04-25 22:48:18,896 - freqtrade.optimize.backtesting - INFO - Running backtesting for Strategy yes
2026-04-25 22:48:18,896 - freqtrade.strategy.hyper - INFO - Strategy Parameter: buy_ma_count = 4
2026-04-25 22:48:18,896 - freqtrade.strategy.hyper - INFO - Strategy Parameter: buy_ma_gap = 3
2026-04-25 22:48:18,897 - freqtrade.strategy.hyper - INFO - Strategy Parameter: sell_ma_count = 4
2026-04-25 22:48:18,897 - freqtrade.strategy.hyper - INFO - Strategy Parameter: sell_ma_gap = 42
2026-04-25 22:48:18,904 - freqtrade.optimize.backtesting - INFO - Backtesting with data from 2025-04-22 00:00:00 up to 2026-04-17 00:00:00 (360 days).
2026-04-25 22:48:19,657 - freqtrade.misc - INFO - dumping json to "/home/mohs/Desktop/ae/pyside6/user_data/backtest_results/backtest-result-2026-04-25_22-48-19.meta.json"
Result for strategy yes
                                               BACKTESTING REPORT                                                
┏━━━━━━━━━━━┳━━━━━━━━┳━━━━━━━━━━━━━━┳━━━━━━━━━━━━━━━━━┳━━━━━━━━━━━━━━┳━━━━━━━━━━━━━━━━━┳━━━━━━━━━━━━━━━━━━━━━━━━┓
┃      Pair ┃ Trades ┃ Avg Profit % ┃ Tot Profit USDT ┃ Tot Profit % ┃    Avg Duration ┃  Win  Draw  Loss  Win% ┃
┡━━━━━━━━━━━╇━━━━━━━━╇━━━━━━━━━━━━━━╇━━━━━━━━━━━━━━━━━╇━━━━━━━━━━━━━━╇━━━━━━━━━━━━━━━━━╇━━━━━━━━━━━━━━━━━━━━━━━━┩
│  ETH/USDT │     53 │         0.24 │          10.357 │          6.9 │ 1 day, 18:25:00 │   38     0    15  71.7 │
│  XRP/USDT │     49 │        -0.57 │         -12.969 │        -8.65 │ 2 days, 1:13:00 │   36     0    13  73.5 │
│ HOME/USDT │     51 │        -0.97 │         -35.553 │        -23.7 │  1 day, 8:19:00 │   40     0    11  78.4 │
│     TOTAL │    153 │        -0.42 │         -38.165 │       -25.44 │ 1 day, 17:14:00 │  114     0    39  74.5 │
└───────────┴────────┴──────────────┴─────────────────┴──────────────┴─────────────────┴────────────────────────┘
                                            LEFT OPEN TRADES REPORT                                             
┏━━━━━━━━━━┳━━━━━━━━┳━━━━━━━━━━━━━━┳━━━━━━━━━━━━━━━━━┳━━━━━━━━━━━━━━┳━━━━━━━━━━━━━━━━━┳━━━━━━━━━━━━━━━━━━━━━━━━┓
┃     Pair ┃ Trades ┃ Avg Profit % ┃ Tot Profit USDT ┃ Tot Profit % ┃    Avg Duration ┃  Win  Draw  Loss  Win% ┃
┡━━━━━━━━━━╇━━━━━━━━╇━━━━━━━━━━━━━━╇━━━━━━━━━━━━━━━━━╇━━━━━━━━━━━━━━╇━━━━━━━━━━━━━━━━━╇━━━━━━━━━━━━━━━━━━━━━━━━┩
│ ETH/USDT │      1 │         -1.1 │          -0.403 │        -0.27 │ 3 days, 0:00:00 │    0     0     1     0 │
│    TOTAL │      1 │         -1.1 │          -0.403 │        -0.27 │ 3 days, 0:00:00 │    0     0     1     0 │
└──────────┴────────┴──────────────┴─────────────────┴──────────────┴─────────────────┴────────────────────────┘
                                                 ENTER TAG STATS                                                  
┏━━━━━━━━━━━┳━━━━━━━━━┳━━━━━━━━━━━━━━┳━━━━━━━━━━━━━━━━━┳━━━━━━━━━━━━━━┳━━━━━━━━━━━━━━━━━┳━━━━━━━━━━━━━━━━━━━━━━━━┓
┃ Enter Tag ┃ Entries ┃ Avg Profit % ┃ Tot Profit USDT ┃ Tot Profit % ┃    Avg Duration ┃  Win  Draw  Loss  Win% ┃
┡━━━━━━━━━━━╇━━━━━━━━━╇━━━━━━━━━━━━━━╇━━━━━━━━━━━━━━━━━╇━━━━━━━━━━━━━━╇━━━━━━━━━━━━━━━━━╇━━━━━━━━━━━━━━━━━━━━━━━━┩
│     OTHER │     153 │        -0.42 │         -38.165 │       -25.44 │ 1 day, 17:14:00 │  114     0    39  74.5 │
│     TOTAL │     153 │        -0.42 │         -38.165 │       -25.44 │ 1 day, 17:14:00 │  114     0    39  74.5 │
└───────────┴─────────┴──────────────┴─────────────────┴──────────────┴─────────────────┴────────────────────────┘
                                                EXIT REASON STATS                                                 
┏━━━━━━━━━━━━━┳━━━━━━━┳━━━━━━━━━━━━━━┳━━━━━━━━━━━━━━━━━┳━━━━━━━━━━━━━━┳━━━━━━━━━━━━━━━━━┳━━━━━━━━━━━━━━━━━━━━━━━━┓
┃ Exit Reason ┃ Exits ┃ Avg Profit % ┃ Tot Profit USDT ┃ Tot Profit % ┃    Avg Duration ┃  Win  Draw  Loss  Win% ┃
┡━━━━━━━━━━━━━╇━━━━━━━╇━━━━━━━━━━━━━━╇━━━━━━━━━━━━━━━━━╇━━━━━━━━━━━━━━╇━━━━━━━━━━━━━━━━━╇━━━━━━━━━━━━━━━━━━━━━━━━┩
│         roi │   114 │         2.27 │         139.706 │        93.14 │  1 day, 6:13:00 │  114     0     0   100 │
│  force_exit │     1 │         -1.1 │          -0.403 │        -0.27 │ 3 days, 0:00:00 │    0     0     1     0 │
│   stop_loss │     1 │       -76.04 │         -53.884 │       -35.92 │ 4 days, 0:00:00 │    0     0     1     0 │
│ exit_signal │    37 │        -6.64 │        -123.584 │       -82.39 │ 3 days, 0:52:00 │    0     0    37     0 │
│       TOTAL │   153 │        -0.42 │         -38.165 │       -25.44 │ 1 day, 17:14:00 │  114     0    39  74.5 │
└─────────────┴───────┴──────────────┴─────────────────┴──────────────┴─────────────────┴────────────────────────┘
                                                        MIXED TAG STATS                                                        
┏━━━━━━━━━━━┳━━━━━━━━━━━━━┳━━━━━━━━┳━━━━━━━━━━━━━━┳━━━━━━━━━━━━━━━━━┳━━━━━━━━━━━━━━┳━━━━━━━━━━━━━━━━━┳━━━━━━━━━━━━━━━━━━━━━━━━┓
┃ Enter Tag ┃ Exit Reason ┃ Trades ┃ Avg Profit % ┃ Tot Profit USDT ┃ Tot Profit % ┃    Avg Duration ┃  Win  Draw  Loss  Win% ┃
┡━━━━━━━━━━━╇━━━━━━━━━━━━━╇━━━━━━━━╇━━━━━━━━━━━━━━╇━━━━━━━━━━━━━━━━━╇━━━━━━━━━━━━━━╇━━━━━━━━━━━━━━━━━╇━━━━━━━━━━━━━━━━━━━━━━━━┩
│           │         roi │    114 │         2.27 │         139.706 │        93.14 │  1 day, 6:13:00 │  114     0     0   100 │
│           │  force_exit │      1 │         -1.1 │          -0.403 │        -0.27 │ 3 days, 0:00:00 │    0     0     1     0 │
│           │   stop_loss │      1 │       -76.04 │         -53.884 │       -35.92 │ 4 days, 0:00:00 │    0     0     1     0 │
│           │ exit_signal │     37 │        -6.64 │        -123.584 │       -82.39 │ 3 days, 0:52:00 │    0     0    37     0 │
│     TOTAL │             │    153 │        -0.42 │         -38.165 │       -25.44 │ 1 day, 17:14:00 │  114     0    39  74.5 │
└───────────┴─────────────┴────────┴──────────────┴─────────────────┴──────────────┴─────────────────┴────────────────────────┘
                          SUMMARY METRICS                          
┏━━━━━━━━━━━━━━━━━━━━━━━━━━━━━━━┳━━━━━━━━━━━━━━━━━━━━━━━━━━━━━━━━━┓
┃ Metric                        ┃ Value                           ┃
┡━━━━━━━━━━━━━━━━━━━━━━━━━━━━━━━╇━━━━━━━━━━━━━━━━━━━━━━━━━━━━━━━━━┩
│ Backtesting from              │ 2025-04-22 00:00:00             │
│ Backtesting to                │ 2026-04-17 00:00:00             │
│ Trading Mode                  │ Spot                            │
│ Max open trades               │ 3                               │
│                               │                                 │
│ Total/Daily Avg Trades        │ 153 / 0.42                      │
│ Starting balance              │ 150 USDT                        │
│ Final balance                 │ 111.835 USDT                    │
│ Absolute profit               │ -38.165 USDT                    │
│ Total profit %                │ -25.44%                         │
│ CAGR %                        │ -25.75%                         │
│ Sortino                       │ -0.25                           │
│ Sharpe                        │ -0.42                           │
│ Calmar                        │ -2.70                           │
│ SQN                           │ -0.63                           │
│ Profit factor                 │ 0.79                            │
│ Expectancy (Ratio)            │ -0.25 (-0.05)                   │
│ Avg. daily profit             │ -0.106 USDT                     │
│ Avg. stake amount             │ 53.368 USDT                     │
│ Total trade volume            │ 16325.082 USDT                  │
│                               │                                 │
│ Best Pair                     │ ETH/USDT 6.90%                  │
│ Worst Pair                    │ HOME/USDT -23.70%               │
│ Best trade                    │ HOME/USDT 5.71%                 │
│ Worst trade                   │ HOME/USDT -76.04%               │
│ Best day                      │ 7.685 USDT                      │
│ Worst day                     │ -53.884 USDT                    │
│ Days win/draw/lose            │ 64 / 257 / 35                   │
│ Min/Max/Avg. Duration Winners │ 0d 04:00 / 15d 00:00 / 1d 06:13 │
│ Min/Max/Avg. Duration Losers  │ 0d 08:00 / 19d 04:00 / 3d 01:26 │
│ Max Consecutive Wins / Loss   │ 32 / 6                          │
│ Rejected Entry signals        │ 0                               │
│ Entry/Exit Timeouts           │ 0 / 0                           │
│                               │                                 │
│ Min balance                   │ 109.715 USDT                    │
│ Max balance                   │ 219.081 USDT                    │
│ Max % of account underwater   │ 49.92%                          │
│ Absolute drawdown             │ 109.366 USDT (49.92%)           │
│ Drawdown duration             │ 200 days 08:00:00               │
│ Profit at drawdown start      │ 69.081 USDT                     │
│ Profit at drawdown end        │ -40.285 USDT                    │
│ Drawdown start                │ 2025-09-14 16:00:00             │
│ Drawdown end                  │ 2026-04-03 00:00:00             │
│ Market change                 │ -9.22%                          │
└───────────────────────────────┴─────────────────────────────────┘

Backtested 2025-04-22 00:00:00 -> 2026-04-17 00:00:00 | Max open trades : 3
                                                           STRATEGY SUMMARY                                                            
┏━━━━━━━━━━┳━━━━━━━━┳━━━━━━━━━━━━━━┳━━━━━━━━━━━━━━━━━┳━━━━━━━━━━━━━━┳━━━━━━━━━━━━━━━━━┳━━━━━━━━━━━━━━━━━━━━━━━━┳━━━━━━━━━━━━━━━━━━━━━━┓
┃ Strategy ┃ Trades ┃ Avg Profit % ┃ Tot Profit USDT ┃ Tot Profit % ┃    Avg Duration ┃  Win  Draw  Loss  Win% ┃             Drawdown ┃
┡━━━━━━━━━━╇━━━━━━━━╇━━━━━━━━━━━━━━╇━━━━━━━━━━━━━━━━━╇━━━━━━━━━━━━━━╇━━━━━━━━━━━━━━━━━╇━━━━━━━━━━━━━━━━━━━━━━━━╇━━━━━━━━━━━━━━━━━━━━━━┩
│      yes │    153 │        -0.42 │         -38.165 │       -25.44 │ 1 day, 17:14:00 │  114     0    39  74.5 │ 109.366 USDT  49.92% │
└──────────┴────────┴──────────────┴─────────────────┴──────────────┴─────────────────┴────────────────────────┴──────────────────────┘