2026-04-25 22:48:30,765 - freqtrade - INFO - freqtrade 2026.3
2026-04-25 22:48:31,916 - freqtrade.configuration.load_config - INFO - Using config: /home/mohs/Desktop/ae/pyside6/user_data/config.json ...
2026-04-25 22:48:31,919 - freqtrade.loggers - INFO - Enabling colorized output.
2026-04-25 22:48:31,919 - freqtrade.loggers - INFO - Logfile configured
2026-04-25 22:48:31,919 - freqtrade.loggers - INFO - Verbosity set to 0
2026-04-25 22:48:31,920 - freqtrade.configuration.configuration - INFO - Using additional Strategy lookup path: 
/home/mohs/Desktop/ae/pyside6/user_data/optimizer/sessions/b8194b7f-3716-497e-8a17-833c28d4e223/trial_172/strategy_dir
2026-04-25 22:48:31,920 - freqtrade.configuration.configuration - WARNING - `force_entry_enable` RPC message enabled.
2026-04-25 22:48:31,920 - freqtrade.configuration.configuration - INFO - Parameter -i/--timeframe detected ... Using timeframe: 4h ...
2026-04-25 22:48:31,921 - freqtrade.configuration.configuration - INFO - Parameter --max-open-trades detected, overriding max_open_trades to: 3 ...
2026-04-25 22:48:31,921 - freqtrade.configuration.configuration - INFO - Parameter --dry-run-wallet detected, overriding dry_run_wallet to: 150.0 ...
2026-04-25 22:48:31,921 - freqtrade.configuration.configuration - INFO - Parameter --timerange detected: 20250422-20260417 ...
2026-04-25 22:48:31,921 - freqtrade.configuration.configuration - INFO - Using user-data directory: /home/mohs/Desktop/ae/pyside6/user_data ...
2026-04-25 22:48:31,922 - freqtrade.configuration.configuration - INFO - Using data directory: /home/mohs/Desktop/ae/pyside6/user_data/data/binance ...
2026-04-25 22:48:31,922 - freqtrade.configuration.configuration - INFO - Parameter --export detected: trades ...
2026-04-25 22:48:31,922 - freqtrade.configuration.configuration - INFO - Parameter --cache=day detected ...
2026-04-25 22:48:31,923 - freqtrade.configuration.configuration - INFO - Using pairs ['XRP/USDT', 'ETH/USDT', 'HOME/USDT']
2026-04-25 22:48:31,923 - freqtrade.configuration.configuration - INFO - Filter trades by timerange: 20250422-20260417
2026-04-25 22:48:31,923 - freqtrade.exchange.check_exchange - INFO - Checking exchange...
2026-04-25 22:48:31,930 - freqtrade.exchange.check_exchange - INFO - Exchange "binance" is officially supported by the Freqtrade development team.
2026-04-25 22:48:31,930 - freqtrade.configuration.config_validation - INFO - Validating configuration ...
2026-04-25 22:48:31,932 - freqtrade.commands.optimize_commands - INFO - Starting freqtrade in Backtesting mode
2026-04-25 22:48:31,933 - freqtrade.exchange.exchange - INFO - Instance is running with dry_run enabled
2026-04-25 22:48:31,933 - freqtrade.exchange.exchange - INFO - Using CCXT 4.5.50
2026-04-25 22:48:31,933 - freqtrade.exchange.exchange - INFO - Applying additional ccxt config: {'enableRateLimit': True, 'timeout': 120000}
2026-04-25 22:48:31,939 - freqtrade.exchange.exchange - INFO - Applying additional ccxt config: {'enableRateLimit': True, 'timeout': 120000}
2026-04-25 22:48:31,945 - freqtrade.exchange.exchange - INFO - Using Exchange "Binance"
2026-04-25 22:48:33,071 - freqtrade.resolvers.exchange_resolver - INFO - Using resolved exchange 'Binance'...
2026-04-25 22:48:33,079 - freqtrade.resolvers.iresolver - INFO - Using resolved strategy yes from 
'/home/mohs/Desktop/ae/pyside6/user_data/optimizer/sessions/b8194b7f-3716-497e-8a17-833c28d4e223/trial_172/strategy_dir/yes.py'...
2026-04-25 22:48:33,080 - freqtrade.strategy.hyper - INFO - Loading parameters from file 
/home/mohs/Desktop/ae/pyside6/user_data/optimizer/sessions/b8194b7f-3716-497e-8a17-833c28d4e223/trial_172/strategy_dir/yes.json
2026-04-25 22:48:33,080 - freqtrade.resolvers.strategy_resolver - INFO - Override strategy 'timeframe' with value from the configuration: 4h.
2026-04-25 22:48:33,081 - freqtrade.resolvers.strategy_resolver - INFO - Override strategy 'stake_currency' with value from the configuration: USDT.
2026-04-25 22:48:33,081 - freqtrade.resolvers.strategy_resolver - INFO - Override strategy 'stake_amount' with value from the configuration: unlimited.
2026-04-25 22:48:33,081 - freqtrade.resolvers.strategy_resolver - INFO - Override strategy 'use_exit_signal' with value from the configuration: True.
2026-04-25 22:48:33,081 - freqtrade.resolvers.strategy_resolver - INFO - Override strategy 'max_open_trades' with value from the configuration: 3.
2026-04-25 22:48:33,082 - freqtrade.resolvers.strategy_resolver - INFO - Strategy using minimal_roi: {'0': 1.289491318765068, '13': 0.7121152334961613, '146': 0.04181837526281877, '38': 
0.023606770918128364}
2026-04-25 22:48:33,082 - freqtrade.resolvers.strategy_resolver - INFO - Strategy using timeframe: 4h
2026-04-25 22:48:33,082 - freqtrade.resolvers.strategy_resolver - INFO - Strategy using stoploss: -0.956631224080437
2026-04-25 22:48:33,082 - freqtrade.resolvers.strategy_resolver - INFO - Strategy using trailing_stop: False
2026-04-25 22:48:33,083 - freqtrade.resolvers.strategy_resolver - INFO - Strategy using trailing_stop_positive: 0.42849923179742266
2026-04-25 22:48:33,083 - freqtrade.resolvers.strategy_resolver - INFO - Strategy using trailing_stop_positive_offset: 0.3189921205803581
2026-04-25 22:48:33,083 - freqtrade.resolvers.strategy_resolver - INFO - Strategy using trailing_only_offset_is_reached: True
2026-04-25 22:48:33,083 - freqtrade.resolvers.strategy_resolver - INFO - Strategy using use_custom_stoploss: False
2026-04-25 22:48:33,084 - freqtrade.resolvers.strategy_resolver - INFO - Strategy using process_only_new_candles: True
2026-04-25 22:48:33,084 - freqtrade.resolvers.strategy_resolver - INFO - Strategy using order_types: {'entry': 'limit', 'exit': 'limit', 'stoploss': 'limit', 'stoploss_on_exchange': False, 
'stoploss_on_exchange_interval': 60}
2026-04-25 22:48:33,084 - freqtrade.resolvers.strategy_resolver - INFO - Strategy using order_time_in_force: {'entry': 'GTC', 'exit': 'GTC'}
2026-04-25 22:48:33,085 - freqtrade.resolvers.strategy_resolver - INFO - Strategy using stake_currency: USDT
2026-04-25 22:48:33,085 - freqtrade.resolvers.strategy_resolver - INFO - Strategy using stake_amount: unlimited
2026-04-25 22:48:33,085 - freqtrade.resolvers.strategy_resolver - INFO - Strategy using startup_candle_count: 0
2026-04-25 22:48:33,085 - freqtrade.resolvers.strategy_resolver - INFO - Strategy using use_exit_signal: True
2026-04-25 22:48:33,086 - freqtrade.resolvers.strategy_resolver - INFO - Strategy using exit_profit_only: False
2026-04-25 22:48:33,086 - freqtrade.resolvers.strategy_resolver - INFO - Strategy using ignore_roi_if_entry_signal: False
2026-04-25 22:48:33,086 - freqtrade.resolvers.strategy_resolver - INFO - Strategy using exit_profit_offset: 0.0
2026-04-25 22:48:33,086 - freqtrade.resolvers.strategy_resolver - INFO - Strategy using disable_dataframe_checks: False
2026-04-25 22:48:33,087 - freqtrade.resolvers.strategy_resolver - INFO - Strategy using ignore_buying_expired_candle_after: 0
2026-04-25 22:48:33,087 - freqtrade.resolvers.strategy_resolver - INFO - Strategy using position_adjustment_enable: False
2026-04-25 22:48:33,087 - freqtrade.resolvers.strategy_resolver - INFO - Strategy using max_entry_position_adjustment: -1
2026-04-25 22:48:33,087 - freqtrade.resolvers.strategy_resolver - INFO - Strategy using max_open_trades: 3
2026-04-25 22:48:33,088 - freqtrade.configuration.config_validation - INFO - Validating configuration ...
2026-04-25 22:48:33,091 - freqtrade.resolvers.iresolver - INFO - Using resolved pairlist StaticPairList from 
'/home/mohs/Desktop/ae/pyside6/.venv/lib/python3.12/site-packages/freqtrade/plugins/pairlist/StaticPairList.py'...
2026-04-25 22:48:33,104 - freqtrade.optimize.backtesting - INFO - Using fee 0.1000% - worst case fee from exchange (lowest tier).
2026-04-25 22:48:33,138 - freqtrade.data.history.datahandlers.idatahandler - WARNING - HOME/USDT, spot, 4h, data starts at 2025-06-12 12:00:00
2026-04-25 22:48:33,145 - freqtrade.optimize.backtesting - INFO - Loading data from 2025-04-22 00:00:00 up to 2026-04-17 00:00:00 (360 days).
2026-04-25 22:48:33,200 - freqtrade.optimize.backtesting - INFO - Dataload complete. Calculating indicators
2026-04-25 22:48:33,210 - freqtrade.optimize.backtesting - INFO - Running backtesting for Strategy yes
2026-04-25 22:48:33,211 - freqtrade.strategy.hyper - INFO - Strategy Parameter: buy_ma_count = 3
2026-04-25 22:48:33,211 - freqtrade.strategy.hyper - INFO - Strategy Parameter: buy_ma_gap = 9
2026-04-25 22:48:33,211 - freqtrade.strategy.hyper - INFO - Strategy Parameter: sell_ma_count = 12
2026-04-25 22:48:33,212 - freqtrade.strategy.hyper - INFO - Strategy Parameter: sell_ma_gap = 47
2026-04-25 22:48:33,221 - freqtrade.optimize.backtesting - INFO - Backtesting with data from 2025-04-22 00:00:00 up to 2026-04-17 00:00:00 (360 days).
2026-04-25 22:48:33,830 - freqtrade.misc - INFO - dumping json to "/home/mohs/Desktop/ae/pyside6/user_data/backtest_results/backtest-result-2026-04-25_22-48-33.meta.json"
Result for strategy yes
                                                BACKTESTING REPORT                                                
┏━━━━━━━━━━━┳━━━━━━━━┳━━━━━━━━━━━━━━┳━━━━━━━━━━━━━━━━━┳━━━━━━━━━━━━━━┳━━━━━━━━━━━━━━━━━━┳━━━━━━━━━━━━━━━━━━━━━━━━┓
┃      Pair ┃ Trades ┃ Avg Profit % ┃ Tot Profit USDT ┃ Tot Profit % ┃     Avg Duration ┃  Win  Draw  Loss  Win% ┃
┡━━━━━━━━━━━╇━━━━━━━━╇━━━━━━━━━━━━━━╇━━━━━━━━━━━━━━━━━╇━━━━━━━━━━━━━━╇━━━━━━━━━━━━━━━━━━╇━━━━━━━━━━━━━━━━━━━━━━━━┩
│ HOME/USDT │     25 │         2.17 │          34.618 │        23.08 │  1 day, 17:17:00 │   19     0     6  76.0 │
│  XRP/USDT │     16 │         2.24 │          21.314 │        14.21 │ 3 days, 11:45:00 │   14     0     2  87.5 │
│  ETH/USDT │     19 │         1.96 │          19.783 │        13.19 │ 2 days, 21:16:00 │   16     0     3  84.2 │
│     TOTAL │     60 │         2.12 │          75.715 │        50.48 │ 2 days, 13:28:00 │   49     0    11  81.7 │
└───────────┴────────┴──────────────┴─────────────────┴──────────────┴──────────────────┴────────────────────────┘
                                            LEFT OPEN TRADES REPORT                                             
┏━━━━━━━━━━┳━━━━━━━━┳━━━━━━━━━━━━━━┳━━━━━━━━━━━━━━━━━┳━━━━━━━━━━━━━━┳━━━━━━━━━━━━━━━━━┳━━━━━━━━━━━━━━━━━━━━━━━━┓
┃     Pair ┃ Trades ┃ Avg Profit % ┃ Tot Profit USDT ┃ Tot Profit % ┃    Avg Duration ┃  Win  Draw  Loss  Win% ┃
┡━━━━━━━━━━╇━━━━━━━━╇━━━━━━━━━━━━━━╇━━━━━━━━━━━━━━━━━╇━━━━━━━━━━━━━━╇━━━━━━━━━━━━━━━━━╇━━━━━━━━━━━━━━━━━━━━━━━━┩
│ XRP/USDT │      1 │         3.11 │           2.310 │         1.54 │        20:00:00 │    1     0     0   100 │
│ ETH/USDT │      1 │         1.19 │           0.881 │         0.59 │ 5 days, 4:00:00 │    1     0     0   100 │
│    TOTAL │      2 │         2.15 │           3.192 │         2.13 │ 3 days, 0:00:00 │    2     0     0   100 │
└──────────┴────────┴──────────────┴─────────────────┴──────────────┴─────────────────┴────────────────────────┘
                                                  ENTER TAG STATS                                                  
┏━━━━━━━━━━━┳━━━━━━━━━┳━━━━━━━━━━━━━━┳━━━━━━━━━━━━━━━━━┳━━━━━━━━━━━━━━┳━━━━━━━━━━━━━━━━━━┳━━━━━━━━━━━━━━━━━━━━━━━━┓
┃ Enter Tag ┃ Entries ┃ Avg Profit % ┃ Tot Profit USDT ┃ Tot Profit % ┃     Avg Duration ┃  Win  Draw  Loss  Win% ┃
┡━━━━━━━━━━━╇━━━━━━━━━╇━━━━━━━━━━━━━━╇━━━━━━━━━━━━━━━━━╇━━━━━━━━━━━━━━╇━━━━━━━━━━━━━━━━━━╇━━━━━━━━━━━━━━━━━━━━━━━━┩
│     OTHER │      60 │         2.12 │          75.715 │        50.48 │ 2 days, 13:28:00 │   49     0    11  81.7 │
│     TOTAL │      60 │         2.12 │          75.715 │        50.48 │ 2 days, 13:28:00 │   49     0    11  81.7 │
└───────────┴─────────┴──────────────┴─────────────────┴──────────────┴──────────────────┴────────────────────────┘
                                                 EXIT REASON STATS                                                 
┏━━━━━━━━━━━━━┳━━━━━━━┳━━━━━━━━━━━━━━┳━━━━━━━━━━━━━━━━━┳━━━━━━━━━━━━━━┳━━━━━━━━━━━━━━━━━━┳━━━━━━━━━━━━━━━━━━━━━━━━┓
┃ Exit Reason ┃ Exits ┃ Avg Profit % ┃ Tot Profit USDT ┃ Tot Profit % ┃     Avg Duration ┃  Win  Draw  Loss  Win% ┃
┡━━━━━━━━━━━━━╇━━━━━━━╇━━━━━━━━━━━━━━╇━━━━━━━━━━━━━━━━━╇━━━━━━━━━━━━━━╇━━━━━━━━━━━━━━━━━━╇━━━━━━━━━━━━━━━━━━━━━━━━┩
│         roi │    46 │         4.18 │         117.501 │        78.33 │  1 day, 23:03:00 │   46     0     0   100 │
│  force_exit │     2 │         2.15 │           3.192 │         2.13 │  3 days, 0:00:00 │    2     0     0   100 │
│ exit_signal │    12 │        -5.78 │         -44.978 │       -29.99 │ 4 days, 19:00:00 │    1     0    11   8.3 │
│       TOTAL │    60 │         2.12 │          75.715 │        50.48 │ 2 days, 13:28:00 │   49     0    11  81.7 │
└─────────────┴───────┴──────────────┴─────────────────┴──────────────┴──────────────────┴────────────────────────┘
                                                        MIXED TAG STATS                                                         
┏━━━━━━━━━━━┳━━━━━━━━━━━━━┳━━━━━━━━┳━━━━━━━━━━━━━━┳━━━━━━━━━━━━━━━━━┳━━━━━━━━━━━━━━┳━━━━━━━━━━━━━━━━━━┳━━━━━━━━━━━━━━━━━━━━━━━━┓
┃ Enter Tag ┃ Exit Reason ┃ Trades ┃ Avg Profit % ┃ Tot Profit USDT ┃ Tot Profit % ┃     Avg Duration ┃  Win  Draw  Loss  Win% ┃
┡━━━━━━━━━━━╇━━━━━━━━━━━━━╇━━━━━━━━╇━━━━━━━━━━━━━━╇━━━━━━━━━━━━━━━━━╇━━━━━━━━━━━━━━╇━━━━━━━━━━━━━━━━━━╇━━━━━━━━━━━━━━━━━━━━━━━━┩
│           │         roi │     46 │         4.18 │         117.501 │        78.33 │  1 day, 23:03:00 │   46     0     0   100 │
│           │  force_exit │      2 │         2.15 │           3.192 │         2.13 │  3 days, 0:00:00 │    2     0     0   100 │
│           │ exit_signal │     12 │        -5.78 │         -44.978 │       -29.99 │ 4 days, 19:00:00 │    1     0    11   8.3 │
│     TOTAL │             │     60 │         2.12 │          75.715 │        50.48 │ 2 days, 13:28:00 │   49     0    11  81.7 │
└───────────┴─────────────┴────────┴──────────────┴─────────────────┴──────────────┴──────────────────┴────────────────────────┘
                          SUMMARY METRICS                          
┏━━━━━━━━━━━━━━━━━━━━━━━━━━━━━━━┳━━━━━━━━━━━━━━━━━━━━━━━━━━━━━━━━━┓
┃ Metric                        ┃ Value                           ┃
┡━━━━━━━━━━━━━━━━━━━━━━━━━━━━━━━╇━━━━━━━━━━━━━━━━━━━━━━━━━━━━━━━━━┩
│ Backtesting from              │ 2025-04-22 00:00:00             │
│ Backtesting to                │ 2026-04-17 00:00:00             │
│ Trading Mode                  │ Spot                            │
│ Max open trades               │ 3                               │
│                               │                                 │
│ Total/Daily Avg Trades        │ 60 / 0.17                       │
│ Starting balance              │ 150 USDT                        │
│ Final balance                 │ 225.715 USDT                    │
│ Absolute profit               │ 75.715 USDT                     │
│ Total profit %                │ 50.48%                          │
│ CAGR %                        │ 51.33%                          │
│ Sortino                       │ 1.97                            │
│ Sharpe                        │ 1.46                            │
│ Calmar                        │ 22.78                           │
│ SQN                           │ 3.53                            │
│ Profit factor                 │ 2.66                            │
│ Expectancy (Ratio)            │ 1.26 (0.30)                     │
│ Avg. daily profit             │ 0.21 USDT                       │
│ Avg. stake amount             │ 62.645 USDT                     │
│ Total trade volume            │ 7608.357 USDT                   │
│                               │                                 │
│ Best Pair                     │ HOME/USDT 23.08%                │
│ Worst Pair                    │ ETH/USDT 13.19%                 │
│ Best trade                    │ HOME/USDT 4.20%                 │
│ Worst trade                   │ XRP/USDT -13.13%                │
│ Best day                      │ 8.473 USDT                      │
│ Worst day                     │ -7.432 USDT                     │
│ Days win/draw/lose            │ 32 / 302 / 11                   │
│ Min/Max/Avg. Duration Winners │ 0d 04:00 / 11d 08:00 / 2d 01:58 │
│ Min/Max/Avg. Duration Losers  │ 0d 08:00 / 26d 04:00 / 4d 16:44 │
│ Max Consecutive Wins / Loss   │ 29 / 3                          │
│ Rejected Entry signals        │ 0                               │
│ Entry/Exit Timeouts           │ 0 / 0                           │
│                               │                                 │
│ Min balance                   │ 152.093 USDT                    │
│ Max balance                   │ 231.21 USDT                     │
│ Max % of account underwater   │ 11.76%                          │
│ Absolute drawdown             │ 20.518 USDT (11.76%)            │
│ Drawdown duration             │ 20 days 12:00:00                │
│ Profit at drawdown start      │ 24.492 USDT                     │
│ Profit at drawdown end        │ 3.974 USDT                      │
│ Drawdown start                │ 2025-05-29 00:00:00             │
│ Drawdown end                  │ 2025-06-18 12:00:00             │
│ Market change                 │ -9.22%                          │
└───────────────────────────────┴─────────────────────────────────┘

Backtested 2025-04-22 00:00:00 -> 2026-04-17 00:00:00 | Max open trades : 3
                                                           STRATEGY SUMMARY                                                            
┏━━━━━━━━━━┳━━━━━━━━┳━━━━━━━━━━━━━━┳━━━━━━━━━━━━━━━━━┳━━━━━━━━━━━━━━┳━━━━━━━━━━━━━━━━━━┳━━━━━━━━━━━━━━━━━━━━━━━━┳━━━━━━━━━━━━━━━━━━━━━┓
┃ Strategy ┃ Trades ┃ Avg Profit % ┃ Tot Profit USDT ┃ Tot Profit % ┃     Avg Duration ┃  Win  Draw  Loss  Win% ┃            Drawdown ┃
┡━━━━━━━━━━╇━━━━━━━━╇━━━━━━━━━━━━━━╇━━━━━━━━━━━━━━━━━╇━━━━━━━━━━━━━━╇━━━━━━━━━━━━━━━━━━╇━━━━━━━━━━━━━━━━━━━━━━━━╇━━━━━━━━━━━━━━━━━━━━━┩
│      yes │     60 │         2.12 │          75.715 │        50.48 │ 2 days, 13:28:00 │   49     0    11  81.7 │ 20.518 USDT  11.76% │
└──────────┴────────┴──────────────┴─────────────────┴──────────────┴──────────────────┴────────────────────────┴─────────────────────┘