2026-04-25 22:39:57,242 - freqtrade - INFO - freqtrade 2026.3
2026-04-25 22:39:58,290 - freqtrade.configuration.load_config - INFO - Using config: /home/mohs/Desktop/ae/pyside6/user_data/config.json ...
2026-04-25 22:39:58,292 - freqtrade.loggers - INFO - Enabling colorized output.
2026-04-25 22:39:58,292 - freqtrade.loggers - INFO - Logfile configured
2026-04-25 22:39:58,292 - freqtrade.loggers - INFO - Verbosity set to 0
2026-04-25 22:39:58,293 - freqtrade.configuration.configuration - INFO - Using additional Strategy lookup path: 
/home/mohs/Desktop/ae/pyside6/user_data/optimizer/sessions/b8194b7f-3716-497e-8a17-833c28d4e223/trial_031/strategy_dir
2026-04-25 22:39:58,293 - freqtrade.configuration.configuration - WARNING - `force_entry_enable` RPC message enabled.
2026-04-25 22:39:58,293 - freqtrade.configuration.configuration - INFO - Parameter -i/--timeframe detected ... Using timeframe: 4h ...
2026-04-25 22:39:58,294 - freqtrade.configuration.configuration - INFO - Parameter --max-open-trades detected, overriding max_open_trades to: 3 ...
2026-04-25 22:39:58,294 - freqtrade.configuration.configuration - INFO - Parameter --dry-run-wallet detected, overriding dry_run_wallet to: 150.0 ...
2026-04-25 22:39:58,294 - freqtrade.configuration.configuration - INFO - Parameter --timerange detected: 20250422-20260417 ...
2026-04-25 22:39:58,295 - freqtrade.configuration.configuration - INFO - Using user-data directory: /home/mohs/Desktop/ae/pyside6/user_data ...
2026-04-25 22:39:58,295 - freqtrade.configuration.configuration - INFO - Using data directory: /home/mohs/Desktop/ae/pyside6/user_data/data/binance ...
2026-04-25 22:39:58,295 - freqtrade.configuration.configuration - INFO - Parameter --export detected: trades ...
2026-04-25 22:39:58,295 - freqtrade.configuration.configuration - INFO - Parameter --cache=day detected ...
2026-04-25 22:39:58,296 - freqtrade.configuration.configuration - INFO - Using pairs ['XRP/USDT', 'ETH/USDT', 'HOME/USDT']
2026-04-25 22:39:58,296 - freqtrade.configuration.configuration - INFO - Filter trades by timerange: 20250422-20260417
2026-04-25 22:39:58,296 - freqtrade.exchange.check_exchange - INFO - Checking exchange...
2026-04-25 22:39:58,302 - freqtrade.exchange.check_exchange - INFO - Exchange "binance" is officially supported by the Freqtrade development team.
2026-04-25 22:39:58,302 - freqtrade.configuration.config_validation - INFO - Validating configuration ...
2026-04-25 22:39:58,304 - freqtrade.commands.optimize_commands - INFO - Starting freqtrade in Backtesting mode
2026-04-25 22:39:58,305 - freqtrade.exchange.exchange - INFO - Instance is running with dry_run enabled
2026-04-25 22:39:58,305 - freqtrade.exchange.exchange - INFO - Using CCXT 4.5.50
2026-04-25 22:39:58,305 - freqtrade.exchange.exchange - INFO - Applying additional ccxt config: {'enableRateLimit': True, 'timeout': 120000}
2026-04-25 22:39:58,310 - freqtrade.exchange.exchange - INFO - Applying additional ccxt config: {'enableRateLimit': True, 'timeout': 120000}
2026-04-25 22:39:58,316 - freqtrade.exchange.exchange - INFO - Using Exchange "Binance"
2026-04-25 22:39:59,470 - freqtrade.resolvers.exchange_resolver - INFO - Using resolved exchange 'Binance'...
2026-04-25 22:39:59,478 - freqtrade.resolvers.iresolver - INFO - Using resolved strategy yes from 
'/home/mohs/Desktop/ae/pyside6/user_data/optimizer/sessions/b8194b7f-3716-497e-8a17-833c28d4e223/trial_031/strategy_dir/yes.py'...
2026-04-25 22:39:59,478 - freqtrade.strategy.hyper - INFO - Loading parameters from file 
/home/mohs/Desktop/ae/pyside6/user_data/optimizer/sessions/b8194b7f-3716-497e-8a17-833c28d4e223/trial_031/strategy_dir/yes.json
2026-04-25 22:39:59,479 - freqtrade.resolvers.strategy_resolver - INFO - Override strategy 'timeframe' with value from the configuration: 4h.
2026-04-25 22:39:59,479 - freqtrade.resolvers.strategy_resolver - INFO - Override strategy 'stake_currency' with value from the configuration: USDT.
2026-04-25 22:39:59,479 - freqtrade.resolvers.strategy_resolver - INFO - Override strategy 'stake_amount' with value from the configuration: unlimited.
2026-04-25 22:39:59,480 - freqtrade.resolvers.strategy_resolver - INFO - Override strategy 'use_exit_signal' with value from the configuration: True.
2026-04-25 22:39:59,480 - freqtrade.resolvers.strategy_resolver - INFO - Override strategy 'max_open_trades' with value from the configuration: 3.
2026-04-25 22:39:59,480 - freqtrade.resolvers.strategy_resolver - INFO - Strategy using minimal_roi: {'0': 0.5265017387605632, '13': 1.479700337943067, '146': 0.7698297546964277, '38': 
0.504066504695913}
2026-04-25 22:39:59,481 - freqtrade.resolvers.strategy_resolver - INFO - Strategy using timeframe: 4h
2026-04-25 22:39:59,481 - freqtrade.resolvers.strategy_resolver - INFO - Strategy using stoploss: -0.5574855041429211
2026-04-25 22:39:59,481 - freqtrade.resolvers.strategy_resolver - INFO - Strategy using trailing_stop: True
2026-04-25 22:39:59,481 - freqtrade.resolvers.strategy_resolver - INFO - Strategy using trailing_stop_positive: 0.406081182422837
2026-04-25 22:39:59,482 - freqtrade.resolvers.strategy_resolver - INFO - Strategy using trailing_stop_positive_offset: 0.4206302612002858
2026-04-25 22:39:59,482 - freqtrade.resolvers.strategy_resolver - INFO - Strategy using trailing_only_offset_is_reached: True
2026-04-25 22:39:59,482 - freqtrade.resolvers.strategy_resolver - INFO - Strategy using use_custom_stoploss: False
2026-04-25 22:39:59,482 - freqtrade.resolvers.strategy_resolver - INFO - Strategy using process_only_new_candles: True
2026-04-25 22:39:59,483 - freqtrade.resolvers.strategy_resolver - INFO - Strategy using order_types: {'entry': 'limit', 'exit': 'limit', 'stoploss': 'limit', 'stoploss_on_exchange': False, 
'stoploss_on_exchange_interval': 60}
2026-04-25 22:39:59,483 - freqtrade.resolvers.strategy_resolver - INFO - Strategy using order_time_in_force: {'entry': 'GTC', 'exit': 'GTC'}
2026-04-25 22:39:59,483 - freqtrade.resolvers.strategy_resolver - INFO - Strategy using stake_currency: USDT
2026-04-25 22:39:59,483 - freqtrade.resolvers.strategy_resolver - INFO - Strategy using stake_amount: unlimited
2026-04-25 22:39:59,484 - freqtrade.resolvers.strategy_resolver - INFO - Strategy using startup_candle_count: 0
2026-04-25 22:39:59,484 - freqtrade.resolvers.strategy_resolver - INFO - Strategy using use_exit_signal: True
2026-04-25 22:39:59,484 - freqtrade.resolvers.strategy_resolver - INFO - Strategy using exit_profit_only: False
2026-04-25 22:39:59,484 - freqtrade.resolvers.strategy_resolver - INFO - Strategy using ignore_roi_if_entry_signal: False
2026-04-25 22:39:59,485 - freqtrade.resolvers.strategy_resolver - INFO - Strategy using exit_profit_offset: 0.0
2026-04-25 22:39:59,485 - freqtrade.resolvers.strategy_resolver - INFO - Strategy using disable_dataframe_checks: False
2026-04-25 22:39:59,485 - freqtrade.resolvers.strategy_resolver - INFO - Strategy using ignore_buying_expired_candle_after: 0
2026-04-25 22:39:59,486 - freqtrade.resolvers.strategy_resolver - INFO - Strategy using position_adjustment_enable: False
2026-04-25 22:39:59,486 - freqtrade.resolvers.strategy_resolver - INFO - Strategy using max_entry_position_adjustment: -1
2026-04-25 22:39:59,486 - freqtrade.resolvers.strategy_resolver - INFO - Strategy using max_open_trades: 3
2026-04-25 22:39:59,486 - freqtrade.configuration.config_validation - INFO - Validating configuration ...
2026-04-25 22:39:59,490 - freqtrade.resolvers.iresolver - INFO - Using resolved pairlist StaticPairList from 
'/home/mohs/Desktop/ae/pyside6/.venv/lib/python3.12/site-packages/freqtrade/plugins/pairlist/StaticPairList.py'...
2026-04-25 22:39:59,502 - freqtrade.optimize.backtesting - INFO - Using fee 0.1000% - worst case fee from exchange (lowest tier).
2026-04-25 22:39:59,538 - freqtrade.data.history.datahandlers.idatahandler - WARNING - HOME/USDT, spot, 4h, data starts at 2025-06-12 12:00:00
2026-04-25 22:39:59,545 - freqtrade.optimize.backtesting - INFO - Loading data from 2025-04-22 00:00:00 up to 2026-04-17 00:00:00 (360 days).
2026-04-25 22:39:59,602 - freqtrade.optimize.backtesting - INFO - Dataload complete. Calculating indicators
2026-04-25 22:39:59,611 - freqtrade.optimize.backtesting - INFO - Running backtesting for Strategy yes
2026-04-25 22:39:59,611 - freqtrade.strategy.hyper - INFO - Strategy Parameter: buy_ma_count = 5
2026-04-25 22:39:59,612 - freqtrade.strategy.hyper - INFO - Strategy Parameter: buy_ma_gap = 10
2026-04-25 22:39:59,612 - freqtrade.strategy.hyper - INFO - Strategy Parameter: sell_ma_count = 2
2026-04-25 22:39:59,612 - freqtrade.strategy.hyper - INFO - Strategy Parameter: sell_ma_gap = 43
2026-04-25 22:39:59,619 - freqtrade.optimize.backtesting - INFO - Backtesting with data from 2025-04-22 00:00:00 up to 2026-04-17 00:00:00 (360 days).
2026-04-25 22:40:00,345 - freqtrade.misc - INFO - dumping json to "/home/mohs/Desktop/ae/pyside6/user_data/backtest_results/backtest-result-2026-04-25_22-40-00.meta.json"
Result for strategy yes
                                                BACKTESTING REPORT                                                
┏━━━━━━━━━━━┳━━━━━━━━┳━━━━━━━━━━━━━━┳━━━━━━━━━━━━━━━━━┳━━━━━━━━━━━━━━┳━━━━━━━━━━━━━━━━━━┳━━━━━━━━━━━━━━━━━━━━━━━━┓
┃      Pair ┃ Trades ┃ Avg Profit % ┃ Tot Profit USDT ┃ Tot Profit % ┃     Avg Duration ┃  Win  Draw  Loss  Win% ┃
┡━━━━━━━━━━━╇━━━━━━━━╇━━━━━━━━━━━━━━╇━━━━━━━━━━━━━━━━━╇━━━━━━━━━━━━━━╇━━━━━━━━━━━━━━━━━━╇━━━━━━━━━━━━━━━━━━━━━━━━┩
│  XRP/USDT │     19 │         1.25 │           7.797 │          5.2 │  9 days, 3:35:00 │    8     0    11  42.1 │
│  ETH/USDT │     21 │         0.31 │           0.436 │         0.29 │ 8 days, 16:46:00 │    6     0    15  28.6 │
│ HOME/USDT │     18 │        -0.39 │         -23.040 │       -15.36 │ 7 days, 23:20:00 │    6     0    12  33.3 │
│     TOTAL │     58 │          0.4 │         -14.808 │        -9.87 │ 8 days, 14:54:00 │   20     0    38  34.5 │
└───────────┴────────┴──────────────┴─────────────────┴──────────────┴──────────────────┴────────────────────────┘
                                             LEFT OPEN TRADES REPORT                                              
┏━━━━━━━━━━┳━━━━━━━━┳━━━━━━━━━━━━━━┳━━━━━━━━━━━━━━━━━┳━━━━━━━━━━━━━━┳━━━━━━━━━━━━━━━━━━━┳━━━━━━━━━━━━━━━━━━━━━━━━┓
┃     Pair ┃ Trades ┃ Avg Profit % ┃ Tot Profit USDT ┃ Tot Profit % ┃      Avg Duration ┃  Win  Draw  Loss  Win% ┃
┡━━━━━━━━━━╇━━━━━━━━╇━━━━━━━━━━━━━━╇━━━━━━━━━━━━━━━━━╇━━━━━━━━━━━━━━╇━━━━━━━━━━━━━━━━━━━╇━━━━━━━━━━━━━━━━━━━━━━━━┩
│ ETH/USDT │      1 │        11.44 │           5.177 │         3.45 │ 15 days, 20:00:00 │    1     0     0   100 │
│ XRP/USDT │      1 │        10.04 │           4.198 │          2.8 │  12 days, 4:00:00 │    1     0     0   100 │
│    TOTAL │      2 │        10.74 │           9.375 │         6.25 │  14 days, 0:00:00 │    2     0     0   100 │
└──────────┴────────┴──────────────┴─────────────────┴──────────────┴───────────────────┴────────────────────────┘
                                                  ENTER TAG STATS                                                  
┏━━━━━━━━━━━┳━━━━━━━━━┳━━━━━━━━━━━━━━┳━━━━━━━━━━━━━━━━━┳━━━━━━━━━━━━━━┳━━━━━━━━━━━━━━━━━━┳━━━━━━━━━━━━━━━━━━━━━━━━┓
┃ Enter Tag ┃ Entries ┃ Avg Profit % ┃ Tot Profit USDT ┃ Tot Profit % ┃     Avg Duration ┃  Win  Draw  Loss  Win% ┃
┡━━━━━━━━━━━╇━━━━━━━━━╇━━━━━━━━━━━━━━╇━━━━━━━━━━━━━━━━━╇━━━━━━━━━━━━━━╇━━━━━━━━━━━━━━━━━━╇━━━━━━━━━━━━━━━━━━━━━━━━┩
│     OTHER │      58 │          0.4 │         -14.808 │        -9.87 │ 8 days, 14:54:00 │   20     0    38  34.5 │
│     TOTAL │      58 │          0.4 │         -14.808 │        -9.87 │ 8 days, 14:54:00 │   20     0    38  34.5 │
└───────────┴─────────┴──────────────┴─────────────────┴──────────────┴──────────────────┴────────────────────────┘
                                                 EXIT REASON STATS                                                 
┏━━━━━━━━━━━━━┳━━━━━━━┳━━━━━━━━━━━━━━┳━━━━━━━━━━━━━━━━━┳━━━━━━━━━━━━━━┳━━━━━━━━━━━━━━━━━━┳━━━━━━━━━━━━━━━━━━━━━━━━┓
┃ Exit Reason ┃ Exits ┃ Avg Profit % ┃ Tot Profit USDT ┃ Tot Profit % ┃     Avg Duration ┃  Win  Draw  Loss  Win% ┃
┡━━━━━━━━━━━━━╇━━━━━━━╇━━━━━━━━━━━━━━╇━━━━━━━━━━━━━━━━━╇━━━━━━━━━━━━━━╇━━━━━━━━━━━━━━━━━━╇━━━━━━━━━━━━━━━━━━━━━━━━┩
│         roi │     1 │        77.01 │          34.732 │        23.15 │ 14 days, 8:00:00 │    1     0     0   100 │
│  force_exit │     2 │        10.74 │           9.375 │         6.25 │ 14 days, 0:00:00 │    2     0     0   100 │
│ exit_signal │    54 │        -0.36 │         -17.213 │       -11.48 │  8 days, 6:31:00 │   17     0    37  31.5 │
│   stop_loss │     1 │       -55.83 │         -41.702 │        -27.8 │ 11 days, 0:00:00 │    0     0     1     0 │
│       TOTAL │    58 │          0.4 │         -14.808 │        -9.87 │ 8 days, 14:54:00 │   20     0    38  34.5 │
└─────────────┴───────┴──────────────┴─────────────────┴──────────────┴──────────────────┴────────────────────────┘
                                                        MIXED TAG STATS                                                         
┏━━━━━━━━━━━┳━━━━━━━━━━━━━┳━━━━━━━━┳━━━━━━━━━━━━━━┳━━━━━━━━━━━━━━━━━┳━━━━━━━━━━━━━━┳━━━━━━━━━━━━━━━━━━┳━━━━━━━━━━━━━━━━━━━━━━━━┓
┃ Enter Tag ┃ Exit Reason ┃ Trades ┃ Avg Profit % ┃ Tot Profit USDT ┃ Tot Profit % ┃     Avg Duration ┃  Win  Draw  Loss  Win% ┃
┡━━━━━━━━━━━╇━━━━━━━━━━━━━╇━━━━━━━━╇━━━━━━━━━━━━━━╇━━━━━━━━━━━━━━━━━╇━━━━━━━━━━━━━━╇━━━━━━━━━━━━━━━━━━╇━━━━━━━━━━━━━━━━━━━━━━━━┩
│           │         roi │      1 │        77.01 │          34.732 │        23.15 │ 14 days, 8:00:00 │    1     0     0   100 │
│           │  force_exit │      2 │        10.74 │           9.375 │         6.25 │ 14 days, 0:00:00 │    2     0     0   100 │
│           │ exit_signal │     54 │        -0.36 │         -17.213 │       -11.48 │  8 days, 6:31:00 │   17     0    37  31.5 │
│           │   stop_loss │      1 │       -55.83 │         -41.702 │        -27.8 │ 11 days, 0:00:00 │    0     0     1     0 │
│     TOTAL │             │     58 │          0.4 │         -14.808 │        -9.87 │ 8 days, 14:54:00 │   20     0    38  34.5 │
└───────────┴─────────────┴────────┴──────────────┴─────────────────┴──────────────┴──────────────────┴────────────────────────┘
                          SUMMARY METRICS                           
┏━━━━━━━━━━━━━━━━━━━━━━━━━━━━━━━┳━━━━━━━━━━━━━━━━━━━━━━━━━━━━━━━━━━┓
┃ Metric                        ┃ Value                            ┃
┡━━━━━━━━━━━━━━━━━━━━━━━━━━━━━━━╇━━━━━━━━━━━━━━━━━━━━━━━━━━━━━━━━━━┩
│ Backtesting from              │ 2025-04-22 00:00:00              │
│ Backtesting to                │ 2026-04-17 00:00:00              │
│ Trading Mode                  │ Spot                             │
│ Max open trades               │ 3                                │
│                               │                                  │
│ Total/Daily Avg Trades        │ 58 / 0.16                        │
│ Starting balance              │ 150 USDT                         │
│ Final balance                 │ 135.192 USDT                     │
│ Absolute profit               │ -14.808 USDT                     │
│ Total profit %                │ -9.87%                           │
│ CAGR %                        │ -10.00%                          │
│ Sortino                       │ -0.12                            │
│ Sharpe                        │ -0.08                            │
│ Calmar                        │ -1.15                            │
│ SQN                           │ -0.21                            │
│ Profit factor                 │ 0.91                             │
│ Expectancy (Ratio)            │ -0.26 (-0.06)                    │
│ Avg. daily profit             │ -0.041 USDT                      │
│ Avg. stake amount             │ 57.262 USDT                      │
│ Total trade volume            │ 6640.91 USDT                     │
│                               │                                  │
│ Best Pair                     │ XRP/USDT 5.20%                   │
│ Worst Pair                    │ HOME/USDT -15.36%                │
│ Best trade                    │ HOME/USDT 77.01%                 │
│ Worst trade                   │ HOME/USDT -55.83%                │
│ Best day                      │ 81.286 USDT                      │
│ Worst day                     │ -41.702 USDT                     │
│ Days win/draw/lose            │ 15 / 267 / 34                    │
│ Min/Max/Avg. Duration Winners │ 5d 08:00 / 27d 16:00 / 12d 12:00 │
│ Min/Max/Avg. Duration Losers  │ 0d 12:00 / 22d 04:00 / 6d 13:54  │
│ Max Consecutive Wins / Loss   │ 5 / 12                           │
│ Rejected Entry signals        │ 0                                │
│ Entry/Exit Timeouts           │ 0 / 0                            │
│                               │                                  │
│ Min balance                   │ 125.817 USDT                     │
│ Max balance                   │ 231.74 USDT                      │
│ Max % of account underwater   │ 45.71%                           │
│ Absolute drawdown             │ 105.924 USDT (45.71%)            │
│ Drawdown duration             │ 239 days 20:00:00                │
│ Profit at drawdown start      │ 81.74 USDT                       │
│ Profit at drawdown end        │ -24.183 USDT                     │
│ Drawdown start                │ 2025-08-18 08:00:00              │
│ Drawdown end                  │ 2026-04-15 04:00:00              │
│ Market change                 │ -9.22%                           │
└───────────────────────────────┴──────────────────────────────────┘

Backtested 2025-04-22 00:00:00 -> 2026-04-17 00:00:00 | Max open trades : 3
                                                            STRATEGY SUMMARY                                                            
┏━━━━━━━━━━┳━━━━━━━━┳━━━━━━━━━━━━━━┳━━━━━━━━━━━━━━━━━┳━━━━━━━━━━━━━━┳━━━━━━━━━━━━━━━━━━┳━━━━━━━━━━━━━━━━━━━━━━━━┳━━━━━━━━━━━━━━━━━━━━━━┓
┃ Strategy ┃ Trades ┃ Avg Profit % ┃ Tot Profit USDT ┃ Tot Profit % ┃     Avg Duration ┃  Win  Draw  Loss  Win% ┃             Drawdown ┃
┡━━━━━━━━━━╇━━━━━━━━╇━━━━━━━━━━━━━━╇━━━━━━━━━━━━━━━━━╇━━━━━━━━━━━━━━╇━━━━━━━━━━━━━━━━━━╇━━━━━━━━━━━━━━━━━━━━━━━━╇━━━━━━━━━━━━━━━━━━━━━━┩
│      yes │     58 │         0.40 │         -14.808 │        -9.87 │ 8 days, 14:54:00 │   20     0    38  34.5 │ 105.924 USDT  45.71% │
└──────────┴────────┴──────────────┴─────────────────┴──────────────┴──────────────────┴────────────────────────┴──────────────────────┘