2026-04-25 06:00:33,645 - freqtrade - INFO - freqtrade 2026.3
2026-04-25 06:00:34,643 - freqtrade.configuration.load_config - INFO - Using config: /home/mohs/Desktop/ae/pyside6/user_data/config.json ...
2026-04-25 06:00:34,646 - freqtrade.loggers - INFO - Enabling colorized output.
2026-04-25 06:00:34,646 - freqtrade.loggers - INFO - Logfile configured
2026-04-25 06:00:34,646 - freqtrade.loggers - INFO - Verbosity set to 0
2026-04-25 06:00:34,647 - freqtrade.configuration.configuration - INFO - Using additional Strategy lookup path: 
/home/mohs/Desktop/ae/pyside6/user_data/optimizer/sessions/39ae9442-8ff2-45a0-8950-bb48be8f34cb/trial_049/strategy_dir
2026-04-25 06:00:34,647 - freqtrade.configuration.configuration - WARNING - `force_entry_enable` RPC message enabled.
2026-04-25 06:00:34,647 - freqtrade.configuration.configuration - INFO - Parameter -i/--timeframe detected ... Using timeframe: 4h ...
2026-04-25 06:00:34,647 - freqtrade.configuration.configuration - INFO - Parameter --max-open-trades detected, overriding max_open_trades to: 2 ...
2026-04-25 06:00:34,648 - freqtrade.configuration.configuration - INFO - Parameter --dry-run-wallet detected, overriding dry_run_wallet to: 80.0 ...
2026-04-25 06:00:34,648 - freqtrade.configuration.configuration - INFO - Parameter --timerange detected: 20250422-20260417 ...
2026-04-25 06:00:34,648 - freqtrade.configuration.configuration - INFO - Using user-data directory: /home/mohs/Desktop/ae/pyside6/user_data ...
2026-04-25 06:00:34,649 - freqtrade.configuration.configuration - INFO - Using data directory: /home/mohs/Desktop/ae/pyside6/user_data/data/binance ...
2026-04-25 06:00:34,649 - freqtrade.configuration.configuration - INFO - Parameter --export detected: trades ...
2026-04-25 06:00:34,649 - freqtrade.configuration.configuration - INFO - Parameter --cache=day detected ...
2026-04-25 06:00:34,649 - freqtrade.configuration.configuration - INFO - Using pairs ['ADA/USDT', 'ETH/USDT']
2026-04-25 06:00:34,650 - freqtrade.configuration.configuration - INFO - Filter trades by timerange: 20250422-20260417
2026-04-25 06:00:34,650 - freqtrade.exchange.check_exchange - INFO - Checking exchange...
2026-04-25 06:00:34,656 - freqtrade.exchange.check_exchange - INFO - Exchange "binance" is officially supported by the Freqtrade development team.
2026-04-25 06:00:34,656 - freqtrade.configuration.config_validation - INFO - Validating configuration ...
2026-04-25 06:00:34,658 - freqtrade.commands.optimize_commands - INFO - Starting freqtrade in Backtesting mode
2026-04-25 06:00:34,658 - freqtrade.exchange.exchange - INFO - Instance is running with dry_run enabled
2026-04-25 06:00:34,659 - freqtrade.exchange.exchange - INFO - Using CCXT 4.5.50
2026-04-25 06:00:34,659 - freqtrade.exchange.exchange - INFO - Applying additional ccxt config: {'enableRateLimit': True, 'timeout': 120000}
2026-04-25 06:00:34,664 - freqtrade.exchange.exchange - INFO - Applying additional ccxt config: {'enableRateLimit': True, 'timeout': 120000}
2026-04-25 06:00:34,670 - freqtrade.exchange.exchange - INFO - Using Exchange "Binance"
2026-04-25 06:00:35,835 - freqtrade.resolvers.exchange_resolver - INFO - Using resolved exchange 'Binance'...
2026-04-25 06:00:35,844 - freqtrade.resolvers.iresolver - INFO - Using resolved strategy MultiMa from 
'/home/mohs/Desktop/ae/pyside6/user_data/optimizer/sessions/39ae9442-8ff2-45a0-8950-bb48be8f34cb/trial_049/strategy_dir/MultiMa.py'...
2026-04-25 06:00:35,844 - freqtrade.strategy.hyper - INFO - Loading parameters from file 
/home/mohs/Desktop/ae/pyside6/user_data/optimizer/sessions/39ae9442-8ff2-45a0-8950-bb48be8f34cb/trial_049/strategy_dir/MultiMa.json
2026-04-25 06:00:35,845 - freqtrade.resolvers.strategy_resolver - INFO - Override strategy 'timeframe' with value from the configuration: 4h.
2026-04-25 06:00:35,845 - freqtrade.resolvers.strategy_resolver - INFO - Override strategy 'stake_currency' with value from the configuration: USDT.
2026-04-25 06:00:35,845 - freqtrade.resolvers.strategy_resolver - INFO - Override strategy 'stake_amount' with value from the configuration: unlimited.
2026-04-25 06:00:35,846 - freqtrade.resolvers.strategy_resolver - INFO - Override strategy 'use_exit_signal' with value from the configuration: True.
2026-04-25 06:00:35,846 - freqtrade.resolvers.strategy_resolver - INFO - Override strategy 'max_open_trades' with value from the configuration: 2.
2026-04-25 06:00:35,846 - freqtrade.resolvers.strategy_resolver - INFO - Strategy using minimal_roi: {'0': 0.523, '1553': 0.123, '2332': 0.076, '3169': 0}
2026-04-25 06:00:35,846 - freqtrade.resolvers.strategy_resolver - INFO - Strategy using timeframe: 4h
2026-04-25 06:00:35,847 - freqtrade.resolvers.strategy_resolver - INFO - Strategy using stoploss: -0.345
2026-04-25 06:00:35,847 - freqtrade.resolvers.strategy_resolver - INFO - Strategy using trailing_stop: False
2026-04-25 06:00:35,847 - freqtrade.resolvers.strategy_resolver - INFO - Strategy using trailing_stop_positive_offset: 0.0
2026-04-25 06:00:35,847 - freqtrade.resolvers.strategy_resolver - INFO - Strategy using trailing_only_offset_is_reached: False
2026-04-25 06:00:35,848 - freqtrade.resolvers.strategy_resolver - INFO - Strategy using use_custom_stoploss: False
2026-04-25 06:00:35,848 - freqtrade.resolvers.strategy_resolver - INFO - Strategy using process_only_new_candles: True
2026-04-25 06:00:35,848 - freqtrade.resolvers.strategy_resolver - INFO - Strategy using order_types: {'entry': 'limit', 'exit': 'limit', 'stoploss': 'limit', 'stoploss_on_exchange': False, 
'stoploss_on_exchange_interval': 60}
2026-04-25 06:00:35,848 - freqtrade.resolvers.strategy_resolver - INFO - Strategy using order_time_in_force: {'entry': 'GTC', 'exit': 'GTC'}
2026-04-25 06:00:35,849 - freqtrade.resolvers.strategy_resolver - INFO - Strategy using stake_currency: USDT
2026-04-25 06:00:35,849 - freqtrade.resolvers.strategy_resolver - INFO - Strategy using stake_amount: unlimited
2026-04-25 06:00:35,849 - freqtrade.resolvers.strategy_resolver - INFO - Strategy using startup_candle_count: 0
2026-04-25 06:00:35,849 - freqtrade.resolvers.strategy_resolver - INFO - Strategy using use_exit_signal: True
2026-04-25 06:00:35,850 - freqtrade.resolvers.strategy_resolver - INFO - Strategy using exit_profit_only: False
2026-04-25 06:00:35,850 - freqtrade.resolvers.strategy_resolver - INFO - Strategy using ignore_roi_if_entry_signal: False
2026-04-25 06:00:35,850 - freqtrade.resolvers.strategy_resolver - INFO - Strategy using exit_profit_offset: 0.0
2026-04-25 06:00:35,850 - freqtrade.resolvers.strategy_resolver - INFO - Strategy using disable_dataframe_checks: False
2026-04-25 06:00:35,850 - freqtrade.resolvers.strategy_resolver - INFO - Strategy using ignore_buying_expired_candle_after: 0
2026-04-25 06:00:35,851 - freqtrade.resolvers.strategy_resolver - INFO - Strategy using position_adjustment_enable: False
2026-04-25 06:00:35,851 - freqtrade.resolvers.strategy_resolver - INFO - Strategy using max_entry_position_adjustment: -1
2026-04-25 06:00:35,851 - freqtrade.resolvers.strategy_resolver - INFO - Strategy using max_open_trades: 2
2026-04-25 06:00:35,851 - freqtrade.configuration.config_validation - INFO - Validating configuration ...
2026-04-25 06:00:35,855 - freqtrade.resolvers.iresolver - INFO - Using resolved pairlist StaticPairList from 
'/home/mohs/Desktop/ae/pyside6/.venv/lib/python3.12/site-packages/freqtrade/plugins/pairlist/StaticPairList.py'...
2026-04-25 06:00:35,865 - freqtrade.optimize.backtesting - INFO - Using fee 0.1000% - worst case fee from exchange (lowest tier).
2026-04-25 06:00:35,872 - freqtrade.data.history.datahandlers.idatahandler - WARNING - ADA/USDT, spot, 4h, data starts at 2025-04-24 00:00:00
2026-04-25 06:00:35,885 - freqtrade.data.history.datahandlers.idatahandler - WARNING - ETH/USDT, spot, 4h, data starts at 2025-04-24 00:00:00
2026-04-25 06:00:35,893 - freqtrade.optimize.backtesting - INFO - Loading data from 2025-04-24 00:00:00 up to 2026-04-17 00:00:00 (358 days).
2026-04-25 06:00:35,932 - freqtrade.optimize.backtesting - INFO - Dataload complete. Calculating indicators
2026-04-25 06:00:35,936 - freqtrade.optimize.backtesting - INFO - Running backtesting for Strategy MultiMa
2026-04-25 06:00:35,936 - freqtrade.strategy.hyper - INFO - Strategy Parameter: buy_ma_count = 4
2026-04-25 06:00:35,936 - freqtrade.strategy.hyper - INFO - Strategy Parameter: buy_ma_gap = 100
2026-04-25 06:00:35,937 - freqtrade.strategy.hyper - INFO - Strategy Parameter: sell_ma_count = 4
2026-04-25 06:00:35,937 - freqtrade.strategy.hyper - INFO - Strategy Parameter: sell_ma_gap = 66
2026-04-25 06:00:35,942 - freqtrade.optimize.backtesting - INFO - Backtesting with data from 2025-04-24 00:00:00 up to 2026-04-17 00:00:00 (358 days).
2026-04-25 06:00:36,364 - freqtrade.misc - INFO - dumping json to "/home/mohs/Desktop/ae/pyside6/user_data/backtest_results/backtest-result-2026-04-25_06-00-36.meta.json"
  ADA/USDT	
  ETH/USDT	
Result for strategy MultiMa
                                               BACKTESTING REPORT                                                
┏━━━━━━━━━━┳━━━━━━━━┳━━━━━━━━━━━━━━┳━━━━━━━━━━━━━━━━━┳━━━━━━━━━━━━━━┳━━━━━━━━━━━━━━━━━━┳━━━━━━━━━━━━━━━━━━━━━━━━┓
┃     Pair ┃ Trades ┃ Avg Profit % ┃ Tot Profit USDT ┃ Tot Profit % ┃     Avg Duration ┃  Win  Draw  Loss  Win% ┃
┡━━━━━━━━━━╇━━━━━━━━╇━━━━━━━━━━━━━━╇━━━━━━━━━━━━━━━━━╇━━━━━━━━━━━━━━╇━━━━━━━━━━━━━━━━━━╇━━━━━━━━━━━━━━━━━━━━━━━━┩
│ ETH/USDT │     19 │         0.14 │          -0.115 │        -0.14 │ 3 days, 23:09:00 │   15     0     4  78.9 │
│ ADA/USDT │     13 │        -3.96 │         -19.309 │       -24.14 │  6 days, 1:51:00 │    7     0     6  53.8 │
│    TOTAL │     32 │        -1.52 │         -19.425 │       -24.28 │ 4 days, 19:45:00 │   22     0    10  68.8 │
└──────────┴────────┴──────────────┴─────────────────┴──────────────┴──────────────────┴────────────────────────┘
                                           LEFT OPEN TRADES REPORT                                           
┏━━━━━━━━━━┳━━━━━━━━┳━━━━━━━━━━━━━━┳━━━━━━━━━━━━━━━━━┳━━━━━━━━━━━━━━┳━━━━━━━━━━━━━━┳━━━━━━━━━━━━━━━━━━━━━━━━┓
┃     Pair ┃ Trades ┃ Avg Profit % ┃ Tot Profit USDT ┃ Tot Profit % ┃ Avg Duration ┃  Win  Draw  Loss  Win% ┃
┡━━━━━━━━━━╇━━━━━━━━╇━━━━━━━━━━━━━━╇━━━━━━━━━━━━━━━━━╇━━━━━━━━━━━━━━╇━━━━━━━━━━━━━━╇━━━━━━━━━━━━━━━━━━━━━━━━┩
│ ETH/USDT │      1 │         0.08 │           0.025 │         0.03 │     16:00:00 │    1     0     0   100 │
│    TOTAL │      1 │         0.08 │           0.025 │         0.03 │     16:00:00 │    1     0     0   100 │
└──────────┴────────┴──────────────┴─────────────────┴──────────────┴──────────────┴────────────────────────┘
                                                  ENTER TAG STATS                                                  
┏━━━━━━━━━━━┳━━━━━━━━━┳━━━━━━━━━━━━━━┳━━━━━━━━━━━━━━━━━┳━━━━━━━━━━━━━━┳━━━━━━━━━━━━━━━━━━┳━━━━━━━━━━━━━━━━━━━━━━━━┓
┃ Enter Tag ┃ Entries ┃ Avg Profit % ┃ Tot Profit USDT ┃ Tot Profit % ┃     Avg Duration ┃  Win  Draw  Loss  Win% ┃
┡━━━━━━━━━━━╇━━━━━━━━━╇━━━━━━━━━━━━━━╇━━━━━━━━━━━━━━━━━╇━━━━━━━━━━━━━━╇━━━━━━━━━━━━━━━━━━╇━━━━━━━━━━━━━━━━━━━━━━━━┩
│     OTHER │      32 │        -1.52 │         -19.425 │       -24.28 │ 4 days, 19:45:00 │   22     0    10  68.8 │
│     TOTAL │      32 │        -1.52 │         -19.425 │       -24.28 │ 4 days, 19:45:00 │   22     0    10  68.8 │
└───────────┴─────────┴──────────────┴─────────────────┴──────────────┴──────────────────┴────────────────────────┘
                                                 EXIT REASON STATS                                                 
┏━━━━━━━━━━━━━┳━━━━━━━┳━━━━━━━━━━━━━━┳━━━━━━━━━━━━━━━━━┳━━━━━━━━━━━━━━┳━━━━━━━━━━━━━━━━━━┳━━━━━━━━━━━━━━━━━━━━━━━━┓
┃ Exit Reason ┃ Exits ┃ Avg Profit % ┃ Tot Profit USDT ┃ Tot Profit % ┃     Avg Duration ┃  Win  Draw  Loss  Win% ┃
┡━━━━━━━━━━━━━╇━━━━━━━╇━━━━━━━━━━━━━━╇━━━━━━━━━━━━━━━━━╇━━━━━━━━━━━━━━╇━━━━━━━━━━━━━━━━━━╇━━━━━━━━━━━━━━━━━━━━━━━━┩
│         roi │    24 │          2.2 │          17.262 │        21.58 │ 3 days, 19:00:00 │   21     0     3  87.5 │
│  force_exit │     1 │         0.08 │           0.025 │         0.03 │         16:00:00 │    1     0     0   100 │
│ exit_signal │     7 │        -14.5 │         -36.712 │       -45.89 │ 8 days, 22:51:00 │    0     0     7     0 │
│       TOTAL │    32 │        -1.52 │         -19.425 │       -24.28 │ 4 days, 19:45:00 │   22     0    10  68.8 │
└─────────────┴───────┴──────────────┴─────────────────┴──────────────┴──────────────────┴────────────────────────┘
                                                        MIXED TAG STATS                                                         
┏━━━━━━━━━━━┳━━━━━━━━━━━━━┳━━━━━━━━┳━━━━━━━━━━━━━━┳━━━━━━━━━━━━━━━━━┳━━━━━━━━━━━━━━┳━━━━━━━━━━━━━━━━━━┳━━━━━━━━━━━━━━━━━━━━━━━━┓
┃ Enter Tag ┃ Exit Reason ┃ Trades ┃ Avg Profit % ┃ Tot Profit USDT ┃ Tot Profit % ┃     Avg Duration ┃  Win  Draw  Loss  Win% ┃
┡━━━━━━━━━━━╇━━━━━━━━━━━━━╇━━━━━━━━╇━━━━━━━━━━━━━━╇━━━━━━━━━━━━━━━━━╇━━━━━━━━━━━━━━╇━━━━━━━━━━━━━━━━━━╇━━━━━━━━━━━━━━━━━━━━━━━━┩
│           │         roi │     24 │          2.2 │          17.262 │        21.58 │ 3 days, 19:00:00 │   21     0     3  87.5 │
│           │  force_exit │      1 │         0.08 │           0.025 │         0.03 │         16:00:00 │    1     0     0   100 │
│           │ exit_signal │      7 │        -14.5 │         -36.712 │       -45.89 │ 8 days, 22:51:00 │    0     0     7     0 │
│     TOTAL │             │     32 │        -1.52 │         -19.425 │       -24.28 │ 4 days, 19:45:00 │   22     0    10  68.8 │
└───────────┴─────────────┴────────┴──────────────┴─────────────────┴──────────────┴──────────────────┴────────────────────────┘
                          SUMMARY METRICS                          
┏━━━━━━━━━━━━━━━━━━━━━━━━━━━━━━━┳━━━━━━━━━━━━━━━━━━━━━━━━━━━━━━━━━┓
┃ Metric                        ┃ Value                           ┃
┡━━━━━━━━━━━━━━━━━━━━━━━━━━━━━━━╇━━━━━━━━━━━━━━━━━━━━━━━━━━━━━━━━━┩
│ Backtesting from              │ 2025-04-24 00:00:00             │
│ Backtesting to                │ 2026-04-17 00:00:00             │
│ Trading Mode                  │ Spot                            │
│ Max open trades               │ 2                               │
│                               │                                 │
│ Total/Daily Avg Trades        │ 32 / 0.09                       │
│ Starting balance              │ 80 USDT                         │
│ Final balance                 │ 60.575 USDT                     │
│ Absolute profit               │ -19.425 USDT                    │
│ Total profit %                │ -24.28%                         │
│ CAGR %                        │ -24.69%                         │
│ Sortino                       │ -0.38                           │
│ Sharpe                        │ -0.38                           │
│ Calmar                        │ -5.09                           │
│ SQN                           │ -1.24                           │
│ Profit factor                 │ 0.47                            │
│ Expectancy (Ratio)            │ -0.61 (-0.17)                   │
│ Avg. daily profit             │ -0.054 USDT                     │
│ Avg. stake amount             │ 33.695 USDT                     │
│ Total trade volume            │ 2141.327 USDT                   │
│                               │                                 │
│ Best Pair                     │ ETH/USDT -0.14%                 │
│ Worst Pair                    │ ADA/USDT -24.14%                │
│ Best trade                    │ ETH/USDT 10.63%                 │
│ Worst trade                   │ ADA/USDT -20.81%                │
│ Best day                      │ 3.545 USDT                      │
│ Worst day                     │ -8.321 USDT                     │
│ Days win/draw/lose            │ 17 / 123 / 10                   │
│ Min/Max/Avg. Duration Winners │ 0d 16:00 / 15d 00:00 / 3d 11:49 │
│ Min/Max/Avg. Duration Losers  │ 1d 20:00 / 16d 00:00 / 7d 18:00 │
│ Max Consecutive Wins / Loss   │ 7 / 3                           │
│ Rejected Entry signals        │ 0                               │
│ Entry/Exit Timeouts           │ 0 / 0                           │
│                               │                                 │
│ Min balance                   │ 59.649 USDT                     │
│ Max balance                   │ 75.013 USDT                     │
│ Max % of account underwater   │ 25.44%                          │
│ Absolute drawdown             │ 20.351 USDT (25.44%)            │
│ Drawdown duration             │ 144 days 20:00:00               │
│ Profit at drawdown start      │ 0 USDT                          │
│ Profit at drawdown end        │ -20.351 USDT                    │
│ Drawdown start                │ 2025-11-19 20:00:00             │
│ Drawdown end                  │ 2026-04-13 16:00:00             │
│ Market change                 │ -15.50%                         │
└───────────────────────────────┴─────────────────────────────────┘

Backtested 2025-04-24 00:00:00 -> 2026-04-17 00:00:00 | Max open trades : 2
                                                           STRATEGY SUMMARY                                                            
┏━━━━━━━━━━┳━━━━━━━━┳━━━━━━━━━━━━━━┳━━━━━━━━━━━━━━━━━┳━━━━━━━━━━━━━━┳━━━━━━━━━━━━━━━━━━┳━━━━━━━━━━━━━━━━━━━━━━━━┳━━━━━━━━━━━━━━━━━━━━━┓
┃ Strategy ┃ Trades ┃ Avg Profit % ┃ Tot Profit USDT ┃ Tot Profit % ┃     Avg Duration ┃  Win  Draw  Loss  Win% ┃            Drawdown ┃
┡━━━━━━━━━━╇━━━━━━━━╇━━━━━━━━━━━━━━╇━━━━━━━━━━━━━━━━━╇━━━━━━━━━━━━━━╇━━━━━━━━━━━━━━━━━━╇━━━━━━━━━━━━━━━━━━━━━━━━╇━━━━━━━━━━━━━━━━━━━━━┩
│  MultiMa │     32 │        -1.52 │         -19.425 │       -24.28 │ 4 days, 19:45:00 │   22     0    10  68.8 │ 20.351 USDT  25.44% │
└──────────┴────────┴──────────────┴─────────────────┴──────────────┴──────────────────┴────────────────────────┴─────────────────────┘