2026-04-25 22:40:11,693 - freqtrade - INFO - freqtrade 2026.3
2026-04-25 22:40:12,745 - freqtrade.configuration.load_config - INFO - Using config: /home/mohs/Desktop/ae/pyside6/user_data/config.json ...
2026-04-25 22:40:12,748 - freqtrade.loggers - INFO - Enabling colorized output.
2026-04-25 22:40:12,748 - freqtrade.loggers - INFO - Logfile configured
2026-04-25 22:40:12,748 - freqtrade.loggers - INFO - Verbosity set to 0
2026-04-25 22:40:12,749 - freqtrade.configuration.configuration - INFO - Using additional Strategy lookup path: 
/home/mohs/Desktop/ae/pyside6/user_data/optimizer/sessions/b8194b7f-3716-497e-8a17-833c28d4e223/trial_035/strategy_dir
2026-04-25 22:40:12,749 - freqtrade.configuration.configuration - WARNING - `force_entry_enable` RPC message enabled.
2026-04-25 22:40:12,749 - freqtrade.configuration.configuration - INFO - Parameter -i/--timeframe detected ... Using timeframe: 4h ...
2026-04-25 22:40:12,749 - freqtrade.configuration.configuration - INFO - Parameter --max-open-trades detected, overriding max_open_trades to: 3 ...
2026-04-25 22:40:12,750 - freqtrade.configuration.configuration - INFO - Parameter --dry-run-wallet detected, overriding dry_run_wallet to: 150.0 ...
2026-04-25 22:40:12,750 - freqtrade.configuration.configuration - INFO - Parameter --timerange detected: 20250422-20260417 ...
2026-04-25 22:40:12,750 - freqtrade.configuration.configuration - INFO - Using user-data directory: /home/mohs/Desktop/ae/pyside6/user_data ...
2026-04-25 22:40:12,751 - freqtrade.configuration.configuration - INFO - Using data directory: /home/mohs/Desktop/ae/pyside6/user_data/data/binance ...
2026-04-25 22:40:12,751 - freqtrade.configuration.configuration - INFO - Parameter --export detected: trades ...
2026-04-25 22:40:12,751 - freqtrade.configuration.configuration - INFO - Parameter --cache=day detected ...
2026-04-25 22:40:12,752 - freqtrade.configuration.configuration - INFO - Using pairs ['XRP/USDT', 'ETH/USDT', 'HOME/USDT']
2026-04-25 22:40:12,752 - freqtrade.configuration.configuration - INFO - Filter trades by timerange: 20250422-20260417
2026-04-25 22:40:12,752 - freqtrade.exchange.check_exchange - INFO - Checking exchange...
2026-04-25 22:40:12,758 - freqtrade.exchange.check_exchange - INFO - Exchange "binance" is officially supported by the Freqtrade development team.
2026-04-25 22:40:12,759 - freqtrade.configuration.config_validation - INFO - Validating configuration ...
2026-04-25 22:40:12,760 - freqtrade.commands.optimize_commands - INFO - Starting freqtrade in Backtesting mode
2026-04-25 22:40:12,761 - freqtrade.exchange.exchange - INFO - Instance is running with dry_run enabled
2026-04-25 22:40:12,761 - freqtrade.exchange.exchange - INFO - Using CCXT 4.5.50
2026-04-25 22:40:12,761 - freqtrade.exchange.exchange - INFO - Applying additional ccxt config: {'enableRateLimit': True, 'timeout': 120000}
2026-04-25 22:40:12,767 - freqtrade.exchange.exchange - INFO - Applying additional ccxt config: {'enableRateLimit': True, 'timeout': 120000}
2026-04-25 22:40:12,772 - freqtrade.exchange.exchange - INFO - Using Exchange "Binance"
2026-04-25 22:40:14,020 - freqtrade.resolvers.exchange_resolver - INFO - Using resolved exchange 'Binance'...
2026-04-25 22:40:14,028 - freqtrade.resolvers.iresolver - INFO - Using resolved strategy yes from 
'/home/mohs/Desktop/ae/pyside6/user_data/optimizer/sessions/b8194b7f-3716-497e-8a17-833c28d4e223/trial_035/strategy_dir/yes.py'...
2026-04-25 22:40:14,028 - freqtrade.strategy.hyper - INFO - Loading parameters from file 
/home/mohs/Desktop/ae/pyside6/user_data/optimizer/sessions/b8194b7f-3716-497e-8a17-833c28d4e223/trial_035/strategy_dir/yes.json
2026-04-25 22:40:14,029 - freqtrade.resolvers.strategy_resolver - INFO - Override strategy 'timeframe' with value from the configuration: 4h.
2026-04-25 22:40:14,029 - freqtrade.resolvers.strategy_resolver - INFO - Override strategy 'stake_currency' with value from the configuration: USDT.
2026-04-25 22:40:14,029 - freqtrade.resolvers.strategy_resolver - INFO - Override strategy 'stake_amount' with value from the configuration: unlimited.
2026-04-25 22:40:14,030 - freqtrade.resolvers.strategy_resolver - INFO - Override strategy 'use_exit_signal' with value from the configuration: True.
2026-04-25 22:40:14,030 - freqtrade.resolvers.strategy_resolver - INFO - Override strategy 'max_open_trades' with value from the configuration: 3.
2026-04-25 22:40:14,030 - freqtrade.resolvers.strategy_resolver - INFO - Strategy using minimal_roi: {'0': 0.6874413887570316, '13': 1.0290770547492267, '146': 0.21520153286132493, '38': 
0.48147026928669967}
2026-04-25 22:40:14,031 - freqtrade.resolvers.strategy_resolver - INFO - Strategy using timeframe: 4h
2026-04-25 22:40:14,031 - freqtrade.resolvers.strategy_resolver - INFO - Strategy using stoploss: -0.6578657691207017
2026-04-25 22:40:14,031 - freqtrade.resolvers.strategy_resolver - INFO - Strategy using trailing_stop: False
2026-04-25 22:40:14,031 - freqtrade.resolvers.strategy_resolver - INFO - Strategy using trailing_stop_positive: 0.17715671563645558
2026-04-25 22:40:14,032 - freqtrade.resolvers.strategy_resolver - INFO - Strategy using trailing_stop_positive_offset: 0.4449237160607032
2026-04-25 22:40:14,032 - freqtrade.resolvers.strategy_resolver - INFO - Strategy using trailing_only_offset_is_reached: True
2026-04-25 22:40:14,032 - freqtrade.resolvers.strategy_resolver - INFO - Strategy using use_custom_stoploss: False
2026-04-25 22:40:14,032 - freqtrade.resolvers.strategy_resolver - INFO - Strategy using process_only_new_candles: True
2026-04-25 22:40:14,033 - freqtrade.resolvers.strategy_resolver - INFO - Strategy using order_types: {'entry': 'limit', 'exit': 'limit', 'stoploss': 'limit', 'stoploss_on_exchange': False, 
'stoploss_on_exchange_interval': 60}
2026-04-25 22:40:14,033 - freqtrade.resolvers.strategy_resolver - INFO - Strategy using order_time_in_force: {'entry': 'GTC', 'exit': 'GTC'}
2026-04-25 22:40:14,033 - freqtrade.resolvers.strategy_resolver - INFO - Strategy using stake_currency: USDT
2026-04-25 22:40:14,033 - freqtrade.resolvers.strategy_resolver - INFO - Strategy using stake_amount: unlimited
2026-04-25 22:40:14,034 - freqtrade.resolvers.strategy_resolver - INFO - Strategy using startup_candle_count: 0
2026-04-25 22:40:14,034 - freqtrade.resolvers.strategy_resolver - INFO - Strategy using use_exit_signal: True
2026-04-25 22:40:14,034 - freqtrade.resolvers.strategy_resolver - INFO - Strategy using exit_profit_only: False
2026-04-25 22:40:14,034 - freqtrade.resolvers.strategy_resolver - INFO - Strategy using ignore_roi_if_entry_signal: False
2026-04-25 22:40:14,035 - freqtrade.resolvers.strategy_resolver - INFO - Strategy using exit_profit_offset: 0.0
2026-04-25 22:40:14,035 - freqtrade.resolvers.strategy_resolver - INFO - Strategy using disable_dataframe_checks: False
2026-04-25 22:40:14,035 - freqtrade.resolvers.strategy_resolver - INFO - Strategy using ignore_buying_expired_candle_after: 0
2026-04-25 22:40:14,035 - freqtrade.resolvers.strategy_resolver - INFO - Strategy using position_adjustment_enable: False
2026-04-25 22:40:14,036 - freqtrade.resolvers.strategy_resolver - INFO - Strategy using max_entry_position_adjustment: -1
2026-04-25 22:40:14,036 - freqtrade.resolvers.strategy_resolver - INFO - Strategy using max_open_trades: 3
2026-04-25 22:40:14,036 - freqtrade.configuration.config_validation - INFO - Validating configuration ...
2026-04-25 22:40:14,040 - freqtrade.resolvers.iresolver - INFO - Using resolved pairlist StaticPairList from 
'/home/mohs/Desktop/ae/pyside6/.venv/lib/python3.12/site-packages/freqtrade/plugins/pairlist/StaticPairList.py'...
2026-04-25 22:40:14,052 - freqtrade.optimize.backtesting - INFO - Using fee 0.1000% - worst case fee from exchange (lowest tier).
2026-04-25 22:40:14,086 - freqtrade.data.history.datahandlers.idatahandler - WARNING - HOME/USDT, spot, 4h, data starts at 2025-06-12 12:00:00
2026-04-25 22:40:14,094 - freqtrade.optimize.backtesting - INFO - Loading data from 2025-04-22 00:00:00 up to 2026-04-17 00:00:00 (360 days).
2026-04-25 22:40:14,148 - freqtrade.optimize.backtesting - INFO - Dataload complete. Calculating indicators
2026-04-25 22:40:14,156 - freqtrade.optimize.backtesting - INFO - Running backtesting for Strategy yes
2026-04-25 22:40:14,156 - freqtrade.strategy.hyper - INFO - Strategy Parameter: buy_ma_count = 17
2026-04-25 22:40:14,157 - freqtrade.strategy.hyper - INFO - Strategy Parameter: buy_ma_gap = 16
2026-04-25 22:40:14,157 - freqtrade.strategy.hyper - INFO - Strategy Parameter: sell_ma_count = 19
2026-04-25 22:40:14,157 - freqtrade.strategy.hyper - INFO - Strategy Parameter: sell_ma_gap = 35
2026-04-25 22:40:14,171 - freqtrade.optimize.backtesting - INFO - Backtesting with data from 2025-04-22 00:00:00 up to 2026-04-17 00:00:00 (360 days).
2026-04-25 22:40:14,384 - freqtrade.misc - INFO - dumping json to "/home/mohs/Desktop/ae/pyside6/user_data/backtest_results/backtest-result-2026-04-25_22-40-14.meta.json"
Result for strategy yes
                                               BACKTESTING REPORT                                                
┏━━━━━━━━━━━┳━━━━━━━━┳━━━━━━━━━━━━━━┳━━━━━━━━━━━━━━━━━┳━━━━━━━━━━━━━━┳━━━━━━━━━━━━━━━━━┳━━━━━━━━━━━━━━━━━━━━━━━━┓
┃      Pair ┃ Trades ┃ Avg Profit % ┃ Tot Profit USDT ┃ Tot Profit % ┃    Avg Duration ┃  Win  Draw  Loss  Win% ┃
┡━━━━━━━━━━━╇━━━━━━━━╇━━━━━━━━━━━━━━╇━━━━━━━━━━━━━━━━━╇━━━━━━━━━━━━━━╇━━━━━━━━━━━━━━━━━╇━━━━━━━━━━━━━━━━━━━━━━━━┩
│  XRP/USDT │      1 │         3.15 │           1.574 │         1.05 │        16:00:00 │    1     0     0   100 │
│  ETH/USDT │      1 │         0.63 │           0.314 │         0.21 │ 1 day, 20:00:00 │    1     0     0   100 │
│ HOME/USDT │      0 │          0.0 │           0.000 │          0.0 │            0:00 │    0     0     0     0 │
│     TOTAL │      2 │         1.89 │           1.888 │         1.26 │  1 day, 6:00:00 │    2     0     0   100 │
└───────────┴────────┴──────────────┴─────────────────┴──────────────┴─────────────────┴────────────────────────┘
                                            LEFT OPEN TRADES REPORT                                             
┏━━━━━━━━━━┳━━━━━━━━┳━━━━━━━━━━━━━━┳━━━━━━━━━━━━━━━━━┳━━━━━━━━━━━━━━┳━━━━━━━━━━━━━━━━━┳━━━━━━━━━━━━━━━━━━━━━━━━┓
┃     Pair ┃ Trades ┃ Avg Profit % ┃ Tot Profit USDT ┃ Tot Profit % ┃    Avg Duration ┃  Win  Draw  Loss  Win% ┃
┡━━━━━━━━━━╇━━━━━━━━╇━━━━━━━━━━━━━━╇━━━━━━━━━━━━━━━━━╇━━━━━━━━━━━━━━╇━━━━━━━━━━━━━━━━━╇━━━━━━━━━━━━━━━━━━━━━━━━┩
│ XRP/USDT │      1 │         3.15 │           1.574 │         1.05 │        16:00:00 │    1     0     0   100 │
│ ETH/USDT │      1 │         0.63 │           0.314 │         0.21 │ 1 day, 20:00:00 │    1     0     0   100 │
│    TOTAL │      2 │         1.89 │           1.888 │         1.26 │  1 day, 6:00:00 │    2     0     0   100 │
└──────────┴────────┴──────────────┴─────────────────┴──────────────┴─────────────────┴────────────────────────┘
                                                 ENTER TAG STATS                                                 
┏━━━━━━━━━━━┳━━━━━━━━━┳━━━━━━━━━━━━━━┳━━━━━━━━━━━━━━━━━┳━━━━━━━━━━━━━━┳━━━━━━━━━━━━━━━━┳━━━━━━━━━━━━━━━━━━━━━━━━┓
┃ Enter Tag ┃ Entries ┃ Avg Profit % ┃ Tot Profit USDT ┃ Tot Profit % ┃   Avg Duration ┃  Win  Draw  Loss  Win% ┃
┡━━━━━━━━━━━╇━━━━━━━━━╇━━━━━━━━━━━━━━╇━━━━━━━━━━━━━━━━━╇━━━━━━━━━━━━━━╇━━━━━━━━━━━━━━━━╇━━━━━━━━━━━━━━━━━━━━━━━━┩
│     OTHER │       2 │         1.89 │           1.888 │         1.26 │ 1 day, 6:00:00 │    2     0     0   100 │
│     TOTAL │       2 │         1.89 │           1.888 │         1.26 │ 1 day, 6:00:00 │    2     0     0   100 │
└───────────┴─────────┴──────────────┴─────────────────┴──────────────┴────────────────┴────────────────────────┘
                                                EXIT REASON STATS                                                
┏━━━━━━━━━━━━━┳━━━━━━━┳━━━━━━━━━━━━━━┳━━━━━━━━━━━━━━━━━┳━━━━━━━━━━━━━━┳━━━━━━━━━━━━━━━━┳━━━━━━━━━━━━━━━━━━━━━━━━┓
┃ Exit Reason ┃ Exits ┃ Avg Profit % ┃ Tot Profit USDT ┃ Tot Profit % ┃   Avg Duration ┃  Win  Draw  Loss  Win% ┃
┡━━━━━━━━━━━━━╇━━━━━━━╇━━━━━━━━━━━━━━╇━━━━━━━━━━━━━━━━━╇━━━━━━━━━━━━━━╇━━━━━━━━━━━━━━━━╇━━━━━━━━━━━━━━━━━━━━━━━━┩
│  force_exit │     2 │         1.89 │           1.888 │         1.26 │ 1 day, 6:00:00 │    2     0     0   100 │
│       TOTAL │     2 │         1.89 │           1.888 │         1.26 │ 1 day, 6:00:00 │    2     0     0   100 │
└─────────────┴───────┴──────────────┴─────────────────┴──────────────┴────────────────┴────────────────────────┘
                                                       MIXED TAG STATS                                                        
┏━━━━━━━━━━━┳━━━━━━━━━━━━━┳━━━━━━━━┳━━━━━━━━━━━━━━┳━━━━━━━━━━━━━━━━━┳━━━━━━━━━━━━━━┳━━━━━━━━━━━━━━━━┳━━━━━━━━━━━━━━━━━━━━━━━━┓
┃ Enter Tag ┃ Exit Reason ┃ Trades ┃ Avg Profit % ┃ Tot Profit USDT ┃ Tot Profit % ┃   Avg Duration ┃  Win  Draw  Loss  Win% ┃
┡━━━━━━━━━━━╇━━━━━━━━━━━━━╇━━━━━━━━╇━━━━━━━━━━━━━━╇━━━━━━━━━━━━━━━━━╇━━━━━━━━━━━━━━╇━━━━━━━━━━━━━━━━╇━━━━━━━━━━━━━━━━━━━━━━━━┩
│           │  force_exit │      2 │         1.89 │           1.888 │         1.26 │ 1 day, 6:00:00 │    2     0     0   100 │
│     TOTAL │             │      2 │         1.89 │           1.888 │         1.26 │ 1 day, 6:00:00 │    2     0     0   100 │
└───────────┴─────────────┴────────┴──────────────┴─────────────────┴──────────────┴────────────────┴────────────────────────┘
                         SUMMARY METRICS                          
┏━━━━━━━━━━━━━━━━━━━━━━━━━━━━━━━┳━━━━━━━━━━━━━━━━━━━━━━━━━━━━━━━━┓
┃ Metric                        ┃ Value                          ┃
┡━━━━━━━━━━━━━━━━━━━━━━━━━━━━━━━╇━━━━━━━━━━━━━━━━━━━━━━━━━━━━━━━━┩
│ Backtesting from              │ 2025-04-22 00:00:00            │
│ Backtesting to                │ 2026-04-17 00:00:00            │
│ Trading Mode                  │ Spot                           │
│ Max open trades               │ 3                              │
│                               │                                │
│ Total/Daily Avg Trades        │ 2 / 0.01                       │
│ Starting balance              │ 150 USDT                       │
│ Final balance                 │ 151.888 USDT                   │
│ Absolute profit               │ 1.888 USDT                     │
│ Total profit %                │ 1.26%                          │
│ CAGR %                        │ 1.28%                          │
│ Sortino                       │ -100.00                        │
│ Sharpe                        │ 0.16                           │
│ Calmar                        │ -100.00                        │
│ SQN                           │ 1.50                           │
│ Profit factor                 │ 0.00                           │
│ Expectancy (Ratio)            │ 0.94 (100.00)                  │
│ Avg. daily profit             │ 0.005 USDT                     │
│ Avg. stake amount             │ 49.871 USDT                    │
│ Total trade volume            │ 201.776 USDT                   │
│                               │                                │
│ Best Pair                     │ XRP/USDT 1.05%                 │
│ Worst Pair                    │ HOME/USDT 0.00%                │
│ Best trade                    │ XRP/USDT 3.15%                 │
│ Worst trade                   │ ETH/USDT 0.63%                 │
│ Best day                      │ 1.888 USDT                     │
│ Worst day                     │ 1.888 USDT                     │
│ Days win/draw/lose            │ 1 / 0 / 0                      │
│ Min/Max/Avg. Duration Winners │ 0d 16:00 / 1d 20:00 / 1d 06:00 │
│ Min/Max/Avg. Duration Losers  │ 0d 00:00 / 0d 00:00 / 0d 00:00 │
│ Max Consecutive Wins / Loss   │ 2 / 0                          │
│ Rejected Entry signals        │ 0                              │
│ Entry/Exit Timeouts           │ 0 / 0                          │
│                               │                                │
│ Min balance                   │ 151.574 USDT                   │
│ Max balance                   │ 151.888 USDT                   │
│ Max % of account underwater   │ 0.00%                          │
│ Absolute drawdown             │ 0 USDT (0.00%)                 │
│ Drawdown duration             │ 0 days 00:00:00                │
│ Profit at drawdown start      │ 0 USDT                         │
│ Profit at drawdown end        │ 0 USDT                         │
│ Drawdown start                │ 2026-04-17 00:00:00            │
│ Drawdown end                  │ 2026-04-17 00:00:00            │
│ Market change                 │ -9.22%                         │
└───────────────────────────────┴────────────────────────────────┘

Backtested 2025-04-22 00:00:00 -> 2026-04-17 00:00:00 | Max open trades : 3
                                                       STRATEGY SUMMARY                                                        
┏━━━━━━━━━━┳━━━━━━━━┳━━━━━━━━━━━━━━┳━━━━━━━━━━━━━━━━━┳━━━━━━━━━━━━━━┳━━━━━━━━━━━━━━━━┳━━━━━━━━━━━━━━━━━━━━━━━━┳━━━━━━━━━━━━━━━┓
┃ Strategy ┃ Trades ┃ Avg Profit % ┃ Tot Profit USDT ┃ Tot Profit % ┃   Avg Duration ┃  Win  Draw  Loss  Win% ┃      Drawdown ┃
┡━━━━━━━━━━╇━━━━━━━━╇━━━━━━━━━━━━━━╇━━━━━━━━━━━━━━━━━╇━━━━━━━━━━━━━━╇━━━━━━━━━━━━━━━━╇━━━━━━━━━━━━━━━━━━━━━━━━╇━━━━━━━━━━━━━━━┩
│      yes │      2 │         1.89 │           1.888 │         1.26 │ 1 day, 6:00:00 │    2     0     0   100 │ 0 USDT  0.00% │
└──────────┴────────┴──────────────┴─────────────────┴──────────────┴────────────────┴────────────────────────┴───────────────┘