2026-04-25 22:27:00,039 - freqtrade - INFO - freqtrade 2026.3
2026-04-25 22:27:01,085 - freqtrade.configuration.load_config - INFO - Using config: /home/mohs/Desktop/ae/pyside6/user_data/config.json ...
2026-04-25 22:27:01,088 - freqtrade.loggers - INFO - Enabling colorized output.
2026-04-25 22:27:01,088 - freqtrade.loggers - INFO - Logfile configured
2026-04-25 22:27:01,088 - freqtrade.loggers - INFO - Verbosity set to 0
2026-04-25 22:27:01,089 - freqtrade.configuration.configuration - INFO - Using additional Strategy lookup path: 
/home/mohs/Desktop/ae/pyside6/user_data/optimizer/sessions/00d5d57f-9960-4dcc-ac23-ec438d4ba9c3/trial_025/strategy_dir
2026-04-25 22:27:01,089 - freqtrade.configuration.configuration - WARNING - `force_entry_enable` RPC message enabled.
2026-04-25 22:27:01,089 - freqtrade.configuration.configuration - INFO - Parameter -i/--timeframe detected ... Using timeframe: 5m ...
2026-04-25 22:27:01,089 - freqtrade.configuration.configuration - INFO - Parameter --max-open-trades detected, overriding max_open_trades to: 3 ...
2026-04-25 22:27:01,090 - freqtrade.configuration.configuration - INFO - Parameter --dry-run-wallet detected, overriding dry_run_wallet to: 150.0 ...
2026-04-25 22:27:01,090 - freqtrade.configuration.configuration - INFO - Parameter --timerange detected: 20250422-20260417 ...
2026-04-25 22:27:01,090 - freqtrade.configuration.configuration - INFO - Using user-data directory: /home/mohs/Desktop/ae/pyside6/user_data ...
2026-04-25 22:27:01,091 - freqtrade.configuration.configuration - INFO - Using data directory: /home/mohs/Desktop/ae/pyside6/user_data/data/binance ...
2026-04-25 22:27:01,091 - freqtrade.configuration.configuration - INFO - Parameter --export detected: trades ...
2026-04-25 22:27:01,091 - freqtrade.configuration.configuration - INFO - Parameter --cache=day detected ...
2026-04-25 22:27:01,091 - freqtrade.configuration.configuration - INFO - Using pairs ['XRP/USDT', 'ETH/USDT', 'HOME/USDT']
2026-04-25 22:27:01,092 - freqtrade.configuration.configuration - INFO - Filter trades by timerange: 20250422-20260417
2026-04-25 22:27:01,092 - freqtrade.exchange.check_exchange - INFO - Checking exchange...
2026-04-25 22:27:01,098 - freqtrade.exchange.check_exchange - INFO - Exchange "binance" is officially supported by the Freqtrade development team.
2026-04-25 22:27:01,098 - freqtrade.configuration.config_validation - INFO - Validating configuration ...
2026-04-25 22:27:01,100 - freqtrade.commands.optimize_commands - INFO - Starting freqtrade in Backtesting mode
2026-04-25 22:27:01,101 - freqtrade.exchange.exchange - INFO - Instance is running with dry_run enabled
2026-04-25 22:27:01,101 - freqtrade.exchange.exchange - INFO - Using CCXT 4.5.50
2026-04-25 22:27:01,101 - freqtrade.exchange.exchange - INFO - Applying additional ccxt config: {'enableRateLimit': True, 'timeout': 120000}
2026-04-25 22:27:01,106 - freqtrade.exchange.exchange - INFO - Applying additional ccxt config: {'enableRateLimit': True, 'timeout': 120000}
2026-04-25 22:27:01,112 - freqtrade.exchange.exchange - INFO - Using Exchange "Binance"
2026-04-25 22:27:02,467 - freqtrade.resolvers.exchange_resolver - INFO - Using resolved exchange 'Binance'...
2026-04-25 22:27:02,475 - freqtrade.resolvers.iresolver - INFO - Using resolved strategy yes from 
'/home/mohs/Desktop/ae/pyside6/user_data/optimizer/sessions/00d5d57f-9960-4dcc-ac23-ec438d4ba9c3/trial_025/strategy_dir/yes.py'...
2026-04-25 22:27:02,475 - freqtrade.strategy.hyper - INFO - Loading parameters from file 
/home/mohs/Desktop/ae/pyside6/user_data/optimizer/sessions/00d5d57f-9960-4dcc-ac23-ec438d4ba9c3/trial_025/strategy_dir/yes.json
2026-04-25 22:27:02,476 - freqtrade.resolvers.strategy_resolver - INFO - Override strategy 'timeframe' with value from the configuration: 5m.
2026-04-25 22:27:02,476 - freqtrade.resolvers.strategy_resolver - INFO - Override strategy 'stake_currency' with value from the configuration: USDT.
2026-04-25 22:27:02,477 - freqtrade.resolvers.strategy_resolver - INFO - Override strategy 'stake_amount' with value from the configuration: unlimited.
2026-04-25 22:27:02,477 - freqtrade.resolvers.strategy_resolver - INFO - Override strategy 'use_exit_signal' with value from the configuration: True.
2026-04-25 22:27:02,477 - freqtrade.resolvers.strategy_resolver - INFO - Override strategy 'max_open_trades' with value from the configuration: 3.
2026-04-25 22:27:02,478 - freqtrade.resolvers.strategy_resolver - INFO - Strategy using minimal_roi: {'0': 1.525916452852886, '13': 0.14732783408561265, '146': 0.1806998661085237, '38': 
0.7686330809086033}
2026-04-25 22:27:02,478 - freqtrade.resolvers.strategy_resolver - INFO - Strategy using timeframe: 5m
2026-04-25 22:27:02,478 - freqtrade.resolvers.strategy_resolver - INFO - Strategy using stoploss: -0.8018719178448593
2026-04-25 22:27:02,478 - freqtrade.resolvers.strategy_resolver - INFO - Strategy using trailing_stop: False
2026-04-25 22:27:02,479 - freqtrade.resolvers.strategy_resolver - INFO - Strategy using trailing_stop_positive: 0.09004459433219683
2026-04-25 22:27:02,479 - freqtrade.resolvers.strategy_resolver - INFO - Strategy using trailing_stop_positive_offset: 0.06188702673526487
2026-04-25 22:27:02,479 - freqtrade.resolvers.strategy_resolver - INFO - Strategy using trailing_only_offset_is_reached: True
2026-04-25 22:27:02,479 - freqtrade.resolvers.strategy_resolver - INFO - Strategy using use_custom_stoploss: False
2026-04-25 22:27:02,480 - freqtrade.resolvers.strategy_resolver - INFO - Strategy using process_only_new_candles: True
2026-04-25 22:27:02,480 - freqtrade.resolvers.strategy_resolver - INFO - Strategy using order_types: {'entry': 'limit', 'exit': 'limit', 'stoploss': 'limit', 'stoploss_on_exchange': False, 
'stoploss_on_exchange_interval': 60}
2026-04-25 22:27:02,480 - freqtrade.resolvers.strategy_resolver - INFO - Strategy using order_time_in_force: {'entry': 'GTC', 'exit': 'GTC'}
2026-04-25 22:27:02,480 - freqtrade.resolvers.strategy_resolver - INFO - Strategy using stake_currency: USDT
2026-04-25 22:27:02,481 - freqtrade.resolvers.strategy_resolver - INFO - Strategy using stake_amount: unlimited
2026-04-25 22:27:02,481 - freqtrade.resolvers.strategy_resolver - INFO - Strategy using startup_candle_count: 0
2026-04-25 22:27:02,481 - freqtrade.resolvers.strategy_resolver - INFO - Strategy using use_exit_signal: True
2026-04-25 22:27:02,482 - freqtrade.resolvers.strategy_resolver - INFO - Strategy using exit_profit_only: False
2026-04-25 22:27:02,482 - freqtrade.resolvers.strategy_resolver - INFO - Strategy using ignore_roi_if_entry_signal: False
2026-04-25 22:27:02,482 - freqtrade.resolvers.strategy_resolver - INFO - Strategy using exit_profit_offset: 0.0
2026-04-25 22:27:02,482 - freqtrade.resolvers.strategy_resolver - INFO - Strategy using disable_dataframe_checks: False
2026-04-25 22:27:02,483 - freqtrade.resolvers.strategy_resolver - INFO - Strategy using ignore_buying_expired_candle_after: 0
2026-04-25 22:27:02,483 - freqtrade.resolvers.strategy_resolver - INFO - Strategy using position_adjustment_enable: False
2026-04-25 22:27:02,483 - freqtrade.resolvers.strategy_resolver - INFO - Strategy using max_entry_position_adjustment: -1
2026-04-25 22:27:02,483 - freqtrade.resolvers.strategy_resolver - INFO - Strategy using max_open_trades: 3
2026-04-25 22:27:02,484 - freqtrade.configuration.config_validation - INFO - Validating configuration ...
2026-04-25 22:27:02,487 - freqtrade.resolvers.iresolver - INFO - Using resolved pairlist StaticPairList from 
'/home/mohs/Desktop/ae/pyside6/.venv/lib/python3.12/site-packages/freqtrade/plugins/pairlist/StaticPairList.py'...
2026-04-25 22:27:02,500 - freqtrade.optimize.backtesting - INFO - Using fee 0.1000% - worst case fee from exchange (lowest tier).
2026-04-25 22:27:02,643 - freqtrade.data.history.datahandlers.idatahandler - WARNING - XRP/USDT, spot, 5m, data ends at 2026-04-11 01:45:00
2026-04-25 22:27:03,045 - freqtrade.data.history.datahandlers.idatahandler - WARNING - HOME/USDT, spot, 5m, data starts at 2025-06-12 15:00:00
2026-04-25 22:27:03,075 - freqtrade.optimize.backtesting - INFO - Loading data from 2025-04-22 00:00:00 up to 2026-04-17 00:00:00 (360 days).
2026-04-25 22:27:05,117 - freqtrade.optimize.backtesting - INFO - Dataload complete. Calculating indicators
2026-04-25 22:27:05,123 - freqtrade.optimize.backtesting - INFO - Running backtesting for Strategy yes
2026-04-25 22:27:05,124 - freqtrade.strategy.hyper - INFO - Strategy Parameter: buy_ma_count = 2
2026-04-25 22:27:05,124 - freqtrade.strategy.hyper - INFO - Strategy Parameter: buy_ma_gap = 18
2026-04-25 22:27:05,124 - freqtrade.strategy.hyper - INFO - Strategy Parameter: sell_ma_count = 16
2026-04-25 22:27:05,125 - freqtrade.strategy.hyper - INFO - Strategy Parameter: sell_ma_gap = 46
2026-04-25 22:27:05,253 - freqtrade.optimize.backtesting - INFO - Backtesting with data from 2025-04-22 00:00:00 up to 2026-04-17 00:00:00 (360 days).
/home/mohs/Desktop/ae/pyside6/.venv/lib/python3.12/site-packages/freqtrade/data/metrics.py:77: FutureWarning: The default fill_method='pad' in DataFrame.pct_change is deprecated and will be removed in a future version. Either fill in any non-leading NA values prior to calling pct_change or specify 'fill_method=None' to not fill NA values.
  rel_mean = df_comb.pct_change().mean(axis=1).fillna(0).cumsum()
2026-04-25 22:27:08,338 - freqtrade.misc - INFO - dumping json to "/home/mohs/Desktop/ae/pyside6/user_data/backtest_results/backtest-result-2026-04-25_22-27-08.meta.json"
Result for strategy yes
                                              BACKTESTING REPORT                                              
┏━━━━━━━━━━━┳━━━━━━━━┳━━━━━━━━━━━━━━┳━━━━━━━━━━━━━━━━━┳━━━━━━━━━━━━━━┳━━━━━━━━━━━━━━┳━━━━━━━━━━━━━━━━━━━━━━━━┓
┃      Pair ┃ Trades ┃ Avg Profit % ┃ Tot Profit USDT ┃ Tot Profit % ┃ Avg Duration ┃  Win  Draw  Loss  Win% ┃
┡━━━━━━━━━━━╇━━━━━━━━╇━━━━━━━━━━━━━━╇━━━━━━━━━━━━━━━━━╇━━━━━━━━━━━━━━╇━━━━━━━━━━━━━━╇━━━━━━━━━━━━━━━━━━━━━━━━┩
│  ETH/USDT │    159 │         0.07 │           4.109 │         2.74 │      2:31:00 │   57     0   102  35.8 │
│  XRP/USDT │    163 │         0.06 │           3.846 │         2.56 │      2:16:00 │   54     0   109  33.1 │
│ HOME/USDT │    153 │         -0.5 │         -34.400 │       -22.93 │      2:08:00 │   35     0   118  22.9 │
│     TOTAL │    475 │        -0.12 │         -26.445 │       -17.63 │      2:18:00 │  146     0   329  30.7 │
└───────────┴────────┴──────────────┴─────────────────┴──────────────┴──────────────┴────────────────────────┘
                                           LEFT OPEN TRADES REPORT                                            
┏━━━━━━━━━━━┳━━━━━━━━┳━━━━━━━━━━━━━━┳━━━━━━━━━━━━━━━━━┳━━━━━━━━━━━━━━┳━━━━━━━━━━━━━━┳━━━━━━━━━━━━━━━━━━━━━━━━┓
┃      Pair ┃ Trades ┃ Avg Profit % ┃ Tot Profit USDT ┃ Tot Profit % ┃ Avg Duration ┃  Win  Draw  Loss  Win% ┃
┡━━━━━━━━━━━╇━━━━━━━━╇━━━━━━━━━━━━━━╇━━━━━━━━━━━━━━━━━╇━━━━━━━━━━━━━━╇━━━━━━━━━━━━━━╇━━━━━━━━━━━━━━━━━━━━━━━━┩
│ HOME/USDT │      1 │         0.01 │           0.005 │          0.0 │      2:25:00 │    1     0     0   100 │
│     TOTAL │      1 │         0.01 │           0.005 │          0.0 │      2:25:00 │    1     0     0   100 │
└───────────┴────────┴──────────────┴─────────────────┴──────────────┴──────────────┴────────────────────────┘
                                                ENTER TAG STATS                                                
┏━━━━━━━━━━━┳━━━━━━━━━┳━━━━━━━━━━━━━━┳━━━━━━━━━━━━━━━━━┳━━━━━━━━━━━━━━┳━━━━━━━━━━━━━━┳━━━━━━━━━━━━━━━━━━━━━━━━┓
┃ Enter Tag ┃ Entries ┃ Avg Profit % ┃ Tot Profit USDT ┃ Tot Profit % ┃ Avg Duration ┃  Win  Draw  Loss  Win% ┃
┡━━━━━━━━━━━╇━━━━━━━━━╇━━━━━━━━━━━━━━╇━━━━━━━━━━━━━━━━━╇━━━━━━━━━━━━━━╇━━━━━━━━━━━━━━╇━━━━━━━━━━━━━━━━━━━━━━━━┩
│     OTHER │     475 │        -0.12 │         -26.445 │       -17.63 │      2:18:00 │  146     0   329  30.7 │
│     TOTAL │     475 │        -0.12 │         -26.445 │       -17.63 │      2:18:00 │  146     0   329  30.7 │
└───────────┴─────────┴──────────────┴─────────────────┴──────────────┴──────────────┴────────────────────────┘
                                               EXIT REASON STATS                                               
┏━━━━━━━━━━━━━┳━━━━━━━┳━━━━━━━━━━━━━━┳━━━━━━━━━━━━━━━━━┳━━━━━━━━━━━━━━┳━━━━━━━━━━━━━━┳━━━━━━━━━━━━━━━━━━━━━━━━┓
┃ Exit Reason ┃ Exits ┃ Avg Profit % ┃ Tot Profit USDT ┃ Tot Profit % ┃ Avg Duration ┃  Win  Draw  Loss  Win% ┃
┡━━━━━━━━━━━━━╇━━━━━━━╇━━━━━━━━━━━━━━╇━━━━━━━━━━━━━━━━━╇━━━━━━━━━━━━━━╇━━━━━━━━━━━━━━╇━━━━━━━━━━━━━━━━━━━━━━━━┩
│  force_exit │     1 │         0.01 │           0.005 │          0.0 │      2:25:00 │    1     0     0   100 │
│ exit_signal │   474 │        -0.12 │         -26.450 │       -17.63 │      2:18:00 │  145     0   329  30.6 │
│       TOTAL │   475 │        -0.12 │         -26.445 │       -17.63 │      2:18:00 │  146     0   329  30.7 │
└─────────────┴───────┴──────────────┴─────────────────┴──────────────┴──────────────┴────────────────────────┘
                                                      MIXED TAG STATS                                                       
┏━━━━━━━━━━━┳━━━━━━━━━━━━━┳━━━━━━━━┳━━━━━━━━━━━━━━┳━━━━━━━━━━━━━━━━━┳━━━━━━━━━━━━━━┳━━━━━━━━━━━━━━┳━━━━━━━━━━━━━━━━━━━━━━━━┓
┃ Enter Tag ┃ Exit Reason ┃ Trades ┃ Avg Profit % ┃ Tot Profit USDT ┃ Tot Profit % ┃ Avg Duration ┃  Win  Draw  Loss  Win% ┃
┡━━━━━━━━━━━╇━━━━━━━━━━━━━╇━━━━━━━━╇━━━━━━━━━━━━━━╇━━━━━━━━━━━━━━━━━╇━━━━━━━━━━━━━━╇━━━━━━━━━━━━━━╇━━━━━━━━━━━━━━━━━━━━━━━━┩
│           │  force_exit │      1 │         0.01 │           0.005 │          0.0 │      2:25:00 │    1     0     0   100 │
│           │ exit_signal │    474 │        -0.12 │         -26.450 │       -17.63 │      2:18:00 │  145     0   329  30.6 │
│     TOTAL │             │    475 │        -0.12 │         -26.445 │       -17.63 │      2:18:00 │  146     0   329  30.7 │
└───────────┴─────────────┴────────┴──────────────┴─────────────────┴──────────────┴──────────────┴────────────────────────┘
                         SUMMARY METRICS                          
┏━━━━━━━━━━━━━━━━━━━━━━━━━━━━━━━┳━━━━━━━━━━━━━━━━━━━━━━━━━━━━━━━━┓
┃ Metric                        ┃ Value                          ┃
┡━━━━━━━━━━━━━━━━━━━━━━━━━━━━━━━╇━━━━━━━━━━━━━━━━━━━━━━━━━━━━━━━━┩
│ Backtesting from              │ 2025-04-22 00:00:00            │
│ Backtesting to                │ 2026-04-17 00:00:00            │
│ Trading Mode                  │ Spot                           │
│ Max open trades               │ 3                              │
│                               │                                │
│ Total/Daily Avg Trades        │ 475 / 1.32                     │
│ Starting balance              │ 150 USDT                       │
│ Final balance                 │ 123.555 USDT                   │
│ Absolute profit               │ -26.445 USDT                   │
│ Total profit %                │ -17.63%                        │
│ CAGR %                        │ -17.85%                        │
│ Sortino                       │ -3.25                          │
│ Sharpe                        │ -1.81                          │
│ Calmar                        │ -4.07                          │
│ SQN                           │ -1.56                          │
│ Profit factor                 │ 0.80                           │
│ Expectancy (Ratio)            │ -0.06 (-0.14)                  │
│ Avg. daily profit             │ -0.073 USDT                    │
│ Avg. stake amount             │ 44.248 USDT                    │
│ Total trade volume            │ 42092.853 USDT                 │
│                               │                                │
│ Best Pair                     │ ETH/USDT 2.74%                 │
│ Worst Pair                    │ HOME/USDT -22.93%              │
│ Best trade                    │ HOME/USDT 10.11%               │
│ Worst trade                   │ HOME/USDT -8.11%               │
│ Best day                      │ 4.679 USDT                     │
│ Worst day                     │ -4.528 USDT                    │
│ Days win/draw/lose            │ 66 / 163 / 131                 │
│ Min/Max/Avg. Duration Winners │ 0d 01:55 / 0d 16:05 / 0d 03:48 │
│ Min/Max/Avg. Duration Losers  │ 0d 00:05 / 0d 17:55 / 0d 01:39 │
│ Max Consecutive Wins / Loss   │ 5 / 16                         │
│ Rejected Entry signals        │ 0                              │
│ Entry/Exit Timeouts           │ 0 / 0                          │
│                               │                                │
│ Min balance                   │ 120.261 USDT                   │
│ Max balance                   │ 156.153 USDT                   │
│ Max % of account underwater   │ 22.98%                         │
│ Absolute drawdown             │ 35.891 USDT (22.98%)           │
│ Drawdown duration             │ 343 days 08:00:00              │
│ Profit at drawdown start      │ 6.153 USDT                     │
│ Profit at drawdown end        │ -29.739 USDT                   │
│ Drawdown start                │ 2025-04-23 00:55:00            │
│ Drawdown end                  │ 2026-04-01 08:55:00            │
│ Market change                 │ -10.52%                        │
└───────────────────────────────┴────────────────────────────────┘

Backtested 2025-04-22 00:00:00 -> 2026-04-17 00:00:00 | Max open trades : 3
                                                         STRATEGY SUMMARY                                                          
┏━━━━━━━━━━┳━━━━━━━━┳━━━━━━━━━━━━━━┳━━━━━━━━━━━━━━━━━┳━━━━━━━━━━━━━━┳━━━━━━━━━━━━━━┳━━━━━━━━━━━━━━━━━━━━━━━━┳━━━━━━━━━━━━━━━━━━━━━┓
┃ Strategy ┃ Trades ┃ Avg Profit % ┃ Tot Profit USDT ┃ Tot Profit % ┃ Avg Duration ┃  Win  Draw  Loss  Win% ┃            Drawdown ┃
┡━━━━━━━━━━╇━━━━━━━━╇━━━━━━━━━━━━━━╇━━━━━━━━━━━━━━━━━╇━━━━━━━━━━━━━━╇━━━━━━━━━━━━━━╇━━━━━━━━━━━━━━━━━━━━━━━━╇━━━━━━━━━━━━━━━━━━━━━┩
│      yes │    475 │        -0.12 │         -26.445 │       -17.63 │      2:18:00 │  146     0   329  30.7 │ 35.891 USDT  22.98% │
└──────────┴────────┴──────────────┴─────────────────┴──────────────┴──────────────┴────────────────────────┴─────────────────────┘