2026-04-25 22:42:53,213 - freqtrade - INFO - freqtrade 2026.3
2026-04-25 22:42:54,254 - freqtrade.configuration.load_config - INFO - Using config: /home/mohs/Desktop/ae/pyside6/user_data/config.json ...
2026-04-25 22:42:54,256 - freqtrade.loggers - INFO - Enabling colorized output.
2026-04-25 22:42:54,257 - freqtrade.loggers - INFO - Logfile configured
2026-04-25 22:42:54,257 - freqtrade.loggers - INFO - Verbosity set to 0
2026-04-25 22:42:54,257 - freqtrade.configuration.configuration - INFO - Using additional Strategy lookup path: 
/home/mohs/Desktop/ae/pyside6/user_data/optimizer/sessions/b8194b7f-3716-497e-8a17-833c28d4e223/trial_080/strategy_dir
2026-04-25 22:42:54,258 - freqtrade.configuration.configuration - WARNING - `force_entry_enable` RPC message enabled.
2026-04-25 22:42:54,258 - freqtrade.configuration.configuration - INFO - Parameter -i/--timeframe detected ... Using timeframe: 4h ...
2026-04-25 22:42:54,258 - freqtrade.configuration.configuration - INFO - Parameter --max-open-trades detected, overriding max_open_trades to: 3 ...
2026-04-25 22:42:54,258 - freqtrade.configuration.configuration - INFO - Parameter --dry-run-wallet detected, overriding dry_run_wallet to: 150.0 ...
2026-04-25 22:42:54,259 - freqtrade.configuration.configuration - INFO - Parameter --timerange detected: 20250422-20260417 ...
2026-04-25 22:42:54,259 - freqtrade.configuration.configuration - INFO - Using user-data directory: /home/mohs/Desktop/ae/pyside6/user_data ...
2026-04-25 22:42:54,259 - freqtrade.configuration.configuration - INFO - Using data directory: /home/mohs/Desktop/ae/pyside6/user_data/data/binance ...
2026-04-25 22:42:54,260 - freqtrade.configuration.configuration - INFO - Parameter --export detected: trades ...
2026-04-25 22:42:54,260 - freqtrade.configuration.configuration - INFO - Parameter --cache=day detected ...
2026-04-25 22:42:54,260 - freqtrade.configuration.configuration - INFO - Using pairs ['XRP/USDT', 'ETH/USDT', 'HOME/USDT']
2026-04-25 22:42:54,260 - freqtrade.configuration.configuration - INFO - Filter trades by timerange: 20250422-20260417
2026-04-25 22:42:54,261 - freqtrade.exchange.check_exchange - INFO - Checking exchange...
2026-04-25 22:42:54,267 - freqtrade.exchange.check_exchange - INFO - Exchange "binance" is officially supported by the Freqtrade development team.
2026-04-25 22:42:54,267 - freqtrade.configuration.config_validation - INFO - Validating configuration ...
2026-04-25 22:42:54,269 - freqtrade.commands.optimize_commands - INFO - Starting freqtrade in Backtesting mode
2026-04-25 22:42:54,270 - freqtrade.exchange.exchange - INFO - Instance is running with dry_run enabled
2026-04-25 22:42:54,270 - freqtrade.exchange.exchange - INFO - Using CCXT 4.5.50
2026-04-25 22:42:54,270 - freqtrade.exchange.exchange - INFO - Applying additional ccxt config: {'enableRateLimit': True, 'timeout': 120000}
2026-04-25 22:42:54,275 - freqtrade.exchange.exchange - INFO - Applying additional ccxt config: {'enableRateLimit': True, 'timeout': 120000}
2026-04-25 22:42:54,281 - freqtrade.exchange.exchange - INFO - Using Exchange "Binance"
2026-04-25 22:42:55,432 - freqtrade.resolvers.exchange_resolver - INFO - Using resolved exchange 'Binance'...
2026-04-25 22:42:55,440 - freqtrade.resolvers.iresolver - INFO - Using resolved strategy yes from 
'/home/mohs/Desktop/ae/pyside6/user_data/optimizer/sessions/b8194b7f-3716-497e-8a17-833c28d4e223/trial_080/strategy_dir/yes.py'...
2026-04-25 22:42:55,440 - freqtrade.strategy.hyper - INFO - Loading parameters from file 
/home/mohs/Desktop/ae/pyside6/user_data/optimizer/sessions/b8194b7f-3716-497e-8a17-833c28d4e223/trial_080/strategy_dir/yes.json
2026-04-25 22:42:55,441 - freqtrade.resolvers.strategy_resolver - INFO - Override strategy 'timeframe' with value from the configuration: 4h.
2026-04-25 22:42:55,441 - freqtrade.resolvers.strategy_resolver - INFO - Override strategy 'stake_currency' with value from the configuration: USDT.
2026-04-25 22:42:55,441 - freqtrade.resolvers.strategy_resolver - INFO - Override strategy 'stake_amount' with value from the configuration: unlimited.
2026-04-25 22:42:55,442 - freqtrade.resolvers.strategy_resolver - INFO - Override strategy 'use_exit_signal' with value from the configuration: True.
2026-04-25 22:42:55,442 - freqtrade.resolvers.strategy_resolver - INFO - Override strategy 'max_open_trades' with value from the configuration: 3.
2026-04-25 22:42:55,442 - freqtrade.resolvers.strategy_resolver - INFO - Strategy using minimal_roi: {'0': 1.019761064908907, '13': 0.7423678391104468, '146': 0.17024383412974511, '38': 
0.06926182387529614}
2026-04-25 22:42:55,442 - freqtrade.resolvers.strategy_resolver - INFO - Strategy using timeframe: 4h
2026-04-25 22:42:55,443 - freqtrade.resolvers.strategy_resolver - INFO - Strategy using stoploss: -0.9132734085359324
2026-04-25 22:42:55,443 - freqtrade.resolvers.strategy_resolver - INFO - Strategy using trailing_stop: False
2026-04-25 22:42:55,443 - freqtrade.resolvers.strategy_resolver - INFO - Strategy using trailing_stop_positive: 0.44660748963329905
2026-04-25 22:42:55,443 - freqtrade.resolvers.strategy_resolver - INFO - Strategy using trailing_stop_positive_offset: 0.393532232196119
2026-04-25 22:42:55,444 - freqtrade.resolvers.strategy_resolver - INFO - Strategy using trailing_only_offset_is_reached: True
2026-04-25 22:42:55,444 - freqtrade.resolvers.strategy_resolver - INFO - Strategy using use_custom_stoploss: False
2026-04-25 22:42:55,444 - freqtrade.resolvers.strategy_resolver - INFO - Strategy using process_only_new_candles: True
2026-04-25 22:42:55,444 - freqtrade.resolvers.strategy_resolver - INFO - Strategy using order_types: {'entry': 'limit', 'exit': 'limit', 'stoploss': 'limit', 'stoploss_on_exchange': False, 
'stoploss_on_exchange_interval': 60}
2026-04-25 22:42:55,445 - freqtrade.resolvers.strategy_resolver - INFO - Strategy using order_time_in_force: {'entry': 'GTC', 'exit': 'GTC'}
2026-04-25 22:42:55,445 - freqtrade.resolvers.strategy_resolver - INFO - Strategy using stake_currency: USDT
2026-04-25 22:42:55,445 - freqtrade.resolvers.strategy_resolver - INFO - Strategy using stake_amount: unlimited
2026-04-25 22:42:55,445 - freqtrade.resolvers.strategy_resolver - INFO - Strategy using startup_candle_count: 0
2026-04-25 22:42:55,445 - freqtrade.resolvers.strategy_resolver - INFO - Strategy using use_exit_signal: True
2026-04-25 22:42:55,446 - freqtrade.resolvers.strategy_resolver - INFO - Strategy using exit_profit_only: False
2026-04-25 22:42:55,446 - freqtrade.resolvers.strategy_resolver - INFO - Strategy using ignore_roi_if_entry_signal: False
2026-04-25 22:42:55,446 - freqtrade.resolvers.strategy_resolver - INFO - Strategy using exit_profit_offset: 0.0
2026-04-25 22:42:55,446 - freqtrade.resolvers.strategy_resolver - INFO - Strategy using disable_dataframe_checks: False
2026-04-25 22:42:55,447 - freqtrade.resolvers.strategy_resolver - INFO - Strategy using ignore_buying_expired_candle_after: 0
2026-04-25 22:42:55,447 - freqtrade.resolvers.strategy_resolver - INFO - Strategy using position_adjustment_enable: False
2026-04-25 22:42:55,447 - freqtrade.resolvers.strategy_resolver - INFO - Strategy using max_entry_position_adjustment: -1
2026-04-25 22:42:55,447 - freqtrade.resolvers.strategy_resolver - INFO - Strategy using max_open_trades: 3
2026-04-25 22:42:55,448 - freqtrade.configuration.config_validation - INFO - Validating configuration ...
2026-04-25 22:42:55,451 - freqtrade.resolvers.iresolver - INFO - Using resolved pairlist StaticPairList from 
'/home/mohs/Desktop/ae/pyside6/.venv/lib/python3.12/site-packages/freqtrade/plugins/pairlist/StaticPairList.py'...
2026-04-25 22:42:55,463 - freqtrade.optimize.backtesting - INFO - Using fee 0.1000% - worst case fee from exchange (lowest tier).
2026-04-25 22:42:55,498 - freqtrade.data.history.datahandlers.idatahandler - WARNING - HOME/USDT, spot, 4h, data starts at 2025-06-12 12:00:00
2026-04-25 22:42:55,506 - freqtrade.optimize.backtesting - INFO - Loading data from 2025-04-22 00:00:00 up to 2026-04-17 00:00:00 (360 days).
2026-04-25 22:42:55,561 - freqtrade.optimize.backtesting - INFO - Dataload complete. Calculating indicators
2026-04-25 22:42:55,570 - freqtrade.optimize.backtesting - INFO - Running backtesting for Strategy yes
2026-04-25 22:42:55,570 - freqtrade.strategy.hyper - INFO - Strategy Parameter: buy_ma_count = 3
2026-04-25 22:42:55,571 - freqtrade.strategy.hyper - INFO - Strategy Parameter: buy_ma_gap = 15
2026-04-25 22:42:55,571 - freqtrade.strategy.hyper - INFO - Strategy Parameter: sell_ma_count = 11
2026-04-25 22:42:55,571 - freqtrade.strategy.hyper - INFO - Strategy Parameter: sell_ma_gap = 44
2026-04-25 22:42:55,580 - freqtrade.optimize.backtesting - INFO - Backtesting with data from 2025-04-22 00:00:00 up to 2026-04-17 00:00:00 (360 days).
2026-04-25 22:42:56,151 - freqtrade.misc - INFO - dumping json to "/home/mohs/Desktop/ae/pyside6/user_data/backtest_results/backtest-result-2026-04-25_22-42-56.meta.json"
Result for strategy yes
                                                BACKTESTING REPORT                                                
┏━━━━━━━━━━━┳━━━━━━━━┳━━━━━━━━━━━━━━┳━━━━━━━━━━━━━━━━━┳━━━━━━━━━━━━━━┳━━━━━━━━━━━━━━━━━━┳━━━━━━━━━━━━━━━━━━━━━━━━┓
┃      Pair ┃ Trades ┃ Avg Profit % ┃ Tot Profit USDT ┃ Tot Profit % ┃     Avg Duration ┃  Win  Draw  Loss  Win% ┃
┡━━━━━━━━━━━╇━━━━━━━━╇━━━━━━━━━━━━━━╇━━━━━━━━━━━━━━━━━╇━━━━━━━━━━━━━━╇━━━━━━━━━━━━━━━━━━╇━━━━━━━━━━━━━━━━━━━━━━━━┩
│ HOME/USDT │     11 │         4.46 │          23.835 │        15.89 │ 3 days, 21:49:00 │    7     0     4  63.6 │
│  ETH/USDT │     10 │         2.93 │          12.615 │         8.41 │  6 days, 1:12:00 │    4     0     6  40.0 │
│  XRP/USDT │      8 │         2.25 │          10.331 │         6.89 │  8 days, 3:00:00 │    6     0     2  75.0 │
│     TOTAL │     29 │         3.32 │          46.781 │        31.19 │ 5 days, 19:27:00 │   17     0    12  58.6 │
└───────────┴────────┴──────────────┴─────────────────┴──────────────┴──────────────────┴────────────────────────┘
                                            LEFT OPEN TRADES REPORT                                             
┏━━━━━━━━━━┳━━━━━━━━┳━━━━━━━━━━━━━━┳━━━━━━━━━━━━━━━━━┳━━━━━━━━━━━━━━┳━━━━━━━━━━━━━━━━━┳━━━━━━━━━━━━━━━━━━━━━━━━┓
┃     Pair ┃ Trades ┃ Avg Profit % ┃ Tot Profit USDT ┃ Tot Profit % ┃    Avg Duration ┃  Win  Draw  Loss  Win% ┃
┡━━━━━━━━━━╇━━━━━━━━╇━━━━━━━━━━━━━━╇━━━━━━━━━━━━━━━━━╇━━━━━━━━━━━━━━╇━━━━━━━━━━━━━━━━━╇━━━━━━━━━━━━━━━━━━━━━━━━┩
│ XRP/USDT │      1 │         3.11 │           2.012 │         1.34 │        20:00:00 │    1     0     0   100 │
│ ETH/USDT │      1 │         1.19 │           0.768 │         0.51 │ 5 days, 4:00:00 │    1     0     0   100 │
│    TOTAL │      2 │         2.15 │           2.781 │         1.85 │ 3 days, 0:00:00 │    2     0     0   100 │
└──────────┴────────┴──────────────┴─────────────────┴──────────────┴─────────────────┴────────────────────────┘
                                                  ENTER TAG STATS                                                  
┏━━━━━━━━━━━┳━━━━━━━━━┳━━━━━━━━━━━━━━┳━━━━━━━━━━━━━━━━━┳━━━━━━━━━━━━━━┳━━━━━━━━━━━━━━━━━━┳━━━━━━━━━━━━━━━━━━━━━━━━┓
┃ Enter Tag ┃ Entries ┃ Avg Profit % ┃ Tot Profit USDT ┃ Tot Profit % ┃     Avg Duration ┃  Win  Draw  Loss  Win% ┃
┡━━━━━━━━━━━╇━━━━━━━━━╇━━━━━━━━━━━━━━╇━━━━━━━━━━━━━━━━━╇━━━━━━━━━━━━━━╇━━━━━━━━━━━━━━━━━━╇━━━━━━━━━━━━━━━━━━━━━━━━┩
│     OTHER │      29 │         3.32 │          46.781 │        31.19 │ 5 days, 19:27:00 │   17     0    12  58.6 │
│     TOTAL │      29 │         3.32 │          46.781 │        31.19 │ 5 days, 19:27:00 │   17     0    12  58.6 │
└───────────┴─────────┴──────────────┴─────────────────┴──────────────┴──────────────────┴────────────────────────┘
                                                 EXIT REASON STATS                                                 
┏━━━━━━━━━━━━━┳━━━━━━━┳━━━━━━━━━━━━━━┳━━━━━━━━━━━━━━━━━┳━━━━━━━━━━━━━━┳━━━━━━━━━━━━━━━━━━┳━━━━━━━━━━━━━━━━━━━━━━━━┓
┃ Exit Reason ┃ Exits ┃ Avg Profit % ┃ Tot Profit USDT ┃ Tot Profit % ┃     Avg Duration ┃  Win  Draw  Loss  Win% ┃
┡━━━━━━━━━━━━━╇━━━━━━━╇━━━━━━━━━━━━━━╇━━━━━━━━━━━━━━━━━╇━━━━━━━━━━━━━━╇━━━━━━━━━━━━━━━━━━╇━━━━━━━━━━━━━━━━━━━━━━━━┩
│         roi │     8 │        17.02 │          69.293 │         46.2 │  6 days, 0:30:00 │    8     0     0   100 │
│  force_exit │     2 │         2.15 │           2.781 │         1.85 │  3 days, 0:00:00 │    2     0     0   100 │
│ exit_signal │    19 │        -2.33 │         -25.293 │       -16.86 │  6 days, 0:25:00 │    7     0    12  36.8 │
│       TOTAL │    29 │         3.32 │          46.781 │        31.19 │ 5 days, 19:27:00 │   17     0    12  58.6 │
└─────────────┴───────┴──────────────┴─────────────────┴──────────────┴──────────────────┴────────────────────────┘
                                                        MIXED TAG STATS                                                         
┏━━━━━━━━━━━┳━━━━━━━━━━━━━┳━━━━━━━━┳━━━━━━━━━━━━━━┳━━━━━━━━━━━━━━━━━┳━━━━━━━━━━━━━━┳━━━━━━━━━━━━━━━━━━┳━━━━━━━━━━━━━━━━━━━━━━━━┓
┃ Enter Tag ┃ Exit Reason ┃ Trades ┃ Avg Profit % ┃ Tot Profit USDT ┃ Tot Profit % ┃     Avg Duration ┃  Win  Draw  Loss  Win% ┃
┡━━━━━━━━━━━╇━━━━━━━━━━━━━╇━━━━━━━━╇━━━━━━━━━━━━━━╇━━━━━━━━━━━━━━━━━╇━━━━━━━━━━━━━━╇━━━━━━━━━━━━━━━━━━╇━━━━━━━━━━━━━━━━━━━━━━━━┩
│           │         roi │      8 │        17.02 │          69.293 │         46.2 │  6 days, 0:30:00 │    8     0     0   100 │
│           │  force_exit │      2 │         2.15 │           2.781 │         1.85 │  3 days, 0:00:00 │    2     0     0   100 │
│           │ exit_signal │     19 │        -2.33 │         -25.293 │       -16.86 │  6 days, 0:25:00 │    7     0    12  36.8 │
│     TOTAL │             │     29 │         3.32 │          46.781 │        31.19 │ 5 days, 19:27:00 │   17     0    12  58.6 │
└───────────┴─────────────┴────────┴──────────────┴─────────────────┴──────────────┴──────────────────┴────────────────────────┘
                          SUMMARY METRICS                          
┏━━━━━━━━━━━━━━━━━━━━━━━━━━━━━━━┳━━━━━━━━━━━━━━━━━━━━━━━━━━━━━━━━━┓
┃ Metric                        ┃ Value                           ┃
┡━━━━━━━━━━━━━━━━━━━━━━━━━━━━━━━╇━━━━━━━━━━━━━━━━━━━━━━━━━━━━━━━━━┩
│ Backtesting from              │ 2025-04-22 00:00:00             │
│ Backtesting to                │ 2026-04-17 00:00:00             │
│ Trading Mode                  │ Spot                            │
│ Max open trades               │ 3                               │
│                               │                                 │
│ Total/Daily Avg Trades        │ 29 / 0.08                       │
│ Starting balance              │ 150 USDT                        │
│ Final balance                 │ 196.781 USDT                    │
│ Absolute profit               │ 46.781 USDT                     │
│ Total profit %                │ 31.19%                          │
│ CAGR %                        │ 31.68%                          │
│ Sortino                       │ 0.89                            │
│ Sharpe                        │ 0.47                            │
│ Calmar                        │ 16.91                           │
│ SQN                           │ 1.62                            │
│ Profit factor                 │ 2.17                            │
│ Expectancy (Ratio)            │ 1.61 (0.49)                     │
│ Avg. daily profit             │ 0.13 USDT                       │
│ Avg. stake amount             │ 58.509 USDT                     │
│ Total trade volume            │ 3447.188 USDT                   │
│                               │                                 │
│ Best Pair                     │ HOME/USDT 15.89%                │
│ Worst Pair                    │ XRP/USDT 6.89%                  │
│ Best trade                    │ HOME/USDT 17.04%                │
│ Worst trade                   │ XRP/USDT -19.14%                │
│ Best day                      │ 17.074 USDT                     │
│ Worst day                     │ -9.535 USDT                     │
│ Days win/draw/lose            │ 12 / 293 / 12                   │
│ Min/Max/Avg. Duration Winners │ 0d 20:00 / 11d 12:00 / 5d 09:11 │
│ Min/Max/Avg. Duration Losers  │ 1d 16:00 / 30d 12:00 / 6d 10:00 │
│ Max Consecutive Wins / Loss   │ 12 / 5                          │
│ Rejected Entry signals        │ 0                               │
│ Entry/Exit Timeouts           │ 0 / 0                           │
│                               │                                 │
│ Min balance                   │ 134.971 USDT                    │
│ Max balance                   │ 213.557 USDT                    │
│ Max % of account underwater   │ 10.02%                          │
│ Absolute drawdown             │ 20.9 USDT (9.79%)               │
│ Drawdown duration             │ 230 days 20:00:00               │
│ Profit at drawdown start      │ 63.557 USDT                     │
│ Profit at drawdown end        │ 42.657 USDT                     │
│ Drawdown start                │ 2025-07-31 16:00:00             │
│ Drawdown end                  │ 2026-03-19 12:00:00             │
│ Market change                 │ -9.22%                          │
└───────────────────────────────┴─────────────────────────────────┘

Backtested 2025-04-22 00:00:00 -> 2026-04-17 00:00:00 | Max open trades : 3
                                                          STRATEGY SUMMARY                                                          
┏━━━━━━━━━━┳━━━━━━━━┳━━━━━━━━━━━━━━┳━━━━━━━━━━━━━━━━━┳━━━━━━━━━━━━━━┳━━━━━━━━━━━━━━━━━━┳━━━━━━━━━━━━━━━━━━━━━━━━┳━━━━━━━━━━━━━━━━━━┓
┃ Strategy ┃ Trades ┃ Avg Profit % ┃ Tot Profit USDT ┃ Tot Profit % ┃     Avg Duration ┃  Win  Draw  Loss  Win% ┃         Drawdown ┃
┡━━━━━━━━━━╇━━━━━━━━╇━━━━━━━━━━━━━━╇━━━━━━━━━━━━━━━━━╇━━━━━━━━━━━━━━╇━━━━━━━━━━━━━━━━━━╇━━━━━━━━━━━━━━━━━━━━━━━━╇━━━━━━━━━━━━━━━━━━┩
│      yes │     29 │         3.32 │          46.781 │        31.19 │ 5 days, 19:27:00 │   17     0    12  58.6 │ 20.9 USDT  9.79% │
└──────────┴────────┴──────────────┴─────────────────┴──────────────┴──────────────────┴────────────────────────┴──────────────────┘