2026-04-25 20:05:46,134 - freqtrade - INFO - freqtrade 2026.3
2026-04-25 20:05:47,192 - freqtrade.configuration.load_config - INFO - Using config: /home/mohs/Desktop/ae/pyside6/user_data/config.json ...
2026-04-25 20:05:47,194 - freqtrade.loggers - INFO - Enabling colorized output.
2026-04-25 20:05:47,195 - freqtrade.loggers - INFO - Logfile configured
2026-04-25 20:05:47,195 - freqtrade.loggers - INFO - Verbosity set to 0
2026-04-25 20:05:47,195 - freqtrade.configuration.configuration - INFO - Using additional Strategy lookup path: 
/home/mohs/Desktop/ae/pyside6/user_data/optimizer/sessions/2228f2cd-52d5-4133-b521-f7915a036afc/trial_006/strategy_dir
2026-04-25 20:05:47,196 - freqtrade.configuration.configuration - WARNING - `force_entry_enable` RPC message enabled.
2026-04-25 20:05:47,196 - freqtrade.configuration.configuration - INFO - Parameter -i/--timeframe detected ... Using timeframe: 4h ...
2026-04-25 20:05:47,196 - freqtrade.configuration.configuration - INFO - Parameter --max-open-trades detected, overriding max_open_trades to: 4 ...
2026-04-25 20:05:47,196 - freqtrade.configuration.configuration - INFO - Parameter --dry-run-wallet detected, overriding dry_run_wallet to: 150.0 ...
2026-04-25 20:05:47,197 - freqtrade.configuration.configuration - INFO - Parameter --timerange detected: 20250422-20260417 ...
2026-04-25 20:05:47,197 - freqtrade.configuration.configuration - INFO - Using user-data directory: /home/mohs/Desktop/ae/pyside6/user_data ...
2026-04-25 20:05:47,197 - freqtrade.configuration.configuration - INFO - Using data directory: /home/mohs/Desktop/ae/pyside6/user_data/data/binance ...
2026-04-25 20:05:47,197 - freqtrade.configuration.configuration - INFO - Parameter --export detected: trades ...
2026-04-25 20:05:47,198 - freqtrade.configuration.configuration - INFO - Parameter --cache=day detected ...
2026-04-25 20:05:47,198 - freqtrade.configuration.configuration - INFO - Using pairs ['ETH/USDT', 'XRP/USDT', 'HOME/USDT', 'ADA/USDT']
2026-04-25 20:05:47,198 - freqtrade.configuration.configuration - INFO - Filter trades by timerange: 20250422-20260417
2026-04-25 20:05:47,199 - freqtrade.exchange.check_exchange - INFO - Checking exchange...
2026-04-25 20:05:47,205 - freqtrade.exchange.check_exchange - INFO - Exchange "binance" is officially supported by the Freqtrade development team.
2026-04-25 20:05:47,205 - freqtrade.configuration.config_validation - INFO - Validating configuration ...
2026-04-25 20:05:47,208 - freqtrade.commands.optimize_commands - INFO - Starting freqtrade in Backtesting mode
2026-04-25 20:05:47,208 - freqtrade.exchange.exchange - INFO - Instance is running with dry_run enabled
2026-04-25 20:05:47,208 - freqtrade.exchange.exchange - INFO - Using CCXT 4.5.50
2026-04-25 20:05:47,209 - freqtrade.exchange.exchange - INFO - Applying additional ccxt config: {'enableRateLimit': True, 'timeout': 120000}
2026-04-25 20:05:47,214 - freqtrade.exchange.exchange - INFO - Applying additional ccxt config: {'enableRateLimit': True, 'timeout': 120000}
2026-04-25 20:05:47,220 - freqtrade.exchange.exchange - INFO - Using Exchange "Binance"
2026-04-25 20:05:49,041 - freqtrade.resolvers.exchange_resolver - INFO - Using resolved exchange 'Binance'...
2026-04-25 20:05:49,049 - freqtrade.resolvers.iresolver - INFO - Using resolved strategy yty from 
'/home/mohs/Desktop/ae/pyside6/user_data/optimizer/sessions/2228f2cd-52d5-4133-b521-f7915a036afc/trial_006/strategy_dir/yty.py'...
2026-04-25 20:05:49,050 - freqtrade.strategy.hyper - INFO - Loading parameters from file 
/home/mohs/Desktop/ae/pyside6/user_data/optimizer/sessions/2228f2cd-52d5-4133-b521-f7915a036afc/trial_006/strategy_dir/yty.json
2026-04-25 20:05:49,050 - freqtrade.resolvers.strategy_resolver - INFO - Override strategy 'timeframe' with value from the configuration: 4h.
2026-04-25 20:05:49,051 - freqtrade.resolvers.strategy_resolver - INFO - Override strategy 'stake_currency' with value from the configuration: USDT.
2026-04-25 20:05:49,051 - freqtrade.resolvers.strategy_resolver - INFO - Override strategy 'stake_amount' with value from the configuration: unlimited.
2026-04-25 20:05:49,051 - freqtrade.resolvers.strategy_resolver - INFO - Override strategy 'use_exit_signal' with value from the configuration: True.
2026-04-25 20:05:49,051 - freqtrade.resolvers.strategy_resolver - INFO - Override strategy 'max_open_trades' with value from the configuration: 4.
2026-04-25 20:05:49,052 - freqtrade.resolvers.strategy_resolver - INFO - Strategy using minimal_roi: {'0': 0.7925322578346888, '1553': 0.92225171173531, '2332': 0.8120491453346693, '3169': 
0.47037083769675814}
2026-04-25 20:05:49,052 - freqtrade.resolvers.strategy_resolver - INFO - Strategy using timeframe: 4h
2026-04-25 20:05:49,052 - freqtrade.resolvers.strategy_resolver - INFO - Strategy using stoploss: -0.9013778039901246
2026-04-25 20:05:49,053 - freqtrade.resolvers.strategy_resolver - INFO - Strategy using trailing_stop: True
2026-04-25 20:05:49,053 - freqtrade.resolvers.strategy_resolver - INFO - Strategy using trailing_stop_positive_offset: 0.02138266827603738
2026-04-25 20:05:49,053 - freqtrade.resolvers.strategy_resolver - INFO - Strategy using trailing_only_offset_is_reached: True
2026-04-25 20:05:49,053 - freqtrade.resolvers.strategy_resolver - INFO - Strategy using use_custom_stoploss: False
2026-04-25 20:05:49,054 - freqtrade.resolvers.strategy_resolver - INFO - Strategy using process_only_new_candles: True
2026-04-25 20:05:49,054 - freqtrade.resolvers.strategy_resolver - INFO - Strategy using order_types: {'entry': 'limit', 'exit': 'limit', 'stoploss': 'limit', 'stoploss_on_exchange': False, 
'stoploss_on_exchange_interval': 60}
2026-04-25 20:05:49,054 - freqtrade.resolvers.strategy_resolver - INFO - Strategy using order_time_in_force: {'entry': 'GTC', 'exit': 'GTC'}
2026-04-25 20:05:49,054 - freqtrade.resolvers.strategy_resolver - INFO - Strategy using stake_currency: USDT
2026-04-25 20:05:49,055 - freqtrade.resolvers.strategy_resolver - INFO - Strategy using stake_amount: unlimited
2026-04-25 20:05:49,055 - freqtrade.resolvers.strategy_resolver - INFO - Strategy using startup_candle_count: 0
2026-04-25 20:05:49,055 - freqtrade.resolvers.strategy_resolver - INFO - Strategy using use_exit_signal: True
2026-04-25 20:05:49,056 - freqtrade.resolvers.strategy_resolver - INFO - Strategy using exit_profit_only: False
2026-04-25 20:05:49,056 - freqtrade.resolvers.strategy_resolver - INFO - Strategy using ignore_roi_if_entry_signal: False
2026-04-25 20:05:49,056 - freqtrade.resolvers.strategy_resolver - INFO - Strategy using exit_profit_offset: 0.0
2026-04-25 20:05:49,056 - freqtrade.resolvers.strategy_resolver - INFO - Strategy using disable_dataframe_checks: False
2026-04-25 20:05:49,057 - freqtrade.resolvers.strategy_resolver - INFO - Strategy using ignore_buying_expired_candle_after: 0
2026-04-25 20:05:49,057 - freqtrade.resolvers.strategy_resolver - INFO - Strategy using position_adjustment_enable: False
2026-04-25 20:05:49,057 - freqtrade.resolvers.strategy_resolver - INFO - Strategy using max_entry_position_adjustment: -1
2026-04-25 20:05:49,057 - freqtrade.resolvers.strategy_resolver - INFO - Strategy using max_open_trades: 4
2026-04-25 20:05:49,058 - freqtrade - ERROR - Configuration error: The config trailing_only_offset_is_reached needs trailing_stop_positive_offset to be more than 0 in your config.
Please make sure to review the documentation at https://www.freqtrade.io/en/stable.