2026-04-25 22:42:42,284 - freqtrade - INFO - freqtrade 2026.3
2026-04-25 22:42:43,328 - freqtrade.configuration.load_config - INFO - Using config: /home/mohs/Desktop/ae/pyside6/user_data/config.json ...
2026-04-25 22:42:43,330 - freqtrade.loggers - INFO - Enabling colorized output.
2026-04-25 22:42:43,331 - freqtrade.loggers - INFO - Logfile configured
2026-04-25 22:42:43,331 - freqtrade.loggers - INFO - Verbosity set to 0
2026-04-25 22:42:43,331 - freqtrade.configuration.configuration - INFO - Using additional Strategy lookup path: 
/home/mohs/Desktop/ae/pyside6/user_data/optimizer/sessions/b8194b7f-3716-497e-8a17-833c28d4e223/trial_077/strategy_dir
2026-04-25 22:42:43,332 - freqtrade.configuration.configuration - WARNING - `force_entry_enable` RPC message enabled.
2026-04-25 22:42:43,332 - freqtrade.configuration.configuration - INFO - Parameter -i/--timeframe detected ... Using timeframe: 4h ...
2026-04-25 22:42:43,332 - freqtrade.configuration.configuration - INFO - Parameter --max-open-trades detected, overriding max_open_trades to: 3 ...
2026-04-25 22:42:43,333 - freqtrade.configuration.configuration - INFO - Parameter --dry-run-wallet detected, overriding dry_run_wallet to: 150.0 ...
2026-04-25 22:42:43,333 - freqtrade.configuration.configuration - INFO - Parameter --timerange detected: 20250422-20260417 ...
2026-04-25 22:42:43,333 - freqtrade.configuration.configuration - INFO - Using user-data directory: /home/mohs/Desktop/ae/pyside6/user_data ...
2026-04-25 22:42:43,334 - freqtrade.configuration.configuration - INFO - Using data directory: /home/mohs/Desktop/ae/pyside6/user_data/data/binance ...
2026-04-25 22:42:43,334 - freqtrade.configuration.configuration - INFO - Parameter --export detected: trades ...
2026-04-25 22:42:43,334 - freqtrade.configuration.configuration - INFO - Parameter --cache=day detected ...
2026-04-25 22:42:43,335 - freqtrade.configuration.configuration - INFO - Using pairs ['XRP/USDT', 'ETH/USDT', 'HOME/USDT']
2026-04-25 22:42:43,335 - freqtrade.configuration.configuration - INFO - Filter trades by timerange: 20250422-20260417
2026-04-25 22:42:43,335 - freqtrade.exchange.check_exchange - INFO - Checking exchange...
2026-04-25 22:42:43,341 - freqtrade.exchange.check_exchange - INFO - Exchange "binance" is officially supported by the Freqtrade development team.
2026-04-25 22:42:43,341 - freqtrade.configuration.config_validation - INFO - Validating configuration ...
2026-04-25 22:42:43,343 - freqtrade.commands.optimize_commands - INFO - Starting freqtrade in Backtesting mode
2026-04-25 22:42:43,344 - freqtrade.exchange.exchange - INFO - Instance is running with dry_run enabled
2026-04-25 22:42:43,344 - freqtrade.exchange.exchange - INFO - Using CCXT 4.5.50
2026-04-25 22:42:43,344 - freqtrade.exchange.exchange - INFO - Applying additional ccxt config: {'enableRateLimit': True, 'timeout': 120000}
2026-04-25 22:42:43,349 - freqtrade.exchange.exchange - INFO - Applying additional ccxt config: {'enableRateLimit': True, 'timeout': 120000}
2026-04-25 22:42:43,355 - freqtrade.exchange.exchange - INFO - Using Exchange "Binance"
2026-04-25 22:42:44,500 - freqtrade.resolvers.exchange_resolver - INFO - Using resolved exchange 'Binance'...
2026-04-25 22:42:44,508 - freqtrade.resolvers.iresolver - INFO - Using resolved strategy yes from 
'/home/mohs/Desktop/ae/pyside6/user_data/optimizer/sessions/b8194b7f-3716-497e-8a17-833c28d4e223/trial_077/strategy_dir/yes.py'...
2026-04-25 22:42:44,509 - freqtrade.strategy.hyper - INFO - Loading parameters from file 
/home/mohs/Desktop/ae/pyside6/user_data/optimizer/sessions/b8194b7f-3716-497e-8a17-833c28d4e223/trial_077/strategy_dir/yes.json
2026-04-25 22:42:44,509 - freqtrade.resolvers.strategy_resolver - INFO - Override strategy 'timeframe' with value from the configuration: 4h.
2026-04-25 22:42:44,509 - freqtrade.resolvers.strategy_resolver - INFO - Override strategy 'stake_currency' with value from the configuration: USDT.
2026-04-25 22:42:44,510 - freqtrade.resolvers.strategy_resolver - INFO - Override strategy 'stake_amount' with value from the configuration: unlimited.
2026-04-25 22:42:44,510 - freqtrade.resolvers.strategy_resolver - INFO - Override strategy 'use_exit_signal' with value from the configuration: True.
2026-04-25 22:42:44,510 - freqtrade.resolvers.strategy_resolver - INFO - Override strategy 'max_open_trades' with value from the configuration: 3.
2026-04-25 22:42:44,510 - freqtrade.resolvers.strategy_resolver - INFO - Strategy using minimal_roi: {'0': 1.2745376472437149, '13': 0.6016395588407453, '146': 0.06150191912210379, '38': 
0.1414372810855844}
2026-04-25 22:42:44,511 - freqtrade.resolvers.strategy_resolver - INFO - Strategy using timeframe: 4h
2026-04-25 22:42:44,511 - freqtrade.resolvers.strategy_resolver - INFO - Strategy using stoploss: -0.9462786159360008
2026-04-25 22:42:44,511 - freqtrade.resolvers.strategy_resolver - INFO - Strategy using trailing_stop: False
2026-04-25 22:42:44,511 - freqtrade.resolvers.strategy_resolver - INFO - Strategy using trailing_stop_positive: 0.4547688282742483
2026-04-25 22:42:44,512 - freqtrade.resolvers.strategy_resolver - INFO - Strategy using trailing_stop_positive_offset: 0.4055274322645169
2026-04-25 22:42:44,512 - freqtrade.resolvers.strategy_resolver - INFO - Strategy using trailing_only_offset_is_reached: True
2026-04-25 22:42:44,512 - freqtrade.resolvers.strategy_resolver - INFO - Strategy using use_custom_stoploss: False
2026-04-25 22:42:44,512 - freqtrade.resolvers.strategy_resolver - INFO - Strategy using process_only_new_candles: True
2026-04-25 22:42:44,513 - freqtrade.resolvers.strategy_resolver - INFO - Strategy using order_types: {'entry': 'limit', 'exit': 'limit', 'stoploss': 'limit', 'stoploss_on_exchange': False, 
'stoploss_on_exchange_interval': 60}
2026-04-25 22:42:44,513 - freqtrade.resolvers.strategy_resolver - INFO - Strategy using order_time_in_force: {'entry': 'GTC', 'exit': 'GTC'}
2026-04-25 22:42:44,513 - freqtrade.resolvers.strategy_resolver - INFO - Strategy using stake_currency: USDT
2026-04-25 22:42:44,513 - freqtrade.resolvers.strategy_resolver - INFO - Strategy using stake_amount: unlimited
2026-04-25 22:42:44,514 - freqtrade.resolvers.strategy_resolver - INFO - Strategy using startup_candle_count: 0
2026-04-25 22:42:44,514 - freqtrade.resolvers.strategy_resolver - INFO - Strategy using use_exit_signal: True
2026-04-25 22:42:44,514 - freqtrade.resolvers.strategy_resolver - INFO - Strategy using exit_profit_only: False
2026-04-25 22:42:44,514 - freqtrade.resolvers.strategy_resolver - INFO - Strategy using ignore_roi_if_entry_signal: False
2026-04-25 22:42:44,514 - freqtrade.resolvers.strategy_resolver - INFO - Strategy using exit_profit_offset: 0.0
2026-04-25 22:42:44,515 - freqtrade.resolvers.strategy_resolver - INFO - Strategy using disable_dataframe_checks: False
2026-04-25 22:42:44,515 - freqtrade.resolvers.strategy_resolver - INFO - Strategy using ignore_buying_expired_candle_after: 0
2026-04-25 22:42:44,515 - freqtrade.resolvers.strategy_resolver - INFO - Strategy using position_adjustment_enable: False
2026-04-25 22:42:44,515 - freqtrade.resolvers.strategy_resolver - INFO - Strategy using max_entry_position_adjustment: -1
2026-04-25 22:42:44,516 - freqtrade.resolvers.strategy_resolver - INFO - Strategy using max_open_trades: 3
2026-04-25 22:42:44,516 - freqtrade.configuration.config_validation - INFO - Validating configuration ...
2026-04-25 22:42:44,520 - freqtrade.resolvers.iresolver - INFO - Using resolved pairlist StaticPairList from 
'/home/mohs/Desktop/ae/pyside6/.venv/lib/python3.12/site-packages/freqtrade/plugins/pairlist/StaticPairList.py'...
2026-04-25 22:42:44,532 - freqtrade.optimize.backtesting - INFO - Using fee 0.1000% - worst case fee from exchange (lowest tier).
2026-04-25 22:42:44,566 - freqtrade.data.history.datahandlers.idatahandler - WARNING - HOME/USDT, spot, 4h, data starts at 2025-06-12 12:00:00
2026-04-25 22:42:44,574 - freqtrade.optimize.backtesting - INFO - Loading data from 2025-04-22 00:00:00 up to 2026-04-17 00:00:00 (360 days).
2026-04-25 22:42:44,629 - freqtrade.optimize.backtesting - INFO - Dataload complete. Calculating indicators
2026-04-25 22:42:44,638 - freqtrade.optimize.backtesting - INFO - Running backtesting for Strategy yes
2026-04-25 22:42:44,638 - freqtrade.strategy.hyper - INFO - Strategy Parameter: buy_ma_count = 4
2026-04-25 22:42:44,639 - freqtrade.strategy.hyper - INFO - Strategy Parameter: buy_ma_gap = 7
2026-04-25 22:42:44,639 - freqtrade.strategy.hyper - INFO - Strategy Parameter: sell_ma_count = 11
2026-04-25 22:42:44,639 - freqtrade.strategy.hyper - INFO - Strategy Parameter: sell_ma_gap = 44
2026-04-25 22:42:44,648 - freqtrade.optimize.backtesting - INFO - Backtesting with data from 2025-04-22 00:00:00 up to 2026-04-17 00:00:00 (360 days).
2026-04-25 22:42:45,261 - freqtrade.misc - INFO - dumping json to "/home/mohs/Desktop/ae/pyside6/user_data/backtest_results/backtest-result-2026-04-25_22-42-45.meta.json"
Result for strategy yes
                                                BACKTESTING REPORT                                                
┏━━━━━━━━━━━┳━━━━━━━━┳━━━━━━━━━━━━━━┳━━━━━━━━━━━━━━━━━┳━━━━━━━━━━━━━━┳━━━━━━━━━━━━━━━━━━┳━━━━━━━━━━━━━━━━━━━━━━━━┓
┃      Pair ┃ Trades ┃ Avg Profit % ┃ Tot Profit USDT ┃ Tot Profit % ┃     Avg Duration ┃  Win  Draw  Loss  Win% ┃
┡━━━━━━━━━━━╇━━━━━━━━╇━━━━━━━━━━━━━━╇━━━━━━━━━━━━━━━━━╇━━━━━━━━━━━━━━╇━━━━━━━━━━━━━━━━━━╇━━━━━━━━━━━━━━━━━━━━━━━━┩
│  ETH/USDT │     19 │          3.2 │          33.989 │        22.66 │ 2 days, 22:57:00 │   15     0     4  78.9 │
│  XRP/USDT │     15 │         1.88 │          17.827 │        11.88 │ 4 days, 11:28:00 │   12     0     3  80.0 │
│ HOME/USDT │     18 │         1.76 │          17.660 │        11.77 │ 2 days, 20:13:00 │   12     0     6  66.7 │
│     TOTAL │     52 │         2.32 │          69.477 │        46.32 │  3 days, 8:32:00 │   39     0    13  75.0 │
└───────────┴────────┴──────────────┴─────────────────┴──────────────┴──────────────────┴────────────────────────┘
                                             LEFT OPEN TRADES REPORT                                             
┏━━━━━━━━━━┳━━━━━━━━┳━━━━━━━━━━━━━━┳━━━━━━━━━━━━━━━━━┳━━━━━━━━━━━━━━┳━━━━━━━━━━━━━━━━━━┳━━━━━━━━━━━━━━━━━━━━━━━━┓
┃     Pair ┃ Trades ┃ Avg Profit % ┃ Tot Profit USDT ┃ Tot Profit % ┃     Avg Duration ┃  Win  Draw  Loss  Win% ┃
┡━━━━━━━━━━╇━━━━━━━━╇━━━━━━━━━━━━━━╇━━━━━━━━━━━━━━━━━╇━━━━━━━━━━━━━━╇━━━━━━━━━━━━━━━━━━╇━━━━━━━━━━━━━━━━━━━━━━━━┩
│ XRP/USDT │      1 │         3.11 │           2.236 │         1.49 │         20:00:00 │    1     0     0   100 │
│ ETH/USDT │      1 │         2.56 │           1.838 │         1.23 │  5 days, 0:00:00 │    1     0     0   100 │
│    TOTAL │      2 │         2.84 │           4.074 │         2.72 │ 2 days, 22:00:00 │    2     0     0   100 │
└──────────┴────────┴──────────────┴─────────────────┴──────────────┴──────────────────┴────────────────────────┘
                                                 ENTER TAG STATS                                                  
┏━━━━━━━━━━━┳━━━━━━━━━┳━━━━━━━━━━━━━━┳━━━━━━━━━━━━━━━━━┳━━━━━━━━━━━━━━┳━━━━━━━━━━━━━━━━━┳━━━━━━━━━━━━━━━━━━━━━━━━┓
┃ Enter Tag ┃ Entries ┃ Avg Profit % ┃ Tot Profit USDT ┃ Tot Profit % ┃    Avg Duration ┃  Win  Draw  Loss  Win% ┃
┡━━━━━━━━━━━╇━━━━━━━━━╇━━━━━━━━━━━━━━╇━━━━━━━━━━━━━━━━━╇━━━━━━━━━━━━━━╇━━━━━━━━━━━━━━━━━╇━━━━━━━━━━━━━━━━━━━━━━━━┩
│     OTHER │      52 │         2.32 │          69.477 │        46.32 │ 3 days, 8:32:00 │   39     0    13  75.0 │
│     TOTAL │      52 │         2.32 │          69.477 │        46.32 │ 3 days, 8:32:00 │   39     0    13  75.0 │
└───────────┴─────────┴──────────────┴─────────────────┴──────────────┴─────────────────┴────────────────────────┘
                                                 EXIT REASON STATS                                                 
┏━━━━━━━━━━━━━┳━━━━━━━┳━━━━━━━━━━━━━━┳━━━━━━━━━━━━━━━━━┳━━━━━━━━━━━━━━┳━━━━━━━━━━━━━━━━━━┳━━━━━━━━━━━━━━━━━━━━━━━━┓
┃ Exit Reason ┃ Exits ┃ Avg Profit % ┃ Tot Profit USDT ┃ Tot Profit % ┃     Avg Duration ┃  Win  Draw  Loss  Win% ┃
┡━━━━━━━━━━━━━╇━━━━━━━╇━━━━━━━━━━━━━━╇━━━━━━━━━━━━━━━━━╇━━━━━━━━━━━━━━╇━━━━━━━━━━━━━━━━━━╇━━━━━━━━━━━━━━━━━━━━━━━━┩
│         roi │    33 │         6.15 │         125.357 │        83.57 │  2 days, 5:20:00 │   33     0     0   100 │
│  force_exit │     2 │         2.84 │           4.074 │         2.72 │ 2 days, 22:00:00 │    2     0     0   100 │
│ exit_signal │    17 │        -5.17 │         -59.954 │       -39.97 │ 5 days, 14:35:00 │    4     0    13  23.5 │
│       TOTAL │    52 │         2.32 │          69.477 │        46.32 │  3 days, 8:32:00 │   39     0    13  75.0 │
└─────────────┴───────┴──────────────┴─────────────────┴──────────────┴──────────────────┴────────────────────────┘
                                                        MIXED TAG STATS                                                         
┏━━━━━━━━━━━┳━━━━━━━━━━━━━┳━━━━━━━━┳━━━━━━━━━━━━━━┳━━━━━━━━━━━━━━━━━┳━━━━━━━━━━━━━━┳━━━━━━━━━━━━━━━━━━┳━━━━━━━━━━━━━━━━━━━━━━━━┓
┃ Enter Tag ┃ Exit Reason ┃ Trades ┃ Avg Profit % ┃ Tot Profit USDT ┃ Tot Profit % ┃     Avg Duration ┃  Win  Draw  Loss  Win% ┃
┡━━━━━━━━━━━╇━━━━━━━━━━━━━╇━━━━━━━━╇━━━━━━━━━━━━━━╇━━━━━━━━━━━━━━━━━╇━━━━━━━━━━━━━━╇━━━━━━━━━━━━━━━━━━╇━━━━━━━━━━━━━━━━━━━━━━━━┩
│           │         roi │     33 │         6.15 │         125.357 │        83.57 │  2 days, 5:20:00 │   33     0     0   100 │
│           │  force_exit │      2 │         2.84 │           4.074 │         2.72 │ 2 days, 22:00:00 │    2     0     0   100 │
│           │ exit_signal │     17 │        -5.17 │         -59.954 │       -39.97 │ 5 days, 14:35:00 │    4     0    13  23.5 │
│     TOTAL │             │     52 │         2.32 │          69.477 │        46.32 │  3 days, 8:32:00 │   39     0    13  75.0 │
└───────────┴─────────────┴────────┴──────────────┴─────────────────┴──────────────┴──────────────────┴────────────────────────┘
                          SUMMARY METRICS                          
┏━━━━━━━━━━━━━━━━━━━━━━━━━━━━━━━┳━━━━━━━━━━━━━━━━━━━━━━━━━━━━━━━━━┓
┃ Metric                        ┃ Value                           ┃
┡━━━━━━━━━━━━━━━━━━━━━━━━━━━━━━━╇━━━━━━━━━━━━━━━━━━━━━━━━━━━━━━━━━┩
│ Backtesting from              │ 2025-04-22 00:00:00             │
│ Backtesting to                │ 2026-04-17 00:00:00             │
│ Trading Mode                  │ Spot                            │
│ Max open trades               │ 3                               │
│                               │                                 │
│ Total/Daily Avg Trades        │ 52 / 0.14                       │
│ Starting balance              │ 150 USDT                        │
│ Final balance                 │ 219.477 USDT                    │
│ Absolute profit               │ 69.477 USDT                     │
│ Total profit %                │ 46.32%                          │
│ CAGR %                        │ 47.09%                          │
│ Sortino                       │ 1.23                            │
│ Sharpe                        │ 0.94                            │
│ Calmar                        │ 25.98                           │
│ SQN                           │ 2.43                            │
│ Profit factor                 │ 2.14                            │
│ Expectancy (Ratio)            │ 1.34 (0.28)                     │
│ Avg. daily profit             │ 0.193 USDT                      │
│ Avg. stake amount             │ 64.349 USDT                     │
│ Total trade volume            │ 6775.353 USDT                   │
│                               │                                 │
│ Best Pair                     │ ETH/USDT 22.66%                 │
│ Worst Pair                    │ HOME/USDT 11.77%                │
│ Best trade                    │ HOME/USDT 6.17%                 │
│ Worst trade                   │ XRP/USDT -16.39%                │
│ Best day                      │ 10.588 USDT                     │
│ Worst day                     │ -11.48 USDT                     │
│ Days win/draw/lose            │ 27 / 305 / 13                   │
│ Min/Max/Avg. Duration Winners │ 0d 04:00 / 13d 04:00 / 2d 19:11 │
│ Min/Max/Avg. Duration Losers  │ 0d 16:00 / 32d 00:00 / 5d 00:37 │
│ Max Consecutive Wins / Loss   │ 21 / 4                          │
│ Rejected Entry signals        │ 0                               │
│ Entry/Exit Timeouts           │ 0 / 0                           │
│                               │                                 │
│ Min balance                   │ 153.078 USDT                    │
│ Max balance                   │ 230.635 USDT                    │
│ Max % of account underwater   │ 10.70%                          │
│ Absolute drawdown             │ 21.822 USDT (9.46%)             │
│ Drawdown duration             │ 104 days 00:00:00               │
│ Profit at drawdown start      │ 80.635 USDT                     │
│ Profit at drawdown end        │ 58.812 USDT                     │
│ Drawdown start                │ 2025-08-17 12:00:00             │
│ Drawdown end                  │ 2025-11-29 12:00:00             │
│ Market change                 │ -9.22%                          │
└───────────────────────────────┴─────────────────────────────────┘

Backtested 2025-04-22 00:00:00 -> 2026-04-17 00:00:00 | Max open trades : 3
                                                          STRATEGY SUMMARY                                                           
┏━━━━━━━━━━┳━━━━━━━━┳━━━━━━━━━━━━━━┳━━━━━━━━━━━━━━━━━┳━━━━━━━━━━━━━━┳━━━━━━━━━━━━━━━━━┳━━━━━━━━━━━━━━━━━━━━━━━━┳━━━━━━━━━━━━━━━━━━━━┓
┃ Strategy ┃ Trades ┃ Avg Profit % ┃ Tot Profit USDT ┃ Tot Profit % ┃    Avg Duration ┃  Win  Draw  Loss  Win% ┃           Drawdown ┃
┡━━━━━━━━━━╇━━━━━━━━╇━━━━━━━━━━━━━━╇━━━━━━━━━━━━━━━━━╇━━━━━━━━━━━━━━╇━━━━━━━━━━━━━━━━━╇━━━━━━━━━━━━━━━━━━━━━━━━╇━━━━━━━━━━━━━━━━━━━━┩
│      yes │     52 │         2.32 │          69.477 │        46.32 │ 3 days, 8:32:00 │   39     0    13  75.0 │ 21.822 USDT  9.46% │
└──────────┴────────┴──────────────┴─────────────────┴──────────────┴─────────────────┴────────────────────────┴────────────────────┘