2026-04-25 22:41:59,152 - freqtrade - INFO - freqtrade 2026.3
2026-04-25 22:42:00,191 - freqtrade.configuration.load_config - INFO - Using config: /home/mohs/Desktop/ae/pyside6/user_data/config.json ...
2026-04-25 22:42:00,193 - freqtrade.loggers - INFO - Enabling colorized output.
2026-04-25 22:42:00,194 - freqtrade.loggers - INFO - Logfile configured
2026-04-25 22:42:00,194 - freqtrade.loggers - INFO - Verbosity set to 0
2026-04-25 22:42:00,194 - freqtrade.configuration.configuration - INFO - Using additional Strategy lookup path: 
/home/mohs/Desktop/ae/pyside6/user_data/optimizer/sessions/b8194b7f-3716-497e-8a17-833c28d4e223/trial_065/strategy_dir
2026-04-25 22:42:00,195 - freqtrade.configuration.configuration - WARNING - `force_entry_enable` RPC message enabled.
2026-04-25 22:42:00,195 - freqtrade.configuration.configuration - INFO - Parameter -i/--timeframe detected ... Using timeframe: 4h ...
2026-04-25 22:42:00,195 - freqtrade.configuration.configuration - INFO - Parameter --max-open-trades detected, overriding max_open_trades to: 3 ...
2026-04-25 22:42:00,195 - freqtrade.configuration.configuration - INFO - Parameter --dry-run-wallet detected, overriding dry_run_wallet to: 150.0 ...
2026-04-25 22:42:00,196 - freqtrade.configuration.configuration - INFO - Parameter --timerange detected: 20250422-20260417 ...
2026-04-25 22:42:00,196 - freqtrade.configuration.configuration - INFO - Using user-data directory: /home/mohs/Desktop/ae/pyside6/user_data ...
2026-04-25 22:42:00,197 - freqtrade.configuration.configuration - INFO - Using data directory: /home/mohs/Desktop/ae/pyside6/user_data/data/binance ...
2026-04-25 22:42:00,197 - freqtrade.configuration.configuration - INFO - Parameter --export detected: trades ...
2026-04-25 22:42:00,197 - freqtrade.configuration.configuration - INFO - Parameter --cache=day detected ...
2026-04-25 22:42:00,197 - freqtrade.configuration.configuration - INFO - Using pairs ['XRP/USDT', 'ETH/USDT', 'HOME/USDT']
2026-04-25 22:42:00,198 - freqtrade.configuration.configuration - INFO - Filter trades by timerange: 20250422-20260417
2026-04-25 22:42:00,198 - freqtrade.exchange.check_exchange - INFO - Checking exchange...
2026-04-25 22:42:00,204 - freqtrade.exchange.check_exchange - INFO - Exchange "binance" is officially supported by the Freqtrade development team.
2026-04-25 22:42:00,205 - freqtrade.configuration.config_validation - INFO - Validating configuration ...
2026-04-25 22:42:00,207 - freqtrade.commands.optimize_commands - INFO - Starting freqtrade in Backtesting mode
2026-04-25 22:42:00,207 - freqtrade.exchange.exchange - INFO - Instance is running with dry_run enabled
2026-04-25 22:42:00,207 - freqtrade.exchange.exchange - INFO - Using CCXT 4.5.50
2026-04-25 22:42:00,208 - freqtrade.exchange.exchange - INFO - Applying additional ccxt config: {'enableRateLimit': True, 'timeout': 120000}
2026-04-25 22:42:00,213 - freqtrade.exchange.exchange - INFO - Applying additional ccxt config: {'enableRateLimit': True, 'timeout': 120000}
2026-04-25 22:42:00,218 - freqtrade.exchange.exchange - INFO - Using Exchange "Binance"
2026-04-25 22:42:01,339 - freqtrade.resolvers.exchange_resolver - INFO - Using resolved exchange 'Binance'...
2026-04-25 22:42:01,347 - freqtrade.resolvers.iresolver - INFO - Using resolved strategy yes from 
'/home/mohs/Desktop/ae/pyside6/user_data/optimizer/sessions/b8194b7f-3716-497e-8a17-833c28d4e223/trial_065/strategy_dir/yes.py'...
2026-04-25 22:42:01,348 - freqtrade.strategy.hyper - INFO - Loading parameters from file 
/home/mohs/Desktop/ae/pyside6/user_data/optimizer/sessions/b8194b7f-3716-497e-8a17-833c28d4e223/trial_065/strategy_dir/yes.json
2026-04-25 22:42:01,348 - freqtrade.resolvers.strategy_resolver - INFO - Override strategy 'timeframe' with value from the configuration: 4h.
2026-04-25 22:42:01,348 - freqtrade.resolvers.strategy_resolver - INFO - Override strategy 'stake_currency' with value from the configuration: USDT.
2026-04-25 22:42:01,349 - freqtrade.resolvers.strategy_resolver - INFO - Override strategy 'stake_amount' with value from the configuration: unlimited.
2026-04-25 22:42:01,349 - freqtrade.resolvers.strategy_resolver - INFO - Override strategy 'use_exit_signal' with value from the configuration: True.
2026-04-25 22:42:01,349 - freqtrade.resolvers.strategy_resolver - INFO - Override strategy 'max_open_trades' with value from the configuration: 3.
2026-04-25 22:42:01,349 - freqtrade.resolvers.strategy_resolver - INFO - Strategy using minimal_roi: {'0': 1.2951415950042946, '13': 0.757985056240538, '146': 0.06160715456370501, '38': 
0.13847284407551663}
2026-04-25 22:42:01,350 - freqtrade.resolvers.strategy_resolver - INFO - Strategy using timeframe: 4h
2026-04-25 22:42:01,350 - freqtrade.resolvers.strategy_resolver - INFO - Strategy using stoploss: -0.8984231342220632
2026-04-25 22:42:01,350 - freqtrade.resolvers.strategy_resolver - INFO - Strategy using trailing_stop: False
2026-04-25 22:42:01,350 - freqtrade.resolvers.strategy_resolver - INFO - Strategy using trailing_stop_positive: 0.4730828937277821
2026-04-25 22:42:01,351 - freqtrade.resolvers.strategy_resolver - INFO - Strategy using trailing_stop_positive_offset: 0.2507422386009518
2026-04-25 22:42:01,351 - freqtrade.resolvers.strategy_resolver - INFO - Strategy using trailing_only_offset_is_reached: True
2026-04-25 22:42:01,351 - freqtrade.resolvers.strategy_resolver - INFO - Strategy using use_custom_stoploss: False
2026-04-25 22:42:01,351 - freqtrade.resolvers.strategy_resolver - INFO - Strategy using process_only_new_candles: True
2026-04-25 22:42:01,352 - freqtrade.resolvers.strategy_resolver - INFO - Strategy using order_types: {'entry': 'limit', 'exit': 'limit', 'stoploss': 'limit', 'stoploss_on_exchange': False, 
'stoploss_on_exchange_interval': 60}
2026-04-25 22:42:01,352 - freqtrade.resolvers.strategy_resolver - INFO - Strategy using order_time_in_force: {'entry': 'GTC', 'exit': 'GTC'}
2026-04-25 22:42:01,352 - freqtrade.resolvers.strategy_resolver - INFO - Strategy using stake_currency: USDT
2026-04-25 22:42:01,352 - freqtrade.resolvers.strategy_resolver - INFO - Strategy using stake_amount: unlimited
2026-04-25 22:42:01,353 - freqtrade.resolvers.strategy_resolver - INFO - Strategy using startup_candle_count: 0
2026-04-25 22:42:01,353 - freqtrade.resolvers.strategy_resolver - INFO - Strategy using use_exit_signal: True
2026-04-25 22:42:01,353 - freqtrade.resolvers.strategy_resolver - INFO - Strategy using exit_profit_only: False
2026-04-25 22:42:01,353 - freqtrade.resolvers.strategy_resolver - INFO - Strategy using ignore_roi_if_entry_signal: False
2026-04-25 22:42:01,354 - freqtrade.resolvers.strategy_resolver - INFO - Strategy using exit_profit_offset: 0.0
2026-04-25 22:42:01,354 - freqtrade.resolvers.strategy_resolver - INFO - Strategy using disable_dataframe_checks: False
2026-04-25 22:42:01,354 - freqtrade.resolvers.strategy_resolver - INFO - Strategy using ignore_buying_expired_candle_after: 0
2026-04-25 22:42:01,354 - freqtrade.resolvers.strategy_resolver - INFO - Strategy using position_adjustment_enable: False
2026-04-25 22:42:01,355 - freqtrade.resolvers.strategy_resolver - INFO - Strategy using max_entry_position_adjustment: -1
2026-04-25 22:42:01,355 - freqtrade.resolvers.strategy_resolver - INFO - Strategy using max_open_trades: 3
2026-04-25 22:42:01,355 - freqtrade.configuration.config_validation - INFO - Validating configuration ...
2026-04-25 22:42:01,359 - freqtrade.resolvers.iresolver - INFO - Using resolved pairlist StaticPairList from 
'/home/mohs/Desktop/ae/pyside6/.venv/lib/python3.12/site-packages/freqtrade/plugins/pairlist/StaticPairList.py'...
2026-04-25 22:42:01,371 - freqtrade.optimize.backtesting - INFO - Using fee 0.1000% - worst case fee from exchange (lowest tier).
2026-04-25 22:42:01,405 - freqtrade.data.history.datahandlers.idatahandler - WARNING - HOME/USDT, spot, 4h, data starts at 2025-06-12 12:00:00
2026-04-25 22:42:01,413 - freqtrade.optimize.backtesting - INFO - Loading data from 2025-04-22 00:00:00 up to 2026-04-17 00:00:00 (360 days).
2026-04-25 22:42:01,469 - freqtrade.optimize.backtesting - INFO - Dataload complete. Calculating indicators
2026-04-25 22:42:01,478 - freqtrade.optimize.backtesting - INFO - Running backtesting for Strategy yes
2026-04-25 22:42:01,478 - freqtrade.strategy.hyper - INFO - Strategy Parameter: buy_ma_count = 3
2026-04-25 22:42:01,478 - freqtrade.strategy.hyper - INFO - Strategy Parameter: buy_ma_gap = 8
2026-04-25 22:42:01,479 - freqtrade.strategy.hyper - INFO - Strategy Parameter: sell_ma_count = 13
2026-04-25 22:42:01,479 - freqtrade.strategy.hyper - INFO - Strategy Parameter: sell_ma_gap = 48
2026-04-25 22:42:01,488 - freqtrade.optimize.backtesting - INFO - Backtesting with data from 2025-04-22 00:00:00 up to 2026-04-17 00:00:00 (360 days).
2026-04-25 22:42:02,112 - freqtrade.misc - INFO - dumping json to "/home/mohs/Desktop/ae/pyside6/user_data/backtest_results/backtest-result-2026-04-25_22-42-02.meta.json"
Result for strategy yes
                                                BACKTESTING REPORT                                                
┏━━━━━━━━━━━┳━━━━━━━━┳━━━━━━━━━━━━━━┳━━━━━━━━━━━━━━━━━┳━━━━━━━━━━━━━━┳━━━━━━━━━━━━━━━━━━┳━━━━━━━━━━━━━━━━━━━━━━━━┓
┃      Pair ┃ Trades ┃ Avg Profit % ┃ Tot Profit USDT ┃ Tot Profit % ┃     Avg Duration ┃  Win  Draw  Loss  Win% ┃
┡━━━━━━━━━━━╇━━━━━━━━╇━━━━━━━━━━━━━━╇━━━━━━━━━━━━━━━━━╇━━━━━━━━━━━━━━╇━━━━━━━━━━━━━━━━━━╇━━━━━━━━━━━━━━━━━━━━━━━━┩
│  ETH/USDT │     17 │         4.09 │          39.062 │        26.04 │ 3 days, 12:28:00 │   15     0     2  88.2 │
│ HOME/USDT │     19 │         2.67 │          34.783 │        23.19 │  3 days, 0:38:00 │   14     0     5  73.7 │
│  XRP/USDT │     13 │         2.39 │          19.071 │        12.71 │  5 days, 6:28:00 │   10     0     3  76.9 │
│     TOTAL │     49 │         3.09 │          92.916 │        61.94 │ 3 days, 19:01:00 │   39     0    10  79.6 │
└───────────┴────────┴──────────────┴─────────────────┴──────────────┴──────────────────┴────────────────────────┘
                                            LEFT OPEN TRADES REPORT                                             
┏━━━━━━━━━━┳━━━━━━━━┳━━━━━━━━━━━━━━┳━━━━━━━━━━━━━━━━━┳━━━━━━━━━━━━━━┳━━━━━━━━━━━━━━━━━┳━━━━━━━━━━━━━━━━━━━━━━━━┓
┃     Pair ┃ Trades ┃ Avg Profit % ┃ Tot Profit USDT ┃ Tot Profit % ┃    Avg Duration ┃  Win  Draw  Loss  Win% ┃
┡━━━━━━━━━━╇━━━━━━━━╇━━━━━━━━━━━━━━╇━━━━━━━━━━━━━━━━━╇━━━━━━━━━━━━━━╇━━━━━━━━━━━━━━━━━╇━━━━━━━━━━━━━━━━━━━━━━━━┩
│ XRP/USDT │      1 │         3.11 │           2.486 │         1.66 │        20:00:00 │    1     0     0   100 │
│ ETH/USDT │      1 │         1.19 │           0.947 │         0.63 │ 5 days, 4:00:00 │    1     0     0   100 │
│    TOTAL │      2 │         2.15 │           3.433 │         2.29 │ 3 days, 0:00:00 │    2     0     0   100 │
└──────────┴────────┴──────────────┴─────────────────┴──────────────┴─────────────────┴────────────────────────┘
                                                  ENTER TAG STATS                                                  
┏━━━━━━━━━━━┳━━━━━━━━━┳━━━━━━━━━━━━━━┳━━━━━━━━━━━━━━━━━┳━━━━━━━━━━━━━━┳━━━━━━━━━━━━━━━━━━┳━━━━━━━━━━━━━━━━━━━━━━━━┓
┃ Enter Tag ┃ Entries ┃ Avg Profit % ┃ Tot Profit USDT ┃ Tot Profit % ┃     Avg Duration ┃  Win  Draw  Loss  Win% ┃
┡━━━━━━━━━━━╇━━━━━━━━━╇━━━━━━━━━━━━━━╇━━━━━━━━━━━━━━━━━╇━━━━━━━━━━━━━━╇━━━━━━━━━━━━━━━━━━╇━━━━━━━━━━━━━━━━━━━━━━━━┩
│     OTHER │      49 │         3.09 │          92.916 │        61.94 │ 3 days, 19:01:00 │   39     0    10  79.6 │
│     TOTAL │      49 │         3.09 │          92.916 │        61.94 │ 3 days, 19:01:00 │   39     0    10  79.6 │
└───────────┴─────────┴──────────────┴─────────────────┴──────────────┴──────────────────┴────────────────────────┘
                                                 EXIT REASON STATS                                                 
┏━━━━━━━━━━━━━┳━━━━━━━┳━━━━━━━━━━━━━━┳━━━━━━━━━━━━━━━━━┳━━━━━━━━━━━━━━┳━━━━━━━━━━━━━━━━━━┳━━━━━━━━━━━━━━━━━━━━━━━━┓
┃ Exit Reason ┃ Exits ┃ Avg Profit % ┃ Tot Profit USDT ┃ Tot Profit % ┃     Avg Duration ┃  Win  Draw  Loss  Win% ┃
┡━━━━━━━━━━━━━╇━━━━━━━╇━━━━━━━━━━━━━━╇━━━━━━━━━━━━━━━━━╇━━━━━━━━━━━━━━╇━━━━━━━━━━━━━━━━━━╇━━━━━━━━━━━━━━━━━━━━━━━━┩
│         roi │    35 │         6.16 │         135.742 │        90.49 │  3 days, 1:15:00 │   35     0     0   100 │
│  force_exit │     2 │         2.15 │           3.433 │         2.29 │  3 days, 0:00:00 │    2     0     0   100 │
│ exit_signal │    12 │        -5.71 │         -46.260 │       -30.84 │  6 days, 2:00:00 │    2     0    10  16.7 │
│       TOTAL │    49 │         3.09 │          92.916 │        61.94 │ 3 days, 19:01:00 │   39     0    10  79.6 │
└─────────────┴───────┴──────────────┴─────────────────┴──────────────┴──────────────────┴────────────────────────┘
                                                        MIXED TAG STATS                                                         
┏━━━━━━━━━━━┳━━━━━━━━━━━━━┳━━━━━━━━┳━━━━━━━━━━━━━━┳━━━━━━━━━━━━━━━━━┳━━━━━━━━━━━━━━┳━━━━━━━━━━━━━━━━━━┳━━━━━━━━━━━━━━━━━━━━━━━━┓
┃ Enter Tag ┃ Exit Reason ┃ Trades ┃ Avg Profit % ┃ Tot Profit USDT ┃ Tot Profit % ┃     Avg Duration ┃  Win  Draw  Loss  Win% ┃
┡━━━━━━━━━━━╇━━━━━━━━━━━━━╇━━━━━━━━╇━━━━━━━━━━━━━━╇━━━━━━━━━━━━━━━━━╇━━━━━━━━━━━━━━╇━━━━━━━━━━━━━━━━━━╇━━━━━━━━━━━━━━━━━━━━━━━━┩
│           │         roi │     35 │         6.16 │         135.742 │        90.49 │  3 days, 1:15:00 │   35     0     0   100 │
│           │  force_exit │      2 │         2.15 │           3.433 │         2.29 │  3 days, 0:00:00 │    2     0     0   100 │
│           │ exit_signal │     12 │        -5.71 │         -46.260 │       -30.84 │  6 days, 2:00:00 │    2     0    10  16.7 │
│     TOTAL │             │     49 │         3.09 │          92.916 │        61.94 │ 3 days, 19:01:00 │   39     0    10  79.6 │
└───────────┴─────────────┴────────┴──────────────┴─────────────────┴──────────────┴──────────────────┴────────────────────────┘
                          SUMMARY METRICS                          
┏━━━━━━━━━━━━━━━━━━━━━━━━━━━━━━━┳━━━━━━━━━━━━━━━━━━━━━━━━━━━━━━━━━┓
┃ Metric                        ┃ Value                           ┃
┡━━━━━━━━━━━━━━━━━━━━━━━━━━━━━━━╇━━━━━━━━━━━━━━━━━━━━━━━━━━━━━━━━━┩
│ Backtesting from              │ 2025-04-22 00:00:00             │
│ Backtesting to                │ 2026-04-17 00:00:00             │
│ Trading Mode                  │ Spot                            │
│ Max open trades               │ 3                               │
│                               │                                 │
│ Total/Daily Avg Trades        │ 49 / 0.14                       │
│ Starting balance              │ 150 USDT                        │
│ Final balance                 │ 242.916 USDT                    │
│ Absolute profit               │ 92.916 USDT                     │
│ Total profit %                │ 61.94%                          │
│ CAGR %                        │ 63.03%                          │
│ Sortino                       │ 1.99                            │
│ Sharpe                        │ 1.33                            │
│ Calmar                        │ 35.26                           │
│ SQN                           │ 3.54                            │
│ Profit factor                 │ 2.90                            │
│ Expectancy (Ratio)            │ 1.90 (0.39)                     │
│ Avg. daily profit             │ 0.258 USDT                      │
│ Avg. stake amount             │ 65.204 USDT                     │
│ Total trade volume            │ 6495.915 USDT                   │
│                               │                                 │
│ Best Pair                     │ ETH/USDT 26.04%                 │
│ Worst Pair                    │ XRP/USDT 12.71%                 │
│ Best trade                    │ HOME/USDT 6.18%                 │
│ Worst trade                   │ XRP/USDT -16.39%                │
│ Best day                      │ 12.132 USDT                     │
│ Worst day                     │ -9.431 USDT                     │
│ Days win/draw/lose            │ 28 / 309 / 8                    │
│ Min/Max/Avg. Duration Winners │ 0d 04:00 / 17d 00:00 / 3d 03:11 │
│ Min/Max/Avg. Duration Losers  │ 0d 20:00 / 32d 00:00 / 6d 08:48 │
│ Max Consecutive Wins / Loss   │ 18 / 2                          │
│ Rejected Entry signals        │ 0                               │
│ Entry/Exit Timeouts           │ 0 / 0                           │
│                               │                                 │
│ Min balance                   │ 153.075 USDT                    │
│ Max balance                   │ 242.916 USDT                    │
│ Max % of account underwater   │ 9.32%                           │
│ Absolute drawdown             │ 16.42 USDT (9.32%)              │
│ Drawdown duration             │ 20 days 12:00:00                │
│ Profit at drawdown start      │ 26.109 USDT                     │
│ Profit at drawdown end        │ 9.689 USDT                      │
│ Drawdown start                │ 2025-05-29 00:00:00             │
│ Drawdown end                  │ 2025-06-18 12:00:00             │
│ Market change                 │ -9.22%                          │
└───────────────────────────────┴─────────────────────────────────┘

Backtested 2025-04-22 00:00:00 -> 2026-04-17 00:00:00 | Max open trades : 3
                                                          STRATEGY SUMMARY                                                           
┏━━━━━━━━━━┳━━━━━━━━┳━━━━━━━━━━━━━━┳━━━━━━━━━━━━━━━━━┳━━━━━━━━━━━━━━┳━━━━━━━━━━━━━━━━━━┳━━━━━━━━━━━━━━━━━━━━━━━━┳━━━━━━━━━━━━━━━━━━━┓
┃ Strategy ┃ Trades ┃ Avg Profit % ┃ Tot Profit USDT ┃ Tot Profit % ┃     Avg Duration ┃  Win  Draw  Loss  Win% ┃          Drawdown ┃
┡━━━━━━━━━━╇━━━━━━━━╇━━━━━━━━━━━━━━╇━━━━━━━━━━━━━━━━━╇━━━━━━━━━━━━━━╇━━━━━━━━━━━━━━━━━━╇━━━━━━━━━━━━━━━━━━━━━━━━╇━━━━━━━━━━━━━━━━━━━┩
│      yes │     49 │         3.09 │          92.916 │        61.94 │ 3 days, 19:01:00 │   39     0    10  79.6 │ 16.42 USDT  9.32% │
└──────────┴────────┴──────────────┴─────────────────┴──────────────┴──────────────────┴────────────────────────┴───────────────────┘