2026-04-25 22:26:12,913 - freqtrade - INFO - freqtrade 2026.3
2026-04-25 22:26:13,953 - freqtrade.configuration.load_config - INFO - Using config: /home/mohs/Desktop/ae/pyside6/user_data/config.json ...
2026-04-25 22:26:13,955 - freqtrade.loggers - INFO - Enabling colorized output.
2026-04-25 22:26:13,955 - freqtrade.loggers - INFO - Logfile configured
2026-04-25 22:26:13,956 - freqtrade.loggers - INFO - Verbosity set to 0
2026-04-25 22:26:13,956 - freqtrade.configuration.configuration - INFO - Using additional Strategy lookup path: 
/home/mohs/Desktop/ae/pyside6/user_data/optimizer/sessions/00d5d57f-9960-4dcc-ac23-ec438d4ba9c3/trial_021/strategy_dir
2026-04-25 22:26:13,956 - freqtrade.configuration.configuration - WARNING - `force_entry_enable` RPC message enabled.
2026-04-25 22:26:13,956 - freqtrade.configuration.configuration - INFO - Parameter -i/--timeframe detected ... Using timeframe: 5m ...
2026-04-25 22:26:13,957 - freqtrade.configuration.configuration - INFO - Parameter --max-open-trades detected, overriding max_open_trades to: 3 ...
2026-04-25 22:26:13,957 - freqtrade.configuration.configuration - INFO - Parameter --dry-run-wallet detected, overriding dry_run_wallet to: 150.0 ...
2026-04-25 22:26:13,957 - freqtrade.configuration.configuration - INFO - Parameter --timerange detected: 20250422-20260417 ...
2026-04-25 22:26:13,958 - freqtrade.configuration.configuration - INFO - Using user-data directory: /home/mohs/Desktop/ae/pyside6/user_data ...
2026-04-25 22:26:13,958 - freqtrade.configuration.configuration - INFO - Using data directory: /home/mohs/Desktop/ae/pyside6/user_data/data/binance ...
2026-04-25 22:26:13,958 - freqtrade.configuration.configuration - INFO - Parameter --export detected: trades ...
2026-04-25 22:26:13,958 - freqtrade.configuration.configuration - INFO - Parameter --cache=day detected ...
2026-04-25 22:26:13,959 - freqtrade.configuration.configuration - INFO - Using pairs ['XRP/USDT', 'ETH/USDT', 'HOME/USDT']
2026-04-25 22:26:13,959 - freqtrade.configuration.configuration - INFO - Filter trades by timerange: 20250422-20260417
2026-04-25 22:26:13,959 - freqtrade.exchange.check_exchange - INFO - Checking exchange...
2026-04-25 22:26:13,966 - freqtrade.exchange.check_exchange - INFO - Exchange "binance" is officially supported by the Freqtrade development team.
2026-04-25 22:26:13,966 - freqtrade.configuration.config_validation - INFO - Validating configuration ...
2026-04-25 22:26:13,968 - freqtrade.commands.optimize_commands - INFO - Starting freqtrade in Backtesting mode
2026-04-25 22:26:13,968 - freqtrade.exchange.exchange - INFO - Instance is running with dry_run enabled
2026-04-25 22:26:13,969 - freqtrade.exchange.exchange - INFO - Using CCXT 4.5.50
2026-04-25 22:26:13,969 - freqtrade.exchange.exchange - INFO - Applying additional ccxt config: {'enableRateLimit': True, 'timeout': 120000}
2026-04-25 22:26:13,974 - freqtrade.exchange.exchange - INFO - Applying additional ccxt config: {'enableRateLimit': True, 'timeout': 120000}
2026-04-25 22:26:13,980 - freqtrade.exchange.exchange - INFO - Using Exchange "Binance"
2026-04-25 22:26:15,121 - freqtrade.resolvers.exchange_resolver - INFO - Using resolved exchange 'Binance'...
2026-04-25 22:26:15,129 - freqtrade.resolvers.iresolver - INFO - Using resolved strategy yes from 
'/home/mohs/Desktop/ae/pyside6/user_data/optimizer/sessions/00d5d57f-9960-4dcc-ac23-ec438d4ba9c3/trial_021/strategy_dir/yes.py'...
2026-04-25 22:26:15,129 - freqtrade.strategy.hyper - INFO - Loading parameters from file 
/home/mohs/Desktop/ae/pyside6/user_data/optimizer/sessions/00d5d57f-9960-4dcc-ac23-ec438d4ba9c3/trial_021/strategy_dir/yes.json
2026-04-25 22:26:15,130 - freqtrade.resolvers.strategy_resolver - INFO - Override strategy 'timeframe' with value from the configuration: 5m.
2026-04-25 22:26:15,130 - freqtrade.resolvers.strategy_resolver - INFO - Override strategy 'stake_currency' with value from the configuration: USDT.
2026-04-25 22:26:15,130 - freqtrade.resolvers.strategy_resolver - INFO - Override strategy 'stake_amount' with value from the configuration: unlimited.
2026-04-25 22:26:15,130 - freqtrade.resolvers.strategy_resolver - INFO - Override strategy 'use_exit_signal' with value from the configuration: True.
2026-04-25 22:26:15,131 - freqtrade.resolvers.strategy_resolver - INFO - Override strategy 'max_open_trades' with value from the configuration: 3.
2026-04-25 22:26:15,131 - freqtrade.resolvers.strategy_resolver - INFO - Strategy using minimal_roi: {'0': 1.4065055312384511, '13': 0.46532027718065816, '146': 0.06164379105011769, '38': 
0.3194045926730329}
2026-04-25 22:26:15,131 - freqtrade.resolvers.strategy_resolver - INFO - Strategy using timeframe: 5m
2026-04-25 22:26:15,131 - freqtrade.resolvers.strategy_resolver - INFO - Strategy using stoploss: -0.9054329521923032
2026-04-25 22:26:15,132 - freqtrade.resolvers.strategy_resolver - INFO - Strategy using trailing_stop: False
2026-04-25 22:26:15,132 - freqtrade.resolvers.strategy_resolver - INFO - Strategy using trailing_stop_positive: 0.3751242338001477
2026-04-25 22:26:15,132 - freqtrade.resolvers.strategy_resolver - INFO - Strategy using trailing_stop_positive_offset: 0.27910419970307565
2026-04-25 22:26:15,132 - freqtrade.resolvers.strategy_resolver - INFO - Strategy using trailing_only_offset_is_reached: True
2026-04-25 22:26:15,133 - freqtrade.resolvers.strategy_resolver - INFO - Strategy using use_custom_stoploss: False
2026-04-25 22:26:15,133 - freqtrade.resolvers.strategy_resolver - INFO - Strategy using process_only_new_candles: True
2026-04-25 22:26:15,133 - freqtrade.resolvers.strategy_resolver - INFO - Strategy using order_types: {'entry': 'limit', 'exit': 'limit', 'stoploss': 'limit', 'stoploss_on_exchange': False, 
'stoploss_on_exchange_interval': 60}
2026-04-25 22:26:15,134 - freqtrade.resolvers.strategy_resolver - INFO - Strategy using order_time_in_force: {'entry': 'GTC', 'exit': 'GTC'}
2026-04-25 22:26:15,134 - freqtrade.resolvers.strategy_resolver - INFO - Strategy using stake_currency: USDT
2026-04-25 22:26:15,134 - freqtrade.resolvers.strategy_resolver - INFO - Strategy using stake_amount: unlimited
2026-04-25 22:26:15,134 - freqtrade.resolvers.strategy_resolver - INFO - Strategy using startup_candle_count: 0
2026-04-25 22:26:15,135 - freqtrade.resolvers.strategy_resolver - INFO - Strategy using use_exit_signal: True
2026-04-25 22:26:15,135 - freqtrade.resolvers.strategy_resolver - INFO - Strategy using exit_profit_only: False
2026-04-25 22:26:15,135 - freqtrade.resolvers.strategy_resolver - INFO - Strategy using ignore_roi_if_entry_signal: False
2026-04-25 22:26:15,135 - freqtrade.resolvers.strategy_resolver - INFO - Strategy using exit_profit_offset: 0.0
2026-04-25 22:26:15,136 - freqtrade.resolvers.strategy_resolver - INFO - Strategy using disable_dataframe_checks: False
2026-04-25 22:26:15,136 - freqtrade.resolvers.strategy_resolver - INFO - Strategy using ignore_buying_expired_candle_after: 0
2026-04-25 22:26:15,136 - freqtrade.resolvers.strategy_resolver - INFO - Strategy using position_adjustment_enable: False
2026-04-25 22:26:15,136 - freqtrade.resolvers.strategy_resolver - INFO - Strategy using max_entry_position_adjustment: -1
2026-04-25 22:26:15,137 - freqtrade.resolvers.strategy_resolver - INFO - Strategy using max_open_trades: 3
2026-04-25 22:26:15,137 - freqtrade.configuration.config_validation - INFO - Validating configuration ...
2026-04-25 22:26:15,141 - freqtrade.resolvers.iresolver - INFO - Using resolved pairlist StaticPairList from 
'/home/mohs/Desktop/ae/pyside6/.venv/lib/python3.12/site-packages/freqtrade/plugins/pairlist/StaticPairList.py'...
2026-04-25 22:26:15,153 - freqtrade.optimize.backtesting - INFO - Using fee 0.1000% - worst case fee from exchange (lowest tier).
2026-04-25 22:26:15,291 - freqtrade.data.history.datahandlers.idatahandler - WARNING - XRP/USDT, spot, 5m, data ends at 2026-04-11 01:45:00
2026-04-25 22:26:15,683 - freqtrade.data.history.datahandlers.idatahandler - WARNING - HOME/USDT, spot, 5m, data starts at 2025-06-12 15:00:00
2026-04-25 22:26:15,712 - freqtrade.optimize.backtesting - INFO - Loading data from 2025-04-22 00:00:00 up to 2026-04-17 00:00:00 (360 days).
2026-04-25 22:26:17,757 - freqtrade.optimize.backtesting - INFO - Dataload complete. Calculating indicators
2026-04-25 22:26:17,764 - freqtrade.optimize.backtesting - INFO - Running backtesting for Strategy yes
2026-04-25 22:26:17,764 - freqtrade.strategy.hyper - INFO - Strategy Parameter: buy_ma_count = 3
2026-04-25 22:26:17,764 - freqtrade.strategy.hyper - INFO - Strategy Parameter: buy_ma_gap = 29
2026-04-25 22:26:17,765 - freqtrade.strategy.hyper - INFO - Strategy Parameter: sell_ma_count = 1
2026-04-25 22:26:17,765 - freqtrade.strategy.hyper - INFO - Strategy Parameter: sell_ma_gap = 32
2026-04-25 22:26:17,822 - freqtrade.optimize.backtesting - INFO - Backtesting with data from 2025-04-22 00:00:00 up to 2026-04-17 00:00:00 (360 days).
/home/mohs/Desktop/ae/pyside6/.venv/lib/python3.12/site-packages/freqtrade/data/metrics.py:77: FutureWarning: The default fill_method='pad' in DataFrame.pct_change is deprecated and will be removed in a future version. Either fill in any non-leading NA values prior to calling pct_change or specify 'fill_method=None' to not fill NA values.
  rel_mean = df_comb.pct_change().mean(axis=1).fillna(0).cumsum()
2026-04-25 22:26:33,685 - freqtrade.misc - INFO - dumping json to "/home/mohs/Desktop/ae/pyside6/user_data/backtest_results/backtest-result-2026-04-25_22-26-33.meta.json"
Result for strategy yes
                                                BACKTESTING REPORT                                                 
┏━━━━━━━━━━━┳━━━━━━━━┳━━━━━━━━━━━━━━┳━━━━━━━━━━━━━━━━━┳━━━━━━━━━━━━━━┳━━━━━━━━━━━━━━━━━━━┳━━━━━━━━━━━━━━━━━━━━━━━━┓
┃      Pair ┃ Trades ┃ Avg Profit % ┃ Tot Profit USDT ┃ Tot Profit % ┃      Avg Duration ┃  Win  Draw  Loss  Win% ┃
┡━━━━━━━━━━━╇━━━━━━━━╇━━━━━━━━━━━━━━╇━━━━━━━━━━━━━━━━━╇━━━━━━━━━━━━━━╇━━━━━━━━━━━━━━━━━━━╇━━━━━━━━━━━━━━━━━━━━━━━━┩
│  ETH/USDT │     17 │         2.72 │          15.202 │        10.13 │  21 days, 2:40:00 │   16     0     1  94.1 │
│ HOME/USDT │     11 │         0.17 │         -10.259 │        -6.84 │ 27 days, 22:45:00 │   10     0     1  90.9 │
│  XRP/USDT │      8 │        -2.22 │         -18.405 │       -12.27 │  44 days, 3:18:00 │    7     0     1  87.5 │
│     TOTAL │     36 │         0.84 │         -13.461 │        -8.97 │  28 days, 7:36:00 │   33     0     3  91.7 │
└───────────┴────────┴──────────────┴─────────────────┴──────────────┴───────────────────┴────────────────────────┘
                                              LEFT OPEN TRADES REPORT                                               
┏━━━━━━━━━━━┳━━━━━━━━┳━━━━━━━━━━━━━━┳━━━━━━━━━━━━━━━━━┳━━━━━━━━━━━━━━┳━━━━━━━━━━━━━━━━━━━━┳━━━━━━━━━━━━━━━━━━━━━━━━┓
┃      Pair ┃ Trades ┃ Avg Profit % ┃ Tot Profit USDT ┃ Tot Profit % ┃       Avg Duration ┃  Win  Draw  Loss  Win% ┃
┡━━━━━━━━━━━╇━━━━━━━━╇━━━━━━━━━━━━━━╇━━━━━━━━━━━━━━━━━╇━━━━━━━━━━━━━━╇━━━━━━━━━━━━━━━━━━━━╇━━━━━━━━━━━━━━━━━━━━━━━━┩
│  XRP/USDT │      1 │       -60.88 │         -45.184 │       -30.12 │  267 days, 4:35:00 │    0     0     1     0 │
│  ETH/USDT │      1 │       -52.46 │         -50.485 │       -33.66 │  235 days, 6:15:00 │    0     0     1     0 │
│ HOME/USDT │      1 │       -59.76 │         -56.410 │       -37.61 │  246 days, 7:10:00 │    0     0     1     0 │
│     TOTAL │      3 │        -57.7 │        -152.079 │      -101.39 │ 249 days, 14:00:00 │    0     0     3     0 │
└───────────┴────────┴──────────────┴─────────────────┴──────────────┴────────────────────┴────────────────────────┘
                                                  ENTER TAG STATS                                                  
┏━━━━━━━━━━━┳━━━━━━━━━┳━━━━━━━━━━━━━━┳━━━━━━━━━━━━━━━━━┳━━━━━━━━━━━━━━┳━━━━━━━━━━━━━━━━━━┳━━━━━━━━━━━━━━━━━━━━━━━━┓
┃ Enter Tag ┃ Entries ┃ Avg Profit % ┃ Tot Profit USDT ┃ Tot Profit % ┃     Avg Duration ┃  Win  Draw  Loss  Win% ┃
┡━━━━━━━━━━━╇━━━━━━━━━╇━━━━━━━━━━━━━━╇━━━━━━━━━━━━━━━━━╇━━━━━━━━━━━━━━╇━━━━━━━━━━━━━━━━━━╇━━━━━━━━━━━━━━━━━━━━━━━━┩
│     OTHER │      36 │         0.84 │         -13.461 │        -8.97 │ 28 days, 7:36:00 │   33     0     3  91.7 │
│     TOTAL │      36 │         0.84 │         -13.461 │        -8.97 │ 28 days, 7:36:00 │   33     0     3  91.7 │
└───────────┴─────────┴──────────────┴─────────────────┴──────────────┴──────────────────┴────────────────────────┘
                                                  EXIT REASON STATS                                                  
┏━━━━━━━━━━━━━┳━━━━━━━┳━━━━━━━━━━━━━━┳━━━━━━━━━━━━━━━━━┳━━━━━━━━━━━━━━┳━━━━━━━━━━━━━━━━━━━━┳━━━━━━━━━━━━━━━━━━━━━━━━┓
┃ Exit Reason ┃ Exits ┃ Avg Profit % ┃ Tot Profit USDT ┃ Tot Profit % ┃       Avg Duration ┃  Win  Draw  Loss  Win% ┃
┡━━━━━━━━━━━━━╇━━━━━━━╇━━━━━━━━━━━━━━╇━━━━━━━━━━━━━━━━━╇━━━━━━━━━━━━━━╇━━━━━━━━━━━━━━━━━━━━╇━━━━━━━━━━━━━━━━━━━━━━━━┩
│         roi │    33 │         6.16 │         138.618 │        92.41 │    8 days, 4:51:00 │   33     0     0   100 │
│  force_exit │     3 │        -57.7 │        -152.079 │      -101.39 │ 249 days, 14:00:00 │    0     0     3     0 │
│       TOTAL │    36 │         0.84 │         -13.461 │        -8.97 │   28 days, 7:36:00 │   33     0     3  91.7 │
└─────────────┴───────┴──────────────┴─────────────────┴──────────────┴────────────────────┴────────────────────────┘
                                                         MIXED TAG STATS                                                          
┏━━━━━━━━━━━┳━━━━━━━━━━━━━┳━━━━━━━━┳━━━━━━━━━━━━━━┳━━━━━━━━━━━━━━━━━┳━━━━━━━━━━━━━━┳━━━━━━━━━━━━━━━━━━━━┳━━━━━━━━━━━━━━━━━━━━━━━━┓
┃ Enter Tag ┃ Exit Reason ┃ Trades ┃ Avg Profit % ┃ Tot Profit USDT ┃ Tot Profit % ┃       Avg Duration ┃  Win  Draw  Loss  Win% ┃
┡━━━━━━━━━━━╇━━━━━━━━━━━━━╇━━━━━━━━╇━━━━━━━━━━━━━━╇━━━━━━━━━━━━━━━━━╇━━━━━━━━━━━━━━╇━━━━━━━━━━━━━━━━━━━━╇━━━━━━━━━━━━━━━━━━━━━━━━┩
│           │         roi │     33 │         6.16 │         138.618 │        92.41 │    8 days, 4:51:00 │   33     0     0   100 │
│           │  force_exit │      3 │        -57.7 │        -152.079 │      -101.39 │ 249 days, 14:00:00 │    0     0     3     0 │
│     TOTAL │             │     36 │         0.84 │         -13.461 │        -8.97 │   28 days, 7:36:00 │   33     0     3  91.7 │
└───────────┴─────────────┴────────┴──────────────┴─────────────────┴──────────────┴────────────────────┴────────────────────────┘
                            SUMMARY METRICS                             
┏━━━━━━━━━━━━━━━━━━━━━━━━━━━━━━━┳━━━━━━━━━━━━━━━━━━━━━━━━━━━━━━━━━━━━━━┓
┃ Metric                        ┃ Value                                ┃
┡━━━━━━━━━━━━━━━━━━━━━━━━━━━━━━━╇━━━━━━━━━━━━━━━━━━━━━━━━━━━━━━━━━━━━━━┩
│ Backtesting from              │ 2025-04-22 00:00:00                  │
│ Backtesting to                │ 2026-04-17 00:00:00                  │
│ Trading Mode                  │ Spot                                 │
│ Max open trades               │ 3                                    │
│                               │                                      │
│ Total/Daily Avg Trades        │ 36 / 0.1                             │
│ Starting balance              │ 150 USDT                             │
│ Final balance                 │ 136.539 USDT                         │
│ Absolute profit               │ -13.461 USDT                         │
│ Total profit %                │ -8.97%                               │
│ CAGR %                        │ -9.09%                               │
│ Sortino                       │ -0.16                                │
│ Sharpe                        │ -0.05                                │
│ Calmar                        │ -0.90                                │
│ SQN                           │ -0.15                                │
│ Profit factor                 │ 0.91                                 │
│ Expectancy (Ratio)            │ -0.37 (-0.01)                        │
│ Avg. daily profit             │ -0.037 USDT                          │
│ Avg. stake amount             │ 69.749 USDT                          │
│ Total trade volume            │ 5018.494 USDT                        │
│                               │                                      │
│ Best Pair                     │ ETH/USDT 10.13%                      │
│ Worst Pair                    │ XRP/USDT -12.27%                     │
│ Best trade                    │ HOME/USDT 6.18%                      │
│ Worst trade                   │ XRP/USDT -60.88%                     │
│ Best day                      │ 10.751 USDT                          │
│ Worst day                     │ -106.895 USDT                        │
│ Days win/draw/lose            │ 25 / 328 / 2                         │
│ Min/Max/Avg. Duration Winners │ 0d 02:50 / 59d 22:50 / 8d 04:51      │
│ Min/Max/Avg. Duration Losers  │ 235d 06:15 / 267d 04:35 / 249d 14:00 │
│ Max Consecutive Wins / Loss   │ 33 / 3                               │
│ Rejected Entry signals        │ 0                                    │
│ Entry/Exit Timeouts           │ 0 / 0                                │
│                               │                                      │
│ Min balance                   │ 136.539 USDT                         │
│ Max balance                   │ 288.618 USDT                         │
│ Max % of account underwater   │ 52.69%                               │
│ Absolute drawdown             │ 152.079 USDT (52.69%)                │
│ Drawdown duration             │ 235 days 06:20:00                    │
│ Profit at drawdown start      │ 138.618 USDT                         │
│ Profit at drawdown end        │ -13.461 USDT                         │
│ Drawdown start                │ 2025-08-24 17:40:00                  │
│ Drawdown end                  │ 2026-04-17 00:00:00                  │
│ Market change                 │ -10.52%                              │
└───────────────────────────────┴──────────────────────────────────────┘

Backtested 2025-04-22 00:00:00 -> 2026-04-17 00:00:00 | Max open trades : 3
                                                            STRATEGY SUMMARY                                                            
┏━━━━━━━━━━┳━━━━━━━━┳━━━━━━━━━━━━━━┳━━━━━━━━━━━━━━━━━┳━━━━━━━━━━━━━━┳━━━━━━━━━━━━━━━━━━┳━━━━━━━━━━━━━━━━━━━━━━━━┳━━━━━━━━━━━━━━━━━━━━━━┓
┃ Strategy ┃ Trades ┃ Avg Profit % ┃ Tot Profit USDT ┃ Tot Profit % ┃     Avg Duration ┃  Win  Draw  Loss  Win% ┃             Drawdown ┃
┡━━━━━━━━━━╇━━━━━━━━╇━━━━━━━━━━━━━━╇━━━━━━━━━━━━━━━━━╇━━━━━━━━━━━━━━╇━━━━━━━━━━━━━━━━━━╇━━━━━━━━━━━━━━━━━━━━━━━━╇━━━━━━━━━━━━━━━━━━━━━━┩
│      yes │     36 │         0.84 │         -13.461 │        -8.97 │ 28 days, 7:36:00 │   33     0     3  91.7 │ 152.079 USDT  52.69% │
└──────────┴────────┴──────────────┴─────────────────┴──────────────┴──────────────────┴────────────────────────┴──────────────────────┘