2026-04-25 22:07:54,695 - freqtrade - INFO - freqtrade 2026.3
2026-04-25 22:07:55,733 - freqtrade.configuration.load_config - INFO - Using config: /home/mohs/Desktop/ae/pyside6/user_data/config.json ...
2026-04-25 22:07:55,735 - freqtrade.loggers - INFO - Enabling colorized output.
2026-04-25 22:07:55,735 - freqtrade.loggers - INFO - Logfile configured
2026-04-25 22:07:55,736 - freqtrade.loggers - INFO - Verbosity set to 0
2026-04-25 22:07:55,736 - freqtrade.configuration.configuration - INFO - Using additional Strategy lookup path: 
/home/mohs/Desktop/ae/pyside6/user_data/optimizer/sessions/cc8d7aa3-4a01-4b96-b398-01484bd54a80/trial_079/strategy_dir
2026-04-25 22:07:55,736 - freqtrade.configuration.configuration - WARNING - `force_entry_enable` RPC message enabled.
2026-04-25 22:07:55,737 - freqtrade.configuration.configuration - INFO - Parameter -i/--timeframe detected ... Using timeframe: 5m ...
2026-04-25 22:07:55,737 - freqtrade.configuration.configuration - INFO - Parameter --max-open-trades detected, overriding max_open_trades to: 3 ...
2026-04-25 22:07:55,737 - freqtrade.configuration.configuration - INFO - Parameter --dry-run-wallet detected, overriding dry_run_wallet to: 150.0 ...
2026-04-25 22:07:55,737 - freqtrade.configuration.configuration - INFO - Parameter --timerange detected: 20250422-20260417 ...
2026-04-25 22:07:55,738 - freqtrade.configuration.configuration - INFO - Using user-data directory: /home/mohs/Desktop/ae/pyside6/user_data ...
2026-04-25 22:07:55,738 - freqtrade.configuration.configuration - INFO - Using data directory: /home/mohs/Desktop/ae/pyside6/user_data/data/binance ...
2026-04-25 22:07:55,738 - freqtrade.configuration.configuration - INFO - Parameter --export detected: trades ...
2026-04-25 22:07:55,739 - freqtrade.configuration.configuration - INFO - Parameter --cache=day detected ...
2026-04-25 22:07:55,739 - freqtrade.configuration.configuration - INFO - Using pairs ['XRP/USDT', 'ETH/USDT', 'HOME/USDT']
2026-04-25 22:07:55,739 - freqtrade.configuration.configuration - INFO - Filter trades by timerange: 20250422-20260417
2026-04-25 22:07:55,740 - freqtrade.exchange.check_exchange - INFO - Checking exchange...
2026-04-25 22:07:55,746 - freqtrade.exchange.check_exchange - INFO - Exchange "binance" is officially supported by the Freqtrade development team.
2026-04-25 22:07:55,746 - freqtrade.configuration.config_validation - INFO - Validating configuration ...
2026-04-25 22:07:55,748 - freqtrade.commands.optimize_commands - INFO - Starting freqtrade in Backtesting mode
2026-04-25 22:07:55,749 - freqtrade.exchange.exchange - INFO - Instance is running with dry_run enabled
2026-04-25 22:07:55,749 - freqtrade.exchange.exchange - INFO - Using CCXT 4.5.50
2026-04-25 22:07:55,749 - freqtrade.exchange.exchange - INFO - Applying additional ccxt config: {'enableRateLimit': True, 'timeout': 120000}
2026-04-25 22:07:55,754 - freqtrade.exchange.exchange - INFO - Applying additional ccxt config: {'enableRateLimit': True, 'timeout': 120000}
2026-04-25 22:07:55,760 - freqtrade.exchange.exchange - INFO - Using Exchange "Binance"
2026-04-25 22:07:56,893 - freqtrade.resolvers.exchange_resolver - INFO - Using resolved exchange 'Binance'...
2026-04-25 22:07:56,901 - freqtrade.resolvers.iresolver - INFO - Using resolved strategy yes from 
'/home/mohs/Desktop/ae/pyside6/user_data/optimizer/sessions/cc8d7aa3-4a01-4b96-b398-01484bd54a80/trial_079/strategy_dir/yes.py'...
2026-04-25 22:07:56,901 - freqtrade.strategy.hyper - INFO - Loading parameters from file 
/home/mohs/Desktop/ae/pyside6/user_data/optimizer/sessions/cc8d7aa3-4a01-4b96-b398-01484bd54a80/trial_079/strategy_dir/yes.json
2026-04-25 22:07:56,902 - freqtrade.resolvers.strategy_resolver - INFO - Override strategy 'timeframe' with value from the configuration: 5m.
2026-04-25 22:07:56,902 - freqtrade.resolvers.strategy_resolver - INFO - Override strategy 'stake_currency' with value from the configuration: USDT.
2026-04-25 22:07:56,902 - freqtrade.resolvers.strategy_resolver - INFO - Override strategy 'stake_amount' with value from the configuration: unlimited.
2026-04-25 22:07:56,903 - freqtrade.resolvers.strategy_resolver - INFO - Override strategy 'use_exit_signal' with value from the configuration: True.
2026-04-25 22:07:56,903 - freqtrade.resolvers.strategy_resolver - INFO - Override strategy 'max_open_trades' with value from the configuration: 3.
2026-04-25 22:07:56,903 - freqtrade.resolvers.strategy_resolver - INFO - Strategy using minimal_roi: {'0': 0.003869672186050936, '13': 0.8553596577126749, '146': 0.11817889341087436, '38': 
0.054579323626398}
2026-04-25 22:07:56,904 - freqtrade.resolvers.strategy_resolver - INFO - Strategy using timeframe: 5m
2026-04-25 22:07:56,904 - freqtrade.resolvers.strategy_resolver - INFO - Strategy using stoploss: -0.8614477728281599
2026-04-25 22:07:56,904 - freqtrade.resolvers.strategy_resolver - INFO - Strategy using trailing_stop: False
2026-04-25 22:07:56,904 - freqtrade.resolvers.strategy_resolver - INFO - Strategy using trailing_stop_positive: 0.2879507223411377
2026-04-25 22:07:56,905 - freqtrade.resolvers.strategy_resolver - INFO - Strategy using trailing_stop_positive_offset: 0.11677087611402462
2026-04-25 22:07:56,905 - freqtrade.resolvers.strategy_resolver - INFO - Strategy using trailing_only_offset_is_reached: False
2026-04-25 22:07:56,905 - freqtrade.resolvers.strategy_resolver - INFO - Strategy using use_custom_stoploss: False
2026-04-25 22:07:56,905 - freqtrade.resolvers.strategy_resolver - INFO - Strategy using process_only_new_candles: True
2026-04-25 22:07:56,906 - freqtrade.resolvers.strategy_resolver - INFO - Strategy using order_types: {'entry': 'limit', 'exit': 'limit', 'stoploss': 'limit', 'stoploss_on_exchange': False, 
'stoploss_on_exchange_interval': 60}
2026-04-25 22:07:56,906 - freqtrade.resolvers.strategy_resolver - INFO - Strategy using order_time_in_force: {'entry': 'GTC', 'exit': 'GTC'}
2026-04-25 22:07:56,906 - freqtrade.resolvers.strategy_resolver - INFO - Strategy using stake_currency: USDT
2026-04-25 22:07:56,906 - freqtrade.resolvers.strategy_resolver - INFO - Strategy using stake_amount: unlimited
2026-04-25 22:07:56,907 - freqtrade.resolvers.strategy_resolver - INFO - Strategy using startup_candle_count: 0
2026-04-25 22:07:56,907 - freqtrade.resolvers.strategy_resolver - INFO - Strategy using use_exit_signal: True
2026-04-25 22:07:56,907 - freqtrade.resolvers.strategy_resolver - INFO - Strategy using exit_profit_only: False
2026-04-25 22:07:56,907 - freqtrade.resolvers.strategy_resolver - INFO - Strategy using ignore_roi_if_entry_signal: False
2026-04-25 22:07:56,908 - freqtrade.resolvers.strategy_resolver - INFO - Strategy using exit_profit_offset: 0.0
2026-04-25 22:07:56,908 - freqtrade.resolvers.strategy_resolver - INFO - Strategy using disable_dataframe_checks: False
2026-04-25 22:07:56,908 - freqtrade.resolvers.strategy_resolver - INFO - Strategy using ignore_buying_expired_candle_after: 0
2026-04-25 22:07:56,908 - freqtrade.resolvers.strategy_resolver - INFO - Strategy using position_adjustment_enable: False
2026-04-25 22:07:56,909 - freqtrade.resolvers.strategy_resolver - INFO - Strategy using max_entry_position_adjustment: -1
2026-04-25 22:07:56,909 - freqtrade.resolvers.strategy_resolver - INFO - Strategy using max_open_trades: 3
2026-04-25 22:07:56,909 - freqtrade.configuration.config_validation - INFO - Validating configuration ...
2026-04-25 22:07:56,913 - freqtrade.resolvers.iresolver - INFO - Using resolved pairlist StaticPairList from 
'/home/mohs/Desktop/ae/pyside6/.venv/lib/python3.12/site-packages/freqtrade/plugins/pairlist/StaticPairList.py'...
2026-04-25 22:07:56,925 - freqtrade.optimize.backtesting - INFO - Using fee 0.1000% - worst case fee from exchange (lowest tier).
2026-04-25 22:07:57,064 - freqtrade.data.history.datahandlers.idatahandler - WARNING - XRP/USDT, spot, 5m, data ends at 2026-04-11 01:45:00
2026-04-25 22:07:57,455 - freqtrade.data.history.datahandlers.idatahandler - WARNING - HOME/USDT, spot, 5m, data starts at 2025-06-12 15:00:00
2026-04-25 22:07:57,485 - freqtrade.optimize.backtesting - INFO - Loading data from 2025-04-22 00:00:00 up to 2026-04-17 00:00:00 (360 days).
2026-04-25 22:07:59,597 - freqtrade.optimize.backtesting - INFO - Dataload complete. Calculating indicators
2026-04-25 22:07:59,603 - freqtrade.optimize.backtesting - INFO - Running backtesting for Strategy yes
2026-04-25 22:07:59,604 - freqtrade.strategy.hyper - INFO - Strategy Parameter: buy_ma_count = 3
2026-04-25 22:07:59,604 - freqtrade.strategy.hyper - INFO - Strategy Parameter: buy_ma_gap = 5
2026-04-25 22:07:59,604 - freqtrade.strategy.hyper - INFO - Strategy Parameter: sell_ma_count = 12
2026-04-25 22:07:59,604 - freqtrade.strategy.hyper - INFO - Strategy Parameter: sell_ma_gap = 18
2026-04-25 22:07:59,719 - freqtrade.optimize.backtesting - INFO - Backtesting with data from 2025-04-22 00:00:00 up to 2026-04-17 00:00:00 (360 days).
/home/mohs/Desktop/ae/pyside6/.venv/lib/python3.12/site-packages/freqtrade/data/metrics.py:77: FutureWarning: The default fill_method='pad' in DataFrame.pct_change is deprecated and will be removed in a future version. Either fill in any non-leading NA values prior to calling pct_change or specify 'fill_method=None' to not fill NA values.
  rel_mean = df_comb.pct_change().mean(axis=1).fillna(0).cumsum()
2026-04-25 22:08:04,172 - freqtrade.misc - INFO - dumping json to "/home/mohs/Desktop/ae/pyside6/user_data/backtest_results/backtest-result-2026-04-25_22-08-04.meta.json"
Result for strategy yes
                                              BACKTESTING REPORT                                              
┏━━━━━━━━━━━┳━━━━━━━━┳━━━━━━━━━━━━━━┳━━━━━━━━━━━━━━━━━┳━━━━━━━━━━━━━━┳━━━━━━━━━━━━━━┳━━━━━━━━━━━━━━━━━━━━━━━━┓
┃      Pair ┃ Trades ┃ Avg Profit % ┃ Tot Profit USDT ┃ Tot Profit % ┃ Avg Duration ┃  Win  Draw  Loss  Win% ┃
┡━━━━━━━━━━━╇━━━━━━━━╇━━━━━━━━━━━━━━╇━━━━━━━━━━━━━━━━━╇━━━━━━━━━━━━━━╇━━━━━━━━━━━━━━╇━━━━━━━━━━━━━━━━━━━━━━━━┩
│  ETH/USDT │    576 │        -0.13 │         -23.124 │       -15.42 │      0:44:00 │  223     0   353  38.7 │
│  XRP/USDT │    612 │        -0.16 │         -32.487 │       -21.66 │      0:45:00 │  214     0   398  35.0 │
│ HOME/USDT │    648 │        -0.19 │         -39.184 │       -26.12 │      0:35:00 │  312     0   336  48.1 │
│     TOTAL │   1836 │        -0.16 │         -94.795 │        -63.2 │      0:41:00 │  749     0  1087  40.8 │
└───────────┴────────┴──────────────┴─────────────────┴──────────────┴──────────────┴────────────────────────┘
                                         LEFT OPEN TRADES REPORT                                          
┏━━━━━━━┳━━━━━━━━┳━━━━━━━━━━━━━━┳━━━━━━━━━━━━━━━━━┳━━━━━━━━━━━━━━┳━━━━━━━━━━━━━━┳━━━━━━━━━━━━━━━━━━━━━━━━┓
┃  Pair ┃ Trades ┃ Avg Profit % ┃ Tot Profit USDT ┃ Tot Profit % ┃ Avg Duration ┃  Win  Draw  Loss  Win% ┃
┡━━━━━━━╇━━━━━━━━╇━━━━━━━━━━━━━━╇━━━━━━━━━━━━━━━━━╇━━━━━━━━━━━━━━╇━━━━━━━━━━━━━━╇━━━━━━━━━━━━━━━━━━━━━━━━┩
│ TOTAL │      0 │          0.0 │           0.000 │          0.0 │         0:00 │    0     0     0     0 │
└───────┴────────┴──────────────┴─────────────────┴──────────────┴──────────────┴────────────────────────┘
                                                ENTER TAG STATS                                                
┏━━━━━━━━━━━┳━━━━━━━━━┳━━━━━━━━━━━━━━┳━━━━━━━━━━━━━━━━━┳━━━━━━━━━━━━━━┳━━━━━━━━━━━━━━┳━━━━━━━━━━━━━━━━━━━━━━━━┓
┃ Enter Tag ┃ Entries ┃ Avg Profit % ┃ Tot Profit USDT ┃ Tot Profit % ┃ Avg Duration ┃  Win  Draw  Loss  Win% ┃
┡━━━━━━━━━━━╇━━━━━━━━━╇━━━━━━━━━━━━━━╇━━━━━━━━━━━━━━━━━╇━━━━━━━━━━━━━━╇━━━━━━━━━━━━━━╇━━━━━━━━━━━━━━━━━━━━━━━━┩
│     OTHER │    1836 │        -0.16 │         -94.795 │        -63.2 │      0:41:00 │  749     0  1087  40.8 │
│     TOTAL │    1836 │        -0.16 │         -94.795 │        -63.2 │      0:41:00 │  749     0  1087  40.8 │
└───────────┴─────────┴──────────────┴─────────────────┴──────────────┴──────────────┴────────────────────────┘
                                               EXIT REASON STATS                                               
┏━━━━━━━━━━━━━┳━━━━━━━┳━━━━━━━━━━━━━━┳━━━━━━━━━━━━━━━━━┳━━━━━━━━━━━━━━┳━━━━━━━━━━━━━━┳━━━━━━━━━━━━━━━━━━━━━━━━┓
┃ Exit Reason ┃ Exits ┃ Avg Profit % ┃ Tot Profit USDT ┃ Tot Profit % ┃ Avg Duration ┃  Win  Draw  Loss  Win% ┃
┡━━━━━━━━━━━━━╇━━━━━━━╇━━━━━━━━━━━━━━╇━━━━━━━━━━━━━━━━━╇━━━━━━━━━━━━━━╇━━━━━━━━━━━━━━╇━━━━━━━━━━━━━━━━━━━━━━━━┩
│         roi │   462 │         0.54 │          71.047 │        47.36 │      0:06:00 │  462     0     0   100 │
│ exit_signal │  1374 │         -0.4 │        -165.842 │      -110.56 │      0:53:00 │  287     0  1087  20.9 │
│       TOTAL │  1836 │        -0.16 │         -94.795 │        -63.2 │      0:41:00 │  749     0  1087  40.8 │
└─────────────┴───────┴──────────────┴─────────────────┴──────────────┴──────────────┴────────────────────────┘
                                                      MIXED TAG STATS                                                       
┏━━━━━━━━━━━┳━━━━━━━━━━━━━┳━━━━━━━━┳━━━━━━━━━━━━━━┳━━━━━━━━━━━━━━━━━┳━━━━━━━━━━━━━━┳━━━━━━━━━━━━━━┳━━━━━━━━━━━━━━━━━━━━━━━━┓
┃ Enter Tag ┃ Exit Reason ┃ Trades ┃ Avg Profit % ┃ Tot Profit USDT ┃ Tot Profit % ┃ Avg Duration ┃  Win  Draw  Loss  Win% ┃
┡━━━━━━━━━━━╇━━━━━━━━━━━━━╇━━━━━━━━╇━━━━━━━━━━━━━━╇━━━━━━━━━━━━━━━━━╇━━━━━━━━━━━━━━╇━━━━━━━━━━━━━━╇━━━━━━━━━━━━━━━━━━━━━━━━┩
│           │         roi │    462 │         0.54 │          71.047 │        47.36 │      0:06:00 │  462     0     0   100 │
│           │ exit_signal │   1374 │         -0.4 │        -165.842 │      -110.56 │      0:53:00 │  287     0  1087  20.9 │
│     TOTAL │             │   1836 │        -0.16 │         -94.795 │        -63.2 │      0:41:00 │  749     0  1087  40.8 │
└───────────┴─────────────┴────────┴──────────────┴─────────────────┴──────────────┴──────────────┴────────────────────────┘
                         SUMMARY METRICS                          
┏━━━━━━━━━━━━━━━━━━━━━━━━━━━━━━━┳━━━━━━━━━━━━━━━━━━━━━━━━━━━━━━━━┓
┃ Metric                        ┃ Value                          ┃
┡━━━━━━━━━━━━━━━━━━━━━━━━━━━━━━━╇━━━━━━━━━━━━━━━━━━━━━━━━━━━━━━━━┩
│ Backtesting from              │ 2025-04-22 00:00:00            │
│ Backtesting to                │ 2026-04-17 00:00:00            │
│ Trading Mode                  │ Spot                           │
│ Max open trades               │ 3                              │
│                               │                                │
│ Total/Daily Avg Trades        │ 1836 / 5.1                     │
│ Starting balance              │ 150 USDT                       │
│ Final balance                 │ 55.205 USDT                    │
│ Absolute profit               │ -94.795 USDT                   │
│ Total profit %                │ -63.20%                        │
│ CAGR %                        │ -63.70%                        │
│ Sortino                       │ -18.15                         │
│ Sharpe                        │ -15.03                         │
│ Calmar                        │ -5.23                          │
│ SQN                           │ -6.61                          │
│ Profit factor                 │ 0.59                           │
│ Expectancy (Ratio)            │ -0.05 (-0.25)                  │
│ Avg. daily profit             │ -0.263 USDT                    │
│ Avg. stake amount             │ 28.846 USDT                    │
│ Total trade volume            │ 106038.578 USDT                │
│                               │                                │
│ Best Pair                     │ ETH/USDT -15.42%               │
│ Worst Pair                    │ HOME/USDT -26.12%              │
│ Best trade                    │ HOME/USDT 8.59%                │
│ Worst trade                   │ HOME/USDT -13.19%              │
│ Best day                      │ 2.224 USDT                     │
│ Worst day                     │ -3.609 USDT                    │
│ Days win/draw/lose            │ 87 / 18 / 255                  │
│ Min/Max/Avg. Duration Winners │ 0d 00:00 / 0d 05:40 / 0d 00:41 │
│ Min/Max/Avg. Duration Losers  │ 0d 00:05 / 0d 05:30 / 0d 00:41 │
│ Max Consecutive Wins / Loss   │ 10 / 13                        │
│ Rejected Entry signals        │ 0                              │
│ Entry/Exit Timeouts           │ 0 / 0                          │
│                               │                                │
│ Min balance                   │ 55.205 USDT                    │
│ Max balance                   │ 154.097 USDT                   │
│ Max % of account underwater   │ 64.18%                         │
│ Absolute drawdown             │ 98.892 USDT (64.18%)           │
│ Drawdown duration             │ 359 days 00:35:00              │
│ Profit at drawdown start      │ 4.097 USDT                     │
│ Profit at drawdown end        │ -94.795 USDT                   │
│ Drawdown start                │ 2025-04-22 21:50:00            │
│ Drawdown end                  │ 2026-04-16 22:25:00            │
│ Market change                 │ -10.52%                        │
└───────────────────────────────┴────────────────────────────────┘

Backtested 2025-04-22 00:00:00 -> 2026-04-17 00:00:00 | Max open trades : 3
                                                         STRATEGY SUMMARY                                                          
┏━━━━━━━━━━┳━━━━━━━━┳━━━━━━━━━━━━━━┳━━━━━━━━━━━━━━━━━┳━━━━━━━━━━━━━━┳━━━━━━━━━━━━━━┳━━━━━━━━━━━━━━━━━━━━━━━━┳━━━━━━━━━━━━━━━━━━━━━┓
┃ Strategy ┃ Trades ┃ Avg Profit % ┃ Tot Profit USDT ┃ Tot Profit % ┃ Avg Duration ┃  Win  Draw  Loss  Win% ┃            Drawdown ┃
┡━━━━━━━━━━╇━━━━━━━━╇━━━━━━━━━━━━━━╇━━━━━━━━━━━━━━━━━╇━━━━━━━━━━━━━━╇━━━━━━━━━━━━━━╇━━━━━━━━━━━━━━━━━━━━━━━━╇━━━━━━━━━━━━━━━━━━━━━┩
│      yes │   1836 │        -0.16 │         -94.795 │        -63.2 │      0:41:00 │  749     0  1087  40.8 │ 98.892 USDT  64.18% │
└──────────┴────────┴──────────────┴─────────────────┴──────────────┴──────────────┴────────────────────────┴─────────────────────┘