2026-04-25 22:46:26,406 - freqtrade - INFO - freqtrade 2026.3
2026-04-25 22:46:27,467 - freqtrade.configuration.load_config - INFO - Using config: /home/mohs/Desktop/ae/pyside6/user_data/config.json ...
2026-04-25 22:46:27,469 - freqtrade.loggers - INFO - Enabling colorized output.
2026-04-25 22:46:27,469 - freqtrade.loggers - INFO - Logfile configured
2026-04-25 22:46:27,469 - freqtrade.loggers - INFO - Verbosity set to 0
2026-04-25 22:46:27,470 - freqtrade.configuration.configuration - INFO - Using additional Strategy lookup path: 
/home/mohs/Desktop/ae/pyside6/user_data/optimizer/sessions/b8194b7f-3716-497e-8a17-833c28d4e223/trial_138/strategy_dir
2026-04-25 22:46:27,470 - freqtrade.configuration.configuration - WARNING - `force_entry_enable` RPC message enabled.
2026-04-25 22:46:27,470 - freqtrade.configuration.configuration - INFO - Parameter -i/--timeframe detected ... Using timeframe: 4h ...
2026-04-25 22:46:27,471 - freqtrade.configuration.configuration - INFO - Parameter --max-open-trades detected, overriding max_open_trades to: 3 ...
2026-04-25 22:46:27,471 - freqtrade.configuration.configuration - INFO - Parameter --dry-run-wallet detected, overriding dry_run_wallet to: 150.0 ...
2026-04-25 22:46:27,471 - freqtrade.configuration.configuration - INFO - Parameter --timerange detected: 20250422-20260417 ...
2026-04-25 22:46:27,472 - freqtrade.configuration.configuration - INFO - Using user-data directory: /home/mohs/Desktop/ae/pyside6/user_data ...
2026-04-25 22:46:27,472 - freqtrade.configuration.configuration - INFO - Using data directory: /home/mohs/Desktop/ae/pyside6/user_data/data/binance ...
2026-04-25 22:46:27,472 - freqtrade.configuration.configuration - INFO - Parameter --export detected: trades ...
2026-04-25 22:46:27,472 - freqtrade.configuration.configuration - INFO - Parameter --cache=day detected ...
2026-04-25 22:46:27,473 - freqtrade.configuration.configuration - INFO - Using pairs ['XRP/USDT', 'ETH/USDT', 'HOME/USDT']
2026-04-25 22:46:27,473 - freqtrade.configuration.configuration - INFO - Filter trades by timerange: 20250422-20260417
2026-04-25 22:46:27,473 - freqtrade.exchange.check_exchange - INFO - Checking exchange...
2026-04-25 22:46:27,480 - freqtrade.exchange.check_exchange - INFO - Exchange "binance" is officially supported by the Freqtrade development team.
2026-04-25 22:46:27,480 - freqtrade.configuration.config_validation - INFO - Validating configuration ...
2026-04-25 22:46:27,482 - freqtrade.commands.optimize_commands - INFO - Starting freqtrade in Backtesting mode
2026-04-25 22:46:27,482 - freqtrade.exchange.exchange - INFO - Instance is running with dry_run enabled
2026-04-25 22:46:27,483 - freqtrade.exchange.exchange - INFO - Using CCXT 4.5.50
2026-04-25 22:46:27,483 - freqtrade.exchange.exchange - INFO - Applying additional ccxt config: {'enableRateLimit': True, 'timeout': 120000}
2026-04-25 22:46:27,488 - freqtrade.exchange.exchange - INFO - Applying additional ccxt config: {'enableRateLimit': True, 'timeout': 120000}
2026-04-25 22:46:27,494 - freqtrade.exchange.exchange - INFO - Using Exchange "Binance"
2026-04-25 22:46:28,693 - freqtrade.resolvers.exchange_resolver - INFO - Using resolved exchange 'Binance'...
2026-04-25 22:46:28,702 - freqtrade.resolvers.iresolver - INFO - Using resolved strategy yes from 
'/home/mohs/Desktop/ae/pyside6/user_data/optimizer/sessions/b8194b7f-3716-497e-8a17-833c28d4e223/trial_138/strategy_dir/yes.py'...
2026-04-25 22:46:28,702 - freqtrade.strategy.hyper - INFO - Loading parameters from file 
/home/mohs/Desktop/ae/pyside6/user_data/optimizer/sessions/b8194b7f-3716-497e-8a17-833c28d4e223/trial_138/strategy_dir/yes.json
2026-04-25 22:46:28,703 - freqtrade.resolvers.strategy_resolver - INFO - Override strategy 'timeframe' with value from the configuration: 4h.
2026-04-25 22:46:28,703 - freqtrade.resolvers.strategy_resolver - INFO - Override strategy 'stake_currency' with value from the configuration: USDT.
2026-04-25 22:46:28,703 - freqtrade.resolvers.strategy_resolver - INFO - Override strategy 'stake_amount' with value from the configuration: unlimited.
2026-04-25 22:46:28,704 - freqtrade.resolvers.strategy_resolver - INFO - Override strategy 'use_exit_signal' with value from the configuration: True.
2026-04-25 22:46:28,704 - freqtrade.resolvers.strategy_resolver - INFO - Override strategy 'max_open_trades' with value from the configuration: 3.
2026-04-25 22:46:28,704 - freqtrade.resolvers.strategy_resolver - INFO - Strategy using minimal_roi: {'0': 1.2920124100023915, '13': 0.5950949954214828, '146': 0.04429573412401434, '38': 
0.10494076400637864}
2026-04-25 22:46:28,704 - freqtrade.resolvers.strategy_resolver - INFO - Strategy using timeframe: 4h
2026-04-25 22:46:28,705 - freqtrade.resolvers.strategy_resolver - INFO - Strategy using stoploss: -0.7755886711515043
2026-04-25 22:46:28,705 - freqtrade.resolvers.strategy_resolver - INFO - Strategy using trailing_stop: False
2026-04-25 22:46:28,705 - freqtrade.resolvers.strategy_resolver - INFO - Strategy using trailing_stop_positive: 0.4046898835978483
2026-04-25 22:46:28,705 - freqtrade.resolvers.strategy_resolver - INFO - Strategy using trailing_stop_positive_offset: 0.3043308380970208
2026-04-25 22:46:28,706 - freqtrade.resolvers.strategy_resolver - INFO - Strategy using trailing_only_offset_is_reached: True
2026-04-25 22:46:28,706 - freqtrade.resolvers.strategy_resolver - INFO - Strategy using use_custom_stoploss: False
2026-04-25 22:46:28,706 - freqtrade.resolvers.strategy_resolver - INFO - Strategy using process_only_new_candles: True
2026-04-25 22:46:28,706 - freqtrade.resolvers.strategy_resolver - INFO - Strategy using order_types: {'entry': 'limit', 'exit': 'limit', 'stoploss': 'limit', 'stoploss_on_exchange': False, 
'stoploss_on_exchange_interval': 60}
2026-04-25 22:46:28,707 - freqtrade.resolvers.strategy_resolver - INFO - Strategy using order_time_in_force: {'entry': 'GTC', 'exit': 'GTC'}
2026-04-25 22:46:28,707 - freqtrade.resolvers.strategy_resolver - INFO - Strategy using stake_currency: USDT
2026-04-25 22:46:28,707 - freqtrade.resolvers.strategy_resolver - INFO - Strategy using stake_amount: unlimited
2026-04-25 22:46:28,707 - freqtrade.resolvers.strategy_resolver - INFO - Strategy using startup_candle_count: 0
2026-04-25 22:46:28,708 - freqtrade.resolvers.strategy_resolver - INFO - Strategy using use_exit_signal: True
2026-04-25 22:46:28,708 - freqtrade.resolvers.strategy_resolver - INFO - Strategy using exit_profit_only: False
2026-04-25 22:46:28,708 - freqtrade.resolvers.strategy_resolver - INFO - Strategy using ignore_roi_if_entry_signal: False
2026-04-25 22:46:28,708 - freqtrade.resolvers.strategy_resolver - INFO - Strategy using exit_profit_offset: 0.0
2026-04-25 22:46:28,708 - freqtrade.resolvers.strategy_resolver - INFO - Strategy using disable_dataframe_checks: False
2026-04-25 22:46:28,709 - freqtrade.resolvers.strategy_resolver - INFO - Strategy using ignore_buying_expired_candle_after: 0
2026-04-25 22:46:28,709 - freqtrade.resolvers.strategy_resolver - INFO - Strategy using position_adjustment_enable: False
2026-04-25 22:46:28,709 - freqtrade.resolvers.strategy_resolver - INFO - Strategy using max_entry_position_adjustment: -1
2026-04-25 22:46:28,709 - freqtrade.resolvers.strategy_resolver - INFO - Strategy using max_open_trades: 3
2026-04-25 22:46:28,710 - freqtrade.configuration.config_validation - INFO - Validating configuration ...
2026-04-25 22:46:28,713 - freqtrade.resolvers.iresolver - INFO - Using resolved pairlist StaticPairList from 
'/home/mohs/Desktop/ae/pyside6/.venv/lib/python3.12/site-packages/freqtrade/plugins/pairlist/StaticPairList.py'...
2026-04-25 22:46:28,726 - freqtrade.optimize.backtesting - INFO - Using fee 0.1000% - worst case fee from exchange (lowest tier).
2026-04-25 22:46:28,761 - freqtrade.data.history.datahandlers.idatahandler - WARNING - HOME/USDT, spot, 4h, data starts at 2025-06-12 12:00:00
2026-04-25 22:46:28,769 - freqtrade.optimize.backtesting - INFO - Loading data from 2025-04-22 00:00:00 up to 2026-04-17 00:00:00 (360 days).
2026-04-25 22:46:28,826 - freqtrade.optimize.backtesting - INFO - Dataload complete. Calculating indicators
2026-04-25 22:46:28,836 - freqtrade.optimize.backtesting - INFO - Running backtesting for Strategy yes
2026-04-25 22:46:28,836 - freqtrade.strategy.hyper - INFO - Strategy Parameter: buy_ma_count = 3
2026-04-25 22:46:28,837 - freqtrade.strategy.hyper - INFO - Strategy Parameter: buy_ma_gap = 26
2026-04-25 22:46:28,837 - freqtrade.strategy.hyper - INFO - Strategy Parameter: sell_ma_count = 14
2026-04-25 22:46:28,837 - freqtrade.strategy.hyper - INFO - Strategy Parameter: sell_ma_gap = 43
2026-04-25 22:46:28,846 - freqtrade.optimize.backtesting - INFO - Backtesting with data from 2025-04-22 00:00:00 up to 2026-04-17 00:00:00 (360 days).
2026-04-25 22:46:29,418 - freqtrade.misc - INFO - dumping json to "/home/mohs/Desktop/ae/pyside6/user_data/backtest_results/backtest-result-2026-04-25_22-46-29.meta.json"
Result for strategy yes
                                                BACKTESTING REPORT                                                
┏━━━━━━━━━━━┳━━━━━━━━┳━━━━━━━━━━━━━━┳━━━━━━━━━━━━━━━━━┳━━━━━━━━━━━━━━┳━━━━━━━━━━━━━━━━━━┳━━━━━━━━━━━━━━━━━━━━━━━━┓
┃      Pair ┃ Trades ┃ Avg Profit % ┃ Tot Profit USDT ┃ Tot Profit % ┃     Avg Duration ┃  Win  Draw  Loss  Win% ┃
┡━━━━━━━━━━━╇━━━━━━━━╇━━━━━━━━━━━━━━╇━━━━━━━━━━━━━━━━━╇━━━━━━━━━━━━━━╇━━━━━━━━━━━━━━━━━━╇━━━━━━━━━━━━━━━━━━━━━━━━┩
│  XRP/USDT │     13 │         1.52 │          10.271 │         6.85 │ 2 days, 17:32:00 │    9     0     4  69.2 │
│  ETH/USDT │     14 │         1.05 │           6.852 │         4.57 │ 2 days, 12:51:00 │    9     0     5  64.3 │
│ HOME/USDT │     17 │        -0.38 │          -3.960 │        -2.64 │  2 days, 2:35:00 │   10     0     7  58.8 │
│     TOTAL │     44 │         0.63 │          13.163 │         8.78 │ 2 days, 10:16:00 │   28     0    16  63.6 │
└───────────┴────────┴──────────────┴─────────────────┴──────────────┴──────────────────┴────────────────────────┘
                                             LEFT OPEN TRADES REPORT                                             
┏━━━━━━━━━━┳━━━━━━━━┳━━━━━━━━━━━━━━┳━━━━━━━━━━━━━━━━━┳━━━━━━━━━━━━━━┳━━━━━━━━━━━━━━━━━━┳━━━━━━━━━━━━━━━━━━━━━━━━┓
┃     Pair ┃ Trades ┃ Avg Profit % ┃ Tot Profit USDT ┃ Tot Profit % ┃     Avg Duration ┃  Win  Draw  Loss  Win% ┃
┡━━━━━━━━━━╇━━━━━━━━╇━━━━━━━━━━━━━━╇━━━━━━━━━━━━━━━━━╇━━━━━━━━━━━━━━╇━━━━━━━━━━━━━━━━━━╇━━━━━━━━━━━━━━━━━━━━━━━━┩
│ XRP/USDT │      1 │        -0.98 │          -0.539 │        -0.36 │          4:00:00 │    0     0     1     0 │
│ ETH/USDT │      1 │        -1.45 │          -0.783 │        -0.52 │ 2 days, 16:00:00 │    0     0     1     0 │
│    TOTAL │      2 │        -1.22 │          -1.322 │        -0.88 │  1 day, 10:00:00 │    0     0     2     0 │
└──────────┴────────┴──────────────┴─────────────────┴──────────────┴──────────────────┴────────────────────────┘
                                                  ENTER TAG STATS                                                  
┏━━━━━━━━━━━┳━━━━━━━━━┳━━━━━━━━━━━━━━┳━━━━━━━━━━━━━━━━━┳━━━━━━━━━━━━━━┳━━━━━━━━━━━━━━━━━━┳━━━━━━━━━━━━━━━━━━━━━━━━┓
┃ Enter Tag ┃ Entries ┃ Avg Profit % ┃ Tot Profit USDT ┃ Tot Profit % ┃     Avg Duration ┃  Win  Draw  Loss  Win% ┃
┡━━━━━━━━━━━╇━━━━━━━━━╇━━━━━━━━━━━━━━╇━━━━━━━━━━━━━━━━━╇━━━━━━━━━━━━━━╇━━━━━━━━━━━━━━━━━━╇━━━━━━━━━━━━━━━━━━━━━━━━┩
│     OTHER │      44 │         0.63 │          13.163 │         8.78 │ 2 days, 10:16:00 │   28     0    16  63.6 │
│     TOTAL │      44 │         0.63 │          13.163 │         8.78 │ 2 days, 10:16:00 │   28     0    16  63.6 │
└───────────┴─────────┴──────────────┴─────────────────┴──────────────┴──────────────────┴────────────────────────┘
                                                 EXIT REASON STATS                                                 
┏━━━━━━━━━━━━━┳━━━━━━━┳━━━━━━━━━━━━━━┳━━━━━━━━━━━━━━━━━┳━━━━━━━━━━━━━━┳━━━━━━━━━━━━━━━━━━┳━━━━━━━━━━━━━━━━━━━━━━━━┓
┃ Exit Reason ┃ Exits ┃ Avg Profit % ┃ Tot Profit USDT ┃ Tot Profit % ┃     Avg Duration ┃  Win  Draw  Loss  Win% ┃
┡━━━━━━━━━━━━━╇━━━━━━━╇━━━━━━━━━━━━━━╇━━━━━━━━━━━━━━━━━╇━━━━━━━━━━━━━━╇━━━━━━━━━━━━━━━━━━╇━━━━━━━━━━━━━━━━━━━━━━━━┩
│         roi │    28 │         4.43 │          63.872 │        42.58 │  2 days, 1:43:00 │   28     0     0   100 │
│  force_exit │     2 │        -1.22 │          -1.322 │        -0.88 │  1 day, 10:00:00 │    0     0     2     0 │
│ exit_signal │    14 │        -6.69 │         -49.387 │       -32.92 │  3 days, 6:51:00 │    0     0    14     0 │
│       TOTAL │    44 │         0.63 │          13.163 │         8.78 │ 2 days, 10:16:00 │   28     0    16  63.6 │
└─────────────┴───────┴──────────────┴─────────────────┴──────────────┴──────────────────┴────────────────────────┘
                                                        MIXED TAG STATS                                                         
┏━━━━━━━━━━━┳━━━━━━━━━━━━━┳━━━━━━━━┳━━━━━━━━━━━━━━┳━━━━━━━━━━━━━━━━━┳━━━━━━━━━━━━━━┳━━━━━━━━━━━━━━━━━━┳━━━━━━━━━━━━━━━━━━━━━━━━┓
┃ Enter Tag ┃ Exit Reason ┃ Trades ┃ Avg Profit % ┃ Tot Profit USDT ┃ Tot Profit % ┃     Avg Duration ┃  Win  Draw  Loss  Win% ┃
┡━━━━━━━━━━━╇━━━━━━━━━━━━━╇━━━━━━━━╇━━━━━━━━━━━━━━╇━━━━━━━━━━━━━━━━━╇━━━━━━━━━━━━━━╇━━━━━━━━━━━━━━━━━━╇━━━━━━━━━━━━━━━━━━━━━━━━┩
│           │         roi │     28 │         4.43 │          63.872 │        42.58 │  2 days, 1:43:00 │   28     0     0   100 │
│           │  force_exit │      2 │        -1.22 │          -1.322 │        -0.88 │  1 day, 10:00:00 │    0     0     2     0 │
│           │ exit_signal │     14 │        -6.69 │         -49.387 │       -32.92 │  3 days, 6:51:00 │    0     0    14     0 │
│     TOTAL │             │     44 │         0.63 │          13.163 │         8.78 │ 2 days, 10:16:00 │   28     0    16  63.6 │
└───────────┴─────────────┴────────┴──────────────┴─────────────────┴──────────────┴──────────────────┴────────────────────────┘
                         SUMMARY METRICS                          
┏━━━━━━━━━━━━━━━━━━━━━━━━━━━━━━━┳━━━━━━━━━━━━━━━━━━━━━━━━━━━━━━━━┓
┃ Metric                        ┃ Value                          ┃
┡━━━━━━━━━━━━━━━━━━━━━━━━━━━━━━━╇━━━━━━━━━━━━━━━━━━━━━━━━━━━━━━━━┩
│ Backtesting from              │ 2025-04-22 00:00:00            │
│ Backtesting to                │ 2026-04-17 00:00:00            │
│ Trading Mode                  │ Spot                           │
│ Max open trades               │ 3                              │
│                               │                                │
│ Total/Daily Avg Trades        │ 44 / 0.12                      │
│ Starting balance              │ 150 USDT                       │
│ Final balance                 │ 163.163 USDT                   │
│ Absolute profit               │ 13.163 USDT                    │
│ Total profit %                │ 8.78%                          │
│ CAGR %                        │ 8.90%                          │
│ Sortino                       │ 0.35                           │
│ Sharpe                        │ 0.24                           │
│ Calmar                        │ 4.23                           │
│ SQN                           │ 0.68                           │
│ Profit factor                 │ 1.26                           │
│ Expectancy (Ratio)            │ 0.30 (0.09)                    │
│ Avg. daily profit             │ 0.037 USDT                     │
│ Avg. stake amount             │ 52.104 USDT                    │
│ Total trade volume            │ 4607.524 USDT                  │
│                               │                                │
│ Best Pair                     │ XRP/USDT 6.85%                 │
│ Worst Pair                    │ HOME/USDT -2.64%               │
│ Best trade                    │ HOME/USDT 4.44%                │
│ Worst trade                   │ HOME/USDT -15.62%              │
│ Best day                      │ 6.293 USDT                     │
│ Worst day                     │ -8.403 USDT                    │
│ Days win/draw/lose            │ 24 / 277 / 15                  │
│ Min/Max/Avg. Duration Winners │ 0d 04:00 / 6d 20:00 / 2d 01:43 │
│ Min/Max/Avg. Duration Losers  │ 0d 04:00 / 9d 20:00 / 3d 01:15 │
│ Max Consecutive Wins / Loss   │ 12 / 3                         │
│ Rejected Entry signals        │ 0                              │
│ Entry/Exit Timeouts           │ 0 / 0                          │
│                               │                                │
│ Min balance                   │ 138.198 USDT                   │
│ Max balance                   │ 171.742 USDT                   │
│ Max % of account underwater   │ 11.00%                         │
│ Absolute drawdown             │ 18.891 USDT (11.00%)           │
│ Drawdown duration             │ 104 days 00:00:00              │
│ Profit at drawdown start      │ 21.742 USDT                    │
│ Profit at drawdown end        │ 2.851 USDT                     │
│ Drawdown start                │ 2025-08-17 12:00:00            │
│ Drawdown end                  │ 2025-11-29 12:00:00            │
│ Market change                 │ -9.22%                         │
└───────────────────────────────┴────────────────────────────────┘

Backtested 2025-04-22 00:00:00 -> 2026-04-17 00:00:00 | Max open trades : 3
                                                           STRATEGY SUMMARY                                                            
┏━━━━━━━━━━┳━━━━━━━━┳━━━━━━━━━━━━━━┳━━━━━━━━━━━━━━━━━┳━━━━━━━━━━━━━━┳━━━━━━━━━━━━━━━━━━┳━━━━━━━━━━━━━━━━━━━━━━━━┳━━━━━━━━━━━━━━━━━━━━━┓
┃ Strategy ┃ Trades ┃ Avg Profit % ┃ Tot Profit USDT ┃ Tot Profit % ┃     Avg Duration ┃  Win  Draw  Loss  Win% ┃            Drawdown ┃
┡━━━━━━━━━━╇━━━━━━━━╇━━━━━━━━━━━━━━╇━━━━━━━━━━━━━━━━━╇━━━━━━━━━━━━━━╇━━━━━━━━━━━━━━━━━━╇━━━━━━━━━━━━━━━━━━━━━━━━╇━━━━━━━━━━━━━━━━━━━━━┩
│      yes │     44 │         0.63 │          13.163 │         8.78 │ 2 days, 10:16:00 │   28     0    16  63.6 │ 18.891 USDT  11.00% │
└──────────┴────────┴──────────────┴─────────────────┴──────────────┴──────────────────┴────────────────────────┴─────────────────────┘