2026-04-25 22:44:06,768 - freqtrade - INFO - freqtrade 2026.3
2026-04-25 22:44:07,801 - freqtrade.configuration.load_config - INFO - Using config: /home/mohs/Desktop/ae/pyside6/user_data/config.json ...
2026-04-25 22:44:07,803 - freqtrade.loggers - INFO - Enabling colorized output.
2026-04-25 22:44:07,804 - freqtrade.loggers - INFO - Logfile configured
2026-04-25 22:44:07,804 - freqtrade.loggers - INFO - Verbosity set to 0
2026-04-25 22:44:07,804 - freqtrade.configuration.configuration - INFO - Using additional Strategy lookup path: 
/home/mohs/Desktop/ae/pyside6/user_data/optimizer/sessions/b8194b7f-3716-497e-8a17-833c28d4e223/trial_100/strategy_dir
2026-04-25 22:44:07,805 - freqtrade.configuration.configuration - WARNING - `force_entry_enable` RPC message enabled.
2026-04-25 22:44:07,805 - freqtrade.configuration.configuration - INFO - Parameter -i/--timeframe detected ... Using timeframe: 4h ...
2026-04-25 22:44:07,805 - freqtrade.configuration.configuration - INFO - Parameter --max-open-trades detected, overriding max_open_trades to: 3 ...
2026-04-25 22:44:07,806 - freqtrade.configuration.configuration - INFO - Parameter --dry-run-wallet detected, overriding dry_run_wallet to: 150.0 ...
2026-04-25 22:44:07,806 - freqtrade.configuration.configuration - INFO - Parameter --timerange detected: 20250422-20260417 ...
2026-04-25 22:44:07,806 - freqtrade.configuration.configuration - INFO - Using user-data directory: /home/mohs/Desktop/ae/pyside6/user_data ...
2026-04-25 22:44:07,807 - freqtrade.configuration.configuration - INFO - Using data directory: /home/mohs/Desktop/ae/pyside6/user_data/data/binance ...
2026-04-25 22:44:07,807 - freqtrade.configuration.configuration - INFO - Parameter --export detected: trades ...
2026-04-25 22:44:07,807 - freqtrade.configuration.configuration - INFO - Parameter --cache=day detected ...
2026-04-25 22:44:07,807 - freqtrade.configuration.configuration - INFO - Using pairs ['XRP/USDT', 'ETH/USDT', 'HOME/USDT']
2026-04-25 22:44:07,807 - freqtrade.configuration.configuration - INFO - Filter trades by timerange: 20250422-20260417
2026-04-25 22:44:07,808 - freqtrade.exchange.check_exchange - INFO - Checking exchange...
2026-04-25 22:44:07,814 - freqtrade.exchange.check_exchange - INFO - Exchange "binance" is officially supported by the Freqtrade development team.
2026-04-25 22:44:07,814 - freqtrade.configuration.config_validation - INFO - Validating configuration ...
2026-04-25 22:44:07,816 - freqtrade.commands.optimize_commands - INFO - Starting freqtrade in Backtesting mode
2026-04-25 22:44:07,817 - freqtrade.exchange.exchange - INFO - Instance is running with dry_run enabled
2026-04-25 22:44:07,817 - freqtrade.exchange.exchange - INFO - Using CCXT 4.5.50
2026-04-25 22:44:07,817 - freqtrade.exchange.exchange - INFO - Applying additional ccxt config: {'enableRateLimit': True, 'timeout': 120000}
2026-04-25 22:44:07,822 - freqtrade.exchange.exchange - INFO - Applying additional ccxt config: {'enableRateLimit': True, 'timeout': 120000}
2026-04-25 22:44:07,828 - freqtrade.exchange.exchange - INFO - Using Exchange "Binance"
2026-04-25 22:44:08,942 - freqtrade.resolvers.exchange_resolver - INFO - Using resolved exchange 'Binance'...
2026-04-25 22:44:08,950 - freqtrade.resolvers.iresolver - INFO - Using resolved strategy yes from 
'/home/mohs/Desktop/ae/pyside6/user_data/optimizer/sessions/b8194b7f-3716-497e-8a17-833c28d4e223/trial_100/strategy_dir/yes.py'...
2026-04-25 22:44:08,951 - freqtrade.strategy.hyper - INFO - Loading parameters from file 
/home/mohs/Desktop/ae/pyside6/user_data/optimizer/sessions/b8194b7f-3716-497e-8a17-833c28d4e223/trial_100/strategy_dir/yes.json
2026-04-25 22:44:08,951 - freqtrade.resolvers.strategy_resolver - INFO - Override strategy 'timeframe' with value from the configuration: 4h.
2026-04-25 22:44:08,952 - freqtrade.resolvers.strategy_resolver - INFO - Override strategy 'stake_currency' with value from the configuration: USDT.
2026-04-25 22:44:08,952 - freqtrade.resolvers.strategy_resolver - INFO - Override strategy 'stake_amount' with value from the configuration: unlimited.
2026-04-25 22:44:08,952 - freqtrade.resolvers.strategy_resolver - INFO - Override strategy 'use_exit_signal' with value from the configuration: True.
2026-04-25 22:44:08,952 - freqtrade.resolvers.strategy_resolver - INFO - Override strategy 'max_open_trades' with value from the configuration: 3.
2026-04-25 22:44:08,953 - freqtrade.resolvers.strategy_resolver - INFO - Strategy using minimal_roi: {'0': 1.3357921823498782, '13': 0.6321540053297992, '146': 0.02341852565408832, '38': 
0.2878156355986399}
2026-04-25 22:44:08,953 - freqtrade.resolvers.strategy_resolver - INFO - Strategy using timeframe: 4h
2026-04-25 22:44:08,953 - freqtrade.resolvers.strategy_resolver - INFO - Strategy using stoploss: -0.7658017455155253
2026-04-25 22:44:08,953 - freqtrade.resolvers.strategy_resolver - INFO - Strategy using trailing_stop: False
2026-04-25 22:44:08,954 - freqtrade.resolvers.strategy_resolver - INFO - Strategy using trailing_stop_positive: 0.250249775541709
2026-04-25 22:44:08,954 - freqtrade.resolvers.strategy_resolver - INFO - Strategy using trailing_stop_positive_offset: 0.2667897227907927
2026-04-25 22:44:08,954 - freqtrade.resolvers.strategy_resolver - INFO - Strategy using trailing_only_offset_is_reached: True
2026-04-25 22:44:08,954 - freqtrade.resolvers.strategy_resolver - INFO - Strategy using use_custom_stoploss: False
2026-04-25 22:44:08,955 - freqtrade.resolvers.strategy_resolver - INFO - Strategy using process_only_new_candles: True
2026-04-25 22:44:08,955 - freqtrade.resolvers.strategy_resolver - INFO - Strategy using order_types: {'entry': 'limit', 'exit': 'limit', 'stoploss': 'limit', 'stoploss_on_exchange': False, 
'stoploss_on_exchange_interval': 60}
2026-04-25 22:44:08,955 - freqtrade.resolvers.strategy_resolver - INFO - Strategy using order_time_in_force: {'entry': 'GTC', 'exit': 'GTC'}
2026-04-25 22:44:08,955 - freqtrade.resolvers.strategy_resolver - INFO - Strategy using stake_currency: USDT
2026-04-25 22:44:08,956 - freqtrade.resolvers.strategy_resolver - INFO - Strategy using stake_amount: unlimited
2026-04-25 22:44:08,956 - freqtrade.resolvers.strategy_resolver - INFO - Strategy using startup_candle_count: 0
2026-04-25 22:44:08,956 - freqtrade.resolvers.strategy_resolver - INFO - Strategy using use_exit_signal: True
2026-04-25 22:44:08,956 - freqtrade.resolvers.strategy_resolver - INFO - Strategy using exit_profit_only: False
2026-04-25 22:44:08,957 - freqtrade.resolvers.strategy_resolver - INFO - Strategy using ignore_roi_if_entry_signal: False
2026-04-25 22:44:08,957 - freqtrade.resolvers.strategy_resolver - INFO - Strategy using exit_profit_offset: 0.0
2026-04-25 22:44:08,957 - freqtrade.resolvers.strategy_resolver - INFO - Strategy using disable_dataframe_checks: False
2026-04-25 22:44:08,958 - freqtrade.resolvers.strategy_resolver - INFO - Strategy using ignore_buying_expired_candle_after: 0
2026-04-25 22:44:08,958 - freqtrade.resolvers.strategy_resolver - INFO - Strategy using position_adjustment_enable: False
2026-04-25 22:44:08,958 - freqtrade.resolvers.strategy_resolver - INFO - Strategy using max_entry_position_adjustment: -1
2026-04-25 22:44:08,958 - freqtrade.resolvers.strategy_resolver - INFO - Strategy using max_open_trades: 3
2026-04-25 22:44:08,959 - freqtrade.configuration.config_validation - INFO - Validating configuration ...
2026-04-25 22:44:08,962 - freqtrade.resolvers.iresolver - INFO - Using resolved pairlist StaticPairList from 
'/home/mohs/Desktop/ae/pyside6/.venv/lib/python3.12/site-packages/freqtrade/plugins/pairlist/StaticPairList.py'...
2026-04-25 22:44:08,974 - freqtrade.optimize.backtesting - INFO - Using fee 0.1000% - worst case fee from exchange (lowest tier).
2026-04-25 22:44:09,010 - freqtrade.data.history.datahandlers.idatahandler - WARNING - HOME/USDT, spot, 4h, data starts at 2025-06-12 12:00:00
2026-04-25 22:44:09,018 - freqtrade.optimize.backtesting - INFO - Loading data from 2025-04-22 00:00:00 up to 2026-04-17 00:00:00 (360 days).
2026-04-25 22:44:09,074 - freqtrade.optimize.backtesting - INFO - Dataload complete. Calculating indicators
2026-04-25 22:44:09,083 - freqtrade.optimize.backtesting - INFO - Running backtesting for Strategy yes
2026-04-25 22:44:09,083 - freqtrade.strategy.hyper - INFO - Strategy Parameter: buy_ma_count = 2
2026-04-25 22:44:09,084 - freqtrade.strategy.hyper - INFO - Strategy Parameter: buy_ma_gap = 8
2026-04-25 22:44:09,084 - freqtrade.strategy.hyper - INFO - Strategy Parameter: sell_ma_count = 13
2026-04-25 22:44:09,084 - freqtrade.strategy.hyper - INFO - Strategy Parameter: sell_ma_gap = 49
2026-04-25 22:44:09,093 - freqtrade.optimize.backtesting - INFO - Backtesting with data from 2025-04-22 00:00:00 up to 2026-04-17 00:00:00 (360 days).
2026-04-25 22:44:09,775 - freqtrade.misc - INFO - dumping json to "/home/mohs/Desktop/ae/pyside6/user_data/backtest_results/backtest-result-2026-04-25_22-44-09.meta.json"
Result for strategy yes
                                               BACKTESTING REPORT                                                
┏━━━━━━━━━━━┳━━━━━━━━┳━━━━━━━━━━━━━━┳━━━━━━━━━━━━━━━━━┳━━━━━━━━━━━━━━┳━━━━━━━━━━━━━━━━━┳━━━━━━━━━━━━━━━━━━━━━━━━┓
┃      Pair ┃ Trades ┃ Avg Profit % ┃ Tot Profit USDT ┃ Tot Profit % ┃    Avg Duration ┃  Win  Draw  Loss  Win% ┃
┡━━━━━━━━━━━╇━━━━━━━━╇━━━━━━━━━━━━━━╇━━━━━━━━━━━━━━━━━╇━━━━━━━━━━━━━━╇━━━━━━━━━━━━━━━━━╇━━━━━━━━━━━━━━━━━━━━━━━━┩
│  ETH/USDT │     33 │         2.04 │          38.911 │        25.94 │ 2 days, 4:00:00 │   31     0     2  93.9 │
│ HOME/USDT │     45 │          1.1 │          31.618 │        21.08 │ 1 day, 15:23:00 │   38     0     7  84.4 │
│  XRP/USDT │     29 │         0.48 │           8.653 │         5.77 │ 2 days, 9:56:00 │   23     0     6  79.3 │
│     TOTAL │    107 │         1.22 │          79.182 │        52.79 │ 2 days, 0:18:00 │   92     0    15  86.0 │
└───────────┴────────┴──────────────┴─────────────────┴──────────────┴─────────────────┴────────────────────────┘
                                            LEFT OPEN TRADES REPORT                                             
┏━━━━━━━━━━┳━━━━━━━━┳━━━━━━━━━━━━━━┳━━━━━━━━━━━━━━━━━┳━━━━━━━━━━━━━━┳━━━━━━━━━━━━━━━━━┳━━━━━━━━━━━━━━━━━━━━━━━━┓
┃     Pair ┃ Trades ┃ Avg Profit % ┃ Tot Profit USDT ┃ Tot Profit % ┃    Avg Duration ┃  Win  Draw  Loss  Win% ┃
┡━━━━━━━━━━╇━━━━━━━━╇━━━━━━━━━━━━━━╇━━━━━━━━━━━━━━━━━╇━━━━━━━━━━━━━━╇━━━━━━━━━━━━━━━━━╇━━━━━━━━━━━━━━━━━━━━━━━━┩
│ XRP/USDT │      1 │        -0.98 │          -0.757 │         -0.5 │         4:00:00 │    0     0     1     0 │
│ ETH/USDT │      1 │         -1.1 │          -0.838 │        -0.56 │ 3 days, 0:00:00 │    0     0     1     0 │
│    TOTAL │      2 │        -1.04 │          -1.595 │        -1.06 │ 1 day, 14:00:00 │    0     0     2     0 │
└──────────┴────────┴──────────────┴─────────────────┴──────────────┴─────────────────┴────────────────────────┘
                                                 ENTER TAG STATS                                                  
┏━━━━━━━━━━━┳━━━━━━━━━┳━━━━━━━━━━━━━━┳━━━━━━━━━━━━━━━━━┳━━━━━━━━━━━━━━┳━━━━━━━━━━━━━━━━━┳━━━━━━━━━━━━━━━━━━━━━━━━┓
┃ Enter Tag ┃ Entries ┃ Avg Profit % ┃ Tot Profit USDT ┃ Tot Profit % ┃    Avg Duration ┃  Win  Draw  Loss  Win% ┃
┡━━━━━━━━━━━╇━━━━━━━━━╇━━━━━━━━━━━━━━╇━━━━━━━━━━━━━━━━━╇━━━━━━━━━━━━━━╇━━━━━━━━━━━━━━━━━╇━━━━━━━━━━━━━━━━━━━━━━━━┩
│     OTHER │     107 │         1.22 │          79.182 │        52.79 │ 2 days, 0:18:00 │   92     0    15  86.0 │
│     TOTAL │     107 │         1.22 │          79.182 │        52.79 │ 2 days, 0:18:00 │   92     0    15  86.0 │
└───────────┴─────────┴──────────────┴─────────────────┴──────────────┴─────────────────┴────────────────────────┘
                                                 EXIT REASON STATS                                                 
┏━━━━━━━━━━━━━┳━━━━━━━┳━━━━━━━━━━━━━━┳━━━━━━━━━━━━━━━━━┳━━━━━━━━━━━━━━┳━━━━━━━━━━━━━━━━━━┳━━━━━━━━━━━━━━━━━━━━━━━━┓
┃ Exit Reason ┃ Exits ┃ Avg Profit % ┃ Tot Profit USDT ┃ Tot Profit % ┃     Avg Duration ┃  Win  Draw  Loss  Win% ┃
┡━━━━━━━━━━━━━╇━━━━━━━╇━━━━━━━━━━━━━━╇━━━━━━━━━━━━━━━━━╇━━━━━━━━━━━━━━╇━━━━━━━━━━━━━━━━━━╇━━━━━━━━━━━━━━━━━━━━━━━━┩
│         roi │    92 │          2.4 │         142.936 │        95.29 │  1 day, 14:29:00 │   92     0     0   100 │
│  force_exit │     2 │        -1.04 │          -1.595 │        -1.06 │  1 day, 14:00:00 │    0     0     2     0 │
│ exit_signal │    13 │        -6.78 │         -62.159 │       -41.44 │ 4 days, 23:23:00 │    0     0    13     0 │
│       TOTAL │   107 │         1.22 │          79.182 │        52.79 │  2 days, 0:18:00 │   92     0    15  86.0 │
└─────────────┴───────┴──────────────┴─────────────────┴──────────────┴──────────────────┴────────────────────────┘
                                                        MIXED TAG STATS                                                         
┏━━━━━━━━━━━┳━━━━━━━━━━━━━┳━━━━━━━━┳━━━━━━━━━━━━━━┳━━━━━━━━━━━━━━━━━┳━━━━━━━━━━━━━━┳━━━━━━━━━━━━━━━━━━┳━━━━━━━━━━━━━━━━━━━━━━━━┓
┃ Enter Tag ┃ Exit Reason ┃ Trades ┃ Avg Profit % ┃ Tot Profit USDT ┃ Tot Profit % ┃     Avg Duration ┃  Win  Draw  Loss  Win% ┃
┡━━━━━━━━━━━╇━━━━━━━━━━━━━╇━━━━━━━━╇━━━━━━━━━━━━━━╇━━━━━━━━━━━━━━━━━╇━━━━━━━━━━━━━━╇━━━━━━━━━━━━━━━━━━╇━━━━━━━━━━━━━━━━━━━━━━━━┩
│           │         roi │     92 │          2.4 │         142.936 │        95.29 │  1 day, 14:29:00 │   92     0     0   100 │
│           │  force_exit │      2 │        -1.04 │          -1.595 │        -1.06 │  1 day, 14:00:00 │    0     0     2     0 │
│           │ exit_signal │     13 │        -6.78 │         -62.159 │       -41.44 │ 4 days, 23:23:00 │    0     0    13     0 │
│     TOTAL │             │    107 │         1.22 │          79.182 │        52.79 │  2 days, 0:18:00 │   92     0    15  86.0 │
└───────────┴─────────────┴────────┴──────────────┴─────────────────┴──────────────┴──────────────────┴────────────────────────┘
                          SUMMARY METRICS                          
┏━━━━━━━━━━━━━━━━━━━━━━━━━━━━━━━┳━━━━━━━━━━━━━━━━━━━━━━━━━━━━━━━━━┓
┃ Metric                        ┃ Value                           ┃
┡━━━━━━━━━━━━━━━━━━━━━━━━━━━━━━━╇━━━━━━━━━━━━━━━━━━━━━━━━━━━━━━━━━┩
│ Backtesting from              │ 2025-04-22 00:00:00             │
│ Backtesting to                │ 2026-04-17 00:00:00             │
│ Trading Mode                  │ Spot                            │
│ Max open trades               │ 3                               │
│                               │                                 │
│ Total/Daily Avg Trades        │ 107 / 0.3                       │
│ Starting balance              │ 150 USDT                        │
│ Final balance                 │ 229.182 USDT                    │
│ Absolute profit               │ 79.182 USDT                     │
│ Total profit %                │ 52.79%                          │
│ CAGR %                        │ 53.69%                          │
│ Sortino                       │ 1.33                            │
│ Sharpe                        │ 1.79                            │
│ Calmar                        │ 26.38                           │
│ SQN                           │ 3.25                            │
│ Profit factor                 │ 2.24                            │
│ Expectancy (Ratio)            │ 0.74 (0.17)                     │
│ Avg. daily profit             │ 0.22 USDT                       │
│ Avg. stake amount             │ 66.222 USDT                     │
│ Total trade volume            │ 14279.189 USDT                  │
│                               │                                 │
│ Best Pair                     │ ETH/USDT 25.94%                 │
│ Worst Pair                    │ XRP/USDT 5.77%                  │
│ Best trade                    │ ETH/USDT 3.83%                  │
│ Worst trade                   │ XRP/USDT -18.99%                │
│ Best day                      │ 10.025 USDT                     │
│ Worst day                     │ -13.19 USDT                     │
│ Days win/draw/lose            │ 48 / 291 / 13                   │
│ Min/Max/Avg. Duration Winners │ 0d 04:00 / 16d 12:00 / 1d 14:29 │
│ Min/Max/Avg. Duration Losers  │ 0d 04:00 / 30d 08:00 / 4d 12:32 │
│ Max Consecutive Wins / Loss   │ 49 / 5                          │
│ Rejected Entry signals        │ 0                               │
│ Entry/Exit Timeouts           │ 0 / 0                           │
│                               │                                 │
│ Min balance                   │ 151.17 USDT                     │
│ Max balance                   │ 241.478 USDT                    │
│ Max % of account underwater   │ 10.62%                          │
│ Absolute drawdown             │ 25.647 USDT (10.62%)            │
│ Drawdown duration             │ 106 days 20:00:00               │
│ Profit at drawdown start      │ 91.478 USDT                     │
│ Profit at drawdown end        │ 65.831 USDT                     │
│ Drawdown start                │ 2025-08-17 12:00:00             │
│ Drawdown end                  │ 2025-12-02 08:00:00             │
│ Market change                 │ -9.22%                          │
└───────────────────────────────┴─────────────────────────────────┘

Backtested 2025-04-22 00:00:00 -> 2026-04-17 00:00:00 | Max open trades : 3
                                                           STRATEGY SUMMARY                                                           
┏━━━━━━━━━━┳━━━━━━━━┳━━━━━━━━━━━━━━┳━━━━━━━━━━━━━━━━━┳━━━━━━━━━━━━━━┳━━━━━━━━━━━━━━━━━┳━━━━━━━━━━━━━━━━━━━━━━━━┳━━━━━━━━━━━━━━━━━━━━━┓
┃ Strategy ┃ Trades ┃ Avg Profit % ┃ Tot Profit USDT ┃ Tot Profit % ┃    Avg Duration ┃  Win  Draw  Loss  Win% ┃            Drawdown ┃
┡━━━━━━━━━━╇━━━━━━━━╇━━━━━━━━━━━━━━╇━━━━━━━━━━━━━━━━━╇━━━━━━━━━━━━━━╇━━━━━━━━━━━━━━━━━╇━━━━━━━━━━━━━━━━━━━━━━━━╇━━━━━━━━━━━━━━━━━━━━━┩
│      yes │    107 │         1.22 │          79.182 │        52.79 │ 2 days, 0:18:00 │   92     0    15  86.0 │ 25.647 USDT  10.62% │
└──────────┴────────┴──────────────┴─────────────────┴──────────────┴─────────────────┴────────────────────────┴─────────────────────┘