2026-04-25 22:27:27,966 - freqtrade - INFO - freqtrade 2026.3
2026-04-25 22:27:28,993 - freqtrade.configuration.load_config - INFO - Using config: /home/mohs/Desktop/ae/pyside6/user_data/config.json ...
2026-04-25 22:27:28,995 - freqtrade.loggers - INFO - Enabling colorized output.
2026-04-25 22:27:28,995 - freqtrade.loggers - INFO - Logfile configured
2026-04-25 22:27:28,996 - freqtrade.loggers - INFO - Verbosity set to 0
2026-04-25 22:27:28,996 - freqtrade.configuration.configuration - INFO - Using additional Strategy lookup path: 
/home/mohs/Desktop/ae/pyside6/user_data/optimizer/sessions/00d5d57f-9960-4dcc-ac23-ec438d4ba9c3/trial_028/strategy_dir
2026-04-25 22:27:28,996 - freqtrade.configuration.configuration - WARNING - `force_entry_enable` RPC message enabled.
2026-04-25 22:27:28,997 - freqtrade.configuration.configuration - INFO - Parameter -i/--timeframe detected ... Using timeframe: 5m ...
2026-04-25 22:27:28,997 - freqtrade.configuration.configuration - INFO - Parameter --max-open-trades detected, overriding max_open_trades to: 3 ...
2026-04-25 22:27:28,997 - freqtrade.configuration.configuration - INFO - Parameter --dry-run-wallet detected, overriding dry_run_wallet to: 150.0 ...
2026-04-25 22:27:28,997 - freqtrade.configuration.configuration - INFO - Parameter --timerange detected: 20250422-20260417 ...
2026-04-25 22:27:28,998 - freqtrade.configuration.configuration - INFO - Using user-data directory: /home/mohs/Desktop/ae/pyside6/user_data ...
2026-04-25 22:27:28,998 - freqtrade.configuration.configuration - INFO - Using data directory: /home/mohs/Desktop/ae/pyside6/user_data/data/binance ...
2026-04-25 22:27:28,998 - freqtrade.configuration.configuration - INFO - Parameter --export detected: trades ...
2026-04-25 22:27:28,999 - freqtrade.configuration.configuration - INFO - Parameter --cache=day detected ...
2026-04-25 22:27:28,999 - freqtrade.configuration.configuration - INFO - Using pairs ['XRP/USDT', 'ETH/USDT', 'HOME/USDT']
2026-04-25 22:27:28,999 - freqtrade.configuration.configuration - INFO - Filter trades by timerange: 20250422-20260417
2026-04-25 22:27:28,999 - freqtrade.exchange.check_exchange - INFO - Checking exchange...
2026-04-25 22:27:29,006 - freqtrade.exchange.check_exchange - INFO - Exchange "binance" is officially supported by the Freqtrade development team.
2026-04-25 22:27:29,007 - freqtrade.configuration.config_validation - INFO - Validating configuration ...
2026-04-25 22:27:29,009 - freqtrade.commands.optimize_commands - INFO - Starting freqtrade in Backtesting mode
2026-04-25 22:27:29,009 - freqtrade.exchange.exchange - INFO - Instance is running with dry_run enabled
2026-04-25 22:27:29,009 - freqtrade.exchange.exchange - INFO - Using CCXT 4.5.50
2026-04-25 22:27:29,010 - freqtrade.exchange.exchange - INFO - Applying additional ccxt config: {'enableRateLimit': True, 'timeout': 120000}
2026-04-25 22:27:29,016 - freqtrade.exchange.exchange - INFO - Applying additional ccxt config: {'enableRateLimit': True, 'timeout': 120000}
2026-04-25 22:27:29,022 - freqtrade.exchange.exchange - INFO - Using Exchange "Binance"
2026-04-25 22:27:30,152 - freqtrade.resolvers.exchange_resolver - INFO - Using resolved exchange 'Binance'...
2026-04-25 22:27:30,160 - freqtrade.resolvers.iresolver - INFO - Using resolved strategy yes from 
'/home/mohs/Desktop/ae/pyside6/user_data/optimizer/sessions/00d5d57f-9960-4dcc-ac23-ec438d4ba9c3/trial_028/strategy_dir/yes.py'...
2026-04-25 22:27:30,160 - freqtrade.strategy.hyper - INFO - Loading parameters from file 
/home/mohs/Desktop/ae/pyside6/user_data/optimizer/sessions/00d5d57f-9960-4dcc-ac23-ec438d4ba9c3/trial_028/strategy_dir/yes.json
2026-04-25 22:27:30,161 - freqtrade.resolvers.strategy_resolver - INFO - Override strategy 'timeframe' with value from the configuration: 5m.
2026-04-25 22:27:30,161 - freqtrade.resolvers.strategy_resolver - INFO - Override strategy 'stake_currency' with value from the configuration: USDT.
2026-04-25 22:27:30,161 - freqtrade.resolvers.strategy_resolver - INFO - Override strategy 'stake_amount' with value from the configuration: unlimited.
2026-04-25 22:27:30,162 - freqtrade.resolvers.strategy_resolver - INFO - Override strategy 'use_exit_signal' with value from the configuration: True.
2026-04-25 22:27:30,162 - freqtrade.resolvers.strategy_resolver - INFO - Override strategy 'max_open_trades' with value from the configuration: 3.
2026-04-25 22:27:30,162 - freqtrade.resolvers.strategy_resolver - INFO - Strategy using minimal_roi: {'0': 1.161131828364795, '13': 0.32979300385687205, '146': 0.08757725478737215, '38': 
0.9990374780468908}
2026-04-25 22:27:30,162 - freqtrade.resolvers.strategy_resolver - INFO - Strategy using timeframe: 5m
2026-04-25 22:27:30,163 - freqtrade.resolvers.strategy_resolver - INFO - Strategy using stoploss: -0.8805870056175964
2026-04-25 22:27:30,163 - freqtrade.resolvers.strategy_resolver - INFO - Strategy using trailing_stop: False
2026-04-25 22:27:30,163 - freqtrade.resolvers.strategy_resolver - INFO - Strategy using trailing_stop_positive: 0.060165312386867134
2026-04-25 22:27:30,163 - freqtrade.resolvers.strategy_resolver - INFO - Strategy using trailing_stop_positive_offset: 0.0620869951799026
2026-04-25 22:27:30,164 - freqtrade.resolvers.strategy_resolver - INFO - Strategy using trailing_only_offset_is_reached: True
2026-04-25 22:27:30,164 - freqtrade.resolvers.strategy_resolver - INFO - Strategy using use_custom_stoploss: False
2026-04-25 22:27:30,164 - freqtrade.resolvers.strategy_resolver - INFO - Strategy using process_only_new_candles: True
2026-04-25 22:27:30,164 - freqtrade.resolvers.strategy_resolver - INFO - Strategy using order_types: {'entry': 'limit', 'exit': 'limit', 'stoploss': 'limit', 'stoploss_on_exchange': False, 
'stoploss_on_exchange_interval': 60}
2026-04-25 22:27:30,165 - freqtrade.resolvers.strategy_resolver - INFO - Strategy using order_time_in_force: {'entry': 'GTC', 'exit': 'GTC'}
2026-04-25 22:27:30,165 - freqtrade.resolvers.strategy_resolver - INFO - Strategy using stake_currency: USDT
2026-04-25 22:27:30,165 - freqtrade.resolvers.strategy_resolver - INFO - Strategy using stake_amount: unlimited
2026-04-25 22:27:30,165 - freqtrade.resolvers.strategy_resolver - INFO - Strategy using startup_candle_count: 0
2026-04-25 22:27:30,166 - freqtrade.resolvers.strategy_resolver - INFO - Strategy using use_exit_signal: True
2026-04-25 22:27:30,166 - freqtrade.resolvers.strategy_resolver - INFO - Strategy using exit_profit_only: False
2026-04-25 22:27:30,166 - freqtrade.resolvers.strategy_resolver - INFO - Strategy using ignore_roi_if_entry_signal: False
2026-04-25 22:27:30,166 - freqtrade.resolvers.strategy_resolver - INFO - Strategy using exit_profit_offset: 0.0
2026-04-25 22:27:30,166 - freqtrade.resolvers.strategy_resolver - INFO - Strategy using disable_dataframe_checks: False
2026-04-25 22:27:30,167 - freqtrade.resolvers.strategy_resolver - INFO - Strategy using ignore_buying_expired_candle_after: 0
2026-04-25 22:27:30,167 - freqtrade.resolvers.strategy_resolver - INFO - Strategy using position_adjustment_enable: False
2026-04-25 22:27:30,167 - freqtrade.resolvers.strategy_resolver - INFO - Strategy using max_entry_position_adjustment: -1
2026-04-25 22:27:30,167 - freqtrade.resolvers.strategy_resolver - INFO - Strategy using max_open_trades: 3
2026-04-25 22:27:30,168 - freqtrade.configuration.config_validation - INFO - Validating configuration ...
2026-04-25 22:27:30,171 - freqtrade.resolvers.iresolver - INFO - Using resolved pairlist StaticPairList from 
'/home/mohs/Desktop/ae/pyside6/.venv/lib/python3.12/site-packages/freqtrade/plugins/pairlist/StaticPairList.py'...
2026-04-25 22:27:30,183 - freqtrade.optimize.backtesting - INFO - Using fee 0.1000% - worst case fee from exchange (lowest tier).
2026-04-25 22:27:30,323 - freqtrade.data.history.datahandlers.idatahandler - WARNING - XRP/USDT, spot, 5m, data ends at 2026-04-11 01:45:00
2026-04-25 22:27:30,720 - freqtrade.data.history.datahandlers.idatahandler - WARNING - HOME/USDT, spot, 5m, data starts at 2025-06-12 15:00:00
2026-04-25 22:27:30,749 - freqtrade.optimize.backtesting - INFO - Loading data from 2025-04-22 00:00:00 up to 2026-04-17 00:00:00 (360 days).
2026-04-25 22:27:32,825 - freqtrade.optimize.backtesting - INFO - Dataload complete. Calculating indicators
2026-04-25 22:27:32,832 - freqtrade.optimize.backtesting - INFO - Running backtesting for Strategy yes
2026-04-25 22:27:32,833 - freqtrade.strategy.hyper - INFO - Strategy Parameter: buy_ma_count = 9
2026-04-25 22:27:32,833 - freqtrade.strategy.hyper - INFO - Strategy Parameter: buy_ma_gap = 26
2026-04-25 22:27:32,833 - freqtrade.strategy.hyper - INFO - Strategy Parameter: sell_ma_count = 7
2026-04-25 22:27:32,833 - freqtrade.strategy.hyper - INFO - Strategy Parameter: sell_ma_gap = 44
2026-04-25 22:27:32,948 - freqtrade.optimize.backtesting - INFO - Backtesting with data from 2025-04-22 00:00:00 up to 2026-04-17 00:00:00 (360 days).
/home/mohs/Desktop/ae/pyside6/.venv/lib/python3.12/site-packages/freqtrade/data/metrics.py:77: FutureWarning: The default fill_method='pad' in DataFrame.pct_change is deprecated and will be removed in a future version. Either fill in any non-leading NA values prior to calling pct_change or specify 'fill_method=None' to not fill NA values.
  rel_mean = df_comb.pct_change().mean(axis=1).fillna(0).cumsum()
2026-04-25 22:27:37,637 - freqtrade.misc - INFO - dumping json to "/home/mohs/Desktop/ae/pyside6/user_data/backtest_results/backtest-result-2026-04-25_22-27-37.meta.json"
Result for strategy yes
                                              BACKTESTING REPORT                                              
┏━━━━━━━━━━━┳━━━━━━━━┳━━━━━━━━━━━━━━┳━━━━━━━━━━━━━━━━━┳━━━━━━━━━━━━━━┳━━━━━━━━━━━━━━┳━━━━━━━━━━━━━━━━━━━━━━━━┓
┃      Pair ┃ Trades ┃ Avg Profit % ┃ Tot Profit USDT ┃ Tot Profit % ┃ Avg Duration ┃  Win  Draw  Loss  Win% ┃
┡━━━━━━━━━━━╇━━━━━━━━╇━━━━━━━━━━━━━━╇━━━━━━━━━━━━━━━━━╇━━━━━━━━━━━━━━╇━━━━━━━━━━━━━━╇━━━━━━━━━━━━━━━━━━━━━━━━┩
│  ETH/USDT │    386 │        -0.13 │         -20.476 │       -13.65 │      2:31:00 │  120     0   266  31.1 │
│  XRP/USDT │    404 │        -0.12 │         -22.182 │       -14.79 │      2:23:00 │  119     0   285  29.5 │
│ HOME/USDT │    365 │         -0.2 │         -25.222 │       -16.81 │      2:18:00 │  110     0   255  30.1 │
│     TOTAL │   1155 │        -0.15 │         -67.880 │       -45.25 │      2:24:00 │  349     0   806  30.2 │
└───────────┴────────┴──────────────┴─────────────────┴──────────────┴──────────────┴────────────────────────┘
                                         LEFT OPEN TRADES REPORT                                          
┏━━━━━━━┳━━━━━━━━┳━━━━━━━━━━━━━━┳━━━━━━━━━━━━━━━━━┳━━━━━━━━━━━━━━┳━━━━━━━━━━━━━━┳━━━━━━━━━━━━━━━━━━━━━━━━┓
┃  Pair ┃ Trades ┃ Avg Profit % ┃ Tot Profit USDT ┃ Tot Profit % ┃ Avg Duration ┃  Win  Draw  Loss  Win% ┃
┡━━━━━━━╇━━━━━━━━╇━━━━━━━━━━━━━━╇━━━━━━━━━━━━━━━━━╇━━━━━━━━━━━━━━╇━━━━━━━━━━━━━━╇━━━━━━━━━━━━━━━━━━━━━━━━┩
│ TOTAL │      0 │          0.0 │           0.000 │          0.0 │         0:00 │    0     0     0     0 │
└───────┴────────┴──────────────┴─────────────────┴──────────────┴──────────────┴────────────────────────┘
                                                ENTER TAG STATS                                                
┏━━━━━━━━━━━┳━━━━━━━━━┳━━━━━━━━━━━━━━┳━━━━━━━━━━━━━━━━━┳━━━━━━━━━━━━━━┳━━━━━━━━━━━━━━┳━━━━━━━━━━━━━━━━━━━━━━━━┓
┃ Enter Tag ┃ Entries ┃ Avg Profit % ┃ Tot Profit USDT ┃ Tot Profit % ┃ Avg Duration ┃  Win  Draw  Loss  Win% ┃
┡━━━━━━━━━━━╇━━━━━━━━━╇━━━━━━━━━━━━━━╇━━━━━━━━━━━━━━━━━╇━━━━━━━━━━━━━━╇━━━━━━━━━━━━━━╇━━━━━━━━━━━━━━━━━━━━━━━━┩
│     OTHER │    1155 │        -0.15 │         -67.880 │       -45.25 │      2:24:00 │  349     0   806  30.2 │
│     TOTAL │    1155 │        -0.15 │         -67.880 │       -45.25 │      2:24:00 │  349     0   806  30.2 │
└───────────┴─────────┴──────────────┴─────────────────┴──────────────┴──────────────┴────────────────────────┘
                                               EXIT REASON STATS                                               
┏━━━━━━━━━━━━━┳━━━━━━━┳━━━━━━━━━━━━━━┳━━━━━━━━━━━━━━━━━┳━━━━━━━━━━━━━━┳━━━━━━━━━━━━━━┳━━━━━━━━━━━━━━━━━━━━━━━━┓
┃ Exit Reason ┃ Exits ┃ Avg Profit % ┃ Tot Profit USDT ┃ Tot Profit % ┃ Avg Duration ┃  Win  Draw  Loss  Win% ┃
┡━━━━━━━━━━━━━╇━━━━━━━╇━━━━━━━━━━━━━━╇━━━━━━━━━━━━━━━━━╇━━━━━━━━━━━━━━╇━━━━━━━━━━━━━━╇━━━━━━━━━━━━━━━━━━━━━━━━┩
│         roi │     6 │         8.75 │          20.324 │        13.55 │      3:57:00 │    6     0     0   100 │
│ exit_signal │  1149 │         -0.2 │         -88.204 │        -58.8 │      2:24:00 │  343     0   806  29.9 │
│       TOTAL │  1155 │        -0.15 │         -67.880 │       -45.25 │      2:24:00 │  349     0   806  30.2 │
└─────────────┴───────┴──────────────┴─────────────────┴──────────────┴──────────────┴────────────────────────┘
                                                      MIXED TAG STATS                                                       
┏━━━━━━━━━━━┳━━━━━━━━━━━━━┳━━━━━━━━┳━━━━━━━━━━━━━━┳━━━━━━━━━━━━━━━━━┳━━━━━━━━━━━━━━┳━━━━━━━━━━━━━━┳━━━━━━━━━━━━━━━━━━━━━━━━┓
┃ Enter Tag ┃ Exit Reason ┃ Trades ┃ Avg Profit % ┃ Tot Profit USDT ┃ Tot Profit % ┃ Avg Duration ┃  Win  Draw  Loss  Win% ┃
┡━━━━━━━━━━━╇━━━━━━━━━━━━━╇━━━━━━━━╇━━━━━━━━━━━━━━╇━━━━━━━━━━━━━━━━━╇━━━━━━━━━━━━━━╇━━━━━━━━━━━━━━╇━━━━━━━━━━━━━━━━━━━━━━━━┩
│           │         roi │      6 │         8.75 │          20.324 │        13.55 │      3:57:00 │    6     0     0   100 │
│           │ exit_signal │   1149 │         -0.2 │         -88.204 │        -58.8 │      2:24:00 │  343     0   806  29.9 │
│     TOTAL │             │   1155 │        -0.15 │         -67.880 │       -45.25 │      2:24:00 │  349     0   806  30.2 │
└───────────┴─────────────┴────────┴──────────────┴─────────────────┴──────────────┴──────────────┴────────────────────────┘
                         SUMMARY METRICS                          
┏━━━━━━━━━━━━━━━━━━━━━━━━━━━━━━━┳━━━━━━━━━━━━━━━━━━━━━━━━━━━━━━━━┓
┃ Metric                        ┃ Value                          ┃
┡━━━━━━━━━━━━━━━━━━━━━━━━━━━━━━━╇━━━━━━━━━━━━━━━━━━━━━━━━━━━━━━━━┩
│ Backtesting from              │ 2025-04-22 00:00:00            │
│ Backtesting to                │ 2026-04-17 00:00:00            │
│ Trading Mode                  │ Spot                           │
│ Max open trades               │ 3                              │
│                               │                                │
│ Total/Daily Avg Trades        │ 1155 / 3.21                    │
│ Starting balance              │ 150 USDT                       │
│ Final balance                 │ 82.12 USDT                     │
│ Absolute profit               │ -67.88 USDT                    │
│ Total profit %                │ -45.25%                        │
│ CAGR %                        │ -45.71%                        │
│ Sortino                       │ -11.28                         │
│ Sharpe                        │ -6.14                          │
│ Calmar                        │ -5.13                          │
│ SQN                           │ -3.40                          │
│ Profit factor                 │ 0.73                           │
│ Expectancy (Ratio)            │ -0.06 (-0.19)                  │
│ Avg. daily profit             │ -0.189 USDT                    │
│ Avg. stake amount             │ 36.255 USDT                    │
│ Total trade volume            │ 83849.672 USDT                 │
│                               │                                │
│ Best Pair                     │ ETH/USDT -13.65%               │
│ Worst Pair                    │ HOME/USDT -16.81%              │
│ Best trade                    │ HOME/USDT 8.77%                │
│ Worst trade                   │ HOME/USDT -9.05%               │
│ Best day                      │ 4.803 USDT                     │
│ Worst day                     │ -5.199 USDT                    │
│ Days win/draw/lose            │ 107 / 38 / 214                 │
│ Min/Max/Avg. Duration Winners │ 0d 01:10 / 0d 07:50 / 0d 03:43 │
│ Min/Max/Avg. Duration Losers  │ 0d 00:05 / 0d 05:40 / 0d 01:50 │
│ Max Consecutive Wins / Loss   │ 6 / 18                         │
│ Rejected Entry signals        │ 0                              │
│ Entry/Exit Timeouts           │ 0 / 0                          │
│                               │                                │
│ Min balance                   │ 79.747 USDT                    │
│ Max balance                   │ 149.34 USDT                    │
│ Max % of account underwater   │ 46.84%                         │
│ Absolute drawdown             │ 70.253 USDT (46.84%)           │
│ Drawdown duration             │ 343 days 16:10:00              │
│ Profit at drawdown start      │ 0 USDT                         │
│ Profit at drawdown end        │ -70.253 USDT                   │
│ Drawdown start                │ 2025-04-24 17:25:00            │
│ Drawdown end                  │ 2026-04-03 09:35:00            │
│ Market change                 │ -10.52%                        │
└───────────────────────────────┴────────────────────────────────┘

Backtested 2025-04-22 00:00:00 -> 2026-04-17 00:00:00 | Max open trades : 3
                                                         STRATEGY SUMMARY                                                          
┏━━━━━━━━━━┳━━━━━━━━┳━━━━━━━━━━━━━━┳━━━━━━━━━━━━━━━━━┳━━━━━━━━━━━━━━┳━━━━━━━━━━━━━━┳━━━━━━━━━━━━━━━━━━━━━━━━┳━━━━━━━━━━━━━━━━━━━━━┓
┃ Strategy ┃ Trades ┃ Avg Profit % ┃ Tot Profit USDT ┃ Tot Profit % ┃ Avg Duration ┃  Win  Draw  Loss  Win% ┃            Drawdown ┃
┡━━━━━━━━━━╇━━━━━━━━╇━━━━━━━━━━━━━━╇━━━━━━━━━━━━━━━━━╇━━━━━━━━━━━━━━╇━━━━━━━━━━━━━━╇━━━━━━━━━━━━━━━━━━━━━━━━╇━━━━━━━━━━━━━━━━━━━━━┩
│      yes │   1155 │        -0.15 │         -67.880 │       -45.25 │      2:24:00 │  349     0   806  30.2 │ 70.253 USDT  46.84% │
└──────────┴────────┴──────────────┴─────────────────┴──────────────┴──────────────┴────────────────────────┴─────────────────────┘