2026-04-25 22:38:10,197 - freqtrade - INFO - freqtrade 2026.3
2026-04-25 22:38:11,242 - freqtrade.configuration.load_config - INFO - Using config: /home/mohs/Desktop/ae/pyside6/user_data/config.json ...
2026-04-25 22:38:11,244 - freqtrade.loggers - INFO - Enabling colorized output.
2026-04-25 22:38:11,244 - freqtrade.loggers - INFO - Logfile configured
2026-04-25 22:38:11,245 - freqtrade.loggers - INFO - Verbosity set to 0
2026-04-25 22:38:11,245 - freqtrade.configuration.configuration - INFO - Using additional Strategy lookup path: 
/home/mohs/Desktop/ae/pyside6/user_data/optimizer/sessions/b8194b7f-3716-497e-8a17-833c28d4e223/trial_001/strategy_dir
2026-04-25 22:38:11,245 - freqtrade.configuration.configuration - WARNING - `force_entry_enable` RPC message enabled.
2026-04-25 22:38:11,245 - freqtrade.configuration.configuration - INFO - Parameter -i/--timeframe detected ... Using timeframe: 4h ...
2026-04-25 22:38:11,246 - freqtrade.configuration.configuration - INFO - Parameter --max-open-trades detected, overriding max_open_trades to: 3 ...
2026-04-25 22:38:11,246 - freqtrade.configuration.configuration - INFO - Parameter --dry-run-wallet detected, overriding dry_run_wallet to: 150.0 ...
2026-04-25 22:38:11,246 - freqtrade.configuration.configuration - INFO - Parameter --timerange detected: 20250422-20260417 ...
2026-04-25 22:38:11,247 - freqtrade.configuration.configuration - INFO - Using user-data directory: /home/mohs/Desktop/ae/pyside6/user_data ...
2026-04-25 22:38:11,247 - freqtrade.configuration.configuration - INFO - Using data directory: /home/mohs/Desktop/ae/pyside6/user_data/data/binance ...
2026-04-25 22:38:11,247 - freqtrade.configuration.configuration - INFO - Parameter --export detected: trades ...
2026-04-25 22:38:11,247 - freqtrade.configuration.configuration - INFO - Parameter --cache=day detected ...
2026-04-25 22:38:11,248 - freqtrade.configuration.configuration - INFO - Using pairs ['XRP/USDT', 'ETH/USDT', 'HOME/USDT']
2026-04-25 22:38:11,248 - freqtrade.configuration.configuration - INFO - Filter trades by timerange: 20250422-20260417
2026-04-25 22:38:11,248 - freqtrade.exchange.check_exchange - INFO - Checking exchange...
2026-04-25 22:38:11,254 - freqtrade.exchange.check_exchange - INFO - Exchange "binance" is officially supported by the Freqtrade development team.
2026-04-25 22:38:11,255 - freqtrade.configuration.config_validation - INFO - Validating configuration ...
2026-04-25 22:38:11,257 - freqtrade.commands.optimize_commands - INFO - Starting freqtrade in Backtesting mode
2026-04-25 22:38:11,257 - freqtrade.exchange.exchange - INFO - Instance is running with dry_run enabled
2026-04-25 22:38:11,258 - freqtrade.exchange.exchange - INFO - Using CCXT 4.5.50
2026-04-25 22:38:11,258 - freqtrade.exchange.exchange - INFO - Applying additional ccxt config: {'enableRateLimit': True, 'timeout': 120000}
2026-04-25 22:38:11,263 - freqtrade.exchange.exchange - INFO - Applying additional ccxt config: {'enableRateLimit': True, 'timeout': 120000}
2026-04-25 22:38:11,269 - freqtrade.exchange.exchange - INFO - Using Exchange "Binance"
2026-04-25 22:38:12,518 - freqtrade.resolvers.exchange_resolver - INFO - Using resolved exchange 'Binance'...
2026-04-25 22:38:12,526 - freqtrade.resolvers.iresolver - INFO - Using resolved strategy yes from 
'/home/mohs/Desktop/ae/pyside6/user_data/optimizer/sessions/b8194b7f-3716-497e-8a17-833c28d4e223/trial_001/strategy_dir/yes.py'...
2026-04-25 22:38:12,526 - freqtrade.strategy.hyper - INFO - Loading parameters from file 
/home/mohs/Desktop/ae/pyside6/user_data/optimizer/sessions/b8194b7f-3716-497e-8a17-833c28d4e223/trial_001/strategy_dir/yes.json
2026-04-25 22:38:12,527 - freqtrade.resolvers.strategy_resolver - INFO - Override strategy 'timeframe' with value from the configuration: 4h.
2026-04-25 22:38:12,527 - freqtrade.resolvers.strategy_resolver - INFO - Override strategy 'stake_currency' with value from the configuration: USDT.
2026-04-25 22:38:12,527 - freqtrade.resolvers.strategy_resolver - INFO - Override strategy 'stake_amount' with value from the configuration: unlimited.
2026-04-25 22:38:12,527 - freqtrade.resolvers.strategy_resolver - INFO - Override strategy 'use_exit_signal' with value from the configuration: True.
2026-04-25 22:38:12,528 - freqtrade.resolvers.strategy_resolver - INFO - Override strategy 'max_open_trades' with value from the configuration: 3.
2026-04-25 22:38:12,528 - freqtrade.resolvers.strategy_resolver - INFO - Strategy using minimal_roi: {'0': 0.8101893635220994, '13': 0.028581153970451953, '146': 0.326171770436526, '38': 
0.35772917652367264}
2026-04-25 22:38:12,528 - freqtrade.resolvers.strategy_resolver - INFO - Strategy using timeframe: 4h
2026-04-25 22:38:12,529 - freqtrade.resolvers.strategy_resolver - INFO - Strategy using stoploss: -0.5094757935560287
2026-04-25 22:38:12,529 - freqtrade.resolvers.strategy_resolver - INFO - Strategy using trailing_stop: False
2026-04-25 22:38:12,529 - freqtrade.resolvers.strategy_resolver - INFO - Strategy using trailing_stop_positive: 0.3940749547861426
2026-04-25 22:38:12,529 - freqtrade.resolvers.strategy_resolver - INFO - Strategy using trailing_stop_positive_offset: 0.23994210696957707
2026-04-25 22:38:12,530 - freqtrade.resolvers.strategy_resolver - INFO - Strategy using trailing_only_offset_is_reached: True
2026-04-25 22:38:12,530 - freqtrade.resolvers.strategy_resolver - INFO - Strategy using use_custom_stoploss: False
2026-04-25 22:38:12,530 - freqtrade.resolvers.strategy_resolver - INFO - Strategy using process_only_new_candles: True
2026-04-25 22:38:12,530 - freqtrade.resolvers.strategy_resolver - INFO - Strategy using order_types: {'entry': 'limit', 'exit': 'limit', 'stoploss': 'limit', 'stoploss_on_exchange': False, 
'stoploss_on_exchange_interval': 60}
2026-04-25 22:38:12,531 - freqtrade.resolvers.strategy_resolver - INFO - Strategy using order_time_in_force: {'entry': 'GTC', 'exit': 'GTC'}
2026-04-25 22:38:12,531 - freqtrade.resolvers.strategy_resolver - INFO - Strategy using stake_currency: USDT
2026-04-25 22:38:12,531 - freqtrade.resolvers.strategy_resolver - INFO - Strategy using stake_amount: unlimited
2026-04-25 22:38:12,531 - freqtrade.resolvers.strategy_resolver - INFO - Strategy using startup_candle_count: 0
2026-04-25 22:38:12,532 - freqtrade.resolvers.strategy_resolver - INFO - Strategy using use_exit_signal: True
2026-04-25 22:38:12,532 - freqtrade.resolvers.strategy_resolver - INFO - Strategy using exit_profit_only: False
2026-04-25 22:38:12,532 - freqtrade.resolvers.strategy_resolver - INFO - Strategy using ignore_roi_if_entry_signal: False
2026-04-25 22:38:12,532 - freqtrade.resolvers.strategy_resolver - INFO - Strategy using exit_profit_offset: 0.0
2026-04-25 22:38:12,533 - freqtrade.resolvers.strategy_resolver - INFO - Strategy using disable_dataframe_checks: False
2026-04-25 22:38:12,533 - freqtrade.resolvers.strategy_resolver - INFO - Strategy using ignore_buying_expired_candle_after: 0
2026-04-25 22:38:12,533 - freqtrade.resolvers.strategy_resolver - INFO - Strategy using position_adjustment_enable: False
2026-04-25 22:38:12,533 - freqtrade.resolvers.strategy_resolver - INFO - Strategy using max_entry_position_adjustment: -1
2026-04-25 22:38:12,534 - freqtrade.resolvers.strategy_resolver - INFO - Strategy using max_open_trades: 3
2026-04-25 22:38:12,534 - freqtrade.configuration.config_validation - INFO - Validating configuration ...
2026-04-25 22:38:12,537 - freqtrade.resolvers.iresolver - INFO - Using resolved pairlist StaticPairList from 
'/home/mohs/Desktop/ae/pyside6/.venv/lib/python3.12/site-packages/freqtrade/plugins/pairlist/StaticPairList.py'...
2026-04-25 22:38:12,550 - freqtrade.optimize.backtesting - INFO - Using fee 0.1000% - worst case fee from exchange (lowest tier).
2026-04-25 22:38:12,589 - freqtrade.data.history.datahandlers.idatahandler - WARNING - HOME/USDT, spot, 4h, data starts at 2025-06-12 12:00:00
2026-04-25 22:38:12,597 - freqtrade.optimize.backtesting - INFO - Loading data from 2025-04-22 00:00:00 up to 2026-04-17 00:00:00 (360 days).
2026-04-25 22:38:12,652 - freqtrade.optimize.backtesting - INFO - Dataload complete. Calculating indicators
2026-04-25 22:38:12,659 - freqtrade.optimize.backtesting - INFO - Running backtesting for Strategy yes
2026-04-25 22:38:12,660 - freqtrade.strategy.hyper - INFO - Strategy Parameter: buy_ma_count = 17
2026-04-25 22:38:12,660 - freqtrade.strategy.hyper - INFO - Strategy Parameter: buy_ma_gap = 20
2026-04-25 22:38:12,660 - freqtrade.strategy.hyper - INFO - Strategy Parameter: sell_ma_count = 2
2026-04-25 22:38:12,661 - freqtrade.strategy.hyper - INFO - Strategy Parameter: sell_ma_gap = 33
2026-04-25 22:38:12,670 - freqtrade.optimize.backtesting - INFO - Backtesting with data from 2025-04-22 00:00:00 up to 2026-04-17 00:00:00 (360 days).
2026-04-25 22:38:13,027 - freqtrade.misc - INFO - dumping json to "/home/mohs/Desktop/ae/pyside6/user_data/backtest_results/backtest-result-2026-04-25_22-38-13.meta.json"
Result for strategy yes
                                                BACKTESTING REPORT                                                
┏━━━━━━━━━━━┳━━━━━━━━┳━━━━━━━━━━━━━━┳━━━━━━━━━━━━━━━━━┳━━━━━━━━━━━━━━┳━━━━━━━━━━━━━━━━━━┳━━━━━━━━━━━━━━━━━━━━━━━━┓
┃      Pair ┃ Trades ┃ Avg Profit % ┃ Tot Profit USDT ┃ Tot Profit % ┃     Avg Duration ┃  Win  Draw  Loss  Win% ┃
┡━━━━━━━━━━━╇━━━━━━━━╇━━━━━━━━━━━━━━╇━━━━━━━━━━━━━━━━━╇━━━━━━━━━━━━━━╇━━━━━━━━━━━━━━━━━━╇━━━━━━━━━━━━━━━━━━━━━━━━┩
│  XRP/USDT │      4 │         3.55 │           6.885 │         4.59 │ 4 days, 14:00:00 │    3     0     1  75.0 │
│ HOME/USDT │      1 │          9.6 │           4.696 │         3.13 │  4 days, 8:00:00 │    1     0     0   100 │
│  ETH/USDT │      8 │        -2.93 │         -11.888 │        -7.93 │  2 days, 9:30:00 │    1     0     7  12.5 │
│     TOTAL │     13 │         0.03 │          -0.306 │         -0.2 │  3 days, 5:14:00 │    5     0     8  38.5 │
└───────────┴────────┴──────────────┴─────────────────┴──────────────┴──────────────────┴────────────────────────┘
                                             LEFT OPEN TRADES REPORT                                             
┏━━━━━━━━━━┳━━━━━━━━┳━━━━━━━━━━━━━━┳━━━━━━━━━━━━━━━━━┳━━━━━━━━━━━━━━┳━━━━━━━━━━━━━━━━━━┳━━━━━━━━━━━━━━━━━━━━━━━━┓
┃     Pair ┃ Trades ┃ Avg Profit % ┃ Tot Profit USDT ┃ Tot Profit % ┃     Avg Duration ┃  Win  Draw  Loss  Win% ┃
┡━━━━━━━━━━╇━━━━━━━━╇━━━━━━━━━━━━━━╇━━━━━━━━━━━━━━━━━╇━━━━━━━━━━━━━━╇━━━━━━━━━━━━━━━━━━╇━━━━━━━━━━━━━━━━━━━━━━━━┩
│ XRP/USDT │      1 │         3.15 │           1.561 │         1.04 │         16:00:00 │    1     0     0   100 │
│ ETH/USDT │      1 │        -0.93 │          -0.461 │        -0.31 │ 2 days, 20:00:00 │    0     0     1     0 │
│    TOTAL │      2 │         1.11 │           1.100 │         0.73 │  1 day, 18:00:00 │    1     0     1  50.0 │
└──────────┴────────┴──────────────┴─────────────────┴──────────────┴──────────────────┴────────────────────────┘
                                                 ENTER TAG STATS                                                  
┏━━━━━━━━━━━┳━━━━━━━━━┳━━━━━━━━━━━━━━┳━━━━━━━━━━━━━━━━━┳━━━━━━━━━━━━━━┳━━━━━━━━━━━━━━━━━┳━━━━━━━━━━━━━━━━━━━━━━━━┓
┃ Enter Tag ┃ Entries ┃ Avg Profit % ┃ Tot Profit USDT ┃ Tot Profit % ┃    Avg Duration ┃  Win  Draw  Loss  Win% ┃
┡━━━━━━━━━━━╇━━━━━━━━━╇━━━━━━━━━━━━━━╇━━━━━━━━━━━━━━━━━╇━━━━━━━━━━━━━━╇━━━━━━━━━━━━━━━━━╇━━━━━━━━━━━━━━━━━━━━━━━━┩
│     OTHER │      13 │         0.03 │          -0.306 │         -0.2 │ 3 days, 5:14:00 │    5     0     8  38.5 │
│     TOTAL │      13 │         0.03 │          -0.306 │         -0.2 │ 3 days, 5:14:00 │    5     0     8  38.5 │
└───────────┴─────────┴──────────────┴─────────────────┴──────────────┴─────────────────┴────────────────────────┘
                                                 EXIT REASON STATS                                                 
┏━━━━━━━━━━━━━┳━━━━━━━┳━━━━━━━━━━━━━━┳━━━━━━━━━━━━━━━━━┳━━━━━━━━━━━━━━┳━━━━━━━━━━━━━━━━━━┳━━━━━━━━━━━━━━━━━━━━━━━━┓
┃ Exit Reason ┃ Exits ┃ Avg Profit % ┃ Tot Profit USDT ┃ Tot Profit % ┃     Avg Duration ┃  Win  Draw  Loss  Win% ┃
┡━━━━━━━━━━━━━╇━━━━━━━╇━━━━━━━━━━━━━━╇━━━━━━━━━━━━━━━━━╇━━━━━━━━━━━━━━╇━━━━━━━━━━━━━━━━━━╇━━━━━━━━━━━━━━━━━━━━━━━━┩
│  force_exit │     2 │         1.11 │           1.100 │         0.73 │  1 day, 18:00:00 │    1     0     1  50.0 │
│ exit_signal │    11 │        -0.17 │          -1.406 │        -0.94 │ 3 days, 11:38:00 │    4     0     7  36.4 │
│       TOTAL │    13 │         0.03 │          -0.306 │         -0.2 │  3 days, 5:14:00 │    5     0     8  38.5 │
└─────────────┴───────┴──────────────┴─────────────────┴──────────────┴──────────────────┴────────────────────────┘
                                                        MIXED TAG STATS                                                         
┏━━━━━━━━━━━┳━━━━━━━━━━━━━┳━━━━━━━━┳━━━━━━━━━━━━━━┳━━━━━━━━━━━━━━━━━┳━━━━━━━━━━━━━━┳━━━━━━━━━━━━━━━━━━┳━━━━━━━━━━━━━━━━━━━━━━━━┓
┃ Enter Tag ┃ Exit Reason ┃ Trades ┃ Avg Profit % ┃ Tot Profit USDT ┃ Tot Profit % ┃     Avg Duration ┃  Win  Draw  Loss  Win% ┃
┡━━━━━━━━━━━╇━━━━━━━━━━━━━╇━━━━━━━━╇━━━━━━━━━━━━━━╇━━━━━━━━━━━━━━━━━╇━━━━━━━━━━━━━━╇━━━━━━━━━━━━━━━━━━╇━━━━━━━━━━━━━━━━━━━━━━━━┩
│           │  force_exit │      2 │         1.11 │           1.100 │         0.73 │  1 day, 18:00:00 │    1     0     1  50.0 │
│           │ exit_signal │     11 │        -0.17 │          -1.406 │        -0.94 │ 3 days, 11:38:00 │    4     0     7  36.4 │
│     TOTAL │             │     13 │         0.03 │          -0.306 │         -0.2 │  3 days, 5:14:00 │    5     0     8  38.5 │
└───────────┴─────────────┴────────┴──────────────┴─────────────────┴──────────────┴──────────────────┴────────────────────────┘
                          SUMMARY METRICS                          
┏━━━━━━━━━━━━━━━━━━━━━━━━━━━━━━━┳━━━━━━━━━━━━━━━━━━━━━━━━━━━━━━━━━┓
┃ Metric                        ┃ Value                           ┃
┡━━━━━━━━━━━━━━━━━━━━━━━━━━━━━━━╇━━━━━━━━━━━━━━━━━━━━━━━━━━━━━━━━━┩
│ Backtesting from              │ 2025-04-22 00:00:00             │
│ Backtesting to                │ 2026-04-17 00:00:00             │
│ Trading Mode                  │ Spot                            │
│ Max open trades               │ 3                               │
│                               │                                 │
│ Total/Daily Avg Trades        │ 13 / 0.04                       │
│ Starting balance              │ 150 USDT                        │
│ Final balance                 │ 149.694 USDT                    │
│ Absolute profit               │ -0.306 USDT                     │
│ Total profit %                │ -0.20%                          │
│ CAGR %                        │ -0.21%                          │
│ Sortino                       │ -0.01                           │
│ Sharpe                        │ -0.01                           │
│ Calmar                        │ -0.20                           │
│ SQN                           │ -0.03                           │
│ Profit factor                 │ 0.98                            │
│ Expectancy (Ratio)            │ -0.02 (-0.01)                   │
│ Avg. daily profit             │ -0.001 USDT                     │
│ Avg. stake amount             │ 50.106 USDT                     │
│ Total trade volume            │ 1305.065 USDT                   │
│                               │                                 │
│ Best Pair                     │ XRP/USDT 4.59%                  │
│ Worst Pair                    │ ETH/USDT -7.93%                 │
│ Best trade                    │ XRP/USDT 11.54%                 │
│ Worst trade                   │ ETH/USDT -7.67%                 │
│ Best day                      │ 10.514 USDT                     │
│ Worst day                     │ -3.986 USDT                     │
│ Days win/draw/lose            │ 3 / 124 / 6                     │
│ Min/Max/Avg. Duration Winners │ 0d 16:00 / 11d 00:00 / 5d 09:36 │
│ Min/Max/Avg. Duration Losers  │ 0d 20:00 / 3d 16:00 / 1d 20:30  │
│ Max Consecutive Wins / Loss   │ 3 / 4                           │
│ Rejected Entry signals        │ 0                               │
│ Entry/Exit Timeouts           │ 0 / 0                           │
│                               │                                 │
│ Min balance                   │ 146.659 USDT                    │
│ Max balance                   │ 157.173 USDT                    │
│ Max % of account underwater   │ 5.46%                           │
│ Absolute drawdown             │ 8.579 USDT (5.46%)              │
│ Drawdown duration             │ 94 days 04:00:00                │
│ Profit at drawdown start      │ 7.173 USDT                      │
│ Profit at drawdown end        │ -1.406 USDT                     │
│ Drawdown start                │ 2026-01-08 16:00:00             │
│ Drawdown end                  │ 2026-04-12 20:00:00             │
│ Market change                 │ -9.22%                          │
└───────────────────────────────┴─────────────────────────────────┘

Backtested 2025-04-22 00:00:00 -> 2026-04-17 00:00:00 | Max open trades : 3
                                                          STRATEGY SUMMARY                                                          
┏━━━━━━━━━━┳━━━━━━━━┳━━━━━━━━━━━━━━┳━━━━━━━━━━━━━━━━━┳━━━━━━━━━━━━━━┳━━━━━━━━━━━━━━━━━┳━━━━━━━━━━━━━━━━━━━━━━━━┳━━━━━━━━━━━━━━━━━━━┓
┃ Strategy ┃ Trades ┃ Avg Profit % ┃ Tot Profit USDT ┃ Tot Profit % ┃    Avg Duration ┃  Win  Draw  Loss  Win% ┃          Drawdown ┃
┡━━━━━━━━━━╇━━━━━━━━╇━━━━━━━━━━━━━━╇━━━━━━━━━━━━━━━━━╇━━━━━━━━━━━━━━╇━━━━━━━━━━━━━━━━━╇━━━━━━━━━━━━━━━━━━━━━━━━╇━━━━━━━━━━━━━━━━━━━┩
│      yes │     13 │         0.03 │          -0.306 │         -0.2 │ 3 days, 5:14:00 │    5     0     8  38.5 │ 8.579 USDT  5.46% │
└──────────┴────────┴──────────────┴─────────────────┴──────────────┴─────────────────┴────────────────────────┴───────────────────┘