2026-04-25 21:46:29,521 - freqtrade - INFO - freqtrade 2026.3
2026-04-25 21:46:30,582 - freqtrade.configuration.load_config - INFO - Using config: /home/mohs/Desktop/ae/pyside6/user_data/config.json ...
2026-04-25 21:46:30,585 - freqtrade.loggers - INFO - Enabling colorized output.
2026-04-25 21:46:30,585 - freqtrade.loggers - INFO - Logfile configured
2026-04-25 21:46:30,585 - freqtrade.loggers - INFO - Verbosity set to 0
2026-04-25 21:46:30,585 - freqtrade.configuration.configuration - INFO - Using additional Strategy lookup path: 
/home/mohs/Desktop/ae/pyside6/user_data/optimizer/sessions/cc004eff-0936-4112-8326-b124d8af6fd9/trial_026/strategy_dir
2026-04-25 21:46:30,586 - freqtrade.configuration.configuration - WARNING - `force_entry_enable` RPC message enabled.
2026-04-25 21:46:30,586 - freqtrade.configuration.configuration - INFO - Parameter -i/--timeframe detected ... Using timeframe: 5m ...
2026-04-25 21:46:30,586 - freqtrade.configuration.configuration - INFO - Parameter --max-open-trades detected, overriding max_open_trades to: 3 ...
2026-04-25 21:46:30,587 - freqtrade.configuration.configuration - INFO - Parameter --dry-run-wallet detected, overriding dry_run_wallet to: 150.0 ...
2026-04-25 21:46:30,587 - freqtrade.configuration.configuration - INFO - Parameter --timerange detected: 20250422-20260417 ...
2026-04-25 21:46:30,587 - freqtrade.configuration.configuration - INFO - Using user-data directory: /home/mohs/Desktop/ae/pyside6/user_data ...
2026-04-25 21:46:30,587 - freqtrade.configuration.configuration - INFO - Using data directory: /home/mohs/Desktop/ae/pyside6/user_data/data/binance ...
2026-04-25 21:46:30,588 - freqtrade.configuration.configuration - INFO - Parameter --export detected: trades ...
2026-04-25 21:46:30,588 - freqtrade.configuration.configuration - INFO - Parameter --cache=day detected ...
2026-04-25 21:46:30,588 - freqtrade.configuration.configuration - INFO - Using pairs ['XRP/USDT', 'ETH/USDT', 'HOME/USDT']
2026-04-25 21:46:30,589 - freqtrade.configuration.configuration - INFO - Filter trades by timerange: 20250422-20260417
2026-04-25 21:46:30,589 - freqtrade.exchange.check_exchange - INFO - Checking exchange...
2026-04-25 21:46:30,595 - freqtrade.exchange.check_exchange - INFO - Exchange "binance" is officially supported by the Freqtrade development team.
2026-04-25 21:46:30,595 - freqtrade.configuration.config_validation - INFO - Validating configuration ...
2026-04-25 21:46:30,597 - freqtrade.commands.optimize_commands - INFO - Starting freqtrade in Backtesting mode
2026-04-25 21:46:30,598 - freqtrade.exchange.exchange - INFO - Instance is running with dry_run enabled
2026-04-25 21:46:30,598 - freqtrade.exchange.exchange - INFO - Using CCXT 4.5.50
2026-04-25 21:46:30,598 - freqtrade.exchange.exchange - INFO - Applying additional ccxt config: {'enableRateLimit': True, 'timeout': 120000}
2026-04-25 21:46:30,604 - freqtrade.exchange.exchange - INFO - Applying additional ccxt config: {'enableRateLimit': True, 'timeout': 120000}
2026-04-25 21:46:30,610 - freqtrade.exchange.exchange - INFO - Using Exchange "Binance"
2026-04-25 21:46:31,774 - freqtrade.resolvers.exchange_resolver - INFO - Using resolved exchange 'Binance'...
2026-04-25 21:46:31,782 - freqtrade.resolvers.iresolver - INFO - Using resolved strategy yes from 
'/home/mohs/Desktop/ae/pyside6/user_data/optimizer/sessions/cc004eff-0936-4112-8326-b124d8af6fd9/trial_026/strategy_dir/yes.py'...
2026-04-25 21:46:31,783 - freqtrade.strategy.hyper - INFO - Loading parameters from file 
/home/mohs/Desktop/ae/pyside6/user_data/optimizer/sessions/cc004eff-0936-4112-8326-b124d8af6fd9/trial_026/strategy_dir/yes.json
2026-04-25 21:46:31,783 - freqtrade.resolvers.strategy_resolver - INFO - Override strategy 'timeframe' with value from the configuration: 5m.
2026-04-25 21:46:31,783 - freqtrade.resolvers.strategy_resolver - INFO - Override strategy 'stake_currency' with value from the configuration: USDT.
2026-04-25 21:46:31,784 - freqtrade.resolvers.strategy_resolver - INFO - Override strategy 'stake_amount' with value from the configuration: unlimited.
2026-04-25 21:46:31,784 - freqtrade.resolvers.strategy_resolver - INFO - Override strategy 'use_exit_signal' with value from the configuration: True.
2026-04-25 21:46:31,784 - freqtrade.resolvers.strategy_resolver - INFO - Override strategy 'max_open_trades' with value from the configuration: 3.
2026-04-25 21:46:31,784 - freqtrade.resolvers.strategy_resolver - INFO - Strategy using minimal_roi: {'0': 0.35168232348058037, '13': 1.1901262650020656, '146': 0.01400657512246637, '38': 
0.3549006461043708}
2026-04-25 21:46:31,785 - freqtrade.resolvers.strategy_resolver - INFO - Strategy using timeframe: 5m
2026-04-25 21:46:31,785 - freqtrade.resolvers.strategy_resolver - INFO - Strategy using stoploss: -0.5746087049738859
2026-04-25 21:46:31,785 - freqtrade.resolvers.strategy_resolver - INFO - Strategy using trailing_stop: False
2026-04-25 21:46:31,785 - freqtrade.resolvers.strategy_resolver - INFO - Strategy using trailing_stop_positive: 0.0974917496625723
2026-04-25 21:46:31,786 - freqtrade.resolvers.strategy_resolver - INFO - Strategy using trailing_stop_positive_offset: 0.1434079613248013
2026-04-25 21:46:31,786 - freqtrade.resolvers.strategy_resolver - INFO - Strategy using trailing_only_offset_is_reached: True
2026-04-25 21:46:31,786 - freqtrade.resolvers.strategy_resolver - INFO - Strategy using use_custom_stoploss: False
2026-04-25 21:46:31,786 - freqtrade.resolvers.strategy_resolver - INFO - Strategy using process_only_new_candles: True
2026-04-25 21:46:31,787 - freqtrade.resolvers.strategy_resolver - INFO - Strategy using order_types: {'entry': 'limit', 'exit': 'limit', 'stoploss': 'limit', 'stoploss_on_exchange': False, 
'stoploss_on_exchange_interval': 60}
2026-04-25 21:46:31,787 - freqtrade.resolvers.strategy_resolver - INFO - Strategy using order_time_in_force: {'entry': 'GTC', 'exit': 'GTC'}
2026-04-25 21:46:31,787 - freqtrade.resolvers.strategy_resolver - INFO - Strategy using stake_currency: USDT
2026-04-25 21:46:31,787 - freqtrade.resolvers.strategy_resolver - INFO - Strategy using stake_amount: unlimited
2026-04-25 21:46:31,788 - freqtrade.resolvers.strategy_resolver - INFO - Strategy using startup_candle_count: 0
2026-04-25 21:46:31,788 - freqtrade.resolvers.strategy_resolver - INFO - Strategy using use_exit_signal: True
2026-04-25 21:46:31,788 - freqtrade.resolvers.strategy_resolver - INFO - Strategy using exit_profit_only: False
2026-04-25 21:46:31,788 - freqtrade.resolvers.strategy_resolver - INFO - Strategy using ignore_roi_if_entry_signal: False
2026-04-25 21:46:31,789 - freqtrade.resolvers.strategy_resolver - INFO - Strategy using exit_profit_offset: 0.0
2026-04-25 21:46:31,789 - freqtrade.resolvers.strategy_resolver - INFO - Strategy using disable_dataframe_checks: False
2026-04-25 21:46:31,789 - freqtrade.resolvers.strategy_resolver - INFO - Strategy using ignore_buying_expired_candle_after: 0
2026-04-25 21:46:31,789 - freqtrade.resolvers.strategy_resolver - INFO - Strategy using position_adjustment_enable: False
2026-04-25 21:46:31,789 - freqtrade.resolvers.strategy_resolver - INFO - Strategy using max_entry_position_adjustment: -1
2026-04-25 21:46:31,790 - freqtrade.resolvers.strategy_resolver - INFO - Strategy using max_open_trades: 3
2026-04-25 21:46:31,790 - freqtrade.configuration.config_validation - INFO - Validating configuration ...
2026-04-25 21:46:31,794 - freqtrade.resolvers.iresolver - INFO - Using resolved pairlist StaticPairList from 
'/home/mohs/Desktop/ae/pyside6/.venv/lib/python3.12/site-packages/freqtrade/plugins/pairlist/StaticPairList.py'...
2026-04-25 21:46:31,806 - freqtrade.optimize.backtesting - INFO - Using fee 0.1000% - worst case fee from exchange (lowest tier).
2026-04-25 21:46:31,946 - freqtrade.data.history.datahandlers.idatahandler - WARNING - XRP/USDT, spot, 5m, data ends at 2026-04-11 01:45:00
2026-04-25 21:46:32,343 - freqtrade.data.history.datahandlers.idatahandler - WARNING - HOME/USDT, spot, 5m, data starts at 2025-06-12 15:00:00
2026-04-25 21:46:32,373 - freqtrade.optimize.backtesting - INFO - Loading data from 2025-04-22 00:00:00 up to 2026-04-17 00:00:00 (360 days).
2026-04-25 21:46:34,426 - freqtrade.optimize.backtesting - INFO - Dataload complete. Calculating indicators
2026-04-25 21:46:34,431 - freqtrade.optimize.backtesting - INFO - Running backtesting for Strategy yes
2026-04-25 21:46:34,432 - freqtrade.strategy.hyper - INFO - Strategy Parameter: buy_ma_count = 12
2026-04-25 21:46:34,432 - freqtrade.strategy.hyper - INFO - Strategy Parameter: buy_ma_gap = 27
2026-04-25 21:46:34,432 - freqtrade.strategy.hyper - INFO - Strategy Parameter: sell_ma_count = 13
2026-04-25 21:46:34,433 - freqtrade.strategy.hyper - INFO - Strategy Parameter: sell_ma_gap = 37
2026-04-25 21:46:34,699 - freqtrade.optimize.backtesting - INFO - Backtesting with data from 2025-04-22 00:00:00 up to 2026-04-17 00:00:00 (360 days).
/home/mohs/Desktop/ae/pyside6/.venv/lib/python3.12/site-packages/freqtrade/data/metrics.py:77: FutureWarning: The default fill_method='pad' in DataFrame.pct_change is deprecated and will be removed in a future version. Either fill in any non-leading NA values prior to calling pct_change or specify 'fill_method=None' to not fill NA values.
  rel_mean = df_comb.pct_change().mean(axis=1).fillna(0).cumsum()
2026-04-25 21:46:38,373 - freqtrade.misc - INFO - dumping json to "/home/mohs/Desktop/ae/pyside6/user_data/backtest_results/backtest-result-2026-04-25_21-46-38.meta.json"
Result for strategy yes
                                              BACKTESTING REPORT                                              
┏━━━━━━━━━━━┳━━━━━━━━┳━━━━━━━━━━━━━━┳━━━━━━━━━━━━━━━━━┳━━━━━━━━━━━━━━┳━━━━━━━━━━━━━━┳━━━━━━━━━━━━━━━━━━━━━━━━┓
┃      Pair ┃ Trades ┃ Avg Profit % ┃ Tot Profit USDT ┃ Tot Profit % ┃ Avg Duration ┃  Win  Draw  Loss  Win% ┃
┡━━━━━━━━━━━╇━━━━━━━━╇━━━━━━━━━━━━━━╇━━━━━━━━━━━━━━━━━╇━━━━━━━━━━━━━━╇━━━━━━━━━━━━━━╇━━━━━━━━━━━━━━━━━━━━━━━━┩
│  ETH/USDT │    269 │        -0.04 │          -4.477 │        -2.98 │      1:47:00 │   92     0   177  34.2 │
│  XRP/USDT │    275 │        -0.14 │         -15.483 │       -10.32 │      1:40:00 │   83     0   192  30.2 │
│ HOME/USDT │    259 │        -0.33 │         -34.877 │       -23.25 │      1:35:00 │   68     0   191  26.3 │
│     TOTAL │    803 │        -0.17 │         -54.837 │       -36.56 │      1:41:00 │  243     0   560  30.3 │
└───────────┴────────┴──────────────┴─────────────────┴──────────────┴──────────────┴────────────────────────┘
                                         LEFT OPEN TRADES REPORT                                          
┏━━━━━━━┳━━━━━━━━┳━━━━━━━━━━━━━━┳━━━━━━━━━━━━━━━━━┳━━━━━━━━━━━━━━┳━━━━━━━━━━━━━━┳━━━━━━━━━━━━━━━━━━━━━━━━┓
┃  Pair ┃ Trades ┃ Avg Profit % ┃ Tot Profit USDT ┃ Tot Profit % ┃ Avg Duration ┃  Win  Draw  Loss  Win% ┃
┡━━━━━━━╇━━━━━━━━╇━━━━━━━━━━━━━━╇━━━━━━━━━━━━━━━━━╇━━━━━━━━━━━━━━╇━━━━━━━━━━━━━━╇━━━━━━━━━━━━━━━━━━━━━━━━┩
│ TOTAL │      0 │          0.0 │           0.000 │          0.0 │         0:00 │    0     0     0     0 │
└───────┴────────┴──────────────┴─────────────────┴──────────────┴──────────────┴────────────────────────┘
                                                ENTER TAG STATS                                                
┏━━━━━━━━━━━┳━━━━━━━━━┳━━━━━━━━━━━━━━┳━━━━━━━━━━━━━━━━━┳━━━━━━━━━━━━━━┳━━━━━━━━━━━━━━┳━━━━━━━━━━━━━━━━━━━━━━━━┓
┃ Enter Tag ┃ Entries ┃ Avg Profit % ┃ Tot Profit USDT ┃ Tot Profit % ┃ Avg Duration ┃  Win  Draw  Loss  Win% ┃
┡━━━━━━━━━━━╇━━━━━━━━━╇━━━━━━━━━━━━━━╇━━━━━━━━━━━━━━━━━╇━━━━━━━━━━━━━━╇━━━━━━━━━━━━━━╇━━━━━━━━━━━━━━━━━━━━━━━━┩
│     OTHER │     803 │        -0.17 │         -54.837 │       -36.56 │      1:41:00 │  243     0   560  30.3 │
│     TOTAL │     803 │        -0.17 │         -54.837 │       -36.56 │      1:41:00 │  243     0   560  30.3 │
└───────────┴─────────┴──────────────┴─────────────────┴──────────────┴──────────────┴────────────────────────┘
                                               EXIT REASON STATS                                               
┏━━━━━━━━━━━━━┳━━━━━━━┳━━━━━━━━━━━━━━┳━━━━━━━━━━━━━━━━━┳━━━━━━━━━━━━━━┳━━━━━━━━━━━━━━┳━━━━━━━━━━━━━━━━━━━━━━━━┓
┃ Exit Reason ┃ Exits ┃ Avg Profit % ┃ Tot Profit USDT ┃ Tot Profit % ┃ Avg Duration ┃  Win  Draw  Loss  Win% ┃
┡━━━━━━━━━━━━━╇━━━━━━━╇━━━━━━━━━━━━━━╇━━━━━━━━━━━━━━━━━╇━━━━━━━━━━━━━━╇━━━━━━━━━━━━━━╇━━━━━━━━━━━━━━━━━━━━━━━━┩
│         roi │    90 │         2.59 │          94.206 │         62.8 │      2:36:00 │   90     0     0   100 │
│ exit_signal │   713 │        -0.51 │        -149.043 │       -99.36 │      1:34:00 │  153     0   560  21.5 │
│       TOTAL │   803 │        -0.17 │         -54.837 │       -36.56 │      1:41:00 │  243     0   560  30.3 │
└─────────────┴───────┴──────────────┴─────────────────┴──────────────┴──────────────┴────────────────────────┘
                                                      MIXED TAG STATS                                                       
┏━━━━━━━━━━━┳━━━━━━━━━━━━━┳━━━━━━━━┳━━━━━━━━━━━━━━┳━━━━━━━━━━━━━━━━━┳━━━━━━━━━━━━━━┳━━━━━━━━━━━━━━┳━━━━━━━━━━━━━━━━━━━━━━━━┓
┃ Enter Tag ┃ Exit Reason ┃ Trades ┃ Avg Profit % ┃ Tot Profit USDT ┃ Tot Profit % ┃ Avg Duration ┃  Win  Draw  Loss  Win% ┃
┡━━━━━━━━━━━╇━━━━━━━━━━━━━╇━━━━━━━━╇━━━━━━━━━━━━━━╇━━━━━━━━━━━━━━━━━╇━━━━━━━━━━━━━━╇━━━━━━━━━━━━━━╇━━━━━━━━━━━━━━━━━━━━━━━━┩
│           │         roi │     90 │         2.59 │          94.206 │         62.8 │      2:36:00 │   90     0     0   100 │
│           │ exit_signal │    713 │        -0.51 │        -149.043 │       -99.36 │      1:34:00 │  153     0   560  21.5 │
│     TOTAL │             │    803 │        -0.17 │         -54.837 │       -36.56 │      1:41:00 │  243     0   560  30.3 │
└───────────┴─────────────┴────────┴──────────────┴─────────────────┴──────────────┴──────────────┴────────────────────────┘
                         SUMMARY METRICS                          
┏━━━━━━━━━━━━━━━━━━━━━━━━━━━━━━━┳━━━━━━━━━━━━━━━━━━━━━━━━━━━━━━━━┓
┃ Metric                        ┃ Value                          ┃
┡━━━━━━━━━━━━━━━━━━━━━━━━━━━━━━━╇━━━━━━━━━━━━━━━━━━━━━━━━━━━━━━━━┩
│ Backtesting from              │ 2025-04-22 00:00:00            │
│ Backtesting to                │ 2026-04-17 00:00:00            │
│ Trading Mode                  │ Spot                           │
│ Max open trades               │ 3                              │
│                               │                                │
│ Total/Daily Avg Trades        │ 803 / 2.23                     │
│ Starting balance              │ 150 USDT                       │
│ Final balance                 │ 95.163 USDT                    │
│ Absolute profit               │ -54.837 USDT                   │
│ Total profit %                │ -36.56%                        │
│ CAGR %                        │ -36.96%                        │
│ Sortino                       │ -8.27                          │
│ Sharpe                        │ -4.97                          │
│ Calmar                        │ -5.26                          │
│ SQN                           │ -3.30                          │
│ Profit factor                 │ 0.70                           │
│ Expectancy (Ratio)            │ -0.07 (-0.21)                  │
│ Avg. daily profit             │ -0.152 USDT                    │
│ Avg. stake amount             │ 40.652 USDT                    │
│ Total trade volume            │ 65362.565 USDT                 │
│                               │                                │
│ Best Pair                     │ ETH/USDT -2.98%                │
│ Worst Pair                    │ HOME/USDT -23.25%              │
│ Best trade                    │ HOME/USDT 8.69%                │
│ Worst trade                   │ XRP/USDT -7.77%                │
│ Best day                      │ 5.697 USDT                     │
│ Worst day                     │ -3.782 USDT                    │
│ Days win/draw/lose            │ 78 / 102 / 177                 │
│ Min/Max/Avg. Duration Winners │ 0d 00:45 / 0d 05:45 / 0d 02:26 │
│ Min/Max/Avg. Duration Losers  │ 0d 00:05 / 0d 03:45 / 0d 01:21 │
│ Max Consecutive Wins / Loss   │ 6 / 14                         │
│ Rejected Entry signals        │ 0                              │
│ Entry/Exit Timeouts           │ 0 / 0                          │
│                               │                                │
│ Min balance                   │ 94.696 USDT                    │
│ Max balance                   │ 149.748 USDT                   │
│ Max % of account underwater   │ 36.87%                         │
│ Absolute drawdown             │ 55.304 USDT (36.87%)           │
│ Drawdown duration             │ 353 days 08:10:00              │
│ Profit at drawdown start      │ 0 USDT                         │
│ Profit at drawdown end        │ -55.304 USDT                   │
│ Drawdown start                │ 2025-04-25 12:55:00            │
│ Drawdown end                  │ 2026-04-13 21:05:00            │
│ Market change                 │ -10.52%                        │
└───────────────────────────────┴────────────────────────────────┘

Backtested 2025-04-22 00:00:00 -> 2026-04-17 00:00:00 | Max open trades : 3
                                                         STRATEGY SUMMARY                                                          
┏━━━━━━━━━━┳━━━━━━━━┳━━━━━━━━━━━━━━┳━━━━━━━━━━━━━━━━━┳━━━━━━━━━━━━━━┳━━━━━━━━━━━━━━┳━━━━━━━━━━━━━━━━━━━━━━━━┳━━━━━━━━━━━━━━━━━━━━━┓
┃ Strategy ┃ Trades ┃ Avg Profit % ┃ Tot Profit USDT ┃ Tot Profit % ┃ Avg Duration ┃  Win  Draw  Loss  Win% ┃            Drawdown ┃
┡━━━━━━━━━━╇━━━━━━━━╇━━━━━━━━━━━━━━╇━━━━━━━━━━━━━━━━━╇━━━━━━━━━━━━━━╇━━━━━━━━━━━━━━╇━━━━━━━━━━━━━━━━━━━━━━━━╇━━━━━━━━━━━━━━━━━━━━━┩
│      yes │    803 │        -0.17 │         -54.837 │       -36.56 │      1:41:00 │  243     0   560  30.3 │ 55.304 USDT  36.87% │
└──────────┴────────┴──────────────┴─────────────────┴──────────────┴──────────────┴────────────────────────┴─────────────────────┘