2026-04-25 22:09:40,632 - freqtrade - INFO - freqtrade 2026.3
2026-04-25 22:09:41,670 - freqtrade.configuration.load_config - INFO - Using config: /home/mohs/Desktop/ae/pyside6/user_data/config.json ...
2026-04-25 22:09:41,673 - freqtrade.loggers - INFO - Enabling colorized output.
2026-04-25 22:09:41,673 - freqtrade.loggers - INFO - Logfile configured
2026-04-25 22:09:41,673 - freqtrade.loggers - INFO - Verbosity set to 0
2026-04-25 22:09:41,673 - freqtrade.configuration.configuration - INFO - Using additional Strategy lookup path: 
/home/mohs/Desktop/ae/pyside6/user_data/optimizer/sessions/cc8d7aa3-4a01-4b96-b398-01484bd54a80/trial_091/strategy_dir
2026-04-25 22:09:41,674 - freqtrade.configuration.configuration - WARNING - `force_entry_enable` RPC message enabled.
2026-04-25 22:09:41,674 - freqtrade.configuration.configuration - INFO - Parameter -i/--timeframe detected ... Using timeframe: 5m ...
2026-04-25 22:09:41,674 - freqtrade.configuration.configuration - INFO - Parameter --max-open-trades detected, overriding max_open_trades to: 3 ...
2026-04-25 22:09:41,675 - freqtrade.configuration.configuration - INFO - Parameter --dry-run-wallet detected, overriding dry_run_wallet to: 150.0 ...
2026-04-25 22:09:41,675 - freqtrade.configuration.configuration - INFO - Parameter --timerange detected: 20250422-20260417 ...
2026-04-25 22:09:41,675 - freqtrade.configuration.configuration - INFO - Using user-data directory: /home/mohs/Desktop/ae/pyside6/user_data ...
2026-04-25 22:09:41,676 - freqtrade.configuration.configuration - INFO - Using data directory: /home/mohs/Desktop/ae/pyside6/user_data/data/binance ...
2026-04-25 22:09:41,676 - freqtrade.configuration.configuration - INFO - Parameter --export detected: trades ...
2026-04-25 22:09:41,676 - freqtrade.configuration.configuration - INFO - Parameter --cache=day detected ...
2026-04-25 22:09:41,676 - freqtrade.configuration.configuration - INFO - Using pairs ['XRP/USDT', 'ETH/USDT', 'HOME/USDT']
2026-04-25 22:09:41,677 - freqtrade.configuration.configuration - INFO - Filter trades by timerange: 20250422-20260417
2026-04-25 22:09:41,677 - freqtrade.exchange.check_exchange - INFO - Checking exchange...
2026-04-25 22:09:41,683 - freqtrade.exchange.check_exchange - INFO - Exchange "binance" is officially supported by the Freqtrade development team.
2026-04-25 22:09:41,684 - freqtrade.configuration.config_validation - INFO - Validating configuration ...
2026-04-25 22:09:41,686 - freqtrade.commands.optimize_commands - INFO - Starting freqtrade in Backtesting mode
2026-04-25 22:09:41,686 - freqtrade.exchange.exchange - INFO - Instance is running with dry_run enabled
2026-04-25 22:09:41,686 - freqtrade.exchange.exchange - INFO - Using CCXT 4.5.50
2026-04-25 22:09:41,687 - freqtrade.exchange.exchange - INFO - Applying additional ccxt config: {'enableRateLimit': True, 'timeout': 120000}
2026-04-25 22:09:41,692 - freqtrade.exchange.exchange - INFO - Applying additional ccxt config: {'enableRateLimit': True, 'timeout': 120000}
2026-04-25 22:09:41,697 - freqtrade.exchange.exchange - INFO - Using Exchange "Binance"
2026-04-25 22:09:43,455 - freqtrade.resolvers.exchange_resolver - INFO - Using resolved exchange 'Binance'...
2026-04-25 22:09:43,462 - freqtrade.resolvers.iresolver - INFO - Using resolved strategy yes from 
'/home/mohs/Desktop/ae/pyside6/user_data/optimizer/sessions/cc8d7aa3-4a01-4b96-b398-01484bd54a80/trial_091/strategy_dir/yes.py'...
2026-04-25 22:09:43,463 - freqtrade.strategy.hyper - INFO - Loading parameters from file 
/home/mohs/Desktop/ae/pyside6/user_data/optimizer/sessions/cc8d7aa3-4a01-4b96-b398-01484bd54a80/trial_091/strategy_dir/yes.json
2026-04-25 22:09:43,463 - freqtrade.resolvers.strategy_resolver - INFO - Override strategy 'timeframe' with value from the configuration: 5m.
2026-04-25 22:09:43,464 - freqtrade.resolvers.strategy_resolver - INFO - Override strategy 'stake_currency' with value from the configuration: USDT.
2026-04-25 22:09:43,464 - freqtrade.resolvers.strategy_resolver - INFO - Override strategy 'stake_amount' with value from the configuration: unlimited.
2026-04-25 22:09:43,464 - freqtrade.resolvers.strategy_resolver - INFO - Override strategy 'use_exit_signal' with value from the configuration: True.
2026-04-25 22:09:43,464 - freqtrade.resolvers.strategy_resolver - INFO - Override strategy 'max_open_trades' with value from the configuration: 3.
2026-04-25 22:09:43,465 - freqtrade.resolvers.strategy_resolver - INFO - Strategy using minimal_roi: {'0': 1.6711915475854888, '13': 1.3540513442907929, '146': 0.1907571258692461, '38': 
0.2332924728195067}
2026-04-25 22:09:43,465 - freqtrade.resolvers.strategy_resolver - INFO - Strategy using timeframe: 5m
2026-04-25 22:09:43,465 - freqtrade.resolvers.strategy_resolver - INFO - Strategy using stoploss: -0.33979147564603784
2026-04-25 22:09:43,465 - freqtrade.resolvers.strategy_resolver - INFO - Strategy using trailing_stop: False
2026-04-25 22:09:43,466 - freqtrade.resolvers.strategy_resolver - INFO - Strategy using trailing_stop_positive: 0.21269433781645597
2026-04-25 22:09:43,466 - freqtrade.resolvers.strategy_resolver - INFO - Strategy using trailing_stop_positive_offset: 0.08909657567950255
2026-04-25 22:09:43,466 - freqtrade.resolvers.strategy_resolver - INFO - Strategy using trailing_only_offset_is_reached: False
2026-04-25 22:09:43,467 - freqtrade.resolvers.strategy_resolver - INFO - Strategy using use_custom_stoploss: False
2026-04-25 22:09:43,467 - freqtrade.resolvers.strategy_resolver - INFO - Strategy using process_only_new_candles: True
2026-04-25 22:09:43,467 - freqtrade.resolvers.strategy_resolver - INFO - Strategy using order_types: {'entry': 'limit', 'exit': 'limit', 'stoploss': 'limit', 'stoploss_on_exchange': False, 
'stoploss_on_exchange_interval': 60}
2026-04-25 22:09:43,467 - freqtrade.resolvers.strategy_resolver - INFO - Strategy using order_time_in_force: {'entry': 'GTC', 'exit': 'GTC'}
2026-04-25 22:09:43,468 - freqtrade.resolvers.strategy_resolver - INFO - Strategy using stake_currency: USDT
2026-04-25 22:09:43,468 - freqtrade.resolvers.strategy_resolver - INFO - Strategy using stake_amount: unlimited
2026-04-25 22:09:43,468 - freqtrade.resolvers.strategy_resolver - INFO - Strategy using startup_candle_count: 0
2026-04-25 22:09:43,468 - freqtrade.resolvers.strategy_resolver - INFO - Strategy using use_exit_signal: True
2026-04-25 22:09:43,469 - freqtrade.resolvers.strategy_resolver - INFO - Strategy using exit_profit_only: False
2026-04-25 22:09:43,469 - freqtrade.resolvers.strategy_resolver - INFO - Strategy using ignore_roi_if_entry_signal: False
2026-04-25 22:09:43,469 - freqtrade.resolvers.strategy_resolver - INFO - Strategy using exit_profit_offset: 0.0
2026-04-25 22:09:43,469 - freqtrade.resolvers.strategy_resolver - INFO - Strategy using disable_dataframe_checks: False
2026-04-25 22:09:43,470 - freqtrade.resolvers.strategy_resolver - INFO - Strategy using ignore_buying_expired_candle_after: 0
2026-04-25 22:09:43,470 - freqtrade.resolvers.strategy_resolver - INFO - Strategy using position_adjustment_enable: False
2026-04-25 22:09:43,470 - freqtrade.resolvers.strategy_resolver - INFO - Strategy using max_entry_position_adjustment: -1
2026-04-25 22:09:43,470 - freqtrade.resolvers.strategy_resolver - INFO - Strategy using max_open_trades: 3
2026-04-25 22:09:43,471 - freqtrade.configuration.config_validation - INFO - Validating configuration ...
2026-04-25 22:09:43,475 - freqtrade.resolvers.iresolver - INFO - Using resolved pairlist StaticPairList from 
'/home/mohs/Desktop/ae/pyside6/.venv/lib/python3.12/site-packages/freqtrade/plugins/pairlist/StaticPairList.py'...
2026-04-25 22:09:43,487 - freqtrade.optimize.backtesting - INFO - Using fee 0.1000% - worst case fee from exchange (lowest tier).
2026-04-25 22:09:43,626 - freqtrade.data.history.datahandlers.idatahandler - WARNING - XRP/USDT, spot, 5m, data ends at 2026-04-11 01:45:00
2026-04-25 22:09:44,023 - freqtrade.data.history.datahandlers.idatahandler - WARNING - HOME/USDT, spot, 5m, data starts at 2025-06-12 15:00:00
2026-04-25 22:09:44,052 - freqtrade.optimize.backtesting - INFO - Loading data from 2025-04-22 00:00:00 up to 2026-04-17 00:00:00 (360 days).
2026-04-25 22:09:46,100 - freqtrade.optimize.backtesting - INFO - Dataload complete. Calculating indicators
2026-04-25 22:09:46,106 - freqtrade.optimize.backtesting - INFO - Running backtesting for Strategy yes
2026-04-25 22:09:46,107 - freqtrade.strategy.hyper - INFO - Strategy Parameter: buy_ma_count = 3
2026-04-25 22:09:46,107 - freqtrade.strategy.hyper - INFO - Strategy Parameter: buy_ma_gap = 8
2026-04-25 22:09:46,107 - freqtrade.strategy.hyper - INFO - Strategy Parameter: sell_ma_count = 7
2026-04-25 22:09:46,108 - freqtrade.strategy.hyper - INFO - Strategy Parameter: sell_ma_gap = 37
2026-04-25 22:09:46,220 - freqtrade.optimize.backtesting - INFO - Backtesting with data from 2025-04-22 00:00:00 up to 2026-04-17 00:00:00 (360 days).
/home/mohs/Desktop/ae/pyside6/.venv/lib/python3.12/site-packages/freqtrade/data/metrics.py:77: FutureWarning: The default fill_method='pad' in DataFrame.pct_change is deprecated and will be removed in a future version. Either fill in any non-leading NA values prior to calling pct_change or specify 'fill_method=None' to not fill NA values.
  rel_mean = df_comb.pct_change().mean(axis=1).fillna(0).cumsum()
2026-04-25 22:09:51,024 - freqtrade.misc - INFO - dumping json to "/home/mohs/Desktop/ae/pyside6/user_data/backtest_results/backtest-result-2026-04-25_22-09-50.meta.json"
Result for strategy yes
                                              BACKTESTING REPORT                                              
┏━━━━━━━━━━━┳━━━━━━━━┳━━━━━━━━━━━━━━┳━━━━━━━━━━━━━━━━━┳━━━━━━━━━━━━━━┳━━━━━━━━━━━━━━┳━━━━━━━━━━━━━━━━━━━━━━━━┓
┃      Pair ┃ Trades ┃ Avg Profit % ┃ Tot Profit USDT ┃ Tot Profit % ┃ Avg Duration ┃  Win  Draw  Loss  Win% ┃
┡━━━━━━━━━━━╇━━━━━━━━╇━━━━━━━━━━━━━━╇━━━━━━━━━━━━━━━━━╇━━━━━━━━━━━━━━╇━━━━━━━━━━━━━━╇━━━━━━━━━━━━━━━━━━━━━━━━┩
│  ETH/USDT │    438 │         -0.1 │         -18.903 │        -12.6 │      2:02:00 │  138     0   300  31.5 │
│ HOME/USDT │    392 │        -0.14 │         -21.016 │       -14.01 │      1:57:00 │  110     0   282  28.1 │
│  XRP/USDT │    465 │        -0.11 │         -21.033 │       -14.02 │      1:55:00 │  130     0   335  28.0 │
│     TOTAL │   1295 │        -0.12 │         -60.951 │       -40.63 │      1:58:00 │  378     0   917  29.2 │
└───────────┴────────┴──────────────┴─────────────────┴──────────────┴──────────────┴────────────────────────┘
                                         LEFT OPEN TRADES REPORT                                          
┏━━━━━━━┳━━━━━━━━┳━━━━━━━━━━━━━━┳━━━━━━━━━━━━━━━━━┳━━━━━━━━━━━━━━┳━━━━━━━━━━━━━━┳━━━━━━━━━━━━━━━━━━━━━━━━┓
┃  Pair ┃ Trades ┃ Avg Profit % ┃ Tot Profit USDT ┃ Tot Profit % ┃ Avg Duration ┃  Win  Draw  Loss  Win% ┃
┡━━━━━━━╇━━━━━━━━╇━━━━━━━━━━━━━━╇━━━━━━━━━━━━━━━━━╇━━━━━━━━━━━━━━╇━━━━━━━━━━━━━━╇━━━━━━━━━━━━━━━━━━━━━━━━┩
│ TOTAL │      0 │          0.0 │           0.000 │          0.0 │         0:00 │    0     0     0     0 │
└───────┴────────┴──────────────┴─────────────────┴──────────────┴──────────────┴────────────────────────┘
                                                ENTER TAG STATS                                                
┏━━━━━━━━━━━┳━━━━━━━━━┳━━━━━━━━━━━━━━┳━━━━━━━━━━━━━━━━━┳━━━━━━━━━━━━━━┳━━━━━━━━━━━━━━┳━━━━━━━━━━━━━━━━━━━━━━━━┓
┃ Enter Tag ┃ Entries ┃ Avg Profit % ┃ Tot Profit USDT ┃ Tot Profit % ┃ Avg Duration ┃  Win  Draw  Loss  Win% ┃
┡━━━━━━━━━━━╇━━━━━━━━━╇━━━━━━━━━━━━━━╇━━━━━━━━━━━━━━━━━╇━━━━━━━━━━━━━━╇━━━━━━━━━━━━━━╇━━━━━━━━━━━━━━━━━━━━━━━━┩
│     OTHER │    1295 │        -0.12 │         -60.951 │       -40.63 │      1:58:00 │  378     0   917  29.2 │
│     TOTAL │    1295 │        -0.12 │         -60.951 │       -40.63 │      1:58:00 │  378     0   917  29.2 │
└───────────┴─────────┴──────────────┴─────────────────┴──────────────┴──────────────┴────────────────────────┘
                                               EXIT REASON STATS                                               
┏━━━━━━━━━━━━━┳━━━━━━━┳━━━━━━━━━━━━━━┳━━━━━━━━━━━━━━━━━┳━━━━━━━━━━━━━━┳━━━━━━━━━━━━━━┳━━━━━━━━━━━━━━━━━━━━━━━━┓
┃ Exit Reason ┃ Exits ┃ Avg Profit % ┃ Tot Profit USDT ┃ Tot Profit % ┃ Avg Duration ┃  Win  Draw  Loss  Win% ┃
┡━━━━━━━━━━━━━╇━━━━━━━╇━━━━━━━━━━━━━━╇━━━━━━━━━━━━━━━━━╇━━━━━━━━━━━━━━╇━━━━━━━━━━━━━━╇━━━━━━━━━━━━━━━━━━━━━━━━┩
│         roi │     1 │        23.35 │           9.989 │         6.66 │      1:40:00 │    1     0     0   100 │
│ exit_signal │  1294 │        -0.13 │         -70.940 │       -47.29 │      1:58:00 │  377     0   917  29.1 │
│       TOTAL │  1295 │        -0.12 │         -60.951 │       -40.63 │      1:58:00 │  378     0   917  29.2 │
└─────────────┴───────┴──────────────┴─────────────────┴──────────────┴──────────────┴────────────────────────┘
                                                      MIXED TAG STATS                                                       
┏━━━━━━━━━━━┳━━━━━━━━━━━━━┳━━━━━━━━┳━━━━━━━━━━━━━━┳━━━━━━━━━━━━━━━━━┳━━━━━━━━━━━━━━┳━━━━━━━━━━━━━━┳━━━━━━━━━━━━━━━━━━━━━━━━┓
┃ Enter Tag ┃ Exit Reason ┃ Trades ┃ Avg Profit % ┃ Tot Profit USDT ┃ Tot Profit % ┃ Avg Duration ┃  Win  Draw  Loss  Win% ┃
┡━━━━━━━━━━━╇━━━━━━━━━━━━━╇━━━━━━━━╇━━━━━━━━━━━━━━╇━━━━━━━━━━━━━━━━━╇━━━━━━━━━━━━━━╇━━━━━━━━━━━━━━╇━━━━━━━━━━━━━━━━━━━━━━━━┩
│           │         roi │      1 │        23.35 │           9.989 │         6.66 │      1:40:00 │    1     0     0   100 │
│           │ exit_signal │   1294 │        -0.13 │         -70.940 │       -47.29 │      1:58:00 │  377     0   917  29.1 │
│     TOTAL │             │   1295 │        -0.12 │         -60.951 │       -40.63 │      1:58:00 │  378     0   917  29.2 │
└───────────┴─────────────┴────────┴──────────────┴─────────────────┴──────────────┴──────────────┴────────────────────────┘
                         SUMMARY METRICS                          
┏━━━━━━━━━━━━━━━━━━━━━━━━━━━━━━━┳━━━━━━━━━━━━━━━━━━━━━━━━━━━━━━━━┓
┃ Metric                        ┃ Value                          ┃
┡━━━━━━━━━━━━━━━━━━━━━━━━━━━━━━━╇━━━━━━━━━━━━━━━━━━━━━━━━━━━━━━━━┩
│ Backtesting from              │ 2025-04-22 00:00:00            │
│ Backtesting to                │ 2026-04-17 00:00:00            │
│ Trading Mode                  │ Spot                           │
│ Max open trades               │ 3                              │
│                               │                                │
│ Total/Daily Avg Trades        │ 1295 / 3.6                     │
│ Starting balance              │ 150 USDT                       │
│ Final balance                 │ 89.049 USDT                    │
│ Absolute profit               │ -60.951 USDT                   │
│ Total profit %                │ -40.63%                        │
│ CAGR %                        │ -41.06%                        │
│ Sortino                       │ -8.74                          │
│ Sharpe                        │ -4.87                          │
│ Calmar                        │ -4.90                          │
│ SQN                           │ -2.55                          │
│ Profit factor                 │ 0.77                           │
│ Expectancy (Ratio)            │ -0.05 (-0.16)                  │
│ Avg. daily profit             │ -0.169 USDT                    │
│ Avg. stake amount             │ 37.77 USDT                     │
│ Total trade volume            │ 97958.854 USDT                 │
│                               │                                │
│ Best Pair                     │ ETH/USDT -12.60%               │
│ Worst Pair                    │ XRP/USDT -14.02%               │
│ Best trade                    │ HOME/USDT 23.35%               │
│ Worst trade                   │ HOME/USDT -17.75%              │
│ Best day                      │ 5.076 USDT                     │
│ Worst day                     │ -4.406 USDT                    │
│ Days win/draw/lose            │ 108 / 28 / 224                 │
│ Min/Max/Avg. Duration Winners │ 0d 00:55 / 0d 12:45 / 0d 03:14 │
│ Min/Max/Avg. Duration Losers  │ 0d 00:05 / 0d 13:05 / 0d 01:27 │
│ Max Consecutive Wins / Loss   │ 7 / 16                         │
│ Rejected Entry signals        │ 0                              │
│ Entry/Exit Timeouts           │ 0 / 0                          │
│                               │                                │
│ Min balance                   │ 87.604 USDT                    │
│ Max balance                   │ 156.559 USDT                   │
│ Max % of account underwater   │ 44.04%                         │
│ Absolute drawdown             │ 68.955 USDT (44.04%)           │
│ Drawdown duration             │ 349 days 22:55:00              │
│ Profit at drawdown start      │ 6.559 USDT                     │
│ Profit at drawdown end        │ -62.396 USDT                   │
│ Drawdown start                │ 2025-04-23 00:40:00            │
│ Drawdown end                  │ 2026-04-07 23:35:00            │
│ Market change                 │ -10.52%                        │
└───────────────────────────────┴────────────────────────────────┘

Backtested 2025-04-22 00:00:00 -> 2026-04-17 00:00:00 | Max open trades : 3
                                                         STRATEGY SUMMARY                                                          
┏━━━━━━━━━━┳━━━━━━━━┳━━━━━━━━━━━━━━┳━━━━━━━━━━━━━━━━━┳━━━━━━━━━━━━━━┳━━━━━━━━━━━━━━┳━━━━━━━━━━━━━━━━━━━━━━━━┳━━━━━━━━━━━━━━━━━━━━━┓
┃ Strategy ┃ Trades ┃ Avg Profit % ┃ Tot Profit USDT ┃ Tot Profit % ┃ Avg Duration ┃  Win  Draw  Loss  Win% ┃            Drawdown ┃
┡━━━━━━━━━━╇━━━━━━━━╇━━━━━━━━━━━━━━╇━━━━━━━━━━━━━━━━━╇━━━━━━━━━━━━━━╇━━━━━━━━━━━━━━╇━━━━━━━━━━━━━━━━━━━━━━━━╇━━━━━━━━━━━━━━━━━━━━━┩
│      yes │   1295 │        -0.12 │         -60.951 │       -40.63 │      1:58:00 │  378     0   917  29.2 │ 68.955 USDT  44.04% │
└──────────┴────────┴──────────────┴─────────────────┴──────────────┴──────────────┴────────────────────────┴─────────────────────┘