2026-04-25 05:33:27,040 - freqtrade - INFO - freqtrade 2026.3
2026-04-25 05:33:28,054 - freqtrade.configuration.load_config - INFO - Using config: /home/mohs/Desktop/ae/pyside6/user_data/config.json ...
2026-04-25 05:33:28,056 - freqtrade.loggers - INFO - Enabling colorized output.
2026-04-25 05:33:28,056 - freqtrade.loggers - INFO - Logfile configured
2026-04-25 05:33:28,056 - freqtrade.loggers - INFO - Verbosity set to 0
2026-04-25 05:33:28,057 - freqtrade.configuration.configuration - INFO - Using additional Strategy lookup path: 
/home/mohs/Desktop/ae/pyside6/user_data/optimizer/sessions/fc0416a6-5303-4aed-8235-e54dfe08959e/trial_024/strategy_dir
2026-04-25 05:33:28,057 - freqtrade.configuration.configuration - WARNING - `force_entry_enable` RPC message enabled.
2026-04-25 05:33:28,057 - freqtrade.configuration.configuration - INFO - Parameter -i/--timeframe detected ... Using timeframe: 5m ...
2026-04-25 05:33:28,058 - freqtrade.configuration.configuration - INFO - Parameter --max-open-trades detected, overriding max_open_trades to: 2 ...
2026-04-25 05:33:28,058 - freqtrade.configuration.configuration - INFO - Parameter --dry-run-wallet detected, overriding dry_run_wallet to: 80.0 ...
2026-04-25 05:33:28,058 - freqtrade.configuration.configuration - INFO - Parameter --timerange detected: 20250422-20260417 ...
2026-04-25 05:33:28,059 - freqtrade.configuration.configuration - INFO - Using user-data directory: /home/mohs/Desktop/ae/pyside6/user_data ...
2026-04-25 05:33:28,059 - freqtrade.configuration.configuration - INFO - Using data directory: /home/mohs/Desktop/ae/pyside6/user_data/data/binance ...
2026-04-25 05:33:28,059 - freqtrade.configuration.configuration - INFO - Parameter --export detected: trades ...
2026-04-25 05:33:28,059 - freqtrade.configuration.configuration - INFO - Parameter --cache=day detected ...
2026-04-25 05:33:28,060 - freqtrade.configuration.configuration - INFO - Using pairs ['ADA/USDT', 'ETH/USDT']
2026-04-25 05:33:28,060 - freqtrade.configuration.configuration - INFO - Filter trades by timerange: 20250422-20260417
2026-04-25 05:33:28,060 - freqtrade.exchange.check_exchange - INFO - Checking exchange...
2026-04-25 05:33:28,066 - freqtrade.exchange.check_exchange - INFO - Exchange "binance" is officially supported by the Freqtrade development team.
2026-04-25 05:33:28,067 - freqtrade.configuration.config_validation - INFO - Validating configuration ...
2026-04-25 05:33:28,069 - freqtrade.commands.optimize_commands - INFO - Starting freqtrade in Backtesting mode
2026-04-25 05:33:28,069 - freqtrade.exchange.exchange - INFO - Instance is running with dry_run enabled
2026-04-25 05:33:28,069 - freqtrade.exchange.exchange - INFO - Using CCXT 4.5.50
2026-04-25 05:33:28,070 - freqtrade.exchange.exchange - INFO - Applying additional ccxt config: {'enableRateLimit': True, 'timeout': 120000}
2026-04-25 05:33:28,076 - freqtrade.exchange.exchange - INFO - Applying additional ccxt config: {'enableRateLimit': True, 'timeout': 120000}
2026-04-25 05:33:28,084 - freqtrade.exchange.exchange - INFO - Using Exchange "Binance"
2026-04-25 05:33:29,672 - freqtrade.resolvers.exchange_resolver - INFO - Using resolved exchange 'Binance'...
2026-04-25 05:33:29,680 - freqtrade.resolvers.iresolver - INFO - Using resolved strategy MultiMeee from 
'/home/mohs/Desktop/ae/pyside6/user_data/optimizer/sessions/fc0416a6-5303-4aed-8235-e54dfe08959e/trial_024/strategy_dir/MultiMeee.py'...
2026-04-25 05:33:29,681 - freqtrade.strategy.hyper - INFO - Loading parameters from file 
/home/mohs/Desktop/ae/pyside6/user_data/optimizer/sessions/fc0416a6-5303-4aed-8235-e54dfe08959e/trial_024/strategy_dir/MultiMeee.json
2026-04-25 05:33:29,681 - freqtrade.resolvers.strategy_resolver - INFO - Override strategy 'timeframe' with value from the configuration: 5m.
2026-04-25 05:33:29,681 - freqtrade.resolvers.strategy_resolver - INFO - Override strategy 'stake_currency' with value from the configuration: USDT.
2026-04-25 05:33:29,682 - freqtrade.resolvers.strategy_resolver - INFO - Override strategy 'stake_amount' with value from the configuration: unlimited.
2026-04-25 05:33:29,682 - freqtrade.resolvers.strategy_resolver - INFO - Override strategy 'use_exit_signal' with value from the configuration: True.
2026-04-25 05:33:29,682 - freqtrade.resolvers.strategy_resolver - INFO - Override strategy 'max_open_trades' with value from the configuration: 2.
2026-04-25 05:33:29,683 - freqtrade.resolvers.strategy_resolver - INFO - Strategy using minimal_roi: {'0': 0.099, '13': 0.034, '146': 0, '38': 0.024}
2026-04-25 05:33:29,683 - freqtrade.resolvers.strategy_resolver - INFO - Strategy using timeframe: 5m
2026-04-25 05:33:29,683 - freqtrade.resolvers.strategy_resolver - INFO - Strategy using stoploss: -0.245
2026-04-25 05:33:29,683 - freqtrade.resolvers.strategy_resolver - INFO - Strategy using trailing_stop: True
2026-04-25 05:33:29,684 - freqtrade.resolvers.strategy_resolver - INFO - Strategy using trailing_stop_positive: 0.334
2026-04-25 05:33:29,684 - freqtrade.resolvers.strategy_resolver - INFO - Strategy using trailing_stop_positive_offset: 0.371
2026-04-25 05:33:29,684 - freqtrade.resolvers.strategy_resolver - INFO - Strategy using trailing_only_offset_is_reached: False
2026-04-25 05:33:29,684 - freqtrade.resolvers.strategy_resolver - INFO - Strategy using use_custom_stoploss: False
2026-04-25 05:33:29,685 - freqtrade.resolvers.strategy_resolver - INFO - Strategy using process_only_new_candles: True
2026-04-25 05:33:29,685 - freqtrade.resolvers.strategy_resolver - INFO - Strategy using order_types: {'entry': 'limit', 'exit': 'limit', 'stoploss': 'limit', 'stoploss_on_exchange': False, 
'stoploss_on_exchange_interval': 60}
2026-04-25 05:33:29,685 - freqtrade.resolvers.strategy_resolver - INFO - Strategy using order_time_in_force: {'entry': 'GTC', 'exit': 'GTC'}
2026-04-25 05:33:29,685 - freqtrade.resolvers.strategy_resolver - INFO - Strategy using stake_currency: USDT
2026-04-25 05:33:29,686 - freqtrade.resolvers.strategy_resolver - INFO - Strategy using stake_amount: unlimited
2026-04-25 05:33:29,686 - freqtrade.resolvers.strategy_resolver - INFO - Strategy using startup_candle_count: 0
2026-04-25 05:33:29,686 - freqtrade.resolvers.strategy_resolver - INFO - Strategy using use_exit_signal: True
2026-04-25 05:33:29,686 - freqtrade.resolvers.strategy_resolver - INFO - Strategy using exit_profit_only: False
2026-04-25 05:33:29,687 - freqtrade.resolvers.strategy_resolver - INFO - Strategy using ignore_roi_if_entry_signal: False
2026-04-25 05:33:29,687 - freqtrade.resolvers.strategy_resolver - INFO - Strategy using exit_profit_offset: 0.0
2026-04-25 05:33:29,687 - freqtrade.resolvers.strategy_resolver - INFO - Strategy using disable_dataframe_checks: False
2026-04-25 05:33:29,687 - freqtrade.resolvers.strategy_resolver - INFO - Strategy using ignore_buying_expired_candle_after: 0
2026-04-25 05:33:29,688 - freqtrade.resolvers.strategy_resolver - INFO - Strategy using position_adjustment_enable: False
2026-04-25 05:33:29,688 - freqtrade.resolvers.strategy_resolver - INFO - Strategy using max_entry_position_adjustment: -1
2026-04-25 05:33:29,688 - freqtrade.resolvers.strategy_resolver - INFO - Strategy using max_open_trades: 2
2026-04-25 05:33:29,688 - freqtrade.configuration.config_validation - INFO - Validating configuration ...
2026-04-25 05:33:29,692 - freqtrade.resolvers.iresolver - INFO - Using resolved pairlist StaticPairList from 
'/home/mohs/Desktop/ae/pyside6/.venv/lib/python3.12/site-packages/freqtrade/plugins/pairlist/StaticPairList.py'...
2026-04-25 05:33:29,702 - freqtrade.optimize.backtesting - INFO - Using fee 0.1000% - worst case fee from exchange (lowest tier).
2026-04-25 05:33:29,954 - freqtrade.data.history.datahandlers.idatahandler - WARNING - ADA/USDT, spot, 5m, data ends at 2026-04-11 00:05:00
2026-04-25 05:33:30,234 - freqtrade.data.history.datahandlers.idatahandler - WARNING - ETH/USDT, spot, 5m, data ends at 2026-04-10 02:15:00
2026-04-25 05:33:30,267 - freqtrade.optimize.backtesting - INFO - Loading data from 2025-04-22 00:00:00 up to 2026-04-11 00:05:00 (354 days).
2026-04-25 05:33:31,780 - freqtrade.optimize.backtesting - INFO - Dataload complete. Calculating indicators
2026-04-25 05:33:31,782 - freqtrade.optimize.backtesting - INFO - Running backtesting for Strategy MultiMeee
2026-04-25 05:33:31,782 - freqtrade.strategy.hyper - INFO - Strategy Parameter: buy_ma_count = 17
2026-04-25 05:33:31,783 - freqtrade.strategy.hyper - INFO - Strategy Parameter: buy_ma_gap = 50
2026-04-25 05:33:31,783 - freqtrade.strategy.hyper - INFO - Strategy Parameter: sell_ma_count = 18
2026-04-25 05:33:31,783 - freqtrade.strategy.hyper - INFO - Strategy Parameter: sell_ma_gap = 34
2026-04-25 05:33:31,948 - freqtrade.optimize.backtesting - INFO - Backtesting with data from 2025-04-22 00:00:00 up to 2026-04-11 00:05:00 (354 days).
/home/mohs/Desktop/ae/pyside6/.venv/lib/python3.12/site-packages/freqtrade/data/metrics.py:77: FutureWarning: The default fill_method='pad' in DataFrame.pct_change is deprecated and will be removed in a future version. Either fill in any non-leading NA values prior to calling pct_change or specify 'fill_method=None' to not fill NA values.
  rel_mean = df_comb.pct_change().mean(axis=1).fillna(0).cumsum()
2026-04-25 05:33:34,484 - freqtrade.misc - INFO - dumping json to "/home/mohs/Desktop/ae/pyside6/user_data/backtest_results/backtest-result-2026-04-25_05-33-34.meta.json"
Result for strategy MultiMeee
                                             BACKTESTING REPORT                                              
┏━━━━━━━━━━┳━━━━━━━━┳━━━━━━━━━━━━━━┳━━━━━━━━━━━━━━━━━┳━━━━━━━━━━━━━━┳━━━━━━━━━━━━━━┳━━━━━━━━━━━━━━━━━━━━━━━━┓
┃     Pair ┃ Trades ┃ Avg Profit % ┃ Tot Profit USDT ┃ Tot Profit % ┃ Avg Duration ┃  Win  Draw  Loss  Win% ┃
┡━━━━━━━━━━╇━━━━━━━━╇━━━━━━━━━━━━━━╇━━━━━━━━━━━━━━━━━╇━━━━━━━━━━━━━━╇━━━━━━━━━━━━━━╇━━━━━━━━━━━━━━━━━━━━━━━━┩
│ ETH/USDT │    164 │        -0.09 │          -5.638 │        -7.05 │      1:58:00 │   67     0    97  40.9 │
│ ADA/USDT │    171 │         -0.1 │          -6.453 │        -8.07 │      1:52:00 │   64     0   107  37.4 │
│    TOTAL │    335 │        -0.09 │         -12.091 │       -15.11 │      1:55:00 │  131     0   204  39.1 │
└──────────┴────────┴──────────────┴─────────────────┴──────────────┴──────────────┴────────────────────────┘
                                         LEFT OPEN TRADES REPORT                                          
┏━━━━━━━┳━━━━━━━━┳━━━━━━━━━━━━━━┳━━━━━━━━━━━━━━━━━┳━━━━━━━━━━━━━━┳━━━━━━━━━━━━━━┳━━━━━━━━━━━━━━━━━━━━━━━━┓
┃  Pair ┃ Trades ┃ Avg Profit % ┃ Tot Profit USDT ┃ Tot Profit % ┃ Avg Duration ┃  Win  Draw  Loss  Win% ┃
┡━━━━━━━╇━━━━━━━━╇━━━━━━━━━━━━━━╇━━━━━━━━━━━━━━━━━╇━━━━━━━━━━━━━━╇━━━━━━━━━━━━━━╇━━━━━━━━━━━━━━━━━━━━━━━━┩
│ TOTAL │      0 │          0.0 │           0.000 │          0.0 │         0:00 │    0     0     0     0 │
└───────┴────────┴──────────────┴─────────────────┴──────────────┴──────────────┴────────────────────────┘
                                                ENTER TAG STATS                                                
┏━━━━━━━━━━━┳━━━━━━━━━┳━━━━━━━━━━━━━━┳━━━━━━━━━━━━━━━━━┳━━━━━━━━━━━━━━┳━━━━━━━━━━━━━━┳━━━━━━━━━━━━━━━━━━━━━━━━┓
┃ Enter Tag ┃ Entries ┃ Avg Profit % ┃ Tot Profit USDT ┃ Tot Profit % ┃ Avg Duration ┃  Win  Draw  Loss  Win% ┃
┡━━━━━━━━━━━╇━━━━━━━━━╇━━━━━━━━━━━━━━╇━━━━━━━━━━━━━━━━━╇━━━━━━━━━━━━━━╇━━━━━━━━━━━━━━╇━━━━━━━━━━━━━━━━━━━━━━━━┩
│     OTHER │     335 │        -0.09 │         -12.091 │       -15.11 │      1:55:00 │  131     0   204  39.1 │
│     TOTAL │     335 │        -0.09 │         -12.091 │       -15.11 │      1:55:00 │  131     0   204  39.1 │
└───────────┴─────────┴──────────────┴─────────────────┴──────────────┴──────────────┴────────────────────────┘
                                               EXIT REASON STATS                                               
┏━━━━━━━━━━━━━┳━━━━━━━┳━━━━━━━━━━━━━━┳━━━━━━━━━━━━━━━━━┳━━━━━━━━━━━━━━┳━━━━━━━━━━━━━━┳━━━━━━━━━━━━━━━━━━━━━━━━┓
┃ Exit Reason ┃ Exits ┃ Avg Profit % ┃ Tot Profit USDT ┃ Tot Profit % ┃ Avg Duration ┃  Win  Draw  Loss  Win% ┃
┡━━━━━━━━━━━━━╇━━━━━━━╇━━━━━━━━━━━━━━╇━━━━━━━━━━━━━━━━━╇━━━━━━━━━━━━━━╇━━━━━━━━━━━━━━╇━━━━━━━━━━━━━━━━━━━━━━━━┩
│         roi │   129 │          1.0 │          47.038 │         58.8 │      2:15:00 │  116     0    13  89.9 │
│ exit_signal │   206 │        -0.78 │         -59.129 │       -73.91 │      1:42:00 │   15     0   191   7.3 │
│       TOTAL │   335 │        -0.09 │         -12.091 │       -15.11 │      1:55:00 │  131     0   204  39.1 │
└─────────────┴───────┴──────────────┴─────────────────┴──────────────┴──────────────┴────────────────────────┘
                                                      MIXED TAG STATS                                                       
┏━━━━━━━━━━━┳━━━━━━━━━━━━━┳━━━━━━━━┳━━━━━━━━━━━━━━┳━━━━━━━━━━━━━━━━━┳━━━━━━━━━━━━━━┳━━━━━━━━━━━━━━┳━━━━━━━━━━━━━━━━━━━━━━━━┓
┃ Enter Tag ┃ Exit Reason ┃ Trades ┃ Avg Profit % ┃ Tot Profit USDT ┃ Tot Profit % ┃ Avg Duration ┃  Win  Draw  Loss  Win% ┃
┡━━━━━━━━━━━╇━━━━━━━━━━━━━╇━━━━━━━━╇━━━━━━━━━━━━━━╇━━━━━━━━━━━━━━━━━╇━━━━━━━━━━━━━━╇━━━━━━━━━━━━━━╇━━━━━━━━━━━━━━━━━━━━━━━━┩
│           │         roi │    129 │          1.0 │          47.038 │         58.8 │      2:15:00 │  116     0    13  89.9 │
│           │ exit_signal │    206 │        -0.78 │         -59.129 │       -73.91 │      1:42:00 │   15     0   191   7.3 │
│     TOTAL │             │    335 │        -0.09 │         -12.091 │       -15.11 │      1:55:00 │  131     0   204  39.1 │
└───────────┴─────────────┴────────┴──────────────┴─────────────────┴──────────────┴──────────────┴────────────────────────┘
                         SUMMARY METRICS                          
┏━━━━━━━━━━━━━━━━━━━━━━━━━━━━━━━┳━━━━━━━━━━━━━━━━━━━━━━━━━━━━━━━━┓
┃ Metric                        ┃ Value                          ┃
┡━━━━━━━━━━━━━━━━━━━━━━━━━━━━━━━╇━━━━━━━━━━━━━━━━━━━━━━━━━━━━━━━━┩
│ Backtesting from              │ 2025-04-22 00:00:00            │
│ Backtesting to                │ 2026-04-11 00:05:00            │
│ Trading Mode                  │ Spot                           │
│ Max open trades               │ 2                              │
│                               │                                │
│ Total/Daily Avg Trades        │ 335 / 0.95                     │
│ Starting balance              │ 80 USDT                        │
│ Final balance                 │ 67.909 USDT                    │
│ Absolute profit               │ -12.091 USDT                   │
│ Total profit %                │ -15.11%                        │
│ CAGR %                        │ -15.54%                        │
│ Sortino                       │ -2.11                          │
│ Sharpe                        │ -1.41                          │
│ Calmar                        │ -4.97                          │
│ SQN                           │ -1.43                          │
│ Profit factor                 │ 0.80                           │
│ Expectancy (Ratio)            │ -0.04 (-0.12)                  │
│ Avg. daily profit             │ -0.034 USDT                    │
│ Avg. stake amount             │ 36.773 USDT                    │
│ Total trade volume            │ 24675.076 USDT                 │
│                               │                                │
│ Best Pair                     │ ETH/USDT -7.05%                │
│ Worst Pair                    │ ADA/USDT -8.07%                │
│ Best trade                    │ ADA/USDT 3.41%                 │
│ Worst trade                   │ ADA/USDT -5.81%                │
│ Best day                      │ 3.816 USDT                     │
│ Worst day                     │ -4.195 USDT                    │
│ Days win/draw/lose            │ 49 / 209 / 85                  │
│ Min/Max/Avg. Duration Winners │ 0d 00:25 / 0d 03:00 / 0d 02:12 │
│ Min/Max/Avg. Duration Losers  │ 0d 00:10 / 0d 03:00 / 0d 01:43 │
│ Max Consecutive Wins / Loss   │ 7 / 10                         │
│ Rejected Entry signals        │ 0                              │
│ Entry/Exit Timeouts           │ 0 / 0                          │
│                               │                                │
│ Min balance                   │ 67.356 USDT                    │
│ Max balance                   │ 80.568 USDT                    │
│ Max % of account underwater   │ 16.40%                         │
│ Absolute drawdown             │ 13.212 USDT (16.40%)           │
│ Drawdown duration             │ 279 days 15:35:00              │
│ Profit at drawdown start      │ 0.568 USDT                     │
│ Profit at drawdown end        │ -12.644 USDT                   │
│ Drawdown start                │ 2025-05-08 20:50:00            │
│ Drawdown end                  │ 2026-02-12 12:25:00            │
│ Market change                 │ -10.05%                        │
└───────────────────────────────┴────────────────────────────────┘

Backtested 2025-04-22 00:00:00 -> 2026-04-11 00:05:00 | Max open trades : 2
                                                          STRATEGY SUMMARY                                                          
┏━━━━━━━━━━━┳━━━━━━━━┳━━━━━━━━━━━━━━┳━━━━━━━━━━━━━━━━━┳━━━━━━━━━━━━━━┳━━━━━━━━━━━━━━┳━━━━━━━━━━━━━━━━━━━━━━━━┳━━━━━━━━━━━━━━━━━━━━━┓
┃  Strategy ┃ Trades ┃ Avg Profit % ┃ Tot Profit USDT ┃ Tot Profit % ┃ Avg Duration ┃  Win  Draw  Loss  Win% ┃            Drawdown ┃
┡━━━━━━━━━━━╇━━━━━━━━╇━━━━━━━━━━━━━━╇━━━━━━━━━━━━━━━━━╇━━━━━━━━━━━━━━╇━━━━━━━━━━━━━━╇━━━━━━━━━━━━━━━━━━━━━━━━╇━━━━━━━━━━━━━━━━━━━━━┩
│ MultiMeee │    335 │        -0.09 │         -12.091 │       -15.11 │      1:55:00 │  131     0   204  39.1 │ 13.212 USDT  16.40% │
└───────────┴────────┴──────────────┴─────────────────┴──────────────┴──────────────┴────────────────────────┴─────────────────────┘