2026-04-25 22:47:18,882 - freqtrade - INFO - freqtrade 2026.3
2026-04-25 22:47:19,931 - freqtrade.configuration.load_config - INFO - Using config: /home/mohs/Desktop/ae/pyside6/user_data/config.json ...
2026-04-25 22:47:19,933 - freqtrade.loggers - INFO - Enabling colorized output.
2026-04-25 22:47:19,933 - freqtrade.loggers - INFO - Logfile configured
2026-04-25 22:47:19,933 - freqtrade.loggers - INFO - Verbosity set to 0
2026-04-25 22:47:19,934 - freqtrade.configuration.configuration - INFO - Using additional Strategy lookup path: 
/home/mohs/Desktop/ae/pyside6/user_data/optimizer/sessions/b8194b7f-3716-497e-8a17-833c28d4e223/trial_152/strategy_dir
2026-04-25 22:47:19,934 - freqtrade.configuration.configuration - WARNING - `force_entry_enable` RPC message enabled.
2026-04-25 22:47:19,934 - freqtrade.configuration.configuration - INFO - Parameter -i/--timeframe detected ... Using timeframe: 4h ...
2026-04-25 22:47:19,935 - freqtrade.configuration.configuration - INFO - Parameter --max-open-trades detected, overriding max_open_trades to: 3 ...
2026-04-25 22:47:19,935 - freqtrade.configuration.configuration - INFO - Parameter --dry-run-wallet detected, overriding dry_run_wallet to: 150.0 ...
2026-04-25 22:47:19,935 - freqtrade.configuration.configuration - INFO - Parameter --timerange detected: 20250422-20260417 ...
2026-04-25 22:47:19,935 - freqtrade.configuration.configuration - INFO - Using user-data directory: /home/mohs/Desktop/ae/pyside6/user_data ...
2026-04-25 22:47:19,936 - freqtrade.configuration.configuration - INFO - Using data directory: /home/mohs/Desktop/ae/pyside6/user_data/data/binance ...
2026-04-25 22:47:19,936 - freqtrade.configuration.configuration - INFO - Parameter --export detected: trades ...
2026-04-25 22:47:19,936 - freqtrade.configuration.configuration - INFO - Parameter --cache=day detected ...
2026-04-25 22:47:19,937 - freqtrade.configuration.configuration - INFO - Using pairs ['XRP/USDT', 'ETH/USDT', 'HOME/USDT']
2026-04-25 22:47:19,937 - freqtrade.configuration.configuration - INFO - Filter trades by timerange: 20250422-20260417
2026-04-25 22:47:19,937 - freqtrade.exchange.check_exchange - INFO - Checking exchange...
2026-04-25 22:47:19,943 - freqtrade.exchange.check_exchange - INFO - Exchange "binance" is officially supported by the Freqtrade development team.
2026-04-25 22:47:19,943 - freqtrade.configuration.config_validation - INFO - Validating configuration ...
2026-04-25 22:47:19,945 - freqtrade.commands.optimize_commands - INFO - Starting freqtrade in Backtesting mode
2026-04-25 22:47:19,946 - freqtrade.exchange.exchange - INFO - Instance is running with dry_run enabled
2026-04-25 22:47:19,946 - freqtrade.exchange.exchange - INFO - Using CCXT 4.5.50
2026-04-25 22:47:19,946 - freqtrade.exchange.exchange - INFO - Applying additional ccxt config: {'enableRateLimit': True, 'timeout': 120000}
2026-04-25 22:47:19,951 - freqtrade.exchange.exchange - INFO - Applying additional ccxt config: {'enableRateLimit': True, 'timeout': 120000}
2026-04-25 22:47:19,957 - freqtrade.exchange.exchange - INFO - Using Exchange "Binance"
2026-04-25 22:47:21,075 - freqtrade.resolvers.exchange_resolver - INFO - Using resolved exchange 'Binance'...
2026-04-25 22:47:21,083 - freqtrade.resolvers.iresolver - INFO - Using resolved strategy yes from 
'/home/mohs/Desktop/ae/pyside6/user_data/optimizer/sessions/b8194b7f-3716-497e-8a17-833c28d4e223/trial_152/strategy_dir/yes.py'...
2026-04-25 22:47:21,083 - freqtrade.strategy.hyper - INFO - Loading parameters from file 
/home/mohs/Desktop/ae/pyside6/user_data/optimizer/sessions/b8194b7f-3716-497e-8a17-833c28d4e223/trial_152/strategy_dir/yes.json
2026-04-25 22:47:21,084 - freqtrade.resolvers.strategy_resolver - INFO - Override strategy 'timeframe' with value from the configuration: 4h.
2026-04-25 22:47:21,084 - freqtrade.resolvers.strategy_resolver - INFO - Override strategy 'stake_currency' with value from the configuration: USDT.
2026-04-25 22:47:21,084 - freqtrade.resolvers.strategy_resolver - INFO - Override strategy 'stake_amount' with value from the configuration: unlimited.
2026-04-25 22:47:21,084 - freqtrade.resolvers.strategy_resolver - INFO - Override strategy 'use_exit_signal' with value from the configuration: True.
2026-04-25 22:47:21,085 - freqtrade.resolvers.strategy_resolver - INFO - Override strategy 'max_open_trades' with value from the configuration: 3.
2026-04-25 22:47:21,085 - freqtrade.resolvers.strategy_resolver - INFO - Strategy using minimal_roi: {'0': 1.4331453883314904, '13': 1.0083335369585449, '146': 0.05896849455618667, '38': 
0.12165432235713892}
2026-04-25 22:47:21,085 - freqtrade.resolvers.strategy_resolver - INFO - Strategy using timeframe: 4h
2026-04-25 22:47:21,085 - freqtrade.resolvers.strategy_resolver - INFO - Strategy using stoploss: -0.967837204621191
2026-04-25 22:47:21,086 - freqtrade.resolvers.strategy_resolver - INFO - Strategy using trailing_stop: False
2026-04-25 22:47:21,086 - freqtrade.resolvers.strategy_resolver - INFO - Strategy using trailing_stop_positive: 0.46164598539294965
2026-04-25 22:47:21,086 - freqtrade.resolvers.strategy_resolver - INFO - Strategy using trailing_stop_positive_offset: 0.3067006362833862
2026-04-25 22:47:21,086 - freqtrade.resolvers.strategy_resolver - INFO - Strategy using trailing_only_offset_is_reached: True
2026-04-25 22:47:21,087 - freqtrade.resolvers.strategy_resolver - INFO - Strategy using use_custom_stoploss: False
2026-04-25 22:47:21,087 - freqtrade.resolvers.strategy_resolver - INFO - Strategy using process_only_new_candles: True
2026-04-25 22:47:21,087 - freqtrade.resolvers.strategy_resolver - INFO - Strategy using order_types: {'entry': 'limit', 'exit': 'limit', 'stoploss': 'limit', 'stoploss_on_exchange': False, 
'stoploss_on_exchange_interval': 60}
2026-04-25 22:47:21,087 - freqtrade.resolvers.strategy_resolver - INFO - Strategy using order_time_in_force: {'entry': 'GTC', 'exit': 'GTC'}
2026-04-25 22:47:21,088 - freqtrade.resolvers.strategy_resolver - INFO - Strategy using stake_currency: USDT
2026-04-25 22:47:21,088 - freqtrade.resolvers.strategy_resolver - INFO - Strategy using stake_amount: unlimited
2026-04-25 22:47:21,088 - freqtrade.resolvers.strategy_resolver - INFO - Strategy using startup_candle_count: 0
2026-04-25 22:47:21,088 - freqtrade.resolvers.strategy_resolver - INFO - Strategy using use_exit_signal: True
2026-04-25 22:47:21,089 - freqtrade.resolvers.strategy_resolver - INFO - Strategy using exit_profit_only: False
2026-04-25 22:47:21,089 - freqtrade.resolvers.strategy_resolver - INFO - Strategy using ignore_roi_if_entry_signal: False
2026-04-25 22:47:21,089 - freqtrade.resolvers.strategy_resolver - INFO - Strategy using exit_profit_offset: 0.0
2026-04-25 22:47:21,089 - freqtrade.resolvers.strategy_resolver - INFO - Strategy using disable_dataframe_checks: False
2026-04-25 22:47:21,089 - freqtrade.resolvers.strategy_resolver - INFO - Strategy using ignore_buying_expired_candle_after: 0
2026-04-25 22:47:21,090 - freqtrade.resolvers.strategy_resolver - INFO - Strategy using position_adjustment_enable: False
2026-04-25 22:47:21,090 - freqtrade.resolvers.strategy_resolver - INFO - Strategy using max_entry_position_adjustment: -1
2026-04-25 22:47:21,090 - freqtrade.resolvers.strategy_resolver - INFO - Strategy using max_open_trades: 3
2026-04-25 22:47:21,090 - freqtrade.configuration.config_validation - INFO - Validating configuration ...
2026-04-25 22:47:21,094 - freqtrade.resolvers.iresolver - INFO - Using resolved pairlist StaticPairList from 
'/home/mohs/Desktop/ae/pyside6/.venv/lib/python3.12/site-packages/freqtrade/plugins/pairlist/StaticPairList.py'...
2026-04-25 22:47:21,106 - freqtrade.optimize.backtesting - INFO - Using fee 0.1000% - worst case fee from exchange (lowest tier).
2026-04-25 22:47:21,141 - freqtrade.data.history.datahandlers.idatahandler - WARNING - HOME/USDT, spot, 4h, data starts at 2025-06-12 12:00:00
2026-04-25 22:47:21,149 - freqtrade.optimize.backtesting - INFO - Loading data from 2025-04-22 00:00:00 up to 2026-04-17 00:00:00 (360 days).
2026-04-25 22:47:21,204 - freqtrade.optimize.backtesting - INFO - Dataload complete. Calculating indicators
2026-04-25 22:47:21,214 - freqtrade.optimize.backtesting - INFO - Running backtesting for Strategy yes
2026-04-25 22:47:21,214 - freqtrade.strategy.hyper - INFO - Strategy Parameter: buy_ma_count = 3
2026-04-25 22:47:21,214 - freqtrade.strategy.hyper - INFO - Strategy Parameter: buy_ma_gap = 7
2026-04-25 22:47:21,215 - freqtrade.strategy.hyper - INFO - Strategy Parameter: sell_ma_count = 10
2026-04-25 22:47:21,215 - freqtrade.strategy.hyper - INFO - Strategy Parameter: sell_ma_gap = 47
2026-04-25 22:47:21,224 - freqtrade.optimize.backtesting - INFO - Backtesting with data from 2025-04-22 00:00:00 up to 2026-04-17 00:00:00 (360 days).
2026-04-25 22:47:21,858 - freqtrade.misc - INFO - dumping json to "/home/mohs/Desktop/ae/pyside6/user_data/backtest_results/backtest-result-2026-04-25_22-47-21.meta.json"
Result for strategy yes
                                                BACKTESTING REPORT                                                
┏━━━━━━━━━━━┳━━━━━━━━┳━━━━━━━━━━━━━━┳━━━━━━━━━━━━━━━━━┳━━━━━━━━━━━━━━┳━━━━━━━━━━━━━━━━━━┳━━━━━━━━━━━━━━━━━━━━━━━━┓
┃      Pair ┃ Trades ┃ Avg Profit % ┃ Tot Profit USDT ┃ Tot Profit % ┃     Avg Duration ┃  Win  Draw  Loss  Win% ┃
┡━━━━━━━━━━━╇━━━━━━━━╇━━━━━━━━━━━━━━╇━━━━━━━━━━━━━━━━━╇━━━━━━━━━━━━━━╇━━━━━━━━━━━━━━━━━━╇━━━━━━━━━━━━━━━━━━━━━━━━┩
│ HOME/USDT │     20 │         2.58 │          31.610 │        21.07 │ 2 days, 20:12:00 │   13     0     7  65.0 │
│  ETH/USDT │     19 │         2.67 │          27.105 │        18.07 │ 3 days, 13:41:00 │   14     0     5  73.7 │
│  XRP/USDT │     16 │         2.25 │          23.736 │        15.82 │ 4 days, 14:15:00 │   13     0     3  81.2 │
│     TOTAL │     55 │         2.52 │          82.451 │        54.97 │ 3 days, 14:28:00 │   40     0    15  72.7 │
└───────────┴────────┴──────────────┴─────────────────┴──────────────┴──────────────────┴────────────────────────┘
                                            LEFT OPEN TRADES REPORT                                             
┏━━━━━━━━━━┳━━━━━━━━┳━━━━━━━━━━━━━━┳━━━━━━━━━━━━━━━━━┳━━━━━━━━━━━━━━┳━━━━━━━━━━━━━━━━━┳━━━━━━━━━━━━━━━━━━━━━━━━┓
┃     Pair ┃ Trades ┃ Avg Profit % ┃ Tot Profit USDT ┃ Tot Profit % ┃    Avg Duration ┃  Win  Draw  Loss  Win% ┃
┡━━━━━━━━━━╇━━━━━━━━╇━━━━━━━━━━━━━━╇━━━━━━━━━━━━━━━━━╇━━━━━━━━━━━━━━╇━━━━━━━━━━━━━━━━━╇━━━━━━━━━━━━━━━━━━━━━━━━┩
│ XRP/USDT │      1 │         3.11 │           2.381 │         1.59 │        20:00:00 │    1     0     0   100 │
│ ETH/USDT │      1 │         1.19 │           0.906 │          0.6 │ 5 days, 4:00:00 │    1     0     0   100 │
│    TOTAL │      2 │         2.15 │           3.286 │         2.19 │ 3 days, 0:00:00 │    2     0     0   100 │
└──────────┴────────┴──────────────┴─────────────────┴──────────────┴─────────────────┴────────────────────────┘
                                                  ENTER TAG STATS                                                  
┏━━━━━━━━━━━┳━━━━━━━━━┳━━━━━━━━━━━━━━┳━━━━━━━━━━━━━━━━━┳━━━━━━━━━━━━━━┳━━━━━━━━━━━━━━━━━━┳━━━━━━━━━━━━━━━━━━━━━━━━┓
┃ Enter Tag ┃ Entries ┃ Avg Profit % ┃ Tot Profit USDT ┃ Tot Profit % ┃     Avg Duration ┃  Win  Draw  Loss  Win% ┃
┡━━━━━━━━━━━╇━━━━━━━━━╇━━━━━━━━━━━━━━╇━━━━━━━━━━━━━━━━━╇━━━━━━━━━━━━━━╇━━━━━━━━━━━━━━━━━━╇━━━━━━━━━━━━━━━━━━━━━━━━┩
│     OTHER │      55 │         2.52 │          82.451 │        54.97 │ 3 days, 14:28:00 │   40     0    15  72.7 │
│     TOTAL │      55 │         2.52 │          82.451 │        54.97 │ 3 days, 14:28:00 │   40     0    15  72.7 │
└───────────┴─────────┴──────────────┴─────────────────┴──────────────┴──────────────────┴────────────────────────┘
                                                 EXIT REASON STATS                                                 
┏━━━━━━━━━━━━━┳━━━━━━━┳━━━━━━━━━━━━━━┳━━━━━━━━━━━━━━━━━┳━━━━━━━━━━━━━━┳━━━━━━━━━━━━━━━━━━┳━━━━━━━━━━━━━━━━━━━━━━━━┓
┃ Exit Reason ┃ Exits ┃ Avg Profit % ┃ Tot Profit USDT ┃ Tot Profit % ┃     Avg Duration ┃  Win  Draw  Loss  Win% ┃
┡━━━━━━━━━━━━━╇━━━━━━━╇━━━━━━━━━━━━━━╇━━━━━━━━━━━━━━━━━╇━━━━━━━━━━━━━━╇━━━━━━━━━━━━━━━━━━╇━━━━━━━━━━━━━━━━━━━━━━━━┩
│         roi │    37 │          5.9 │         136.860 │        91.24 │  3 days, 4:00:00 │   37     0     0   100 │
│  force_exit │     2 │         2.15 │           3.286 │         2.19 │  3 days, 0:00:00 │    2     0     0   100 │
│ exit_signal │    16 │        -5.26 │         -57.695 │       -38.46 │ 4 days, 16:30:00 │    1     0    15   6.2 │
│       TOTAL │    55 │         2.52 │          82.451 │        54.97 │ 3 days, 14:28:00 │   40     0    15  72.7 │
└─────────────┴───────┴──────────────┴─────────────────┴──────────────┴──────────────────┴────────────────────────┘
                                                        MIXED TAG STATS                                                         
┏━━━━━━━━━━━┳━━━━━━━━━━━━━┳━━━━━━━━┳━━━━━━━━━━━━━━┳━━━━━━━━━━━━━━━━━┳━━━━━━━━━━━━━━┳━━━━━━━━━━━━━━━━━━┳━━━━━━━━━━━━━━━━━━━━━━━━┓
┃ Enter Tag ┃ Exit Reason ┃ Trades ┃ Avg Profit % ┃ Tot Profit USDT ┃ Tot Profit % ┃     Avg Duration ┃  Win  Draw  Loss  Win% ┃
┡━━━━━━━━━━━╇━━━━━━━━━━━━━╇━━━━━━━━╇━━━━━━━━━━━━━━╇━━━━━━━━━━━━━━━━━╇━━━━━━━━━━━━━━╇━━━━━━━━━━━━━━━━━━╇━━━━━━━━━━━━━━━━━━━━━━━━┩
│           │         roi │     37 │          5.9 │         136.860 │        91.24 │  3 days, 4:00:00 │   37     0     0   100 │
│           │  force_exit │      2 │         2.15 │           3.286 │         2.19 │  3 days, 0:00:00 │    2     0     0   100 │
│           │ exit_signal │     16 │        -5.26 │         -57.695 │       -38.46 │ 4 days, 16:30:00 │    1     0    15   6.2 │
│     TOTAL │             │     55 │         2.52 │          82.451 │        54.97 │ 3 days, 14:28:00 │   40     0    15  72.7 │
└───────────┴─────────────┴────────┴──────────────┴─────────────────┴──────────────┴──────────────────┴────────────────────────┘
                          SUMMARY METRICS                          
┏━━━━━━━━━━━━━━━━━━━━━━━━━━━━━━━┳━━━━━━━━━━━━━━━━━━━━━━━━━━━━━━━━━┓
┃ Metric                        ┃ Value                           ┃
┡━━━━━━━━━━━━━━━━━━━━━━━━━━━━━━━╇━━━━━━━━━━━━━━━━━━━━━━━━━━━━━━━━━┩
│ Backtesting from              │ 2025-04-22 00:00:00             │
│ Backtesting to                │ 2026-04-17 00:00:00             │
│ Trading Mode                  │ Spot                            │
│ Max open trades               │ 3                               │
│                               │                                 │
│ Total/Daily Avg Trades        │ 55 / 0.15                       │
│ Starting balance              │ 150 USDT                        │
│ Final balance                 │ 232.451 USDT                    │
│ Absolute profit               │ 82.451 USDT                     │
│ Total profit %                │ 54.97%                          │
│ CAGR %                        │ 55.91%                          │
│ Sortino                       │ 1.54                            │
│ Sharpe                        │ 1.19                            │
│ Calmar                        │ 29.27                           │
│ SQN                           │ 2.98                            │
│ Profit factor                 │ 2.41                            │
│ Expectancy (Ratio)            │ 1.50 (0.39)                     │
│ Avg. daily profit             │ 0.229 USDT                      │
│ Avg. stake amount             │ 65.807 USDT                     │
│ Total trade volume            │ 7335.916 USDT                   │
│                               │                                 │
│ Best Pair                     │ HOME/USDT 21.07%                │
│ Worst Pair                    │ XRP/USDT 15.82%                 │
│ Best trade                    │ HOME/USDT 5.92%                 │
│ Worst trade                   │ XRP/USDT -18.32%                │
│ Best day                      │ 10.292 USDT                     │
│ Worst day                     │ -10.271 USDT                    │
│ Days win/draw/lose            │ 29 / 302 / 14                   │
│ Min/Max/Avg. Duration Winners │ 0d 04:00 / 17d 00:00 / 3d 04:36 │
│ Min/Max/Avg. Duration Losers  │ 0d 04:00 / 32d 04:00 / 4d 16:48 │
│ Max Consecutive Wins / Loss   │ 20 / 3                          │
│ Rejected Entry signals        │ 0                               │
│ Entry/Exit Timeouts           │ 0 / 0                           │
│                               │                                 │
│ Min balance                   │ 152.945 USDT                    │
│ Max balance                   │ 242.272 USDT                    │
│ Max % of account underwater   │ 9.97%                           │
│ Absolute drawdown             │ 17.104 USDT (9.97%)             │
│ Drawdown duration             │ 20 days 12:00:00                │
│ Profit at drawdown start      │ 21.616 USDT                     │
│ Profit at drawdown end        │ 4.512 USDT                      │
│ Drawdown start                │ 2025-05-29 00:00:00             │
│ Drawdown end                  │ 2025-06-18 12:00:00             │
│ Market change                 │ -9.22%                          │
└───────────────────────────────┴─────────────────────────────────┘

Backtested 2025-04-22 00:00:00 -> 2026-04-17 00:00:00 | Max open trades : 3
                                                           STRATEGY SUMMARY                                                           
┏━━━━━━━━━━┳━━━━━━━━┳━━━━━━━━━━━━━━┳━━━━━━━━━━━━━━━━━┳━━━━━━━━━━━━━━┳━━━━━━━━━━━━━━━━━━┳━━━━━━━━━━━━━━━━━━━━━━━━┳━━━━━━━━━━━━━━━━━━━━┓
┃ Strategy ┃ Trades ┃ Avg Profit % ┃ Tot Profit USDT ┃ Tot Profit % ┃     Avg Duration ┃  Win  Draw  Loss  Win% ┃           Drawdown ┃
┡━━━━━━━━━━╇━━━━━━━━╇━━━━━━━━━━━━━━╇━━━━━━━━━━━━━━━━━╇━━━━━━━━━━━━━━╇━━━━━━━━━━━━━━━━━━╇━━━━━━━━━━━━━━━━━━━━━━━━╇━━━━━━━━━━━━━━━━━━━━┩
│      yes │     55 │         2.52 │          82.451 │        54.97 │ 3 days, 14:28:00 │   40     0    15  72.7 │ 17.104 USDT  9.97% │
└──────────┴────────┴──────────────┴─────────────────┴──────────────┴──────────────────┴────────────────────────┴────────────────────┘