2026-04-25 22:44:24,452 - freqtrade - INFO - freqtrade 2026.3
2026-04-25 22:44:25,484 - freqtrade.configuration.load_config - INFO - Using config: /home/mohs/Desktop/ae/pyside6/user_data/config.json ...
2026-04-25 22:44:25,487 - freqtrade.loggers - INFO - Enabling colorized output.
2026-04-25 22:44:25,487 - freqtrade.loggers - INFO - Logfile configured
2026-04-25 22:44:25,487 - freqtrade.loggers - INFO - Verbosity set to 0
2026-04-25 22:44:25,487 - freqtrade.configuration.configuration - INFO - Using additional Strategy lookup path: 
/home/mohs/Desktop/ae/pyside6/user_data/optimizer/sessions/b8194b7f-3716-497e-8a17-833c28d4e223/trial_105/strategy_dir
2026-04-25 22:44:25,488 - freqtrade.configuration.configuration - WARNING - `force_entry_enable` RPC message enabled.
2026-04-25 22:44:25,488 - freqtrade.configuration.configuration - INFO - Parameter -i/--timeframe detected ... Using timeframe: 4h ...
2026-04-25 22:44:25,488 - freqtrade.configuration.configuration - INFO - Parameter --max-open-trades detected, overriding max_open_trades to: 3 ...
2026-04-25 22:44:25,488 - freqtrade.configuration.configuration - INFO - Parameter --dry-run-wallet detected, overriding dry_run_wallet to: 150.0 ...
2026-04-25 22:44:25,489 - freqtrade.configuration.configuration - INFO - Parameter --timerange detected: 20250422-20260417 ...
2026-04-25 22:44:25,489 - freqtrade.configuration.configuration - INFO - Using user-data directory: /home/mohs/Desktop/ae/pyside6/user_data ...
2026-04-25 22:44:25,489 - freqtrade.configuration.configuration - INFO - Using data directory: /home/mohs/Desktop/ae/pyside6/user_data/data/binance ...
2026-04-25 22:44:25,490 - freqtrade.configuration.configuration - INFO - Parameter --export detected: trades ...
2026-04-25 22:44:25,490 - freqtrade.configuration.configuration - INFO - Parameter --cache=day detected ...
2026-04-25 22:44:25,490 - freqtrade.configuration.configuration - INFO - Using pairs ['XRP/USDT', 'ETH/USDT', 'HOME/USDT']
2026-04-25 22:44:25,490 - freqtrade.configuration.configuration - INFO - Filter trades by timerange: 20250422-20260417
2026-04-25 22:44:25,491 - freqtrade.exchange.check_exchange - INFO - Checking exchange...
2026-04-25 22:44:25,497 - freqtrade.exchange.check_exchange - INFO - Exchange "binance" is officially supported by the Freqtrade development team.
2026-04-25 22:44:25,497 - freqtrade.configuration.config_validation - INFO - Validating configuration ...
2026-04-25 22:44:25,499 - freqtrade.commands.optimize_commands - INFO - Starting freqtrade in Backtesting mode
2026-04-25 22:44:25,500 - freqtrade.exchange.exchange - INFO - Instance is running with dry_run enabled
2026-04-25 22:44:25,500 - freqtrade.exchange.exchange - INFO - Using CCXT 4.5.50
2026-04-25 22:44:25,500 - freqtrade.exchange.exchange - INFO - Applying additional ccxt config: {'enableRateLimit': True, 'timeout': 120000}
2026-04-25 22:44:25,506 - freqtrade.exchange.exchange - INFO - Applying additional ccxt config: {'enableRateLimit': True, 'timeout': 120000}
2026-04-25 22:44:25,513 - freqtrade.exchange.exchange - INFO - Using Exchange "Binance"
2026-04-25 22:44:26,637 - freqtrade.resolvers.exchange_resolver - INFO - Using resolved exchange 'Binance'...
2026-04-25 22:44:26,645 - freqtrade.resolvers.iresolver - INFO - Using resolved strategy yes from 
'/home/mohs/Desktop/ae/pyside6/user_data/optimizer/sessions/b8194b7f-3716-497e-8a17-833c28d4e223/trial_105/strategy_dir/yes.py'...
2026-04-25 22:44:26,646 - freqtrade.strategy.hyper - INFO - Loading parameters from file 
/home/mohs/Desktop/ae/pyside6/user_data/optimizer/sessions/b8194b7f-3716-497e-8a17-833c28d4e223/trial_105/strategy_dir/yes.json
2026-04-25 22:44:26,646 - freqtrade.resolvers.strategy_resolver - INFO - Override strategy 'timeframe' with value from the configuration: 4h.
2026-04-25 22:44:26,647 - freqtrade.resolvers.strategy_resolver - INFO - Override strategy 'stake_currency' with value from the configuration: USDT.
2026-04-25 22:44:26,647 - freqtrade.resolvers.strategy_resolver - INFO - Override strategy 'stake_amount' with value from the configuration: unlimited.
2026-04-25 22:44:26,647 - freqtrade.resolvers.strategy_resolver - INFO - Override strategy 'use_exit_signal' with value from the configuration: True.
2026-04-25 22:44:26,647 - freqtrade.resolvers.strategy_resolver - INFO - Override strategy 'max_open_trades' with value from the configuration: 3.
2026-04-25 22:44:26,648 - freqtrade.resolvers.strategy_resolver - INFO - Strategy using minimal_roi: {'0': 1.037199423889, '13': 0.7001016938757006, '146': 0.03734139581319988, '38': 
0.0017653550010534036}
2026-04-25 22:44:26,648 - freqtrade.resolvers.strategy_resolver - INFO - Strategy using timeframe: 4h
2026-04-25 22:44:26,648 - freqtrade.resolvers.strategy_resolver - INFO - Strategy using stoploss: -0.9063952287905346
2026-04-25 22:44:26,648 - freqtrade.resolvers.strategy_resolver - INFO - Strategy using trailing_stop: False
2026-04-25 22:44:26,649 - freqtrade.resolvers.strategy_resolver - INFO - Strategy using trailing_stop_positive: 0.2729464030552445
2026-04-25 22:44:26,649 - freqtrade.resolvers.strategy_resolver - INFO - Strategy using trailing_stop_positive_offset: 0.2484201199193129
2026-04-25 22:44:26,649 - freqtrade.resolvers.strategy_resolver - INFO - Strategy using trailing_only_offset_is_reached: True
2026-04-25 22:44:26,650 - freqtrade.resolvers.strategy_resolver - INFO - Strategy using use_custom_stoploss: False
2026-04-25 22:44:26,650 - freqtrade.resolvers.strategy_resolver - INFO - Strategy using process_only_new_candles: True
2026-04-25 22:44:26,650 - freqtrade.resolvers.strategy_resolver - INFO - Strategy using order_types: {'entry': 'limit', 'exit': 'limit', 'stoploss': 'limit', 'stoploss_on_exchange': False, 
'stoploss_on_exchange_interval': 60}
2026-04-25 22:44:26,650 - freqtrade.resolvers.strategy_resolver - INFO - Strategy using order_time_in_force: {'entry': 'GTC', 'exit': 'GTC'}
2026-04-25 22:44:26,651 - freqtrade.resolvers.strategy_resolver - INFO - Strategy using stake_currency: USDT
2026-04-25 22:44:26,651 - freqtrade.resolvers.strategy_resolver - INFO - Strategy using stake_amount: unlimited
2026-04-25 22:44:26,651 - freqtrade.resolvers.strategy_resolver - INFO - Strategy using startup_candle_count: 0
2026-04-25 22:44:26,651 - freqtrade.resolvers.strategy_resolver - INFO - Strategy using use_exit_signal: True
2026-04-25 22:44:26,652 - freqtrade.resolvers.strategy_resolver - INFO - Strategy using exit_profit_only: False
2026-04-25 22:44:26,652 - freqtrade.resolvers.strategy_resolver - INFO - Strategy using ignore_roi_if_entry_signal: False
2026-04-25 22:44:26,652 - freqtrade.resolvers.strategy_resolver - INFO - Strategy using exit_profit_offset: 0.0
2026-04-25 22:44:26,652 - freqtrade.resolvers.strategy_resolver - INFO - Strategy using disable_dataframe_checks: False
2026-04-25 22:44:26,653 - freqtrade.resolvers.strategy_resolver - INFO - Strategy using ignore_buying_expired_candle_after: 0
2026-04-25 22:44:26,653 - freqtrade.resolvers.strategy_resolver - INFO - Strategy using position_adjustment_enable: False
2026-04-25 22:44:26,653 - freqtrade.resolvers.strategy_resolver - INFO - Strategy using max_entry_position_adjustment: -1
2026-04-25 22:44:26,653 - freqtrade.resolvers.strategy_resolver - INFO - Strategy using max_open_trades: 3
2026-04-25 22:44:26,654 - freqtrade.configuration.config_validation - INFO - Validating configuration ...
2026-04-25 22:44:26,657 - freqtrade.resolvers.iresolver - INFO - Using resolved pairlist StaticPairList from 
'/home/mohs/Desktop/ae/pyside6/.venv/lib/python3.12/site-packages/freqtrade/plugins/pairlist/StaticPairList.py'...
2026-04-25 22:44:26,669 - freqtrade.optimize.backtesting - INFO - Using fee 0.1000% - worst case fee from exchange (lowest tier).
2026-04-25 22:44:26,703 - freqtrade.data.history.datahandlers.idatahandler - WARNING - HOME/USDT, spot, 4h, data starts at 2025-06-12 12:00:00
2026-04-25 22:44:26,711 - freqtrade.optimize.backtesting - INFO - Loading data from 2025-04-22 00:00:00 up to 2026-04-17 00:00:00 (360 days).
2026-04-25 22:44:26,766 - freqtrade.optimize.backtesting - INFO - Dataload complete. Calculating indicators
2026-04-25 22:44:26,775 - freqtrade.optimize.backtesting - INFO - Running backtesting for Strategy yes
2026-04-25 22:44:26,775 - freqtrade.strategy.hyper - INFO - Strategy Parameter: buy_ma_count = 2
2026-04-25 22:44:26,776 - freqtrade.strategy.hyper - INFO - Strategy Parameter: buy_ma_gap = 9
2026-04-25 22:44:26,776 - freqtrade.strategy.hyper - INFO - Strategy Parameter: sell_ma_count = 13
2026-04-25 22:44:26,776 - freqtrade.strategy.hyper - INFO - Strategy Parameter: sell_ma_gap = 44
2026-04-25 22:44:26,785 - freqtrade.optimize.backtesting - INFO - Backtesting with data from 2025-04-22 00:00:00 up to 2026-04-17 00:00:00 (360 days).
2026-04-25 22:44:27,426 - freqtrade.misc - INFO - dumping json to "/home/mohs/Desktop/ae/pyside6/user_data/backtest_results/backtest-result-2026-04-25_22-44-27.meta.json"
Result for strategy yes
                                                BACKTESTING REPORT                                                
┏━━━━━━━━━━━┳━━━━━━━━┳━━━━━━━━━━━━━━┳━━━━━━━━━━━━━━━━━┳━━━━━━━━━━━━━━┳━━━━━━━━━━━━━━━━━━┳━━━━━━━━━━━━━━━━━━━━━━━━┓
┃      Pair ┃ Trades ┃ Avg Profit % ┃ Tot Profit USDT ┃ Tot Profit % ┃     Avg Duration ┃  Win  Draw  Loss  Win% ┃
┡━━━━━━━━━━━╇━━━━━━━━╇━━━━━━━━━━━━━━╇━━━━━━━━━━━━━━━━━╇━━━━━━━━━━━━━━╇━━━━━━━━━━━━━━━━━━╇━━━━━━━━━━━━━━━━━━━━━━━━┩
│  ETH/USDT │     24 │         1.86 │          24.703 │        16.47 │ 2 days, 21:40:00 │   18     0     6  75.0 │
│ HOME/USDT │     30 │         1.28 │          21.145 │         14.1 │  2 days, 4:00:00 │   23     0     7  76.7 │
│  XRP/USDT │     18 │         1.23 │          13.722 │         9.15 │ 3 days, 22:27:00 │   14     0     4  77.8 │
│     TOTAL │     72 │         1.46 │          59.570 │        39.71 │ 2 days, 20:30:00 │   55     0    17  76.4 │
└───────────┴────────┴──────────────┴─────────────────┴──────────────┴──────────────────┴────────────────────────┘
                                            LEFT OPEN TRADES REPORT                                             
┏━━━━━━━━━━┳━━━━━━━━┳━━━━━━━━━━━━━━┳━━━━━━━━━━━━━━━━━┳━━━━━━━━━━━━━━┳━━━━━━━━━━━━━━━━━┳━━━━━━━━━━━━━━━━━━━━━━━━┓
┃     Pair ┃ Trades ┃ Avg Profit % ┃ Tot Profit USDT ┃ Tot Profit % ┃    Avg Duration ┃  Win  Draw  Loss  Win% ┃
┡━━━━━━━━━━╇━━━━━━━━╇━━━━━━━━━━━━━━╇━━━━━━━━━━━━━━━━━╇━━━━━━━━━━━━━━╇━━━━━━━━━━━━━━━━━╇━━━━━━━━━━━━━━━━━━━━━━━━┩
│ XRP/USDT │      1 │        -0.98 │          -0.692 │        -0.46 │         4:00:00 │    0     0     1     0 │
│ ETH/USDT │      1 │         -1.1 │          -0.762 │        -0.51 │ 3 days, 0:00:00 │    0     0     1     0 │
│    TOTAL │      2 │        -1.04 │          -1.454 │        -0.97 │ 1 day, 14:00:00 │    0     0     2     0 │
└──────────┴────────┴──────────────┴─────────────────┴──────────────┴─────────────────┴────────────────────────┘
                                                  ENTER TAG STATS                                                  
┏━━━━━━━━━━━┳━━━━━━━━━┳━━━━━━━━━━━━━━┳━━━━━━━━━━━━━━━━━┳━━━━━━━━━━━━━━┳━━━━━━━━━━━━━━━━━━┳━━━━━━━━━━━━━━━━━━━━━━━━┓
┃ Enter Tag ┃ Entries ┃ Avg Profit % ┃ Tot Profit USDT ┃ Tot Profit % ┃     Avg Duration ┃  Win  Draw  Loss  Win% ┃
┡━━━━━━━━━━━╇━━━━━━━━━╇━━━━━━━━━━━━━━╇━━━━━━━━━━━━━━━━━╇━━━━━━━━━━━━━━╇━━━━━━━━━━━━━━━━━━╇━━━━━━━━━━━━━━━━━━━━━━━━┩
│     OTHER │      72 │         1.46 │          59.570 │        39.71 │ 2 days, 20:30:00 │   55     0    17  76.4 │
│     TOTAL │      72 │         1.46 │          59.570 │        39.71 │ 2 days, 20:30:00 │   55     0    17  76.4 │
└───────────┴─────────┴──────────────┴─────────────────┴──────────────┴──────────────────┴────────────────────────┘
                                                 EXIT REASON STATS                                                 
┏━━━━━━━━━━━━━┳━━━━━━━┳━━━━━━━━━━━━━━┳━━━━━━━━━━━━━━━━━┳━━━━━━━━━━━━━━┳━━━━━━━━━━━━━━━━━━┳━━━━━━━━━━━━━━━━━━━━━━━━┓
┃ Exit Reason ┃ Exits ┃ Avg Profit % ┃ Tot Profit USDT ┃ Tot Profit % ┃     Avg Duration ┃  Win  Draw  Loss  Win% ┃
┡━━━━━━━━━━━━━╇━━━━━━━╇━━━━━━━━━━━━━━╇━━━━━━━━━━━━━━━━━╇━━━━━━━━━━━━━━╇━━━━━━━━━━━━━━━━━━╇━━━━━━━━━━━━━━━━━━━━━━━━┩
│         roi │    54 │         3.75 │         122.841 │        81.89 │  2 days, 1:11:00 │   54     0     0   100 │
│  force_exit │     2 │        -1.04 │          -1.454 │        -0.97 │  1 day, 14:00:00 │    0     0     2     0 │
│ exit_signal │    16 │        -5.95 │         -61.817 │       -41.21 │ 5 days, 17:30:00 │    1     0    15   6.2 │
│       TOTAL │    72 │         1.46 │          59.570 │        39.71 │ 2 days, 20:30:00 │   55     0    17  76.4 │
└─────────────┴───────┴──────────────┴─────────────────┴──────────────┴──────────────────┴────────────────────────┘
                                                        MIXED TAG STATS                                                         
┏━━━━━━━━━━━┳━━━━━━━━━━━━━┳━━━━━━━━┳━━━━━━━━━━━━━━┳━━━━━━━━━━━━━━━━━┳━━━━━━━━━━━━━━┳━━━━━━━━━━━━━━━━━━┳━━━━━━━━━━━━━━━━━━━━━━━━┓
┃ Enter Tag ┃ Exit Reason ┃ Trades ┃ Avg Profit % ┃ Tot Profit USDT ┃ Tot Profit % ┃     Avg Duration ┃  Win  Draw  Loss  Win% ┃
┡━━━━━━━━━━━╇━━━━━━━━━━━━━╇━━━━━━━━╇━━━━━━━━━━━━━━╇━━━━━━━━━━━━━━━━━╇━━━━━━━━━━━━━━╇━━━━━━━━━━━━━━━━━━╇━━━━━━━━━━━━━━━━━━━━━━━━┩
│           │         roi │     54 │         3.75 │         122.841 │        81.89 │  2 days, 1:11:00 │   54     0     0   100 │
│           │  force_exit │      2 │        -1.04 │          -1.454 │        -0.97 │  1 day, 14:00:00 │    0     0     2     0 │
│           │ exit_signal │     16 │        -5.95 │         -61.817 │       -41.21 │ 5 days, 17:30:00 │    1     0    15   6.2 │
│     TOTAL │             │     72 │         1.46 │          59.570 │        39.71 │ 2 days, 20:30:00 │   55     0    17  76.4 │
└───────────┴─────────────┴────────┴──────────────┴─────────────────┴──────────────┴──────────────────┴────────────────────────┘
                          SUMMARY METRICS                          
┏━━━━━━━━━━━━━━━━━━━━━━━━━━━━━━━┳━━━━━━━━━━━━━━━━━━━━━━━━━━━━━━━━━┓
┃ Metric                        ┃ Value                           ┃
┡━━━━━━━━━━━━━━━━━━━━━━━━━━━━━━━╇━━━━━━━━━━━━━━━━━━━━━━━━━━━━━━━━━┩
│ Backtesting from              │ 2025-04-22 00:00:00             │
│ Backtesting to                │ 2026-04-17 00:00:00             │
│ Trading Mode                  │ Spot                            │
│ Max open trades               │ 3                               │
│                               │                                 │
│ Total/Daily Avg Trades        │ 72 / 0.2                        │
│ Starting balance              │ 150 USDT                        │
│ Final balance                 │ 209.57 USDT                     │
│ Absolute profit               │ 59.57 USDT                      │
│ Total profit %                │ 39.71%                          │
│ CAGR %                        │ 40.36%                          │
│ Sortino                       │ 1.07                            │
│ Sharpe                        │ 1.08                            │
│ Calmar                        │ 17.87                           │
│ SQN                           │ 2.38                            │
│ Profit factor                 │ 1.94                            │
│ Expectancy (Ratio)            │ 0.83 (0.22)                     │
│ Avg. daily profit             │ 0.165 USDT                      │
│ Avg. stake amount             │ 62.078 USDT                     │
│ Total trade volume            │ 9016.867 USDT                   │
│                               │                                 │
│ Best Pair                     │ ETH/USDT 16.47%                 │
│ Worst Pair                    │ XRP/USDT 9.15%                  │
│ Best trade                    │ XRP/USDT 4.52%                  │
│ Worst trade                   │ XRP/USDT -18.32%                │
│ Best day                      │ 10.359 USDT                     │
│ Worst day                     │ -10.895 USDT                    │
│ Days win/draw/lose            │ 31 / 299 / 15                   │
│ Min/Max/Avg. Duration Winners │ 0d 04:00 / 16d 16:00 / 2d 00:52 │
│ Min/Max/Avg. Duration Losers  │ 0d 04:00 / 32d 04:00 / 5d 12:00 │
│ Max Consecutive Wins / Loss   │ 26 / 3                          │
│ Rejected Entry signals        │ 0                               │
│ Entry/Exit Timeouts           │ 0 / 0                           │
│                               │                                 │
│ Min balance                   │ 148.973 USDT                    │
│ Max balance                   │ 224.69 USDT                     │
│ Max % of account underwater   │ 11.79%                          │
│ Absolute drawdown             │ 26.498 USDT (11.79%)            │
│ Drawdown duration             │ 107 days 16:00:00               │
│ Profit at drawdown start      │ 74.69 USDT                      │
│ Profit at drawdown end        │ 48.192 USDT                     │
│ Drawdown start                │ 2025-08-13 20:00:00             │
│ Drawdown end                  │ 2025-11-29 12:00:00             │
│ Market change                 │ -9.22%                          │
└───────────────────────────────┴─────────────────────────────────┘

Backtested 2025-04-22 00:00:00 -> 2026-04-17 00:00:00 | Max open trades : 3
                                                           STRATEGY SUMMARY                                                            
┏━━━━━━━━━━┳━━━━━━━━┳━━━━━━━━━━━━━━┳━━━━━━━━━━━━━━━━━┳━━━━━━━━━━━━━━┳━━━━━━━━━━━━━━━━━━┳━━━━━━━━━━━━━━━━━━━━━━━━┳━━━━━━━━━━━━━━━━━━━━━┓
┃ Strategy ┃ Trades ┃ Avg Profit % ┃ Tot Profit USDT ┃ Tot Profit % ┃     Avg Duration ┃  Win  Draw  Loss  Win% ┃            Drawdown ┃
┡━━━━━━━━━━╇━━━━━━━━╇━━━━━━━━━━━━━━╇━━━━━━━━━━━━━━━━━╇━━━━━━━━━━━━━━╇━━━━━━━━━━━━━━━━━━╇━━━━━━━━━━━━━━━━━━━━━━━━╇━━━━━━━━━━━━━━━━━━━━━┩
│      yes │     72 │         1.46 │          59.570 │        39.71 │ 2 days, 20:30:00 │   55     0    17  76.4 │ 26.498 USDT  11.79% │
└──────────┴────────┴──────────────┴─────────────────┴──────────────┴──────────────────┴────────────────────────┴─────────────────────┘