2026-04-25 22:41:37,302 - freqtrade - INFO - freqtrade 2026.3
2026-04-25 22:41:38,354 - freqtrade.configuration.load_config - INFO - Using config: /home/mohs/Desktop/ae/pyside6/user_data/config.json ...
2026-04-25 22:41:38,356 - freqtrade.loggers - INFO - Enabling colorized output.
2026-04-25 22:41:38,356 - freqtrade.loggers - INFO - Logfile configured
2026-04-25 22:41:38,356 - freqtrade.loggers - INFO - Verbosity set to 0
2026-04-25 22:41:38,357 - freqtrade.configuration.configuration - INFO - Using additional Strategy lookup path: 
/home/mohs/Desktop/ae/pyside6/user_data/optimizer/sessions/b8194b7f-3716-497e-8a17-833c28d4e223/trial_059/strategy_dir
2026-04-25 22:41:38,357 - freqtrade.configuration.configuration - WARNING - `force_entry_enable` RPC message enabled.
2026-04-25 22:41:38,357 - freqtrade.configuration.configuration - INFO - Parameter -i/--timeframe detected ... Using timeframe: 4h ...
2026-04-25 22:41:38,357 - freqtrade.configuration.configuration - INFO - Parameter --max-open-trades detected, overriding max_open_trades to: 3 ...
2026-04-25 22:41:38,358 - freqtrade.configuration.configuration - INFO - Parameter --dry-run-wallet detected, overriding dry_run_wallet to: 150.0 ...
2026-04-25 22:41:38,358 - freqtrade.configuration.configuration - INFO - Parameter --timerange detected: 20250422-20260417 ...
2026-04-25 22:41:38,358 - freqtrade.configuration.configuration - INFO - Using user-data directory: /home/mohs/Desktop/ae/pyside6/user_data ...
2026-04-25 22:41:38,359 - freqtrade.configuration.configuration - INFO - Using data directory: /home/mohs/Desktop/ae/pyside6/user_data/data/binance ...
2026-04-25 22:41:38,359 - freqtrade.configuration.configuration - INFO - Parameter --export detected: trades ...
2026-04-25 22:41:38,359 - freqtrade.configuration.configuration - INFO - Parameter --cache=day detected ...
2026-04-25 22:41:38,360 - freqtrade.configuration.configuration - INFO - Using pairs ['XRP/USDT', 'ETH/USDT', 'HOME/USDT']
2026-04-25 22:41:38,360 - freqtrade.configuration.configuration - INFO - Filter trades by timerange: 20250422-20260417
2026-04-25 22:41:38,360 - freqtrade.exchange.check_exchange - INFO - Checking exchange...
2026-04-25 22:41:38,366 - freqtrade.exchange.check_exchange - INFO - Exchange "binance" is officially supported by the Freqtrade development team.
2026-04-25 22:41:38,366 - freqtrade.configuration.config_validation - INFO - Validating configuration ...
2026-04-25 22:41:38,368 - freqtrade.commands.optimize_commands - INFO - Starting freqtrade in Backtesting mode
2026-04-25 22:41:38,369 - freqtrade.exchange.exchange - INFO - Instance is running with dry_run enabled
2026-04-25 22:41:38,369 - freqtrade.exchange.exchange - INFO - Using CCXT 4.5.50
2026-04-25 22:41:38,369 - freqtrade.exchange.exchange - INFO - Applying additional ccxt config: {'enableRateLimit': True, 'timeout': 120000}
2026-04-25 22:41:38,375 - freqtrade.exchange.exchange - INFO - Applying additional ccxt config: {'enableRateLimit': True, 'timeout': 120000}
2026-04-25 22:41:38,380 - freqtrade.exchange.exchange - INFO - Using Exchange "Binance"
2026-04-25 22:41:39,541 - freqtrade.resolvers.exchange_resolver - INFO - Using resolved exchange 'Binance'...
2026-04-25 22:41:39,549 - freqtrade.resolvers.iresolver - INFO - Using resolved strategy yes from 
'/home/mohs/Desktop/ae/pyside6/user_data/optimizer/sessions/b8194b7f-3716-497e-8a17-833c28d4e223/trial_059/strategy_dir/yes.py'...
2026-04-25 22:41:39,550 - freqtrade.strategy.hyper - INFO - Loading parameters from file 
/home/mohs/Desktop/ae/pyside6/user_data/optimizer/sessions/b8194b7f-3716-497e-8a17-833c28d4e223/trial_059/strategy_dir/yes.json
2026-04-25 22:41:39,550 - freqtrade.resolvers.strategy_resolver - INFO - Override strategy 'timeframe' with value from the configuration: 4h.
2026-04-25 22:41:39,551 - freqtrade.resolvers.strategy_resolver - INFO - Override strategy 'stake_currency' with value from the configuration: USDT.
2026-04-25 22:41:39,551 - freqtrade.resolvers.strategy_resolver - INFO - Override strategy 'stake_amount' with value from the configuration: unlimited.
2026-04-25 22:41:39,551 - freqtrade.resolvers.strategy_resolver - INFO - Override strategy 'use_exit_signal' with value from the configuration: True.
2026-04-25 22:41:39,551 - freqtrade.resolvers.strategy_resolver - INFO - Override strategy 'max_open_trades' with value from the configuration: 3.
2026-04-25 22:41:39,552 - freqtrade.resolvers.strategy_resolver - INFO - Strategy using minimal_roi: {'0': 1.51842897793998, '13': 0.522775670721527, '146': 0.13213810384360045, '38': 
0.15822492794855328}
2026-04-25 22:41:39,552 - freqtrade.resolvers.strategy_resolver - INFO - Strategy using timeframe: 4h
2026-04-25 22:41:39,552 - freqtrade.resolvers.strategy_resolver - INFO - Strategy using stoploss: -0.9388800123876052
2026-04-25 22:41:39,553 - freqtrade.resolvers.strategy_resolver - INFO - Strategy using trailing_stop: False
2026-04-25 22:41:39,553 - freqtrade.resolvers.strategy_resolver - INFO - Strategy using trailing_stop_positive: 0.4778943689345497
2026-04-25 22:41:39,553 - freqtrade.resolvers.strategy_resolver - INFO - Strategy using trailing_stop_positive_offset: 0.2662189367032715
2026-04-25 22:41:39,553 - freqtrade.resolvers.strategy_resolver - INFO - Strategy using trailing_only_offset_is_reached: True
2026-04-25 22:41:39,554 - freqtrade.resolvers.strategy_resolver - INFO - Strategy using use_custom_stoploss: False
2026-04-25 22:41:39,554 - freqtrade.resolvers.strategy_resolver - INFO - Strategy using process_only_new_candles: True
2026-04-25 22:41:39,554 - freqtrade.resolvers.strategy_resolver - INFO - Strategy using order_types: {'entry': 'limit', 'exit': 'limit', 'stoploss': 'limit', 'stoploss_on_exchange': False, 
'stoploss_on_exchange_interval': 60}
2026-04-25 22:41:39,554 - freqtrade.resolvers.strategy_resolver - INFO - Strategy using order_time_in_force: {'entry': 'GTC', 'exit': 'GTC'}
2026-04-25 22:41:39,555 - freqtrade.resolvers.strategy_resolver - INFO - Strategy using stake_currency: USDT
2026-04-25 22:41:39,555 - freqtrade.resolvers.strategy_resolver - INFO - Strategy using stake_amount: unlimited
2026-04-25 22:41:39,555 - freqtrade.resolvers.strategy_resolver - INFO - Strategy using startup_candle_count: 0
2026-04-25 22:41:39,555 - freqtrade.resolvers.strategy_resolver - INFO - Strategy using use_exit_signal: True
2026-04-25 22:41:39,556 - freqtrade.resolvers.strategy_resolver - INFO - Strategy using exit_profit_only: False
2026-04-25 22:41:39,556 - freqtrade.resolvers.strategy_resolver - INFO - Strategy using ignore_roi_if_entry_signal: False
2026-04-25 22:41:39,556 - freqtrade.resolvers.strategy_resolver - INFO - Strategy using exit_profit_offset: 0.0
2026-04-25 22:41:39,556 - freqtrade.resolvers.strategy_resolver - INFO - Strategy using disable_dataframe_checks: False
2026-04-25 22:41:39,557 - freqtrade.resolvers.strategy_resolver - INFO - Strategy using ignore_buying_expired_candle_after: 0
2026-04-25 22:41:39,557 - freqtrade.resolvers.strategy_resolver - INFO - Strategy using position_adjustment_enable: False
2026-04-25 22:41:39,557 - freqtrade.resolvers.strategy_resolver - INFO - Strategy using max_entry_position_adjustment: -1
2026-04-25 22:41:39,557 - freqtrade.resolvers.strategy_resolver - INFO - Strategy using max_open_trades: 3
2026-04-25 22:41:39,558 - freqtrade.configuration.config_validation - INFO - Validating configuration ...
2026-04-25 22:41:39,561 - freqtrade.resolvers.iresolver - INFO - Using resolved pairlist StaticPairList from 
'/home/mohs/Desktop/ae/pyside6/.venv/lib/python3.12/site-packages/freqtrade/plugins/pairlist/StaticPairList.py'...
2026-04-25 22:41:39,574 - freqtrade.optimize.backtesting - INFO - Using fee 0.1000% - worst case fee from exchange (lowest tier).
2026-04-25 22:41:39,608 - freqtrade.data.history.datahandlers.idatahandler - WARNING - HOME/USDT, spot, 4h, data starts at 2025-06-12 12:00:00
2026-04-25 22:41:39,616 - freqtrade.optimize.backtesting - INFO - Loading data from 2025-04-22 00:00:00 up to 2026-04-17 00:00:00 (360 days).
2026-04-25 22:41:39,671 - freqtrade.optimize.backtesting - INFO - Dataload complete. Calculating indicators
2026-04-25 22:41:39,680 - freqtrade.optimize.backtesting - INFO - Running backtesting for Strategy yes
2026-04-25 22:41:39,681 - freqtrade.strategy.hyper - INFO - Strategy Parameter: buy_ma_count = 2
2026-04-25 22:41:39,681 - freqtrade.strategy.hyper - INFO - Strategy Parameter: buy_ma_gap = 8
2026-04-25 22:41:39,681 - freqtrade.strategy.hyper - INFO - Strategy Parameter: sell_ma_count = 13
2026-04-25 22:41:39,681 - freqtrade.strategy.hyper - INFO - Strategy Parameter: sell_ma_gap = 40
2026-04-25 22:41:39,690 - freqtrade.optimize.backtesting - INFO - Backtesting with data from 2025-04-22 00:00:00 up to 2026-04-17 00:00:00 (360 days).
2026-04-25 22:41:40,307 - freqtrade.misc - INFO - dumping json to "/home/mohs/Desktop/ae/pyside6/user_data/backtest_results/backtest-result-2026-04-25_22-41-40.meta.json"
Result for strategy yes
                                                BACKTESTING REPORT                                                
┏━━━━━━━━━━━┳━━━━━━━━┳━━━━━━━━━━━━━━┳━━━━━━━━━━━━━━━━━┳━━━━━━━━━━━━━━┳━━━━━━━━━━━━━━━━━━┳━━━━━━━━━━━━━━━━━━━━━━━━┓
┃      Pair ┃ Trades ┃ Avg Profit % ┃ Tot Profit USDT ┃ Tot Profit % ┃     Avg Duration ┃  Win  Draw  Loss  Win% ┃
┡━━━━━━━━━━━╇━━━━━━━━╇━━━━━━━━━━━━━━╇━━━━━━━━━━━━━━━━━╇━━━━━━━━━━━━━━╇━━━━━━━━━━━━━━━━━━╇━━━━━━━━━━━━━━━━━━━━━━━━┩
│  ETH/USDT │     14 │         4.61 │          34.928 │        23.29 │ 5 days, 10:51:00 │    8     0     6  57.1 │
│  XRP/USDT │     11 │         4.23 │          29.055 │        19.37 │ 6 days, 11:16:00 │    8     0     3  72.7 │
│ HOME/USDT │     12 │         3.76 │          26.595 │        17.73 │  5 days, 0:00:00 │    7     0     5  58.3 │
│     TOTAL │     37 │         4.22 │          90.578 │        60.39 │ 5 days, 14:36:00 │   23     0    14  62.2 │
└───────────┴────────┴──────────────┴─────────────────┴──────────────┴──────────────────┴────────────────────────┘
                                            LEFT OPEN TRADES REPORT                                             
┏━━━━━━━━━━┳━━━━━━━━┳━━━━━━━━━━━━━━┳━━━━━━━━━━━━━━━━━┳━━━━━━━━━━━━━━┳━━━━━━━━━━━━━━━━━┳━━━━━━━━━━━━━━━━━━━━━━━━┓
┃     Pair ┃ Trades ┃ Avg Profit % ┃ Tot Profit USDT ┃ Tot Profit % ┃    Avg Duration ┃  Win  Draw  Loss  Win% ┃
┡━━━━━━━━━━╇━━━━━━━━╇━━━━━━━━━━━━━━╇━━━━━━━━━━━━━━━━━╇━━━━━━━━━━━━━━╇━━━━━━━━━━━━━━━━━╇━━━━━━━━━━━━━━━━━━━━━━━━┩
│ XRP/USDT │      1 │         3.11 │           2.481 │         1.65 │        20:00:00 │    1     0     0   100 │
│ ETH/USDT │      1 │         -1.1 │          -0.874 │        -0.58 │ 3 days, 0:00:00 │    0     0     1     0 │
│    TOTAL │      2 │         1.01 │           1.607 │         1.07 │ 1 day, 22:00:00 │    1     0     1  50.0 │
└──────────┴────────┴──────────────┴─────────────────┴──────────────┴─────────────────┴────────────────────────┘
                                                  ENTER TAG STATS                                                  
┏━━━━━━━━━━━┳━━━━━━━━━┳━━━━━━━━━━━━━━┳━━━━━━━━━━━━━━━━━┳━━━━━━━━━━━━━━┳━━━━━━━━━━━━━━━━━━┳━━━━━━━━━━━━━━━━━━━━━━━━┓
┃ Enter Tag ┃ Entries ┃ Avg Profit % ┃ Tot Profit USDT ┃ Tot Profit % ┃     Avg Duration ┃  Win  Draw  Loss  Win% ┃
┡━━━━━━━━━━━╇━━━━━━━━━╇━━━━━━━━━━━━━━╇━━━━━━━━━━━━━━━━━╇━━━━━━━━━━━━━━╇━━━━━━━━━━━━━━━━━━╇━━━━━━━━━━━━━━━━━━━━━━━━┩
│     OTHER │      37 │         4.22 │          90.578 │        60.39 │ 5 days, 14:36:00 │   23     0    14  62.2 │
│     TOTAL │      37 │         4.22 │          90.578 │        60.39 │ 5 days, 14:36:00 │   23     0    14  62.2 │
└───────────┴─────────┴──────────────┴─────────────────┴──────────────┴──────────────────┴────────────────────────┘
                                                 EXIT REASON STATS                                                 
┏━━━━━━━━━━━━━┳━━━━━━━┳━━━━━━━━━━━━━━┳━━━━━━━━━━━━━━━━━┳━━━━━━━━━━━━━━┳━━━━━━━━━━━━━━━━━━┳━━━━━━━━━━━━━━━━━━━━━━━━┓
┃ Exit Reason ┃ Exits ┃ Avg Profit % ┃ Tot Profit USDT ┃ Tot Profit % ┃     Avg Duration ┃  Win  Draw  Loss  Win% ┃
┡━━━━━━━━━━━━━╇━━━━━━━╇━━━━━━━━━━━━━━╇━━━━━━━━━━━━━━━━━╇━━━━━━━━━━━━━━╇━━━━━━━━━━━━━━━━━━╇━━━━━━━━━━━━━━━━━━━━━━━━┩
│         roi │    15 │        13.22 │         117.062 │        78.04 │  6 days, 1:20:00 │   15     0     0   100 │
│  force_exit │     2 │         1.01 │           1.607 │         1.07 │  1 day, 22:00:00 │    1     0     1  50.0 │
│ exit_signal │    20 │         -2.2 │         -28.091 │       -18.73 │ 5 days, 15:24:00 │    7     0    13  35.0 │
│       TOTAL │    37 │         4.22 │          90.578 │        60.39 │ 5 days, 14:36:00 │   23     0    14  62.2 │
└─────────────┴───────┴──────────────┴─────────────────┴──────────────┴──────────────────┴────────────────────────┘
                                                        MIXED TAG STATS                                                         
┏━━━━━━━━━━━┳━━━━━━━━━━━━━┳━━━━━━━━┳━━━━━━━━━━━━━━┳━━━━━━━━━━━━━━━━━┳━━━━━━━━━━━━━━┳━━━━━━━━━━━━━━━━━━┳━━━━━━━━━━━━━━━━━━━━━━━━┓
┃ Enter Tag ┃ Exit Reason ┃ Trades ┃ Avg Profit % ┃ Tot Profit USDT ┃ Tot Profit % ┃     Avg Duration ┃  Win  Draw  Loss  Win% ┃
┡━━━━━━━━━━━╇━━━━━━━━━━━━━╇━━━━━━━━╇━━━━━━━━━━━━━━╇━━━━━━━━━━━━━━━━━╇━━━━━━━━━━━━━━╇━━━━━━━━━━━━━━━━━━╇━━━━━━━━━━━━━━━━━━━━━━━━┩
│           │         roi │     15 │        13.22 │         117.062 │        78.04 │  6 days, 1:20:00 │   15     0     0   100 │
│           │  force_exit │      2 │         1.01 │           1.607 │         1.07 │  1 day, 22:00:00 │    1     0     1  50.0 │
│           │ exit_signal │     20 │         -2.2 │         -28.091 │       -18.73 │ 5 days, 15:24:00 │    7     0    13  35.0 │
│     TOTAL │             │     37 │         4.22 │          90.578 │        60.39 │ 5 days, 14:36:00 │   23     0    14  62.2 │
└───────────┴─────────────┴────────┴──────────────┴─────────────────┴──────────────┴──────────────────┴────────────────────────┘
                          SUMMARY METRICS                          
┏━━━━━━━━━━━━━━━━━━━━━━━━━━━━━━━┳━━━━━━━━━━━━━━━━━━━━━━━━━━━━━━━━━┓
┃ Metric                        ┃ Value                           ┃
┡━━━━━━━━━━━━━━━━━━━━━━━━━━━━━━━╇━━━━━━━━━━━━━━━━━━━━━━━━━━━━━━━━━┩
│ Backtesting from              │ 2025-04-22 00:00:00             │
│ Backtesting to                │ 2026-04-17 00:00:00             │
│ Trading Mode                  │ Spot                            │
│ Max open trades               │ 3                               │
│                               │                                 │
│ Total/Daily Avg Trades        │ 37 / 0.1                        │
│ Starting balance              │ 150 USDT                        │
│ Final balance                 │ 240.578 USDT                    │
│ Absolute profit               │ 90.578 USDT                     │
│ Total profit %                │ 60.39%                          │
│ CAGR %                        │ 61.44%                          │
│ Sortino                       │ 2.11                            │
│ Sharpe                        │ 0.93                            │
│ Calmar                        │ 27.96                           │
│ SQN                           │ 2.83                            │
│ Profit factor                 │ 2.97                            │
│ Expectancy (Ratio)            │ 2.45 (0.75)                     │
│ Avg. daily profit             │ 0.252 USDT                      │
│ Avg. stake amount             │ 67.63 USDT                      │
│ Total trade volume            │ 5105.414 USDT                   │
│                               │                                 │
│ Best Pair                     │ ETH/USDT 23.29%                 │
│ Worst Pair                    │ HOME/USDT 17.73%                │
│ Best trade                    │ HOME/USDT 13.23%                │
│ Worst trade                   │ XRP/USDT -17.07%                │
│ Best day                      │ 18.231 USDT                     │
│ Worst day                     │ -9.661 USDT                     │
│ Days win/draw/lose            │ 20 / 314 / 11                   │
│ Min/Max/Avg. Duration Winners │ 0d 08:00 / 19d 00:00 / 5d 16:52 │
│ Min/Max/Avg. Duration Losers  │ 0d 04:00 / 31d 20:00 / 5d 10:51 │
│ Max Consecutive Wins / Loss   │ 11 / 3                          │
│ Rejected Entry signals        │ 0                               │
│ Entry/Exit Timeouts           │ 0 / 0                           │
│                               │                                 │
│ Min balance                   │ 156.602 USDT                    │
│ Max balance                   │ 248.473 USDT                    │
│ Max % of account underwater   │ 11.46%                          │
│ Absolute drawdown             │ 20.319 USDT (11.46%)            │
│ Drawdown duration             │ 35 days 16:00:00                │
│ Profit at drawdown start      │ 27.284 USDT                     │
│ Profit at drawdown end        │ 6.965 USDT                      │
│ Drawdown start                │ 2025-05-13 16:00:00             │
│ Drawdown end                  │ 2025-06-18 08:00:00             │
│ Market change                 │ -9.22%                          │
└───────────────────────────────┴─────────────────────────────────┘

Backtested 2025-04-22 00:00:00 -> 2026-04-17 00:00:00 | Max open trades : 3
                                                           STRATEGY SUMMARY                                                            
┏━━━━━━━━━━┳━━━━━━━━┳━━━━━━━━━━━━━━┳━━━━━━━━━━━━━━━━━┳━━━━━━━━━━━━━━┳━━━━━━━━━━━━━━━━━━┳━━━━━━━━━━━━━━━━━━━━━━━━┳━━━━━━━━━━━━━━━━━━━━━┓
┃ Strategy ┃ Trades ┃ Avg Profit % ┃ Tot Profit USDT ┃ Tot Profit % ┃     Avg Duration ┃  Win  Draw  Loss  Win% ┃            Drawdown ┃
┡━━━━━━━━━━╇━━━━━━━━╇━━━━━━━━━━━━━━╇━━━━━━━━━━━━━━━━━╇━━━━━━━━━━━━━━╇━━━━━━━━━━━━━━━━━━╇━━━━━━━━━━━━━━━━━━━━━━━━╇━━━━━━━━━━━━━━━━━━━━━┩
│      yes │     37 │         4.22 │          90.578 │        60.39 │ 5 days, 14:36:00 │   23     0    14  62.2 │ 20.319 USDT  11.46% │
└──────────┴────────┴──────────────┴─────────────────┴──────────────┴──────────────────┴────────────────────────┴─────────────────────┘