2026-04-25 21:59:45,042 - freqtrade - INFO - freqtrade 2026.3
2026-04-25 21:59:46,081 - freqtrade.configuration.load_config - INFO - Using config: /home/mohs/Desktop/ae/pyside6/user_data/config.json ...
2026-04-25 21:59:46,083 - freqtrade.loggers - INFO - Enabling colorized output.
2026-04-25 21:59:46,083 - freqtrade.loggers - INFO - Logfile configured
2026-04-25 21:59:46,084 - freqtrade.loggers - INFO - Verbosity set to 0
2026-04-25 21:59:46,084 - freqtrade.configuration.configuration - INFO - Using additional Strategy lookup path: 
/home/mohs/Desktop/ae/pyside6/user_data/optimizer/sessions/cc8d7aa3-4a01-4b96-b398-01484bd54a80/trial_030/strategy_dir
2026-04-25 21:59:46,084 - freqtrade.configuration.configuration - WARNING - `force_entry_enable` RPC message enabled.
2026-04-25 21:59:46,084 - freqtrade.configuration.configuration - INFO - Parameter -i/--timeframe detected ... Using timeframe: 5m ...
2026-04-25 21:59:46,085 - freqtrade.configuration.configuration - INFO - Parameter --max-open-trades detected, overriding max_open_trades to: 3 ...
2026-04-25 21:59:46,085 - freqtrade.configuration.configuration - INFO - Parameter --dry-run-wallet detected, overriding dry_run_wallet to: 150.0 ...
2026-04-25 21:59:46,085 - freqtrade.configuration.configuration - INFO - Parameter --timerange detected: 20250422-20260417 ...
2026-04-25 21:59:46,086 - freqtrade.configuration.configuration - INFO - Using user-data directory: /home/mohs/Desktop/ae/pyside6/user_data ...
2026-04-25 21:59:46,086 - freqtrade.configuration.configuration - INFO - Using data directory: /home/mohs/Desktop/ae/pyside6/user_data/data/binance ...
2026-04-25 21:59:46,086 - freqtrade.configuration.configuration - INFO - Parameter --export detected: trades ...
2026-04-25 21:59:46,086 - freqtrade.configuration.configuration - INFO - Parameter --cache=day detected ...
2026-04-25 21:59:46,087 - freqtrade.configuration.configuration - INFO - Using pairs ['XRP/USDT', 'ETH/USDT', 'HOME/USDT']
2026-04-25 21:59:46,087 - freqtrade.configuration.configuration - INFO - Filter trades by timerange: 20250422-20260417
2026-04-25 21:59:46,087 - freqtrade.exchange.check_exchange - INFO - Checking exchange...
2026-04-25 21:59:46,093 - freqtrade.exchange.check_exchange - INFO - Exchange "binance" is officially supported by the Freqtrade development team.
2026-04-25 21:59:46,094 - freqtrade.configuration.config_validation - INFO - Validating configuration ...
2026-04-25 21:59:46,097 - freqtrade.commands.optimize_commands - INFO - Starting freqtrade in Backtesting mode
2026-04-25 21:59:46,098 - freqtrade.exchange.exchange - INFO - Instance is running with dry_run enabled
2026-04-25 21:59:46,098 - freqtrade.exchange.exchange - INFO - Using CCXT 4.5.50
2026-04-25 21:59:46,099 - freqtrade.exchange.exchange - INFO - Applying additional ccxt config: {'enableRateLimit': True, 'timeout': 120000}
2026-04-25 21:59:46,104 - freqtrade.exchange.exchange - INFO - Applying additional ccxt config: {'enableRateLimit': True, 'timeout': 120000}
2026-04-25 21:59:46,110 - freqtrade.exchange.exchange - INFO - Using Exchange "Binance"
2026-04-25 21:59:47,315 - freqtrade.resolvers.exchange_resolver - INFO - Using resolved exchange 'Binance'...
2026-04-25 21:59:47,324 - freqtrade.resolvers.iresolver - INFO - Using resolved strategy yes from 
'/home/mohs/Desktop/ae/pyside6/user_data/optimizer/sessions/cc8d7aa3-4a01-4b96-b398-01484bd54a80/trial_030/strategy_dir/yes.py'...
2026-04-25 21:59:47,324 - freqtrade.strategy.hyper - INFO - Loading parameters from file 
/home/mohs/Desktop/ae/pyside6/user_data/optimizer/sessions/cc8d7aa3-4a01-4b96-b398-01484bd54a80/trial_030/strategy_dir/yes.json
2026-04-25 21:59:47,325 - freqtrade.resolvers.strategy_resolver - INFO - Override strategy 'timeframe' with value from the configuration: 5m.
2026-04-25 21:59:47,325 - freqtrade.resolvers.strategy_resolver - INFO - Override strategy 'stake_currency' with value from the configuration: USDT.
2026-04-25 21:59:47,325 - freqtrade.resolvers.strategy_resolver - INFO - Override strategy 'stake_amount' with value from the configuration: unlimited.
2026-04-25 21:59:47,326 - freqtrade.resolvers.strategy_resolver - INFO - Override strategy 'use_exit_signal' with value from the configuration: True.
2026-04-25 21:59:47,326 - freqtrade.resolvers.strategy_resolver - INFO - Override strategy 'max_open_trades' with value from the configuration: 3.
2026-04-25 21:59:47,326 - freqtrade.resolvers.strategy_resolver - INFO - Strategy using minimal_roi: {'0': 1.7617682253596625, '13': 1.4229180939411985, '146': 0.13871302699260518, '38': 
0.16495302779445004}
2026-04-25 21:59:47,327 - freqtrade.resolvers.strategy_resolver - INFO - Strategy using timeframe: 5m
2026-04-25 21:59:47,327 - freqtrade.resolvers.strategy_resolver - INFO - Strategy using stoploss: -0.5406362325486633
2026-04-25 21:59:47,327 - freqtrade.resolvers.strategy_resolver - INFO - Strategy using trailing_stop: False
2026-04-25 21:59:47,327 - freqtrade.resolvers.strategy_resolver - INFO - Strategy using trailing_stop_positive: 0.11942177688369426
2026-04-25 21:59:47,328 - freqtrade.resolvers.strategy_resolver - INFO - Strategy using trailing_stop_positive_offset: 0.5861840654194067
2026-04-25 21:59:47,328 - freqtrade.resolvers.strategy_resolver - INFO - Strategy using trailing_only_offset_is_reached: False
2026-04-25 21:59:47,328 - freqtrade.resolvers.strategy_resolver - INFO - Strategy using use_custom_stoploss: False
2026-04-25 21:59:47,328 - freqtrade.resolvers.strategy_resolver - INFO - Strategy using process_only_new_candles: True
2026-04-25 21:59:47,329 - freqtrade.resolvers.strategy_resolver - INFO - Strategy using order_types: {'entry': 'limit', 'exit': 'limit', 'stoploss': 'limit', 'stoploss_on_exchange': False, 
'stoploss_on_exchange_interval': 60}
2026-04-25 21:59:47,329 - freqtrade.resolvers.strategy_resolver - INFO - Strategy using order_time_in_force: {'entry': 'GTC', 'exit': 'GTC'}
2026-04-25 21:59:47,329 - freqtrade.resolvers.strategy_resolver - INFO - Strategy using stake_currency: USDT
2026-04-25 21:59:47,330 - freqtrade.resolvers.strategy_resolver - INFO - Strategy using stake_amount: unlimited
2026-04-25 21:59:47,330 - freqtrade.resolvers.strategy_resolver - INFO - Strategy using startup_candle_count: 0
2026-04-25 21:59:47,330 - freqtrade.resolvers.strategy_resolver - INFO - Strategy using use_exit_signal: True
2026-04-25 21:59:47,330 - freqtrade.resolvers.strategy_resolver - INFO - Strategy using exit_profit_only: False
2026-04-25 21:59:47,331 - freqtrade.resolvers.strategy_resolver - INFO - Strategy using ignore_roi_if_entry_signal: False
2026-04-25 21:59:47,331 - freqtrade.resolvers.strategy_resolver - INFO - Strategy using exit_profit_offset: 0.0
2026-04-25 21:59:47,331 - freqtrade.resolvers.strategy_resolver - INFO - Strategy using disable_dataframe_checks: False
2026-04-25 21:59:47,331 - freqtrade.resolvers.strategy_resolver - INFO - Strategy using ignore_buying_expired_candle_after: 0
2026-04-25 21:59:47,332 - freqtrade.resolvers.strategy_resolver - INFO - Strategy using position_adjustment_enable: False
2026-04-25 21:59:47,332 - freqtrade.resolvers.strategy_resolver - INFO - Strategy using max_entry_position_adjustment: -1
2026-04-25 21:59:47,332 - freqtrade.resolvers.strategy_resolver - INFO - Strategy using max_open_trades: 3
2026-04-25 21:59:47,333 - freqtrade.configuration.config_validation - INFO - Validating configuration ...
2026-04-25 21:59:47,336 - freqtrade.resolvers.iresolver - INFO - Using resolved pairlist StaticPairList from 
'/home/mohs/Desktop/ae/pyside6/.venv/lib/python3.12/site-packages/freqtrade/plugins/pairlist/StaticPairList.py'...
2026-04-25 21:59:47,350 - freqtrade.optimize.backtesting - INFO - Using fee 0.1000% - worst case fee from exchange (lowest tier).
2026-04-25 21:59:47,489 - freqtrade.data.history.datahandlers.idatahandler - WARNING - XRP/USDT, spot, 5m, data ends at 2026-04-11 01:45:00
2026-04-25 21:59:47,883 - freqtrade.data.history.datahandlers.idatahandler - WARNING - HOME/USDT, spot, 5m, data starts at 2025-06-12 15:00:00
2026-04-25 21:59:47,912 - freqtrade.optimize.backtesting - INFO - Loading data from 2025-04-22 00:00:00 up to 2026-04-17 00:00:00 (360 days).
2026-04-25 21:59:49,987 - freqtrade.optimize.backtesting - INFO - Dataload complete. Calculating indicators
2026-04-25 21:59:49,993 - freqtrade.optimize.backtesting - INFO - Running backtesting for Strategy yes
2026-04-25 21:59:49,993 - freqtrade.strategy.hyper - INFO - Strategy Parameter: buy_ma_count = 5
2026-04-25 21:59:49,994 - freqtrade.strategy.hyper - INFO - Strategy Parameter: buy_ma_gap = 2
2026-04-25 21:59:49,994 - freqtrade.strategy.hyper - INFO - Strategy Parameter: sell_ma_count = 9
2026-04-25 21:59:49,994 - freqtrade.strategy.hyper - INFO - Strategy Parameter: sell_ma_gap = 22
2026-04-25 21:59:50,103 - freqtrade.optimize.backtesting - INFO - Backtesting with data from 2025-04-22 00:00:00 up to 2026-04-17 00:00:00 (360 days).
/home/mohs/Desktop/ae/pyside6/.venv/lib/python3.12/site-packages/freqtrade/data/metrics.py:77: FutureWarning: The default fill_method='pad' in DataFrame.pct_change is deprecated and will be removed in a future version. Either fill in any non-leading NA values prior to calling pct_change or specify 'fill_method=None' to not fill NA values.
  rel_mean = df_comb.pct_change().mean(axis=1).fillna(0).cumsum()
2026-04-25 21:59:54,469 - freqtrade.misc - INFO - dumping json to "/home/mohs/Desktop/ae/pyside6/user_data/backtest_results/backtest-result-2026-04-25_21-59-54.meta.json"
Result for strategy yes
                                              BACKTESTING REPORT                                              
┏━━━━━━━━━━━┳━━━━━━━━┳━━━━━━━━━━━━━━┳━━━━━━━━━━━━━━━━━┳━━━━━━━━━━━━━━┳━━━━━━━━━━━━━━┳━━━━━━━━━━━━━━━━━━━━━━━━┓
┃      Pair ┃ Trades ┃ Avg Profit % ┃ Tot Profit USDT ┃ Tot Profit % ┃ Avg Duration ┃  Win  Draw  Loss  Win% ┃
┡━━━━━━━━━━━╇━━━━━━━━╇━━━━━━━━━━━━━━╇━━━━━━━━━━━━━━━━━╇━━━━━━━━━━━━━━╇━━━━━━━━━━━━━━╇━━━━━━━━━━━━━━━━━━━━━━━━┩
│ HOME/USDT │    429 │        -0.14 │         -21.173 │       -14.12 │      1:07:00 │  123     0   306  28.7 │
│  XRP/USDT │    506 │        -0.15 │         -28.098 │       -18.73 │      1:06:00 │  134     0   372  26.5 │
│  ETH/USDT │    496 │        -0.16 │         -28.723 │       -19.15 │      1:05:00 │  136     0   360  27.4 │
│     TOTAL │   1431 │        -0.15 │         -77.994 │        -52.0 │      1:06:00 │  393     0  1038  27.5 │
└───────────┴────────┴──────────────┴─────────────────┴──────────────┴──────────────┴────────────────────────┘
                                         LEFT OPEN TRADES REPORT                                          
┏━━━━━━━┳━━━━━━━━┳━━━━━━━━━━━━━━┳━━━━━━━━━━━━━━━━━┳━━━━━━━━━━━━━━┳━━━━━━━━━━━━━━┳━━━━━━━━━━━━━━━━━━━━━━━━┓
┃  Pair ┃ Trades ┃ Avg Profit % ┃ Tot Profit USDT ┃ Tot Profit % ┃ Avg Duration ┃  Win  Draw  Loss  Win% ┃
┡━━━━━━━╇━━━━━━━━╇━━━━━━━━━━━━━━╇━━━━━━━━━━━━━━━━━╇━━━━━━━━━━━━━━╇━━━━━━━━━━━━━━╇━━━━━━━━━━━━━━━━━━━━━━━━┩
│ TOTAL │      0 │          0.0 │           0.000 │          0.0 │         0:00 │    0     0     0     0 │
└───────┴────────┴──────────────┴─────────────────┴──────────────┴──────────────┴────────────────────────┘
                                                ENTER TAG STATS                                                
┏━━━━━━━━━━━┳━━━━━━━━━┳━━━━━━━━━━━━━━┳━━━━━━━━━━━━━━━━━┳━━━━━━━━━━━━━━┳━━━━━━━━━━━━━━┳━━━━━━━━━━━━━━━━━━━━━━━━┓
┃ Enter Tag ┃ Entries ┃ Avg Profit % ┃ Tot Profit USDT ┃ Tot Profit % ┃ Avg Duration ┃  Win  Draw  Loss  Win% ┃
┡━━━━━━━━━━━╇━━━━━━━━━╇━━━━━━━━━━━━━━╇━━━━━━━━━━━━━━━━━╇━━━━━━━━━━━━━━╇━━━━━━━━━━━━━━╇━━━━━━━━━━━━━━━━━━━━━━━━┩
│     OTHER │    1431 │        -0.15 │         -77.994 │        -52.0 │      1:06:00 │  393     0  1038  27.5 │
│     TOTAL │    1431 │        -0.15 │         -77.994 │        -52.0 │      1:06:00 │  393     0  1038  27.5 │
└───────────┴─────────┴──────────────┴─────────────────┴──────────────┴──────────────┴────────────────────────┘
                                               EXIT REASON STATS                                               
┏━━━━━━━━━━━━━┳━━━━━━━┳━━━━━━━━━━━━━━┳━━━━━━━━━━━━━━━━━┳━━━━━━━━━━━━━━┳━━━━━━━━━━━━━━┳━━━━━━━━━━━━━━━━━━━━━━━━┓
┃ Exit Reason ┃ Exits ┃ Avg Profit % ┃ Tot Profit USDT ┃ Tot Profit % ┃ Avg Duration ┃  Win  Draw  Loss  Win% ┃
┡━━━━━━━━━━━━━╇━━━━━━━╇━━━━━━━━━━━━━━╇━━━━━━━━━━━━━━━━━╇━━━━━━━━━━━━━━╇━━━━━━━━━━━━━━╇━━━━━━━━━━━━━━━━━━━━━━━━┩
│         roi │     3 │         16.5 │          17.291 │        11.53 │      0:55:00 │    3     0     0   100 │
│ exit_signal │  1428 │        -0.18 │         -95.284 │       -63.52 │      1:06:00 │  390     0  1038  27.3 │
│       TOTAL │  1431 │        -0.15 │         -77.994 │        -52.0 │      1:06:00 │  393     0  1038  27.5 │
└─────────────┴───────┴──────────────┴─────────────────┴──────────────┴──────────────┴────────────────────────┘
                                                      MIXED TAG STATS                                                       
┏━━━━━━━━━━━┳━━━━━━━━━━━━━┳━━━━━━━━┳━━━━━━━━━━━━━━┳━━━━━━━━━━━━━━━━━┳━━━━━━━━━━━━━━┳━━━━━━━━━━━━━━┳━━━━━━━━━━━━━━━━━━━━━━━━┓
┃ Enter Tag ┃ Exit Reason ┃ Trades ┃ Avg Profit % ┃ Tot Profit USDT ┃ Tot Profit % ┃ Avg Duration ┃  Win  Draw  Loss  Win% ┃
┡━━━━━━━━━━━╇━━━━━━━━━━━━━╇━━━━━━━━╇━━━━━━━━━━━━━━╇━━━━━━━━━━━━━━━━━╇━━━━━━━━━━━━━━╇━━━━━━━━━━━━━━╇━━━━━━━━━━━━━━━━━━━━━━━━┩
│           │         roi │      3 │         16.5 │          17.291 │        11.53 │      0:55:00 │    3     0     0   100 │
│           │ exit_signal │   1428 │        -0.18 │         -95.284 │       -63.52 │      1:06:00 │  390     0  1038  27.3 │
│     TOTAL │             │   1431 │        -0.15 │         -77.994 │        -52.0 │      1:06:00 │  393     0  1038  27.5 │
└───────────┴─────────────┴────────┴──────────────┴─────────────────┴──────────────┴──────────────┴────────────────────────┘
                         SUMMARY METRICS                          
┏━━━━━━━━━━━━━━━━━━━━━━━━━━━━━━━┳━━━━━━━━━━━━━━━━━━━━━━━━━━━━━━━━┓
┃ Metric                        ┃ Value                          ┃
┡━━━━━━━━━━━━━━━━━━━━━━━━━━━━━━━╇━━━━━━━━━━━━━━━━━━━━━━━━━━━━━━━━┩
│ Backtesting from              │ 2025-04-22 00:00:00            │
│ Backtesting to                │ 2026-04-17 00:00:00            │
│ Trading Mode                  │ Spot                           │
│ Max open trades               │ 3                              │
│                               │                                │
│ Total/Daily Avg Trades        │ 1431 / 3.98                    │
│ Starting balance              │ 150 USDT                       │
│ Final balance                 │ 72.006 USDT                    │
│ Absolute profit               │ -77.994 USDT                   │
│ Total profit %                │ -52.00%                        │
│ CAGR %                        │ -52.48%                        │
│ Sortino                       │ -11.88                         │
│ Sharpe                        │ -7.84                          │
│ Calmar                        │ -5.12                          │
│ SQN                           │ -3.91                          │
│ Profit factor                 │ 0.66                           │
│ Expectancy (Ratio)            │ -0.05 (-0.25)                  │
│ Avg. daily profit             │ -0.217 USDT                    │
│ Avg. stake amount             │ 33.092 USDT                    │
│ Total trade volume            │ 94820.561 USDT                 │
│                               │                                │
│ Best Pair                     │ HOME/USDT -14.12%              │
│ Worst Pair                    │ ETH/USDT -19.15%               │
│ Best trade                    │ HOME/USDT 16.50%               │
│ Worst trade                   │ HOME/USDT -20.63%              │
│ Best day                      │ 6.499 USDT                     │
│ Worst day                     │ -10.131 USDT                   │
│ Days win/draw/lose            │ 100 / 15 / 245                 │
│ Min/Max/Avg. Duration Winners │ 0d 00:25 / 0d 08:00 / 0d 01:53 │
│ Min/Max/Avg. Duration Losers  │ 0d 00:05 / 0d 08:30 / 0d 00:49 │
│ Max Consecutive Wins / Loss   │ 6 / 18                         │
│ Rejected Entry signals        │ 0                              │
│ Entry/Exit Timeouts           │ 0 / 0                          │
│                               │                                │
│ Min balance                   │ 71.19 USDT                     │
│ Max balance                   │ 154.45 USDT                    │
│ Max % of account underwater   │ 53.91%                         │
│ Absolute drawdown             │ 83.26 USDT (53.91%)            │
│ Drawdown duration             │ 349 days 20:55:00              │
│ Profit at drawdown start      │ 4.45 USDT                      │
│ Profit at drawdown end        │ -78.81 USDT                    │
│ Drawdown start                │ 2025-04-22 23:15:00            │
│ Drawdown end                  │ 2026-04-07 20:10:00            │
│ Market change                 │ -10.52%                        │
└───────────────────────────────┴────────────────────────────────┘

Backtested 2025-04-22 00:00:00 -> 2026-04-17 00:00:00 | Max open trades : 3
                                                         STRATEGY SUMMARY                                                         
┏━━━━━━━━━━┳━━━━━━━━┳━━━━━━━━━━━━━━┳━━━━━━━━━━━━━━━━━┳━━━━━━━━━━━━━━┳━━━━━━━━━━━━━━┳━━━━━━━━━━━━━━━━━━━━━━━━┳━━━━━━━━━━━━━━━━━━━━┓
┃ Strategy ┃ Trades ┃ Avg Profit % ┃ Tot Profit USDT ┃ Tot Profit % ┃ Avg Duration ┃  Win  Draw  Loss  Win% ┃           Drawdown ┃
┡━━━━━━━━━━╇━━━━━━━━╇━━━━━━━━━━━━━━╇━━━━━━━━━━━━━━━━━╇━━━━━━━━━━━━━━╇━━━━━━━━━━━━━━╇━━━━━━━━━━━━━━━━━━━━━━━━╇━━━━━━━━━━━━━━━━━━━━┩
│      yes │   1431 │        -0.15 │         -77.994 │        -52.0 │      1:06:00 │  393     0  1038  27.5 │ 83.26 USDT  53.91% │
└──────────┴────────┴──────────────┴─────────────────┴──────────────┴──────────────┴────────────────────────┴────────────────────┘