2026-04-25 22:08:05,131 - freqtrade - INFO - freqtrade 2026.3
2026-04-25 22:08:06,171 - freqtrade.configuration.load_config - INFO - Using config: /home/mohs/Desktop/ae/pyside6/user_data/config.json ...
2026-04-25 22:08:06,174 - freqtrade.loggers - INFO - Enabling colorized output.
2026-04-25 22:08:06,174 - freqtrade.loggers - INFO - Logfile configured
2026-04-25 22:08:06,175 - freqtrade.loggers - INFO - Verbosity set to 0
2026-04-25 22:08:06,175 - freqtrade.configuration.configuration - INFO - Using additional Strategy lookup path: 
/home/mohs/Desktop/ae/pyside6/user_data/optimizer/sessions/cc8d7aa3-4a01-4b96-b398-01484bd54a80/trial_080/strategy_dir
2026-04-25 22:08:06,175 - freqtrade.configuration.configuration - WARNING - `force_entry_enable` RPC message enabled.
2026-04-25 22:08:06,175 - freqtrade.configuration.configuration - INFO - Parameter -i/--timeframe detected ... Using timeframe: 5m ...
2026-04-25 22:08:06,176 - freqtrade.configuration.configuration - INFO - Parameter --max-open-trades detected, overriding max_open_trades to: 3 ...
2026-04-25 22:08:06,176 - freqtrade.configuration.configuration - INFO - Parameter --dry-run-wallet detected, overriding dry_run_wallet to: 150.0 ...
2026-04-25 22:08:06,176 - freqtrade.configuration.configuration - INFO - Parameter --timerange detected: 20250422-20260417 ...
2026-04-25 22:08:06,177 - freqtrade.configuration.configuration - INFO - Using user-data directory: /home/mohs/Desktop/ae/pyside6/user_data ...
2026-04-25 22:08:06,177 - freqtrade.configuration.configuration - INFO - Using data directory: /home/mohs/Desktop/ae/pyside6/user_data/data/binance ...
2026-04-25 22:08:06,177 - freqtrade.configuration.configuration - INFO - Parameter --export detected: trades ...
2026-04-25 22:08:06,178 - freqtrade.configuration.configuration - INFO - Parameter --cache=day detected ...
2026-04-25 22:08:06,178 - freqtrade.configuration.configuration - INFO - Using pairs ['XRP/USDT', 'ETH/USDT', 'HOME/USDT']
2026-04-25 22:08:06,178 - freqtrade.configuration.configuration - INFO - Filter trades by timerange: 20250422-20260417
2026-04-25 22:08:06,179 - freqtrade.exchange.check_exchange - INFO - Checking exchange...
2026-04-25 22:08:06,185 - freqtrade.exchange.check_exchange - INFO - Exchange "binance" is officially supported by the Freqtrade development team.
2026-04-25 22:08:06,185 - freqtrade.configuration.config_validation - INFO - Validating configuration ...
2026-04-25 22:08:06,187 - freqtrade.commands.optimize_commands - INFO - Starting freqtrade in Backtesting mode
2026-04-25 22:08:06,187 - freqtrade.exchange.exchange - INFO - Instance is running with dry_run enabled
2026-04-25 22:08:06,188 - freqtrade.exchange.exchange - INFO - Using CCXT 4.5.50
2026-04-25 22:08:06,188 - freqtrade.exchange.exchange - INFO - Applying additional ccxt config: {'enableRateLimit': True, 'timeout': 120000}
2026-04-25 22:08:06,193 - freqtrade.exchange.exchange - INFO - Applying additional ccxt config: {'enableRateLimit': True, 'timeout': 120000}
2026-04-25 22:08:06,198 - freqtrade.exchange.exchange - INFO - Using Exchange "Binance"
2026-04-25 22:08:07,957 - freqtrade.resolvers.exchange_resolver - INFO - Using resolved exchange 'Binance'...
2026-04-25 22:08:07,965 - freqtrade.resolvers.iresolver - INFO - Using resolved strategy yes from 
'/home/mohs/Desktop/ae/pyside6/user_data/optimizer/sessions/cc8d7aa3-4a01-4b96-b398-01484bd54a80/trial_080/strategy_dir/yes.py'...
2026-04-25 22:08:07,966 - freqtrade.strategy.hyper - INFO - Loading parameters from file 
/home/mohs/Desktop/ae/pyside6/user_data/optimizer/sessions/cc8d7aa3-4a01-4b96-b398-01484bd54a80/trial_080/strategy_dir/yes.json
2026-04-25 22:08:07,966 - freqtrade.resolvers.strategy_resolver - INFO - Override strategy 'timeframe' with value from the configuration: 5m.
2026-04-25 22:08:07,966 - freqtrade.resolvers.strategy_resolver - INFO - Override strategy 'stake_currency' with value from the configuration: USDT.
2026-04-25 22:08:07,967 - freqtrade.resolvers.strategy_resolver - INFO - Override strategy 'stake_amount' with value from the configuration: unlimited.
2026-04-25 22:08:07,967 - freqtrade.resolvers.strategy_resolver - INFO - Override strategy 'use_exit_signal' with value from the configuration: True.
2026-04-25 22:08:07,967 - freqtrade.resolvers.strategy_resolver - INFO - Override strategy 'max_open_trades' with value from the configuration: 3.
2026-04-25 22:08:07,968 - freqtrade.resolvers.strategy_resolver - INFO - Strategy using minimal_roi: {'0': 1.5108317941743934, '13': 0.453722030853803, '146': 0.7009182585880606, '38': 
0.026398325668090673}
2026-04-25 22:08:07,968 - freqtrade.resolvers.strategy_resolver - INFO - Strategy using timeframe: 5m
2026-04-25 22:08:07,968 - freqtrade.resolvers.strategy_resolver - INFO - Strategy using stoploss: -0.9032020923892956
2026-04-25 22:08:07,968 - freqtrade.resolvers.strategy_resolver - INFO - Strategy using trailing_stop: True
2026-04-25 22:08:07,969 - freqtrade.resolvers.strategy_resolver - INFO - Strategy using trailing_stop_positive: 0.31047693334035975
2026-04-25 22:08:07,969 - freqtrade.resolvers.strategy_resolver - INFO - Strategy using trailing_stop_positive_offset: 0.13220493225633623
2026-04-25 22:08:07,969 - freqtrade.resolvers.strategy_resolver - INFO - Strategy using trailing_only_offset_is_reached: False
2026-04-25 22:08:07,970 - freqtrade.resolvers.strategy_resolver - INFO - Strategy using use_custom_stoploss: False
2026-04-25 22:08:07,970 - freqtrade.resolvers.strategy_resolver - INFO - Strategy using process_only_new_candles: True
2026-04-25 22:08:07,970 - freqtrade.resolvers.strategy_resolver - INFO - Strategy using order_types: {'entry': 'limit', 'exit': 'limit', 'stoploss': 'limit', 'stoploss_on_exchange': False, 
'stoploss_on_exchange_interval': 60}
2026-04-25 22:08:07,970 - freqtrade.resolvers.strategy_resolver - INFO - Strategy using order_time_in_force: {'entry': 'GTC', 'exit': 'GTC'}
2026-04-25 22:08:07,971 - freqtrade.resolvers.strategy_resolver - INFO - Strategy using stake_currency: USDT
2026-04-25 22:08:07,971 - freqtrade.resolvers.strategy_resolver - INFO - Strategy using stake_amount: unlimited
2026-04-25 22:08:07,971 - freqtrade.resolvers.strategy_resolver - INFO - Strategy using startup_candle_count: 0
2026-04-25 22:08:07,972 - freqtrade.resolvers.strategy_resolver - INFO - Strategy using use_exit_signal: True
2026-04-25 22:08:07,972 - freqtrade.resolvers.strategy_resolver - INFO - Strategy using exit_profit_only: False
2026-04-25 22:08:07,972 - freqtrade.resolvers.strategy_resolver - INFO - Strategy using ignore_roi_if_entry_signal: False
2026-04-25 22:08:07,972 - freqtrade.resolvers.strategy_resolver - INFO - Strategy using exit_profit_offset: 0.0
2026-04-25 22:08:07,973 - freqtrade.resolvers.strategy_resolver - INFO - Strategy using disable_dataframe_checks: False
2026-04-25 22:08:07,973 - freqtrade.resolvers.strategy_resolver - INFO - Strategy using ignore_buying_expired_candle_after: 0
2026-04-25 22:08:07,973 - freqtrade.resolvers.strategy_resolver - INFO - Strategy using position_adjustment_enable: False
2026-04-25 22:08:07,973 - freqtrade.resolvers.strategy_resolver - INFO - Strategy using max_entry_position_adjustment: -1
2026-04-25 22:08:07,974 - freqtrade.resolvers.strategy_resolver - INFO - Strategy using max_open_trades: 3
2026-04-25 22:08:07,974 - freqtrade - ERROR - Configuration error: The config trailing_stop_positive_offset needs to be greater than trailing_stop_positive in your config.
Please make sure to review the documentation at https://www.freqtrade.io/en/stable.