2026-04-25 21:43:26,103 - freqtrade - INFO - freqtrade 2026.3
2026-04-25 21:43:27,157 - freqtrade.configuration.load_config - INFO - Using config: /home/mohs/Desktop/ae/pyside6/user_data/config.json ...
2026-04-25 21:43:27,159 - freqtrade.loggers - INFO - Enabling colorized output.
2026-04-25 21:43:27,159 - freqtrade.loggers - INFO - Logfile configured
2026-04-25 21:43:27,160 - freqtrade.loggers - INFO - Verbosity set to 0
2026-04-25 21:43:27,160 - freqtrade.configuration.configuration - INFO - Using additional Strategy lookup path: 
/home/mohs/Desktop/ae/pyside6/user_data/optimizer/sessions/cc004eff-0936-4112-8326-b124d8af6fd9/trial_007/strategy_dir
2026-04-25 21:43:27,160 - freqtrade.configuration.configuration - WARNING - `force_entry_enable` RPC message enabled.
2026-04-25 21:43:27,161 - freqtrade.configuration.configuration - INFO - Parameter -i/--timeframe detected ... Using timeframe: 5m ...
2026-04-25 21:43:27,161 - freqtrade.configuration.configuration - INFO - Parameter --max-open-trades detected, overriding max_open_trades to: 3 ...
2026-04-25 21:43:27,161 - freqtrade.configuration.configuration - INFO - Parameter --dry-run-wallet detected, overriding dry_run_wallet to: 150.0 ...
2026-04-25 21:43:27,161 - freqtrade.configuration.configuration - INFO - Parameter --timerange detected: 20250422-20260417 ...
2026-04-25 21:43:27,162 - freqtrade.configuration.configuration - INFO - Using user-data directory: /home/mohs/Desktop/ae/pyside6/user_data ...
2026-04-25 21:43:27,162 - freqtrade.configuration.configuration - INFO - Using data directory: /home/mohs/Desktop/ae/pyside6/user_data/data/binance ...
2026-04-25 21:43:27,162 - freqtrade.configuration.configuration - INFO - Parameter --export detected: trades ...
2026-04-25 21:43:27,163 - freqtrade.configuration.configuration - INFO - Parameter --cache=day detected ...
2026-04-25 21:43:27,163 - freqtrade.configuration.configuration - INFO - Using pairs ['XRP/USDT', 'ETH/USDT', 'HOME/USDT']
2026-04-25 21:43:27,163 - freqtrade.configuration.configuration - INFO - Filter trades by timerange: 20250422-20260417
2026-04-25 21:43:27,164 - freqtrade.exchange.check_exchange - INFO - Checking exchange...
2026-04-25 21:43:27,170 - freqtrade.exchange.check_exchange - INFO - Exchange "binance" is officially supported by the Freqtrade development team.
2026-04-25 21:43:27,170 - freqtrade.configuration.config_validation - INFO - Validating configuration ...
2026-04-25 21:43:27,172 - freqtrade.commands.optimize_commands - INFO - Starting freqtrade in Backtesting mode
2026-04-25 21:43:27,173 - freqtrade.exchange.exchange - INFO - Instance is running with dry_run enabled
2026-04-25 21:43:27,173 - freqtrade.exchange.exchange - INFO - Using CCXT 4.5.50
2026-04-25 21:43:27,173 - freqtrade.exchange.exchange - INFO - Applying additional ccxt config: {'enableRateLimit': True, 'timeout': 120000}
2026-04-25 21:43:27,179 - freqtrade.exchange.exchange - INFO - Applying additional ccxt config: {'enableRateLimit': True, 'timeout': 120000}
2026-04-25 21:43:27,184 - freqtrade.exchange.exchange - INFO - Using Exchange "Binance"
2026-04-25 21:43:28,308 - freqtrade.resolvers.exchange_resolver - INFO - Using resolved exchange 'Binance'...
2026-04-25 21:43:28,316 - freqtrade.resolvers.iresolver - INFO - Using resolved strategy yes from 
'/home/mohs/Desktop/ae/pyside6/user_data/optimizer/sessions/cc004eff-0936-4112-8326-b124d8af6fd9/trial_007/strategy_dir/yes.py'...
2026-04-25 21:43:28,316 - freqtrade.strategy.hyper - INFO - Loading parameters from file 
/home/mohs/Desktop/ae/pyside6/user_data/optimizer/sessions/cc004eff-0936-4112-8326-b124d8af6fd9/trial_007/strategy_dir/yes.json
2026-04-25 21:43:28,317 - freqtrade.resolvers.strategy_resolver - INFO - Override strategy 'timeframe' with value from the configuration: 5m.
2026-04-25 21:43:28,317 - freqtrade.resolvers.strategy_resolver - INFO - Override strategy 'stake_currency' with value from the configuration: USDT.
2026-04-25 21:43:28,317 - freqtrade.resolvers.strategy_resolver - INFO - Override strategy 'stake_amount' with value from the configuration: unlimited.
2026-04-25 21:43:28,318 - freqtrade.resolvers.strategy_resolver - INFO - Override strategy 'use_exit_signal' with value from the configuration: True.
2026-04-25 21:43:28,318 - freqtrade.resolvers.strategy_resolver - INFO - Override strategy 'max_open_trades' with value from the configuration: 3.
2026-04-25 21:43:28,318 - freqtrade.resolvers.strategy_resolver - INFO - Strategy using minimal_roi: {'0': 0.18669584333402875, '13': 0.808805471201283, '146': 0.7334823578488112, '38': 
0.7071039132313326}
2026-04-25 21:43:28,318 - freqtrade.resolvers.strategy_resolver - INFO - Strategy using timeframe: 5m
2026-04-25 21:43:28,319 - freqtrade.resolvers.strategy_resolver - INFO - Strategy using stoploss: -0.480144444679433
2026-04-25 21:43:28,319 - freqtrade.resolvers.strategy_resolver - INFO - Strategy using trailing_stop: True
2026-04-25 21:43:28,319 - freqtrade.resolvers.strategy_resolver - INFO - Strategy using trailing_stop_positive: 0.3361537841280531
2026-04-25 21:43:28,320 - freqtrade.resolvers.strategy_resolver - INFO - Strategy using trailing_stop_positive_offset: 0.5005336486994745
2026-04-25 21:43:28,320 - freqtrade.resolvers.strategy_resolver - INFO - Strategy using trailing_only_offset_is_reached: True
2026-04-25 21:43:28,320 - freqtrade.resolvers.strategy_resolver - INFO - Strategy using use_custom_stoploss: False
2026-04-25 21:43:28,320 - freqtrade.resolvers.strategy_resolver - INFO - Strategy using process_only_new_candles: True
2026-04-25 21:43:28,321 - freqtrade.resolvers.strategy_resolver - INFO - Strategy using order_types: {'entry': 'limit', 'exit': 'limit', 'stoploss': 'limit', 'stoploss_on_exchange': False, 
'stoploss_on_exchange_interval': 60}
2026-04-25 21:43:28,321 - freqtrade.resolvers.strategy_resolver - INFO - Strategy using order_time_in_force: {'entry': 'GTC', 'exit': 'GTC'}
2026-04-25 21:43:28,321 - freqtrade.resolvers.strategy_resolver - INFO - Strategy using stake_currency: USDT
2026-04-25 21:43:28,321 - freqtrade.resolvers.strategy_resolver - INFO - Strategy using stake_amount: unlimited
2026-04-25 21:43:28,322 - freqtrade.resolvers.strategy_resolver - INFO - Strategy using startup_candle_count: 0
2026-04-25 21:43:28,322 - freqtrade.resolvers.strategy_resolver - INFO - Strategy using use_exit_signal: True
2026-04-25 21:43:28,322 - freqtrade.resolvers.strategy_resolver - INFO - Strategy using exit_profit_only: False
2026-04-25 21:43:28,322 - freqtrade.resolvers.strategy_resolver - INFO - Strategy using ignore_roi_if_entry_signal: False
2026-04-25 21:43:28,323 - freqtrade.resolvers.strategy_resolver - INFO - Strategy using exit_profit_offset: 0.0
2026-04-25 21:43:28,323 - freqtrade.resolvers.strategy_resolver - INFO - Strategy using disable_dataframe_checks: False
2026-04-25 21:43:28,323 - freqtrade.resolvers.strategy_resolver - INFO - Strategy using ignore_buying_expired_candle_after: 0
2026-04-25 21:43:28,323 - freqtrade.resolvers.strategy_resolver - INFO - Strategy using position_adjustment_enable: False
2026-04-25 21:43:28,324 - freqtrade.resolvers.strategy_resolver - INFO - Strategy using max_entry_position_adjustment: -1
2026-04-25 21:43:28,324 - freqtrade.resolvers.strategy_resolver - INFO - Strategy using max_open_trades: 3
2026-04-25 21:43:28,324 - freqtrade.configuration.config_validation - INFO - Validating configuration ...
2026-04-25 21:43:28,328 - freqtrade.resolvers.iresolver - INFO - Using resolved pairlist StaticPairList from 
'/home/mohs/Desktop/ae/pyside6/.venv/lib/python3.12/site-packages/freqtrade/plugins/pairlist/StaticPairList.py'...
2026-04-25 21:43:28,340 - freqtrade.optimize.backtesting - INFO - Using fee 0.1000% - worst case fee from exchange (lowest tier).
2026-04-25 21:43:28,484 - freqtrade.data.history.datahandlers.idatahandler - WARNING - XRP/USDT, spot, 5m, data ends at 2026-04-11 01:45:00
2026-04-25 21:43:28,891 - freqtrade.data.history.datahandlers.idatahandler - WARNING - HOME/USDT, spot, 5m, data starts at 2025-06-12 15:00:00
2026-04-25 21:43:28,921 - freqtrade.optimize.backtesting - INFO - Loading data from 2025-04-22 00:00:00 up to 2026-04-17 00:00:00 (360 days).
2026-04-25 21:43:31,009 - freqtrade.optimize.backtesting - INFO - Dataload complete. Calculating indicators
2026-04-25 21:43:31,014 - freqtrade.optimize.backtesting - INFO - Running backtesting for Strategy yes
2026-04-25 21:43:31,014 - freqtrade.strategy.hyper - INFO - Strategy Parameter: buy_ma_count = 14
2026-04-25 21:43:31,015 - freqtrade.strategy.hyper - INFO - Strategy Parameter: buy_ma_gap = 37
2026-04-25 21:43:31,015 - freqtrade.strategy.hyper - INFO - Strategy Parameter: sell_ma_count = 6
2026-04-25 21:43:31,015 - freqtrade.strategy.hyper - INFO - Strategy Parameter: sell_ma_gap = 22
2026-04-25 21:43:31,228 - freqtrade.optimize.backtesting - INFO - Backtesting with data from 2025-04-22 00:00:00 up to 2026-04-17 00:00:00 (360 days).
/home/mohs/Desktop/ae/pyside6/.venv/lib/python3.12/site-packages/freqtrade/data/metrics.py:77: FutureWarning: The default fill_method='pad' in DataFrame.pct_change is deprecated and will be removed in a future version. Either fill in any non-leading NA values prior to calling pct_change or specify 'fill_method=None' to not fill NA values.
  rel_mean = df_comb.pct_change().mean(axis=1).fillna(0).cumsum()
2026-04-25 21:43:34,725 - freqtrade.misc - INFO - dumping json to "/home/mohs/Desktop/ae/pyside6/user_data/backtest_results/backtest-result-2026-04-25_21-43-34.meta.json"
Result for strategy yes
                                              BACKTESTING REPORT                                              
┏━━━━━━━━━━━┳━━━━━━━━┳━━━━━━━━━━━━━━┳━━━━━━━━━━━━━━━━━┳━━━━━━━━━━━━━━┳━━━━━━━━━━━━━━┳━━━━━━━━━━━━━━━━━━━━━━━━┓
┃      Pair ┃ Trades ┃ Avg Profit % ┃ Tot Profit USDT ┃ Tot Profit % ┃ Avg Duration ┃  Win  Draw  Loss  Win% ┃
┡━━━━━━━━━━━╇━━━━━━━━╇━━━━━━━━━━━━━━╇━━━━━━━━━━━━━━━━━╇━━━━━━━━━━━━━━╇━━━━━━━━━━━━━━╇━━━━━━━━━━━━━━━━━━━━━━━━┩
│  ETH/USDT │    218 │          0.0 │           0.030 │         0.02 │      1:57:00 │   74     0   144  33.9 │
│  XRP/USDT │    217 │        -0.05 │          -5.095 │         -3.4 │      1:53:00 │   69     0   148  31.8 │
│ HOME/USDT │    205 │         -0.3 │         -28.117 │       -18.74 │      1:48:00 │   49     0   156  23.9 │
│     TOTAL │    640 │        -0.11 │         -33.181 │       -22.12 │      1:53:00 │  192     0   448  30.0 │
└───────────┴────────┴──────────────┴─────────────────┴──────────────┴──────────────┴────────────────────────┘
                                         LEFT OPEN TRADES REPORT                                          
┏━━━━━━━┳━━━━━━━━┳━━━━━━━━━━━━━━┳━━━━━━━━━━━━━━━━━┳━━━━━━━━━━━━━━┳━━━━━━━━━━━━━━┳━━━━━━━━━━━━━━━━━━━━━━━━┓
┃  Pair ┃ Trades ┃ Avg Profit % ┃ Tot Profit USDT ┃ Tot Profit % ┃ Avg Duration ┃  Win  Draw  Loss  Win% ┃
┡━━━━━━━╇━━━━━━━━╇━━━━━━━━━━━━━━╇━━━━━━━━━━━━━━━━━╇━━━━━━━━━━━━━━╇━━━━━━━━━━━━━━╇━━━━━━━━━━━━━━━━━━━━━━━━┩
│ TOTAL │      0 │          0.0 │           0.000 │          0.0 │         0:00 │    0     0     0     0 │
└───────┴────────┴──────────────┴─────────────────┴──────────────┴──────────────┴────────────────────────┘
                                                ENTER TAG STATS                                                
┏━━━━━━━━━━━┳━━━━━━━━━┳━━━━━━━━━━━━━━┳━━━━━━━━━━━━━━━━━┳━━━━━━━━━━━━━━┳━━━━━━━━━━━━━━┳━━━━━━━━━━━━━━━━━━━━━━━━┓
┃ Enter Tag ┃ Entries ┃ Avg Profit % ┃ Tot Profit USDT ┃ Tot Profit % ┃ Avg Duration ┃  Win  Draw  Loss  Win% ┃
┡━━━━━━━━━━━╇━━━━━━━━━╇━━━━━━━━━━━━━━╇━━━━━━━━━━━━━━━━━╇━━━━━━━━━━━━━━╇━━━━━━━━━━━━━━╇━━━━━━━━━━━━━━━━━━━━━━━━┩
│     OTHER │     640 │        -0.11 │         -33.181 │       -22.12 │      1:53:00 │  192     0   448  30.0 │
│     TOTAL │     640 │        -0.11 │         -33.181 │       -22.12 │      1:53:00 │  192     0   448  30.0 │
└───────────┴─────────┴──────────────┴─────────────────┴──────────────┴──────────────┴────────────────────────┘
                                               EXIT REASON STATS                                               
┏━━━━━━━━━━━━━┳━━━━━━━┳━━━━━━━━━━━━━━┳━━━━━━━━━━━━━━━━━┳━━━━━━━━━━━━━━┳━━━━━━━━━━━━━━┳━━━━━━━━━━━━━━━━━━━━━━━━┓
┃ Exit Reason ┃ Exits ┃ Avg Profit % ┃ Tot Profit USDT ┃ Tot Profit % ┃ Avg Duration ┃  Win  Draw  Loss  Win% ┃
┡━━━━━━━━━━━━━╇━━━━━━━╇━━━━━━━━━━━━━━╇━━━━━━━━━━━━━━━━━╇━━━━━━━━━━━━━━╇━━━━━━━━━━━━━━╇━━━━━━━━━━━━━━━━━━━━━━━━┩
│ exit_signal │   640 │        -0.11 │         -33.181 │       -22.12 │      1:53:00 │  192     0   448  30.0 │
│       TOTAL │   640 │        -0.11 │         -33.181 │       -22.12 │      1:53:00 │  192     0   448  30.0 │
└─────────────┴───────┴──────────────┴─────────────────┴──────────────┴──────────────┴────────────────────────┘
                                                      MIXED TAG STATS                                                       
┏━━━━━━━━━━━┳━━━━━━━━━━━━━┳━━━━━━━━┳━━━━━━━━━━━━━━┳━━━━━━━━━━━━━━━━━┳━━━━━━━━━━━━━━┳━━━━━━━━━━━━━━┳━━━━━━━━━━━━━━━━━━━━━━━━┓
┃ Enter Tag ┃ Exit Reason ┃ Trades ┃ Avg Profit % ┃ Tot Profit USDT ┃ Tot Profit % ┃ Avg Duration ┃  Win  Draw  Loss  Win% ┃
┡━━━━━━━━━━━╇━━━━━━━━━━━━━╇━━━━━━━━╇━━━━━━━━━━━━━━╇━━━━━━━━━━━━━━━━━╇━━━━━━━━━━━━━━╇━━━━━━━━━━━━━━╇━━━━━━━━━━━━━━━━━━━━━━━━┩
│           │ exit_signal │    640 │        -0.11 │         -33.181 │       -22.12 │      1:53:00 │  192     0   448  30.0 │
│     TOTAL │             │    640 │        -0.11 │         -33.181 │       -22.12 │      1:53:00 │  192     0   448  30.0 │
└───────────┴─────────────┴────────┴──────────────┴─────────────────┴──────────────┴──────────────┴────────────────────────┘
                         SUMMARY METRICS                          
┏━━━━━━━━━━━━━━━━━━━━━━━━━━━━━━━┳━━━━━━━━━━━━━━━━━━━━━━━━━━━━━━━━┓
┃ Metric                        ┃ Value                          ┃
┡━━━━━━━━━━━━━━━━━━━━━━━━━━━━━━━╇━━━━━━━━━━━━━━━━━━━━━━━━━━━━━━━━┩
│ Backtesting from              │ 2025-04-22 00:00:00            │
│ Backtesting to                │ 2026-04-17 00:00:00            │
│ Trading Mode                  │ Spot                           │
│ Max open trades               │ 3                              │
│                               │                                │
│ Total/Daily Avg Trades        │ 640 / 1.78                     │
│ Starting balance              │ 150 USDT                       │
│ Final balance                 │ 116.819 USDT                   │
│ Absolute profit               │ -33.181 USDT                   │
│ Total profit %                │ -22.12%                        │
│ CAGR %                        │ -22.39%                        │
│ Sortino                       │ -4.96                          │
│ Sharpe                        │ -2.54                          │
│ Calmar                        │ -4.73                          │
│ SQN                           │ -1.89                          │
│ Profit factor                 │ 0.79                           │
│ Expectancy (Ratio)            │ -0.05 (-0.15)                  │
│ Avg. daily profit             │ -0.092 USDT                    │
│ Avg. stake amount             │ 44.818 USDT                    │
│ Total trade volume            │ 57449.046 USDT                 │
│                               │                                │
│ Best Pair                     │ ETH/USDT 0.02%                 │
│ Worst Pair                    │ HOME/USDT -18.74%              │
│ Best trade                    │ HOME/USDT 10.56%               │
│ Worst trade                   │ HOME/USDT -6.42%               │
│ Best day                      │ 4.669 USDT                     │
│ Worst day                     │ -3.972 USDT                    │
│ Days win/draw/lose            │ 73 / 119 / 163                 │
│ Min/Max/Avg. Duration Winners │ 0d 01:15 / 0d 07:30 / 0d 02:57 │
│ Min/Max/Avg. Duration Losers  │ 0d 00:05 / 0d 04:35 / 0d 01:25 │
│ Max Consecutive Wins / Loss   │ 6 / 15                         │
│ Rejected Entry signals        │ 0                              │
│ Entry/Exit Timeouts           │ 0 / 0                          │
│                               │                                │
│ Min balance                   │ 115.759 USDT                   │
│ Max balance                   │ 153.976 USDT                   │
│ Max % of account underwater   │ 24.82%                         │
│ Absolute drawdown             │ 38.217 USDT (24.82%)           │
│ Drawdown duration             │ 293 days 20:50:00              │
│ Profit at drawdown start      │ 3.976 USDT                     │
│ Profit at drawdown end        │ -34.241 USDT                   │
│ Drawdown start                │ 2025-06-24 00:15:00            │
│ Drawdown end                  │ 2026-04-13 21:05:00            │
│ Market change                 │ -10.52%                        │
└───────────────────────────────┴────────────────────────────────┘

Backtested 2025-04-22 00:00:00 -> 2026-04-17 00:00:00 | Max open trades : 3
                                                         STRATEGY SUMMARY                                                          
┏━━━━━━━━━━┳━━━━━━━━┳━━━━━━━━━━━━━━┳━━━━━━━━━━━━━━━━━┳━━━━━━━━━━━━━━┳━━━━━━━━━━━━━━┳━━━━━━━━━━━━━━━━━━━━━━━━┳━━━━━━━━━━━━━━━━━━━━━┓
┃ Strategy ┃ Trades ┃ Avg Profit % ┃ Tot Profit USDT ┃ Tot Profit % ┃ Avg Duration ┃  Win  Draw  Loss  Win% ┃            Drawdown ┃
┡━━━━━━━━━━╇━━━━━━━━╇━━━━━━━━━━━━━━╇━━━━━━━━━━━━━━━━━╇━━━━━━━━━━━━━━╇━━━━━━━━━━━━━━╇━━━━━━━━━━━━━━━━━━━━━━━━╇━━━━━━━━━━━━━━━━━━━━━┩
│      yes │    640 │        -0.11 │         -33.181 │       -22.12 │      1:53:00 │  192     0   448  30.0 │ 38.217 USDT  24.82% │
└──────────┴────────┴──────────────┴─────────────────┴──────────────┴──────────────┴────────────────────────┴─────────────────────┘