2026-04-25 22:38:17,303 - freqtrade - INFO - freqtrade 2026.3
2026-04-25 22:38:18,335 - freqtrade.configuration.load_config - INFO - Using config: /home/mohs/Desktop/ae/pyside6/user_data/config.json ...
2026-04-25 22:38:18,338 - freqtrade.loggers - INFO - Enabling colorized output.
2026-04-25 22:38:18,338 - freqtrade.loggers - INFO - Logfile configured
2026-04-25 22:38:18,338 - freqtrade.loggers - INFO - Verbosity set to 0
2026-04-25 22:38:18,339 - freqtrade.configuration.configuration - INFO - Using additional Strategy lookup path: 
/home/mohs/Desktop/ae/pyside6/user_data/optimizer/sessions/b8194b7f-3716-497e-8a17-833c28d4e223/trial_003/strategy_dir
2026-04-25 22:38:18,339 - freqtrade.configuration.configuration - WARNING - `force_entry_enable` RPC message enabled.
2026-04-25 22:38:18,339 - freqtrade.configuration.configuration - INFO - Parameter -i/--timeframe detected ... Using timeframe: 4h ...
2026-04-25 22:38:18,339 - freqtrade.configuration.configuration - INFO - Parameter --max-open-trades detected, overriding max_open_trades to: 3 ...
2026-04-25 22:38:18,340 - freqtrade.configuration.configuration - INFO - Parameter --dry-run-wallet detected, overriding dry_run_wallet to: 150.0 ...
2026-04-25 22:38:18,340 - freqtrade.configuration.configuration - INFO - Parameter --timerange detected: 20250422-20260417 ...
2026-04-25 22:38:18,340 - freqtrade.configuration.configuration - INFO - Using user-data directory: /home/mohs/Desktop/ae/pyside6/user_data ...
2026-04-25 22:38:18,341 - freqtrade.configuration.configuration - INFO - Using data directory: /home/mohs/Desktop/ae/pyside6/user_data/data/binance ...
2026-04-25 22:38:18,341 - freqtrade.configuration.configuration - INFO - Parameter --export detected: trades ...
2026-04-25 22:38:18,341 - freqtrade.configuration.configuration - INFO - Parameter --cache=day detected ...
2026-04-25 22:38:18,341 - freqtrade.configuration.configuration - INFO - Using pairs ['XRP/USDT', 'ETH/USDT', 'HOME/USDT']
2026-04-25 22:38:18,342 - freqtrade.configuration.configuration - INFO - Filter trades by timerange: 20250422-20260417
2026-04-25 22:38:18,342 - freqtrade.exchange.check_exchange - INFO - Checking exchange...
2026-04-25 22:38:18,348 - freqtrade.exchange.check_exchange - INFO - Exchange "binance" is officially supported by the Freqtrade development team.
2026-04-25 22:38:18,348 - freqtrade.configuration.config_validation - INFO - Validating configuration ...
2026-04-25 22:38:18,350 - freqtrade.commands.optimize_commands - INFO - Starting freqtrade in Backtesting mode
2026-04-25 22:38:18,351 - freqtrade.exchange.exchange - INFO - Instance is running with dry_run enabled
2026-04-25 22:38:18,351 - freqtrade.exchange.exchange - INFO - Using CCXT 4.5.50
2026-04-25 22:38:18,351 - freqtrade.exchange.exchange - INFO - Applying additional ccxt config: {'enableRateLimit': True, 'timeout': 120000}
2026-04-25 22:38:18,357 - freqtrade.exchange.exchange - INFO - Applying additional ccxt config: {'enableRateLimit': True, 'timeout': 120000}
2026-04-25 22:38:18,362 - freqtrade.exchange.exchange - INFO - Using Exchange "Binance"
2026-04-25 22:38:19,581 - freqtrade.resolvers.exchange_resolver - INFO - Using resolved exchange 'Binance'...
2026-04-25 22:38:19,589 - freqtrade.resolvers.iresolver - INFO - Using resolved strategy yes from 
'/home/mohs/Desktop/ae/pyside6/user_data/optimizer/sessions/b8194b7f-3716-497e-8a17-833c28d4e223/trial_003/strategy_dir/yes.py'...
2026-04-25 22:38:19,589 - freqtrade.strategy.hyper - INFO - Loading parameters from file 
/home/mohs/Desktop/ae/pyside6/user_data/optimizer/sessions/b8194b7f-3716-497e-8a17-833c28d4e223/trial_003/strategy_dir/yes.json
2026-04-25 22:38:19,590 - freqtrade.resolvers.strategy_resolver - INFO - Override strategy 'timeframe' with value from the configuration: 4h.
2026-04-25 22:38:19,590 - freqtrade.resolvers.strategy_resolver - INFO - Override strategy 'stake_currency' with value from the configuration: USDT.
2026-04-25 22:38:19,590 - freqtrade.resolvers.strategy_resolver - INFO - Override strategy 'stake_amount' with value from the configuration: unlimited.
2026-04-25 22:38:19,591 - freqtrade.resolvers.strategy_resolver - INFO - Override strategy 'use_exit_signal' with value from the configuration: True.
2026-04-25 22:38:19,591 - freqtrade.resolvers.strategy_resolver - INFO - Override strategy 'max_open_trades' with value from the configuration: 3.
2026-04-25 22:38:19,591 - freqtrade.resolvers.strategy_resolver - INFO - Strategy using minimal_roi: {'0': 2.1943933085131446, '13': 1.3097476728787425, '146': 0.18883534626124232, '38': 
0.4615140057478585}
2026-04-25 22:38:19,591 - freqtrade.resolvers.strategy_resolver - INFO - Strategy using timeframe: 4h
2026-04-25 22:38:19,592 - freqtrade.resolvers.strategy_resolver - INFO - Strategy using stoploss: -0.7758043374385346
2026-04-25 22:38:19,592 - freqtrade.resolvers.strategy_resolver - INFO - Strategy using trailing_stop: True
2026-04-25 22:38:19,592 - freqtrade.resolvers.strategy_resolver - INFO - Strategy using trailing_stop_positive: 0.23893054452235665
2026-04-25 22:38:19,592 - freqtrade.resolvers.strategy_resolver - INFO - Strategy using trailing_stop_positive_offset: 0.2837921930903463
2026-04-25 22:38:19,593 - freqtrade.resolvers.strategy_resolver - INFO - Strategy using trailing_only_offset_is_reached: True
2026-04-25 22:38:19,593 - freqtrade.resolvers.strategy_resolver - INFO - Strategy using use_custom_stoploss: False
2026-04-25 22:38:19,593 - freqtrade.resolvers.strategy_resolver - INFO - Strategy using process_only_new_candles: True
2026-04-25 22:38:19,593 - freqtrade.resolvers.strategy_resolver - INFO - Strategy using order_types: {'entry': 'limit', 'exit': 'limit', 'stoploss': 'limit', 'stoploss_on_exchange': False, 
'stoploss_on_exchange_interval': 60}
2026-04-25 22:38:19,594 - freqtrade.resolvers.strategy_resolver - INFO - Strategy using order_time_in_force: {'entry': 'GTC', 'exit': 'GTC'}
2026-04-25 22:38:19,594 - freqtrade.resolvers.strategy_resolver - INFO - Strategy using stake_currency: USDT
2026-04-25 22:38:19,594 - freqtrade.resolvers.strategy_resolver - INFO - Strategy using stake_amount: unlimited
2026-04-25 22:38:19,594 - freqtrade.resolvers.strategy_resolver - INFO - Strategy using startup_candle_count: 0
2026-04-25 22:38:19,594 - freqtrade.resolvers.strategy_resolver - INFO - Strategy using use_exit_signal: True
2026-04-25 22:38:19,595 - freqtrade.resolvers.strategy_resolver - INFO - Strategy using exit_profit_only: False
2026-04-25 22:38:19,595 - freqtrade.resolvers.strategy_resolver - INFO - Strategy using ignore_roi_if_entry_signal: False
2026-04-25 22:38:19,595 - freqtrade.resolvers.strategy_resolver - INFO - Strategy using exit_profit_offset: 0.0
2026-04-25 22:38:19,595 - freqtrade.resolvers.strategy_resolver - INFO - Strategy using disable_dataframe_checks: False
2026-04-25 22:38:19,596 - freqtrade.resolvers.strategy_resolver - INFO - Strategy using ignore_buying_expired_candle_after: 0
2026-04-25 22:38:19,596 - freqtrade.resolvers.strategy_resolver - INFO - Strategy using position_adjustment_enable: False
2026-04-25 22:38:19,596 - freqtrade.resolvers.strategy_resolver - INFO - Strategy using max_entry_position_adjustment: -1
2026-04-25 22:38:19,596 - freqtrade.resolvers.strategy_resolver - INFO - Strategy using max_open_trades: 3
2026-04-25 22:38:19,597 - freqtrade.configuration.config_validation - INFO - Validating configuration ...
2026-04-25 22:38:19,600 - freqtrade.resolvers.iresolver - INFO - Using resolved pairlist StaticPairList from 
'/home/mohs/Desktop/ae/pyside6/.venv/lib/python3.12/site-packages/freqtrade/plugins/pairlist/StaticPairList.py'...
2026-04-25 22:38:19,612 - freqtrade.optimize.backtesting - INFO - Using fee 0.1000% - worst case fee from exchange (lowest tier).
2026-04-25 22:38:19,647 - freqtrade.data.history.datahandlers.idatahandler - WARNING - HOME/USDT, spot, 4h, data starts at 2025-06-12 12:00:00
2026-04-25 22:38:19,654 - freqtrade.optimize.backtesting - INFO - Loading data from 2025-04-22 00:00:00 up to 2026-04-17 00:00:00 (360 days).
2026-04-25 22:38:19,708 - freqtrade.optimize.backtesting - INFO - Dataload complete. Calculating indicators
2026-04-25 22:38:19,716 - freqtrade.optimize.backtesting - INFO - Running backtesting for Strategy yes
2026-04-25 22:38:19,716 - freqtrade.strategy.hyper - INFO - Strategy Parameter: buy_ma_count = 8
2026-04-25 22:38:19,717 - freqtrade.strategy.hyper - INFO - Strategy Parameter: buy_ma_gap = 44
2026-04-25 22:38:19,717 - freqtrade.strategy.hyper - INFO - Strategy Parameter: sell_ma_count = 20
2026-04-25 22:38:19,717 - freqtrade.strategy.hyper - INFO - Strategy Parameter: sell_ma_gap = 20
2026-04-25 22:38:19,729 - freqtrade.optimize.backtesting - INFO - Backtesting with data from 2025-04-22 00:00:00 up to 2026-04-17 00:00:00 (360 days).
2026-04-25 22:38:20,083 - freqtrade.misc - INFO - dumping json to "/home/mohs/Desktop/ae/pyside6/user_data/backtest_results/backtest-result-2026-04-25_22-38-20.meta.json"
Result for strategy yes
                                                BACKTESTING REPORT                                                
┏━━━━━━━━━━━┳━━━━━━━━┳━━━━━━━━━━━━━━┳━━━━━━━━━━━━━━━━━┳━━━━━━━━━━━━━━┳━━━━━━━━━━━━━━━━━━┳━━━━━━━━━━━━━━━━━━━━━━━━┓
┃      Pair ┃ Trades ┃ Avg Profit % ┃ Tot Profit USDT ┃ Tot Profit % ┃     Avg Duration ┃  Win  Draw  Loss  Win% ┃
┡━━━━━━━━━━━╇━━━━━━━━╇━━━━━━━━━━━━━━╇━━━━━━━━━━━━━━━━━╇━━━━━━━━━━━━━━╇━━━━━━━━━━━━━━━━━━╇━━━━━━━━━━━━━━━━━━━━━━━━┩
│ HOME/USDT │      1 │        18.87 │           9.442 │         6.29 │ 7 days, 12:00:00 │    1     0     0   100 │
│  XRP/USDT │      5 │         2.73 │           6.639 │         4.43 │ 3 days, 23:12:00 │    3     0     2  60.0 │
│  ETH/USDT │      5 │        -2.01 │          -5.424 │        -3.62 │ 3 days, 21:36:00 │    1     0     4  20.0 │
│     TOTAL │     11 │         2.04 │          10.657 │          7.1 │  4 days, 6:11:00 │    5     0     6  45.5 │
└───────────┴────────┴──────────────┴─────────────────┴──────────────┴──────────────────┴────────────────────────┘
                                             LEFT OPEN TRADES REPORT                                             
┏━━━━━━━━━━┳━━━━━━━━┳━━━━━━━━━━━━━━┳━━━━━━━━━━━━━━━━━┳━━━━━━━━━━━━━━┳━━━━━━━━━━━━━━━━━━┳━━━━━━━━━━━━━━━━━━━━━━━━┓
┃     Pair ┃ Trades ┃ Avg Profit % ┃ Tot Profit USDT ┃ Tot Profit % ┃     Avg Duration ┃  Win  Draw  Loss  Win% ┃
┡━━━━━━━━━━╇━━━━━━━━╇━━━━━━━━━━━━━━╇━━━━━━━━━━━━━━━━━╇━━━━━━━━━━━━━━╇━━━━━━━━━━━━━━━━━━╇━━━━━━━━━━━━━━━━━━━━━━━━┩
│ XRP/USDT │      1 │         3.15 │           1.663 │         1.11 │         16:00:00 │    1     0     0   100 │
│ ETH/USDT │      1 │         1.19 │           0.625 │         0.42 │  5 days, 4:00:00 │    1     0     0   100 │
│    TOTAL │      2 │         2.17 │           2.288 │         1.53 │ 2 days, 22:00:00 │    2     0     0   100 │
└──────────┴────────┴──────────────┴─────────────────┴──────────────┴──────────────────┴────────────────────────┘
                                                 ENTER TAG STATS                                                  
┏━━━━━━━━━━━┳━━━━━━━━━┳━━━━━━━━━━━━━━┳━━━━━━━━━━━━━━━━━┳━━━━━━━━━━━━━━┳━━━━━━━━━━━━━━━━━┳━━━━━━━━━━━━━━━━━━━━━━━━┓
┃ Enter Tag ┃ Entries ┃ Avg Profit % ┃ Tot Profit USDT ┃ Tot Profit % ┃    Avg Duration ┃  Win  Draw  Loss  Win% ┃
┡━━━━━━━━━━━╇━━━━━━━━━╇━━━━━━━━━━━━━━╇━━━━━━━━━━━━━━━━━╇━━━━━━━━━━━━━━╇━━━━━━━━━━━━━━━━━╇━━━━━━━━━━━━━━━━━━━━━━━━┩
│     OTHER │      11 │         2.04 │          10.657 │          7.1 │ 4 days, 6:11:00 │    5     0     6  45.5 │
│     TOTAL │      11 │         2.04 │          10.657 │          7.1 │ 4 days, 6:11:00 │    5     0     6  45.5 │
└───────────┴─────────┴──────────────┴─────────────────┴──────────────┴─────────────────┴────────────────────────┘
                                                 EXIT REASON STATS                                                 
┏━━━━━━━━━━━━━┳━━━━━━━┳━━━━━━━━━━━━━━┳━━━━━━━━━━━━━━━━━┳━━━━━━━━━━━━━━┳━━━━━━━━━━━━━━━━━━┳━━━━━━━━━━━━━━━━━━━━━━━━┓
┃ Exit Reason ┃ Exits ┃ Avg Profit % ┃ Tot Profit USDT ┃ Tot Profit % ┃     Avg Duration ┃  Win  Draw  Loss  Win% ┃
┡━━━━━━━━━━━━━╇━━━━━━━╇━━━━━━━━━━━━━━╇━━━━━━━━━━━━━━━━━╇━━━━━━━━━━━━━━╇━━━━━━━━━━━━━━━━━━╇━━━━━━━━━━━━━━━━━━━━━━━━┩
│         roi │     2 │        18.88 │          18.891 │        12.59 │ 7 days, 20:00:00 │    2     0     0   100 │
│  force_exit │     2 │         2.17 │           2.288 │         1.53 │ 2 days, 22:00:00 │    2     0     0   100 │
│ exit_signal │     7 │         -2.8 │         -10.522 │        -7.01 │ 3 days, 14:51:00 │    1     0     6  14.3 │
│       TOTAL │    11 │         2.04 │          10.657 │          7.1 │  4 days, 6:11:00 │    5     0     6  45.5 │
└─────────────┴───────┴──────────────┴─────────────────┴──────────────┴──────────────────┴────────────────────────┘
                                                        MIXED TAG STATS                                                         
┏━━━━━━━━━━━┳━━━━━━━━━━━━━┳━━━━━━━━┳━━━━━━━━━━━━━━┳━━━━━━━━━━━━━━━━━┳━━━━━━━━━━━━━━┳━━━━━━━━━━━━━━━━━━┳━━━━━━━━━━━━━━━━━━━━━━━━┓
┃ Enter Tag ┃ Exit Reason ┃ Trades ┃ Avg Profit % ┃ Tot Profit USDT ┃ Tot Profit % ┃     Avg Duration ┃  Win  Draw  Loss  Win% ┃
┡━━━━━━━━━━━╇━━━━━━━━━━━━━╇━━━━━━━━╇━━━━━━━━━━━━━━╇━━━━━━━━━━━━━━━━━╇━━━━━━━━━━━━━━╇━━━━━━━━━━━━━━━━━━╇━━━━━━━━━━━━━━━━━━━━━━━━┩
│           │         roi │      2 │        18.88 │          18.891 │        12.59 │ 7 days, 20:00:00 │    2     0     0   100 │
│           │  force_exit │      2 │         2.17 │           2.288 │         1.53 │ 2 days, 22:00:00 │    2     0     0   100 │
│           │ exit_signal │      7 │         -2.8 │         -10.522 │        -7.01 │ 3 days, 14:51:00 │    1     0     6  14.3 │
│     TOTAL │             │     11 │         2.04 │          10.657 │          7.1 │  4 days, 6:11:00 │    5     0     6  45.5 │
└───────────┴─────────────┴────────┴──────────────┴─────────────────┴──────────────┴──────────────────┴────────────────────────┘
                         SUMMARY METRICS                          
┏━━━━━━━━━━━━━━━━━━━━━━━━━━━━━━━┳━━━━━━━━━━━━━━━━━━━━━━━━━━━━━━━━┓
┃ Metric                        ┃ Value                          ┃
┡━━━━━━━━━━━━━━━━━━━━━━━━━━━━━━━╇━━━━━━━━━━━━━━━━━━━━━━━━━━━━━━━━┩
│ Backtesting from              │ 2025-04-22 00:00:00            │
│ Backtesting to                │ 2026-04-17 00:00:00            │
│ Trading Mode                  │ Spot                           │
│ Max open trades               │ 3                              │
│                               │                                │
│ Total/Daily Avg Trades        │ 11 / 0.03                      │
│ Starting balance              │ 150 USDT                       │
│ Final balance                 │ 160.657 USDT                   │
│ Absolute profit               │ 10.657 USDT                    │
│ Total profit %                │ 7.10%                          │
│ CAGR %                        │ 7.21%                          │
│ Sortino                       │ 0.45                           │
│ Sharpe                        │ 0.13                           │
│ Calmar                        │ 8.95                           │
│ SQN                           │ 0.71                           │
│ Profit factor                 │ 1.93                           │
│ Expectancy (Ratio)            │ 0.97 (0.51)                    │
│ Avg. daily profit             │ 0.03 USDT                      │
│ Avg. stake amount             │ 52.498 USDT                    │
│ Total trade volume            │ 1167.945 USDT                  │
│                               │                                │
│ Best Pair                     │ HOME/USDT 6.29%                │
│ Worst Pair                    │ ETH/USDT -3.62%                │
│ Best trade                    │ XRP/USDT 18.88%                │
│ Worst trade                   │ XRP/USDT -7.88%                │
│ Best day                      │ 9.449 USDT                     │
│ Worst day                     │ -4.187 USDT                    │
│ Days win/draw/lose            │ 4 / 94 / 5                     │
│ Min/Max/Avg. Duration Winners │ 0d 16:00 / 8d 04:00 / 5d 14:24 │
│ Min/Max/Avg. Duration Losers  │ 0d 20:00 / 5d 20:00 / 3d 03:20 │
│ Max Consecutive Wins / Loss   │ 3 / 4                          │
│ Rejected Entry signals        │ 0                              │
│ Entry/Exit Timeouts           │ 0 / 0                          │
│                               │                                │
│ Min balance                   │ 154.942 USDT                   │
│ Max balance                   │ 164.384 USDT                   │
│ Max % of account underwater   │ 4.21%                          │
│ Absolute drawdown             │ 6.928 USDT (4.21%)             │
│ Drawdown duration             │ 66 days 00:00:00               │
│ Profit at drawdown start      │ 14.384 USDT                    │
│ Profit at drawdown end        │ 7.456 USDT                     │
│ Drawdown start                │ 2026-01-12 12:00:00            │
│ Drawdown end                  │ 2026-03-19 12:00:00            │
│ Market change                 │ -9.22%                         │
└───────────────────────────────┴────────────────────────────────┘

Backtested 2025-04-22 00:00:00 -> 2026-04-17 00:00:00 | Max open trades : 3
                                                          STRATEGY SUMMARY                                                          
┏━━━━━━━━━━┳━━━━━━━━┳━━━━━━━━━━━━━━┳━━━━━━━━━━━━━━━━━┳━━━━━━━━━━━━━━┳━━━━━━━━━━━━━━━━━┳━━━━━━━━━━━━━━━━━━━━━━━━┳━━━━━━━━━━━━━━━━━━━┓
┃ Strategy ┃ Trades ┃ Avg Profit % ┃ Tot Profit USDT ┃ Tot Profit % ┃    Avg Duration ┃  Win  Draw  Loss  Win% ┃          Drawdown ┃
┡━━━━━━━━━━╇━━━━━━━━╇━━━━━━━━━━━━━━╇━━━━━━━━━━━━━━━━━╇━━━━━━━━━━━━━━╇━━━━━━━━━━━━━━━━━╇━━━━━━━━━━━━━━━━━━━━━━━━╇━━━━━━━━━━━━━━━━━━━┩
│      yes │     11 │         2.04 │          10.657 │          7.1 │ 4 days, 6:11:00 │    5     0     6  45.5 │ 6.928 USDT  4.21% │
└──────────┴────────┴──────────────┴─────────────────┴──────────────┴─────────────────┴────────────────────────┴───────────────────┘