2026-04-25 22:44:35,317 - freqtrade - INFO - freqtrade 2026.3
2026-04-25 22:44:36,355 - freqtrade.configuration.load_config - INFO - Using config: /home/mohs/Desktop/ae/pyside6/user_data/config.json ...
2026-04-25 22:44:36,357 - freqtrade.loggers - INFO - Enabling colorized output.
2026-04-25 22:44:36,357 - freqtrade.loggers - INFO - Logfile configured
2026-04-25 22:44:36,357 - freqtrade.loggers - INFO - Verbosity set to 0
2026-04-25 22:44:36,358 - freqtrade.configuration.configuration - INFO - Using additional Strategy lookup path: 
/home/mohs/Desktop/ae/pyside6/user_data/optimizer/sessions/b8194b7f-3716-497e-8a17-833c28d4e223/trial_108/strategy_dir
2026-04-25 22:44:36,358 - freqtrade.configuration.configuration - WARNING - `force_entry_enable` RPC message enabled.
2026-04-25 22:44:36,358 - freqtrade.configuration.configuration - INFO - Parameter -i/--timeframe detected ... Using timeframe: 4h ...
2026-04-25 22:44:36,359 - freqtrade.configuration.configuration - INFO - Parameter --max-open-trades detected, overriding max_open_trades to: 3 ...
2026-04-25 22:44:36,359 - freqtrade.configuration.configuration - INFO - Parameter --dry-run-wallet detected, overriding dry_run_wallet to: 150.0 ...
2026-04-25 22:44:36,359 - freqtrade.configuration.configuration - INFO - Parameter --timerange detected: 20250422-20260417 ...
2026-04-25 22:44:36,360 - freqtrade.configuration.configuration - INFO - Using user-data directory: /home/mohs/Desktop/ae/pyside6/user_data ...
2026-04-25 22:44:36,360 - freqtrade.configuration.configuration - INFO - Using data directory: /home/mohs/Desktop/ae/pyside6/user_data/data/binance ...
2026-04-25 22:44:36,360 - freqtrade.configuration.configuration - INFO - Parameter --export detected: trades ...
2026-04-25 22:44:36,360 - freqtrade.configuration.configuration - INFO - Parameter --cache=day detected ...
2026-04-25 22:44:36,361 - freqtrade.configuration.configuration - INFO - Using pairs ['XRP/USDT', 'ETH/USDT', 'HOME/USDT']
2026-04-25 22:44:36,361 - freqtrade.configuration.configuration - INFO - Filter trades by timerange: 20250422-20260417
2026-04-25 22:44:36,361 - freqtrade.exchange.check_exchange - INFO - Checking exchange...
2026-04-25 22:44:36,368 - freqtrade.exchange.check_exchange - INFO - Exchange "binance" is officially supported by the Freqtrade development team.
2026-04-25 22:44:36,368 - freqtrade.configuration.config_validation - INFO - Validating configuration ...
2026-04-25 22:44:36,370 - freqtrade.commands.optimize_commands - INFO - Starting freqtrade in Backtesting mode
2026-04-25 22:44:36,371 - freqtrade.exchange.exchange - INFO - Instance is running with dry_run enabled
2026-04-25 22:44:36,371 - freqtrade.exchange.exchange - INFO - Using CCXT 4.5.50
2026-04-25 22:44:36,371 - freqtrade.exchange.exchange - INFO - Applying additional ccxt config: {'enableRateLimit': True, 'timeout': 120000}
2026-04-25 22:44:36,376 - freqtrade.exchange.exchange - INFO - Applying additional ccxt config: {'enableRateLimit': True, 'timeout': 120000}
2026-04-25 22:44:36,382 - freqtrade.exchange.exchange - INFO - Using Exchange "Binance"
2026-04-25 22:44:37,525 - freqtrade.resolvers.exchange_resolver - INFO - Using resolved exchange 'Binance'...
2026-04-25 22:44:37,533 - freqtrade.resolvers.iresolver - INFO - Using resolved strategy yes from 
'/home/mohs/Desktop/ae/pyside6/user_data/optimizer/sessions/b8194b7f-3716-497e-8a17-833c28d4e223/trial_108/strategy_dir/yes.py'...
2026-04-25 22:44:37,534 - freqtrade.strategy.hyper - INFO - Loading parameters from file 
/home/mohs/Desktop/ae/pyside6/user_data/optimizer/sessions/b8194b7f-3716-497e-8a17-833c28d4e223/trial_108/strategy_dir/yes.json
2026-04-25 22:44:37,534 - freqtrade.resolvers.strategy_resolver - INFO - Override strategy 'timeframe' with value from the configuration: 4h.
2026-04-25 22:44:37,535 - freqtrade.resolvers.strategy_resolver - INFO - Override strategy 'stake_currency' with value from the configuration: USDT.
2026-04-25 22:44:37,535 - freqtrade.resolvers.strategy_resolver - INFO - Override strategy 'stake_amount' with value from the configuration: unlimited.
2026-04-25 22:44:37,535 - freqtrade.resolvers.strategy_resolver - INFO - Override strategy 'use_exit_signal' with value from the configuration: True.
2026-04-25 22:44:37,536 - freqtrade.resolvers.strategy_resolver - INFO - Override strategy 'max_open_trades' with value from the configuration: 3.
2026-04-25 22:44:37,536 - freqtrade.resolvers.strategy_resolver - INFO - Strategy using minimal_roi: {'0': 1.3359679575455088, '13': 1.0815311760125026, '146': 0.22470172251835957, '38': 
0.21261193516979612}
2026-04-25 22:44:37,536 - freqtrade.resolvers.strategy_resolver - INFO - Strategy using timeframe: 4h
2026-04-25 22:44:37,536 - freqtrade.resolvers.strategy_resolver - INFO - Strategy using stoploss: -0.9724535101506758
2026-04-25 22:44:37,537 - freqtrade.resolvers.strategy_resolver - INFO - Strategy using trailing_stop: False
2026-04-25 22:44:37,537 - freqtrade.resolvers.strategy_resolver - INFO - Strategy using trailing_stop_positive: 0.4848354700876531
2026-04-25 22:44:37,537 - freqtrade.resolvers.strategy_resolver - INFO - Strategy using trailing_stop_positive_offset: 0.2669066374466537
2026-04-25 22:44:37,537 - freqtrade.resolvers.strategy_resolver - INFO - Strategy using trailing_only_offset_is_reached: True
2026-04-25 22:44:37,538 - freqtrade.resolvers.strategy_resolver - INFO - Strategy using use_custom_stoploss: False
2026-04-25 22:44:37,538 - freqtrade.resolvers.strategy_resolver - INFO - Strategy using process_only_new_candles: True
2026-04-25 22:44:37,538 - freqtrade.resolvers.strategy_resolver - INFO - Strategy using order_types: {'entry': 'limit', 'exit': 'limit', 'stoploss': 'limit', 'stoploss_on_exchange': False, 
'stoploss_on_exchange_interval': 60}
2026-04-25 22:44:37,538 - freqtrade.resolvers.strategy_resolver - INFO - Strategy using order_time_in_force: {'entry': 'GTC', 'exit': 'GTC'}
2026-04-25 22:44:37,539 - freqtrade.resolvers.strategy_resolver - INFO - Strategy using stake_currency: USDT
2026-04-25 22:44:37,539 - freqtrade.resolvers.strategy_resolver - INFO - Strategy using stake_amount: unlimited
2026-04-25 22:44:37,539 - freqtrade.resolvers.strategy_resolver - INFO - Strategy using startup_candle_count: 0
2026-04-25 22:44:37,539 - freqtrade.resolvers.strategy_resolver - INFO - Strategy using use_exit_signal: True
2026-04-25 22:44:37,540 - freqtrade.resolvers.strategy_resolver - INFO - Strategy using exit_profit_only: False
2026-04-25 22:44:37,540 - freqtrade.resolvers.strategy_resolver - INFO - Strategy using ignore_roi_if_entry_signal: False
2026-04-25 22:44:37,540 - freqtrade.resolvers.strategy_resolver - INFO - Strategy using exit_profit_offset: 0.0
2026-04-25 22:44:37,540 - freqtrade.resolvers.strategy_resolver - INFO - Strategy using disable_dataframe_checks: False
2026-04-25 22:44:37,541 - freqtrade.resolvers.strategy_resolver - INFO - Strategy using ignore_buying_expired_candle_after: 0
2026-04-25 22:44:37,541 - freqtrade.resolvers.strategy_resolver - INFO - Strategy using position_adjustment_enable: False
2026-04-25 22:44:37,541 - freqtrade.resolvers.strategy_resolver - INFO - Strategy using max_entry_position_adjustment: -1
2026-04-25 22:44:37,541 - freqtrade.resolvers.strategy_resolver - INFO - Strategy using max_open_trades: 3
2026-04-25 22:44:37,542 - freqtrade.configuration.config_validation - INFO - Validating configuration ...
2026-04-25 22:44:37,545 - freqtrade.resolvers.iresolver - INFO - Using resolved pairlist StaticPairList from 
'/home/mohs/Desktop/ae/pyside6/.venv/lib/python3.12/site-packages/freqtrade/plugins/pairlist/StaticPairList.py'...
2026-04-25 22:44:37,558 - freqtrade.optimize.backtesting - INFO - Using fee 0.1000% - worst case fee from exchange (lowest tier).
2026-04-25 22:44:37,592 - freqtrade.data.history.datahandlers.idatahandler - WARNING - HOME/USDT, spot, 4h, data starts at 2025-06-12 12:00:00
2026-04-25 22:44:37,600 - freqtrade.optimize.backtesting - INFO - Loading data from 2025-04-22 00:00:00 up to 2026-04-17 00:00:00 (360 days).
2026-04-25 22:44:37,654 - freqtrade.optimize.backtesting - INFO - Dataload complete. Calculating indicators
2026-04-25 22:44:37,663 - freqtrade.optimize.backtesting - INFO - Running backtesting for Strategy yes
2026-04-25 22:44:37,664 - freqtrade.strategy.hyper - INFO - Strategy Parameter: buy_ma_count = 4
2026-04-25 22:44:37,664 - freqtrade.strategy.hyper - INFO - Strategy Parameter: buy_ma_gap = 4
2026-04-25 22:44:37,664 - freqtrade.strategy.hyper - INFO - Strategy Parameter: sell_ma_count = 10
2026-04-25 22:44:37,665 - freqtrade.strategy.hyper - INFO - Strategy Parameter: sell_ma_gap = 49
2026-04-25 22:44:37,674 - freqtrade.optimize.backtesting - INFO - Backtesting with data from 2025-04-22 00:00:00 up to 2026-04-17 00:00:00 (360 days).
2026-04-25 22:44:38,265 - freqtrade.misc - INFO - dumping json to "/home/mohs/Desktop/ae/pyside6/user_data/backtest_results/backtest-result-2026-04-25_22-44-38.meta.json"
Result for strategy yes
                                                BACKTESTING REPORT                                                
┏━━━━━━━━━━━┳━━━━━━━━┳━━━━━━━━━━━━━━┳━━━━━━━━━━━━━━━━━┳━━━━━━━━━━━━━━┳━━━━━━━━━━━━━━━━━━┳━━━━━━━━━━━━━━━━━━━━━━━━┓
┃      Pair ┃ Trades ┃ Avg Profit % ┃ Tot Profit USDT ┃ Tot Profit % ┃     Avg Duration ┃  Win  Draw  Loss  Win% ┃
┡━━━━━━━━━━━╇━━━━━━━━╇━━━━━━━━━━━━━━╇━━━━━━━━━━━━━━━━━╇━━━━━━━━━━━━━━╇━━━━━━━━━━━━━━━━━━╇━━━━━━━━━━━━━━━━━━━━━━━━┩
│ HOME/USDT │     11 │         6.81 │          45.964 │        30.64 │ 6 days, 10:55:00 │    6     0     5  54.5 │
│  ETH/USDT │     10 │         7.89 │          42.670 │        28.45 │ 8 days, 11:12:00 │    6     0     4  60.0 │
│  XRP/USDT │      9 │         3.18 │          18.404 │        12.27 │ 8 days, 23:33:00 │    5     0     4  55.6 │
│     TOTAL │     30 │         6.08 │         107.038 │        71.36 │ 7 days, 21:12:00 │   17     0    13  56.7 │
└───────────┴────────┴──────────────┴─────────────────┴──────────────┴──────────────────┴────────────────────────┘
                                             LEFT OPEN TRADES REPORT                                             
┏━━━━━━━━━━┳━━━━━━━━┳━━━━━━━━━━━━━━┳━━━━━━━━━━━━━━━━━┳━━━━━━━━━━━━━━┳━━━━━━━━━━━━━━━━━━┳━━━━━━━━━━━━━━━━━━━━━━━━┓
┃     Pair ┃ Trades ┃ Avg Profit % ┃ Tot Profit USDT ┃ Tot Profit % ┃     Avg Duration ┃  Win  Draw  Loss  Win% ┃
┡━━━━━━━━━━╇━━━━━━━━╇━━━━━━━━━━━━━━╇━━━━━━━━━━━━━━━━━╇━━━━━━━━━━━━━━╇━━━━━━━━━━━━━━━━━━╇━━━━━━━━━━━━━━━━━━━━━━━━┩
│ ETH/USDT │      1 │         4.01 │           3.353 │         2.24 │  6 days, 4:00:00 │    1     0     0   100 │
│ XRP/USDT │      1 │         3.11 │           2.609 │         1.74 │         20:00:00 │    1     0     0   100 │
│    TOTAL │      2 │         3.56 │           5.962 │         3.97 │ 3 days, 12:00:00 │    2     0     0   100 │
└──────────┴────────┴──────────────┴─────────────────┴──────────────┴──────────────────┴────────────────────────┘
                                                  ENTER TAG STATS                                                  
┏━━━━━━━━━━━┳━━━━━━━━━┳━━━━━━━━━━━━━━┳━━━━━━━━━━━━━━━━━┳━━━━━━━━━━━━━━┳━━━━━━━━━━━━━━━━━━┳━━━━━━━━━━━━━━━━━━━━━━━━┓
┃ Enter Tag ┃ Entries ┃ Avg Profit % ┃ Tot Profit USDT ┃ Tot Profit % ┃     Avg Duration ┃  Win  Draw  Loss  Win% ┃
┡━━━━━━━━━━━╇━━━━━━━━━╇━━━━━━━━━━━━━━╇━━━━━━━━━━━━━━━━━╇━━━━━━━━━━━━━━╇━━━━━━━━━━━━━━━━━━╇━━━━━━━━━━━━━━━━━━━━━━━━┩
│     OTHER │      30 │         6.08 │         107.038 │        71.36 │ 7 days, 21:12:00 │   17     0    13  56.7 │
│     TOTAL │      30 │         6.08 │         107.038 │        71.36 │ 7 days, 21:12:00 │   17     0    13  56.7 │
└───────────┴─────────┴──────────────┴─────────────────┴──────────────┴──────────────────┴────────────────────────┘
                                                 EXIT REASON STATS                                                 
┏━━━━━━━━━━━━━┳━━━━━━━┳━━━━━━━━━━━━━━┳━━━━━━━━━━━━━━━━━┳━━━━━━━━━━━━━━┳━━━━━━━━━━━━━━━━━━┳━━━━━━━━━━━━━━━━━━━━━━━━┓
┃ Exit Reason ┃ Exits ┃ Avg Profit % ┃ Tot Profit USDT ┃ Tot Profit % ┃     Avg Duration ┃  Win  Draw  Loss  Win% ┃
┡━━━━━━━━━━━━━╇━━━━━━━╇━━━━━━━━━━━━━━╇━━━━━━━━━━━━━━━━━╇━━━━━━━━━━━━━━╇━━━━━━━━━━━━━━━━━━╇━━━━━━━━━━━━━━━━━━━━━━━━┩
│         roi │    10 │        22.47 │         137.559 │        91.71 │  8 days, 2:24:00 │   10     0     0   100 │
│  force_exit │     2 │         3.56 │           5.962 │         3.97 │ 3 days, 12:00:00 │    2     0     0   100 │
│ exit_signal │    18 │        -2.75 │         -36.483 │       -24.32 │  8 days, 6:00:00 │    5     0    13  27.8 │
│       TOTAL │    30 │         6.08 │         107.038 │        71.36 │ 7 days, 21:12:00 │   17     0    13  56.7 │
└─────────────┴───────┴──────────────┴─────────────────┴──────────────┴──────────────────┴────────────────────────┘
                                                        MIXED TAG STATS                                                         
┏━━━━━━━━━━━┳━━━━━━━━━━━━━┳━━━━━━━━┳━━━━━━━━━━━━━━┳━━━━━━━━━━━━━━━━━┳━━━━━━━━━━━━━━┳━━━━━━━━━━━━━━━━━━┳━━━━━━━━━━━━━━━━━━━━━━━━┓
┃ Enter Tag ┃ Exit Reason ┃ Trades ┃ Avg Profit % ┃ Tot Profit USDT ┃ Tot Profit % ┃     Avg Duration ┃  Win  Draw  Loss  Win% ┃
┡━━━━━━━━━━━╇━━━━━━━━━━━━━╇━━━━━━━━╇━━━━━━━━━━━━━━╇━━━━━━━━━━━━━━━━━╇━━━━━━━━━━━━━━╇━━━━━━━━━━━━━━━━━━╇━━━━━━━━━━━━━━━━━━━━━━━━┩
│           │         roi │     10 │        22.47 │         137.559 │        91.71 │  8 days, 2:24:00 │   10     0     0   100 │
│           │  force_exit │      2 │         3.56 │           5.962 │         3.97 │ 3 days, 12:00:00 │    2     0     0   100 │
│           │ exit_signal │     18 │        -2.75 │         -36.483 │       -24.32 │  8 days, 6:00:00 │    5     0    13  27.8 │
│     TOTAL │             │     30 │         6.08 │         107.038 │        71.36 │ 7 days, 21:12:00 │   17     0    13  56.7 │
└───────────┴─────────────┴────────┴──────────────┴─────────────────┴──────────────┴──────────────────┴────────────────────────┘
                          SUMMARY METRICS                          
┏━━━━━━━━━━━━━━━━━━━━━━━━━━━━━━━┳━━━━━━━━━━━━━━━━━━━━━━━━━━━━━━━━━┓
┃ Metric                        ┃ Value                           ┃
┡━━━━━━━━━━━━━━━━━━━━━━━━━━━━━━━╇━━━━━━━━━━━━━━━━━━━━━━━━━━━━━━━━━┩
│ Backtesting from              │ 2025-04-22 00:00:00             │
│ Backtesting to                │ 2026-04-17 00:00:00             │
│ Trading Mode                  │ Spot                            │
│ Max open trades               │ 3                               │
│                               │                                 │
│ Total/Daily Avg Trades        │ 30 / 0.08                       │
│ Starting balance              │ 150 USDT                        │
│ Final balance                 │ 257.038 USDT                    │
│ Absolute profit               │ 107.038 USDT                    │
│ Total profit %                │ 71.36%                          │
│ CAGR %                        │ 72.65%                          │
│ Sortino                       │ 1.62                            │
│ Sharpe                        │ 0.69                            │
│ Calmar                        │ 52.42                           │
│ SQN                           │ 2.32                            │
│ Profit factor                 │ 3.03                            │
│ Expectancy (Ratio)            │ 3.57 (0.88)                     │
│ Avg. daily profit             │ 0.297 USDT                      │
│ Avg. stake amount             │ 73.51 USDT                      │
│ Total trade volume            │ 4526.675 USDT                   │
│                               │                                 │
│ Best Pair                     │ HOME/USDT 30.64%                │
│ Worst Pair                    │ XRP/USDT 12.27%                 │
│ Best trade                    │ HOME/USDT 22.48%                │
│ Worst trade                   │ HOME/USDT -15.73%               │
│ Best day                      │ 26.038 USDT                     │
│ Worst day                     │ -13.677 USDT                    │
│ Days win/draw/lose            │ 14 / 317 / 13                   │
│ Min/Max/Avg. Duration Winners │ 0d 20:00 / 16d 00:00 / 6d 23:32 │
│ Min/Max/Avg. Duration Losers  │ 0d 12:00 / 43d 08:00 / 9d 01:32 │
│ Max Consecutive Wins / Loss   │ 9 / 4                           │
│ Rejected Entry signals        │ 0                               │
│ Entry/Exit Timeouts           │ 0 / 0                           │
│                               │                                 │
│ Min balance                   │ 161.227 USDT                    │
│ Max balance                   │ 261.312 USDT                    │
│ Max % of account underwater   │ 7.22%                           │
│ Absolute drawdown             │ 18.878 USDT (7.22%)             │
│ Drawdown duration             │ 55 days 16:00:00                │
│ Profit at drawdown start      │ 111.312 USDT                    │
│ Profit at drawdown end        │ 92.434 USDT                     │
│ Drawdown start                │ 2025-08-18 12:00:00             │
│ Drawdown end                  │ 2025-10-13 04:00:00             │
│ Market change                 │ -9.22%                          │
└───────────────────────────────┴─────────────────────────────────┘

Backtested 2025-04-22 00:00:00 -> 2026-04-17 00:00:00 | Max open trades : 3
                                                           STRATEGY SUMMARY                                                           
┏━━━━━━━━━━┳━━━━━━━━┳━━━━━━━━━━━━━━┳━━━━━━━━━━━━━━━━━┳━━━━━━━━━━━━━━┳━━━━━━━━━━━━━━━━━━┳━━━━━━━━━━━━━━━━━━━━━━━━┳━━━━━━━━━━━━━━━━━━━━┓
┃ Strategy ┃ Trades ┃ Avg Profit % ┃ Tot Profit USDT ┃ Tot Profit % ┃     Avg Duration ┃  Win  Draw  Loss  Win% ┃           Drawdown ┃
┡━━━━━━━━━━╇━━━━━━━━╇━━━━━━━━━━━━━━╇━━━━━━━━━━━━━━━━━╇━━━━━━━━━━━━━━╇━━━━━━━━━━━━━━━━━━╇━━━━━━━━━━━━━━━━━━━━━━━━╇━━━━━━━━━━━━━━━━━━━━┩
│      yes │     30 │         6.08 │         107.038 │        71.36 │ 7 days, 21:12:00 │   17     0    13  56.7 │ 18.878 USDT  7.22% │
└──────────┴────────┴──────────────┴─────────────────┴──────────────┴──────────────────┴────────────────────────┴────────────────────┘