2026-04-25 21:58:47,136 - freqtrade - INFO - freqtrade 2026.3
2026-04-25 21:58:48,178 - freqtrade.configuration.load_config - INFO - Using config: /home/mohs/Desktop/ae/pyside6/user_data/config.json ...
2026-04-25 21:58:48,180 - freqtrade.loggers - INFO - Enabling colorized output.
2026-04-25 21:58:48,180 - freqtrade.loggers - INFO - Logfile configured
2026-04-25 21:58:48,181 - freqtrade.loggers - INFO - Verbosity set to 0
2026-04-25 21:58:48,181 - freqtrade.configuration.configuration - INFO - Using additional Strategy lookup path: 
/home/mohs/Desktop/ae/pyside6/user_data/optimizer/sessions/cc8d7aa3-4a01-4b96-b398-01484bd54a80/trial_025/strategy_dir
2026-04-25 21:58:48,181 - freqtrade.configuration.configuration - WARNING - `force_entry_enable` RPC message enabled.
2026-04-25 21:58:48,182 - freqtrade.configuration.configuration - INFO - Parameter -i/--timeframe detected ... Using timeframe: 5m ...
2026-04-25 21:58:48,182 - freqtrade.configuration.configuration - INFO - Parameter --max-open-trades detected, overriding max_open_trades to: 3 ...
2026-04-25 21:58:48,182 - freqtrade.configuration.configuration - INFO - Parameter --dry-run-wallet detected, overriding dry_run_wallet to: 150.0 ...
2026-04-25 21:58:48,182 - freqtrade.configuration.configuration - INFO - Parameter --timerange detected: 20250422-20260417 ...
2026-04-25 21:58:48,183 - freqtrade.configuration.configuration - INFO - Using user-data directory: /home/mohs/Desktop/ae/pyside6/user_data ...
2026-04-25 21:58:48,183 - freqtrade.configuration.configuration - INFO - Using data directory: /home/mohs/Desktop/ae/pyside6/user_data/data/binance ...
2026-04-25 21:58:48,183 - freqtrade.configuration.configuration - INFO - Parameter --export detected: trades ...
2026-04-25 21:58:48,184 - freqtrade.configuration.configuration - INFO - Parameter --cache=day detected ...
2026-04-25 21:58:48,184 - freqtrade.configuration.configuration - INFO - Using pairs ['XRP/USDT', 'ETH/USDT', 'HOME/USDT']
2026-04-25 21:58:48,184 - freqtrade.configuration.configuration - INFO - Filter trades by timerange: 20250422-20260417
2026-04-25 21:58:48,185 - freqtrade.exchange.check_exchange - INFO - Checking exchange...
2026-04-25 21:58:48,191 - freqtrade.exchange.check_exchange - INFO - Exchange "binance" is officially supported by the Freqtrade development team.
2026-04-25 21:58:48,191 - freqtrade.configuration.config_validation - INFO - Validating configuration ...
2026-04-25 21:58:48,193 - freqtrade.commands.optimize_commands - INFO - Starting freqtrade in Backtesting mode
2026-04-25 21:58:48,194 - freqtrade.exchange.exchange - INFO - Instance is running with dry_run enabled
2026-04-25 21:58:48,194 - freqtrade.exchange.exchange - INFO - Using CCXT 4.5.50
2026-04-25 21:58:48,194 - freqtrade.exchange.exchange - INFO - Applying additional ccxt config: {'enableRateLimit': True, 'timeout': 120000}
2026-04-25 21:58:48,199 - freqtrade.exchange.exchange - INFO - Applying additional ccxt config: {'enableRateLimit': True, 'timeout': 120000}
2026-04-25 21:58:48,205 - freqtrade.exchange.exchange - INFO - Using Exchange "Binance"
2026-04-25 21:58:49,573 - freqtrade.resolvers.exchange_resolver - INFO - Using resolved exchange 'Binance'...
2026-04-25 21:58:49,581 - freqtrade.resolvers.iresolver - INFO - Using resolved strategy yes from 
'/home/mohs/Desktop/ae/pyside6/user_data/optimizer/sessions/cc8d7aa3-4a01-4b96-b398-01484bd54a80/trial_025/strategy_dir/yes.py'...
2026-04-25 21:58:49,581 - freqtrade.strategy.hyper - INFO - Loading parameters from file 
/home/mohs/Desktop/ae/pyside6/user_data/optimizer/sessions/cc8d7aa3-4a01-4b96-b398-01484bd54a80/trial_025/strategy_dir/yes.json
2026-04-25 21:58:49,582 - freqtrade.resolvers.strategy_resolver - INFO - Override strategy 'timeframe' with value from the configuration: 5m.
2026-04-25 21:58:49,582 - freqtrade.resolvers.strategy_resolver - INFO - Override strategy 'stake_currency' with value from the configuration: USDT.
2026-04-25 21:58:49,582 - freqtrade.resolvers.strategy_resolver - INFO - Override strategy 'stake_amount' with value from the configuration: unlimited.
2026-04-25 21:58:49,583 - freqtrade.resolvers.strategy_resolver - INFO - Override strategy 'use_exit_signal' with value from the configuration: True.
2026-04-25 21:58:49,583 - freqtrade.resolvers.strategy_resolver - INFO - Override strategy 'max_open_trades' with value from the configuration: 3.
2026-04-25 21:58:49,583 - freqtrade.resolvers.strategy_resolver - INFO - Strategy using minimal_roi: {'0': 0.71077103574204, '13': 0.9079416241769412, '146': 0.1768028136364332, '38': 
0.07493506963954089}
2026-04-25 21:58:49,583 - freqtrade.resolvers.strategy_resolver - INFO - Strategy using timeframe: 5m
2026-04-25 21:58:49,584 - freqtrade.resolvers.strategy_resolver - INFO - Strategy using stoploss: -0.3026504065679162
2026-04-25 21:58:49,584 - freqtrade.resolvers.strategy_resolver - INFO - Strategy using trailing_stop: False
2026-04-25 21:58:49,584 - freqtrade.resolvers.strategy_resolver - INFO - Strategy using trailing_stop_positive: 0.3113336040598528
2026-04-25 21:58:49,584 - freqtrade.resolvers.strategy_resolver - INFO - Strategy using trailing_stop_positive_offset: 0.07243254812455671
2026-04-25 21:58:49,585 - freqtrade.resolvers.strategy_resolver - INFO - Strategy using trailing_only_offset_is_reached: False
2026-04-25 21:58:49,585 - freqtrade.resolvers.strategy_resolver - INFO - Strategy using use_custom_stoploss: False
2026-04-25 21:58:49,585 - freqtrade.resolvers.strategy_resolver - INFO - Strategy using process_only_new_candles: True
2026-04-25 21:58:49,585 - freqtrade.resolvers.strategy_resolver - INFO - Strategy using order_types: {'entry': 'limit', 'exit': 'limit', 'stoploss': 'limit', 'stoploss_on_exchange': False, 
'stoploss_on_exchange_interval': 60}
2026-04-25 21:58:49,586 - freqtrade.resolvers.strategy_resolver - INFO - Strategy using order_time_in_force: {'entry': 'GTC', 'exit': 'GTC'}
2026-04-25 21:58:49,586 - freqtrade.resolvers.strategy_resolver - INFO - Strategy using stake_currency: USDT
2026-04-25 21:58:49,586 - freqtrade.resolvers.strategy_resolver - INFO - Strategy using stake_amount: unlimited
2026-04-25 21:58:49,586 - freqtrade.resolvers.strategy_resolver - INFO - Strategy using startup_candle_count: 0
2026-04-25 21:58:49,587 - freqtrade.resolvers.strategy_resolver - INFO - Strategy using use_exit_signal: True
2026-04-25 21:58:49,587 - freqtrade.resolvers.strategy_resolver - INFO - Strategy using exit_profit_only: False
2026-04-25 21:58:49,587 - freqtrade.resolvers.strategy_resolver - INFO - Strategy using ignore_roi_if_entry_signal: False
2026-04-25 21:58:49,587 - freqtrade.resolvers.strategy_resolver - INFO - Strategy using exit_profit_offset: 0.0
2026-04-25 21:58:49,588 - freqtrade.resolvers.strategy_resolver - INFO - Strategy using disable_dataframe_checks: False
2026-04-25 21:58:49,588 - freqtrade.resolvers.strategy_resolver - INFO - Strategy using ignore_buying_expired_candle_after: 0
2026-04-25 21:58:49,588 - freqtrade.resolvers.strategy_resolver - INFO - Strategy using position_adjustment_enable: False
2026-04-25 21:58:49,589 - freqtrade.resolvers.strategy_resolver - INFO - Strategy using max_entry_position_adjustment: -1
2026-04-25 21:58:49,589 - freqtrade.resolvers.strategy_resolver - INFO - Strategy using max_open_trades: 3
2026-04-25 21:58:49,589 - freqtrade.configuration.config_validation - INFO - Validating configuration ...
2026-04-25 21:58:49,593 - freqtrade.resolvers.iresolver - INFO - Using resolved pairlist StaticPairList from 
'/home/mohs/Desktop/ae/pyside6/.venv/lib/python3.12/site-packages/freqtrade/plugins/pairlist/StaticPairList.py'...
2026-04-25 21:58:49,605 - freqtrade.optimize.backtesting - INFO - Using fee 0.1000% - worst case fee from exchange (lowest tier).
2026-04-25 21:58:49,742 - freqtrade.data.history.datahandlers.idatahandler - WARNING - XRP/USDT, spot, 5m, data ends at 2026-04-11 01:45:00
2026-04-25 21:58:50,141 - freqtrade.data.history.datahandlers.idatahandler - WARNING - HOME/USDT, spot, 5m, data starts at 2025-06-12 15:00:00
2026-04-25 21:58:50,170 - freqtrade.optimize.backtesting - INFO - Loading data from 2025-04-22 00:00:00 up to 2026-04-17 00:00:00 (360 days).
2026-04-25 21:58:52,231 - freqtrade.optimize.backtesting - INFO - Dataload complete. Calculating indicators
2026-04-25 21:58:52,236 - freqtrade.optimize.backtesting - INFO - Running backtesting for Strategy yes
2026-04-25 21:58:52,237 - freqtrade.strategy.hyper - INFO - Strategy Parameter: buy_ma_count = 4
2026-04-25 21:58:52,237 - freqtrade.strategy.hyper - INFO - Strategy Parameter: buy_ma_gap = 30
2026-04-25 21:58:52,237 - freqtrade.strategy.hyper - INFO - Strategy Parameter: sell_ma_count = 15
2026-04-25 21:58:52,237 - freqtrade.strategy.hyper - INFO - Strategy Parameter: sell_ma_gap = 8
2026-04-25 21:58:52,373 - freqtrade.optimize.backtesting - INFO - Backtesting with data from 2025-04-22 00:00:00 up to 2026-04-17 00:00:00 (360 days).
/home/mohs/Desktop/ae/pyside6/.venv/lib/python3.12/site-packages/freqtrade/data/metrics.py:77: FutureWarning: The default fill_method='pad' in DataFrame.pct_change is deprecated and will be removed in a future version. Either fill in any non-leading NA values prior to calling pct_change or specify 'fill_method=None' to not fill NA values.
  rel_mean = df_comb.pct_change().mean(axis=1).fillna(0).cumsum()
2026-04-25 21:58:59,099 - freqtrade.misc - INFO - dumping json to "/home/mohs/Desktop/ae/pyside6/user_data/backtest_results/backtest-result-2026-04-25_21-58-59.meta.json"
Result for strategy yes
                                              BACKTESTING REPORT                                              
┏━━━━━━━━━━━┳━━━━━━━━┳━━━━━━━━━━━━━━┳━━━━━━━━━━━━━━━━━┳━━━━━━━━━━━━━━┳━━━━━━━━━━━━━━┳━━━━━━━━━━━━━━━━━━━━━━━━┓
┃      Pair ┃ Trades ┃ Avg Profit % ┃ Tot Profit USDT ┃ Tot Profit % ┃ Avg Duration ┃  Win  Draw  Loss  Win% ┃
┡━━━━━━━━━━━╇━━━━━━━━╇━━━━━━━━━━━━━━╇━━━━━━━━━━━━━━━━━╇━━━━━━━━━━━━━━╇━━━━━━━━━━━━━━╇━━━━━━━━━━━━━━━━━━━━━━━━┩
│  ETH/USDT │    740 │        -0.14 │         -29.153 │       -19.44 │      2:00:00 │  233     0   507  31.5 │
│ HOME/USDT │    690 │        -0.19 │         -35.437 │       -23.62 │      1:56:00 │  217     0   473  31.4 │
│  XRP/USDT │    785 │        -0.19 │         -44.390 │       -29.59 │      1:57:00 │  232     0   553  29.6 │
│     TOTAL │   2215 │        -0.17 │        -108.979 │       -72.65 │      1:58:00 │  682     0  1533  30.8 │
└───────────┴────────┴──────────────┴─────────────────┴──────────────┴──────────────┴────────────────────────┘
                                         LEFT OPEN TRADES REPORT                                          
┏━━━━━━━┳━━━━━━━━┳━━━━━━━━━━━━━━┳━━━━━━━━━━━━━━━━━┳━━━━━━━━━━━━━━┳━━━━━━━━━━━━━━┳━━━━━━━━━━━━━━━━━━━━━━━━┓
┃  Pair ┃ Trades ┃ Avg Profit % ┃ Tot Profit USDT ┃ Tot Profit % ┃ Avg Duration ┃  Win  Draw  Loss  Win% ┃
┡━━━━━━━╇━━━━━━━━╇━━━━━━━━━━━━━━╇━━━━━━━━━━━━━━━━━╇━━━━━━━━━━━━━━╇━━━━━━━━━━━━━━╇━━━━━━━━━━━━━━━━━━━━━━━━┩
│ TOTAL │      0 │          0.0 │           0.000 │          0.0 │         0:00 │    0     0     0     0 │
└───────┴────────┴──────────────┴─────────────────┴──────────────┴──────────────┴────────────────────────┘
                                                ENTER TAG STATS                                                
┏━━━━━━━━━━━┳━━━━━━━━━┳━━━━━━━━━━━━━━┳━━━━━━━━━━━━━━━━━┳━━━━━━━━━━━━━━┳━━━━━━━━━━━━━━┳━━━━━━━━━━━━━━━━━━━━━━━━┓
┃ Enter Tag ┃ Entries ┃ Avg Profit % ┃ Tot Profit USDT ┃ Tot Profit % ┃ Avg Duration ┃  Win  Draw  Loss  Win% ┃
┡━━━━━━━━━━━╇━━━━━━━━━╇━━━━━━━━━━━━━━╇━━━━━━━━━━━━━━━━━╇━━━━━━━━━━━━━━╇━━━━━━━━━━━━━━╇━━━━━━━━━━━━━━━━━━━━━━━━┩
│     OTHER │    2215 │        -0.17 │        -108.979 │       -72.65 │      1:58:00 │  682     0  1533  30.8 │
│     TOTAL │    2215 │        -0.17 │        -108.979 │       -72.65 │      1:58:00 │  682     0  1533  30.8 │
└───────────┴─────────┴──────────────┴─────────────────┴──────────────┴──────────────┴────────────────────────┘
                                               EXIT REASON STATS                                               
┏━━━━━━━━━━━━━┳━━━━━━━┳━━━━━━━━━━━━━━┳━━━━━━━━━━━━━━━━━┳━━━━━━━━━━━━━━┳━━━━━━━━━━━━━━┳━━━━━━━━━━━━━━━━━━━━━━━━┓
┃ Exit Reason ┃ Exits ┃ Avg Profit % ┃ Tot Profit USDT ┃ Tot Profit % ┃ Avg Duration ┃  Win  Draw  Loss  Win% ┃
┡━━━━━━━━━━━━━╇━━━━━━━╇━━━━━━━━━━━━━━╇━━━━━━━━━━━━━━━━━╇━━━━━━━━━━━━━━╇━━━━━━━━━━━━━━╇━━━━━━━━━━━━━━━━━━━━━━━━┩
│         roi │     9 │         7.61 │          21.108 │        14.07 │      1:26:00 │    9     0     0   100 │
│ exit_signal │  2206 │         -0.2 │        -130.087 │       -86.72 │      1:58:00 │  673     0  1533  30.5 │
│       TOTAL │  2215 │        -0.17 │        -108.979 │       -72.65 │      1:58:00 │  682     0  1533  30.8 │
└─────────────┴───────┴──────────────┴─────────────────┴──────────────┴──────────────┴────────────────────────┘
                                                      MIXED TAG STATS                                                       
┏━━━━━━━━━━━┳━━━━━━━━━━━━━┳━━━━━━━━┳━━━━━━━━━━━━━━┳━━━━━━━━━━━━━━━━━┳━━━━━━━━━━━━━━┳━━━━━━━━━━━━━━┳━━━━━━━━━━━━━━━━━━━━━━━━┓
┃ Enter Tag ┃ Exit Reason ┃ Trades ┃ Avg Profit % ┃ Tot Profit USDT ┃ Tot Profit % ┃ Avg Duration ┃  Win  Draw  Loss  Win% ┃
┡━━━━━━━━━━━╇━━━━━━━━━━━━━╇━━━━━━━━╇━━━━━━━━━━━━━━╇━━━━━━━━━━━━━━━━━╇━━━━━━━━━━━━━━╇━━━━━━━━━━━━━━╇━━━━━━━━━━━━━━━━━━━━━━━━┩
│           │         roi │      9 │         7.61 │          21.108 │        14.07 │      1:26:00 │    9     0     0   100 │
│           │ exit_signal │   2206 │         -0.2 │        -130.087 │       -86.72 │      1:58:00 │  673     0  1533  30.5 │
│     TOTAL │             │   2215 │        -0.17 │        -108.979 │       -72.65 │      1:58:00 │  682     0  1533  30.8 │
└───────────┴─────────────┴────────┴──────────────┴─────────────────┴──────────────┴──────────────┴────────────────────────┘
                         SUMMARY METRICS                          
┏━━━━━━━━━━━━━━━━━━━━━━━━━━━━━━━┳━━━━━━━━━━━━━━━━━━━━━━━━━━━━━━━━┓
┃ Metric                        ┃ Value                          ┃
┡━━━━━━━━━━━━━━━━━━━━━━━━━━━━━━━╇━━━━━━━━━━━━━━━━━━━━━━━━━━━━━━━━┩
│ Backtesting from              │ 2025-04-22 00:00:00            │
│ Backtesting to                │ 2026-04-17 00:00:00            │
│ Trading Mode                  │ Spot                           │
│ Max open trades               │ 3                              │
│                               │                                │
│ Total/Daily Avg Trades        │ 2215 / 6.15                    │
│ Starting balance              │ 150 USDT                       │
│ Final balance                 │ 41.021 USDT                    │
│ Absolute profit               │ -108.979 USDT                  │
│ Total profit %                │ -72.65%                        │
│ CAGR %                        │ -73.14%                        │
│ Sortino                       │ -23.31                         │
│ Sharpe                        │ -14.39                         │
│ Calmar                        │ -5.29                          │
│ SQN                           │ -5.76                          │
│ Profit factor                 │ 0.67                           │
│ Expectancy (Ratio)            │ -0.05 (-0.23)                  │
│ Avg. daily profit             │ -0.303 USDT                    │
│ Avg. stake amount             │ 26.487 USDT                    │
│ Total trade volume            │ 117463.565 USDT                │
│                               │                                │
│ Best Pair                     │ ETH/USDT -19.44%               │
│ Worst Pair                    │ XRP/USDT -29.59%               │
│ Best trade                    │ HOME/USDT 10.58%               │
│ Worst trade                   │ HOME/USDT -13.67%              │
│ Best day                      │ 4.361 USDT                     │
│ Worst day                     │ -3.154 USDT                    │
│ Days win/draw/lose            │ 119 / 0 / 240                  │
│ Min/Max/Avg. Duration Winners │ 0d 00:40 / 0d 06:50 / 0d 02:58 │
│ Min/Max/Avg. Duration Losers  │ 0d 00:05 / 0d 08:00 / 0d 01:31 │
│ Max Consecutive Wins / Loss   │ 6 / 22                         │
│ Rejected Entry signals        │ 0                              │
│ Entry/Exit Timeouts           │ 0 / 0                          │
│                               │                                │
│ Min balance                   │ 40.574 USDT                    │
│ Max balance                   │ 149.817 USDT                   │
│ Max % of account underwater   │ 72.95%                         │
│ Absolute drawdown             │ 109.426 USDT (72.95%)          │
│ Drawdown duration             │ 349 days 09:00:00              │
│ Profit at drawdown start      │ 0 USDT                         │
│ Profit at drawdown end        │ -109.426 USDT                  │
│ Drawdown start                │ 2025-04-23 10:05:00            │
│ Drawdown end                  │ 2026-04-07 19:05:00            │
│ Market change                 │ -10.52%                        │
└───────────────────────────────┴────────────────────────────────┘

Backtested 2025-04-22 00:00:00 -> 2026-04-17 00:00:00 | Max open trades : 3
                                                          STRATEGY SUMMARY                                                          
┏━━━━━━━━━━┳━━━━━━━━┳━━━━━━━━━━━━━━┳━━━━━━━━━━━━━━━━━┳━━━━━━━━━━━━━━┳━━━━━━━━━━━━━━┳━━━━━━━━━━━━━━━━━━━━━━━━┳━━━━━━━━━━━━━━━━━━━━━━┓
┃ Strategy ┃ Trades ┃ Avg Profit % ┃ Tot Profit USDT ┃ Tot Profit % ┃ Avg Duration ┃  Win  Draw  Loss  Win% ┃             Drawdown ┃
┡━━━━━━━━━━╇━━━━━━━━╇━━━━━━━━━━━━━━╇━━━━━━━━━━━━━━━━━╇━━━━━━━━━━━━━━╇━━━━━━━━━━━━━━╇━━━━━━━━━━━━━━━━━━━━━━━━╇━━━━━━━━━━━━━━━━━━━━━━┩
│      yes │   2215 │        -0.17 │        -108.979 │       -72.65 │      1:58:00 │  682     0  1533  30.8 │ 109.426 USDT  72.95% │
└──────────┴────────┴──────────────┴─────────────────┴──────────────┴──────────────┴────────────────────────┴──────────────────────┘