2026-04-25 22:38:41,609 - freqtrade - INFO - freqtrade 2026.3
2026-04-25 22:38:42,647 - freqtrade.configuration.load_config - INFO - Using config: /home/mohs/Desktop/ae/pyside6/user_data/config.json ...
2026-04-25 22:38:42,649 - freqtrade.loggers - INFO - Enabling colorized output.
2026-04-25 22:38:42,649 - freqtrade.loggers - INFO - Logfile configured
2026-04-25 22:38:42,649 - freqtrade.loggers - INFO - Verbosity set to 0
2026-04-25 22:38:42,650 - freqtrade.configuration.configuration - INFO - Using additional Strategy lookup path: 
/home/mohs/Desktop/ae/pyside6/user_data/optimizer/sessions/b8194b7f-3716-497e-8a17-833c28d4e223/trial_010/strategy_dir
2026-04-25 22:38:42,650 - freqtrade.configuration.configuration - WARNING - `force_entry_enable` RPC message enabled.
2026-04-25 22:38:42,650 - freqtrade.configuration.configuration - INFO - Parameter -i/--timeframe detected ... Using timeframe: 4h ...
2026-04-25 22:38:42,651 - freqtrade.configuration.configuration - INFO - Parameter --max-open-trades detected, overriding max_open_trades to: 3 ...
2026-04-25 22:38:42,651 - freqtrade.configuration.configuration - INFO - Parameter --dry-run-wallet detected, overriding dry_run_wallet to: 150.0 ...
2026-04-25 22:38:42,651 - freqtrade.configuration.configuration - INFO - Parameter --timerange detected: 20250422-20260417 ...
2026-04-25 22:38:42,651 - freqtrade.configuration.configuration - INFO - Using user-data directory: /home/mohs/Desktop/ae/pyside6/user_data ...
2026-04-25 22:38:42,652 - freqtrade.configuration.configuration - INFO - Using data directory: /home/mohs/Desktop/ae/pyside6/user_data/data/binance ...
2026-04-25 22:38:42,652 - freqtrade.configuration.configuration - INFO - Parameter --export detected: trades ...
2026-04-25 22:38:42,652 - freqtrade.configuration.configuration - INFO - Parameter --cache=day detected ...
2026-04-25 22:38:42,653 - freqtrade.configuration.configuration - INFO - Using pairs ['XRP/USDT', 'ETH/USDT', 'HOME/USDT']
2026-04-25 22:38:42,653 - freqtrade.configuration.configuration - INFO - Filter trades by timerange: 20250422-20260417
2026-04-25 22:38:42,653 - freqtrade.exchange.check_exchange - INFO - Checking exchange...
2026-04-25 22:38:42,659 - freqtrade.exchange.check_exchange - INFO - Exchange "binance" is officially supported by the Freqtrade development team.
2026-04-25 22:38:42,659 - freqtrade.configuration.config_validation - INFO - Validating configuration ...
2026-04-25 22:38:42,661 - freqtrade.commands.optimize_commands - INFO - Starting freqtrade in Backtesting mode
2026-04-25 22:38:42,662 - freqtrade.exchange.exchange - INFO - Instance is running with dry_run enabled
2026-04-25 22:38:42,662 - freqtrade.exchange.exchange - INFO - Using CCXT 4.5.50
2026-04-25 22:38:42,662 - freqtrade.exchange.exchange - INFO - Applying additional ccxt config: {'enableRateLimit': True, 'timeout': 120000}
2026-04-25 22:38:42,668 - freqtrade.exchange.exchange - INFO - Applying additional ccxt config: {'enableRateLimit': True, 'timeout': 120000}
2026-04-25 22:38:42,674 - freqtrade.exchange.exchange - INFO - Using Exchange "Binance"
2026-04-25 22:38:44,477 - freqtrade.resolvers.exchange_resolver - INFO - Using resolved exchange 'Binance'...
2026-04-25 22:38:44,485 - freqtrade.resolvers.iresolver - INFO - Using resolved strategy yes from 
'/home/mohs/Desktop/ae/pyside6/user_data/optimizer/sessions/b8194b7f-3716-497e-8a17-833c28d4e223/trial_010/strategy_dir/yes.py'...
2026-04-25 22:38:44,486 - freqtrade.strategy.hyper - INFO - Loading parameters from file 
/home/mohs/Desktop/ae/pyside6/user_data/optimizer/sessions/b8194b7f-3716-497e-8a17-833c28d4e223/trial_010/strategy_dir/yes.json
2026-04-25 22:38:44,486 - freqtrade.resolvers.strategy_resolver - INFO - Override strategy 'timeframe' with value from the configuration: 4h.
2026-04-25 22:38:44,487 - freqtrade.resolvers.strategy_resolver - INFO - Override strategy 'stake_currency' with value from the configuration: USDT.
2026-04-25 22:38:44,487 - freqtrade.resolvers.strategy_resolver - INFO - Override strategy 'stake_amount' with value from the configuration: unlimited.
2026-04-25 22:38:44,487 - freqtrade.resolvers.strategy_resolver - INFO - Override strategy 'use_exit_signal' with value from the configuration: True.
2026-04-25 22:38:44,487 - freqtrade.resolvers.strategy_resolver - INFO - Override strategy 'max_open_trades' with value from the configuration: 3.
2026-04-25 22:38:44,488 - freqtrade.resolvers.strategy_resolver - INFO - Strategy using minimal_roi: {'0': 0.8855198336489549, '13': 0.20733400461870513, '146': 0.921646216579222, '38': 
0.324583275438562}
2026-04-25 22:38:44,488 - freqtrade.resolvers.strategy_resolver - INFO - Strategy using timeframe: 4h
2026-04-25 22:38:44,488 - freqtrade.resolvers.strategy_resolver - INFO - Strategy using stoploss: -0.8950777773680534
2026-04-25 22:38:44,488 - freqtrade.resolvers.strategy_resolver - INFO - Strategy using trailing_stop: True
2026-04-25 22:38:44,489 - freqtrade.resolvers.strategy_resolver - INFO - Strategy using trailing_stop_positive: 0.2388806151181593
2026-04-25 22:38:44,489 - freqtrade.resolvers.strategy_resolver - INFO - Strategy using trailing_stop_positive_offset: 0.655850947737979
2026-04-25 22:38:44,489 - freqtrade.resolvers.strategy_resolver - INFO - Strategy using trailing_only_offset_is_reached: True
2026-04-25 22:38:44,489 - freqtrade.resolvers.strategy_resolver - INFO - Strategy using use_custom_stoploss: False
2026-04-25 22:38:44,490 - freqtrade.resolvers.strategy_resolver - INFO - Strategy using process_only_new_candles: True
2026-04-25 22:38:44,490 - freqtrade.resolvers.strategy_resolver - INFO - Strategy using order_types: {'entry': 'limit', 'exit': 'limit', 'stoploss': 'limit', 'stoploss_on_exchange': False, 
'stoploss_on_exchange_interval': 60}
2026-04-25 22:38:44,490 - freqtrade.resolvers.strategy_resolver - INFO - Strategy using order_time_in_force: {'entry': 'GTC', 'exit': 'GTC'}
2026-04-25 22:38:44,490 - freqtrade.resolvers.strategy_resolver - INFO - Strategy using stake_currency: USDT
2026-04-25 22:38:44,491 - freqtrade.resolvers.strategy_resolver - INFO - Strategy using stake_amount: unlimited
2026-04-25 22:38:44,491 - freqtrade.resolvers.strategy_resolver - INFO - Strategy using startup_candle_count: 0
2026-04-25 22:38:44,491 - freqtrade.resolvers.strategy_resolver - INFO - Strategy using use_exit_signal: True
2026-04-25 22:38:44,491 - freqtrade.resolvers.strategy_resolver - INFO - Strategy using exit_profit_only: False
2026-04-25 22:38:44,492 - freqtrade.resolvers.strategy_resolver - INFO - Strategy using ignore_roi_if_entry_signal: False
2026-04-25 22:38:44,492 - freqtrade.resolvers.strategy_resolver - INFO - Strategy using exit_profit_offset: 0.0
2026-04-25 22:38:44,492 - freqtrade.resolvers.strategy_resolver - INFO - Strategy using disable_dataframe_checks: False
2026-04-25 22:38:44,492 - freqtrade.resolvers.strategy_resolver - INFO - Strategy using ignore_buying_expired_candle_after: 0
2026-04-25 22:38:44,492 - freqtrade.resolvers.strategy_resolver - INFO - Strategy using position_adjustment_enable: False
2026-04-25 22:38:44,493 - freqtrade.resolvers.strategy_resolver - INFO - Strategy using max_entry_position_adjustment: -1
2026-04-25 22:38:44,493 - freqtrade.resolvers.strategy_resolver - INFO - Strategy using max_open_trades: 3
2026-04-25 22:38:44,493 - freqtrade.configuration.config_validation - INFO - Validating configuration ...
2026-04-25 22:38:44,497 - freqtrade.resolvers.iresolver - INFO - Using resolved pairlist StaticPairList from 
'/home/mohs/Desktop/ae/pyside6/.venv/lib/python3.12/site-packages/freqtrade/plugins/pairlist/StaticPairList.py'...
2026-04-25 22:38:44,509 - freqtrade.optimize.backtesting - INFO - Using fee 0.1000% - worst case fee from exchange (lowest tier).
2026-04-25 22:38:44,546 - freqtrade.data.history.datahandlers.idatahandler - WARNING - HOME/USDT, spot, 4h, data starts at 2025-06-12 12:00:00
2026-04-25 22:38:44,553 - freqtrade.optimize.backtesting - INFO - Loading data from 2025-04-22 00:00:00 up to 2026-04-17 00:00:00 (360 days).
2026-04-25 22:38:44,609 - freqtrade.optimize.backtesting - INFO - Dataload complete. Calculating indicators
2026-04-25 22:38:44,617 - freqtrade.optimize.backtesting - INFO - Running backtesting for Strategy yes
2026-04-25 22:38:44,618 - freqtrade.strategy.hyper - INFO - Strategy Parameter: buy_ma_count = 17
2026-04-25 22:38:44,618 - freqtrade.strategy.hyper - INFO - Strategy Parameter: buy_ma_gap = 35
2026-04-25 22:38:44,618 - freqtrade.strategy.hyper - INFO - Strategy Parameter: sell_ma_count = 5
2026-04-25 22:38:44,618 - freqtrade.strategy.hyper - INFO - Strategy Parameter: sell_ma_gap = 2
2026-04-25 22:38:44,629 - freqtrade.optimize.backtesting - INFO - Backtesting with data from 2025-04-22 00:00:00 up to 2026-04-17 00:00:00 (360 days).
2026-04-25 22:38:44,851 - freqtrade.misc - INFO - dumping json to "/home/mohs/Desktop/ae/pyside6/user_data/backtest_results/backtest-result-2026-04-25_22-38-44.meta.json"
Result for strategy yes
                                               BACKTESTING REPORT                                               
┏━━━━━━━━━━━┳━━━━━━━━┳━━━━━━━━━━━━━━┳━━━━━━━━━━━━━━━━━┳━━━━━━━━━━━━━━┳━━━━━━━━━━━━━━━━┳━━━━━━━━━━━━━━━━━━━━━━━━┓
┃      Pair ┃ Trades ┃ Avg Profit % ┃ Tot Profit USDT ┃ Tot Profit % ┃   Avg Duration ┃  Win  Draw  Loss  Win% ┃
┡━━━━━━━━━━━╇━━━━━━━━╇━━━━━━━━━━━━━━╇━━━━━━━━━━━━━━━━━╇━━━━━━━━━━━━━━╇━━━━━━━━━━━━━━━━╇━━━━━━━━━━━━━━━━━━━━━━━━┩
│  XRP/USDT │      1 │         1.47 │           0.721 │         0.48 │        8:00:00 │    1     0     0   100 │
│ HOME/USDT │      0 │          0.0 │           0.000 │          0.0 │           0:00 │    0     0     0     0 │
│  ETH/USDT │      1 │        -5.56 │          -2.770 │        -1.85 │ 1 day, 4:00:00 │    0     0     1     0 │
│     TOTAL │      2 │        -2.04 │          -2.049 │        -1.37 │       18:00:00 │    1     0     1  50.0 │
└───────────┴────────┴──────────────┴─────────────────┴──────────────┴────────────────┴────────────────────────┘
                                           LEFT OPEN TRADES REPORT                                           
┏━━━━━━━━━━┳━━━━━━━━┳━━━━━━━━━━━━━━┳━━━━━━━━━━━━━━━━━┳━━━━━━━━━━━━━━┳━━━━━━━━━━━━━━┳━━━━━━━━━━━━━━━━━━━━━━━━┓
┃     Pair ┃ Trades ┃ Avg Profit % ┃ Tot Profit USDT ┃ Tot Profit % ┃ Avg Duration ┃  Win  Draw  Loss  Win% ┃
┡━━━━━━━━━━╇━━━━━━━━╇━━━━━━━━━━━━━━╇━━━━━━━━━━━━━━━━━╇━━━━━━━━━━━━━━╇━━━━━━━━━━━━━━╇━━━━━━━━━━━━━━━━━━━━━━━━┩
│ XRP/USDT │      1 │         1.47 │           0.721 │         0.48 │      8:00:00 │    1     0     0   100 │
│    TOTAL │      1 │         1.47 │           0.721 │         0.48 │      8:00:00 │    1     0     0   100 │
└──────────┴────────┴──────────────┴─────────────────┴──────────────┴──────────────┴────────────────────────┘
                                                ENTER TAG STATS                                                
┏━━━━━━━━━━━┳━━━━━━━━━┳━━━━━━━━━━━━━━┳━━━━━━━━━━━━━━━━━┳━━━━━━━━━━━━━━┳━━━━━━━━━━━━━━┳━━━━━━━━━━━━━━━━━━━━━━━━┓
┃ Enter Tag ┃ Entries ┃ Avg Profit % ┃ Tot Profit USDT ┃ Tot Profit % ┃ Avg Duration ┃  Win  Draw  Loss  Win% ┃
┡━━━━━━━━━━━╇━━━━━━━━━╇━━━━━━━━━━━━━━╇━━━━━━━━━━━━━━━━━╇━━━━━━━━━━━━━━╇━━━━━━━━━━━━━━╇━━━━━━━━━━━━━━━━━━━━━━━━┩
│     OTHER │       2 │        -2.04 │          -2.049 │        -1.37 │     18:00:00 │    1     0     1  50.0 │
│     TOTAL │       2 │        -2.04 │          -2.049 │        -1.37 │     18:00:00 │    1     0     1  50.0 │
└───────────┴─────────┴──────────────┴─────────────────┴──────────────┴──────────────┴────────────────────────┘
                                                EXIT REASON STATS                                                
┏━━━━━━━━━━━━━┳━━━━━━━┳━━━━━━━━━━━━━━┳━━━━━━━━━━━━━━━━━┳━━━━━━━━━━━━━━┳━━━━━━━━━━━━━━━━┳━━━━━━━━━━━━━━━━━━━━━━━━┓
┃ Exit Reason ┃ Exits ┃ Avg Profit % ┃ Tot Profit USDT ┃ Tot Profit % ┃   Avg Duration ┃  Win  Draw  Loss  Win% ┃
┡━━━━━━━━━━━━━╇━━━━━━━╇━━━━━━━━━━━━━━╇━━━━━━━━━━━━━━━━━╇━━━━━━━━━━━━━━╇━━━━━━━━━━━━━━━━╇━━━━━━━━━━━━━━━━━━━━━━━━┩
│  force_exit │     1 │         1.47 │           0.721 │         0.48 │        8:00:00 │    1     0     0   100 │
│ exit_signal │     1 │        -5.56 │          -2.770 │        -1.85 │ 1 day, 4:00:00 │    0     0     1     0 │
│       TOTAL │     2 │        -2.04 │          -2.049 │        -1.37 │       18:00:00 │    1     0     1  50.0 │
└─────────────┴───────┴──────────────┴─────────────────┴──────────────┴────────────────┴────────────────────────┘
                                                       MIXED TAG STATS                                                        
┏━━━━━━━━━━━┳━━━━━━━━━━━━━┳━━━━━━━━┳━━━━━━━━━━━━━━┳━━━━━━━━━━━━━━━━━┳━━━━━━━━━━━━━━┳━━━━━━━━━━━━━━━━┳━━━━━━━━━━━━━━━━━━━━━━━━┓
┃ Enter Tag ┃ Exit Reason ┃ Trades ┃ Avg Profit % ┃ Tot Profit USDT ┃ Tot Profit % ┃   Avg Duration ┃  Win  Draw  Loss  Win% ┃
┡━━━━━━━━━━━╇━━━━━━━━━━━━━╇━━━━━━━━╇━━━━━━━━━━━━━━╇━━━━━━━━━━━━━━━━━╇━━━━━━━━━━━━━━╇━━━━━━━━━━━━━━━━╇━━━━━━━━━━━━━━━━━━━━━━━━┩
│           │  force_exit │      1 │         1.47 │           0.721 │         0.48 │        8:00:00 │    1     0     0   100 │
│           │ exit_signal │      1 │        -5.56 │          -2.770 │        -1.85 │ 1 day, 4:00:00 │    0     0     1     0 │
│     TOTAL │             │      2 │        -2.04 │          -2.049 │        -1.37 │       18:00:00 │    1     0     1  50.0 │
└───────────┴─────────────┴────────┴──────────────┴─────────────────┴──────────────┴────────────────┴────────────────────────┘
                         SUMMARY METRICS                          
┏━━━━━━━━━━━━━━━━━━━━━━━━━━━━━━━┳━━━━━━━━━━━━━━━━━━━━━━━━━━━━━━━━┓
┃ Metric                        ┃ Value                          ┃
┡━━━━━━━━━━━━━━━━━━━━━━━━━━━━━━━╇━━━━━━━━━━━━━━━━━━━━━━━━━━━━━━━━┩
│ Backtesting from              │ 2025-04-22 00:00:00            │
│ Backtesting to                │ 2026-04-17 00:00:00            │
│ Trading Mode                  │ Spot                           │
│ Max open trades               │ 3                              │
│                               │                                │
│ Total/Daily Avg Trades        │ 2 / 0.01                       │
│ Starting balance              │ 150 USDT                       │
│ Final balance                 │ 147.951 USDT                   │
│ Absolute profit               │ -2.049 USDT                    │
│ Total profit %                │ -1.37%                         │
│ CAGR %                        │ -1.38%                         │
│ Sortino                       │ -100.00                        │
│ Sharpe                        │ -0.06                          │
│ Calmar                        │ -3.93                          │
│ SQN                           │ -0.59                          │
│ Profit factor                 │ 0.26                           │
│ Expectancy (Ratio)            │ -1.02 (-0.37)                  │
│ Avg. daily profit             │ -0.006 USDT                    │
│ Avg. stake amount             │ 49.406 USDT                    │
│ Total trade volume            │ 195.965 USDT                   │
│                               │                                │
│ Best Pair                     │ XRP/USDT 0.48%                 │
│ Worst Pair                    │ ETH/USDT -1.85%                │
│ Best trade                    │ XRP/USDT 1.47%                 │
│ Worst trade                   │ ETH/USDT -5.56%                │
│ Best day                      │ 0.721 USDT                     │
│ Worst day                     │ -2.77 USDT                     │
│ Days win/draw/lose            │ 1 / 3 / 1                      │
│ Min/Max/Avg. Duration Winners │ 0d 08:00 / 0d 08:00 / 0d 08:00 │
│ Min/Max/Avg. Duration Losers  │ 1d 04:00 / 1d 04:00 / 1d 04:00 │
│ Max Consecutive Wins / Loss   │ 1 / 1                          │
│ Rejected Entry signals        │ 0                              │
│ Entry/Exit Timeouts           │ 0 / 0                          │
│                               │                                │
│ Min balance                   │ 147.23 USDT                    │
│ Max balance                   │ 147.951 USDT                   │
│ Max % of account underwater   │ 1.85%                          │
│ Absolute drawdown             │ 2.77 USDT (1.85%)              │
│ Drawdown duration             │ 0 days 00:00:00                │
│ Profit at drawdown start      │ 0 USDT                         │
│ Profit at drawdown end        │ -2.77 USDT                     │
│ Drawdown start                │ 2026-04-13 00:00:00            │
│ Drawdown end                  │ 2026-04-13 00:00:00            │
│ Market change                 │ -9.22%                         │
└───────────────────────────────┴────────────────────────────────┘

Backtested 2025-04-22 00:00:00 -> 2026-04-17 00:00:00 | Max open trades : 3
                                                        STRATEGY SUMMARY                                                        
┏━━━━━━━━━━┳━━━━━━━━┳━━━━━━━━━━━━━━┳━━━━━━━━━━━━━━━━━┳━━━━━━━━━━━━━━┳━━━━━━━━━━━━━━┳━━━━━━━━━━━━━━━━━━━━━━━━┳━━━━━━━━━━━━━━━━━━┓
┃ Strategy ┃ Trades ┃ Avg Profit % ┃ Tot Profit USDT ┃ Tot Profit % ┃ Avg Duration ┃  Win  Draw  Loss  Win% ┃         Drawdown ┃
┡━━━━━━━━━━╇━━━━━━━━╇━━━━━━━━━━━━━━╇━━━━━━━━━━━━━━━━━╇━━━━━━━━━━━━━━╇━━━━━━━━━━━━━━╇━━━━━━━━━━━━━━━━━━━━━━━━╇━━━━━━━━━━━━━━━━━━┩
│      yes │      2 │        -2.04 │          -2.049 │        -1.37 │     18:00:00 │    1     0     1  50.0 │ 2.77 USDT  1.85% │
└──────────┴────────┴──────────────┴─────────────────┴──────────────┴──────────────┴────────────────────────┴──────────────────┘